date
Note that the current default version of R is 3.6.1.
Loading required package: network
network: Classes for Relational Data
Version 1.15 created on 2019-04-01.
copyright (c) 2005, Carter T. Butts, University of California-Irvine
                    Mark S. Handcock, University of California -- Los Angeles
                    David R. Hunter, Penn State University
                    Martina Morris, University of Washington
                    Skye Bender-deMoll, University of Washington
 For citation information, type citation("network").
 Type help("network-package") to get started.


networkDynamic: version 0.10.0, created on 2019-04-04
Copyright (c) 2019, Carter T. Butts, University of California -- Irvine
                    Ayn Leslie-Cook, University of Washington
                    Pavel N. Krivitsky, University of Wollongong
                    Skye Bender-deMoll, University of Washington
                    with contributions from
                    Zack Almquist, University of California -- Irvine
                    David R. Hunter, Penn State University
                    Li Wang
                    Kirk Li, University of Washington
                    Steven M. Goodreau, University of Washington
                    Jeffrey Horner
                    Martina Morris, University of Washington
Based on "statnet" project software (statnet.org).
For license and citation information see statnet.org/attribution
or type citation("networkDynamic").

Loading required package: statnet.common

Attaching package: 'statnet.common'

The following object is masked from 'package:base':

    order

sna: Tools for Social Network Analysis
Version 2.4 created on 2016-07-23.
copyright (c) 2005, Carter T. Butts, University of California-Irvine
 For citation information, type citation("sna").
 Type help(package="sna") to get started.


ergm: version 3.10.4, created on 2019-06-10
Copyright (c) 2019, Mark S. Handcock, University of California -- Los Angeles
                    David R. Hunter, Penn State University
                    Carter T. Butts, University of California -- Irvine
                    Steven M. Goodreau, University of Washington
                    Pavel N. Krivitsky, University of Wollongong
                    Martina Morris, University of Washington
                    with contributions from
                    Li Wang
                    Kirk Li, University of Washington
                    Skye Bender-deMoll, University of Washington
                    Chad Klumb
Based on "statnet" project software (statnet.org).
For license and citation information see statnet.org/attribution
or type citation("ergm").

NOTE: Versions before 3.6.1 had a bug in the implementation of the bd()
constriant which distorted the sampled distribution somewhat. In
addition, Sampson's Monks datasets had mislabeled vertices. See the
NEWS and the documentation for more details.

NOTE: Some common term arguments pertaining to vertex attribute and
level selection have changed in 3.10.0. See terms help for more
details. Use 'options(ergm.term=list(version="3.9.4"))' to use old
behavior.


tergm: version 3.6.1, created on 2019-06-12
Copyright (c) 2019, Pavel N. Krivitsky, University of Wollongong
                    Mark S. Handcock, University of California -- Los Angeles
                    with contributions from
                    David R. Hunter, Penn State University
                    Steven M. Goodreau, University of Washington
                    Martina Morris, University of Washington
                    Nicole Bohme Carnegie, New York University
                    Carter T. Butts, University of California -- Irvine
                    Ayn Leslie-Cook, University of Washington
                    Skye Bender-deMoll
                    Li Wang
                    Kirk Li, University of Washington
Based on "statnet" project software (statnet.org).
For license and citation information see statnet.org/attribution
or type citation("tergm").

Starting maximum pseudolikelihood estimation (MPLE):
Evaluating the predictor and response matrix.
Maximizing the pseudolikelihood.
Finished MPLE.
Starting Monte Carlo maximum likelihood estimation (MCMLE):
Iteration 1 of at most 500:
Optimizing with step length 0.470301259989742.
The log-likelihood improved by 3.391.
Iteration 2 of at most 500:
Optimizing with step length 0.559927284442022.
The log-likelihood improved by 2.679.
Iteration 3 of at most 500:
Optimizing with step length 1.
The log-likelihood improved by 0.4082.
Step length converged once. Increasing MCMC sample size.
Iteration 4 of at most 500:
Optimizing with step length 1.
The log-likelihood improved by 0.1345.
Step length converged twice. Stopping.
Finished MCMLE.
This model was fit using MCMC.  To examine model diagnostics and check
for degeneracy, use the mcmc.diagnostics() function.
 degree0  degree1  degree2  degree3  degree4  degree5  degree6  degree7 
       3       29     1287     1087      830      337      377      326 
 degree8  degree9 degree10 degree11 degree12 degree13 degree14 degree16 
     267      202      111       75       41       18        8        2 
1 
disease_progression 
H-positive risk:  812 886 121 917 431 120 932 425 133 47 117 59 
H-negative risk:  886 812 932 917 425 431 120 121 117 133 59 47 
New BC onsets:  0
BC status:  4999 1 
BC subtype:  4999 1 

clinical_engagement 
diagnosis 
demography 
55 new agents 
1 dtreferralsatt1 smreferralsatt2 
disease_progression 
H-positive risk:  821 885 123 917 423 120 927 428 133 47 117 59 
H-negative risk:  885 821 927 917 428 423 120 123 117 133 59 47 
New BC onsets:  0
BC status:  4993 7 
BC subtype:  4993 2 5 

clinical_engagement 
diagnosis 
demography 
68 new agents 
0 dtreferralsatt0 smreferralsatt3 
disease_progression 
H-positive risk:  829 892 122 919 417 118 927 414 135 49 119 59 
H-negative risk:  892 829 927 919 414 417 118 122 119 135 59 49 
New BC onsets:  0
BC status:  4990 10 
BC subtype:  4990 4 6 

clinical_engagement 
diagnosis 
demography 
62 new agents 
1 dtreferralsatt1 smreferralsatt4 
disease_progression 
H-positive risk:  826 900 124 916 410 118 935 411 134 48 119 59 
H-negative risk:  900 826 935 916 411 410 118 124 119 134 59 48 
New BC onsets:  0
BC status:  4989 11 
BC subtype:  4989 5 6 

clinical_engagement 
diagnosis 
demography 
51 new agents 
2 dtreferralsatt2 smreferralsatt5 
disease_progression 
H-positive risk:  840 900 125 916 402 118 936 407 132 47 119 58 
H-negative risk:  900 840 936 916 407 402 118 125 119 132 58 47 
New BC onsets:  0
BC status:  4984 16 
BC subtype:  4984 9 7 

clinical_engagement 
diagnosis 
demography 
57 new agents 
2 dtreferralsatt2 smreferralsatt6 
disease_progression 
H-positive risk:  851 901 126 912 399 118 940 401 129 46 120 57 
H-negative risk:  901 851 940 912 401 399 118 126 120 129 57 46 
New BC onsets:  0
BC status:  4984 16 
BC subtype:  4984 9 7 

clinical_engagement 
diagnosis 
demography 
69 new agents 
5 dtreferralsatt5 smreferralsatt7 
disease_progression 
H-positive risk:  864 911 126 909 396 119 935 391 128 45 120 56 
H-negative risk:  911 864 935 909 391 396 119 126 120 128 56 45 
New BC onsets:  0
BC status:  4981 19 
BC subtype:  4981 12 7 

clinical_engagement 
diagnosis 
demography 
51 new agents 
6 dtreferralsatt6 smreferralsatt8 
disease_progression 
H-positive risk:  869 915 124 903 391 120 937 387 129 46 123 56 
H-negative risk:  915 869 937 903 387 391 120 124 123 129 56 46 
New BC onsets:  0
BC status:  4978 22 
BC subtype:  4978 14 8 

clinical_engagement 
diagnosis 
demography 
66 new agents 
7 dtreferralsatt7 smreferralsatt9 
disease_progression 
H-positive risk:  876 919 121 897 388 122 935 393 130 43 119 57 
H-negative risk:  919 876 935 897 393 388 122 121 119 130 57 43 
New BC onsets:  0
BC status:  4977 23 
BC subtype:  4977 15 8 

clinical_engagement 
diagnosis 
demography 
44 new agents 
9 dtreferralsatt9 smreferralsatt10 
disease_progression 
H-positive risk:  882 923 121 898 381 123 936 389 127 43 120 57 
H-negative risk:  923 882 936 898 389 381 123 121 120 127 57 43 
New BC onsets:  0
BC status:  4972 28 
BC subtype:  4972 20 8 

clinical_engagement 
diagnosis 
demography 
60 new agents 
7 dtreferralsatt7 smreferralsatt11 
disease_progression 
H-positive risk:  890 928 119 904 379 125 925 386 127 43 117 57 
H-negative risk:  928 890 925 904 386 379 125 119 117 127 57 43 
New BC onsets:  0
BC status:  4972 28 
BC subtype:  4972 20 8 

clinical_engagement 
diagnosis 
demography 
70 new agents 
7 dtreferralsatt7 smreferralsatt12 
disease_progression 
H-positive risk:  900 937 123 891 375 126 923 381 127 45 116 56 
H-negative risk:  937 900 923 891 381 375 126 123 116 127 56 45 
New BC onsets:  0
BC status:  4969 31 
BC subtype:  4969 23 8 

clinical_engagement 
diagnosis 
demography 
60 new agents 
3 dtreferralsatt3 smreferralsatt13 
disease_progression 
H-positive risk:  831 853 110 975 376 115 991 380 140 43 130 56 
H-negative risk:  853 831 991 975 380 376 115 110 130 140 56 43 
New BC onsets:  0
BC status:  4968 32 
BC subtype:  4968 24 8 

clinical_engagement 
diagnosis 
demography 
185 new agents 
6 dtreferralsatt6 smreferralsatt14 
disease_progression 
H-positive risk:  856 867 111 930 406 118 936 409 132 52 120 63 
H-negative risk:  867 856 936 930 409 406 118 111 120 132 63 52 
New BC onsets:  0
BC status:  4963 37 
BC subtype:  4963 29 8 

clinical_engagement 
diagnosis 
demography 
65 new agents 
8 dtreferralsatt8 smreferralsatt15 
disease_progression 
H-positive risk:  858 866 111 932 399 119 934 413 133 52 120 63 
H-negative risk:  866 858 934 932 413 399 119 111 120 133 63 52 
New BC onsets:  0
BC status:  4962 38 
BC subtype:  4962 30 8 

clinical_engagement 
diagnosis 
demography 
64 new agents 
8 dtreferralsatt8 smreferralsatt16 
disease_progression 
H-positive risk:  861 874 112 932 398 120 933 408 129 52 119 62 
H-negative risk:  874 861 933 932 408 398 120 112 119 129 62 52 
New BC onsets:  0
BC status:  4963 37 
BC subtype:  4963 29 8 

clinical_engagement 
diagnosis 
demography 
64 new agents 
15 dtreferralsatt15 smreferralsatt17 
disease_progression 
H-positive risk:  865 876 111 930 391 123 929 411 129 54 118 63 
H-negative risk:  876 865 929 930 411 391 123 111 118 129 63 54 
New BC onsets:  0
BC status:  4962 38 
BC subtype:  4962 30 8 

clinical_engagement 
diagnosis 
demography 
68 new agents 
10 dtreferralsatt10 smreferralsatt18 
disease_progression 
H-positive risk:  875 879 111 935 383 123 929 405 129 52 115 64 
H-negative risk:  879 875 929 935 405 383 123 111 115 129 64 52 
New BC onsets:  0
BC status:  4957 43 
BC subtype:  4957 34 9 

clinical_engagement 
diagnosis 
demography 
67 new agents 
10 dtreferralsatt10 smreferralsatt19 
disease_progression 
H-positive risk:  888 880 108 933 383 122 929 403 131 51 112 60 
H-negative risk:  880 888 929 933 403 383 122 108 112 131 60 51 
New BC onsets:  0
BC status:  4954 46 
BC subtype:  4954 37 9 

clinical_engagement 
diagnosis 
demography 
71 new agents 
3 dtreferralsatt3 smreferralsatt20 
disease_progression 
H-positive risk:  887 887 111 917 385 122 932 398 133 52 113 63 
H-negative risk:  887 887 932 917 398 385 122 111 113 133 63 52 
New BC onsets:  0
BC status:  4953 47 
BC subtype:  4953 39 8 

clinical_engagement 
diagnosis 
demography 
71 new agents 
13 dtreferralsatt13 smreferralsatt21 
disease_progression 
H-positive risk:  893 897 111 907 384 123 926 399 134 51 114 61 
H-negative risk:  897 893 926 907 399 384 123 111 114 134 61 51 
New BC onsets:  0
BC status:  4953 47 
BC subtype:  4953 38 9 

clinical_engagement 
diagnosis 
demography 
69 new agents 
13 dtreferralsatt13 smreferralsatt22 
disease_progression 
H-positive risk:  899 905 113 898 381 123 927 399 134 49 114 58 
H-negative risk:  905 899 927 898 399 381 123 113 114 134 58 49 
New BC onsets:  0
BC status:  4951 49 
BC subtype:  4951 39 10 

clinical_engagement 
diagnosis 
demography 
53 new agents 
10 dtreferralsatt10 smreferralsatt23 
disease_progression 
H-positive risk:  906 915 113 891 380 122 924 398 133 48 113 57 
H-negative risk:  915 906 924 891 398 380 122 113 113 133 57 48 
New BC onsets:  0
BC status:  4950 50 
BC subtype:  4950 40 10 

clinical_engagement 
diagnosis 
demography 
60 new agents 
10 dtreferralsatt10 smreferralsatt24 
disease_progression 
H-positive risk:  905 921 114 887 380 122 926 393 131 50 116 55 
H-negative risk:  921 905 926 887 393 380 122 114 116 131 55 50 
New BC onsets:  0
BC status:  4948 52 
BC subtype:  4948 42 10 

clinical_engagement 
diagnosis 
demography 
49 new agents 
15 dtreferralsatt15 smreferralsatt25 
disease_progression 
H-positive risk:  830 832 107 976 384 110 997 390 144 50 124 56 
H-negative risk:  832 830 997 976 390 384 110 107 124 144 56 50 
New BC onsets:  0
BC status:  4947 53 
BC subtype:  4947 42 11 

clinical_engagement 
diagnosis 
demography 
179 new agents 
10 dtreferralsatt10 smreferralsatt26 
disease_progression 
H-positive risk:  855 852 110 922 401 110 964 412 136 57 123 58 
H-negative risk:  852 855 964 922 412 401 110 110 123 136 58 57 
New BC onsets:  0
BC status:  4944 56 
BC subtype:  4944 45 11 

clinical_engagement 
diagnosis 
demography 
64 new agents 
12 dtreferralsatt12 smreferralsatt27 
disease_progression 
H-positive risk:  861 851 110 927 401 110 963 408 134 56 121 58 
H-negative risk:  851 861 963 927 408 401 110 110 121 134 58 56 
New BC onsets:  0
BC status:  4939 61 
BC subtype:  4939 49 12 

clinical_engagement 
diagnosis 
demography 
61 new agents 
8 dtreferralsatt8 smreferralsatt28 
disease_progression 
H-positive risk:  865 855 110 927 399 107 961 405 135 55 123 58 
H-negative risk:  855 865 961 927 405 399 107 110 123 135 58 55 
New BC onsets:  0
BC status:  4935 65 
BC subtype:  4935 51 14 

clinical_engagement 
diagnosis 
demography 
74 new agents 
7 dtreferralsatt7 smreferralsatt29 
disease_progression 
H-positive risk:  875 857 113 926 395 108 952 408 134 51 123 58 
H-negative risk:  857 875 952 926 408 395 108 113 123 134 58 51 
New BC onsets:  0
BC status:  4934 66 
BC subtype:  4934 52 14 

clinical_engagement 
diagnosis 
demography 
59 new agents 
9 dtreferralsatt9 smreferralsatt30 
disease_progression 
H-positive risk:  879 860 114 922 391 108 952 412 133 51 119 59 
H-negative risk:  860 879 952 922 412 391 108 114 119 133 59 51 
New BC onsets:  0
BC status:  4932 68 
BC subtype:  4932 54 14 

clinical_engagement 
diagnosis 
demography 
57 new agents 
11 dtreferralsatt11 smreferralsatt31 
disease_progression 
H-positive risk:  880 861 114 919 387 110 955 410 133 51 121 59 
H-negative risk:  861 880 955 919 410 387 110 114 121 133 59 51 
New BC onsets:  0
BC status:  4930 70 
BC subtype:  4930 56 14 

clinical_engagement 
diagnosis 
demography 
59 new agents 
10 dtreferralsatt10 smreferralsatt32 
disease_progression 
H-positive risk:  888 865 115 914 386 108 952 408 133 52 120 59 
H-negative risk:  865 888 952 914 408 386 108 115 120 133 59 52 
New BC onsets:  0
BC status:  4924 76 
BC subtype:  4924 62 14 

clinical_engagement 
diagnosis 
demography 
64 new agents 
8 dtreferralsatt8 smreferralsatt33 
disease_progression 
H-positive risk:  890 869 116 917 383 108 950 405 135 51 117 59 
H-negative risk:  869 890 950 917 405 383 108 116 117 135 59 51 
New BC onsets:  0
BC status:  4922 78 
BC subtype:  4922 64 14 

clinical_engagement 
diagnosis 
demography 
67 new agents 
8 dtreferralsatt8 smreferralsatt34 
disease_progression 
H-positive risk:  887 872 112 924 379 108 955 396 138 53 118 58 
H-negative risk:  872 887 955 924 396 379 108 112 118 138 58 53 
New BC onsets:  0
BC status:  4922 78 
BC subtype:  4922 65 13 

clinical_engagement 
diagnosis 
demography 
62 new agents 
11 dtreferralsatt11 smreferralsatt35 
disease_progression 
H-positive risk:  892 876 112 928 381 107 951 390 138 52 116 57 
H-negative risk:  876 892 951 928 390 381 107 112 116 138 57 52 
New BC onsets:  0
BC status:  4920 80 
BC subtype:  4920 67 13 

clinical_engagement 
diagnosis 
demography 
56 new agents 
15 dtreferralsatt15 smreferralsatt36 
disease_progression 
H-positive risk:  893 876 113 933 382 109 944 387 136 53 117 57 
H-negative risk:  876 893 944 933 387 382 109 113 117 136 57 53 
New BC onsets:  0
BC status:  4918 82 
BC subtype:  4918 67 15 

clinical_engagement 
diagnosis 
demography 
63 new agents 
10 dtreferralsatt10 smreferralsatt37 
disease_progression 
H-positive risk:  847 804 104 1005 379 100 998 386 142 52 128 55 
H-negative risk:  804 847 998 1005 386 379 100 104 128 142 55 52 
New BC onsets:  0
BC status:  4917 83 
BC subtype:  4917 68 15 

clinical_engagement 
diagnosis 
demography 
172 new agents 
10 dtreferralsatt10 smreferralsatt38 
disease_progression 
H-positive risk:  863 827 105 978 392 103 957 403 137 54 119 62 
H-negative risk:  827 863 957 978 403 392 103 105 119 137 62 54 
New BC onsets:  0
BC status:  4914 86 
BC subtype:  4914 71 15 

clinical_engagement 
diagnosis 
demography 
79 new agents 
14 dtreferralsatt14 smreferralsatt39 
disease_progression 
H-positive risk:  871 831 108 981 394 104 943 401 136 50 118 63 
H-negative risk:  831 871 943 981 401 394 104 108 118 136 63 50 
New BC onsets:  0
BC status:  4914 86 
BC subtype:  4914 71 15 

clinical_engagement 
diagnosis 
demography 
60 new agents 
7 dtreferralsatt7 smreferralsatt40 
disease_progression 
H-positive risk:  866 836 109 988 390 104 937 399 138 50 119 64 
H-negative risk:  836 866 937 988 399 390 104 109 119 138 64 50 
New BC onsets:  0
BC status:  4910 90 
BC subtype:  4910 73 17 

clinical_engagement 
diagnosis 
demography 
75 new agents 
14 dtreferralsatt14 smreferralsatt41 
disease_progression 
H-positive risk:  863 846 109 985 390 104 942 391 138 51 121 60 
H-negative risk:  846 863 942 985 391 390 104 109 121 138 60 51 
New BC onsets:  0
BC status:  4907 93 
BC subtype:  4907 75 18 

clinical_engagement 
diagnosis 
demography 
76 new agents 
10 dtreferralsatt10 smreferralsatt42 
disease_progression 
H-positive risk:  864 846 110 975 387 106 949 391 140 50 125 57 
H-negative risk:  846 864 949 975 391 387 106 110 125 140 57 50 
New BC onsets:  0
BC status:  4907 93 
BC subtype:  4907 75 18 

clinical_engagement 
diagnosis 
demography 
64 new agents 
8 dtreferralsatt8 smreferralsatt43 
disease_progression 
H-positive risk:  858 841 113 976 393 103 949 390 138 51 131 57 
H-negative risk:  841 858 949 976 390 393 103 113 131 138 57 51 
New BC onsets:  0
BC status:  4902 98 
BC subtype:  4902 79 19 

clinical_engagement 
diagnosis 
demography 
74 new agents 
13 dtreferralsatt13 smreferralsatt44 
disease_progression 
H-positive risk:  863 851 115 977 386 105 944 384 136 51 130 58 
H-negative risk:  851 863 944 977 384 386 105 115 130 136 58 51 
New BC onsets:  0
BC status:  4904 96 
BC subtype:  4904 79 17 

clinical_engagement 
diagnosis 
demography 
65 new agents 
9 dtreferralsatt9 smreferralsatt45 
disease_progression 
H-positive risk:  871 848 116 981 386 104 939 381 135 50 127 62 
H-negative risk:  848 871 939 981 381 386 104 116 127 135 62 50 
New BC onsets:  0
BC status:  4900 100 
BC subtype:  4900 82 18 

clinical_engagement 
diagnosis 
demography 
64 new agents 
13 dtreferralsatt13 smreferralsatt46 
disease_progression 
H-positive risk:  873 850 118 981 378 104 935 382 138 53 127 61 
H-negative risk:  850 873 935 981 382 378 104 118 127 138 61 53 
New BC onsets:  0
BC status:  4899 101 
BC subtype:  4899 82 19 

clinical_engagement 
diagnosis 
demography 
71 new agents 
8 dtreferralsatt8 smreferralsatt47 
disease_progression 
H-positive risk:  881 854 117 978 374 105 929 384 137 51 130 60 
H-negative risk:  854 881 929 978 384 374 105 117 130 137 60 51 
New BC onsets:  0
BC status:  4901 99 
BC subtype:  4901 81 18 

clinical_engagement 
diagnosis 
demography 
81 new agents 
10 dtreferralsatt10 smreferralsatt48 
disease_progression 
H-positive risk:  889 851 120 987 370 107 925 371 137 51 131 61 
H-negative risk:  851 889 925 987 371 370 107 120 131 137 61 51 
New BC onsets:  0
BC status:  4900 100 
BC subtype:  4900 80 20 

clinical_engagement 
diagnosis 
demography 
66 new agents 
13 dtreferralsatt13 smreferralsatt49 
disease_progression 
H-positive risk:  823 788 116 1052 370 96 983 374 148 50 137 63 
H-negative risk:  788 823 983 1052 374 370 96 116 137 148 63 50 
New BC onsets:  0
BC status:  4901 99 
BC subtype:  4901 79 20 

clinical_engagement 
diagnosis 
demography 
125 new agents 
12 dtreferralsatt12 smreferralsatt50 
disease_progression 
H-positive risk:  838 797 114 1029 377 99 949 397 145 53 136 66 
H-negative risk:  797 838 949 1029 397 377 99 114 136 145 66 53 
New BC onsets:  0
BC status:  4901 99 
BC subtype:  4901 78 21 

clinical_engagement 
diagnosis 
demography 
79 new agents 
12 dtreferralsatt12 smreferralsatt51 
disease_progression 
H-positive risk:  838 810 114 1022 373 102 936 401 146 53 135 70 
H-negative risk:  810 838 936 1022 401 373 102 114 135 146 70 53 
New BC onsets:  0
BC status:  4902 98 
BC subtype:  4902 77 21 

clinical_engagement 
diagnosis 
demography 
79 new agents 
13 dtreferralsatt13 smreferralsatt52 
disease_progression 
H-positive risk:  844 815 111 1026 368 102 932 400 146 53 135 68 
H-negative risk:  815 844 932 1026 400 368 102 111 135 146 68 53 
New BC onsets:  0
BC status:  4905 95 
BC subtype:  4905 75 20 

clinical_engagement 
diagnosis 
demography 
69 new agents 
14 dtreferralsatt14 smreferralsatt53 
disease_progression 
H-positive risk:  843 816 109 1034 364 104 934 394 146 53 134 69 
H-negative risk:  816 843 934 1034 394 364 104 109 134 146 69 53 
New BC onsets:  0
BC status:  4907 93 
BC subtype:  4907 73 20 

clinical_engagement 
diagnosis 
demography 
65 new agents 
14 dtreferralsatt14 smreferralsatt54 
disease_progression 
H-positive risk:  845 816 110 1035 362 105 934 392 145 55 135 66 
H-negative risk:  816 845 934 1035 392 362 105 110 135 145 66 55 
New BC onsets:  0
BC status:  4906 94 
BC subtype:  4906 74 20 

clinical_engagement 
diagnosis 
demography 
69 new agents 
10 dtreferralsatt10 smreferralsatt55 
disease_progression 
H-positive risk:  841 820 110 1032 362 104 942 392 147 55 133 62 
H-negative risk:  820 841 942 1032 392 362 104 110 133 147 62 55 
New BC onsets:  0
BC status:  4907 93 
BC subtype:  4907 72 21 

clinical_engagement 
diagnosis 
demography 
75 new agents 
12 dtreferralsatt12 smreferralsatt56 
disease_progression 
H-positive risk:  845 820 110 1029 355 105 943 390 150 57 134 62 
H-negative risk:  820 845 943 1029 390 355 105 110 134 150 62 57 
New BC onsets:  0
BC status:  4904 96 
BC subtype:  4904 74 22 

clinical_engagement 
diagnosis 
demography 
70 new agents 
12 dtreferralsatt12 smreferralsatt57 
disease_progression 
H-positive risk:  839 819 116 1030 352 103 947 391 150 57 133 63 
H-negative risk:  819 839 947 1030 391 352 103 116 133 150 63 57 
New BC onsets:  0
BC status:  4903 97 
BC subtype:  4903 74 23 

clinical_engagement 
diagnosis 
demography 
72 new agents 
5 dtreferralsatt5 smreferralsatt58 
disease_progression 
H-positive risk:  844 813 122 1030 344 103 952 388 148 59 134 63 
H-negative risk:  813 844 952 1030 388 344 103 122 134 148 63 59 
New BC onsets:  0
BC status:  4902 98 
BC subtype:  4902 75 23 

clinical_engagement 
diagnosis 
demography 
54 new agents 
13 dtreferralsatt13 smreferralsatt59 
disease_progression 
H-positive risk:  848 813 122 1034 341 105 948 390 149 57 132 61 
H-negative risk:  813 848 948 1034 390 341 105 122 132 149 61 57 
New BC onsets:  0
BC status:  4903 97 
BC subtype:  4903 73 24 

clinical_engagement 
diagnosis 
demography 
66 new agents 
9 dtreferralsatt9 smreferralsatt60 
disease_progression 
H-positive risk:  849 820 122 1031 340 105 945 386 150 57 131 64 
H-negative risk:  820 849 945 1031 386 340 105 122 131 150 64 57 
New BC onsets:  0
BC status:  4906 94 
BC subtype:  4906 72 22 

clinical_engagement 
diagnosis 
demography 
72 new agents 
11 dtreferralsatt11 smreferralsatt61 
disease_progression 
H-positive risk:  788 774 115 1088 333 97 993 392 160 59 138 63 
H-negative risk:  774 788 993 1088 392 333 97 115 138 160 63 59 
New BC onsets:  0
BC status:  4908 92 
BC subtype:  4908 71 21 

clinical_engagement 
diagnosis 
demography 
132 new agents 
11 dtreferralsatt11 smreferralsatt62 
disease_progression 
H-positive risk:  791 783 113 1074 348 97 975 403 156 63 138 59 
H-negative risk:  783 791 975 1074 403 348 97 113 138 156 59 63 
New BC onsets:  0
BC status:  4909 91 
BC subtype:  4909 73 18 

clinical_engagement 
diagnosis 
demography 
81 new agents 
10 dtreferralsatt10 smreferralsatt63 
disease_progression 
H-positive risk:  792 790 110 1068 355 99 972 403 155 61 135 60 
H-negative risk:  790 792 972 1068 403 355 99 110 135 155 60 61 
New BC onsets:  0
BC status:  4909 91 
BC subtype:  4909 72 19 

clinical_engagement 
diagnosis 
demography 
59 new agents 
12 dtreferralsatt12 smreferralsatt64 
disease_progression 
H-positive risk:  792 798 109 1065 346 102 981 400 150 62 137 58 
H-negative risk:  798 792 981 1065 400 346 102 109 137 150 58 62 
New BC onsets:  0
BC status:  4910 90 
BC subtype:  4910 71 19 

clinical_engagement 
diagnosis 
demography 
58 new agents 
12 dtreferralsatt12 smreferralsatt65 
disease_progression 
H-positive risk:  795 802 109 1058 342 101 985 400 149 60 139 60 
H-negative risk:  802 795 985 1058 400 342 101 109 139 149 60 60 
New BC onsets:  0
BC status:  4908 92 
BC subtype:  4908 73 19 

clinical_engagement 
diagnosis 
demography 
52 new agents 
14 dtreferralsatt14 smreferralsatt66 
disease_progression 
H-positive risk:  795 807 109 1056 342 98 981 403 148 62 139 60 
H-negative risk:  807 795 981 1056 403 342 98 109 139 148 60 62 
New BC onsets:  0
BC status:  4910 90 
BC subtype:  4910 73 17 

clinical_engagement 
diagnosis 
demography 
55 new agents 
12 dtreferralsatt12 smreferralsatt67 
disease_progression 
H-positive risk:  795 806 111 1057 343 99 977 407 147 60 136 62 
H-negative risk:  806 795 977 1057 407 343 99 111 136 147 62 60 
New BC onsets:  0
BC status:  4912 88 
BC subtype:  4912 71 17 

clinical_engagement 
diagnosis 
demography 
63 new agents 
19 dtreferralsatt19 smreferralsatt68 
disease_progression 
H-positive risk:  794 799 111 1072 344 99 981 400 146 58 135 61 
H-negative risk:  799 794 981 1072 400 344 99 111 135 146 61 58 
New BC onsets:  0
BC status:  4914 86 
BC subtype:  4914 69 17 

clinical_engagement 
diagnosis 
demography 
67 new agents 
10 dtreferralsatt10 smreferralsatt69 
disease_progression 
H-positive risk:  796 800 112 1075 345 98 971 405 144 58 135 61 
H-negative risk:  800 796 971 1075 405 345 98 112 135 144 61 58 
New BC onsets:  0
BC status:  4913 87 
BC subtype:  4913 70 17 

clinical_engagement 
diagnosis 
demography 
64 new agents 
9 dtreferralsatt9 smreferralsatt70 
disease_progression 
H-positive risk:  798 810 116 1068 337 97 972 406 148 54 137 57 
H-negative risk:  810 798 972 1068 406 337 97 116 137 148 57 54 
New BC onsets:  0
BC status:  4915 85 
BC subtype:  4915 69 16 

clinical_engagement 
diagnosis 
demography 
68 new agents 
5 dtreferralsatt5 smreferralsatt71 
disease_progression 
H-positive risk:  805 807 119 1074 338 97 970 399 147 53 137 54 
H-negative risk:  807 805 970 1074 399 338 97 119 137 147 54 53 
New BC onsets:  0
BC status:  4916 84 
BC subtype:  4916 67 17 

clinical_engagement 
diagnosis 
demography 
59 new agents 
6 dtreferralsatt6 smreferralsatt72 
disease_progression 
H-positive risk:  804 803 120 1074 338 99 979 394 145 54 135 55 
H-negative risk:  803 804 979 1074 394 338 99 120 135 145 55 54 
New BC onsets:  0
BC status:  4915 85 
BC subtype:  4915 69 16 

clinical_engagement 
diagnosis 
demography 
78 new agents 
14 dtreferralsatt14 smreferralsatt73 
disease_progression 
H-positive risk:  763 745 115 1137 340 98 1006 391 153 54 142 56 
H-negative risk:  745 763 1006 1137 391 340 98 115 142 153 56 54 
New BC onsets:  0
BC status:  4915 85 
BC subtype:  4915 69 16 

clinical_engagement 
diagnosis 
demography 
128 new agents 
9 dtreferralsatt9 smreferralsatt74 
disease_progression 
H-positive risk:  772 749 115 1131 349 98 980 404 156 53 139 54 
H-negative risk:  749 772 980 1131 404 349 98 115 139 156 54 53 
New BC onsets:  0
BC status:  4914 86 
BC subtype:  4914 70 16 

clinical_engagement 
diagnosis 
demography 
77 new agents 
6 dtreferralsatt6 smreferralsatt75 
disease_progression 
H-positive risk:  768 753 118 1117 357 100 972 410 158 53 139 55 
H-negative risk:  753 768 972 1117 410 357 100 118 139 158 55 53 
New BC onsets:  0
BC status:  4915 85 
BC subtype:  4915 71 14 

clinical_engagement 
diagnosis 
demography 
51 new agents 
9 dtreferralsatt9 smreferralsatt76 
disease_progression 
H-positive risk:  763 748 119 1118 358 103 972 414 157 54 140 54 
H-negative risk:  748 763 972 1118 414 358 103 119 140 157 54 54 
New BC onsets:  0
BC status:  4915 85 
BC subtype:  4915 72 13 

clinical_engagement 
diagnosis 
demography 
82 new agents 
18 dtreferralsatt18 smreferralsatt77 
disease_progression 
H-positive risk:  767 744 121 1119 358 103 979 409 155 52 139 54 
H-negative risk:  744 767 979 1119 409 358 103 121 139 155 54 52 
New BC onsets:  0
BC status:  4918 82 
BC subtype:  4918 69 13 

clinical_engagement 
diagnosis 
demography 
63 new agents 
16 dtreferralsatt16 smreferralsatt78 
disease_progression 
H-positive risk:  767 744 121 1116 362 103 972 413 156 52 139 55 
H-negative risk:  744 767 972 1116 413 362 103 121 139 156 55 52 
New BC onsets:  0
BC status:  4922 78 
BC subtype:  4922 65 13 

clinical_engagement 
diagnosis 
demography 
63 new agents 
10 dtreferralsatt10 smreferralsatt79 
disease_progression 
H-positive risk:  769 746 120 1120 359 106 969 411 156 50 137 57 
H-negative risk:  746 769 969 1120 411 359 106 120 137 156 57 50 
New BC onsets:  0
BC status:  4922 78 
BC subtype:  4922 65 13 

clinical_engagement 
diagnosis 
demography 
67 new agents 
11 dtreferralsatt11 smreferralsatt80 
disease_progression 
H-positive risk:  769 741 120 1128 358 105 965 413 156 50 138 57 
H-negative risk:  741 769 965 1128 413 358 105 120 138 156 57 50 
New BC onsets:  0
BC status:  4919 81 
BC subtype:  4919 67 14 

clinical_engagement 
diagnosis 
demography 
72 new agents 
13 dtreferralsatt13 smreferralsatt81 
disease_progression 
H-positive risk:  768 754 120 1121 352 108 965 407 154 51 142 58 
H-negative risk:  754 768 965 1121 407 352 108 120 142 154 58 51 
New BC onsets:  0
BC status:  4921 79 
BC subtype:  4921 62 17 

clinical_engagement 
diagnosis 
demography 
74 new agents 
10 dtreferralsatt10 smreferralsatt82 
disease_progression 
H-positive risk:  773 747 115 1123 352 109 969 403 154 50 146 59 
H-negative risk:  747 773 969 1123 403 352 109 115 146 154 59 50 
New BC onsets:  0
BC status:  4923 77 
BC subtype:  4923 61 16 

clinical_engagement 
diagnosis 
demography 
72 new agents 
15 dtreferralsatt15 smreferralsatt83 
disease_progression 
H-positive risk:  772 749 114 1121 347 109 974 403 153 51 146 61 
H-negative risk:  749 772 974 1121 403 347 109 114 146 153 61 51 
New BC onsets:  0
BC status:  4919 81 
BC subtype:  4919 65 16 

clinical_engagement 
diagnosis 
demography 
89 new agents 
10 dtreferralsatt10 smreferralsatt84 
disease_progression 
H-positive risk:  776 756 116 1116 353 108 970 395 154 51 144 61 
H-negative risk:  756 776 970 1116 395 353 108 116 144 154 61 51 
New BC onsets:  0
BC status:  4920 80 
BC subtype:  4920 65 15 

clinical_engagement 
diagnosis 
demography 
71 new agents 
8 dtreferralsatt8 smreferralsatt85 
disease_progression 
H-positive risk:  731 721 114 1149 357 104 1016 397 157 48 146 60 
H-negative risk:  721 731 1016 1149 397 357 104 114 146 157 60 48 
New BC onsets:  0
BC status:  4921 79 
BC subtype:  4921 64 15 

clinical_engagement 
diagnosis 
demography 
124 new agents 
10 dtreferralsatt10 smreferralsatt86 
disease_progression 
H-positive risk:  734 730 115 1105 383 105 999 412 160 50 144 63 
H-negative risk:  730 734 999 1105 412 383 105 115 144 160 63 50 
New BC onsets:  0
BC status:  4921 79 
BC subtype:  4921 63 16 

clinical_engagement 
diagnosis 
demography 
75 new agents 
11 dtreferralsatt11 smreferralsatt87 
disease_progression 
H-positive risk:  732 732 115 1098 389 104 1007 409 161 50 140 63 
H-negative risk:  732 732 1007 1098 409 389 104 115 140 161 63 50 
New BC onsets:  0
BC status:  4922 78 
BC subtype:  4922 61 17 

clinical_engagement 
diagnosis 
demography 
103 new agents 
7 dtreferralsatt7 smreferralsatt88 
disease_progression 
H-positive risk:  742 742 116 1088 389 105 996 408 159 49 141 65 
H-negative risk:  742 742 996 1088 408 389 105 116 141 159 65 49 
New BC onsets:  0
BC status:  4922 78 
BC subtype:  4922 62 16 

clinical_engagement 
diagnosis 
demography 
64 new agents 
17 dtreferralsatt17 smreferralsatt89 
disease_progression 
H-positive risk:  751 748 115 1088 391 101 991 407 157 47 142 62 
H-negative risk:  748 751 991 1088 407 391 101 115 142 157 62 47 
New BC onsets:  0
BC status:  4922 78 
BC subtype:  4922 63 15 

clinical_engagement 
diagnosis 
demography 
72 new agents 
9 dtreferralsatt9 smreferralsatt90 
disease_progression 
H-positive risk:  749 746 116 1092 387 103 993 402 159 48 144 61 
H-negative risk:  746 749 993 1092 402 387 103 116 144 159 61 48 
New BC onsets:  0
BC status:  4922 78 
BC subtype:  4922 63 15 

clinical_engagement 
diagnosis 
demography 
65 new agents 
12 dtreferralsatt12 smreferralsatt91 
disease_progression 
H-positive risk:  750 747 116 1090 391 102 987 398 162 48 147 62 
H-negative risk:  747 750 987 1090 398 391 102 116 147 162 62 48 
New BC onsets:  0
BC status:  4919 81 
BC subtype:  4919 67 14 

clinical_engagement 
diagnosis 
demography 
71 new agents 
20 dtreferralsatt20 smreferralsatt92 
disease_progression 
H-positive risk:  754 748 115 1096 384 103 993 390 161 50 146 60 
H-negative risk:  748 754 993 1096 390 384 103 115 146 161 60 50 
New BC onsets:  0
BC status:  4918 82 
BC subtype:  4918 68 14 

clinical_engagement 
diagnosis 
demography 
71 new agents 
10 dtreferralsatt10 smreferralsatt93 
disease_progression 
H-positive risk:  757 754 117 1094 381 100 996 385 160 52 145 59 
H-negative risk:  754 757 996 1094 385 381 100 117 145 160 59 52 
New BC onsets:  0
BC status:  4915 85 
BC subtype:  4915 70 15 

clinical_engagement 
diagnosis 
demography 
74 new agents 
16 dtreferralsatt16 smreferralsatt94 
disease_progression 
H-positive risk:  754 757 119 1092 376 99 995 393 160 52 144 59 
H-negative risk:  757 754 995 1092 393 376 99 119 144 160 59 52 
New BC onsets:  0
BC status:  4912 88 
BC subtype:  4912 71 17 

clinical_engagement 
diagnosis 
demography 
83 new agents 
8 dtreferralsatt8 smreferralsatt95 
disease_progression 
H-positive risk:  749 762 120 1088 378 99 1003 385 160 51 145 60 
H-negative risk:  762 749 1003 1088 385 378 99 120 145 160 60 51 
New BC onsets:  0
BC status:  4914 86 
BC subtype:  4914 70 16 

clinical_engagement 
diagnosis 
demography 
80 new agents 
12 dtreferralsatt12 smreferralsatt96 
disease_progression 
H-positive risk:  751 773 120 1080 382 96 1003 378 161 50 146 60 
H-negative risk:  773 751 1003 1080 378 382 96 120 146 161 60 50 
New BC onsets:  0
BC status:  4910 90 
BC subtype:  4910 75 15 

clinical_engagement 
diagnosis 
demography 
71 new agents 
7 dtreferralsatt7 smreferralsatt97 
disease_progression 
H-positive risk:  723 733 111 1123 374 95 1034 379 168 49 152 59 
H-negative risk:  733 723 1034 1123 379 374 95 111 152 168 59 49 
New BC onsets:  0
BC status:  4913 87 
BC subtype:  4913 74 13 

clinical_engagement 
diagnosis 
demography 
92 new agents 
12 dtreferralsatt12 smreferralsatt98 
disease_progression 
H-positive risk:  723 743 113 1106 398 92 1014 380 162 49 152 68 
H-negative risk:  743 723 1014 1106 380 398 92 113 152 162 68 49 
New BC onsets:  0
BC status:  4914 86 
BC subtype:  4914 73 13 

clinical_engagement 
diagnosis 
demography 
99 new agents 
6 dtreferralsatt6 smreferralsatt99 
disease_progression 
H-positive risk:  726 751 114 1099 401 91 1014 375 163 48 152 66 
H-negative risk:  751 726 1014 1099 375 401 91 114 152 163 66 48 
New BC onsets:  0
BC status:  4912 88 
BC subtype:  4912 75 13 

clinical_engagement 
diagnosis 
demography 
64 new agents 
9 dtreferralsatt9 smreferralsatt100 
disease_progression 
H-positive risk:  730 748 114 1106 400 96 1002 378 162 48 150 66 
H-negative risk:  748 730 1002 1106 378 400 96 114 150 162 66 48 
New BC onsets:  0
BC status:  4913 87 
BC subtype:  4913 75 12 

clinical_engagement 
diagnosis 
demography 
75 new agents 
9 dtreferralsatt9 smreferralsatt101 
disease_progression 
H-positive risk:  734 753 113 1106 394 94 1006 376 164 46 147 67 
H-negative risk:  753 734 1006 1106 376 394 94 113 147 164 67 46 
New BC onsets:  0
BC status:  4912 88 
BC subtype:  4912 77 11 

clinical_engagement 
diagnosis 
demography 
58 new agents 
13 dtreferralsatt13 smreferralsatt102 
disease_progression 
H-positive risk:  740 753 114 1106 398 95 1000 373 163 46 145 67 
H-negative risk:  753 740 1000 1106 373 398 95 114 145 163 67 46 
New BC onsets:  0
BC status:  4910 90 
BC subtype:  4910 79 11 

clinical_engagement 
diagnosis 
demography 
69 new agents 
15 dtreferralsatt15 smreferralsatt103 
disease_progression 
H-positive risk:  741 756 112 1111 393 97 990 377 167 45 144 67 
H-negative risk:  756 741 990 1111 377 393 97 112 144 167 67 45 
New BC onsets:  0
BC status:  4907 93 
BC subtype:  4907 82 11 

clinical_engagement 
diagnosis 
demography 
67 new agents 
12 dtreferralsatt12 smreferralsatt104 
disease_progression 
H-positive risk:  737 754 111 1117 394 96 988 382 169 42 142 68 
H-negative risk:  754 737 988 1117 382 394 96 111 142 169 68 42 
New BC onsets:  0
BC status:  4908 92 
BC subtype:  4908 81 11 

clinical_engagement 
diagnosis 
demography 
64 new agents 
6 dtreferralsatt6 smreferralsatt105 
disease_progression 
H-positive risk:  738 753 109 1123 397 95 985 380 171 42 140 67 
H-negative risk:  753 738 985 1123 380 397 95 109 140 171 67 42 
New BC onsets:  0
BC status:  4910 90 
BC subtype:  4910 79 11 

clinical_engagement 
diagnosis 
demography 
87 new agents 
9 dtreferralsatt9 smreferralsatt106 
disease_progression 
H-positive risk:  734 747 109 1128 389 96 992 376 175 42 146 66 
H-negative risk:  747 734 992 1128 376 389 96 109 146 175 66 42 
New BC onsets:  0
BC status:  4910 90 
BC subtype:  4910 79 11 

clinical_engagement 
diagnosis 
demography 
66 new agents 
8 dtreferralsatt8 smreferralsatt107 
disease_progression 
H-positive risk:  735 745 109 1130 386 95 995 378 176 42 146 63 
H-negative risk:  745 735 995 1130 378 386 95 109 146 176 63 42 
New BC onsets:  0
BC status:  4909 91 
BC subtype:  4909 80 11 

clinical_engagement 
diagnosis 
demography 
67 new agents 
15 dtreferralsatt15 smreferralsatt108 
disease_progression 
H-positive risk:  738 745 108 1128 381 93 995 381 180 44 145 62 
H-negative risk:  745 738 995 1128 381 381 93 108 145 180 62 44 
New BC onsets:  0
BC status:  4912 88 
BC subtype:  4912 77 11 

clinical_engagement 
diagnosis 
demography 
67 new agents 
11 dtreferralsatt11 smreferralsatt109 
disease_progression 
H-positive risk:  710 704 106 1167 370 86 1026 389 188 45 148 61 
H-negative risk:  704 710 1026 1167 389 370 86 106 148 188 61 45 
New BC onsets:  0
BC status:  4910 90 
BC subtype:  4910 79 11 

clinical_engagement 
diagnosis 
demography 
92 new agents 
6 dtreferralsatt6 smreferralsatt110 
disease_progression 
H-positive risk:  705 697 107 1162 393 87 1020 390 183 49 143 64 
H-negative risk:  697 705 1020 1162 390 393 87 107 143 183 64 49 
New BC onsets:  0
BC status:  4906 94 
BC subtype:  4906 81 13 

clinical_engagement 
diagnosis 
demography 
83 new agents 
13 dtreferralsatt13 smreferralsatt111 
disease_progression 
H-positive risk:  710 690 106 1167 387 91 1023 385 182 49 143 67 
H-negative risk:  690 710 1023 1167 385 387 91 106 143 182 67 49 
New BC onsets:  0
BC status:  4906 94 
BC subtype:  4906 81 13 

clinical_engagement 
diagnosis 
demography 
76 new agents 
13 dtreferralsatt13 smreferralsatt112 
disease_progression 
H-positive risk:  710 688 105 1174 383 93 1023 385 182 48 142 67 
H-negative risk:  688 710 1023 1174 385 383 93 105 142 182 67 48 
New BC onsets:  0
BC status:  4904 96 
BC subtype:  4904 82 14 

clinical_engagement 
diagnosis 
demography 
73 new agents 
14 dtreferralsatt14 smreferralsatt113 
disease_progression 
H-positive risk:  713 686 107 1168 383 92 1025 387 183 49 142 65 
H-negative risk:  686 713 1025 1168 387 383 92 107 142 183 65 49 
New BC onsets:  0
BC status:  4903 97 
BC subtype:  4903 83 14 

clinical_engagement 
diagnosis 
demography 
60 new agents 
8 dtreferralsatt8 smreferralsatt114 
disease_progression 
H-positive risk:  711 681 106 1175 377 92 1034 386 181 48 145 64 
H-negative risk:  681 711 1034 1175 386 377 92 106 145 181 64 48 
New BC onsets:  0
BC status:  4898 102 
BC subtype:  4898 86 16 

clinical_engagement 
diagnosis 
demography 
89 new agents 
11 dtreferralsatt11 smreferralsatt115 
disease_progression 
H-positive risk:  699 681 106 1171 369 91 1055 388 185 48 144 63 
H-negative risk:  681 699 1055 1171 388 369 91 106 144 185 63 48 
New BC onsets:  0
BC status:  4900 100 
BC subtype:  4900 84 16 

clinical_engagement 
diagnosis 
demography 
80 new agents 
8 dtreferralsatt8 smreferralsatt116 
disease_progression 
H-positive risk:  701 680 108 1167 368 90 1053 394 187 47 141 64 
H-negative risk:  680 701 1053 1167 394 368 90 108 141 187 64 47 
New BC onsets:  0
BC status:  4902 98 
BC subtype:  4902 83 15 

clinical_engagement 
diagnosis 
demography 
65 new agents 
8 dtreferralsatt8 smreferralsatt117 
disease_progression 
H-positive risk:  714 677 105 1162 360 92 1055 392 188 45 141 69 
H-negative risk:  677 714 1055 1162 392 360 92 105 141 188 69 45 
New BC onsets:  0
BC status:  4906 94 
BC subtype:  4906 81 13 

clinical_engagement 
diagnosis 
demography 
72 new agents 
11 dtreferralsatt11 smreferralsatt118 
disease_progression 
H-positive risk:  711 671 105 1164 359 91 1052 399 189 43 145 71 
H-negative risk:  671 711 1052 1164 399 359 91 105 145 189 71 43 
New BC onsets:  0
BC status:  4906 94 
BC subtype:  4906 81 13 

clinical_engagement 
diagnosis 
demography 
75 new agents 
15 dtreferralsatt15 smreferralsatt119 
disease_progression 
H-positive risk:  713 674 104 1163 351 96 1055 399 185 45 147 68 
H-negative risk:  674 713 1055 1163 399 351 96 104 147 185 68 45 
New BC onsets:  0
BC status:  4908 92 
BC subtype:  4908 78 14 

clinical_engagement 
diagnosis 
demography 
64 new agents 
5 dtreferralsatt5 smreferralsatt120 
disease_progression 
H-positive risk:  719 675 103 1171 348 96 1050 392 184 46 148 68 
H-negative risk:  675 719 1050 1171 392 348 96 103 148 184 68 46 
New BC onsets:  0
BC status:  4905 95 
BC subtype:  4905 81 14 

clinical_engagement 
diagnosis 
demography 
58 new agents 
13 dtreferralsatt13 smreferralsatt121 
disease_progression 
H-positive risk:  682 633 99 1215 349 93 1088 390 185 46 153 67 
H-negative risk:  633 682 1088 1215 390 349 93 99 153 185 67 46 
New BC onsets:  0
BC status:  4909 91 
BC subtype:  4909 79 12 

clinical_engagement 
diagnosis 
demography 
93 new agents 
14 dtreferralsatt14 smreferralsatt122 
disease_progression 
H-positive risk:  681 636 98 1197 366 93 1092 392 181 45 147 72 
H-negative risk:  636 681 1092 1197 392 366 93 98 147 181 72 45 
New BC onsets:  0
BC status:  4911 89 
BC subtype:  4911 78 11 

clinical_engagement 
diagnosis 
demography 
83 new agents 
10 dtreferralsatt10 smreferralsatt123 
disease_progression 
H-positive risk:  684 636 100 1194 367 89 1094 392 182 46 146 70 
H-negative risk:  636 684 1094 1194 392 367 89 100 146 182 70 46 
New BC onsets:  0
BC status:  4910 90 
BC subtype:  4910 80 10 

clinical_engagement 
diagnosis 
demography 
80 new agents 
5 dtreferralsatt5 smreferralsatt124 
disease_progression 
H-positive risk:  686 645 102 1194 366 91 1094 379 181 48 147 67 
H-negative risk:  645 686 1094 1194 379 366 91 102 147 181 67 48 
New BC onsets:  0
BC status:  4911 89 
BC subtype:  4911 79 10 

clinical_engagement 
diagnosis 
demography 
75 new agents 
5 dtreferralsatt5 smreferralsatt125 
disease_progression 
H-positive risk:  686 633 101 1208 360 93 1088 385 182 48 148 68 
H-negative risk:  633 686 1088 1208 385 360 93 101 148 182 68 48 
New BC onsets:  0
BC status:  4909 91 
BC subtype:  4909 80 11 

clinical_engagement 
diagnosis 
demography 
73 new agents 
10 dtreferralsatt10 smreferralsatt126 
disease_progression 
H-positive risk:  684 640 100 1205 356 92 1088 384 185 51 148 67 
H-negative risk:  640 684 1088 1205 384 356 92 100 148 185 67 51 
New BC onsets:  0
BC status:  4910 90 
BC subtype:  4910 77 13 

clinical_engagement 
diagnosis 
demography 
65 new agents 
10 dtreferralsatt10 smreferralsatt127 
disease_progression 
H-positive risk:  686 639 101 1209 357 93 1083 381 185 51 150 65 
H-negative risk:  639 686 1083 1209 381 357 93 101 150 185 65 51 
New BC onsets:  0
BC status:  4908 92 
BC subtype:  4908 78 14 

clinical_engagement 
diagnosis 
demography 
66 new agents 
8 dtreferralsatt8 smreferralsatt128 
disease_progression 
H-positive risk:  688 640 100 1212 352 95 1079 381 185 54 148 66 
H-negative risk:  640 688 1079 1212 381 352 95 100 148 185 66 54 
New BC onsets:  0
BC status:  4907 93 
BC subtype:  4907 78 15 

clinical_engagement 
diagnosis 
demography 
81 new agents 
9 dtreferralsatt9 smreferralsatt129 
disease_progression 
H-positive risk:  686 642 102 1210 354 93 1082 379 186 55 146 65 
H-negative risk:  642 686 1082 1210 379 354 93 102 146 186 65 55 
New BC onsets:  0
BC status:  4907 93 
BC subtype:  4907 78 15 

clinical_engagement 
diagnosis 
demography 
75 new agents 
12 dtreferralsatt12 smreferralsatt130 
disease_progression 
H-positive risk:  679 654 102 1206 360 94 1077 374 185 56 149 64 
H-negative risk:  654 679 1077 1206 374 360 94 102 149 185 64 56 
New BC onsets:  0
BC status:  4906 94 
BC subtype:  4906 79 15 

clinical_engagement 
diagnosis 
demography 
76 new agents 
7 dtreferralsatt7 smreferralsatt131 
disease_progression 
H-positive risk:  670 656 107 1200 363 95 1086 373 182 58 145 65 
H-negative risk:  656 670 1086 1200 373 363 95 107 145 182 65 58 
New BC onsets:  0
BC status:  4907 93 
BC subtype:  4907 78 15 

clinical_engagement 
diagnosis 
demography 
75 new agents 
14 dtreferralsatt14 smreferralsatt132 
disease_progression 
H-positive risk:  670 658 108 1198 366 95 1084 371 183 60 142 65 
H-negative risk:  658 670 1084 1198 371 366 95 108 142 183 65 60 
New BC onsets:  0
BC status:  4906 94 
BC subtype:  4906 78 16 

clinical_engagement 
diagnosis 
demography 
71 new agents 
6 dtreferralsatt6 smreferralsatt133 
disease_progression 
H-positive risk:  672 659 106 1186 364 95 1088 378 182 60 145 65 
H-negative risk:  659 672 1088 1186 378 364 95 106 145 182 65 60 
New BC onsets:  0
BC status:  4904 96 
BC subtype:  4904 79 17 

clinical_engagement 
diagnosis 
demography 
83 new agents 
10 dtreferralsatt10 smreferralsatt134 
disease_progression 
H-positive risk:  658 656 107 1161 387 97 1092 386 178 65 144 69 
H-negative risk:  656 658 1092 1161 386 387 97 107 144 178 69 65 
New BC onsets:  0
BC status:  4904 96 
BC subtype:  4904 80 16 

clinical_engagement 
diagnosis 
demography 
84 new agents 
7 dtreferralsatt7 smreferralsatt135 
disease_progression 
H-positive risk:  659 659 106 1153 383 101 1092 393 178 67 141 68 
H-negative risk:  659 659 1092 1153 393 383 101 106 141 178 68 67 
New BC onsets:  0
BC status:  4904 96 
BC subtype:  4904 80 16 

clinical_engagement 
diagnosis 
demography 
78 new agents 
16 dtreferralsatt16 smreferralsatt136 
disease_progression 
H-positive risk:  655 659 102 1151 386 99 1102 389 178 65 144 70 
H-negative risk:  659 655 1102 1151 389 386 99 102 144 178 70 65 
New BC onsets:  0
BC status:  4905 95 
BC subtype:  4905 79 16 

clinical_engagement 
diagnosis 
demography 
64 new agents 
9 dtreferralsatt9 smreferralsatt137 
disease_progression 
H-positive risk:  657 657 104 1145 392 97 1102 392 182 62 140 70 
H-negative risk:  657 657 1102 1145 392 392 97 104 140 182 70 62 
New BC onsets:  0
BC status:  4903 97 
BC subtype:  4903 81 16 

clinical_engagement 
diagnosis 
demography 
81 new agents 
9 dtreferralsatt9 smreferralsatt138 
disease_progression 
H-positive risk:  652 662 108 1145 396 97 1105 388 176 62 135 74 
H-negative risk:  662 652 1105 1145 388 396 97 108 135 176 74 62 
New BC onsets:  0
BC status:  4902 98 
BC subtype:  4902 81 17 

clinical_engagement 
diagnosis 
demography 
82 new agents 
10 dtreferralsatt10 smreferralsatt139 
disease_progression 
H-positive risk:  654 665 108 1136 388 97 1115 395 175 62 133 72 
H-negative risk:  665 654 1115 1136 395 388 97 108 133 175 72 62 
New BC onsets:  0
BC status:  4901 99 
BC subtype:  4901 82 17 

clinical_engagement 
diagnosis 
demography 
77 new agents 
13 dtreferralsatt13 smreferralsatt140 
disease_progression 
H-positive risk:  652 671 111 1128 387 98 1121 392 176 63 132 69 
H-negative risk:  671 652 1121 1128 392 387 98 111 132 176 69 63 
New BC onsets:  0
BC status:  4899 101 
BC subtype:  4899 86 15 

clinical_engagement 
diagnosis 
demography 
81 new agents 
7 dtreferralsatt7 smreferralsatt141 
disease_progression 
H-positive risk:  651 668 111 1138 386 97 1116 390 178 64 134 67 
H-negative risk:  668 651 1116 1138 390 386 97 111 134 178 67 64 
New BC onsets:  0
BC status:  4900 100 
BC subtype:  4900 84 16 

clinical_engagement 
diagnosis 
demography 
73 new agents 
9 dtreferralsatt9 smreferralsatt142 
disease_progression 
H-positive risk:  651 660 118 1148 386 100 1107 391 175 63 134 67 
H-negative risk:  660 651 1107 1148 391 386 100 118 134 175 67 63 
New BC onsets:  0
BC status:  4899 101 
BC subtype:  4899 85 16 

clinical_engagement 
diagnosis 
demography 
64 new agents 
14 dtreferralsatt14 smreferralsatt143 
disease_progression 
H-positive risk:  645 661 117 1149 389 102 1103 395 175 61 135 68 
H-negative risk:  661 645 1103 1149 395 389 102 117 135 175 68 61 
New BC onsets:  0
BC status:  4900 100 
BC subtype:  4900 84 16 

clinical_engagement 
diagnosis 
demography 
60 new agents 
7 dtreferralsatt7 smreferralsatt144 
disease_progression 
H-positive risk:  650 662 118 1148 391 100 1102 387 179 62 131 70 
H-negative risk:  662 650 1102 1148 387 391 100 118 131 179 70 62 
New BC onsets:  0
BC status:  4899 101 
BC subtype:  4899 84 17 

clinical_engagement 
diagnosis 
demography 
71 new agents 
5 dtreferralsatt5 smreferralsatt145 
disease_progression 
H-positive risk:  647 650 118 1156 390 97 1101 390 181 65 137 68 
H-negative risk:  650 647 1101 1156 390 390 97 118 137 181 68 65 
New BC onsets:  0
BC status:  4903 97 
BC subtype:  4903 80 17 

clinical_engagement 
diagnosis 
demography 
85 new agents 
18 dtreferralsatt18 smreferralsatt146 
disease_progression 
H-positive risk:  649 649 115 1149 399 94 1088 399 181 69 143 65 
H-negative risk:  649 649 1088 1149 399 399 94 115 143 181 65 69 
New BC onsets:  0
BC status:  4903 97 
BC subtype:  4903 81 16 

clinical_engagement 
diagnosis 
demography 
74 new agents 
14 dtreferralsatt14 smreferralsatt147 
disease_progression 
H-positive risk:  639 643 114 1156 405 98 1091 402 176 69 145 62 
H-negative risk:  643 639 1091 1156 402 405 98 114 145 176 62 69 
New BC onsets:  0
BC status:  4904 96 
BC subtype:  4904 80 16 

clinical_engagement 
diagnosis 
demography 
83 new agents 
11 dtreferralsatt11 smreferralsatt148 
disease_progression 
H-positive risk:  645 641 116 1165 401 97 1091 391 174 66 149 64 
H-negative risk:  641 645 1091 1165 391 401 97 116 149 174 64 66 
New BC onsets:  0
BC status:  4902 98 
BC subtype:  4902 81 17 

clinical_engagement 
diagnosis 
demography 
78 new agents 
6 dtreferralsatt6 smreferralsatt149 
disease_progression 
H-positive risk:  643 638 113 1169 400 98 1095 390 173 66 148 67 
H-negative risk:  638 643 1095 1169 390 400 98 113 148 173 67 66 
New BC onsets:  0
BC status:  4901 99 
BC subtype:  4901 82 17 

clinical_engagement 
diagnosis 
demography 
66 new agents 
7 dtreferralsatt7 smreferralsatt150 
disease_progression 
H-positive risk:  637 637 112 1170 403 100 1109 379 174 71 146 62 
H-negative risk:  637 637 1109 1170 379 403 100 112 146 174 62 71 
New BC onsets:  0
BC status:  4898 102 
BC subtype:  4898 85 17 

clinical_engagement 
diagnosis 
demography 
69 new agents 
10 dtreferralsatt10 smreferralsatt151 
disease_progression 
H-positive risk:  644 634 107 1165 409 98 1107 378 176 74 148 60 
H-negative risk:  634 644 1107 1165 378 409 98 107 148 176 60 74 
New BC onsets:  0
BC status:  4897 103 
BC subtype:  4897 85 18 

clinical_engagement 
diagnosis 
demography 
51 new agents 
11 dtreferralsatt11 smreferralsatt152 
disease_progression 
H-positive risk:  636 632 106 1171 410 93 1111 378 179 74 149 61 
H-negative risk:  632 636 1111 1171 378 410 93 106 149 179 61 74 
New BC onsets:  0
BC status:  4898 102 
BC subtype:  4898 85 17 

clinical_engagement 
diagnosis 
demography 
61 new agents 
10 dtreferralsatt10 smreferralsatt153 
disease_progression 
H-positive risk:  634 630 106 1167 418 98 1111 378 180 73 144 61 
H-negative risk:  630 634 1111 1167 378 418 98 106 144 180 61 73 
New BC onsets:  0
BC status:  4896 104 
BC subtype:  4896 87 17 

clinical_engagement 
diagnosis 
demography 
94 new agents 
15 dtreferralsatt15 smreferralsatt154 
disease_progression 
H-positive risk:  630 635 103 1164 417 97 1111 381 183 75 148 56 
H-negative risk:  635 630 1111 1164 381 417 97 103 148 183 56 75 
New BC onsets:  0
BC status:  4895 105 
BC subtype:  4895 88 17 

clinical_engagement 
diagnosis 
demography 
78 new agents 
9 dtreferralsatt9 smreferralsatt155 
disease_progression 
H-positive risk:  622 639 100 1166 412 95 1123 376 183 76 150 58 
H-negative risk:  639 622 1123 1166 376 412 95 100 150 183 58 76 
New BC onsets:  0
BC status:  4894 106 
BC subtype:  4894 87 19 

clinical_engagement 
diagnosis 
demography 
70 new agents 
15 dtreferralsatt15 smreferralsatt156 
disease_progression 
H-positive risk:  627 635 98 1157 416 97 1122 378 185 76 149 60 
H-negative risk:  635 627 1122 1157 378 416 97 98 149 185 60 76 
New BC onsets:  0
BC status:  4892 108 
BC subtype:  4892 87 21 

clinical_engagement 
diagnosis 
demography 
79 new agents 
7 dtreferralsatt7 smreferralsatt157 
disease_progression 
H-positive risk:  634 639 99 1154 411 100 1117 381 185 75 146 59 
H-negative risk:  639 634 1117 1154 381 411 100 99 146 185 59 75 
New BC onsets:  0
BC status:  4894 106 
BC subtype:  4894 83 23 

clinical_engagement 
diagnosis 
demography 
102 new agents 
11 dtreferralsatt11 smreferralsatt158 
disease_progression 
H-positive risk:  629 632 99 1145 424 100 1125 374 183 80 145 64 
H-negative risk:  632 629 1125 1145 374 424 100 99 145 183 64 80 
New BC onsets:  0
BC status:  4898 102 
BC subtype:  4898 79 23 

clinical_engagement 
diagnosis 
demography 
73 new agents 
5 dtreferralsatt5 smreferralsatt159 
disease_progression 
H-positive risk:  628 632 99 1143 430 98 1131 369 187 80 142 61 
H-negative risk:  632 628 1131 1143 369 430 98 99 142 187 61 80 
New BC onsets:  0
BC status:  4900 100 
BC subtype:  4900 77 23 

clinical_engagement 
diagnosis 
demography 
60 new agents 
14 dtreferralsatt14 smreferralsatt160 
disease_progression 
H-positive risk:  626 631 99 1144 437 94 1129 370 188 80 141 61 
H-negative risk:  631 626 1129 1144 370 437 94 99 141 188 61 80 
New BC onsets:  0
BC status:  4896 104 
BC subtype:  4896 77 27 

clinical_engagement 
diagnosis 
demography 
79 new agents 
10 dtreferralsatt10 smreferralsatt161 
disease_progression 
H-positive risk:  614 635 98 1146 440 98 1137 368 187 79 140 58 
H-negative risk:  635 614 1137 1146 368 440 98 98 140 187 58 79 
New BC onsets:  0
BC status:  4896 104 
BC subtype:  4896 77 27 

clinical_engagement 
diagnosis 
demography 
72 new agents 
15 dtreferralsatt15 smreferralsatt162 
disease_progression 
H-positive risk:  615 635 97 1143 444 100 1136 369 184 79 141 57 
H-negative risk:  635 615 1136 1143 369 444 100 97 141 184 57 79 
New BC onsets:  0
BC status:  4896 104 
BC subtype:  4896 78 26 

clinical_engagement 
diagnosis 
demography 
66 new agents 
14 dtreferralsatt14 smreferralsatt163 
disease_progression 
H-positive risk:  616 634 96 1143 444 101 1133 369 183 80 144 57 
H-negative risk:  634 616 1133 1143 369 444 101 96 144 183 57 80 
New BC onsets:  0
BC status:  4898 102 
BC subtype:  4898 76 26 

clinical_engagement 
diagnosis 
demography 
78 new agents 
10 dtreferralsatt10 smreferralsatt164 
disease_progression 
H-positive risk:  616 634 96 1146 442 100 1128 375 179 77 147 60 
H-negative risk:  634 616 1128 1146 375 442 100 96 147 179 60 77 
New BC onsets:  0
BC status:  4895 105 
BC subtype:  4895 77 28 

clinical_engagement 
diagnosis 
demography 
67 new agents 
9 dtreferralsatt9 smreferralsatt165 
disease_progression 
H-positive risk:  622 635 96 1144 443 102 1122 380 176 76 147 57 
H-negative risk:  635 622 1122 1144 380 443 102 96 147 176 57 76 
New BC onsets:  0
BC status:  4893 107 
BC subtype:  4893 79 28 

clinical_engagement 
diagnosis 
demography 
66 new agents 
7 dtreferralsatt7 smreferralsatt166 
disease_progression 
H-positive risk:  626 628 94 1145 443 105 1120 380 169 79 154 57 
H-negative risk:  628 626 1120 1145 380 443 105 94 154 169 57 79 
New BC onsets:  0
BC status:  4893 107 
BC subtype:  4893 79 28 

clinical_engagement 
diagnosis 
demography 
75 new agents 
20 dtreferralsatt20 smreferralsatt167 
disease_progression 
H-positive risk:  626 621 93 1149 446 105 1123 377 168 79 156 57 
H-negative risk:  621 626 1123 1149 377 446 105 93 156 168 57 79 
New BC onsets:  0
BC status:  4894 106 
BC subtype:  4894 78 28 

clinical_engagement 
diagnosis 
demography 
83 new agents 
11 dtreferralsatt11 smreferralsatt168 
disease_progression 
H-positive risk:  632 628 92 1149 434 103 1133 369 169 78 156 57 
H-negative risk:  628 632 1133 1149 369 434 103 92 156 169 57 78 
New BC onsets:  0
BC status:  4895 105 
BC subtype:  4895 77 28 

clinical_engagement 
diagnosis 
demography 
68 new agents 
11 dtreferralsatt11 smreferralsatt169 
disease_progression 
H-positive risk:  633 632 90 1145 432 106 1130 372 167 77 160 56 
H-negative risk:  632 633 1130 1145 372 432 106 90 160 167 56 77 
New BC onsets:  0
BC status:  4899 101 
BC subtype:  4899 74 27 

clinical_engagement 
diagnosis 
demography 
83 new agents 
10 dtreferralsatt10 smreferralsatt170 
disease_progression 
H-positive risk:  633 637 89 1137 442 106 1117 381 168 73 165 52 
H-negative risk:  637 633 1117 1137 381 442 106 89 165 168 52 73 
New BC onsets:  0
BC status:  4901 99 
BC subtype:  4901 72 27 

clinical_engagement 
diagnosis 
demography 
79 new agents 
12 dtreferralsatt12 smreferralsatt171 
disease_progression 
H-positive risk:  633 637 88 1137 436 106 1120 381 169 75 165 53 
H-negative risk:  637 633 1120 1137 381 436 106 88 165 169 53 75 
New BC onsets:  0
BC status:  4899 101 
BC subtype:  4899 74 27 

clinical_engagement 
diagnosis 
demography 
83 new agents 
9 dtreferralsatt9 smreferralsatt172 
disease_progression 
H-positive risk:  627 638 90 1140 430 104 1122 384 172 74 168 51 
H-negative risk:  638 627 1122 1140 384 430 104 90 168 172 51 74 
New BC onsets:  0
BC status:  4896 104 
BC subtype:  4896 78 26 

clinical_engagement 
diagnosis 
demography 
74 new agents 
3 dtreferralsatt3 smreferralsatt173 
disease_progression 
H-positive risk:  626 636 90 1153 428 103 1124 380 173 74 161 52 
H-negative risk:  636 626 1124 1153 380 428 103 90 161 173 52 74 
New BC onsets:  0
BC status:  4897 103 
BC subtype:  4897 78 25 

clinical_engagement 
diagnosis 
demography 
63 new agents 
12 dtreferralsatt12 smreferralsatt174 
disease_progression 
H-positive risk:  630 640 90 1150 435 102 1112 385 171 75 160 50 
H-negative risk:  640 630 1112 1150 385 435 102 90 160 171 50 75 
New BC onsets:  0
BC status:  4897 103 
BC subtype:  4897 78 25 

clinical_engagement 
diagnosis 
demography 
72 new agents 
6 dtreferralsatt6 smreferralsatt175 
disease_progression 
H-positive risk:  623 631 88 1157 434 102 1115 389 171 75 160 55 
H-negative risk:  631 623 1115 1157 389 434 102 88 160 171 55 75 
New BC onsets:  0
BC status:  4895 105 
BC subtype:  4895 78 27 

clinical_engagement 
diagnosis 
demography 
70 new agents 
9 dtreferralsatt9 smreferralsatt176 
disease_progression 
H-positive risk:  630 633 89 1156 437 101 1113 384 169 77 159 52 
H-negative risk:  633 630 1113 1156 384 437 101 89 159 169 52 77 
New BC onsets:  0
BC status:  4890 110 
BC subtype:  4890 82 28 

clinical_engagement 
diagnosis 
demography 
66 new agents 
12 dtreferralsatt12 smreferralsatt177 
disease_progression 
H-positive risk:  634 626 87 1154 444 101 1110 385 169 76 160 54 
H-negative risk:  626 634 1110 1154 385 444 101 87 160 169 54 76 
New BC onsets:  0
BC status:  4890 110 
BC subtype:  4890 83 27 

clinical_engagement 
diagnosis 
demography 
66 new agents 
7 dtreferralsatt7 smreferralsatt178 
disease_progression 
H-positive risk:  634 627 88 1149 446 99 1111 382 169 79 163 53 
H-negative risk:  627 634 1111 1149 382 446 99 88 163 169 53 79 
New BC onsets:  0
BC status:  4889 111 
BC subtype:  4889 84 27 

clinical_engagement 
diagnosis 
demography 
88 new agents 
12 dtreferralsatt12 smreferralsatt179 
disease_progression 
H-positive risk:  637 626 89 1141 436 96 1120 384 167 81 168 55 
H-negative risk:  626 637 1120 1141 384 436 96 89 168 167 55 81 
New BC onsets:  0
BC status:  4890 110 
BC subtype:  4890 84 26 

clinical_engagement 
diagnosis 
demography 
71 new agents 
6 dtreferralsatt6 smreferralsatt180 
disease_progression 
H-positive risk:  637 627 89 1143 428 99 1120 386 173 78 165 55 
H-negative risk:  627 637 1120 1143 386 428 99 89 165 173 55 78 
New BC onsets:  0
BC status:  4890 110 
BC subtype:  4890 83 27 

clinical_engagement 
diagnosis 
demography 
78 new agents 
9 dtreferralsatt9 smreferralsatt181 
disease_progression 
H-positive risk:  633 624 90 1145 427 97 1125 382 176 77 168 56 
H-negative risk:  624 633 1125 1145 382 427 97 90 168 176 56 77 
New BC onsets:  0
BC status:  4892 108 
BC subtype:  4892 82 26 

clinical_engagement 
diagnosis 
demography 
96 new agents 
11 dtreferralsatt11 smreferralsatt182 
disease_progression 
H-positive risk:  636 626 87 1127 440 97 1116 392 175 78 170 56 
H-negative risk:  626 636 1116 1127 392 440 97 87 170 175 56 78 
New BC onsets:  0
BC status:  4893 107 
BC subtype:  4893 82 25 

clinical_engagement 
diagnosis 
demography 
92 new agents 
8 dtreferralsatt8 smreferralsatt183 
disease_progression 
H-positive risk:  641 640 89 1125 435 95 1104 389 175 79 170 58 
H-negative risk:  640 641 1104 1125 389 435 95 89 170 175 58 79 
New BC onsets:  0
BC status:  4896 104 
BC subtype:  4896 81 23 

clinical_engagement 
diagnosis 
demography 
71 new agents 
15 dtreferralsatt15 smreferralsatt184 
disease_progression 
H-positive risk:  643 646 90 1117 441 94 1094 396 174 76 171 58 
H-negative risk:  646 643 1094 1117 396 441 94 90 171 174 58 76 
New BC onsets:  0
BC status:  4894 106 
BC subtype:  4894 84 22 

clinical_engagement 
diagnosis 
demography 
75 new agents 
14 dtreferralsatt14 smreferralsatt185 
disease_progression 
H-positive risk:  638 649 91 1110 446 97 1098 391 173 76 172 59 
H-negative risk:  649 638 1098 1110 391 446 97 91 172 173 59 76 
New BC onsets:  0
BC status:  4892 108 
BC subtype:  4892 87 21 

clinical_engagement 
diagnosis 
demography 
75 new agents 
8 dtreferralsatt8 smreferralsatt186 
disease_progression 
H-positive risk:  629 655 91 1113 441 96 1100 396 179 73 170 57 
H-negative risk:  655 629 1100 1113 396 441 96 91 170 179 57 73 
New BC onsets:  0
BC status:  4890 110 
BC subtype:  4890 83 27 

clinical_engagement 
diagnosis 
demography 
70 new agents 
12 dtreferralsatt12 smreferralsatt187 
disease_progression 
H-positive risk:  631 657 94 1108 435 96 1105 392 178 73 173 58 
H-negative risk:  657 631 1105 1108 392 435 96 94 173 178 58 73 
New BC onsets:  0
BC status:  4893 107 
BC subtype:  4893 80 27 

clinical_engagement 
diagnosis 
demography 
85 new agents 
17 dtreferralsatt17 smreferralsatt188 
disease_progression 
H-positive risk:  641 650 94 1102 431 97 1113 388 178 71 174 61 
H-negative risk:  650 641 1113 1102 388 431 97 94 174 178 61 71 
New BC onsets:  0
BC status:  4893 107 
BC subtype:  4893 80 27 

clinical_engagement 
diagnosis 
demography 
77 new agents 
14 dtreferralsatt14 smreferralsatt189 
disease_progression 
H-positive risk:  643 652 97 1099 432 98 1110 386 180 70 172 61 
H-negative risk:  652 643 1110 1099 386 432 98 97 172 180 61 70 
New BC onsets:  0
BC status:  4894 106 
BC subtype:  4894 79 27 

clinical_engagement 
diagnosis 
demography 
80 new agents 
8 dtreferralsatt8 smreferralsatt190 
disease_progression 
H-positive risk:  641 657 94 1106 429 102 1101 378 184 72 175 61 
H-negative risk:  657 641 1101 1106 378 429 102 94 175 184 61 72 
New BC onsets:  0
BC status:  4895 105 
BC subtype:  4895 78 27 

clinical_engagement 
diagnosis 
demography 
69 new agents 
14 dtreferralsatt14 smreferralsatt191 
disease_progression 
H-positive risk:  641 661 97 1101 425 103 1106 380 184 71 171 60 
H-negative risk:  661 641 1106 1101 380 425 103 97 171 184 60 71 
New BC onsets:  0
BC status:  4896 104 
BC subtype:  4896 77 27 

clinical_engagement 
diagnosis 
demography 
84 new agents 
9 dtreferralsatt9 smreferralsatt192 
disease_progression 
H-positive risk:  644 674 97 1088 424 99 1101 387 187 69 169 61 
H-negative risk:  674 644 1101 1088 387 424 99 97 169 187 61 69 
New BC onsets:  0
BC status:  4894 106 
BC subtype:  4894 79 27 

clinical_engagement 
diagnosis 
demography 
73 new agents 
13 dtreferralsatt13 smreferralsatt193 
disease_progression 
H-positive risk:  645 680 96 1089 420 99 1097 389 186 70 167 62 
H-negative risk:  680 645 1097 1089 389 420 99 96 167 186 62 70 
New BC onsets:  0
BC status:  4897 103 
BC subtype:  4897 79 24 

clinical_engagement 
diagnosis 
demography 
82 new agents 
13 dtreferralsatt13 smreferralsatt194 
disease_progression 
H-positive risk:  641 671 95 1088 428 98 1093 404 187 68 166 61 
H-negative risk:  671 641 1093 1088 404 428 98 95 166 187 61 68 
New BC onsets:  0
BC status:  4900 100 
BC subtype:  4900 76 24 

clinical_engagement 
diagnosis 
demography 
89 new agents 
8 dtreferralsatt8 smreferralsatt195 
disease_progression 
H-positive risk:  656 665 95 1086 434 96 1079 407 189 67 168 58 
H-negative risk:  665 656 1079 1086 407 434 96 95 168 189 58 67 
New BC onsets:  0
BC status:  4900 100 
BC subtype:  4900 77 23 

clinical_engagement 
diagnosis 
demography 
69 new agents 
10 dtreferralsatt10 smreferralsatt196 
disease_progression 
H-positive risk:  653 667 96 1084 437 95 1077 411 190 66 167 57 
H-negative risk:  667 653 1077 1084 411 437 95 96 167 190 57 66 
New BC onsets:  0
BC status:  4899 101 
BC subtype:  4899 78 23 

clinical_engagement 
diagnosis 
demography 
67 new agents 
18 dtreferralsatt18 smreferralsatt197 
disease_progression 
H-positive risk:  651 672 95 1085 429 96 1078 411 195 67 164 57 
H-negative risk:  672 651 1078 1085 411 429 96 95 164 195 57 67 
New BC onsets:  0
BC status:  4900 100 
BC subtype:  4900 77 23 

clinical_engagement 
diagnosis 
demography 
69 new agents 
11 dtreferralsatt11 smreferralsatt198 
disease_progression 
H-positive risk:  646 664 95 1091 437 97 1067 417 193 68 168 57 
H-negative risk:  664 646 1067 1091 417 437 97 95 168 193 57 68 
New BC onsets:  0
BC status:  4901 99 
BC subtype:  4901 76 23 

clinical_engagement 
diagnosis 
demography 
69 new agents 
7 dtreferralsatt7 smreferralsatt199 
disease_progression 
H-positive risk:  643 663 96 1092 439 99 1072 416 192 67 164 57 
H-negative risk:  663 643 1072 1092 416 439 99 96 164 192 57 67 
New BC onsets:  0
BC status:  4901 99 
BC subtype:  4901 76 23 

clinical_engagement 
diagnosis 
demography 
78 new agents 
8 dtreferralsatt8 smreferralsatt200 
disease_progression 
H-positive risk:  647 671 95 1095 443 101 1070 405 190 66 163 54 
H-negative risk:  671 647 1070 1095 405 443 101 95 163 190 54 66 
New BC onsets:  0
BC status:  4901 99 
BC subtype:  4901 77 22 

clinical_engagement 
diagnosis 
demography 
69 new agents 
16 dtreferralsatt16 smreferralsatt201 
disease_progression 
H-positive risk:  642 668 89 1095 449 101 1077 401 192 65 166 55 
H-negative risk:  668 642 1077 1095 401 449 101 89 166 192 55 65 
New BC onsets:  0
BC status:  4903 97 
BC subtype:  4903 76 21 

clinical_engagement 
diagnosis 
demography 
84 new agents 
8 dtreferralsatt8 smreferralsatt202 
disease_progression 
H-positive risk:  633 667 94 1108 443 101 1072 399 197 66 165 55 
H-negative risk:  667 633 1072 1108 399 443 101 94 165 197 55 66 
New BC onsets:  0
BC status:  4906 94 
BC subtype:  4906 74 20 

clinical_engagement 
diagnosis 
demography 
80 new agents 
10 dtreferralsatt10 smreferralsatt203 
disease_progression 
H-positive risk:  636 665 91 1110 442 100 1066 403 196 68 167 56 
H-negative risk:  665 636 1066 1110 403 442 100 91 167 196 56 68 
New BC onsets:  0
BC status:  4903 97 
BC subtype:  4903 75 22 

clinical_engagement 
diagnosis 
demography 
87 new agents 
8 dtreferralsatt8 smreferralsatt204 
disease_progression 
H-positive risk:  634 657 91 1116 439 97 1074 405 205 64 162 56 
H-negative risk:  657 634 1074 1116 405 439 97 91 162 205 56 64 
New BC onsets:  0
BC status:  4905 95 
BC subtype:  4905 72 23 

clinical_engagement 
diagnosis 
demography 
71 new agents 
11 dtreferralsatt11 smreferralsatt205 
disease_progression 
H-positive risk:  634 662 90 1115 436 101 1077 395 206 66 161 57 
H-negative risk:  662 634 1077 1115 395 436 101 90 161 206 57 66 
New BC onsets:  0
BC status:  4904 96 
BC subtype:  4904 73 23 

clinical_engagement 
diagnosis 
demography 
81 new agents 
6 dtreferralsatt6 smreferralsatt206 
disease_progression 
H-positive risk:  632 659 94 1122 442 103 1068 395 205 64 158 58 
H-negative risk:  659 632 1068 1122 395 442 103 94 158 205 58 64 
New BC onsets:  0
BC status:  4904 96 
BC subtype:  4904 73 23 

clinical_engagement 
diagnosis 
demography 
80 new agents 
10 dtreferralsatt10 smreferralsatt207 
disease_progression 
H-positive risk:  637 664 96 1126 434 100 1071 384 207 66 156 59 
H-negative risk:  664 637 1071 1126 384 434 100 96 156 207 59 66 
New BC onsets:  0
BC status:  4903 97 
BC subtype:  4903 74 23 

clinical_engagement 
diagnosis 
demography 
76 new agents 
10 dtreferralsatt10 smreferralsatt208 
disease_progression 
H-positive risk:  643 661 94 1125 421 99 1076 388 209 69 154 61 
H-negative risk:  661 643 1076 1125 388 421 99 94 154 209 61 69 
New BC onsets:  0
BC status:  4902 98 
BC subtype:  4902 75 23 

clinical_engagement 
diagnosis 
demography 
71 new agents 
10 dtreferralsatt10 smreferralsatt209 
disease_progression 
H-positive risk:  644 664 93 1131 422 96 1072 388 213 67 151 59 
H-negative risk:  664 644 1072 1131 388 422 96 93 151 213 59 67 
New BC onsets:  0
BC status:  4900 100 
BC subtype:  4900 77 23 

clinical_engagement 
diagnosis 
demography 
76 new agents 
2 dtreferralsatt2 smreferralsatt210 
disease_progression 
H-positive risk:  654 660 90 1128 425 94 1061 393 214 66 151 64 
H-negative risk:  660 654 1061 1128 393 425 94 90 151 214 64 66 
New BC onsets:  0
BC status:  4901 99 
BC subtype:  4901 77 22 

clinical_engagement 
diagnosis 
demography 
61 new agents 
12 dtreferralsatt12 smreferralsatt211 
disease_progression 
H-positive risk:  657 663 90 1116 428 96 1064 393 212 69 150 62 
H-negative risk:  663 657 1064 1116 393 428 96 90 150 212 62 69 
New BC onsets:  0
BC status:  4904 96 
BC subtype:  4904 74 22 

clinical_engagement 
diagnosis 
demography 
78 new agents 
12 dtreferralsatt12 smreferralsatt212 
disease_progression 
H-positive risk:  661 665 91 1125 423 95 1062 394 205 68 147 64 
H-negative risk:  665 661 1062 1125 394 423 95 91 147 205 64 68 
New BC onsets:  0
BC status:  4901 99 
BC subtype:  4901 74 25 

clinical_engagement 
diagnosis 
demography 
84 new agents 
12 dtreferralsatt12 smreferralsatt213 
disease_progression 
H-positive risk:  658 667 94 1127 420 96 1063 395 204 67 145 64 
H-negative risk:  667 658 1063 1127 395 420 96 94 145 204 64 67 
New BC onsets:  0
BC status:  4905 95 
BC subtype:  4905 71 24 

clinical_engagement 
diagnosis 
demography 
91 new agents 
14 dtreferralsatt14 smreferralsatt214 
disease_progression 
H-positive risk:  665 667 91 1123 418 93 1062 397 205 67 154 58 
H-negative risk:  667 665 1062 1123 397 418 93 91 154 205 58 67 
New BC onsets:  0
BC status:  4904 96 
BC subtype:  4904 72 24 

clinical_engagement 
diagnosis 
demography 
73 new agents 
8 dtreferralsatt8 smreferralsatt215 
disease_progression 
H-positive risk:  661 670 90 1121 423 92 1067 390 208 66 155 57 
H-negative risk:  670 661 1067 1121 390 423 92 90 155 208 57 66 
New BC onsets:  0
BC status:  4904 96 
BC subtype:  4904 73 23 

clinical_engagement 
diagnosis 
demography 
76 new agents 
16 dtreferralsatt16 smreferralsatt216 
disease_progression 
H-positive risk:  659 677 92 1115 420 92 1076 380 208 66 158 57 
H-negative risk:  677 659 1076 1115 380 420 92 92 158 208 57 66 
New BC onsets:  0
BC status:  4902 98 
BC subtype:  4902 75 23 

clinical_engagement 
diagnosis 
demography 
84 new agents 
18 dtreferralsatt18 smreferralsatt217 
disease_progression 
H-positive risk:  659 678 90 1104 421 91 1074 393 204 71 159 56 
H-negative risk:  678 659 1074 1104 393 421 91 90 159 204 56 71 
New BC onsets:  0
BC status:  4905 95 
BC subtype:  4905 70 25 

clinical_engagement 
diagnosis 
demography 
81 new agents 
12 dtreferralsatt12 smreferralsatt218 
disease_progression 
H-positive risk:  658 682 90 1106 413 87 1074 388 211 69 165 57 
H-negative risk:  682 658 1074 1106 388 413 87 90 165 211 57 69 
New BC onsets:  0
BC status:  4902 98 
BC subtype:  4902 73 25 

clinical_engagement 
diagnosis 
demography 
75 new agents 
21 dtreferralsatt21 smreferralsatt219 
disease_progression 
H-positive risk:  655 682 91 1106 413 87 1083 388 205 71 162 57 
H-negative risk:  682 655 1083 1106 388 413 87 91 162 205 57 71 
New BC onsets:  0
BC status:  4902 98 
BC subtype:  4902 73 25 

clinical_engagement 
diagnosis 
demography 
89 new agents 
17 dtreferralsatt17 smreferralsatt220 
disease_progression 
H-positive risk:  656 678 90 1112 408 84 1090 389 204 73 162 54 
H-negative risk:  678 656 1090 1112 389 408 84 90 162 204 54 73 
New BC onsets:  0
BC status:  4898 102 
BC subtype:  4898 75 27 

clinical_engagement 
diagnosis 
demography 
71 new agents 
10 dtreferralsatt10 smreferralsatt221 
disease_progression 
H-positive risk:  657 679 89 1110 410 86 1080 394 202 75 163 55 
H-negative risk:  679 657 1080 1110 394 410 86 89 163 202 55 75 
New BC onsets:  0
BC status:  4899 101 
BC subtype:  4899 75 26 

clinical_engagement 
diagnosis 
demography 
70 new agents 
4 dtreferralsatt4 smreferralsatt222 
disease_progression 
H-positive risk:  654 680 90 1106 415 86 1086 390 202 73 162 56 
H-negative risk:  680 654 1086 1106 390 415 86 90 162 202 56 73 
New BC onsets:  0
BC status:  4900 100 
BC subtype:  4900 74 26 

clinical_engagement 
diagnosis 
demography 
77 new agents 
7 dtreferralsatt7 smreferralsatt223 
disease_progression 
H-positive risk:  660 694 92 1096 408 88 1086 386 203 73 157 57 
H-negative risk:  694 660 1086 1096 386 408 88 92 157 203 57 73 
New BC onsets:  0
BC status:  4900 100 
BC subtype:  4900 73 27 

clinical_engagement 
diagnosis 
demography 
78 new agents 
10 dtreferralsatt10 smreferralsatt224 
disease_progression 
H-positive risk:  664 695 93 1100 401 89 1088 383 204 71 155 57 
H-negative risk:  695 664 1088 1100 383 401 89 93 155 204 57 71 
New BC onsets:  0
BC status:  4891 109 
BC subtype:  4891 76 33 

clinical_engagement 
diagnosis 
demography 
73 new agents 
8 dtreferralsatt8 smreferralsatt225 
disease_progression 
H-positive risk:  664 701 93 1098 402 88 1078 390 200 73 155 58 
H-negative risk:  701 664 1078 1098 390 402 88 93 155 200 58 73 
New BC onsets:  0
BC status:  4894 106 
BC subtype:  4894 74 32 

clinical_engagement 
diagnosis 
demography 
68 new agents 
8 dtreferralsatt8 smreferralsatt226 
disease_progression 
H-positive risk:  659 706 92 1098 396 89 1088 392 200 70 153 57 
H-negative risk:  706 659 1088 1098 392 396 89 92 153 200 57 70 
New BC onsets:  0
BC status:  4896 104 
BC subtype:  4896 73 31 

clinical_engagement 
diagnosis 
demography 
89 new agents 
12 dtreferralsatt12 smreferralsatt227 
disease_progression 
H-positive risk:  666 705 94 1093 389 91 1095 386 199 71 153 58 
H-negative risk:  705 666 1095 1093 386 389 91 94 153 199 58 71 
New BC onsets:  0
BC status:  4896 104 
BC subtype:  4896 72 32 

clinical_engagement 
diagnosis 
demography 
87 new agents 
14 dtreferralsatt14 smreferralsatt228 
disease_progression 
H-positive risk:  665 705 96 1082 386 90 1109 387 196 73 158 53 
H-negative risk:  705 665 1109 1082 387 386 90 96 158 196 53 73 
New BC onsets:  0
BC status:  4894 106 
BC subtype:  4894 73 33 

clinical_engagement 
diagnosis 
demography 
71 new agents 
22 dtreferralsatt22 smreferralsatt229 
disease_progression 
H-positive risk:  659 704 97 1068 405 88 1099 402 187 81 156 54 
H-negative risk:  704 659 1099 1068 402 405 88 97 156 187 54 81 
New BC onsets:  0
BC status:  4893 107 
BC subtype:  4893 72 35 

clinical_engagement 
diagnosis 
demography 
69 new agents 
6 dtreferralsatt6 smreferralsatt230 
disease_progression 
H-positive risk:  659 708 95 1070 405 86 1097 398 188 85 157 52 
H-negative risk:  708 659 1097 1070 398 405 86 95 157 188 52 85 
New BC onsets:  0
BC status:  4894 106 
BC subtype:  4894 71 35 

clinical_engagement 
diagnosis 
demography 
87 new agents 
6 dtreferralsatt6 smreferralsatt231 
disease_progression 
H-positive risk:  653 708 95 1067 402 87 1103 398 192 84 158 53 
H-negative risk:  708 653 1103 1067 398 402 87 95 158 192 53 84 
New BC onsets:  0
BC status:  4896 104 
BC subtype:  4896 70 34 

clinical_engagement 
diagnosis 
demography 
75 new agents 
10 dtreferralsatt10 smreferralsatt232 
disease_progression 
H-positive risk:  654 707 92 1066 410 88 1105 391 190 86 158 53 
H-negative risk:  707 654 1105 1066 391 410 88 92 158 190 53 86 
New BC onsets:  0
BC status:  4895 105 
BC subtype:  4895 71 34 

clinical_engagement 
diagnosis 
demography 
83 new agents 
6 dtreferralsatt6 smreferralsatt233 
disease_progression 
H-positive risk:  651 710 92 1066 414 88 1110 391 186 87 157 48 
H-negative risk:  710 651 1110 1066 391 414 88 92 157 186 48 87 
New BC onsets:  0
BC status:  4894 106 
BC subtype:  4894 72 34 

clinical_engagement 
diagnosis 
demography 
76 new agents 
15 dtreferralsatt15 smreferralsatt234 
disease_progression 
H-positive risk:  662 709 93 1062 422 84 1107 385 186 87 157 46 
H-negative risk:  709 662 1107 1062 385 422 84 93 157 186 46 87 
New BC onsets:  0
BC status:  4887 113 
BC subtype:  4887 78 35 

clinical_engagement 
diagnosis 
demography 
73 new agents 
7 dtreferralsatt7 smreferralsatt235 
disease_progression 
H-positive risk:  662 712 96 1063 426 84 1102 380 187 86 154 48 
H-negative risk:  712 662 1102 1063 380 426 84 96 154 187 48 86 
New BC onsets:  0
BC status:  4885 115 
BC subtype:  4885 79 36 

clinical_engagement 
diagnosis 
demography 
51 new agents 
14 dtreferralsatt14 smreferralsatt236 
disease_progression 
H-positive risk:  664 718 94 1062 423 83 1097 380 188 86 156 49 
H-negative risk:  718 664 1097 1062 380 423 83 94 156 188 49 86 
New BC onsets:  0
BC status:  4885 115 
BC subtype:  4885 79 36 

clinical_engagement 
diagnosis 
demography 
77 new agents 
10 dtreferralsatt10 smreferralsatt237 
disease_progression 
H-positive risk:  671 726 93 1055 421 84 1093 382 185 87 156 47 
H-negative risk:  726 671 1093 1055 382 421 84 93 156 185 47 87 
New BC onsets:  0
BC status:  4886 114 
BC subtype:  4886 78 36 

clinical_engagement 
diagnosis 
demography 
75 new agents 
7 dtreferralsatt7 smreferralsatt238 
disease_progression 
H-positive risk:  667 727 93 1053 423 81 1092 396 183 85 154 46 
H-negative risk:  727 667 1092 1053 396 423 81 93 154 183 46 85 
New BC onsets:  0
BC status:  4885 115 
BC subtype:  4885 79 36 

clinical_engagement 
diagnosis 
demography 
79 new agents 
9 dtreferralsatt9 smreferralsatt239 
disease_progression 
H-positive risk:  668 727 95 1045 423 82 1098 394 180 88 153 47 
H-negative risk:  727 668 1098 1045 394 423 82 95 153 180 47 88 
New BC onsets:  0
BC status:  4883 117 
BC subtype:  4883 81 36 

clinical_engagement 
diagnosis 
demography 
73 new agents 
12 dtreferralsatt12 smreferralsatt240 
disease_progression 
H-positive risk:  669 721 96 1047 422 83 1100 397 179 86 153 47 
H-negative risk:  721 669 1100 1047 397 422 83 96 153 179 47 86 
New BC onsets:  0
BC status:  4882 118 
BC subtype:  4882 82 36 

clinical_engagement 
diagnosis 
demography 
68 new agents 
10 dtreferralsatt10 smreferralsatt241 
disease_progression 
H-positive risk:  672 714 99 1047 425 84 1083 409 179 89 149 50 
H-negative risk:  714 672 1083 1047 409 425 84 99 149 179 50 89 
New BC onsets:  0
BC status:  4880 120 
BC subtype:  4880 83 37 

clinical_engagement 
diagnosis 
demography 
82 new agents 
9 dtreferralsatt9 smreferralsatt242 
disease_progression 
H-positive risk:  679 713 97 1047 424 85 1085 400 179 89 150 52 
H-negative risk:  713 679 1085 1047 400 424 85 97 150 179 52 89 
New BC onsets:  0
BC status:  4875 125 
BC subtype:  4875 88 37 

clinical_engagement 
diagnosis 
demography 
80 new agents 
10 dtreferralsatt10 smreferralsatt243 
disease_progression 
H-positive risk:  672 718 99 1046 425 87 1093 394 176 89 148 53 
H-negative risk:  718 672 1093 1046 394 425 87 99 148 176 53 89 
New BC onsets:  0
BC status:  4874 126 
BC subtype:  4874 88 38 

clinical_engagement 
diagnosis 
demography 
79 new agents 
9 dtreferralsatt9 smreferralsatt244 
disease_progression 
H-positive risk:  685 711 102 1048 424 88 1097 386 171 85 149 54 
H-negative risk:  711 685 1097 1048 386 424 88 102 149 171 54 85 
New BC onsets:  0
BC status:  4871 129 
BC subtype:  4871 91 38 

clinical_engagement 
diagnosis 
demography 
87 new agents 
12 dtreferralsatt12 smreferralsatt245 
disease_progression 
H-positive risk:  687 707 102 1056 429 88 1094 382 168 84 149 54 
H-negative risk:  707 687 1094 1056 382 429 88 102 149 168 54 84 
New BC onsets:  0
BC status:  4867 133 
BC subtype:  4867 94 39 

clinical_engagement 
diagnosis 
demography 
88 new agents 
10 dtreferralsatt10 smreferralsatt246 
disease_progression 
H-positive risk:  693 714 102 1053 425 89 1096 369 168 86 151 54 
H-negative risk:  714 693 1096 1053 369 425 89 102 151 168 54 86 
New BC onsets:  0
BC status:  4869 131 
BC subtype:  4869 94 37 

clinical_engagement 
diagnosis 
demography 
70 new agents 
10 dtreferralsatt10 smreferralsatt247 
disease_progression 
H-positive risk:  691 711 100 1056 422 86 1104 372 167 85 150 56 
H-negative risk:  711 691 1104 1056 372 422 86 100 150 167 56 85 
New BC onsets:  0
BC status:  4870 130 
BC subtype:  4870 92 38 

clinical_engagement 
diagnosis 
demography 
66 new agents 
10 dtreferralsatt10 smreferralsatt248 
disease_progression 
H-positive risk:  681 701 99 1056 421 89 1119 380 166 83 149 56 
H-negative risk:  701 681 1119 1056 380 421 89 99 149 166 56 83 
New BC onsets:  0
BC status:  4870 130 
BC subtype:  4870 94 36 

clinical_engagement 
diagnosis 
demography 
62 new agents 
10 dtreferralsatt10 smreferralsatt249 
disease_progression 
H-positive risk:  677 701 99 1055 419 88 1124 383 167 80 149 58 
H-negative risk:  701 677 1124 1055 383 419 88 99 149 167 58 80 
New BC onsets:  0
BC status:  4871 129 
BC subtype:  4871 93 36 

clinical_engagement 
diagnosis 
demography 
78 new agents 
14 dtreferralsatt14 smreferralsatt250 
disease_progression 
H-positive risk:  673 698 97 1050 415 90 1132 392 169 78 149 57 
H-negative risk:  698 673 1132 1050 392 415 90 97 149 169 57 78 
New BC onsets:  0
BC status:  4870 130 
BC subtype:  4870 95 35 

clinical_engagement 
diagnosis 
demography 
74 new agents 
8 dtreferralsatt8 smreferralsatt251 
disease_progression 
H-positive risk:  671 698 94 1047 417 84 1135 401 168 79 151 55 
H-negative risk:  698 671 1135 1047 401 417 84 94 151 168 55 79 
New BC onsets:  0
BC status:  4870 130 
BC subtype:  4870 96 34 

clinical_engagement 
diagnosis 
demography 
75 new agents 
11 dtreferralsatt11 smreferralsatt252 
disease_progression 
H-positive risk:  673 713 96 1035 418 84 1126 403 168 77 151 56 
H-negative risk:  713 673 1126 1035 403 418 84 96 151 168 56 77 
New BC onsets:  0
BC status:  4870 130 
BC subtype:  4870 97 33 

clinical_engagement 
diagnosis 
demography 
84 new agents 
19 dtreferralsatt19 smreferralsatt253 
disease_progression 
H-positive risk:  673 720 95 1033 412 83 1114 416 166 78 151 59 
H-negative risk:  720 673 1114 1033 416 412 83 95 151 166 59 78 
New BC onsets:  0
BC status:  4870 130 
BC subtype:  4870 97 33 

clinical_engagement 
diagnosis 
demography 
81 new agents 
17 dtreferralsatt17 smreferralsatt254 
disease_progression 
H-positive risk:  678 724 97 1040 409 83 1104 414 165 80 151 55 
H-negative risk:  724 678 1104 1040 414 409 83 97 151 165 55 80 
New BC onsets:  0
BC status:  4868 132 
BC subtype:  4868 99 33 

clinical_engagement 
diagnosis 
demography 
76 new agents 
8 dtreferralsatt8 smreferralsatt255 
disease_progression 
H-positive risk:  681 716 95 1044 406 83 1106 418 162 78 152 59 
H-negative risk:  716 681 1106 1044 418 406 83 95 152 162 59 78 
New BC onsets:  0
BC status:  4866 134 
BC subtype:  4866 100 34 

clinical_engagement 
diagnosis 
demography 
78 new agents 
10 dtreferralsatt10 smreferralsatt256 
disease_progression 
H-positive risk:  678 716 100 1046 401 82 1097 432 163 77 148 60 
H-negative risk:  716 678 1097 1046 432 401 82 100 148 163 60 77 
New BC onsets:  0
BC status:  4870 130 
BC subtype:  4870 97 33 

clinical_engagement 
diagnosis 
demography 
68 new agents 
12 dtreferralsatt12 smreferralsatt257 
disease_progression 
H-positive risk:  676 710 99 1051 402 81 1103 435 161 75 148 59 
H-negative risk:  710 676 1103 1051 435 402 81 99 148 161 59 75 
New BC onsets:  0
BC status:  4871 129 
BC subtype:  4871 96 33 

clinical_engagement 
diagnosis 
demography 
83 new agents 
8 dtreferralsatt8 smreferralsatt258 
disease_progression 
H-positive risk:  676 702 100 1054 403 84 1102 434 159 73 151 62 
H-negative risk:  702 676 1102 1054 434 403 84 100 151 159 62 73 
New BC onsets:  0
BC status:  4871 129 
BC subtype:  4871 96 33 

clinical_engagement 
diagnosis 
demography 
84 new agents 
10 dtreferralsatt10 smreferralsatt259 
disease_progression 
H-positive risk:  679 706 101 1052 405 82 1095 430 163 71 151 65 
H-negative risk:  706 679 1095 1052 430 405 82 101 151 163 65 71 
New BC onsets:  0
BC status:  4871 129 
BC subtype:  4871 96 33 

clinical_engagement 
diagnosis 
demography 
80 new agents 
13 dtreferralsatt13 smreferralsatt260 
disease_progression 
H-positive risk:  684 705 101 1064 400 80 1095 428 165 69 147 62 
H-negative risk:  705 684 1095 1064 428 400 80 101 147 165 62 69 
New BC onsets:  0
BC status:  4875 125 
BC subtype:  4875 93 32 

clinical_engagement 
diagnosis 
demography 
76 new agents 
10 dtreferralsatt10 smreferralsatt261 
disease_progression 
H-positive risk:  681 703 103 1062 406 80 1092 428 165 68 149 63 
H-negative risk:  703 681 1092 1062 428 406 80 103 149 165 63 68 
New BC onsets:  0
BC status:  4872 128 
BC subtype:  4872 95 33 

clinical_engagement 
diagnosis 
demography 
84 new agents 
10 dtreferralsatt10 smreferralsatt262 
disease_progression 
H-positive risk:  683 708 104 1063 406 79 1092 417 163 69 151 65 
H-negative risk:  708 683 1092 1063 417 406 79 104 151 163 65 69 
New BC onsets:  0
BC status:  4876 124 
BC subtype:  4876 92 32 

clinical_engagement 
diagnosis 
demography 
81 new agents 
8 dtreferralsatt8 smreferralsatt263 
disease_progression 
H-positive risk:  684 715 101 1059 409 82 1088 412 164 68 153 65 
H-negative risk:  715 684 1088 1059 412 409 82 101 153 164 65 68 
New BC onsets:  0
BC status:  4879 121 
BC subtype:  4879 89 32 

clinical_engagement 
diagnosis 
demography 
67 new agents 
14 dtreferralsatt14 smreferralsatt264 
disease_progression 
H-positive risk:  677 702 100 1069 411 82 1089 419 160 69 156 66 
H-negative risk:  702 677 1089 1069 419 411 82 100 156 160 66 69 
New BC onsets:  0
BC status:  4875 125 
BC subtype:  4875 93 32 

clinical_engagement 
diagnosis 
demography 
67 new agents 
8 dtreferralsatt8 smreferralsatt265 
disease_progression 
H-positive risk:  681 701 100 1067 412 84 1086 421 157 69 157 65 
H-negative risk:  701 681 1086 1067 421 412 84 100 157 157 65 69 
New BC onsets:  0
BC status:  4875 125 
BC subtype:  4875 93 32 

clinical_engagement 
diagnosis 
demography 
72 new agents 
7 dtreferralsatt7 smreferralsatt266 
disease_progression 
H-positive risk:  679 692 98 1079 412 87 1084 420 159 70 155 65 
H-negative risk:  692 679 1084 1079 420 412 87 98 155 159 65 70 
New BC onsets:  0
BC status:  4874 126 
BC subtype:  4874 94 32 

clinical_engagement 
diagnosis 
demography 
75 new agents 
8 dtreferralsatt8 smreferralsatt267 
disease_progression 
H-positive risk:  689 691 101 1066 422 87 1076 422 154 72 159 61 
H-negative risk:  691 689 1076 1066 422 422 87 101 159 154 61 72 
New BC onsets:  0
BC status:  4874 126 
BC subtype:  4874 95 31 

clinical_engagement 
diagnosis 
demography 
88 new agents 
12 dtreferralsatt12 smreferralsatt268 
disease_progression 
H-positive risk:  686 688 100 1058 427 90 1081 426 155 69 161 59 
H-negative risk:  688 686 1081 1058 426 427 90 100 161 155 59 69 
New BC onsets:  0
BC status:  4877 123 
BC subtype:  4877 93 30 

clinical_engagement 
diagnosis 
demography 
83 new agents 
10 dtreferralsatt10 smreferralsatt269 
disease_progression 
H-positive risk:  690 694 104 1055 428 85 1080 421 159 66 157 61 
H-negative risk:  694 690 1080 1055 421 428 85 104 157 159 61 66 
New BC onsets:  0
BC status:  4877 123 
BC subtype:  4877 94 29 

clinical_engagement 
diagnosis 
demography 
85 new agents 
13 dtreferralsatt13 smreferralsatt270 
disease_progression 
H-positive risk:  684 701 105 1054 435 83 1076 417 156 64 160 65 
H-negative risk:  701 684 1076 1054 417 435 83 105 160 156 65 64 
New BC onsets:  0
BC status:  4875 125 
BC subtype:  4875 94 31 

clinical_engagement 
diagnosis 
demography 
68 new agents 
9 dtreferralsatt9 smreferralsatt271 
disease_progression 
H-positive risk:  692 692 104 1059 431 83 1069 427 156 62 160 65 
H-negative risk:  692 692 1069 1059 427 431 83 104 160 156 65 62 
New BC onsets:  0
BC status:  4877 123 
BC subtype:  4877 91 32 

clinical_engagement 
diagnosis 
demography 
95 new agents 
11 dtreferralsatt11 smreferralsatt272 
disease_progression 
H-positive risk:  693 701 102 1058 423 81 1067 429 157 59 164 66 
H-negative risk:  701 693 1067 1058 429 423 81 102 164 157 66 59 
New BC onsets:  0
BC status:  4875 125 
BC subtype:  4875 92 33 

clinical_engagement 
diagnosis 
demography 
77 new agents 
11 dtreferralsatt11 smreferralsatt273 
disease_progression 
H-positive risk:  688 699 107 1062 419 82 1069 428 158 59 164 65 
H-negative risk:  699 688 1069 1062 428 419 82 107 164 158 65 59 
New BC onsets:  0
BC status:  4876 124 
BC subtype:  4876 91 33 

clinical_engagement 
diagnosis 
demography 
76 new agents 
10 dtreferralsatt10 smreferralsatt274 
disease_progression 
H-positive risk:  689 705 108 1058 423 82 1066 426 158 61 160 64 
H-negative risk:  705 689 1066 1058 426 423 82 108 160 158 64 61 
New BC onsets:  0
BC status:  4877 123 
BC subtype:  4877 89 34 

clinical_engagement 
diagnosis 
demography 
79 new agents 
13 dtreferralsatt13 smreferralsatt275 
disease_progression 
H-positive risk:  692 694 110 1062 423 85 1067 431 155 60 157 64 
H-negative risk:  694 692 1067 1062 431 423 85 110 157 155 64 60 
New BC onsets:  0
BC status:  4879 121 
BC subtype:  4879 89 32 

clinical_engagement 
diagnosis 
demography 
70 new agents 
14 dtreferralsatt14 smreferralsatt276 
disease_progression 
H-positive risk:  685 689 109 1069 426 84 1072 434 155 60 153 64 
H-negative risk:  689 685 1072 1069 434 426 84 109 153 155 64 60 
New BC onsets:  0
BC status:  4880 120 
BC subtype:  4880 89 31 

clinical_engagement 
diagnosis 
demography 
68 new agents 
17 dtreferralsatt17 smreferralsatt277 
disease_progression 
H-positive risk:  686 691 106 1067 422 84 1076 434 157 57 152 68 
H-negative risk:  691 686 1076 1067 434 422 84 106 152 157 68 57 
New BC onsets:  0
BC status:  4878 122 
BC subtype:  4878 92 30 

clinical_engagement 
diagnosis 
demography 
73 new agents 
14 dtreferralsatt14 smreferralsatt278 
disease_progression 
H-positive risk:  683 692 104 1073 416 82 1084 431 161 54 152 68 
H-negative risk:  692 683 1084 1073 431 416 82 104 152 161 68 54 
New BC onsets:  0
BC status:  4879 121 
BC subtype:  4879 92 29 

clinical_engagement 
diagnosis 
demography 
80 new agents 
11 dtreferralsatt11 smreferralsatt279 
disease_progression 
H-positive risk:  675 693 103 1069 418 83 1088 437 161 55 153 65 
H-negative risk:  693 675 1088 1069 437 418 83 103 153 161 65 55 
New BC onsets:  0
BC status:  4879 121 
BC subtype:  4879 93 28 

clinical_engagement 
diagnosis 
demography 
82 new agents 
14 dtreferralsatt14 smreferralsatt280 
disease_progression 
H-positive risk:  674 691 99 1077 413 84 1094 433 159 55 156 65 
H-negative risk:  691 674 1094 1077 433 413 84 99 156 159 65 55 
New BC onsets:  0
BC status:  4878 122 
BC subtype:  4878 93 29 

clinical_engagement 
diagnosis 
demography 
84 new agents 
10 dtreferralsatt10 smreferralsatt281 
disease_progression 
H-positive risk:  665 701 99 1072 408 87 1103 428 159 55 157 66 
H-negative risk:  701 665 1103 1072 428 408 87 99 157 159 66 55 
New BC onsets:  0
BC status:  4879 121 
BC subtype:  4879 91 30 

clinical_engagement 
diagnosis 
demography 
83 new agents 
8 dtreferralsatt8 smreferralsatt282 
disease_progression 
H-positive risk:  668 699 101 1088 407 86 1087 426 162 53 156 67 
H-negative risk:  699 668 1087 1088 426 407 86 101 156 162 67 53 
New BC onsets:  0
BC status:  4882 118 
BC subtype:  4882 88 30 

clinical_engagement 
diagnosis 
demography 
82 new agents 
10 dtreferralsatt10 smreferralsatt283 
disease_progression 
H-positive risk:  669 699 99 1095 402 88 1090 423 159 54 158 64 
H-negative risk:  699 669 1090 1095 423 402 88 99 158 159 64 54 
New BC onsets:  0
BC status:  4882 118 
BC subtype:  4882 87 31 

clinical_engagement 
diagnosis 
demography 
85 new agents 
7 dtreferralsatt7 smreferralsatt284 
disease_progression 
H-positive risk:  669 701 102 1083 412 84 1087 423 159 57 160 63 
H-negative risk:  701 669 1087 1083 423 412 84 102 160 159 63 57 
New BC onsets:  0
BC status:  4884 116 
BC subtype:  4884 86 30 

clinical_engagement 
diagnosis 
demography 
75 new agents 
6 dtreferralsatt6 smreferralsatt285 
disease_progression 
H-positive risk:  667 697 102 1085 411 86 1093 423 156 56 161 63 
H-negative risk:  697 667 1093 1085 423 411 86 102 161 156 63 56 
New BC onsets:  0
BC status:  4884 116 
BC subtype:  4884 86 30 

clinical_engagement 
diagnosis 
demography 
77 new agents 
7 dtreferralsatt7 smreferralsatt286 
disease_progression 
H-positive risk:  670 707 100 1085 409 85 1087 425 157 52 160 63 
H-negative risk:  707 670 1087 1085 425 409 85 100 160 157 63 52 
New BC onsets:  0
BC status:  4884 116 
BC subtype:  4884 87 29 

clinical_engagement 
diagnosis 
demography 
68 new agents 
8 dtreferralsatt8 smreferralsatt287 
disease_progression 
H-positive risk:  666 712 100 1079 410 84 1090 424 155 53 162 65 
H-negative risk:  712 666 1090 1079 424 410 84 100 162 155 65 53 
New BC onsets:  0
BC status:  4881 119 
BC subtype:  4881 90 29 

clinical_engagement 
diagnosis 
demography 
71 new agents 
10 dtreferralsatt10 smreferralsatt288 
disease_progression 
H-positive risk:  665 711 98 1089 412 86 1087 421 153 53 161 64 
H-negative risk:  711 665 1087 1089 421 412 86 98 161 153 64 53 
New BC onsets:  0
BC status:  4879 121 
BC subtype:  4879 91 30 

clinical_engagement 
diagnosis 
demography 
76 new agents 
12 dtreferralsatt12 smreferralsatt289 
disease_progression 
H-positive risk:  659 710 98 1093 407 87 1094 428 149 53 159 63 
H-negative risk:  710 659 1094 1093 428 407 87 98 159 149 63 53 
New BC onsets:  0
BC status:  4879 121 
BC subtype:  4879 91 30 

clinical_engagement 
diagnosis 
demography 
64 new agents 
10 dtreferralsatt10 smreferralsatt290 
disease_progression 
H-positive risk:  650 709 100 1090 413 86 1109 421 147 52 160 63 
H-negative risk:  709 650 1109 1090 421 413 86 100 160 147 63 52 
New BC onsets:  0
BC status:  4880 120 
BC subtype:  4880 90 30 

clinical_engagement 
diagnosis 
demography 
77 new agents 
12 dtreferralsatt12 smreferralsatt291 
disease_progression 
H-positive risk:  657 707 101 1089 406 84 1106 421 145 52 166 66 
H-negative risk:  707 657 1106 1089 421 406 84 101 166 145 66 52 
New BC onsets:  0
BC status:  4883 117 
BC subtype:  4883 87 30 

clinical_engagement 
diagnosis 
demography 
76 new agents 
10 dtreferralsatt10 smreferralsatt292 
disease_progression 
H-positive risk:  659 712 98 1086 401 89 1106 421 145 51 164 68 
H-negative risk:  712 659 1106 1086 421 401 89 98 164 145 68 51 
New BC onsets:  0
BC status:  4886 114 
BC subtype:  4886 85 29 

clinical_engagement 
diagnosis 
demography 
73 new agents 
20 dtreferralsatt20 smreferralsatt293 
disease_progression 
H-positive risk:  663 715 96 1088 395 89 1098 423 149 54 164 66 
H-negative risk:  715 663 1098 1088 423 395 89 96 164 149 66 54 
New BC onsets:  0
BC status:  4885 115 
BC subtype:  4885 86 29 

clinical_engagement 
diagnosis 
demography 
85 new agents 
8 dtreferralsatt8 smreferralsatt294 
disease_progression 
H-positive risk:  658 719 98 1091 384 90 1101 417 154 53 167 68 
H-negative risk:  719 658 1101 1091 417 384 90 98 167 154 68 53 
New BC onsets:  0
BC status:  4887 113 
BC subtype:  4887 86 27 

clinical_engagement 
diagnosis 
demography 
82 new agents 
12 dtreferralsatt12 smreferralsatt295 
disease_progression 
H-positive risk:  663 725 99 1080 387 93 1101 416 156 49 163 68 
H-negative risk:  725 663 1101 1080 416 387 93 99 163 156 68 49 
New BC onsets:  0
BC status:  4891 109 
BC subtype:  4891 85 24 

clinical_engagement 
diagnosis 
demography 
87 new agents 
13 dtreferralsatt13 smreferralsatt296 
disease_progression 
H-positive risk:  670 728 99 1078 387 93 1101 414 160 48 157 65 
H-negative risk:  728 670 1101 1078 414 387 93 99 157 160 65 48 
New BC onsets:  0
BC status:  4891 109 
BC subtype:  4891 85 24 

clinical_engagement 
diagnosis 
demography 
62 new agents 
15 dtreferralsatt15 smreferralsatt297 
disease_progression 
H-positive risk:  665 724 99 1073 392 95 1103 414 162 48 156 69 
H-negative risk:  724 665 1103 1073 414 392 95 99 156 162 69 48 
New BC onsets:  0
BC status:  4889 111 
BC subtype:  4889 86 25 

clinical_engagement 
diagnosis 
demography 
73 new agents 
12 dtreferralsatt12 smreferralsatt298 
disease_progression 
H-positive risk:  661 728 100 1070 390 94 1106 408 166 46 158 73 
H-negative risk:  728 661 1106 1070 408 390 94 100 158 166 73 46 
New BC onsets:  0
BC status:  4890 110 
BC subtype:  4890 84 26 

clinical_engagement 
diagnosis 
demography 
74 new agents 
15 dtreferralsatt15 smreferralsatt299 
disease_progression 
H-positive risk:  668 719 101 1071 395 92 1105 407 166 48 160 68 
H-negative risk:  719 668 1105 1071 407 395 92 101 160 166 68 48 
New BC onsets:  0
BC status:  4890 110 
BC subtype:  4890 84 26 

clinical_engagement 
diagnosis 
demography 
70 new agents 
11 dtreferralsatt11 smreferralsatt300 
disease_progression 
H-positive risk:  665 724 99 1072 389 93 1111 410 165 47 160 65 
H-negative risk:  724 665 1111 1072 410 389 93 99 160 165 65 47 
New BC onsets:  0
BC status:  4891 109 
BC subtype:  4891 85 24 

clinical_engagement 
diagnosis 
demography 
85 new agents 
4 dtreferralsatt4 smreferralsattTime difference of 15.91538 mins
This is task 21
date
