date
Note that the current default version of R is 3.6.1.
Loading required package: network
network: Classes for Relational Data
Version 1.15 created on 2019-04-01.
copyright (c) 2005, Carter T. Butts, University of California-Irvine
                    Mark S. Handcock, University of California -- Los Angeles
                    David R. Hunter, Penn State University
                    Martina Morris, University of Washington
                    Skye Bender-deMoll, University of Washington
 For citation information, type citation("network").
 Type help("network-package") to get started.


networkDynamic: version 0.10.0, created on 2019-04-04
Copyright (c) 2019, Carter T. Butts, University of California -- Irvine
                    Ayn Leslie-Cook, University of Washington
                    Pavel N. Krivitsky, University of Wollongong
                    Skye Bender-deMoll, University of Washington
                    with contributions from
                    Zack Almquist, University of California -- Irvine
                    David R. Hunter, Penn State University
                    Li Wang
                    Kirk Li, University of Washington
                    Steven M. Goodreau, University of Washington
                    Jeffrey Horner
                    Martina Morris, University of Washington
Based on "statnet" project software (statnet.org).
For license and citation information see statnet.org/attribution
or type citation("networkDynamic").

Loading required package: statnet.common

Attaching package: 'statnet.common'

The following object is masked from 'package:base':

    order

sna: Tools for Social Network Analysis
Version 2.4 created on 2016-07-23.
copyright (c) 2005, Carter T. Butts, University of California-Irvine
 For citation information, type citation("sna").
 Type help(package="sna") to get started.


ergm: version 3.10.4, created on 2019-06-10
Copyright (c) 2019, Mark S. Handcock, University of California -- Los Angeles
                    David R. Hunter, Penn State University
                    Carter T. Butts, University of California -- Irvine
                    Steven M. Goodreau, University of Washington
                    Pavel N. Krivitsky, University of Wollongong
                    Martina Morris, University of Washington
                    with contributions from
                    Li Wang
                    Kirk Li, University of Washington
                    Skye Bender-deMoll, University of Washington
                    Chad Klumb
Based on "statnet" project software (statnet.org).
For license and citation information see statnet.org/attribution
or type citation("ergm").

NOTE: Versions before 3.6.1 had a bug in the implementation of the bd()
constriant which distorted the sampled distribution somewhat. In
addition, Sampson's Monks datasets had mislabeled vertices. See the
NEWS and the documentation for more details.

NOTE: Some common term arguments pertaining to vertex attribute and
level selection have changed in 3.10.0. See terms help for more
details. Use 'options(ergm.term=list(version="3.9.4"))' to use old
behavior.


tergm: version 3.6.1, created on 2019-06-12
Copyright (c) 2019, Pavel N. Krivitsky, University of Wollongong
                    Mark S. Handcock, University of California -- Los Angeles
                    with contributions from
                    David R. Hunter, Penn State University
                    Steven M. Goodreau, University of Washington
                    Martina Morris, University of Washington
                    Nicole Bohme Carnegie, New York University
                    Carter T. Butts, University of California -- Irvine
                    Ayn Leslie-Cook, University of Washington
                    Skye Bender-deMoll
                    Li Wang
                    Kirk Li, University of Washington
Based on "statnet" project software (statnet.org).
For license and citation information see statnet.org/attribution
or type citation("tergm").

Starting maximum pseudolikelihood estimation (MPLE):
Evaluating the predictor and response matrix.
Maximizing the pseudolikelihood.
Finished MPLE.
Starting Monte Carlo maximum likelihood estimation (MCMLE):
Iteration 1 of at most 500:
Optimizing with step length 0.44594332767941.
The log-likelihood improved by 2.85.
Iteration 2 of at most 500:
Optimizing with step length 0.964919622468565.
The log-likelihood improved by 2.584.
Iteration 3 of at most 500:
Optimizing with step length 1.
The log-likelihood improved by 0.4726.
Step length converged once. Increasing MCMC sample size.
Iteration 4 of at most 500:
Optimizing with step length 1.
The log-likelihood improved by 0.5055.
Step length converged twice. Stopping.
Finished MCMLE.
This model was fit using MCMC.  To examine model diagnostics and check
for degeneracy, use the mcmc.diagnostics() function.
 degree0  degree1  degree2  degree3  degree4  degree5  degree6  degree7 
       3       27     1276     1082      787      350      374      318 
 degree8  degree9 degree10 degree11 degree12 degree13 degree14 degree15 
     277      208      139       81       42       18       13        2 
degree16 
       3 
1 
disease_progression 
H-positive risk:  904 841 134 859 448 115 861 438 125 70 144 61 
H-negative risk:  841 904 861 859 438 448 115 134 144 125 61 70 
New BC onsets:  0
BC status:  4999 1 
BC subtype:  4999 1 

clinical_engagement 
diagnosis 
demography 
63 new agents 
2 dtreferralsatt2 smreferralsatt2 
disease_progression 
H-positive risk:  908 847 135 864 446 115 858 429 127 68 144 59 
H-negative risk:  847 908 858 864 429 446 115 135 144 127 59 68 
New BC onsets:  0
BC status:  4998 2 
BC subtype:  4998 1 1 

clinical_engagement 
diagnosis 
demography 
54 new agents 
2 dtreferralsatt2 smreferralsatt3 
disease_progression 
H-positive risk:  910 853 136 870 443 114 857 420 123 69 146 59 
H-negative risk:  853 910 857 870 420 443 114 136 146 123 59 69 
New BC onsets:  0
BC status:  4994 6 
BC subtype:  4994 3 3 

clinical_engagement 
diagnosis 
demography 
68 new agents 
0 dtreferralsatt0 smreferralsatt4 
disease_progression 
H-positive risk:  915 859 137 871 441 115 855 415 120 67 146 59 
H-negative risk:  859 915 855 871 415 441 115 137 146 120 59 67 
New BC onsets:  0
BC status:  4990 10 
BC subtype:  4990 6 4 

clinical_engagement 
diagnosis 
demography 
62 new agents 
2 dtreferralsatt2 smreferralsatt5 
disease_progression 
H-positive risk:  920 861 137 879 434 116 851 408 120 68 148 58 
H-negative risk:  861 920 851 879 408 434 116 137 148 120 58 68 
New BC onsets:  0
BC status:  4987 13 
BC subtype:  4987 8 5 

clinical_engagement 
diagnosis 
demography 
55 new agents 
8 dtreferralsatt8 smreferralsatt6 
disease_progression 
H-positive risk:  925 866 138 875 430 117 855 408 120 68 143 55 
H-negative risk:  866 925 855 875 408 430 117 138 143 120 55 68 
New BC onsets:  0
BC status:  4986 14 
BC subtype:  4986 9 5 

clinical_engagement 
diagnosis 
demography 
49 new agents 
3 dtreferralsatt3 smreferralsatt7 
disease_progression 
H-positive risk:  929 866 138 875 431 117 854 405 117 68 145 55 
H-negative risk:  866 929 854 875 405 431 117 138 145 117 55 68 
New BC onsets:  0
BC status:  4985 15 
BC subtype:  4985 10 5 

clinical_engagement 
diagnosis 
demography 
56 new agents 
7 dtreferralsatt7 smreferralsatt8 
disease_progression 
H-positive risk:  933 874 136 874 426 117 859 397 117 69 143 55 
H-negative risk:  874 933 859 874 397 426 117 136 143 117 55 69 
New BC onsets:  0
BC status:  4982 18 
BC subtype:  4982 11 7 

clinical_engagement 
diagnosis 
demography 
64 new agents 
2 dtreferralsatt2 smreferralsatt9 
disease_progression 
H-positive risk:  937 879 138 876 426 120 856 387 119 67 142 53 
H-negative risk:  879 937 856 876 387 426 120 138 142 119 53 67 
New BC onsets:  0
BC status:  4980 20 
BC subtype:  4980 13 7 

clinical_engagement 
diagnosis 
demography 
55 new agents 
8 dtreferralsatt8 smreferralsatt10 
disease_progression 
H-positive risk:  948 887 138 864 423 120 857 381 121 67 139 55 
H-negative risk:  887 948 857 864 381 423 120 138 139 121 55 67 
New BC onsets:  0
BC status:  4976 24 
BC subtype:  4976 16 8 

clinical_engagement 
diagnosis 
demography 
54 new agents 
4 dtreferralsatt4 smreferralsatt11 
disease_progression 
H-positive risk:  952 897 137 866 415 120 857 375 120 65 141 55 
H-negative risk:  897 952 857 866 375 415 120 137 141 120 55 65 
New BC onsets:  0
BC status:  4973 27 
BC subtype:  4973 19 8 

clinical_engagement 
diagnosis 
demography 
62 new agents 
6 dtreferralsatt6 smreferralsatt12 
disease_progression 
H-positive risk:  951 901 136 864 409 121 864 372 121 65 141 55 
H-negative risk:  901 951 864 864 372 409 121 136 141 121 55 65 
New BC onsets:  0
BC status:  4969 31 
BC subtype:  4969 21 10 

clinical_engagement 
diagnosis 
demography 
54 new agents 
9 dtreferralsatt9 smreferralsatt13 
disease_progression 
H-positive risk:  886 826 127 940 406 111 931 372 130 65 152 54 
H-negative risk:  826 886 931 940 372 406 111 127 152 130 54 65 
New BC onsets:  0
BC status:  4969 31 
BC subtype:  4969 21 10 

clinical_engagement 
diagnosis 
demography 
177 new agents 
10 dtreferralsatt10 smreferralsatt14 
disease_progression 
H-positive risk:  907 846 129 886 443 113 882 398 126 67 144 59 
H-negative risk:  846 907 882 886 398 443 113 129 144 126 59 67 
New BC onsets:  0
BC status:  4966 34 
BC subtype:  4966 24 10 

clinical_engagement 
diagnosis 
demography 
48 new agents 
13 dtreferralsatt13 smreferralsatt15 
disease_progression 
H-positive risk:  915 852 128 880 435 116 877 400 127 67 144 59 
H-negative risk:  852 915 877 880 400 435 116 128 144 127 59 67 
New BC onsets:  0
BC status:  4963 37 
BC subtype:  4963 27 10 

clinical_engagement 
diagnosis 
demography 
72 new agents 
4 dtreferralsatt4 smreferralsatt16 
disease_progression 
H-positive risk:  922 856 129 879 432 118 874 394 125 68 141 62 
H-negative risk:  856 922 874 879 394 432 118 129 141 125 62 68 
New BC onsets:  0
BC status:  4963 37 
BC subtype:  4963 27 10 

clinical_engagement 
diagnosis 
demography 
81 new agents 
9 dtreferralsatt9 smreferralsatt17 
disease_progression 
H-positive risk:  929 869 129 870 427 118 878 384 124 66 142 64 
H-negative risk:  869 929 878 870 384 427 118 129 142 124 64 66 
New BC onsets:  0
BC status:  4962 38 
BC subtype:  4962 27 11 

clinical_engagement 
diagnosis 
demography 
56 new agents 
8 dtreferralsatt8 smreferralsatt18 
disease_progression 
H-positive risk:  931 875 129 871 422 120 881 379 126 61 143 62 
H-negative risk:  875 931 881 871 379 422 120 129 143 126 62 61 
New BC onsets:  0
BC status:  4961 39 
BC subtype:  4961 28 11 

clinical_engagement 
diagnosis 
demography 
58 new agents 
6 dtreferralsatt6 smreferralsatt19 
disease_progression 
H-positive risk:  937 882 132 866 413 120 878 382 129 60 141 60 
H-negative risk:  882 937 878 866 382 413 120 132 141 129 60 60 
New BC onsets:  0
BC status:  4959 41 
BC subtype:  4959 30 11 

clinical_engagement 
diagnosis 
demography 
47 new agents 
11 dtreferralsatt11 smreferralsatt20 
disease_progression 
H-positive risk:  942 879 132 861 417 120 883 379 129 60 140 58 
H-negative risk:  879 942 883 861 379 417 120 132 140 129 58 60 
New BC onsets:  0
BC status:  4956 44 
BC subtype:  4956 32 12 

clinical_engagement 
diagnosis 
demography 
60 new agents 
7 dtreferralsatt7 smreferralsatt21 
disease_progression 
H-positive risk:  951 882 132 862 412 116 884 375 130 59 140 57 
H-negative risk:  882 951 884 862 375 412 116 132 140 130 57 59 
New BC onsets:  0
BC status:  4952 48 
BC subtype:  4952 35 13 

clinical_engagement 
diagnosis 
demography 
66 new agents 
8 dtreferralsatt8 smreferralsatt22 
disease_progression 
H-positive risk:  956 882 134 863 405 116 888 370 131 56 142 57 
H-negative risk:  882 956 888 863 370 405 116 134 142 131 57 56 
New BC onsets:  0
BC status:  4952 48 
BC subtype:  4952 34 14 

clinical_engagement 
diagnosis 
demography 
70 new agents 
11 dtreferralsatt11 smreferralsatt23 
disease_progression 
H-positive risk:  959 890 135 856 402 118 888 369 134 56 140 53 
H-negative risk:  890 959 888 856 369 402 118 135 140 134 53 56 
New BC onsets:  0
BC status:  4951 49 
BC subtype:  4951 35 14 

clinical_engagement 
diagnosis 
demography 
47 new agents 
13 dtreferralsatt13 smreferralsatt24 
disease_progression 
H-positive risk:  962 894 136 856 400 120 887 363 136 54 140 52 
H-negative risk:  894 962 887 856 363 400 120 136 140 136 52 54 
New BC onsets:  0
BC status:  4948 52 
BC subtype:  4948 35 17 

clinical_engagement 
diagnosis 
demography 
65 new agents 
4 dtreferralsatt4 smreferralsatt25 
disease_progression 
H-positive risk:  889 822 125 926 398 116 965 362 138 52 152 55 
H-negative risk:  822 889 965 926 362 398 116 125 152 138 55 52 
New BC onsets:  0
BC status:  4950 50 
BC subtype:  4950 34 16 

clinical_engagement 
diagnosis 
demography 
200 new agents 
8 dtreferralsatt8 smreferralsatt26 
disease_progression 
H-positive risk:  913 856 128 890 384 122 949 359 131 55 150 63 
H-negative risk:  856 913 949 890 359 384 122 128 150 131 63 55 
New BC onsets:  0
BC status:  4947 53 
BC subtype:  4947 37 16 

clinical_engagement 
diagnosis 
demography 
71 new agents 
7 dtreferralsatt7 smreferralsatt27 
disease_progression 
H-positive risk:  916 862 132 882 379 123 951 358 131 55 149 62 
H-negative risk:  862 916 951 882 358 379 123 132 149 131 62 55 
New BC onsets:  0
BC status:  4946 54 
BC subtype:  4946 37 17 

clinical_engagement 
diagnosis 
demography 
68 new agents 
8 dtreferralsatt8 smreferralsatt28 
disease_progression 
H-positive risk:  915 861 132 884 375 125 955 359 131 54 148 61 
H-negative risk:  861 915 955 884 359 375 125 132 148 131 61 54 
New BC onsets:  0
BC status:  4948 52 
BC subtype:  4948 37 15 

clinical_engagement 
diagnosis 
demography 
72 new agents 
9 dtreferralsatt9 smreferralsatt29 
disease_progression 
H-positive risk:  917 865 132 888 372 125 951 351 136 53 150 60 
H-negative risk:  865 917 951 888 351 372 125 132 150 136 60 53 
New BC onsets:  0
BC status:  4948 52 
BC subtype:  4948 37 15 

clinical_engagement 
diagnosis 
demography 
50 new agents 
13 dtreferralsatt13 smreferralsatt30 
disease_progression 
H-positive risk:  923 867 133 885 372 126 950 348 137 51 151 57 
H-negative risk:  867 923 950 885 348 372 126 133 151 137 57 51 
New BC onsets:  0
BC status:  4946 54 
BC subtype:  4946 39 15 

clinical_engagement 
diagnosis 
demography 
69 new agents 
7 dtreferralsatt7 smreferralsatt31 
disease_progression 
H-positive risk:  926 870 131 884 365 129 953 347 136 51 152 56 
H-negative risk:  870 926 953 884 347 365 129 131 152 136 56 51 
New BC onsets:  0
BC status:  4944 56 
BC subtype:  4944 41 15 

clinical_engagement 
diagnosis 
demography 
69 new agents 
7 dtreferralsatt7 smreferralsatt32 
disease_progression 
H-positive risk:  932 875 133 872 363 129 955 342 135 55 153 56 
H-negative risk:  875 932 955 872 342 363 129 133 153 135 56 55 
New BC onsets:  0
BC status:  4945 55 
BC subtype:  4945 40 15 

clinical_engagement 
diagnosis 
demography 
53 new agents 
8 dtreferralsatt8 smreferralsatt33 
disease_progression 
H-positive risk:  935 874 132 873 358 130 965 335 134 56 153 55 
H-negative risk:  874 935 965 873 335 358 130 132 153 134 55 56 
New BC onsets:  0
BC status:  4944 56 
BC subtype:  4944 41 15 

clinical_engagement 
diagnosis 
demography 
51 new agents 
8 dtreferralsatt8 smreferralsatt34 
disease_progression 
H-positive risk:  938 878 134 873 355 129 963 337 133 55 151 54 
H-negative risk:  878 938 963 873 337 355 129 134 151 133 54 55 
New BC onsets:  0
BC status:  4942 58 
BC subtype:  4942 43 15 

clinical_engagement 
diagnosis 
demography 
61 new agents 
4 dtreferralsatt4 smreferralsatt35 
disease_progression 
H-positive risk:  938 881 133 879 351 129 953 343 132 55 149 57 
H-negative risk:  881 938 953 879 343 351 129 133 149 132 57 55 
New BC onsets:  0
BC status:  4943 57 
BC subtype:  4943 43 14 

clinical_engagement 
diagnosis 
demography 
57 new agents 
13 dtreferralsatt13 smreferralsatt36 
disease_progression 
H-positive risk:  938 883 131 875 352 130 951 345 136 53 151 55 
H-negative risk:  883 938 951 875 345 352 130 131 151 136 55 53 
New BC onsets:  0
BC status:  4941 59 
BC subtype:  4941 45 14 

clinical_engagement 
diagnosis 
demography 
63 new agents 
11 dtreferralsatt11 smreferralsatt37 
disease_progression 
H-positive risk:  857 817 124 938 353 118 1035 345 149 52 157 55 
H-negative risk:  817 857 1035 938 345 353 118 124 157 149 55 52 
New BC onsets:  0
BC status:  4941 59 
BC subtype:  4941 45 14 

clinical_engagement 
diagnosis 
demography 
156 new agents 
12 dtreferralsatt12 smreferralsatt38 
disease_progression 
H-positive risk:  871 823 125 915 373 119 1016 354 145 50 154 55 
H-negative risk:  823 871 1016 915 354 373 119 125 154 145 55 50 
New BC onsets:  0
BC status:  4939 61 
BC subtype:  4939 47 14 

clinical_engagement 
diagnosis 
demography 
54 new agents 
7 dtreferralsatt7 smreferralsatt39 
disease_progression 
H-positive risk:  878 822 124 912 376 120 1009 356 144 53 151 55 
H-negative risk:  822 878 1009 912 356 376 120 124 151 144 55 53 
New BC onsets:  0
BC status:  4938 62 
BC subtype:  4938 47 15 

clinical_engagement 
diagnosis 
demography 
68 new agents 
7 dtreferralsatt7 smreferralsatt40 
disease_progression 
H-positive risk:  877 828 122 908 370 122 1019 355 142 52 151 54 
H-negative risk:  828 877 1019 908 355 370 122 122 151 142 54 52 
New BC onsets:  0
BC status:  4938 62 
BC subtype:  4938 47 15 

clinical_engagement 
diagnosis 
demography 
71 new agents 
13 dtreferralsatt13 smreferralsatt41 
disease_progression 
H-positive risk:  877 839 122 907 368 121 1010 357 140 53 149 57 
H-negative risk:  839 877 1010 907 357 368 121 122 149 140 57 53 
New BC onsets:  0
BC status:  4937 63 
BC subtype:  4937 48 15 

clinical_engagement 
diagnosis 
demography 
58 new agents 
13 dtreferralsatt13 smreferralsatt42 
disease_progression 
H-positive risk:  879 839 123 905 362 120 1009 362 140 54 152 55 
H-negative risk:  839 879 1009 905 362 362 120 123 152 140 55 54 
New BC onsets:  0
BC status:  4937 63 
BC subtype:  4937 48 15 

clinical_engagement 
diagnosis 
demography 
62 new agents 
15 dtreferralsatt15 smreferralsatt43 
disease_progression 
H-positive risk:  886 840 127 899 361 119 1008 358 142 53 151 56 
H-negative risk:  840 886 1008 899 358 361 119 127 151 142 56 53 
New BC onsets:  0
BC status:  4934 66 
BC subtype:  4934 49 17 

clinical_engagement 
diagnosis 
demography 
66 new agents 
9 dtreferralsatt9 smreferralsatt44 
disease_progression 
H-positive risk:  890 848 128 890 362 121 1005 359 140 52 150 55 
H-negative risk:  848 890 1005 890 359 362 121 128 150 140 55 52 
New BC onsets:  0
BC status:  4935 65 
BC subtype:  4935 50 15 

clinical_engagement 
diagnosis 
demography 
49 new agents 
5 dtreferralsatt5 smreferralsatt45 
disease_progression 
H-positive risk:  887 856 129 892 360 121 1010 352 140 52 148 53 
H-negative risk:  856 887 1010 892 352 360 121 129 148 140 53 52 
New BC onsets:  0
BC status:  4934 66 
BC subtype:  4934 51 15 

clinical_engagement 
diagnosis 
demography 
61 new agents 
10 dtreferralsatt10 smreferralsatt46 
disease_progression 
H-positive risk:  887 855 127 897 355 120 1013 351 140 53 146 56 
H-negative risk:  855 887 1013 897 351 355 120 127 146 140 56 53 
New BC onsets:  0
BC status:  4933 67 
BC subtype:  4933 51 16 

clinical_engagement 
diagnosis 
demography 
57 new agents 
13 dtreferralsatt13 smreferralsatt47 
disease_progression 
H-positive risk:  895 858 126 893 354 122 1014 343 143 53 145 54 
H-negative risk:  858 895 1014 893 343 354 122 126 145 143 54 53 
New BC onsets:  0
BC status:  4929 71 
BC subtype:  4929 55 16 

clinical_engagement 
diagnosis 
demography 
60 new agents 
6 dtreferralsatt6 smreferralsatt48 
disease_progression 
H-positive risk:  898 861 128 893 352 122 1007 341 144 55 145 54 
H-negative risk:  861 898 1007 893 341 352 122 128 145 144 54 55 
New BC onsets:  0
BC status:  4928 72 
BC subtype:  4928 55 17 

clinical_engagement 
diagnosis 
demography 
65 new agents 
7 dtreferralsatt7 smreferralsatt49 
disease_progression 
H-positive risk:  837 807 120 945 349 112 1071 338 153 57 157 54 
H-negative risk:  807 837 1071 945 338 349 112 120 157 153 54 57 
New BC onsets:  0
BC status:  4929 71 
BC subtype:  4929 55 16 

clinical_engagement 
diagnosis 
demography 
123 new agents 
10 dtreferralsatt10 smreferralsatt50 
disease_progression 
H-positive risk:  848 816 120 933 355 120 1020 363 151 59 151 64 
H-negative risk:  816 848 1020 933 363 355 120 120 151 151 64 59 
New BC onsets:  0
BC status:  4924 76 
BC subtype:  4924 61 15 

clinical_engagement 
diagnosis 
demography 
75 new agents 
9 dtreferralsatt9 smreferralsatt51 
disease_progression 
H-positive risk:  848 819 120 934 351 121 1025 361 151 56 149 65 
H-negative risk:  819 848 1025 934 361 351 121 120 149 151 65 56 
New BC onsets:  0
BC status:  4924 76 
BC subtype:  4924 62 14 

clinical_engagement 
diagnosis 
demography 
76 new agents 
9 dtreferralsatt9 smreferralsatt52 
disease_progression 
H-positive risk:  850 819 119 934 345 116 1033 364 150 55 152 63 
H-negative risk:  819 850 1033 934 364 345 116 119 152 150 63 55 
New BC onsets:  0
BC status:  4921 79 
BC subtype:  4921 64 15 

clinical_engagement 
diagnosis 
demography 
59 new agents 
11 dtreferralsatt11 smreferralsatt53 
disease_progression 
H-positive risk:  851 816 119 933 347 117 1033 364 149 55 153 63 
H-negative risk:  816 851 1033 933 364 347 117 119 153 149 63 55 
New BC onsets:  0
BC status:  4920 80 
BC subtype:  4920 64 16 

clinical_engagement 
diagnosis 
demography 
64 new agents 
13 dtreferralsatt13 smreferralsatt54 
disease_progression 
H-positive risk:  857 815 117 937 338 121 1032 366 149 53 153 62 
H-negative risk:  815 857 1032 937 366 338 121 117 153 149 62 53 
New BC onsets:  0
BC status:  4925 75 
BC subtype:  4925 61 14 

clinical_engagement 
diagnosis 
demography 
57 new agents 
7 dtreferralsatt7 smreferralsatt55 
disease_progression 
H-positive risk:  860 817 119 933 336 122 1027 373 147 52 152 62 
H-negative risk:  817 860 1027 933 373 336 122 119 152 147 62 52 
New BC onsets:  0
BC status:  4924 76 
BC subtype:  4924 61 15 

clinical_engagement 
diagnosis 
demography 
68 new agents 
9 dtreferralsatt9 smreferralsatt56 
disease_progression 
H-positive risk:  863 822 117 936 328 124 1029 368 144 54 152 63 
H-negative risk:  822 863 1029 936 368 328 124 117 152 144 63 54 
New BC onsets:  0
BC status:  4923 77 
BC subtype:  4923 63 14 

clinical_engagement 
diagnosis 
demography 
61 new agents 
12 dtreferralsatt12 smreferralsatt57 
disease_progression 
H-positive risk:  869 823 118 940 321 123 1029 368 143 51 153 62 
H-negative risk:  823 869 1029 940 368 321 123 118 153 143 62 51 
New BC onsets:  0
BC status:  4920 80 
BC subtype:  4920 66 14 

clinical_engagement 
diagnosis 
demography 
76 new agents 
14 dtreferralsatt14 smreferralsatt58 
disease_progression 
H-positive risk:  880 832 120 941 315 123 1017 367 145 46 154 60 
H-negative risk:  832 880 1017 941 367 315 123 120 154 145 60 46 
New BC onsets:  0
BC status:  4921 79 
BC subtype:  4921 66 13 

clinical_engagement 
diagnosis 
demography 
56 new agents 
11 dtreferralsatt11 smreferralsatt59 
disease_progression 
H-positive risk:  879 829 122 940 317 122 1020 365 143 47 156 60 
H-negative risk:  829 879 1020 940 365 317 122 122 156 143 60 47 
New BC onsets:  0
BC status:  4919 81 
BC subtype:  4919 66 15 

clinical_engagement 
diagnosis 
demography 
79 new agents 
14 dtreferralsatt14 smreferralsatt60 
disease_progression 
H-positive risk:  878 835 124 936 314 121 1023 359 146 47 157 60 
H-negative risk:  835 878 1023 936 359 314 121 124 157 146 60 47 
New BC onsets:  0
BC status:  4919 81 
BC subtype:  4919 65 16 

clinical_engagement 
diagnosis 
demography 
72 new agents 
11 dtreferralsatt11 smreferralsatt61 
disease_progression 
H-positive risk:  837 778 115 979 321 117 1070 360 151 48 161 63 
H-negative risk:  778 837 1070 979 360 321 117 115 161 151 63 48 
New BC onsets:  0
BC status:  4918 82 
BC subtype:  4918 66 16 

clinical_engagement 
diagnosis 
demography 
123 new agents 
9 dtreferralsatt9 smreferralsatt62 
disease_progression 
H-positive risk:  838 784 119 951 350 117 1056 362 148 50 162 63 
H-negative risk:  784 838 1056 951 362 350 117 119 162 148 63 50 
New BC onsets:  0
BC status:  4917 83 
BC subtype:  4917 65 18 

clinical_engagement 
diagnosis 
demography 
95 new agents 
6 dtreferralsatt6 smreferralsatt63 
disease_progression 
H-positive risk:  843 788 120 949 351 122 1056 354 145 49 159 64 
H-negative risk:  788 843 1056 949 354 351 122 120 159 145 64 49 
New BC onsets:  0
BC status:  4918 82 
BC subtype:  4918 63 19 

clinical_engagement 
diagnosis 
demography 
70 new agents 
9 dtreferralsatt9 smreferralsatt64 
disease_progression 
H-positive risk:  841 791 120 942 359 121 1048 361 148 47 158 64 
H-negative risk:  791 841 1048 942 361 359 121 120 158 148 64 47 
New BC onsets:  0
BC status:  4917 83 
BC subtype:  4917 65 18 

clinical_engagement 
diagnosis 
demography 
63 new agents 
9 dtreferralsatt9 smreferralsatt65 
disease_progression 
H-positive risk:  836 801 120 937 360 120 1042 367 148 47 161 61 
H-negative risk:  801 836 1042 937 367 360 120 120 161 148 61 47 
New BC onsets:  0
BC status:  4919 81 
BC subtype:  4919 63 18 

clinical_engagement 
diagnosis 
demography 
64 new agents 
10 dtreferralsatt10 smreferralsatt66 
disease_progression 
H-positive risk:  837 809 120 934 360 117 1039 361 153 47 163 60 
H-negative risk:  809 837 1039 934 361 360 117 120 163 153 60 47 
New BC onsets:  0
BC status:  4920 80 
BC subtype:  4920 63 17 

clinical_engagement 
diagnosis 
demography 
84 new agents 
13 dtreferralsatt13 smreferralsatt67 
disease_progression 
H-positive risk:  834 814 119 934 364 119 1036 360 150 44 164 62 
H-negative risk:  814 834 1036 934 360 364 119 119 164 150 62 44 
New BC onsets:  0
BC status:  4920 80 
BC subtype:  4920 64 16 

clinical_engagement 
diagnosis 
demography 
64 new agents 
7 dtreferralsatt7 smreferralsatt68 
disease_progression 
H-positive risk:  841 808 118 937 369 120 1031 356 151 45 162 62 
H-negative risk:  808 841 1031 937 356 369 120 118 162 151 62 45 
New BC onsets:  0
BC status:  4917 83 
BC subtype:  4917 67 16 

clinical_engagement 
diagnosis 
demography 
60 new agents 
8 dtreferralsatt8 smreferralsatt69 
disease_progression 
H-positive risk:  847 811 119 930 369 119 1028 355 152 45 163 62 
H-negative risk:  811 847 1028 930 355 369 119 119 163 152 62 45 
New BC onsets:  0
BC status:  4919 81 
BC subtype:  4919 65 16 

clinical_engagement 
diagnosis 
demography 
66 new agents 
6 dtreferralsatt6 smreferralsatt70 
disease_progression 
H-positive risk:  841 816 121 927 368 120 1029 360 148 45 165 60 
H-negative risk:  816 841 1029 927 360 368 120 121 165 148 60 45 
New BC onsets:  0
BC status:  4919 81 
BC subtype:  4919 65 16 

clinical_engagement 
diagnosis 
demography 
75 new agents 
12 dtreferralsatt12 smreferralsatt71 
disease_progression 
H-positive risk:  842 823 124 917 369 119 1032 354 150 47 165 58 
H-negative risk:  823 842 1032 917 354 369 119 124 165 150 58 47 
New BC onsets:  0
BC status:  4920 80 
BC subtype:  4920 64 16 

clinical_engagement 
diagnosis 
demography 
78 new agents 
7 dtreferralsatt7 smreferralsatt72 
disease_progression 
H-positive risk:  846 823 130 908 367 123 1031 352 149 49 162 60 
H-negative risk:  823 846 1031 908 352 367 123 130 162 149 60 49 
New BC onsets:  0
BC status:  4922 78 
BC subtype:  4922 62 16 

clinical_engagement 
diagnosis 
demography 
56 new agents 
10 dtreferralsatt10 smreferralsatt73 
disease_progression 
H-positive risk:  795 770 124 961 371 116 1080 350 156 51 165 61 
H-negative risk:  770 795 1080 961 350 371 116 124 165 156 61 51 
New BC onsets:  0
BC status:  4924 76 
BC subtype:  4924 60 16 

clinical_engagement 
diagnosis 
demography 
111 new agents 
11 dtreferralsatt11 smreferralsatt74 
disease_progression 
H-positive risk:  796 778 125 952 372 111 1065 357 161 57 162 64 
H-negative risk:  778 796 1065 952 357 372 111 125 162 161 64 57 
New BC onsets:  0
BC status:  4927 73 
BC subtype:  4927 59 14 

clinical_engagement 
diagnosis 
demography 
78 new agents 
10 dtreferralsatt10 smreferralsatt75 
disease_progression 
H-positive risk:  794 786 127 950 363 110 1059 370 160 57 160 64 
H-negative risk:  786 794 1059 950 370 363 110 127 160 160 64 57 
New BC onsets:  0
BC status:  4924 76 
BC subtype:  4924 62 14 

clinical_engagement 
diagnosis 
demography 
93 new agents 
8 dtreferralsatt8 smreferralsatt76 
disease_progression 
H-positive risk:  794 793 127 947 365 111 1057 371 156 57 156 66 
H-negative risk:  793 794 1057 947 371 365 111 127 156 156 66 57 
New BC onsets:  0
BC status:  4923 77 
BC subtype:  4923 61 16 

clinical_engagement 
diagnosis 
demography 
62 new agents 
14 dtreferralsatt14 smreferralsatt77 
disease_progression 
H-positive risk:  795 796 126 948 362 112 1063 367 158 55 152 66 
H-negative risk:  796 795 1063 948 367 362 112 126 152 158 66 55 
New BC onsets:  0
BC status:  4922 78 
BC subtype:  4922 62 16 

clinical_engagement 
diagnosis 
demography 
69 new agents 
4 dtreferralsatt4 smreferralsatt78 
disease_progression 
H-positive risk:  801 793 125 959 353 115 1055 372 158 53 151 65 
H-negative risk:  793 801 1055 959 372 353 115 125 151 158 65 53 
New BC onsets:  0
BC status:  4920 80 
BC subtype:  4920 64 16 

clinical_engagement 
diagnosis 
demography 
79 new agents 
11 dtreferralsatt11 smreferralsatt79 
disease_progression 
H-positive risk:  807 791 121 961 353 111 1064 365 153 56 155 63 
H-negative risk:  791 807 1064 961 365 353 111 121 155 153 63 56 
New BC onsets:  0
BC status:  4919 81 
BC subtype:  4919 65 16 

clinical_engagement 
diagnosis 
demography 
57 new agents 
9 dtreferralsatt9 smreferralsatt80 
disease_progression 
H-positive risk:  801 784 121 970 351 113 1071 364 154 55 154 62 
H-negative risk:  784 801 1071 970 364 351 113 121 154 154 62 55 
New BC onsets:  0
BC status:  4917 83 
BC subtype:  4917 67 16 

clinical_engagement 
diagnosis 
demography 
59 new agents 
12 dtreferralsatt12 smreferralsatt81 
disease_progression 
H-positive risk:  801 780 121 980 353 113 1065 365 152 53 154 63 
H-negative risk:  780 801 1065 980 365 353 113 121 154 152 63 53 
New BC onsets:  0
BC status:  4917 83 
BC subtype:  4917 67 16 

clinical_engagement 
diagnosis 
demography 
77 new agents 
10 dtreferralsatt10 smreferralsatt82 
disease_progression 
H-positive risk:  797 784 122 980 355 114 1067 363 149 55 153 61 
H-negative risk:  784 797 1067 980 363 355 114 122 153 149 61 55 
New BC onsets:  0
BC status:  4915 85 
BC subtype:  4915 70 15 

clinical_engagement 
diagnosis 
demography 
68 new agents 
13 dtreferralsatt13 smreferralsatt83 
disease_progression 
H-positive risk:  795 788 121 971 348 114 1082 362 150 55 153 61 
H-negative risk:  788 795 1082 971 362 348 114 121 153 150 61 55 
New BC onsets:  0
BC status:  4912 88 
BC subtype:  4912 73 15 

clinical_engagement 
diagnosis 
demography 
65 new agents 
10 dtreferralsatt10 smreferralsatt84 
disease_progression 
H-positive risk:  794 791 120 971 345 115 1086 358 149 54 155 62 
H-negative risk:  791 794 1086 971 358 345 115 120 155 149 62 54 
New BC onsets:  0
BC status:  4913 87 
BC subtype:  4913 71 16 

clinical_engagement 
diagnosis 
demography 
72 new agents 
4 dtreferralsatt4 smreferralsatt85 
disease_progression 
H-positive risk:  757 760 115 999 347 108 1124 361 155 56 158 60 
H-negative risk:  760 757 1124 999 361 347 108 115 158 155 60 56 
New BC onsets:  0
BC status:  4913 87 
BC subtype:  4913 71 16 

clinical_engagement 
diagnosis 
demography 
94 new agents 
8 dtreferralsatt8 smreferralsatt86 
disease_progression 
H-positive risk:  769 758 112 985 356 114 1106 378 145 61 154 62 
H-negative risk:  758 769 1106 985 378 356 114 112 154 145 62 61 
New BC onsets:  0
BC status:  4909 91 
BC subtype:  4909 74 17 

clinical_engagement 
diagnosis 
demography 
62 new agents 
5 dtreferralsatt5 smreferralsatt87 
disease_progression 
H-positive risk:  774 758 113 982 352 114 1103 385 143 60 153 63 
H-negative risk:  758 774 1103 982 385 352 114 113 153 143 63 60 
New BC onsets:  0
BC status:  4909 91 
BC subtype:  4909 74 17 

clinical_engagement 
diagnosis 
demography 
75 new agents 
12 dtreferralsatt12 smreferralsatt88 
disease_progression 
H-positive risk:  772 758 112 988 348 115 1112 376 144 60 154 61 
H-negative risk:  758 772 1112 988 376 348 115 112 154 144 61 60 
New BC onsets:  0
BC status:  4907 93 
BC subtype:  4907 76 17 

clinical_engagement 
diagnosis 
demography 
66 new agents 
6 dtreferralsatt6 smreferralsatt89 
disease_progression 
H-positive risk:  774 753 113 996 336 114 1109 387 146 61 154 57 
H-negative risk:  753 774 1109 996 387 336 114 113 154 146 57 61 
New BC onsets:  0
BC status:  4906 94 
BC subtype:  4906 76 18 

clinical_engagement 
diagnosis 
demography 
73 new agents 
7 dtreferralsatt7 smreferralsatt90 
disease_progression 
H-positive risk:  772 752 113 1001 333 115 1108 384 147 61 157 57 
H-negative risk:  752 772 1108 1001 384 333 115 113 157 147 57 61 
New BC onsets:  0
BC status:  4909 91 
BC subtype:  4909 74 17 

clinical_engagement 
diagnosis 
demography 
63 new agents 
14 dtreferralsatt14 smreferralsatt91 
disease_progression 
H-positive risk:  767 753 112 1012 329 114 1102 384 145 65 159 58 
H-negative risk:  753 767 1102 1012 384 329 114 112 159 145 58 65 
New BC onsets:  0
BC status:  4906 94 
BC subtype:  4906 78 16 

clinical_engagement 
diagnosis 
demography 
63 new agents 
12 dtreferralsatt12 smreferralsatt92 
disease_progression 
H-positive risk:  769 751 114 999 334 114 1102 387 144 66 161 59 
H-negative risk:  751 769 1102 999 387 334 114 114 161 144 59 66 
New BC onsets:  0
BC status:  4900 100 
BC subtype:  4900 83 17 

clinical_engagement 
diagnosis 
demography 
75 new agents 
9 dtreferralsatt9 smreferralsatt93 
disease_progression 
H-positive risk:  772 750 114 993 334 115 1108 384 144 63 163 60 
H-negative risk:  750 772 1108 993 384 334 115 114 163 144 60 63 
New BC onsets:  0
BC status:  4900 100 
BC subtype:  4900 82 18 

clinical_engagement 
diagnosis 
demography 
83 new agents 
8 dtreferralsatt8 smreferralsatt94 
disease_progression 
H-positive risk:  768 741 115 993 331 118 1114 383 143 65 167 62 
H-negative risk:  741 768 1114 993 383 331 118 115 167 143 62 65 
New BC onsets:  0
BC status:  4900 100 
BC subtype:  4900 80 20 

clinical_engagement 
diagnosis 
demography 
89 new agents 
6 dtreferralsatt6 smreferralsatt95 
disease_progression 
H-positive risk:  778 738 115 1000 329 117 1117 376 145 62 162 61 
H-negative risk:  738 778 1117 1000 376 329 117 115 162 145 61 62 
New BC onsets:  0
BC status:  4904 96 
BC subtype:  4904 77 19 

clinical_engagement 
diagnosis 
demography 
66 new agents 
9 dtreferralsatt9 smreferralsatt96 
disease_progression 
H-positive risk:  779 737 113 1008 325 117 1111 375 145 63 165 62 
H-negative risk:  737 779 1111 1008 375 325 117 113 165 145 62 63 
New BC onsets:  0
BC status:  4902 98 
BC subtype:  4902 79 19 

clinical_engagement 
diagnosis 
demography 
60 new agents 
7 dtreferralsatt7 smreferralsatt97 
disease_progression 
H-positive risk:  724 691 99 1046 322 110 1176 373 152 64 181 62 
H-negative risk:  691 724 1176 1046 373 322 110 99 181 152 62 64 
New BC onsets:  0
BC status:  4901 99 
BC subtype:  4901 80 19 

clinical_engagement 
diagnosis 
demography 
98 new agents 
10 dtreferralsatt10 smreferralsatt98 
disease_progression 
H-positive risk:  725 693 99 1031 334 111 1154 388 153 65 183 64 
H-negative risk:  693 725 1154 1031 388 334 111 99 183 153 64 65 
New BC onsets:  0
BC status:  4897 103 
BC subtype:  4897 82 21 

clinical_engagement 
diagnosis 
demography 
81 new agents 
5 dtreferralsatt5 smreferralsatt99 
disease_progression 
H-positive risk:  732 694 99 1023 331 112 1155 390 156 65 176 67 
H-negative risk:  694 732 1155 1023 390 331 112 99 176 156 67 65 
New BC onsets:  0
BC status:  4896 104 
BC subtype:  4896 82 22 

clinical_engagement 
diagnosis 
demography 
72 new agents 
13 dtreferralsatt13 smreferralsatt100 
disease_progression 
H-positive risk:  732 697 98 1020 336 112 1156 387 157 64 178 63 
H-negative risk:  697 732 1156 1020 387 336 112 98 178 157 63 64 
New BC onsets:  0
BC status:  4893 107 
BC subtype:  4893 83 24 

clinical_engagement 
diagnosis 
demography 
62 new agents 
11 dtreferralsatt11 smreferralsatt101 
disease_progression 
H-positive risk:  734 694 97 1024 342 110 1157 381 157 64 178 62 
H-negative risk:  694 734 1157 1024 381 342 110 97 178 157 62 64 
New BC onsets:  0
BC status:  4891 109 
BC subtype:  4891 85 24 

clinical_engagement 
diagnosis 
demography 
80 new agents 
13 dtreferralsatt13 smreferralsatt102 
disease_progression 
H-positive risk:  743 695 98 1017 348 110 1148 385 153 63 180 60 
H-negative risk:  695 743 1148 1017 385 348 110 98 180 153 60 63 
New BC onsets:  0
BC status:  4893 107 
BC subtype:  4893 84 23 

clinical_engagement 
diagnosis 
demography 
70 new agents 
12 dtreferralsatt12 smreferralsatt103 
disease_progression 
H-positive risk:  742 696 98 1024 345 107 1143 385 154 65 182 59 
H-negative risk:  696 742 1143 1024 385 345 107 98 182 154 59 65 
New BC onsets:  0
BC status:  4894 106 
BC subtype:  4894 83 23 

clinical_engagement 
diagnosis 
demography 
77 new agents 
11 dtreferralsatt11 smreferralsatt104 
disease_progression 
H-positive risk:  738 696 98 1027 337 108 1142 386 157 68 179 64 
H-negative risk:  696 738 1142 1027 386 337 108 98 179 157 64 68 
New BC onsets:  0
BC status:  4897 103 
BC subtype:  4897 83 20 

clinical_engagement 
diagnosis 
demography 
59 new agents 
11 dtreferralsatt11 smreferralsatt105 
disease_progression 
H-positive risk:  731 699 97 1021 344 108 1140 391 157 69 180 63 
H-negative risk:  699 731 1140 1021 391 344 108 97 180 157 63 69 
New BC onsets:  0
BC status:  4897 103 
BC subtype:  4897 83 20 

clinical_engagement 
diagnosis 
demography 
54 new agents 
10 dtreferralsatt10 smreferralsatt106 
disease_progression 
H-positive risk:  731 695 94 1024 345 108 1138 392 159 70 182 62 
H-negative risk:  695 731 1138 1024 392 345 108 94 182 159 62 70 
New BC onsets:  0
BC status:  4898 102 
BC subtype:  4898 82 20 

clinical_engagement 
diagnosis 
demography 
63 new agents 
9 dtreferralsatt9 smreferralsatt107 
disease_progression 
H-positive risk:  728 690 96 1021 352 108 1140 398 159 69 179 60 
H-negative risk:  690 728 1140 1021 398 352 108 96 179 159 60 69 
New BC onsets:  0
BC status:  4899 101 
BC subtype:  4899 81 20 

clinical_engagement 
diagnosis 
demography 
76 new agents 
10 dtreferralsatt10 smreferralsatt108 
disease_progression 
H-positive risk:  735 680 94 1028 353 107 1146 395 157 67 182 56 
H-negative risk:  680 735 1146 1028 395 353 107 94 182 157 56 67 
New BC onsets:  0
BC status:  4899 101 
BC subtype:  4899 82 19 

clinical_engagement 
diagnosis 
demography 
75 new agents 
17 dtreferralsatt17 smreferralsatt109 
disease_progression 
H-positive risk:  697 646 88 1063 362 105 1182 391 161 64 189 52 
H-negative risk:  646 697 1182 1063 391 362 105 88 189 161 52 64 
New BC onsets:  0
BC status:  4903 97 
BC subtype:  4903 78 19 

clinical_engagement 
diagnosis 
demography 
103 new agents 
18 dtreferralsatt18 smreferralsatt110 
disease_progression 
H-positive risk:  698 642 93 1059 376 105 1169 394 160 64 189 51 
H-negative risk:  642 698 1169 1059 394 376 105 93 189 160 51 64 
New BC onsets:  0
BC status:  4900 100 
BC subtype:  4900 80 20 

clinical_engagement 
diagnosis 
demography 
79 new agents 
11 dtreferralsatt11 smreferralsatt111 
disease_progression 
H-positive risk:  691 650 95 1049 375 108 1163 404 161 65 186 53 
H-negative risk:  650 691 1163 1049 404 375 108 95 186 161 53 65 
New BC onsets:  0
BC status:  4899 101 
BC subtype:  4899 80 21 

clinical_engagement 
diagnosis 
demography 
56 new agents 
11 dtreferralsatt11 smreferralsatt112 
disease_progression 
H-positive risk:  687 651 92 1049 379 110 1161 410 162 64 184 51 
H-negative risk:  651 687 1161 1049 410 379 110 92 184 162 51 64 
New BC onsets:  0
BC status:  4900 100 
BC subtype:  4900 79 21 

clinical_engagement 
diagnosis 
demography 
80 new agents 
11 dtreferralsatt11 smreferralsatt113 
disease_progression 
H-positive risk:  689 656 93 1047 378 112 1162 404 165 65 179 50 
H-negative risk:  656 689 1162 1047 404 378 112 93 179 165 50 65 
New BC onsets:  0
BC status:  4902 98 
BC subtype:  4902 76 22 

clinical_engagement 
diagnosis 
demography 
56 new agents 
7 dtreferralsatt7 smreferralsatt114 
disease_progression 
H-positive risk:  684 660 93 1047 379 108 1169 398 170 66 177 49 
H-negative risk:  660 684 1169 1047 398 379 108 93 177 170 49 66 
New BC onsets:  0
BC status:  4903 97 
BC subtype:  4903 75 22 

clinical_engagement 
diagnosis 
demography 
73 new agents 
10 dtreferralsatt10 smreferralsatt115 
disease_progression 
H-positive risk:  693 663 93 1046 377 108 1165 393 172 64 177 49 
H-negative risk:  663 693 1165 1046 393 377 108 93 177 172 49 64 
New BC onsets:  0
BC status:  4903 97 
BC subtype:  4903 75 22 

clinical_engagement 
diagnosis 
demography 
83 new agents 
7 dtreferralsatt7 smreferralsatt116 
disease_progression 
H-positive risk:  703 667 96 1046 374 105 1161 387 172 63 177 49 
H-negative risk:  667 703 1161 1046 387 374 105 96 177 172 49 63 
New BC onsets:  0
BC status:  4903 97 
BC subtype:  4903 76 21 

clinical_engagement 
diagnosis 
demography 
61 new agents 
12 dtreferralsatt12 smreferralsatt117 
disease_progression 
H-positive risk:  697 669 94 1050 374 105 1163 387 173 63 177 48 
H-negative risk:  669 697 1163 1050 387 374 105 94 177 173 48 63 
New BC onsets:  0
BC status:  4903 97 
BC subtype:  4903 76 21 

clinical_engagement 
diagnosis 
demography 
76 new agents 
12 dtreferralsatt12 smreferralsatt118 
disease_progression 
H-positive risk:  694 669 92 1047 379 107 1168 388 170 64 174 48 
H-negative risk:  669 694 1168 1047 388 379 107 92 174 170 48 64 
New BC onsets:  0
BC status:  4903 97 
BC subtype:  4903 74 23 

clinical_engagement 
diagnosis 
demography 
62 new agents 
6 dtreferralsatt6 smreferralsatt119 
disease_progression 
H-positive risk:  688 665 93 1056 379 109 1160 395 170 65 173 47 
H-negative risk:  665 688 1160 1056 395 379 109 93 173 170 47 65 
New BC onsets:  0
BC status:  4901 99 
BC subtype:  4901 74 25 

clinical_engagement 
diagnosis 
demography 
58 new agents 
9 dtreferralsatt9 smreferralsatt120 
disease_progression 
H-positive risk:  682 663 94 1051 384 107 1159 399 172 64 176 49 
H-negative risk:  663 682 1159 1051 399 384 107 94 176 172 49 64 
New BC onsets:  0
BC status:  4897 103 
BC subtype:  4897 76 27 

clinical_engagement 
diagnosis 
demography 
83 new agents 
13 dtreferralsatt13 smreferralsatt121 
disease_progression 
H-positive risk:  657 638 86 1076 381 100 1188 397 179 65 182 51 
H-negative risk:  638 657 1188 1076 397 381 100 86 182 179 51 65 
New BC onsets:  0
BC status:  4897 103 
BC subtype:  4897 76 27 

clinical_engagement 
diagnosis 
demography 
96 new agents 
9 dtreferralsatt9 smreferralsatt122 
disease_progression 
H-positive risk:  658 636 87 1074 382 100 1172 412 180 70 179 50 
H-negative risk:  636 658 1172 1074 412 382 100 87 179 180 50 70 
New BC onsets:  0
BC status:  4895 105 
BC subtype:  4895 79 26 

clinical_engagement 
diagnosis 
demography 
81 new agents 
11 dtreferralsatt11 smreferralsatt123 
disease_progression 
H-positive risk:  658 635 83 1072 379 98 1177 417 181 72 177 51 
H-negative risk:  635 658 1177 1072 417 379 98 83 177 181 51 72 
New BC onsets:  0
BC status:  4894 106 
BC subtype:  4894 79 27 

clinical_engagement 
diagnosis 
demography 
73 new agents 
12 dtreferralsatt12 smreferralsatt124 
disease_progression 
H-positive risk:  663 632 84 1074 378 96 1185 412 182 68 178 48 
H-negative risk:  632 663 1185 1074 412 378 96 84 178 182 48 68 
New BC onsets:  0
BC status:  4890 110 
BC subtype:  4890 83 27 

clinical_engagement 
diagnosis 
demography 
84 new agents 
13 dtreferralsatt13 smreferralsatt125 
disease_progression 
H-positive risk:  661 628 82 1088 377 96 1186 401 183 70 179 49 
H-negative risk:  628 661 1186 1088 401 377 96 82 179 183 49 70 
New BC onsets:  0
BC status:  4889 111 
BC subtype:  4889 84 27 

clinical_engagement 
diagnosis 
demography 
67 new agents 
9 dtreferralsatt9 smreferralsatt126 
disease_progression 
H-positive risk:  667 627 83 1087 372 95 1190 402 182 69 177 49 
H-negative risk:  627 667 1190 1087 402 372 95 83 177 182 49 69 
New BC onsets:  0
BC status:  4892 108 
BC subtype:  4892 82 26 

clinical_engagement 
diagnosis 
demography 
88 new agents 
17 dtreferralsatt17 smreferralsatt127 
disease_progression 
H-positive risk:  677 625 82 1097 373 94 1187 396 181 64 179 45 
H-negative risk:  625 677 1187 1097 396 373 94 82 179 181 45 64 
New BC onsets:  0
BC status:  4890 110 
BC subtype:  4890 83 27 

clinical_engagement 
diagnosis 
demography 
72 new agents 
14 dtreferralsatt14 smreferralsatt128 
disease_progression 
H-positive risk:  680 627 84 1096 374 91 1183 397 180 65 177 46 
H-negative risk:  627 680 1183 1096 397 374 91 84 177 180 46 65 
New BC onsets:  0
BC status:  4888 112 
BC subtype:  4888 82 30 

clinical_engagement 
diagnosis 
demography 
82 new agents 
11 dtreferralsatt11 smreferralsatt129 
disease_progression 
H-positive risk:  690 631 90 1089 370 91 1179 392 180 64 176 48 
H-negative risk:  631 690 1179 1089 392 370 91 90 176 180 48 64 
New BC onsets:  0
BC status:  4888 112 
BC subtype:  4888 82 30 

clinical_engagement 
diagnosis 
demography 
73 new agents 
11 dtreferralsatt11 smreferralsatt130 
disease_progression 
H-positive risk:  693 629 90 1091 372 90 1191 378 177 63 177 49 
H-negative risk:  629 693 1191 1091 378 372 90 90 177 177 49 63 
New BC onsets:  0
BC status:  4889 111 
BC subtype:  4889 82 29 

clinical_engagement 
diagnosis 
demography 
72 new agents 
13 dtreferralsatt13 smreferralsatt131 
disease_progression 
H-positive risk:  692 631 90 1094 374 90 1187 375 180 62 177 48 
H-negative risk:  631 692 1187 1094 375 374 90 90 177 180 48 62 
New BC onsets:  0
BC status:  4885 115 
BC subtype:  4885 85 30 

clinical_engagement 
diagnosis 
demography 
76 new agents 
8 dtreferralsatt8 smreferralsatt132 
disease_progression 
H-positive risk:  695 629 91 1096 378 88 1176 379 175 65 180 48 
H-negative risk:  629 695 1176 1096 379 378 88 91 180 175 48 65 
New BC onsets:  0
BC status:  4887 113 
BC subtype:  4887 84 29 

clinical_engagement 
diagnosis 
demography 
61 new agents 
6 dtreferralsatt6 smreferralsatt133 
disease_progression 
H-positive risk:  694 631 92 1101 369 88 1174 387 175 65 176 48 
H-negative risk:  631 694 1174 1101 387 369 88 92 176 175 48 65 
New BC onsets:  0
BC status:  4886 114 
BC subtype:  4886 84 30 

clinical_engagement 
diagnosis 
demography 
76 new agents 
12 dtreferralsatt12 smreferralsatt134 
disease_progression 
H-positive risk:  681 633 92 1097 382 89 1157 405 175 63 174 52 
H-negative risk:  633 681 1157 1097 405 382 89 92 174 175 52 63 
New BC onsets:  0
BC status:  4884 116 
BC subtype:  4884 85 31 

clinical_engagement 
diagnosis 
demography 
73 new agents 
11 dtreferralsatt11 smreferralsatt135 
disease_progression 
H-positive risk:  681 638 93 1095 391 92 1144 402 175 63 173 53 
H-negative risk:  638 681 1144 1095 402 391 92 93 173 175 53 63 
New BC onsets:  0
BC status:  4885 115 
BC subtype:  4885 84 31 

clinical_engagement 
diagnosis 
demography 
68 new agents 
9 dtreferralsatt9 smreferralsatt136 
disease_progression 
H-positive risk:  683 634 96 1091 389 90 1154 398 174 66 173 52 
H-negative risk:  634 683 1154 1091 398 389 90 96 173 174 52 66 
New BC onsets:  0
BC status:  4883 117 
BC subtype:  4883 84 33 

clinical_engagement 
diagnosis 
demography 
90 new agents 
7 dtreferralsatt7 smreferralsatt137 
disease_progression 
H-positive risk:  677 632 98 1090 393 92 1155 390 176 67 177 53 
H-negative risk:  632 677 1155 1090 390 393 92 98 177 176 53 67 
New BC onsets:  0
BC status:  4879 121 
BC subtype:  4879 88 33 

clinical_engagement 
diagnosis 
demography 
84 new agents 
11 dtreferralsatt11 smreferralsatt138 
disease_progression 
H-positive risk:  677 637 95 1090 385 95 1164 388 175 68 172 54 
H-negative risk:  637 677 1164 1090 388 385 95 95 172 175 54 68 
New BC onsets:  0
BC status:  4877 123 
BC subtype:  4877 90 33 

clinical_engagement 
diagnosis 
demography 
82 new agents 
8 dtreferralsatt8 smreferralsatt139 
disease_progression 
H-positive risk:  675 637 94 1084 394 96 1163 386 177 67 173 54 
H-negative risk:  637 675 1163 1084 386 394 96 94 173 177 54 67 
New BC onsets:  0
BC status:  4882 118 
BC subtype:  4882 86 32 

clinical_engagement 
diagnosis 
demography 
77 new agents 
10 dtreferralsatt10 smreferralsatt140 
disease_progression 
H-positive risk:  667 649 95 1077 399 94 1164 387 178 67 168 55 
H-negative risk:  649 667 1164 1077 387 399 94 95 168 178 55 67 
New BC onsets:  0
BC status:  4884 116 
BC subtype:  4884 84 32 

clinical_engagement 
diagnosis 
demography 
92 new agents 
12 dtreferralsatt12 smreferralsatt141 
disease_progression 
H-positive risk:  664 647 97 1082 398 95 1163 384 184 64 169 53 
H-negative risk:  647 664 1163 1082 384 398 95 97 169 184 53 64 
New BC onsets:  0
BC status:  4884 116 
BC subtype:  4884 84 32 

clinical_engagement 
diagnosis 
demography 
82 new agents 
11 dtreferralsatt11 smreferralsatt142 
disease_progression 
H-positive risk:  655 636 94 1093 409 94 1166 383 183 62 173 52 
H-negative risk:  636 655 1166 1093 383 409 94 94 173 183 52 62 
New BC onsets:  0
BC status:  4885 115 
BC subtype:  4885 81 34 

clinical_engagement 
diagnosis 
demography 
73 new agents 
11 dtreferralsatt11 smreferralsatt143 
disease_progression 
H-positive risk:  656 635 95 1096 401 95 1166 385 189 58 175 49 
H-negative risk:  635 656 1166 1096 385 401 95 95 175 189 49 58 
New BC onsets:  0
BC status:  4887 113 
BC subtype:  4887 79 34 

clinical_engagement 
diagnosis 
demography 
66 new agents 
5 dtreferralsatt5 smreferralsatt144 
disease_progression 
H-positive risk:  657 631 93 1104 400 92 1171 377 189 59 178 49 
H-negative risk:  631 657 1171 1104 377 400 92 93 178 189 49 59 
New BC onsets:  0
BC status:  4889 111 
BC subtype:  4889 77 34 

clinical_engagement 
diagnosis 
demography 
69 new agents 
13 dtreferralsatt13 smreferralsatt145 
disease_progression 
H-positive risk:  662 633 89 1098 396 97 1181 377 185 58 176 48 
H-negative risk:  633 662 1181 1098 377 396 97 89 176 185 48 58 
New BC onsets:  0
BC status:  4891 109 
BC subtype:  4891 76 33 

clinical_engagement 
diagnosis 
demography 
102 new agents 
12 dtreferralsatt12 smreferralsatt146 
disease_progression 
H-positive risk:  669 634 92 1090 411 94 1174 373 188 55 171 49 
H-negative risk:  634 669 1174 1090 373 411 94 92 171 188 49 55 
New BC onsets:  0
BC status:  4891 109 
BC subtype:  4891 75 34 

clinical_engagement 
diagnosis 
demography 
84 new agents 
11 dtreferralsatt11 smreferralsatt147 
disease_progression 
H-positive risk:  673 637 94 1095 409 89 1154 377 194 53 173 52 
H-negative risk:  637 673 1154 1095 377 409 89 94 173 194 52 53 
New BC onsets:  0
BC status:  4889 111 
BC subtype:  4889 77 34 

clinical_engagement 
diagnosis 
demography 
79 new agents 
7 dtreferralsatt7 smreferralsatt148 
disease_progression 
H-positive risk:  673 641 94 1097 409 88 1144 384 194 52 171 53 
H-negative risk:  641 673 1144 1097 384 409 88 94 171 194 53 52 
New BC onsets:  0
BC status:  4890 110 
BC subtype:  4890 76 34 

clinical_engagement 
diagnosis 
demography 
57 new agents 
5 dtreferralsatt5 smreferralsatt149 
disease_progression 
H-positive risk:  666 640 94 1100 408 88 1142 391 191 52 174 54 
H-negative risk:  640 666 1142 1100 391 408 88 94 174 191 54 52 
New BC onsets:  0
BC status:  4886 114 
BC subtype:  4886 79 35 

clinical_engagement 
diagnosis 
demography 
79 new agents 
13 dtreferralsatt13 smreferralsatt150 
disease_progression 
H-positive risk:  662 648 94 1095 407 89 1143 390 186 57 176 53 
H-negative risk:  648 662 1143 1095 390 407 89 94 176 186 53 57 
New BC onsets:  0
BC status:  4885 115 
BC subtype:  4885 79 36 

clinical_engagement 
diagnosis 
demography 
74 new agents 
4 dtreferralsatt4 smreferralsatt151 
disease_progression 
H-positive risk:  665 647 96 1088 413 88 1141 389 186 52 183 52 
H-negative risk:  647 665 1141 1088 389 413 88 96 183 186 52 52 
New BC onsets:  0
BC status:  4890 110 
BC subtype:  4890 75 35 

clinical_engagement 
diagnosis 
demography 
79 new agents 
6 dtreferralsatt6 smreferralsatt152 
disease_progression 
H-positive risk:  665 644 96 1098 414 87 1142 385 182 55 178 54 
H-negative risk:  644 665 1142 1098 385 414 87 96 178 182 54 55 
New BC onsets:  0
BC status:  4890 110 
BC subtype:  4890 76 34 

clinical_engagement 
diagnosis 
demography 
66 new agents 
8 dtreferralsatt8 smreferralsatt153 
disease_progression 
H-positive risk:  664 645 93 1099 409 87 1138 391 188 57 177 52 
H-negative risk:  645 664 1138 1099 391 409 87 93 177 188 52 57 
New BC onsets:  0
BC status:  4891 109 
BC subtype:  4891 75 34 

clinical_engagement 
diagnosis 
demography 
69 new agents 
14 dtreferralsatt14 smreferralsatt154 
disease_progression 
H-positive risk:  674 650 91 1093 411 87 1129 392 184 58 177 54 
H-negative risk:  650 674 1129 1093 392 411 87 91 177 184 54 58 
New BC onsets:  0
BC status:  4892 108 
BC subtype:  4892 74 34 

clinical_engagement 
diagnosis 
demography 
80 new agents 
12 dtreferralsatt12 smreferralsatt155 
disease_progression 
H-positive risk:  678 654 89 1082 421 87 1130 392 183 58 173 53 
H-negative risk:  654 678 1130 1082 392 421 87 89 173 183 53 58 
New BC onsets:  0
BC status:  4889 111 
BC subtype:  4889 78 33 

clinical_engagement 
diagnosis 
demography 
64 new agents 
4 dtreferralsatt4 smreferralsatt156 
disease_progression 
H-positive risk:  672 660 90 1074 429 88 1135 387 183 59 171 52 
H-negative risk:  660 672 1135 1074 387 429 88 90 171 183 52 59 
New BC onsets:  0
BC status:  4887 113 
BC subtype:  4887 81 32 

clinical_engagement 
diagnosis 
demography 
64 new agents 
13 dtreferralsatt13 smreferralsatt157 
disease_progression 
H-positive risk:  674 657 86 1066 426 88 1142 393 183 60 173 52 
H-negative risk:  657 674 1142 1066 393 426 88 86 173 183 52 60 
New BC onsets:  0
BC status:  4889 111 
BC subtype:  4889 79 32 

clinical_engagement 
diagnosis 
demography 
83 new agents 
11 dtreferralsatt11 smreferralsatt158 
disease_progression 
H-positive risk:  665 658 84 1062 432 86 1130 412 183 60 170 58 
H-negative risk:  658 665 1130 1062 412 432 86 84 170 183 58 60 
New BC onsets:  0
BC status:  4893 107 
BC subtype:  4893 79 28 

clinical_engagement 
diagnosis 
demography 
75 new agents 
13 dtreferralsatt13 smreferralsatt159 
disease_progression 
H-positive risk:  663 661 84 1064 427 88 1126 418 180 62 170 57 
H-negative risk:  661 663 1126 1064 418 427 88 84 170 180 57 62 
New BC onsets:  0
BC status:  4897 103 
BC subtype:  4897 80 23 

clinical_engagement 
diagnosis 
demography 
67 new agents 
12 dtreferralsatt12 smreferralsatt160 
disease_progression 
H-positive risk:  667 661 84 1056 427 89 1120 422 183 62 169 60 
H-negative risk:  661 667 1120 1056 422 427 89 84 169 183 60 62 
New BC onsets:  0
BC status:  4897 103 
BC subtype:  4897 80 23 

clinical_engagement 
diagnosis 
demography 
74 new agents 
11 dtreferralsatt11 smreferralsatt161 
disease_progression 
H-positive risk:  677 657 83 1062 422 90 1109 429 180 62 165 64 
H-negative risk:  657 677 1109 1062 429 422 90 83 165 180 64 62 
New BC onsets:  0
BC status:  4896 104 
BC subtype:  4896 82 22 

clinical_engagement 
diagnosis 
demography 
73 new agents 
9 dtreferralsatt9 smreferralsatt162 
disease_progression 
H-positive risk:  679 659 86 1062 416 88 1104 430 182 61 165 68 
H-negative risk:  659 679 1104 1062 430 416 88 86 165 182 68 61 
New BC onsets:  0
BC status:  4897 103 
BC subtype:  4897 81 22 

clinical_engagement 
diagnosis 
demography 
76 new agents 
14 dtreferralsatt14 smreferralsatt163 
disease_progression 
H-positive risk:  681 660 89 1058 411 90 1101 436 187 60 162 65 
H-negative risk:  660 681 1101 1058 436 411 90 89 162 187 65 60 
New BC onsets:  0
BC status:  4895 105 
BC subtype:  4895 83 22 

clinical_engagement 
diagnosis 
demography 
87 new agents 
13 dtreferralsatt13 smreferralsatt164 
disease_progression 
H-positive risk:  689 665 86 1055 406 88 1092 439 189 59 167 65 
H-negative risk:  665 689 1092 1055 439 406 88 86 167 189 65 59 
New BC onsets:  0
BC status:  4896 104 
BC subtype:  4896 81 23 

clinical_engagement 
diagnosis 
demography 
61 new agents 
16 dtreferralsatt16 smreferralsatt165 
disease_progression 
H-positive risk:  685 662 86 1056 408 87 1097 438 189 59 170 63 
H-negative risk:  662 685 1097 1056 438 408 87 86 170 189 63 59 
New BC onsets:  0
BC status:  4896 104 
BC subtype:  4896 82 22 

clinical_engagement 
diagnosis 
demography 
69 new agents 
9 dtreferralsatt9 smreferralsatt166 
disease_progression 
H-positive risk:  686 659 87 1065 395 86 1087 452 189 58 173 63 
H-negative risk:  659 686 1087 1065 452 395 86 87 173 189 63 58 
New BC onsets:  0
BC status:  4894 106 
BC subtype:  4894 84 22 

clinical_engagement 
diagnosis 
demography 
73 new agents 
14 dtreferralsatt14 smreferralsatt167 
disease_progression 
H-positive risk:  687 665 89 1064 396 85 1079 449 188 59 173 66 
H-negative risk:  665 687 1079 1064 449 396 85 89 173 188 66 59 
New BC onsets:  0
BC status:  4897 103 
BC subtype:  4897 82 21 

clinical_engagement 
diagnosis 
demography 
75 new agents 
10 dtreferralsatt10 smreferralsatt168 
disease_progression 
H-positive risk:  685 668 92 1079 386 81 1071 449 189 59 177 64 
H-negative risk:  668 685 1071 1079 449 386 81 92 177 189 64 59 
New BC onsets:  0
BC status:  4895 105 
BC subtype:  4895 85 20 

clinical_engagement 
diagnosis 
demography 
65 new agents 
5 dtreferralsatt5 smreferralsatt169 
disease_progression 
H-positive risk:  680 676 91 1083 383 83 1066 445 190 59 179 65 
H-negative risk:  676 680 1066 1083 445 383 83 91 179 190 65 59 
New BC onsets:  0
BC status:  4894 106 
BC subtype:  4894 86 20 

clinical_engagement 
diagnosis 
demography 
85 new agents 
11 dtreferralsatt11 smreferralsatt170 
disease_progression 
H-positive risk:  688 668 89 1073 388 88 1068 447 189 59 180 63 
H-negative risk:  668 688 1068 1073 447 388 88 89 180 189 63 59 
New BC onsets:  0
BC status:  4893 107 
BC subtype:  4893 87 20 

clinical_engagement 
diagnosis 
demography 
77 new agents 
12 dtreferralsatt12 smreferralsatt171 
disease_progression 
H-positive risk:  693 668 89 1086 386 86 1067 439 186 60 176 64 
H-negative risk:  668 693 1067 1086 439 386 86 89 176 186 64 60 
New BC onsets:  0
BC status:  4894 106 
BC subtype:  4894 86 20 

clinical_engagement 
diagnosis 
demography 
75 new agents 
16 dtreferralsatt16 smreferralsatt172 
disease_progression 
H-positive risk:  689 672 88 1088 392 89 1068 434 183 64 174 59 
H-negative risk:  672 689 1068 1088 434 392 89 88 174 183 59 64 
New BC onsets:  0
BC status:  4897 103 
BC subtype:  4897 84 19 

clinical_engagement 
diagnosis 
demography 
73 new agents 
8 dtreferralsatt8 smreferralsatt173 
disease_progression 
H-positive risk:  694 676 90 1081 386 88 1078 426 181 68 172 60 
H-negative risk:  676 694 1078 1081 426 386 88 90 172 181 60 68 
New BC onsets:  0
BC status:  4899 101 
BC subtype:  4899 83 18 

clinical_engagement 
diagnosis 
demography 
73 new agents 
16 dtreferralsatt16 smreferralsatt174 
disease_progression 
H-positive risk:  694 674 87 1081 389 91 1080 425 180 66 171 62 
H-negative risk:  674 694 1080 1081 425 389 91 87 171 180 62 66 
New BC onsets:  0
BC status:  4900 100 
BC subtype:  4900 81 19 

clinical_engagement 
diagnosis 
demography 
71 new agents 
17 dtreferralsatt17 smreferralsatt175 
disease_progression 
H-positive risk:  691 677 90 1082 388 91 1083 425 175 68 170 60 
H-negative risk:  677 691 1083 1082 425 388 91 90 170 175 60 68 
New BC onsets:  0
BC status:  4902 98 
BC subtype:  4902 79 19 

clinical_engagement 
diagnosis 
demography 
78 new agents 
10 dtreferralsatt10 smreferralsatt176 
disease_progression 
H-positive risk:  696 671 93 1075 392 92 1092 417 172 71 171 58 
H-negative risk:  671 696 1092 1075 417 392 92 93 171 172 58 71 
New BC onsets:  0
BC status:  4905 95 
BC subtype:  4905 76 19 

clinical_engagement 
diagnosis 
demography 
80 new agents 
11 dtreferralsatt11 smreferralsatt177 
disease_progression 
H-positive risk:  699 674 92 1078 388 92 1091 415 171 70 175 55 
H-negative risk:  674 699 1091 1078 415 388 92 92 175 171 55 70 
New BC onsets:  0
BC status:  4905 95 
BC subtype:  4905 77 18 

clinical_engagement 
diagnosis 
demography 
68 new agents 
5 dtreferralsatt5 smreferralsatt178 
disease_progression 
H-positive risk:  698 680 92 1070 391 93 1092 407 170 74 176 57 
H-negative risk:  680 698 1092 1070 407 391 93 92 176 170 57 74 
New BC onsets:  0
BC status:  4905 95 
BC subtype:  4905 76 19 

clinical_engagement 
diagnosis 
demography 
81 new agents 
14 dtreferralsatt14 smreferralsatt179 
disease_progression 
H-positive risk:  703 677 92 1081 388 92 1081 405 171 74 177 59 
H-negative risk:  677 703 1081 1081 405 388 92 92 177 171 59 74 
New BC onsets:  0
BC status:  4901 99 
BC subtype:  4901 79 20 

clinical_engagement 
diagnosis 
demography 
71 new agents 
11 dtreferralsatt11 smreferralsatt180 
disease_progression 
H-positive risk:  705 675 94 1079 386 93 1079 408 174 73 176 58 
H-negative risk:  675 705 1079 1079 408 386 93 94 176 174 58 73 
New BC onsets:  0
BC status:  4896 104 
BC subtype:  4896 84 20 

clinical_engagement 
diagnosis 
demography 
80 new agents 
7 dtreferralsatt7 smreferralsatt181 
disease_progression 
H-positive risk:  711 668 95 1084 390 91 1077 407 173 72 173 59 
H-negative risk:  668 711 1077 1084 407 390 91 95 173 173 59 72 
New BC onsets:  0
BC status:  4897 103 
BC subtype:  4897 83 20 

clinical_engagement 
diagnosis 
demography 
83 new agents 
13 dtreferralsatt13 smreferralsatt182 
disease_progression 
H-positive risk:  705 664 94 1088 389 92 1086 409 170 74 174 55 
H-negative risk:  664 705 1086 1088 409 389 92 94 174 170 55 74 
New BC onsets:  0
BC status:  4899 101 
BC subtype:  4899 82 19 

clinical_engagement 
diagnosis 
demography 
75 new agents 
15 dtreferralsatt15 smreferralsatt183 
disease_progression 
H-positive risk:  704 661 94 1085 395 91 1089 412 170 72 174 53 
H-negative risk:  661 704 1089 1085 412 395 91 94 174 170 53 72 
New BC onsets:  0
BC status:  4896 104 
BC subtype:  4896 83 21 

clinical_engagement 
diagnosis 
demography 
67 new agents 
8 dtreferralsatt8 smreferralsatt184 
disease_progression 
H-positive risk:  699 659 98 1091 393 92 1090 415 169 70 172 52 
H-negative risk:  659 699 1090 1091 415 393 92 98 172 169 52 70 
New BC onsets:  0
BC status:  4899 101 
BC subtype:  4899 80 21 

clinical_engagement 
diagnosis 
demography 
64 new agents 
9 dtreferralsatt9 smreferralsatt185 
disease_progression 
H-positive risk:  695 655 100 1085 400 95 1097 411 168 69 173 52 
H-negative risk:  655 695 1097 1085 411 400 95 100 173 168 52 69 
New BC onsets:  0
BC status:  4898 102 
BC subtype:  4898 81 21 

clinical_engagement 
diagnosis 
demography 
94 new agents 
15 dtreferralsatt15 smreferralsatt186 
disease_progression 
H-positive risk:  701 654 102 1070 392 96 1113 406 170 65 178 53 
H-negative risk:  654 701 1113 1070 406 392 96 102 178 170 53 65 
New BC onsets:  0
BC status:  4899 101 
BC subtype:  4899 80 21 

clinical_engagement 
diagnosis 
demography 
97 new agents 
13 dtreferralsatt13 smreferralsatt187 
disease_progression 
H-positive risk:  706 651 101 1064 390 96 1110 407 166 71 186 52 
H-negative risk:  651 706 1110 1064 407 390 96 101 186 166 52 71 
New BC onsets:  0
BC status:  4904 96 
BC subtype:  4904 75 21 

clinical_engagement 
diagnosis 
demography 
82 new agents 
10 dtreferralsatt10 smreferralsatt188 
disease_progression 
H-positive risk:  710 662 101 1058 388 94 1105 408 168 70 181 55 
H-negative risk:  662 710 1105 1058 408 388 94 101 181 168 55 70 
New BC onsets:  0
BC status:  4906 94 
BC subtype:  4906 72 22 

clinical_engagement 
diagnosis 
demography 
85 new agents 
11 dtreferralsatt11 smreferralsatt189 
disease_progression 
H-positive risk:  717 664 99 1058 389 94 1097 410 165 68 183 56 
H-negative risk:  664 717 1097 1058 410 389 94 99 183 165 56 68 
New BC onsets:  0
BC status:  4907 93 
BC subtype:  4907 71 22 

clinical_engagement 
diagnosis 
demography 
70 new agents 
8 dtreferralsatt8 smreferralsatt190 
disease_progression 
H-positive risk:  717 666 99 1061 393 92 1094 409 165 68 177 59 
H-negative risk:  666 717 1094 1061 409 393 92 99 177 165 59 68 
New BC onsets:  0
BC status:  4908 92 
BC subtype:  4908 72 20 

clinical_engagement 
diagnosis 
demography 
87 new agents 
6 dtreferralsatt6 smreferralsatt191 
disease_progression 
H-positive risk:  721 662 98 1069 385 93 1092 410 165 68 179 58 
H-negative risk:  662 721 1092 1069 410 385 93 98 179 165 58 68 
New BC onsets:  0
BC status:  4907 93 
BC subtype:  4907 73 20 

clinical_engagement 
diagnosis 
demography 
61 new agents 
10 dtreferralsatt10 smreferralsatt192 
disease_progression 
H-positive risk:  725 667 97 1065 389 94 1086 405 165 66 181 60 
H-negative risk:  667 725 1086 1065 405 389 94 97 181 165 60 66 
New BC onsets:  0
BC status:  4907 93 
BC subtype:  4907 73 20 

clinical_engagement 
diagnosis 
demography 
74 new agents 
12 dtreferralsatt12 smreferralsatt193 
disease_progression 
H-positive risk:  731 665 96 1073 379 94 1094 401 165 62 180 60 
H-negative risk:  665 731 1094 1073 401 379 94 96 180 165 60 62 
New BC onsets:  0
BC status:  4906 94 
BC subtype:  4906 74 20 

clinical_engagement 
diagnosis 
demography 
81 new agents 
13 dtreferralsatt13 smreferralsatt194 
disease_progression 
H-positive risk:  723 667 98 1077 389 92 1076 408 166 64 181 59 
H-negative risk:  667 723 1076 1077 408 389 92 98 181 166 59 64 
New BC onsets:  0
BC status:  4904 96 
BC subtype:  4904 76 20 

clinical_engagement 
diagnosis 
demography 
67 new agents 
12 dtreferralsatt12 smreferralsatt195 
disease_progression 
H-positive risk:  721 668 101 1074 391 93 1076 406 164 65 182 59 
H-negative risk:  668 721 1076 1074 406 391 93 101 182 164 59 65 
New BC onsets:  0
BC status:  4903 97 
BC subtype:  4903 77 20 

clinical_engagement 
diagnosis 
demography 
81 new agents 
12 dtreferralsatt12 smreferralsatt196 
disease_progression 
H-positive risk:  718 671 102 1071 400 93 1085 398 162 62 181 57 
H-negative risk:  671 718 1085 1071 398 400 93 102 181 162 57 62 
New BC onsets:  0
BC status:  4903 97 
BC subtype:  4903 76 21 

clinical_engagement 
diagnosis 
demography 
91 new agents 
13 dtreferralsatt13 smreferralsatt197 
disease_progression 
H-positive risk:  710 687 102 1072 391 93 1088 394 163 61 183 56 
H-negative risk:  687 710 1088 1072 394 391 93 102 183 163 56 61 
New BC onsets:  0
BC status:  4906 94 
BC subtype:  4906 72 22 

clinical_engagement 
diagnosis 
demography 
82 new agents 
10 dtreferralsatt10 smreferralsatt198 
disease_progression 
H-positive risk:  708 683 103 1073 393 94 1093 393 162 59 180 59 
H-negative risk:  683 708 1093 1073 393 393 94 103 180 162 59 59 
New BC onsets:  0
BC status:  4907 93 
BC subtype:  4907 74 19 

clinical_engagement 
diagnosis 
demography 
74 new agents 
15 dtreferralsatt15 smreferralsatt199 
disease_progression 
H-positive risk:  712 687 104 1059 389 94 1105 391 166 55 180 58 
H-negative risk:  687 712 1105 1059 391 389 94 104 180 166 58 55 
New BC onsets:  0
BC status:  4909 91 
BC subtype:  4909 72 19 

clinical_engagement 
diagnosis 
demography 
84 new agents 
13 dtreferralsatt13 smreferralsatt200 
disease_progression 
H-positive risk:  708 686 104 1060 387 92 1110 397 164 57 177 58 
H-negative risk:  686 708 1110 1060 397 387 92 104 177 164 58 57 
New BC onsets:  0
BC status:  4913 87 
BC subtype:  4913 69 18 

clinical_engagement 
diagnosis 
demography 
70 new agents 
10 dtreferralsatt10 smreferralsatt201 
disease_progression 
H-positive risk:  703 688 104 1066 383 95 1104 395 164 58 179 61 
H-negative risk:  688 703 1104 1066 395 383 95 104 179 164 61 58 
New BC onsets:  0
BC status:  4914 86 
BC subtype:  4914 68 18 

clinical_engagement 
diagnosis 
demography 
86 new agents 
11 dtreferralsatt11 smreferralsatt202 
disease_progression 
H-positive risk:  704 686 103 1069 383 95 1104 396 159 60 180 61 
H-negative risk:  686 704 1104 1069 396 383 95 103 180 159 61 60 
New BC onsets:  0
BC status:  4914 86 
BC subtype:  4914 68 18 

clinical_engagement 
diagnosis 
demography 
78 new agents 
9 dtreferralsatt9 smreferralsatt203 
disease_progression 
H-positive risk:  707 692 98 1060 381 94 1109 398 159 59 181 62 
H-negative risk:  692 707 1109 1060 398 381 94 98 181 159 62 59 
New BC onsets:  0
BC status:  4918 82 
BC subtype:  4918 64 18 

clinical_engagement 
diagnosis 
demography 
58 new agents 
11 dtreferralsatt11 smreferralsatt204 
disease_progression 
H-positive risk:  703 690 98 1068 379 97 1109 396 162 57 178 63 
H-negative risk:  690 703 1109 1068 396 379 97 98 178 162 63 57 
New BC onsets:  0
BC status:  4920 80 
BC subtype:  4920 62 18 

clinical_engagement 
diagnosis 
demography 
75 new agents 
11 dtreferralsatt11 smreferralsatt205 
disease_progression 
H-positive risk:  696 692 98 1053 389 97 1115 403 163 54 176 64 
H-negative risk:  692 696 1115 1053 403 389 97 98 176 163 64 54 
New BC onsets:  0
BC status:  4921 79 
BC subtype:  4921 60 19 

clinical_engagement 
diagnosis 
demography 
83 new agents 
12 dtreferralsatt12 smreferralsatt206 
disease_progression 
H-positive risk:  693 693 95 1058 392 95 1113 405 157 57 176 66 
H-negative risk:  693 693 1113 1058 405 392 95 95 176 157 66 57 
New BC onsets:  0
BC status:  4920 80 
BC subtype:  4920 61 19 

clinical_engagement 
diagnosis 
demography 
74 new agents 
15 dtreferralsatt15 smreferralsatt207 
disease_progression 
H-positive risk:  693 692 96 1062 393 99 1100 407 156 57 178 67 
H-negative risk:  692 693 1100 1062 407 393 99 96 178 156 67 57 
New BC onsets:  0
BC status:  4919 81 
BC subtype:  4919 62 19 

clinical_engagement 
diagnosis 
demography 
89 new agents 
7 dtreferralsatt7 smreferralsatt208 
disease_progression 
H-positive risk:  699 692 98 1071 381 97 1096 406 159 57 177 67 
H-negative risk:  692 699 1096 1071 406 381 97 98 177 159 67 57 
New BC onsets:  0
BC status:  4917 83 
BC subtype:  4917 65 18 

clinical_engagement 
diagnosis 
demography 
63 new agents 
12 dtreferralsatt12 smreferralsatt209 
disease_progression 
H-positive risk:  690 689 98 1077 385 99 1094 406 159 58 177 68 
H-negative risk:  689 690 1094 1077 406 385 99 98 177 159 68 58 
New BC onsets:  0
BC status:  4914 86 
BC subtype:  4914 66 20 

clinical_engagement 
diagnosis 
demography 
79 new agents 
8 dtreferralsatt8 smreferralsatt210 
disease_progression 
H-positive risk:  689 700 97 1068 383 97 1091 412 160 57 173 73 
H-negative risk:  700 689 1091 1068 412 383 97 97 173 160 73 57 
New BC onsets:  0
BC status:  4911 89 
BC subtype:  4911 69 20 

clinical_engagement 
diagnosis 
demography 
92 new agents 
12 dtreferralsatt12 smreferralsatt211 
disease_progression 
H-positive risk:  688 701 98 1066 382 97 1084 415 159 57 180 73 
H-negative risk:  701 688 1084 1066 415 382 97 98 180 159 73 57 
New BC onsets:  0
BC status:  4911 89 
BC subtype:  4911 69 20 

clinical_engagement 
diagnosis 
demography 
65 new agents 
9 dtreferralsatt9 smreferralsatt212 
disease_progression 
H-positive risk:  689 701 99 1065 380 100 1079 419 157 57 179 75 
H-negative risk:  701 689 1079 1065 419 380 100 99 179 157 75 57 
New BC onsets:  0
BC status:  4910 90 
BC subtype:  4910 70 20 

clinical_engagement 
diagnosis 
demography 
73 new agents 
8 dtreferralsatt8 smreferralsatt213 
disease_progression 
H-positive risk:  684 702 100 1060 396 101 1078 415 156 58 177 73 
H-negative risk:  702 684 1078 1060 415 396 101 100 177 156 73 58 
New BC onsets:  0
BC status:  4907 93 
BC subtype:  4907 73 20 

clinical_engagement 
diagnosis 
demography 
80 new agents 
12 dtreferralsatt12 smreferralsatt214 
disease_progression 
H-positive risk:  672 703 102 1077 388 100 1081 410 157 59 175 76 
H-negative risk:  703 672 1081 1077 410 388 100 102 175 157 76 59 
New BC onsets:  0
BC status:  4907 93 
BC subtype:  4907 73 20 

clinical_engagement 
diagnosis 
demography 
73 new agents 
6 dtreferralsatt6 smreferralsatt215 
disease_progression 
H-positive risk:  663 701 101 1074 394 101 1088 411 156 61 176 74 
H-negative risk:  701 663 1088 1074 411 394 101 101 176 156 74 61 
New BC onsets:  0
BC status:  4906 94 
BC subtype:  4906 74 20 

clinical_engagement 
diagnosis 
demography 
85 new agents 
12 dtreferralsatt12 smreferralsatt216 
disease_progression 
H-positive risk:  671 700 101 1071 405 104 1089 400 154 57 176 72 
H-negative risk:  700 671 1089 1071 400 405 104 101 176 154 72 57 
New BC onsets:  0
BC status:  4908 92 
BC subtype:  4908 73 19 

clinical_engagement 
diagnosis 
demography 
88 new agents 
15 dtreferralsatt15 smreferralsatt217 
disease_progression 
H-positive risk:  672 697 105 1061 413 103 1078 411 149 63 172 76 
H-negative risk:  697 672 1078 1061 411 413 103 105 172 149 76 63 
New BC onsets:  0
BC status:  4910 90 
BC subtype:  4910 70 20 

clinical_engagement 
diagnosis 
demography 
80 new agents 
15 dtreferralsatt15 smreferralsatt218 
disease_progression 
H-positive risk:  680 693 103 1071 407 102 1076 407 147 64 173 77 
H-negative risk:  693 680 1076 1071 407 407 102 103 173 147 77 64 
New BC onsets:  0
BC status:  4908 92 
BC subtype:  4908 69 23 

clinical_engagement 
diagnosis 
demography 
93 new agents 
8 dtreferralsatt8 smreferralsatt219 
disease_progression 
H-positive risk:  675 688 103 1084 411 103 1070 409 142 64 170 81 
H-negative risk:  688 675 1070 1084 409 411 103 103 170 142 81 64 
New BC onsets:  0
BC status:  4907 93 
BC subtype:  4907 70 23 

clinical_engagement 
diagnosis 
demography 
75 new agents 
18 dtreferralsatt18 smreferralsatt220 
disease_progression 
H-positive risk:  673 682 104 1092 410 103 1070 402 145 65 173 81 
H-negative risk:  682 673 1070 1092 402 410 103 104 173 145 81 65 
New BC onsets:  0
BC status:  4905 95 
BC subtype:  4905 73 22 

clinical_engagement 
diagnosis 
demography 
83 new agents 
11 dtreferralsatt11 smreferralsatt221 
disease_progression 
H-positive risk:  668 686 106 1097 419 103 1059 402 140 65 173 82 
H-negative risk:  686 668 1059 1097 402 419 103 106 173 140 82 65 
New BC onsets:  0
BC status:  4907 93 
BC subtype:  4907 71 22 

clinical_engagement 
diagnosis 
demography 
73 new agents 
7 dtreferralsatt7 smreferralsatt222 
disease_progression 
H-positive risk:  664 689 107 1090 417 102 1073 400 136 66 171 85 
H-negative risk:  689 664 1073 1090 400 417 102 107 171 136 85 66 
New BC onsets:  0
BC status:  4907 93 
BC subtype:  4907 73 20 

clinical_engagement 
diagnosis 
demography 
83 new agents 
17 dtreferralsatt17 smreferralsatt223 
disease_progression 
H-positive risk:  674 686 107 1082 422 101 1069 399 136 66 173 85 
H-negative risk:  686 674 1069 1082 399 422 101 107 173 136 85 66 
New BC onsets:  0
BC status:  4906 94 
BC subtype:  4906 72 22 

clinical_engagement 
diagnosis 
demography 
61 new agents 
15 dtreferralsatt15 smreferralsatt224 
disease_progression 
H-positive risk:  684 683 107 1086 420 103 1069 392 136 67 171 82 
H-negative risk:  683 684 1069 1086 392 420 103 107 171 136 82 67 
New BC onsets:  0
BC status:  4904 96 
BC subtype:  4904 72 24 

clinical_engagement 
diagnosis 
demography 
74 new agents 
14 dtreferralsatt14 smreferralsatt225 
disease_progression 
H-positive risk:  683 696 109 1076 420 103 1066 391 137 68 172 79 
H-negative risk:  696 683 1066 1076 391 420 103 109 172 137 79 68 
New BC onsets:  0
BC status:  4904 96 
BC subtype:  4904 74 22 

clinical_engagement 
diagnosis 
demography 
89 new agents 
10 dtreferralsatt10 smreferralsatt226 
disease_progression 
H-positive risk:  691 698 109 1072 423 105 1064 384 134 74 170 76 
H-negative risk:  698 691 1064 1072 384 423 105 109 170 134 76 74 
New BC onsets:  0
BC status:  4906 94 
BC subtype:  4906 72 22 

clinical_engagement 
diagnosis 
demography 
69 new agents 
11 dtreferralsatt11 smreferralsatt227 
disease_progression 
H-positive risk:  681 702 110 1077 424 103 1069 386 135 75 165 73 
H-negative risk:  702 681 1069 1077 386 424 103 110 165 135 73 75 
New BC onsets:  0
BC status:  4909 91 
BC subtype:  4909 70 21 

clinical_engagement 
diagnosis 
demography 
86 new agents 
4 dtreferralsatt4 smreferralsatt228 
disease_progression 
H-positive risk:  677 714 108 1075 421 100 1064 388 141 74 163 75 
H-negative risk:  714 677 1064 1075 388 421 100 108 163 141 75 74 
New BC onsets:  0
BC status:  4912 88 
BC subtype:  4912 69 19 

clinical_engagement 
diagnosis 
demography 
60 new agents 
12 dtreferralsatt12 smreferralsatt229 
disease_progression 
H-positive risk:  674 707 111 1070 428 102 1066 393 141 72 160 76 
H-negative risk:  707 674 1066 1070 393 428 102 111 160 141 76 72 
New BC onsets:  0
BC status:  4912 88 
BC subtype:  4912 69 19 

clinical_engagement 
diagnosis 
demography 
80 new agents 
8 dtreferralsatt8 smreferralsatt230 
disease_progression 
H-positive risk:  672 708 111 1069 433 98 1060 395 141 74 165 74 
H-negative risk:  708 672 1060 1069 395 433 98 111 165 141 74 74 
New BC onsets:  0
BC status:  4910 90 
BC subtype:  4910 71 19 

clinical_engagement 
diagnosis 
demography 
73 new agents 
10 dtreferralsatt10 smreferralsatt231 
disease_progression 
H-positive risk:  675 711 112 1059 438 96 1061 396 144 72 162 74 
H-negative risk:  711 675 1061 1059 396 438 96 112 162 144 74 72 
New BC onsets:  0
BC status:  4912 88 
BC subtype:  4912 70 18 

clinical_engagement 
diagnosis 
demography 
75 new agents 
12 dtreferralsatt12 smreferralsatt232 
disease_progression 
H-positive risk:  682 707 112 1059 439 96 1061 395 146 69 161 73 
H-negative risk:  707 682 1061 1059 395 439 96 112 161 146 73 69 
New BC onsets:  0
BC status:  4912 88 
BC subtype:  4912 71 17 

clinical_engagement 
diagnosis 
demography 
77 new agents 
7 dtreferralsatt7 smreferralsatt233 
disease_progression 
H-positive risk:  685 703 111 1069 438 101 1054 393 146 70 159 71 
H-negative risk:  703 685 1054 1069 393 438 101 111 159 146 71 70 
New BC onsets:  0
BC status:  4912 88 
BC subtype:  4912 71 17 

clinical_engagement 
diagnosis 
demography 
72 new agents 
11 dtreferralsatt11 smreferralsatt234 
disease_progression 
H-positive risk:  690 700 111 1073 422 101 1056 399 152 69 156 71 
H-negative risk:  700 690 1056 1073 399 422 101 111 156 152 71 69 
New BC onsets:  0
BC status:  4914 86 
BC subtype:  4914 69 17 

clinical_engagement 
diagnosis 
demography 
66 new agents 
11 dtreferralsatt11 smreferralsatt235 
disease_progression 
H-positive risk:  686 690 114 1069 427 102 1056 408 151 69 156 72 
H-negative risk:  690 686 1056 1069 408 427 102 114 156 151 72 69 
New BC onsets:  0
BC status:  4915 85 
BC subtype:  4915 69 16 

clinical_engagement 
diagnosis 
demography 
78 new agents 
15 dtreferralsatt15 smreferralsatt236 
disease_progression 
H-positive risk:  682 681 112 1068 422 102 1071 408 153 69 160 72 
H-negative risk:  681 682 1071 1068 408 422 102 112 160 153 72 69 
New BC onsets:  0
BC status:  4915 85 
BC subtype:  4915 69 16 

clinical_engagement 
diagnosis 
demography 
66 new agents 
9 dtreferralsatt9 smreferralsatt237 
disease_progression 
H-positive risk:  682 684 113 1073 420 102 1075 400 150 69 162 70 
H-negative risk:  684 682 1075 1073 400 420 102 113 162 150 70 69 
New BC onsets:  0
BC status:  4913 87 
BC subtype:  4913 70 17 

clinical_engagement 
diagnosis 
demography 
80 new agents 
9 dtreferralsatt9 smreferralsatt238 
disease_progression 
H-positive risk:  679 679 114 1072 420 96 1088 396 155 68 164 69 
H-negative risk:  679 679 1088 1072 396 420 96 114 164 155 69 68 
New BC onsets:  0
BC status:  4914 86 
BC subtype:  4914 68 18 

clinical_engagement 
diagnosis 
demography 
83 new agents 
9 dtreferralsatt9 smreferralsatt239 
disease_progression 
H-positive risk:  673 682 114 1081 416 98 1090 399 152 67 162 66 
H-negative risk:  682 673 1090 1081 399 416 98 114 162 152 66 67 
New BC onsets:  0
BC status:  4913 87 
BC subtype:  4913 69 18 

clinical_engagement 
diagnosis 
demography 
76 new agents 
11 dtreferralsatt11 smreferralsatt240 
disease_progression 
H-positive risk:  681 689 111 1069 413 98 1092 398 151 70 161 67 
H-negative risk:  689 681 1092 1069 398 413 98 111 161 151 67 70 
New BC onsets:  0
BC status:  4911 89 
BC subtype:  4911 71 18 

clinical_engagement 
diagnosis 
demography 
73 new agents 
9 dtreferralsatt9 smreferralsatt241 
disease_progression 
H-positive risk:  678 687 110 1058 422 95 1087 408 150 72 164 69 
H-negative risk:  687 678 1087 1058 408 422 95 110 164 150 69 72 
New BC onsets:  0
BC status:  4909 91 
BC subtype:  4909 71 20 

clinical_engagement 
diagnosis 
demography 
76 new agents 
23 dtreferralsatt23 smreferralsatt242 
disease_progression 
H-positive risk:  678 689 111 1056 422 92 1096 400 150 73 163 70 
H-negative risk:  689 678 1096 1056 400 422 92 111 163 150 70 73 
New BC onsets:  0
BC status:  4911 89 
BC subtype:  4911 70 19 

clinical_engagement 
diagnosis 
demography 
75 new agents 
13 dtreferralsatt13 smreferralsatt243 
disease_progression 
H-positive risk:  680 693 112 1054 430 92 1084 395 151 74 163 72 
H-negative risk:  693 680 1084 1054 395 430 92 112 163 151 72 74 
New BC onsets:  0
BC status:  4911 89 
BC subtype:  4911 72 17 

clinical_engagement 
diagnosis 
demography 
76 new agents 
11 dtreferralsatt11 smreferralsatt244 
disease_progression 
H-positive risk:  683 689 115 1057 429 86 1089 392 153 75 161 71 
H-negative risk:  689 683 1089 1057 392 429 86 115 161 153 71 75 
New BC onsets:  0
BC status:  4912 88 
BC subtype:  4912 72 16 

clinical_engagement 
diagnosis 
demography 
62 new agents 
11 dtreferralsatt11 smreferralsatt245 
disease_progression 
H-positive risk:  685 687 117 1059 427 89 1075 402 152 74 162 71 
H-negative risk:  687 685 1075 1059 402 427 89 117 162 152 71 74 
New BC onsets:  0
BC status:  4914 86 
BC subtype:  4914 70 16 

clinical_engagement 
diagnosis 
demography 
66 new agents 
13 dtreferralsatt13 smreferralsatt246 
disease_progression 
H-positive risk:  682 689 114 1048 431 93 1074 405 153 71 164 76 
H-negative risk:  689 682 1074 1048 405 431 93 114 164 153 76 71 
New BC onsets:  0
BC status:  4910 90 
BC subtype:  4910 74 16 

clinical_engagement 
diagnosis 
demography 
73 new agents 
7 dtreferralsatt7 smreferralsatt247 
disease_progression 
H-positive risk:  683 686 113 1055 435 93 1077 395 153 73 158 79 
H-negative risk:  686 683 1077 1055 395 435 93 113 158 153 79 73 
New BC onsets:  0
BC status:  4909 91 
BC subtype:  4909 75 16 

clinical_engagement 
diagnosis 
demography 
82 new agents 
14 dtreferralsatt14 smreferralsatt248 
disease_progression 
H-positive risk:  692 690 112 1050 431 97 1070 398 150 71 160 79 
H-negative risk:  690 692 1070 1050 398 431 97 112 160 150 79 71 
New BC onsets:  0
BC status:  4910 90 
BC subtype:  4910 73 17 

clinical_engagement 
diagnosis 
demography 
78 new agents 
15 dtreferralsatt15 smreferralsatt249 
disease_progression 
H-positive risk:  695 689 110 1062 426 95 1064 399 152 71 160 77 
H-negative risk:  689 695 1064 1062 399 426 95 110 160 152 77 71 
New BC onsets:  0
BC status:  4908 92 
BC subtype:  4908 75 17 

clinical_engagement 
diagnosis 
demography 
83 new agents 
7 dtreferralsatt7 smreferralsatt250 
disease_progression 
H-positive risk:  696 688 115 1060 429 96 1064 400 154 69 152 77 
H-negative risk:  688 696 1064 1060 400 429 96 115 152 154 77 69 
New BC onsets:  0
BC status:  4906 94 
BC subtype:  4906 77 17 

clinical_engagement 
diagnosis 
demography 
72 new agents 
11 dtreferralsatt11 smreferralsatt251 
disease_progression 
H-positive risk:  704 676 118 1061 433 96 1066 395 149 73 152 77 
H-negative risk:  676 704 1066 1061 395 433 96 118 152 149 77 73 
New BC onsets:  0
BC status:  4903 97 
BC subtype:  4903 78 19 

clinical_engagement 
diagnosis 
demography 
66 new agents 
6 dtreferralsatt6 smreferralsatt252 
disease_progression 
H-positive risk:  697 675 117 1060 435 95 1069 398 151 71 156 76 
H-negative risk:  675 697 1069 1060 398 435 95 117 156 151 76 71 
New BC onsets:  0
BC status:  4902 98 
BC subtype:  4902 79 19 

clinical_engagement 
diagnosis 
demography 
72 new agents 
10 dtreferralsatt10 smreferralsatt253 
disease_progression 
H-positive risk:  698 672 119 1060 438 95 1069 401 151 70 155 72 
H-negative risk:  672 698 1069 1060 401 438 95 119 155 151 72 70 
New BC onsets:  0
BC status:  4901 99 
BC subtype:  4901 81 18 

clinical_engagement 
diagnosis 
demography 
77 new agents 
10 dtreferralsatt10 smreferralsatt254 
disease_progression 
H-positive risk:  703 671 119 1066 433 97 1067 398 152 70 151 73 
H-negative risk:  671 703 1067 1066 398 433 97 119 151 152 73 70 
New BC onsets:  0
BC status:  4902 98 
BC subtype:  4902 80 18 

clinical_engagement 
diagnosis 
demography 
74 new agents 
10 dtreferralsatt10 smreferralsatt255 
disease_progression 
H-positive risk:  690 673 117 1060 438 98 1069 401 152 74 154 74 
H-negative risk:  673 690 1069 1060 401 438 98 117 154 152 74 74 
New BC onsets:  0
BC status:  4901 99 
BC subtype:  4901 80 19 

clinical_engagement 
diagnosis 
demography 
69 new agents 
12 dtreferralsatt12 smreferralsatt256 
disease_progression 
H-positive risk:  694 676 116 1062 433 96 1071 400 153 73 153 73 
H-negative risk:  676 694 1071 1062 400 433 96 116 153 153 73 73 
New BC onsets:  0
BC status:  4900 100 
BC subtype:  4900 83 17 

clinical_engagement 
diagnosis 
demography 
54 new agents 
8 dtreferralsatt8 smreferralsatt257 
disease_progression 
H-positive risk:  694 681 116 1060 439 97 1068 397 151 73 153 71 
H-negative risk:  681 694 1068 1060 397 439 97 116 153 151 71 73 
New BC onsets:  0
BC status:  4901 99 
BC subtype:  4901 82 17 

clinical_engagement 
diagnosis 
demography 
85 new agents 
12 dtreferralsatt12 smreferralsatt258 
disease_progression 
H-positive risk:  694 685 116 1063 438 94 1070 397 149 73 153 68 
H-negative risk:  685 694 1070 1063 397 438 94 116 153 149 68 73 
New BC onsets:  0
BC status:  4901 99 
BC subtype:  4901 82 17 

clinical_engagement 
diagnosis 
demography 
75 new agents 
9 dtreferralsatt9 smreferralsatt259 
disease_progression 
H-positive risk:  696 682 114 1067 442 94 1069 394 149 77 146 70 
H-negative risk:  682 696 1069 1067 394 442 94 114 146 149 70 77 
New BC onsets:  0
BC status:  4901 99 
BC subtype:  4901 82 17 

clinical_engagement 
diagnosis 
demography 
86 new agents 
11 dtreferralsatt11 smreferralsatt260 
disease_progression 
H-positive risk:  699 682 115 1069 438 94 1073 391 149 75 148 67 
H-negative risk:  682 699 1073 1069 391 438 94 115 148 149 67 75 
New BC onsets:  0
BC status:  4902 98 
BC subtype:  4902 81 17 

clinical_engagement 
diagnosis 
demography 
91 new agents 
9 dtreferralsatt9 smreferralsatt261 
disease_progression 
H-positive risk:  716 687 114 1071 440 94 1062 385 146 71 149 65 
H-negative risk:  687 716 1062 1071 385 440 94 114 149 146 65 71 
New BC onsets:  0
BC status:  4901 99 
BC subtype:  4901 82 17 

clinical_engagement 
diagnosis 
demography 
73 new agents 
9 dtreferralsatt9 smreferralsatt262 
disease_progression 
H-positive risk:  718 683 115 1070 440 95 1066 386 144 70 152 61 
H-negative risk:  683 718 1066 1070 386 440 95 115 152 144 61 70 
New BC onsets:  0
BC status:  4901 99 
BC subtype:  4901 82 17 

clinical_engagement 
diagnosis 
demography 
66 new agents 
11 dtreferralsatt11 smreferralsatt263 
disease_progression 
H-positive risk:  720 686 117 1075 433 95 1065 386 140 71 151 61 
H-negative risk:  686 720 1065 1075 386 433 95 117 151 140 61 71 
New BC onsets:  0
BC status:  4902 98 
BC subtype:  4902 84 14 

clinical_engagement 
diagnosis 
demography 
62 new agents 
4 dtreferralsatt4 smreferralsatt264 
disease_progression 
H-positive risk:  711 681 118 1081 438 94 1063 393 137 73 148 63 
H-negative risk:  681 711 1063 1081 393 438 94 118 148 137 63 73 
New BC onsets:  0
BC status:  4902 98 
BC subtype:  4902 84 14 

clinical_engagement 
diagnosis 
demography 
83 new agents 
12 dtreferralsatt12 smreferralsatt265 
disease_progression 
H-positive risk:  707 686 115 1079 443 94 1068 394 137 70 147 60 
H-negative risk:  686 707 1068 1079 394 443 94 115 147 137 60 70 
New BC onsets:  0
BC status:  4900 100 
BC subtype:  4900 86 14 

clinical_engagement 
diagnosis 
demography 
91 new agents 
9 dtreferralsatt9 smreferralsatt266 
disease_progression 
H-positive risk:  704 687 114 1081 441 96 1068 389 134 72 152 62 
H-negative risk:  687 704 1068 1081 389 441 96 114 152 134 62 72 
New BC onsets:  0
BC status:  4899 101 
BC subtype:  4899 88 13 

clinical_engagement 
diagnosis 
demography 
75 new agents 
13 dtreferralsatt13 smreferralsatt267 
disease_progression 
H-positive risk:  707 684 106 1090 437 95 1079 381 136 69 158 58 
H-negative risk:  684 707 1079 1090 381 437 95 106 158 136 58 69 
New BC onsets:  0
BC status:  4899 101 
BC subtype:  4899 88 13 

clinical_engagement 
diagnosis 
demography 
78 new agents 
10 dtreferralsatt10 smreferralsatt268 
disease_progression 
H-positive risk:  712 680 107 1096 432 98 1075 383 132 69 162 54 
H-negative risk:  680 712 1075 1096 383 432 98 107 162 132 54 69 
New BC onsets:  0
BC status:  4900 100 
BC subtype:  4900 88 12 

clinical_engagement 
diagnosis 
demography 
72 new agents 
15 dtreferralsatt15 smreferralsatt269 
disease_progression 
H-positive risk:  708 686 107 1097 429 97 1075 382 135 72 160 52 
H-negative risk:  686 708 1075 1097 382 429 97 107 160 135 52 72 
New BC onsets:  0
BC status:  4899 101 
BC subtype:  4899 87 14 

clinical_engagement 
diagnosis 
demography 
82 new agents 
4 dtreferralsatt4 smreferralsatt270 
disease_progression 
H-positive risk:  708 683 107 1099 423 97 1079 383 136 70 161 54 
H-negative risk:  683 708 1079 1099 383 423 97 107 161 136 54 70 
New BC onsets:  0
BC status:  4902 98 
BC subtype:  4902 84 14 

clinical_engagement 
diagnosis 
demography 
83 new agents 
15 dtreferralsatt15 smreferralsatt271 
disease_progression 
H-positive risk:  712 686 108 1090 429 100 1081 375 138 69 157 55 
H-negative risk:  686 712 1081 1090 375 429 100 108 157 138 55 69 
New BC onsets:  0
BC status:  4900 100 
BC subtype:  4900 86 14 

clinical_engagement 
diagnosis 
demography 
82 new agents 
10 dtreferralsatt10 smreferralsatt272 
disease_progression 
H-positive risk:  717 686 106 1096 415 101 1092 375 135 66 155 56 
H-negative risk:  686 717 1092 1096 375 415 101 106 155 135 56 66 
New BC onsets:  0
BC status:  4898 102 
BC subtype:  4898 88 14 

clinical_engagement 
diagnosis 
demography 
87 new agents 
17 dtreferralsatt17 smreferralsatt273 
disease_progression 
H-positive risk:  721 678 109 1101 408 102 1087 381 134 65 155 59 
H-negative risk:  678 721 1087 1101 381 408 102 109 155 134 59 65 
New BC onsets:  0
BC status:  4896 104 
BC subtype:  4896 88 16 

clinical_engagement 
diagnosis 
demography 
76 new agents 
11 dtreferralsatt11 smreferralsatt274 
disease_progression 
H-positive risk:  719 680 111 1100 409 100 1085 388 133 64 155 56 
H-negative risk:  680 719 1085 1100 388 409 100 111 155 133 56 64 
New BC onsets:  0
BC status:  4898 102 
BC subtype:  4898 86 16 

clinical_engagement 
diagnosis 
demography 
86 new agents 
11 dtreferralsatt11 smreferralsatt275 
disease_progression 
H-positive risk:  730 678 109 1100 410 100 1086 382 133 60 154 58 
H-negative risk:  678 730 1086 1100 382 410 100 109 154 133 58 60 
New BC onsets:  0
BC status:  4897 103 
BC subtype:  4897 87 16 

clinical_engagement 
diagnosis 
demography 
83 new agents 
12 dtreferralsatt12 smreferralsatt276 
disease_progression 
H-positive risk:  735 684 109 1099 403 99 1082 379 136 62 154 58 
H-negative risk:  684 735 1082 1099 379 403 99 109 154 136 58 62 
New BC onsets:  0
BC status:  4898 102 
BC subtype:  4898 86 16 

clinical_engagement 
diagnosis 
demography 
89 new agents 
17 dtreferralsatt17 smreferralsatt277 
disease_progression 
H-positive risk:  739 680 109 1110 396 99 1081 377 136 62 151 60 
H-negative risk:  680 739 1081 1110 377 396 99 109 151 136 60 62 
New BC onsets:  0
BC status:  4900 100 
BC subtype:  4900 85 15 

clinical_engagement 
diagnosis 
demography 
70 new agents 
12 dtreferralsatt12 smreferralsatt278 
disease_progression 
H-positive risk:  742 681 109 1102 395 99 1092 373 135 60 153 59 
H-negative risk:  681 742 1092 1102 373 395 99 109 153 135 59 60 
New BC onsets:  0
BC status:  4900 100 
BC subtype:  4900 85 15 

clinical_engagement 
diagnosis 
demography 
72 new agents 
10 dtreferralsatt10 smreferralsatt279 
disease_progression 
H-positive risk:  739 683 111 1097 401 97 1097 378 132 57 153 55 
H-negative risk:  683 739 1097 1097 378 401 97 111 153 132 55 57 
New BC onsets:  0
BC status:  4903 97 
BC subtype:  4903 82 15 

clinical_engagement 
diagnosis 
demography 
72 new agents 
13 dtreferralsatt13 smreferralsatt280 
disease_progression 
H-positive risk:  737 691 110 1092 401 99 1096 378 132 57 154 53 
H-negative risk:  691 737 1096 1092 378 401 99 110 154 132 53 57 
New BC onsets:  0
BC status:  4903 97 
BC subtype:  4903 82 15 

clinical_engagement 
diagnosis 
demography 
71 new agents 
9 dtreferralsatt9 smreferralsatt281 
disease_progression 
H-positive risk:  736 691 109 1091 404 98 1094 377 138 57 151 54 
H-negative risk:  691 736 1094 1091 377 404 98 109 151 138 54 57 
New BC onsets:  0
BC status:  4905 95 
BC subtype:  4905 80 15 

clinical_engagement 
diagnosis 
demography 
75 new agents 
14 dtreferralsatt14 smreferralsatt282 
disease_progression 
H-positive risk:  737 686 110 1098 401 98 1096 376 137 54 155 52 
H-negative risk:  686 737 1096 1098 376 401 98 110 155 137 52 54 
New BC onsets:  0
BC status:  4906 94 
BC subtype:  4906 79 15 

clinical_engagement 
diagnosis 
demography 
60 new agents 
8 dtreferralsatt8 smreferralsatt283 
disease_progression 
H-positive risk:  728 685 110 1104 403 97 1103 374 136 54 154 52 
H-negative risk:  685 728 1103 1104 374 403 97 110 154 136 52 54 
New BC onsets:  0
BC status:  4909 91 
BC subtype:  4909 77 14 

clinical_engagement 
diagnosis 
demography 
59 new agents 
9 dtreferralsatt9 smreferralsatt284 
disease_progression 
H-positive risk:  717 679 111 1104 404 94 1112 374 139 57 154 55 
H-negative risk:  679 717 1112 1104 374 404 94 111 154 139 55 57 
New BC onsets:  0
BC status:  4909 91 
BC subtype:  4909 76 15 

clinical_engagement 
diagnosis 
demography 
78 new agents 
6 dtreferralsatt6 smreferralsatt285 
disease_progression 
H-positive risk:  719 676 109 1102 403 96 1112 376 139 56 158 54 
H-negative risk:  676 719 1112 1102 376 403 96 109 158 139 54 56 
New BC onsets:  0
BC status:  4910 90 
BC subtype:  4910 75 15 

clinical_engagement 
diagnosis 
demography 
68 new agents 
9 dtreferralsatt9 smreferralsatt286 
disease_progression 
H-positive risk:  723 681 108 1105 398 96 1097 381 138 57 161 55 
H-negative risk:  681 723 1097 1105 381 398 96 108 161 138 55 57 
New BC onsets:  0
BC status:  4910 90 
BC subtype:  4910 75 15 

clinical_engagement 
diagnosis 
demography 
81 new agents 
11 dtreferralsatt11 smreferralsatt287 
disease_progression 
H-positive risk:  715 683 110 1103 398 98 1100 376 139 58 163 57 
H-negative risk:  683 715 1100 1103 376 398 98 110 163 139 57 58 
New BC onsets:  0
BC status:  4911 89 
BC subtype:  4911 75 14 

clinical_engagement 
diagnosis 
demography 
93 new agents 
7 dtreferralsatt7 smreferralsatt288 
disease_progression 
H-positive risk:  715 688 107 1090 404 100 1105 368 141 56 165 61 
H-negative risk:  688 715 1105 1090 368 404 100 107 165 141 61 56 
New BC onsets:  0
BC status:  4910 90 
BC subtype:  4910 76 14 

clinical_engagement 
diagnosis 
demography 
81 new agents 
9 dtreferralsatt9 smreferralsatt289 
disease_progression 
H-positive risk:  715 696 109 1094 403 102 1097 365 138 56 163 62 
H-negative risk:  696 715 1097 1094 365 403 102 109 163 138 62 56 
New BC onsets:  0
BC status:  4912 88 
BC subtype:  4912 75 13 

clinical_engagement 
diagnosis 
demography 
90 new agents 
13 dtreferralsatt13 smreferralsatt290 
disease_progression 
H-positive risk:  716 692 108 1100 406 105 1095 364 138 54 159 63 
H-negative risk:  692 716 1095 1100 364 406 105 108 159 138 63 54 
New BC onsets:  0
BC status:  4910 90 
BC subtype:  4910 74 16 

clinical_engagement 
diagnosis 
demography 
89 new agents 
5 dtreferralsatt5 smreferralsatt291 
disease_progression 
H-positive risk:  727 683 104 1106 406 104 1092 365 140 51 161 61 
H-negative risk:  683 727 1092 1106 365 406 104 104 161 140 61 51 
New BC onsets:  0
BC status:  4905 95 
BC subtype:  4905 78 17 

clinical_engagement 
diagnosis 
demography 
73 new agents 
9 dtreferralsatt9 smreferralsatt292 
disease_progression 
H-positive risk:  727 684 104 1099 412 103 1097 361 141 52 161 59 
H-negative risk:  684 727 1097 1099 361 412 103 104 161 141 59 52 
New BC onsets:  0
BC status:  4905 95 
BC subtype:  4905 78 17 

clinical_engagement 
diagnosis 
demography 
84 new agents 
11 dtreferralsatt11 smreferralsatt293 
disease_progression 
H-positive risk:  728 687 104 1091 417 102 1090 370 141 52 161 57 
H-negative risk:  687 728 1090 1091 370 417 102 104 161 141 57 52 
New BC onsets:  0
BC status:  4908 92 
BC subtype:  4908 74 18 

clinical_engagement 
diagnosis 
demography 
64 new agents 
13 dtreferralsatt13 smreferralsatt294 
disease_progression 
H-positive risk:  726 686 103 1093 425 103 1091 363 141 49 164 56 
H-negative risk:  686 726 1091 1093 363 425 103 103 164 141 56 49 
New BC onsets:  0
BC status:  4911 89 
BC subtype:  4911 71 18 

clinical_engagement 
diagnosis 
demography 
65 new agents 
3 dtreferralsatt3 smreferralsatt295 
disease_progression 
H-positive risk:  731 681 102 1095 427 104 1085 368 139 50 159 59 
H-negative risk:  681 731 1085 1095 368 427 104 102 159 139 59 50 
New BC onsets:  0
BC status:  4907 93 
BC subtype:  4907 74 19 

clinical_engagement 
diagnosis 
demography 
73 new agents 
7 dtreferralsatt7 smreferralsatt296 
disease_progression 
H-positive risk:  740 674 102 1096 418 106 1093 365 143 50 153 60 
H-negative risk:  674 740 1093 1096 365 418 106 102 153 143 60 50 
New BC onsets:  0
BC status:  4908 92 
BC subtype:  4908 77 15 

clinical_engagement 
diagnosis 
demography 
76 new agents 
9 dtreferralsatt9 smreferralsatt297 
disease_progression 
H-positive risk:  737 668 102 1106 416 106 1098 362 142 51 153 59 
H-negative risk:  668 737 1098 1106 362 416 106 102 153 142 59 51 
New BC onsets:  0
BC status:  4907 93 
BC subtype:  4907 78 15 

clinical_engagement 
diagnosis 
demography 
75 new agents 
10 dtreferralsatt10 smreferralsatt298 
disease_progression 
H-positive risk:  722 665 104 1109 412 107 1107 368 141 50 154 61 
H-negative risk:  665 722 1107 1109 368 412 107 104 154 141 61 50 
New BC onsets:  0
BC status:  4905 95 
BC subtype:  4905 80 15 

clinical_engagement 
diagnosis 
demography 
63 new agents 
14 dtreferralsatt14 smreferralsatt299 
disease_progression 
H-positive risk:  723 664 108 1106 412 107 1107 369 142 51 152 59 
H-negative risk:  664 723 1107 1106 369 412 107 108 152 142 59 51 
New BC onsets:  0
BC status:  4904 96 
BC subtype:  4904 81 15 

clinical_engagement 
diagnosis 
demography 
84 new agents 
9 dtreferralsatt9 smreferralsatt300 
disease_progression 
H-positive risk:  720 662 113 1103 409 106 1105 376 142 54 151 59 
H-negative risk:  662 720 1105 1103 376 409 106 113 151 142 59 54 
New BC onsets:  0
BC status:  4904 96 
BC subtype:  4904 82 14 

clinical_engagement 
diagnosis 
demography 
81 new agents 
10 dtreferralsatt10 smreferralsattTime difference of 18.68561 mins
This is task 13
date
