date
Note that the current default version of R is 3.6.1.
Loading required package: network
network: Classes for Relational Data
Version 1.15 created on 2019-04-01.
copyright (c) 2005, Carter T. Butts, University of California-Irvine
                    Mark S. Handcock, University of California -- Los Angeles
                    David R. Hunter, Penn State University
                    Martina Morris, University of Washington
                    Skye Bender-deMoll, University of Washington
 For citation information, type citation("network").
 Type help("network-package") to get started.


networkDynamic: version 0.10.0, created on 2019-04-04
Copyright (c) 2019, Carter T. Butts, University of California -- Irvine
                    Ayn Leslie-Cook, University of Washington
                    Pavel N. Krivitsky, University of Wollongong
                    Skye Bender-deMoll, University of Washington
                    with contributions from
                    Zack Almquist, University of California -- Irvine
                    David R. Hunter, Penn State University
                    Li Wang
                    Kirk Li, University of Washington
                    Steven M. Goodreau, University of Washington
                    Jeffrey Horner
                    Martina Morris, University of Washington
Based on "statnet" project software (statnet.org).
For license and citation information see statnet.org/attribution
or type citation("networkDynamic").

Loading required package: statnet.common

Attaching package: 'statnet.common'

The following object is masked from 'package:base':

    order

sna: Tools for Social Network Analysis
Version 2.4 created on 2016-07-23.
copyright (c) 2005, Carter T. Butts, University of California-Irvine
 For citation information, type citation("sna").
 Type help(package="sna") to get started.


ergm: version 3.10.4, created on 2019-06-10
Copyright (c) 2019, Mark S. Handcock, University of California -- Los Angeles
                    David R. Hunter, Penn State University
                    Carter T. Butts, University of California -- Irvine
                    Steven M. Goodreau, University of Washington
                    Pavel N. Krivitsky, University of Wollongong
                    Martina Morris, University of Washington
                    with contributions from
                    Li Wang
                    Kirk Li, University of Washington
                    Skye Bender-deMoll, University of Washington
                    Chad Klumb
Based on "statnet" project software (statnet.org).
For license and citation information see statnet.org/attribution
or type citation("ergm").

NOTE: Versions before 3.6.1 had a bug in the implementation of the bd()
constriant which distorted the sampled distribution somewhat. In
addition, Sampson's Monks datasets had mislabeled vertices. See the
NEWS and the documentation for more details.

NOTE: Some common term arguments pertaining to vertex attribute and
level selection have changed in 3.10.0. See terms help for more
details. Use 'options(ergm.term=list(version="3.9.4"))' to use old
behavior.


tergm: version 3.6.1, created on 2019-06-12
Copyright (c) 2019, Pavel N. Krivitsky, University of Wollongong
                    Mark S. Handcock, University of California -- Los Angeles
                    with contributions from
                    David R. Hunter, Penn State University
                    Steven M. Goodreau, University of Washington
                    Martina Morris, University of Washington
                    Nicole Bohme Carnegie, New York University
                    Carter T. Butts, University of California -- Irvine
                    Ayn Leslie-Cook, University of Washington
                    Skye Bender-deMoll
                    Li Wang
                    Kirk Li, University of Washington
Based on "statnet" project software (statnet.org).
For license and citation information see statnet.org/attribution
or type citation("tergm").

Starting maximum pseudolikelihood estimation (MPLE):
Evaluating the predictor and response matrix.
Maximizing the pseudolikelihood.
Finished MPLE.
Starting Monte Carlo maximum likelihood estimation (MCMLE):
Iteration 1 of at most 500:
Optimizing with step length 0.612937854280272.
The log-likelihood improved by 3.214.
Iteration 2 of at most 500:
Optimizing with step length 1.
The log-likelihood improved by 2.51.
Step length converged once. Increasing MCMC sample size.
Iteration 3 of at most 500:
Optimizing with step length 1.
The log-likelihood improved by 0.55.
Step length converged twice. Stopping.
Finished MCMLE.
This model was fit using MCMC.  To examine model diagnostics and check
for degeneracy, use the mcmc.diagnostics() function.
 degree0  degree1  degree2  degree3  degree4  degree5  degree6  degree7 
       4       30     1266     1107      804      336      334      321 
 degree8  degree9 degree10 degree11 degree12 degree13 degree14 degree15 
     317      201      139       75       40       13        9        3 
degree16 
       1 
1 
disease_progression 
H-positive risk:  866 917 123 857 456 126 871 406 134 68 109 67 
H-negative risk:  917 866 871 857 406 456 126 123 109 134 67 68 
New BC onsets:  0
BC status:  4998 2 
BC subtype:  4998 1 1 

clinical_engagement 
diagnosis 
demography 
66 new agents 
1 dtreferralsatt1 smreferralsatt2 
disease_progression 
H-positive risk:  872 923 123 861 451 127 865 400 133 69 109 67 
H-negative risk:  923 872 865 861 400 451 127 123 109 133 67 69 
New BC onsets:  0
BC status:  4997 3 
BC subtype:  4997 2 1 

clinical_engagement 
diagnosis 
demography 
56 new agents 
5 dtreferralsatt5 smreferralsatt3 
disease_progression 
H-positive risk:  875 922 122 866 445 129 867 399 134 67 109 65 
H-negative risk:  922 875 867 866 399 445 129 122 109 134 65 67 
New BC onsets:  0
BC status:  4996 4 
BC subtype:  4996 3 1 

clinical_engagement 
diagnosis 
demography 
62 new agents 
2 dtreferralsatt2 smreferralsatt4 
disease_progression 
H-positive risk:  876 934 121 860 438 130 865 399 134 67 110 66 
H-negative risk:  934 876 865 860 399 438 130 121 110 134 66 67 
New BC onsets:  0
BC status:  4993 7 
BC subtype:  4993 3 4 

clinical_engagement 
diagnosis 
demography 
53 new agents 
3 dtreferralsatt3 smreferralsatt5 
disease_progression 
H-positive risk:  886 937 124 856 439 131 858 396 133 67 107 66 
H-negative risk:  937 886 858 856 396 439 131 124 107 133 66 67 
New BC onsets:  0
BC status:  4992 8 
BC subtype:  4992 4 4 

clinical_engagement 
diagnosis 
demography 
58 new agents 
2 dtreferralsatt2 smreferralsatt6 
disease_progression 
H-positive risk:  891 941 126 860 436 131 849 394 132 66 109 65 
H-negative risk:  941 891 849 860 394 436 131 126 109 132 65 66 
New BC onsets:  0
BC status:  4990 10 
BC subtype:  4990 6 4 

clinical_engagement 
diagnosis 
demography 
59 new agents 
3 dtreferralsatt3 smreferralsatt7 
disease_progression 
H-positive risk:  897 935 127 859 435 130 850 394 134 67 108 64 
H-negative risk:  935 897 850 859 394 435 130 127 108 134 64 67 
New BC onsets:  0
BC status:  4986 14 
BC subtype:  4986 10 4 

clinical_engagement 
diagnosis 
demography 
68 new agents 
7 dtreferralsatt7 smreferralsatt8 
disease_progression 
H-positive risk:  893 935 130 854 435 132 856 393 134 65 107 66 
H-negative risk:  935 893 856 854 393 435 132 130 107 134 66 65 
New BC onsets:  0
BC status:  4983 17 
BC subtype:  4983 12 5 

clinical_engagement 
diagnosis 
demography 
60 new agents 
7 dtreferralsatt7 smreferralsatt9 
disease_progression 
H-positive risk:  898 937 130 856 428 134 858 388 132 66 107 66 
H-negative risk:  937 898 858 856 388 428 134 130 107 132 66 66 
New BC onsets:  0
BC status:  4982 18 
BC subtype:  4982 13 5 

clinical_engagement 
diagnosis 
demography 
63 new agents 
6 dtreferralsatt6 smreferralsatt10 
disease_progression 
H-positive risk:  908 941 128 853 427 135 857 376 135 66 107 67 
H-negative risk:  941 908 857 853 376 427 135 128 107 135 67 66 
New BC onsets:  0
BC status:  4980 20 
BC subtype:  4980 13 7 

clinical_engagement 
diagnosis 
demography 
56 new agents 
9 dtreferralsatt9 smreferralsatt11 
disease_progression 
H-positive risk:  909 945 129 857 425 135 853 368 138 64 108 69 
H-negative risk:  945 909 853 857 368 425 135 129 108 138 69 64 
New BC onsets:  0
BC status:  4976 24 
BC subtype:  4976 17 7 

clinical_engagement 
diagnosis 
demography 
73 new agents 
11 dtreferralsatt11 smreferralsatt12 
disease_progression 
H-positive risk:  904 950 129 858 424 134 857 367 138 64 106 69 
H-negative risk:  950 904 857 858 367 424 134 129 106 138 69 64 
New BC onsets:  0
BC status:  4973 27 
BC subtype:  4973 19 8 

clinical_engagement 
diagnosis 
demography 
76 new agents 
8 dtreferralsatt8 smreferralsatt13 
disease_progression 
H-positive risk:  805 875 115 941 421 122 954 362 154 62 123 66 
H-negative risk:  875 805 954 941 362 421 122 115 123 154 66 62 
New BC onsets:  0
BC status:  4972 28 
BC subtype:  4972 20 8 

clinical_engagement 
diagnosis 
demography 
212 new agents 
5 dtreferralsatt5 smreferralsatt14 
disease_progression 
H-positive risk:  841 919 117 901 420 126 910 378 152 51 127 58 
H-negative risk:  919 841 910 901 378 420 126 117 127 152 58 51 
New BC onsets:  0
BC status:  4971 29 
BC subtype:  4971 22 7 

clinical_engagement 
diagnosis 
demography 
61 new agents 
9 dtreferralsatt9 smreferralsatt15 
disease_progression 
H-positive risk:  840 922 117 906 419 127 911 373 152 51 127 55 
H-negative risk:  922 840 911 906 373 419 127 117 127 152 55 51 
New BC onsets:  0
BC status:  4970 30 
BC subtype:  4970 23 7 

clinical_engagement 
diagnosis 
demography 
50 new agents 
5 dtreferralsatt5 smreferralsatt16 
disease_progression 
H-positive risk:  848 924 117 901 417 128 910 368 152 51 129 55 
H-negative risk:  924 848 910 901 368 417 128 117 129 152 55 51 
New BC onsets:  0
BC status:  4966 34 
BC subtype:  4966 26 8 

clinical_engagement 
diagnosis 
demography 
64 new agents 
7 dtreferralsatt7 smreferralsatt17 
disease_progression 
H-positive risk:  855 927 116 897 409 130 913 369 150 52 126 56 
H-negative risk:  927 855 913 897 369 409 130 116 126 150 56 52 
New BC onsets:  0
BC status:  4962 38 
BC subtype:  4962 30 8 

clinical_engagement 
diagnosis 
demography 
66 new agents 
11 dtreferralsatt11 smreferralsatt18 
disease_progression 
H-positive risk:  855 938 116 889 405 132 908 372 149 50 128 58 
H-negative risk:  938 855 908 889 372 405 132 116 128 149 58 50 
New BC onsets:  0
BC status:  4962 38 
BC subtype:  4962 30 8 

clinical_engagement 
diagnosis 
demography 
59 new agents 
11 dtreferralsatt11 smreferralsatt19 
disease_progression 
H-positive risk:  858 950 118 892 398 132 902 366 151 48 127 58 
H-negative risk:  950 858 902 892 366 398 132 118 127 151 58 48 
New BC onsets:  0
BC status:  4960 40 
BC subtype:  4960 33 7 

clinical_engagement 
diagnosis 
demography 
74 new agents 
11 dtreferralsatt11 smreferralsatt20 
disease_progression 
H-positive risk:  859 955 121 890 400 135 890 367 150 48 129 56 
H-negative risk:  955 859 890 890 367 400 135 121 129 150 56 48 
New BC onsets:  0
BC status:  4960 40 
BC subtype:  4960 33 7 

clinical_engagement 
diagnosis 
demography 
64 new agents 
11 dtreferralsatt11 smreferralsatt21 
disease_progression 
H-positive risk:  872 952 124 897 392 135 888 361 147 49 129 54 
H-negative risk:  952 872 888 897 361 392 135 124 129 147 54 49 
New BC onsets:  0
BC status:  4959 41 
BC subtype:  4959 34 7 

clinical_engagement 
diagnosis 
demography 
49 new agents 
6 dtreferralsatt6 smreferralsatt22 
disease_progression 
H-positive risk:  871 952 123 899 394 137 896 354 146 49 128 51 
H-negative risk:  952 871 896 899 354 394 137 123 128 146 51 49 
New BC onsets:  0
BC status:  4955 45 
BC subtype:  4955 38 7 

clinical_engagement 
diagnosis 
demography 
59 new agents 
9 dtreferralsatt9 smreferralsatt23 
disease_progression 
H-positive risk:  870 955 124 902 392 138 893 351 146 50 127 52 
H-negative risk:  955 870 893 902 351 392 138 124 127 146 52 50 
New BC onsets:  0
BC status:  4954 46 
BC subtype:  4954 39 7 

clinical_engagement 
diagnosis 
demography 
63 new agents 
12 dtreferralsatt12 smreferralsatt24 
disease_progression 
H-positive risk:  875 967 127 907 379 138 878 351 148 51 128 51 
H-negative risk:  967 875 878 907 351 379 138 127 128 148 51 51 
New BC onsets:  0
BC status:  4949 51 
BC subtype:  4949 42 9 

clinical_engagement 
diagnosis 
demography 
47 new agents 
5 dtreferralsatt5 smreferralsatt25 
disease_progression 
H-positive risk:  805 894 120 982 378 134 944 347 156 51 139 50 
H-negative risk:  894 805 944 982 347 378 134 120 139 156 50 51 
New BC onsets:  0
BC status:  4947 53 
BC subtype:  4947 43 10 

clinical_engagement 
diagnosis 
demography 
171 new agents 
10 dtreferralsatt10 smreferralsatt26 
disease_progression 
H-positive risk:  819 913 123 953 381 137 918 375 144 60 132 45 
H-negative risk:  913 819 918 953 375 381 137 123 132 144 45 60 
New BC onsets:  0
BC status:  4943 57 
BC subtype:  4943 47 10 

clinical_engagement 
diagnosis 
demography 
63 new agents 
11 dtreferralsatt11 smreferralsatt27 
disease_progression 
H-positive risk:  823 921 124 954 379 137 913 374 143 58 130 44 
H-negative risk:  921 823 913 954 374 379 137 124 130 143 44 58 
New BC onsets:  0
BC status:  4941 59 
BC subtype:  4941 47 12 

clinical_engagement 
diagnosis 
demography 
64 new agents 
10 dtreferralsatt10 smreferralsatt28 
disease_progression 
H-positive risk:  824 925 123 945 382 136 911 377 145 59 129 44 
H-negative risk:  925 824 911 945 377 382 136 123 129 145 44 59 
New BC onsets:  0
BC status:  4937 63 
BC subtype:  4937 48 15 

clinical_engagement 
diagnosis 
demography 
81 new agents 
8 dtreferralsatt8 smreferralsatt29 
disease_progression 
H-positive risk:  834 925 123 942 376 132 915 370 147 61 132 43 
H-negative risk:  925 834 915 942 370 376 132 123 132 147 43 61 
New BC onsets:  0
BC status:  4932 68 
BC subtype:  4932 51 17 

clinical_engagement 
diagnosis 
demography 
65 new agents 
12 dtreferralsatt12 smreferralsatt30 
disease_progression 
H-positive risk:  841 922 124 944 372 134 911 367 148 61 133 43 
H-negative risk:  922 841 911 944 367 372 134 124 133 148 43 61 
New BC onsets:  0
BC status:  4932 68 
BC subtype:  4932 51 17 

clinical_engagement 
diagnosis 
demography 
54 new agents 
10 dtreferralsatt10 smreferralsatt31 
disease_progression 
H-positive risk:  847 926 124 942 374 134 906 366 147 60 131 43 
H-negative risk:  926 847 906 942 366 374 134 124 131 147 43 60 
New BC onsets:  0
BC status:  4930 70 
BC subtype:  4930 52 18 

clinical_engagement 
diagnosis 
demography 
61 new agents 
11 dtreferralsatt11 smreferralsatt32 
disease_progression 
H-positive risk:  852 921 123 941 378 134 902 363 147 59 134 46 
H-negative risk:  921 852 902 941 363 378 134 123 134 147 46 59 
New BC onsets:  0
BC status:  4929 71 
BC subtype:  4929 52 19 

clinical_engagement 
diagnosis 
demography 
70 new agents 
5 dtreferralsatt5 smreferralsatt33 
disease_progression 
H-positive risk:  861 923 121 938 371 134 908 356 147 61 137 43 
H-negative risk:  923 861 908 938 356 371 134 121 137 147 43 61 
New BC onsets:  0
BC status:  4925 75 
BC subtype:  4925 55 20 

clinical_engagement 
diagnosis 
demography 
56 new agents 
7 dtreferralsatt7 smreferralsatt34 
disease_progression 
H-positive risk:  863 925 121 928 368 135 916 355 146 60 140 43 
H-negative risk:  925 863 916 928 355 368 135 121 140 146 43 60 
New BC onsets:  0
BC status:  4925 75 
BC subtype:  4925 57 18 

clinical_engagement 
diagnosis 
demography 
61 new agents 
5 dtreferralsatt5 smreferralsatt35 
disease_progression 
H-positive risk:  866 929 120 936 362 135 918 350 146 60 136 42 
H-negative risk:  929 866 918 936 350 362 135 120 136 146 42 60 
New BC onsets:  0
BC status:  4925 75 
BC subtype:  4925 57 18 

clinical_engagement 
diagnosis 
demography 
77 new agents 
8 dtreferralsatt8 smreferralsatt36 
disease_progression 
H-positive risk:  867 933 121 932 361 134 920 351 146 59 133 43 
H-negative risk:  933 867 920 932 351 361 134 121 133 146 43 59 
New BC onsets:  0
BC status:  4925 75 
BC subtype:  4925 57 18 

clinical_engagement 
diagnosis 
demography 
50 new agents 
9 dtreferralsatt9 smreferralsatt37 
disease_progression 
H-positive risk:  794 862 114 1002 358 127 995 350 156 58 144 40 
H-negative risk:  862 794 995 1002 350 358 127 114 144 156 40 58 
New BC onsets:  0
BC status:  4923 77 
BC subtype:  4923 58 19 

clinical_engagement 
diagnosis 
demography 
164 new agents 
17 dtreferralsatt17 smreferralsatt38 
disease_progression 
H-positive risk:  807 865 119 967 374 130 986 356 141 69 145 41 
H-negative risk:  865 807 986 967 356 374 130 119 145 141 41 69 
New BC onsets:  0
BC status:  4919 81 
BC subtype:  4919 63 18 

clinical_engagement 
diagnosis 
demography 
70 new agents 
6 dtreferralsatt6 smreferralsatt39 
disease_progression 
H-positive risk:  820 869 120 961 372 128 976 358 141 69 145 41 
H-negative risk:  869 820 976 961 358 372 128 120 145 141 41 69 
New BC onsets:  0
BC status:  4919 81 
BC subtype:  4919 62 19 

clinical_engagement 
diagnosis 
demography 
66 new agents 
13 dtreferralsatt13 smreferralsatt40 
disease_progression 
H-positive risk:  826 868 117 964 369 131 977 355 141 68 144 40 
H-negative risk:  868 826 977 964 355 369 131 117 144 141 40 68 
New BC onsets:  0
BC status:  4921 79 
BC subtype:  4921 61 18 

clinical_engagement 
diagnosis 
demography 
47 new agents 
12 dtreferralsatt12 smreferralsatt41 
disease_progression 
H-positive risk:  828 876 115 956 364 129 984 356 139 71 142 40 
H-negative risk:  876 828 984 956 356 364 129 115 142 139 40 71 
New BC onsets:  0
BC status:  4920 80 
BC subtype:  4920 63 17 

clinical_engagement 
diagnosis 
demography 
61 new agents 
13 dtreferralsatt13 smreferralsatt42 
disease_progression 
H-positive risk:  834 878 115 957 360 129 980 355 141 71 140 40 
H-negative risk:  878 834 980 957 355 360 129 115 140 141 40 71 
New BC onsets:  0
BC status:  4922 78 
BC subtype:  4922 61 17 

clinical_engagement 
diagnosis 
demography 
57 new agents 
7 dtreferralsatt7 smreferralsatt43 
disease_progression 
H-positive risk:  838 872 116 962 355 130 979 354 144 72 140 38 
H-negative risk:  872 838 979 962 354 355 130 116 140 144 38 72 
New BC onsets:  0
BC status:  4919 81 
BC subtype:  4919 64 17 

clinical_engagement 
diagnosis 
demography 
55 new agents 
7 dtreferralsatt7 smreferralsatt44 
disease_progression 
H-positive risk:  836 879 117 965 346 132 982 353 142 70 141 37 
H-negative risk:  879 836 982 965 353 346 132 117 141 142 37 70 
New BC onsets:  0
BC status:  4917 83 
BC subtype:  4917 66 17 

clinical_engagement 
diagnosis 
demography 
67 new agents 
9 dtreferralsatt9 smreferralsatt45 
disease_progression 
H-positive risk:  843 885 119 956 344 136 979 345 142 69 145 37 
H-negative risk:  885 843 979 956 345 344 136 119 145 142 37 69 
New BC onsets:  0
BC status:  4915 85 
BC subtype:  4915 68 17 

clinical_engagement 
diagnosis 
demography 
70 new agents 
10 dtreferralsatt10 smreferralsatt46 
disease_progression 
H-positive risk:  841 891 120 949 345 138 982 340 141 70 146 37 
H-negative risk:  891 841 982 949 340 345 138 120 146 141 37 70 
New BC onsets:  0
BC status:  4912 88 
BC subtype:  4912 71 17 

clinical_engagement 
diagnosis 
demography 
54 new agents 
9 dtreferralsatt9 smreferralsatt47 
disease_progression 
H-positive risk:  844 892 120 951 343 137 977 341 141 71 146 37 
H-negative risk:  892 844 977 951 341 343 137 120 146 141 37 71 
New BC onsets:  0
BC status:  4911 89 
BC subtype:  4911 72 17 

clinical_engagement 
diagnosis 
demography 
72 new agents 
12 dtreferralsatt12 smreferralsatt48 
disease_progression 
H-positive risk:  844 892 125 955 342 139 966 339 141 72 145 40 
H-negative risk:  892 844 966 955 339 342 139 125 145 141 40 72 
New BC onsets:  0
BC status:  4911 89 
BC subtype:  4911 72 17 

clinical_engagement 
diagnosis 
demography 
68 new agents 
15 dtreferralsatt15 smreferralsatt49 
disease_progression 
H-positive risk:  787 829 112 1021 344 128 1019 338 153 72 157 40 
H-negative risk:  829 787 1019 1021 338 344 128 112 157 153 40 72 
New BC onsets:  0
BC status:  4910 90 
BC subtype:  4910 73 17 

clinical_engagement 
diagnosis 
demography 
144 new agents 
10 dtreferralsatt10 smreferralsatt50 
disease_progression 
H-positive risk:  797 840 115 990 362 130 1010 342 140 79 155 40 
H-negative risk:  840 797 1010 990 342 362 130 115 155 140 40 79 
New BC onsets:  0
BC status:  4908 92 
BC subtype:  4908 76 16 

clinical_engagement 
diagnosis 
demography 
64 new agents 
10 dtreferralsatt10 smreferralsatt51 
disease_progression 
H-positive risk:  795 841 116 980 369 131 1009 350 138 77 154 40 
H-negative risk:  841 795 1009 980 350 369 131 116 154 138 40 77 
New BC onsets:  0
BC status:  4907 93 
BC subtype:  4907 77 16 

clinical_engagement 
diagnosis 
demography 
68 new agents 
6 dtreferralsatt6 smreferralsatt52 
disease_progression 
H-positive risk:  800 850 113 981 369 131 999 351 137 77 152 40 
H-negative risk:  850 800 999 981 351 369 131 113 152 137 40 77 
New BC onsets:  0
BC status:  4907 93 
BC subtype:  4907 77 16 

clinical_engagement 
diagnosis 
demography 
71 new agents 
8 dtreferralsatt8 smreferralsatt53 
disease_progression 
H-positive risk:  803 852 113 979 367 131 1010 347 137 72 151 38 
H-negative risk:  852 803 1010 979 347 367 131 113 151 137 38 72 
New BC onsets:  0
BC status:  4910 90 
BC subtype:  4910 75 15 

clinical_engagement 
diagnosis 
demography 
59 new agents 
9 dtreferralsatt9 smreferralsatt54 
disease_progression 
H-positive risk:  802 855 112 977 367 130 1014 349 137 67 152 38 
H-negative risk:  855 802 1014 977 349 367 130 112 152 137 38 67 
New BC onsets:  0
BC status:  4909 91 
BC subtype:  4909 76 15 

clinical_engagement 
diagnosis 
demography 
56 new agents 
11 dtreferralsatt11 smreferralsatt55 
disease_progression 
H-positive risk:  808 857 113 980 361 129 1004 349 139 67 152 41 
H-negative risk:  857 808 1004 980 349 361 129 113 152 139 41 67 
New BC onsets:  0
BC status:  4910 90 
BC subtype:  4910 75 15 

clinical_engagement 
diagnosis 
demography 
71 new agents 
7 dtreferralsatt7 smreferralsatt56 
disease_progression 
H-positive risk:  807 872 114 977 362 128 1001 342 139 66 152 40 
H-negative risk:  872 807 1001 977 342 362 128 114 152 139 40 66 
New BC onsets:  0
BC status:  4912 88 
BC subtype:  4912 73 15 

clinical_engagement 
diagnosis 
demography 
52 new agents 
11 dtreferralsatt11 smreferralsatt57 
disease_progression 
H-positive risk:  808 876 113 974 357 123 1006 344 139 66 153 41 
H-negative risk:  876 808 1006 974 344 357 123 113 153 139 41 66 
New BC onsets:  0
BC status:  4911 89 
BC subtype:  4911 73 16 

clinical_engagement 
diagnosis 
demography 
75 new agents 
17 dtreferralsatt17 smreferralsatt58 
disease_progression 
H-positive risk:  807 881 113 968 354 129 1004 348 140 65 147 44 
H-negative risk:  881 807 1004 968 348 354 129 113 147 140 44 65 
New BC onsets:  0
BC status:  4910 90 
BC subtype:  4910 75 15 

clinical_engagement 
diagnosis 
demography 
67 new agents 
11 dtreferralsatt11 smreferralsatt59 
disease_progression 
H-positive risk:  810 881 119 968 351 131 999 347 140 64 147 43 
H-negative risk:  881 810 999 968 347 351 131 119 147 140 43 64 
New BC onsets:  0
BC status:  4911 89 
BC subtype:  4911 74 15 

clinical_engagement 
diagnosis 
demography 
71 new agents 
6 dtreferralsatt6 smreferralsatt60 
disease_progression 
H-positive risk:  806 884 119 962 355 130 1007 342 140 62 150 43 
H-negative risk:  884 806 1007 962 342 355 130 119 150 140 43 62 
New BC onsets:  0
BC status:  4911 89 
BC subtype:  4911 74 15 

clinical_engagement 
diagnosis 
demography 
66 new agents 
9 dtreferralsatt9 smreferralsatt61 
disease_progression 
H-positive risk:  776 829 109 1018 358 116 1040 336 150 63 163 42 
H-negative risk:  829 776 1040 1018 336 358 116 109 163 150 42 63 
New BC onsets:  0
BC status:  4913 87 
BC subtype:  4913 72 15 

clinical_engagement 
diagnosis 
demography 
128 new agents 
9 dtreferralsatt9 smreferralsatt62 
disease_progression 
H-positive risk:  783 834 109 994 363 117 1038 350 144 67 162 39 
H-negative risk:  834 783 1038 994 350 363 117 109 162 144 39 67 
New BC onsets:  0
BC status:  4910 90 
BC subtype:  4910 75 15 

clinical_engagement 
diagnosis 
demography 
94 new agents 
9 dtreferralsatt9 smreferralsatt63 
disease_progression 
H-positive risk:  784 842 110 975 366 118 1043 348 141 68 160 45 
H-negative risk:  842 784 1043 975 348 366 118 110 160 141 45 68 
New BC onsets:  0
BC status:  4909 91 
BC subtype:  4909 75 16 

clinical_engagement 
diagnosis 
demography 
74 new agents 
8 dtreferralsatt8 smreferralsatt64 
disease_progression 
H-positive risk:  778 850 107 979 374 118 1029 350 138 72 161 44 
H-negative risk:  850 778 1029 979 350 374 118 107 161 138 44 72 
New BC onsets:  0
BC status:  4907 93 
BC subtype:  4907 76 17 

clinical_engagement 
diagnosis 
demography 
70 new agents 
15 dtreferralsatt15 smreferralsatt65 
disease_progression 
H-positive risk:  782 852 106 978 371 120 1028 354 138 69 156 46 
H-negative risk:  852 782 1028 978 354 371 120 106 156 138 46 69 
New BC onsets:  0
BC status:  4911 89 
BC subtype:  4911 73 16 

clinical_engagement 
diagnosis 
demography 
78 new agents 
9 dtreferralsatt9 smreferralsatt66 
disease_progression 
H-positive risk:  783 856 107 978 372 121 1025 348 138 68 157 47 
H-negative risk:  856 783 1025 978 348 372 121 107 157 138 47 68 
New BC onsets:  0
BC status:  4910 90 
BC subtype:  4910 74 16 

clinical_engagement 
diagnosis 
demography 
53 new agents 
12 dtreferralsatt12 smreferralsatt67 
disease_progression 
H-positive risk:  780 860 105 981 368 120 1027 348 139 65 158 49 
H-negative risk:  860 780 1027 981 348 368 120 105 158 139 49 65 
New BC onsets:  0
BC status:  4909 91 
BC subtype:  4909 75 16 

clinical_engagement 
diagnosis 
demography 
68 new agents 
9 dtreferralsatt9 smreferralsatt68 
disease_progression 
H-positive risk:  780 858 104 989 361 120 1025 351 139 65 160 48 
H-negative risk:  858 780 1025 989 351 361 120 104 160 139 48 65 
New BC onsets:  0
BC status:  4906 94 
BC subtype:  4906 78 16 

clinical_engagement 
diagnosis 
demography 
58 new agents 
19 dtreferralsatt19 smreferralsatt69 
disease_progression 
H-positive risk:  783 854 109 988 357 122 1028 350 138 65 160 46 
H-negative risk:  854 783 1028 988 350 357 122 109 160 138 46 65 
New BC onsets:  0
BC status:  4906 94 
BC subtype:  4906 77 17 

clinical_engagement 
diagnosis 
demography 
65 new agents 
13 dtreferralsatt13 smreferralsatt70 
disease_progression 
H-positive risk:  777 860 111 977 360 120 1034 349 142 63 161 46 
H-negative risk:  860 777 1034 977 349 360 120 111 161 142 46 63 
New BC onsets:  0
BC status:  4907 93 
BC subtype:  4907 75 18 

clinical_engagement 
diagnosis 
demography 
89 new agents 
7 dtreferralsatt7 smreferralsatt71 
disease_progression 
H-positive risk:  779 863 111 978 359 122 1034 339 140 64 167 44 
H-negative risk:  863 779 1034 978 339 359 122 111 167 140 44 64 
New BC onsets:  0
BC status:  4908 92 
BC subtype:  4908 74 18 

clinical_engagement 
diagnosis 
demography 
80 new agents 
11 dtreferralsatt11 smreferralsatt72 
disease_progression 
H-positive risk:  781 865 110 969 362 122 1037 340 140 62 168 44 
H-negative risk:  865 781 1037 969 340 362 122 110 168 140 44 62 
New BC onsets:  0
BC status:  4908 92 
BC subtype:  4908 73 19 

clinical_engagement 
diagnosis 
demography 
67 new agents 
8 dtreferralsatt8 smreferralsatt73 
disease_progression 
H-positive risk:  744 807 105 1031 366 119 1076 334 142 61 173 42 
H-negative risk:  807 744 1076 1031 334 366 119 105 173 142 42 61 
New BC onsets:  0
BC status:  4912 88 
BC subtype:  4912 69 19 

clinical_engagement 
diagnosis 
demography 
132 new agents 
15 dtreferralsatt15 smreferralsatt74 
disease_progression 
H-positive risk:  758 804 110 1020 378 119 1066 330 141 63 167 44 
H-negative risk:  804 758 1066 1020 330 378 119 110 167 141 44 63 
New BC onsets:  0
BC status:  4914 86 
BC subtype:  4914 67 19 

clinical_engagement 
diagnosis 
demography 
70 new agents 
5 dtreferralsatt5 smreferralsatt75 
disease_progression 
H-positive risk:  757 799 113 1013 389 117 1057 333 143 65 171 43 
H-negative risk:  799 757 1057 1013 333 389 117 113 171 143 43 65 
New BC onsets:  0
BC status:  4912 88 
BC subtype:  4912 68 20 

clinical_engagement 
diagnosis 
demography 
65 new agents 
9 dtreferralsatt9 smreferralsatt76 
disease_progression 
H-positive risk:  757 795 113 1012 389 117 1060 334 144 64 171 44 
H-negative risk:  795 757 1060 1012 334 389 117 113 171 144 44 64 
New BC onsets:  0
BC status:  4908 92 
BC subtype:  4908 70 22 

clinical_engagement 
diagnosis 
demography 
57 new agents 
12 dtreferralsatt12 smreferralsatt77 
disease_progression 
H-positive risk:  759 795 115 1005 394 119 1064 331 142 63 168 45 
H-negative risk:  795 759 1064 1005 331 394 119 115 168 142 45 63 
New BC onsets:  0
BC status:  4904 96 
BC subtype:  4904 73 23 

clinical_engagement 
diagnosis 
demography 
77 new agents 
5 dtreferralsatt5 smreferralsatt78 
disease_progression 
H-positive risk:  771 804 114 1006 378 123 1060 330 142 61 166 45 
H-negative risk:  804 771 1060 1006 330 378 123 114 166 142 45 61 
New BC onsets:  0
BC status:  4901 99 
BC subtype:  4901 76 23 

clinical_engagement 
diagnosis 
demography 
65 new agents 
8 dtreferralsatt8 smreferralsatt79 
disease_progression 
H-positive risk:  779 809 113 1004 373 125 1056 329 137 62 168 45 
H-negative risk:  809 779 1056 1004 329 373 125 113 168 137 45 62 
New BC onsets:  0
BC status:  4899 101 
BC subtype:  4899 78 23 

clinical_engagement 
diagnosis 
demography 
70 new agents 
10 dtreferralsatt10 smreferralsatt80 
disease_progression 
H-positive risk:  781 809 115 1012 368 125 1054 331 138 61 161 45 
H-negative risk:  809 781 1054 1012 331 368 125 115 161 138 45 61 
New BC onsets:  0
BC status:  4897 103 
BC subtype:  4897 78 25 

clinical_engagement 
diagnosis 
demography 
58 new agents 
13 dtreferralsatt13 smreferralsatt81 
disease_progression 
H-positive risk:  780 806 116 1007 365 127 1050 345 138 61 160 45 
H-negative risk:  806 780 1050 1007 345 365 127 116 160 138 45 61 
New BC onsets:  0
BC status:  4896 104 
BC subtype:  4896 80 24 

clinical_engagement 
diagnosis 
demography 
63 new agents 
10 dtreferralsatt10 smreferralsatt82 
disease_progression 
H-positive risk:  785 803 116 1009 358 127 1046 348 138 61 164 45 
H-negative risk:  803 785 1046 1009 348 358 127 116 164 138 45 61 
New BC onsets:  0
BC status:  4896 104 
BC subtype:  4896 81 23 

clinical_engagement 
diagnosis 
demography 
65 new agents 
16 dtreferralsatt16 smreferralsatt83 
disease_progression 
H-positive risk:  787 808 116 1008 352 125 1048 346 140 65 161 44 
H-negative risk:  808 787 1048 1008 346 352 125 116 161 140 44 65 
New BC onsets:  0
BC status:  4896 104 
BC subtype:  4896 81 23 

clinical_engagement 
diagnosis 
demography 
74 new agents 
11 dtreferralsatt11 smreferralsatt84 
disease_progression 
H-positive risk:  787 803 120 1013 350 127 1058 342 136 64 155 45 
H-negative risk:  803 787 1058 1013 342 350 127 120 155 136 45 64 
New BC onsets:  0
BC status:  4896 104 
BC subtype:  4896 79 25 

clinical_engagement 
diagnosis 
demography 
67 new agents 
9 dtreferralsatt9 smreferralsatt85 
disease_progression 
H-positive risk:  752 753 116 1064 347 115 1084 352 148 63 163 43 
H-negative risk:  753 752 1084 1064 352 347 115 116 163 148 43 63 
New BC onsets:  0
BC status:  4894 106 
BC subtype:  4894 79 27 

clinical_engagement 
diagnosis 
demography 
94 new agents 
16 dtreferralsatt16 smreferralsatt86 
disease_progression 
H-positive risk:  759 746 114 1057 359 116 1066 370 143 62 161 47 
H-negative risk:  746 759 1066 1057 370 359 116 114 161 143 47 62 
New BC onsets:  0
BC status:  4894 106 
BC subtype:  4894 79 27 

clinical_engagement 
diagnosis 
demography 
69 new agents 
7 dtreferralsatt7 smreferralsatt87 
disease_progression 
H-positive risk:  761 744 117 1062 358 116 1059 368 142 60 162 51 
H-negative risk:  744 761 1059 1062 368 358 116 117 162 142 51 60 
New BC onsets:  0
BC status:  4897 103 
BC subtype:  4897 76 27 

clinical_engagement 
diagnosis 
demography 
60 new agents 
11 dtreferralsatt11 smreferralsatt88 
disease_progression 
H-positive risk:  756 750 116 1061 361 116 1059 365 144 61 158 53 
H-negative risk:  750 756 1059 1061 365 361 116 116 158 144 53 61 
New BC onsets:  0
BC status:  4899 101 
BC subtype:  4899 75 26 

clinical_engagement 
diagnosis 
demography 
72 new agents 
11 dtreferralsatt11 smreferralsatt89 
disease_progression 
H-positive risk:  763 757 119 1060 356 114 1058 364 144 58 154 53 
H-negative risk:  757 763 1058 1060 364 356 114 119 154 144 53 58 
New BC onsets:  0
BC status:  4898 102 
BC subtype:  4898 75 27 

clinical_engagement 
diagnosis 
demography 
65 new agents 
7 dtreferralsatt7 smreferralsatt90 
disease_progression 
H-positive risk:  758 767 120 1058 358 111 1059 359 146 59 154 51 
H-negative risk:  767 758 1059 1058 359 358 111 120 154 146 51 59 
New BC onsets:  0
BC status:  4896 104 
BC subtype:  4896 76 28 

clinical_engagement 
diagnosis 
demography 
57 new agents 
19 dtreferralsatt19 smreferralsatt91 
disease_progression 
H-positive risk:  758 770 121 1067 347 114 1049 363 146 59 154 52 
H-negative risk:  770 758 1049 1067 363 347 114 121 154 146 52 59 
New BC onsets:  0
BC status:  4898 102 
BC subtype:  4898 76 26 

clinical_engagement 
diagnosis 
demography 
54 new agents 
8 dtreferralsatt8 smreferralsatt92 
disease_progression 
H-positive risk:  764 773 121 1067 348 111 1045 363 146 57 154 51 
H-negative risk:  773 764 1045 1067 363 348 111 121 154 146 51 57 
New BC onsets:  0
BC status:  4897 103 
BC subtype:  4897 77 26 

clinical_engagement 
diagnosis 
demography 
68 new agents 
5 dtreferralsatt5 smreferralsatt93 
disease_progression 
H-positive risk:  765 774 123 1068 346 110 1053 356 144 56 156 49 
H-negative risk:  774 765 1053 1068 356 346 110 123 156 144 49 56 
New BC onsets:  0
BC status:  4898 102 
BC subtype:  4898 76 26 

clinical_engagement 
diagnosis 
demography 
65 new agents 
10 dtreferralsatt10 smreferralsatt94 
disease_progression 
H-positive risk:  763 780 121 1063 343 109 1059 359 144 55 157 47 
H-negative risk:  780 763 1059 1063 359 343 109 121 157 144 47 55 
New BC onsets:  0
BC status:  4897 103 
BC subtype:  4897 78 25 

clinical_engagement 
diagnosis 
demography 
67 new agents 
9 dtreferralsatt9 smreferralsatt95 
disease_progression 
H-positive risk:  767 781 119 1065 340 109 1066 361 140 50 156 46 
H-negative risk:  781 767 1066 1065 361 340 109 119 156 140 46 50 
New BC onsets:  0
BC status:  4895 105 
BC subtype:  4895 80 25 

clinical_engagement 
diagnosis 
demography 
69 new agents 
14 dtreferralsatt14 smreferralsatt96 
disease_progression 
H-positive risk:  770 773 120 1061 340 111 1062 367 145 48 157 46 
H-negative risk:  773 770 1062 1061 367 340 111 120 157 145 46 48 
New BC onsets:  0
BC status:  4898 102 
BC subtype:  4898 76 26 

clinical_engagement 
diagnosis 
demography 
78 new agents 
10 dtreferralsatt10 smreferralsatt97 
disease_progression 
H-positive risk:  726 722 114 1111 336 106 1111 368 148 48 163 47 
H-negative risk:  722 726 1111 1111 368 336 106 114 163 148 47 48 
New BC onsets:  0
BC status:  4900 100 
BC subtype:  4900 75 25 

clinical_engagement 
diagnosis 
demography 
98 new agents 
11 dtreferralsatt11 smreferralsatt98 
disease_progression 
H-positive risk:  726 714 114 1096 359 105 1097 380 149 48 162 50 
H-negative risk:  714 726 1097 1096 380 359 105 114 162 149 50 48 
New BC onsets:  0
BC status:  4902 98 
BC subtype:  4902 74 24 

clinical_engagement 
diagnosis 
demography 
91 new agents 
7 dtreferralsatt7 smreferralsatt99 
disease_progression 
H-positive risk:  734 715 114 1100 358 105 1089 385 143 48 157 52 
H-negative risk:  715 734 1089 1100 385 358 105 114 157 143 52 48 
New BC onsets:  0
BC status:  4903 97 
BC subtype:  4903 73 24 

clinical_engagement 
diagnosis 
demography 
67 new agents 
10 dtreferralsatt10 smreferralsatt100 
disease_progression 
H-positive risk:  736 717 115 1098 358 105 1080 388 142 50 159 52 
H-negative risk:  717 736 1080 1098 388 358 105 115 159 142 52 50 
New BC onsets:  0
BC status:  4900 100 
BC subtype:  4900 77 23 

clinical_engagement 
diagnosis 
demography 
73 new agents 
10 dtreferralsatt10 smreferralsatt101 
disease_progression 
H-positive risk:  736 711 114 1104 358 104 1080 385 146 49 162 51 
H-negative risk:  711 736 1080 1104 385 358 104 114 162 146 51 49 
New BC onsets:  0
BC status:  4900 100 
BC subtype:  4900 76 24 

clinical_engagement 
diagnosis 
demography 
79 new agents 
14 dtreferralsatt14 smreferralsatt102 
disease_progression 
H-positive risk:  737 707 114 1104 358 104 1082 387 148 47 162 50 
H-negative risk:  707 737 1082 1104 387 358 104 114 162 148 50 47 
New BC onsets:  0
BC status:  4898 102 
BC subtype:  4898 75 27 

clinical_engagement 
diagnosis 
demography 
73 new agents 
10 dtreferralsatt10 smreferralsatt103 
disease_progression 
H-positive risk:  731 716 112 1110 354 103 1076 388 148 49 162 51 
H-negative risk:  716 731 1076 1110 388 354 103 112 162 148 51 49 
New BC onsets:  0
BC status:  4899 101 
BC subtype:  4899 75 26 

clinical_engagement 
diagnosis 
demography 
67 new agents 
9 dtreferralsatt9 smreferralsatt104 
disease_progression 
H-positive risk:  735 718 112 1100 360 103 1076 387 147 51 161 50 
H-negative risk:  718 735 1076 1100 387 360 103 112 161 147 50 51 
New BC onsets:  0
BC status:  4901 99 
BC subtype:  4901 73 26 

clinical_engagement 
diagnosis 
demography 
70 new agents 
11 dtreferralsatt11 smreferralsatt105 
disease_progression 
H-positive risk:  729 726 108 1094 363 103 1077 392 146 48 162 52 
H-negative risk:  726 729 1077 1094 392 363 103 108 162 146 52 48 
New BC onsets:  0
BC status:  4901 99 
BC subtype:  4901 74 25 

clinical_engagement 
diagnosis 
demography 
64 new agents 
10 dtreferralsatt10 smreferralsatt106 
disease_progression 
H-positive risk:  735 729 109 1083 369 102 1066 400 143 53 158 53 
H-negative risk:  729 735 1066 1083 400 369 102 109 158 143 53 53 
New BC onsets:  0
BC status:  4902 98 
BC subtype:  4902 75 23 

clinical_engagement 
diagnosis 
demography 
79 new agents 
8 dtreferralsatt8 smreferralsatt107 
disease_progression 
H-positive risk:  736 720 108 1089 359 103 1070 405 145 50 162 53 
H-negative risk:  720 736 1070 1089 405 359 103 108 162 145 53 50 
New BC onsets:  0
BC status:  4900 100 
BC subtype:  4900 76 24 

clinical_engagement 
diagnosis 
demography 
81 new agents 
10 dtreferralsatt10 smreferralsatt108 
disease_progression 
H-positive risk:  748 723 108 1088 360 103 1063 404 140 50 161 52 
H-negative risk:  723 748 1063 1088 404 360 103 108 161 140 52 50 
New BC onsets:  0
BC status:  4903 97 
BC subtype:  4903 74 23 

clinical_engagement 
diagnosis 
demography 
72 new agents 
9 dtreferralsatt9 smreferralsatt109 
disease_progression 
H-positive risk:  707 679 104 1133 367 96 1097 404 146 52 165 50 
H-negative risk:  679 707 1097 1133 404 367 96 104 165 146 50 52 
New BC onsets:  0
BC status:  4902 98 
BC subtype:  4902 75 23 

clinical_engagement 
diagnosis 
demography 
100 new agents 
9 dtreferralsatt9 smreferralsatt110 
disease_progression 
H-positive risk:  702 675 103 1116 382 94 1099 421 144 47 162 55 
H-negative risk:  675 702 1099 1116 421 382 94 103 162 144 55 47 
New BC onsets:  0
BC status:  4903 97 
BC subtype:  4903 74 23 

clinical_engagement 
diagnosis 
demography 
71 new agents 
14 dtreferralsatt14 smreferralsatt111 
disease_progression 
H-positive risk:  703 663 102 1126 384 96 1089 426 145 49 161 56 
H-negative risk:  663 703 1089 1126 426 384 96 102 161 145 56 49 
New BC onsets:  0
BC status:  4906 94 
BC subtype:  4906 72 22 

clinical_engagement 
diagnosis 
demography 
64 new agents 
10 dtreferralsatt10 smreferralsatt112 
disease_progression 
H-positive risk:  708 661 101 1124 387 94 1091 428 142 49 160 55 
H-negative risk:  661 708 1091 1124 428 387 94 101 160 142 55 49 
New BC onsets:  0
BC status:  4907 93 
BC subtype:  4907 69 24 

clinical_engagement 
diagnosis 
demography 
80 new agents 
11 dtreferralsatt11 smreferralsatt113 
disease_progression 
H-positive risk:  707 674 104 1117 378 95 1090 428 140 52 160 55 
H-negative risk:  674 707 1090 1117 428 378 95 104 160 140 55 52 
New BC onsets:  0
BC status:  4908 92 
BC subtype:  4908 68 24 

clinical_engagement 
diagnosis 
demography 
78 new agents 
13 dtreferralsatt13 smreferralsatt114 
disease_progression 
H-positive risk:  701 673 106 1116 377 92 1090 429 145 53 163 55 
H-negative risk:  673 701 1090 1116 429 377 92 106 163 145 55 53 
New BC onsets:  0
BC status:  4905 95 
BC subtype:  4905 70 25 

clinical_engagement 
diagnosis 
demography 
83 new agents 
13 dtreferralsatt13 smreferralsatt115 
disease_progression 
H-positive risk:  698 677 107 1122 370 94 1090 431 144 53 159 55 
H-negative risk:  677 698 1090 1122 431 370 94 107 159 144 55 53 
New BC onsets:  0
BC status:  4905 95 
BC subtype:  4905 70 25 

clinical_engagement 
diagnosis 
demography 
64 new agents 
10 dtreferralsatt10 smreferralsatt116 
disease_progression 
H-positive risk:  688 675 109 1136 364 92 1098 429 144 54 156 55 
H-negative risk:  675 688 1098 1136 429 364 92 109 156 144 55 54 
New BC onsets:  0
BC status:  4906 94 
BC subtype:  4906 70 24 

clinical_engagement 
diagnosis 
demography 
67 new agents 
10 dtreferralsatt10 smreferralsatt117 
disease_progression 
H-positive risk:  680 678 107 1135 368 85 1108 420 148 56 157 58 
H-negative risk:  678 680 1108 1135 420 368 85 107 157 148 58 56 
New BC onsets:  0
BC status:  4903 97 
BC subtype:  4903 73 24 

clinical_engagement 
diagnosis 
demography 
76 new agents 
12 dtreferralsatt12 smreferralsatt118 
disease_progression 
H-positive risk:  681 680 108 1119 374 85 1115 414 149 57 159 59 
H-negative risk:  680 681 1115 1119 414 374 85 108 159 149 59 57 
New BC onsets:  0
BC status:  4903 97 
BC subtype:  4903 72 25 

clinical_engagement 
diagnosis 
demography 
85 new agents 
9 dtreferralsatt9 smreferralsatt119 
disease_progression 
H-positive risk:  687 684 108 1115 374 85 1114 408 153 57 156 59 
H-negative risk:  684 687 1114 1115 408 374 85 108 156 153 59 57 
New BC onsets:  0
BC status:  4904 96 
BC subtype:  4904 71 25 

clinical_engagement 
diagnosis 
demography 
77 new agents 
14 dtreferralsatt14 smreferralsatt120 
disease_progression 
H-positive risk:  691 689 110 1105 371 83 1117 403 160 56 156 59 
H-negative risk:  689 691 1117 1105 403 371 83 110 156 160 59 56 
New BC onsets:  0
BC status:  4903 97 
BC subtype:  4903 72 25 

clinical_engagement 
diagnosis 
demography 
74 new agents 
5 dtreferralsatt5 smreferralsatt121 
disease_progression 
H-positive risk:  662 664 100 1144 365 80 1144 400 167 53 160 61 
H-negative risk:  664 662 1144 1144 400 365 80 100 160 167 61 53 
New BC onsets:  0
BC status:  4901 99 
BC subtype:  4901 71 28 

clinical_engagement 
diagnosis 
demography 
84 new agents 
13 dtreferralsatt13 smreferralsatt122 
disease_progression 
H-positive risk:  666 660 96 1122 388 79 1132 416 165 54 156 66 
H-negative risk:  660 666 1132 1122 416 388 79 96 156 165 66 54 
New BC onsets:  0
BC status:  4902 98 
BC subtype:  4902 68 30 

clinical_engagement 
diagnosis 
demography 
88 new agents 
11 dtreferralsatt11 smreferralsatt123 
disease_progression 
H-positive risk:  669 663 96 1116 392 83 1128 411 164 52 160 66 
H-negative risk:  663 669 1128 1116 411 392 83 96 160 164 66 52 
New BC onsets:  0
BC status:  4903 97 
BC subtype:  4903 65 32 

clinical_engagement 
diagnosis 
demography 
82 new agents 
7 dtreferralsatt7 smreferralsatt124 
disease_progression 
H-positive risk:  671 666 96 1115 390 84 1134 410 161 51 158 64 
H-negative risk:  666 671 1134 1115 410 390 84 96 158 161 64 51 
New BC onsets:  0
BC status:  4902 98 
BC subtype:  4902 67 31 

clinical_engagement 
diagnosis 
demography 
59 new agents 
9 dtreferralsatt9 smreferralsatt125 
disease_progression 
H-positive risk:  667 669 99 1111 398 85 1131 407 161 52 155 65 
H-negative risk:  669 667 1131 1111 407 398 85 99 155 161 65 52 
New BC onsets:  0
BC status:  4901 99 
BC subtype:  4901 67 32 

clinical_engagement 
diagnosis 
demography 
66 new agents 
9 dtreferralsatt9 smreferralsatt126 
disease_progression 
H-positive risk:  662 662 98 1116 398 83 1136 408 162 51 156 68 
H-negative risk:  662 662 1136 1116 408 398 83 98 156 162 68 51 
New BC onsets:  0
BC status:  4902 98 
BC subtype:  4902 66 32 

clinical_engagement 
diagnosis 
demography 
69 new agents 
8 dtreferralsatt8 smreferralsatt127 
disease_progression 
H-positive risk:  659 672 96 1105 398 83 1146 408 163 47 155 68 
H-negative risk:  672 659 1146 1105 408 398 83 96 155 163 68 47 
New BC onsets:  0
BC status:  4903 97 
BC subtype:  4903 66 31 

clinical_engagement 
diagnosis 
demography 
67 new agents 
9 dtreferralsatt9 smreferralsatt128 
disease_progression 
H-positive risk:  666 670 93 1096 398 84 1148 413 161 48 155 68 
H-negative risk:  670 666 1148 1096 413 398 84 93 155 161 68 48 
New BC onsets:  0
BC status:  4901 99 
BC subtype:  4901 68 31 

clinical_engagement 
diagnosis 
demography 
91 new agents 
12 dtreferralsatt12 smreferralsatt129 
disease_progression 
H-positive risk:  666 674 93 1089 399 83 1150 414 162 47 158 65 
H-negative risk:  674 666 1150 1089 414 399 83 93 158 162 65 47 
New BC onsets:  0
BC status:  4901 99 
BC subtype:  4901 66 33 

clinical_engagement 
diagnosis 
demography 
71 new agents 
11 dtreferralsatt11 smreferralsatt130 
disease_progression 
H-positive risk:  666 680 90 1086 401 81 1156 410 162 46 158 64 
H-negative risk:  680 666 1156 1086 410 401 81 90 158 162 64 46 
New BC onsets:  0
BC status:  4902 98 
BC subtype:  4902 66 32 

clinical_engagement 
diagnosis 
demography 
74 new agents 
14 dtreferralsatt14 smreferralsatt131 
disease_progression 
H-positive risk:  671 677 91 1094 397 84 1152 410 161 48 154 61 
H-negative risk:  677 671 1152 1094 410 397 84 91 154 161 61 48 
New BC onsets:  0
BC status:  4902 98 
BC subtype:  4902 67 31 

clinical_engagement 
diagnosis 
demography 
78 new agents 
11 dtreferralsatt11 smreferralsatt132 
disease_progression 
H-positive risk:  666 682 90 1090 391 87 1161 407 159 49 158 60 
H-negative risk:  682 666 1161 1090 407 391 87 90 158 159 60 49 
New BC onsets:  0
BC status:  4903 97 
BC subtype:  4903 67 30 

clinical_engagement 
diagnosis 
demography 
68 new agents 
10 dtreferralsatt10 smreferralsatt133 
disease_progression 
H-positive risk:  660 687 92 1081 391 88 1174 406 158 49 156 58 
H-negative risk:  687 660 1174 1081 406 391 88 92 156 158 58 49 
New BC onsets:  0
BC status:  4902 98 
BC subtype:  4902 68 30 

clinical_engagement 
diagnosis 
demography 
79 new agents 
11 dtreferralsatt11 smreferralsatt134 
disease_progression 
H-positive risk:  653 693 94 1076 393 88 1178 406 150 55 153 61 
H-negative risk:  693 653 1178 1076 406 393 88 94 153 150 61 55 
New BC onsets:  0
BC status:  4902 98 
BC subtype:  4902 68 30 

clinical_engagement 
diagnosis 
demography 
78 new agents 
10 dtreferralsatt10 smreferralsatt135 
disease_progression 
H-positive risk:  654 682 91 1080 398 87 1173 416 150 53 155 61 
H-negative risk:  682 654 1173 1080 416 398 87 91 155 150 61 53 
New BC onsets:  0
BC status:  4901 99 
BC subtype:  4901 69 30 

clinical_engagement 
diagnosis 
demography 
72 new agents 
9 dtreferralsatt9 smreferralsatt136 
disease_progression 
H-positive risk:  655 679 92 1080 399 86 1177 415 150 54 150 63 
H-negative risk:  679 655 1177 1080 415 399 86 92 150 150 63 54 
New BC onsets:  0
BC status:  4907 93 
BC subtype:  4907 66 27 

clinical_engagement 
diagnosis 
demography 
85 new agents 
7 dtreferralsatt7 smreferralsatt137 
disease_progression 
H-positive risk:  658 674 89 1086 390 82 1184 410 150 54 156 67 
H-negative risk:  674 658 1184 1086 410 390 82 89 156 150 67 54 
New BC onsets:  0
BC status:  4906 94 
BC subtype:  4906 68 26 

clinical_engagement 
diagnosis 
demography 
75 new agents 
10 dtreferralsatt10 smreferralsatt138 
disease_progression 
H-positive risk:  655 676 90 1090 386 80 1180 414 153 52 157 67 
H-negative risk:  676 655 1180 1090 414 386 80 90 157 153 67 52 
New BC onsets:  0
BC status:  4907 93 
BC subtype:  4907 67 26 

clinical_engagement 
diagnosis 
demography 
62 new agents 
13 dtreferralsatt13 smreferralsatt139 
disease_progression 
H-positive risk:  653 678 92 1092 389 79 1176 409 156 50 160 66 
H-negative risk:  678 653 1176 1092 409 389 79 92 160 156 66 50 
New BC onsets:  0
BC status:  4910 90 
BC subtype:  4910 65 25 

clinical_engagement 
diagnosis 
demography 
82 new agents 
6 dtreferralsatt6 smreferralsatt140 
disease_progression 
H-positive risk:  652 679 94 1096 387 79 1171 412 160 48 161 61 
H-negative risk:  679 652 1171 1096 412 387 79 94 161 160 61 48 
New BC onsets:  0
BC status:  4909 91 
BC subtype:  4909 66 25 

clinical_engagement 
diagnosis 
demography 
87 new agents 
16 dtreferralsatt16 smreferralsatt141 
disease_progression 
H-positive risk:  658 680 92 1104 389 79 1165 405 161 46 159 62 
H-negative risk:  680 658 1165 1104 405 389 79 92 159 161 62 46 
New BC onsets:  0
BC status:  4910 90 
BC subtype:  4910 63 27 

clinical_engagement 
diagnosis 
demography 
77 new agents 
10 dtreferralsatt10 smreferralsatt142 
disease_progression 
H-positive risk:  657 674 94 1100 397 79 1162 406 167 48 156 60 
H-negative risk:  674 657 1162 1100 406 397 79 94 156 167 60 48 
New BC onsets:  0
BC status:  4910 90 
BC subtype:  4910 62 28 

clinical_engagement 
diagnosis 
demography 
74 new agents 
14 dtreferralsatt14 smreferralsatt143 
disease_progression 
H-positive risk:  655 675 96 1103 395 76 1163 409 170 47 155 56 
H-negative risk:  675 655 1163 1103 409 395 76 96 155 170 56 47 
New BC onsets:  0
BC status:  4910 90 
BC subtype:  4910 62 28 

clinical_engagement 
diagnosis 
demography 
79 new agents 
9 dtreferralsatt9 smreferralsatt144 
disease_progression 
H-positive risk:  654 671 95 1113 396 78 1158 410 170 45 154 56 
H-negative risk:  671 654 1158 1113 410 396 78 95 154 170 56 45 
New BC onsets:  0
BC status:  4913 87 
BC subtype:  4913 59 28 

clinical_engagement 
diagnosis 
demography 
72 new agents 
7 dtreferralsatt7 smreferralsatt145 
disease_progression 
H-positive risk:  655 670 95 1106 390 77 1164 413 169 48 157 56 
H-negative risk:  670 655 1164 1106 413 390 77 95 157 169 56 48 
New BC onsets:  0
BC status:  4913 87 
BC subtype:  4913 59 28 

clinical_engagement 
diagnosis 
demography 
85 new agents 
9 dtreferralsatt9 smreferralsatt146 
disease_progression 
H-positive risk:  657 670 101 1099 403 79 1144 420 165 51 156 55 
H-negative risk:  670 657 1144 1099 420 403 79 101 156 165 55 51 
New BC onsets:  0
BC status:  4913 87 
BC subtype:  4913 60 27 

clinical_engagement 
diagnosis 
demography 
79 new agents 
16 dtreferralsatt16 smreferralsatt147 
disease_progression 
H-positive risk:  660 675 103 1088 411 79 1144 417 164 48 154 57 
H-negative risk:  675 660 1144 1088 417 411 79 103 154 164 57 48 
New BC onsets:  0
BC status:  4910 90 
BC subtype:  4910 65 25 

clinical_engagement 
diagnosis 
demography 
86 new agents 
8 dtreferralsatt8 smreferralsatt148 
disease_progression 
H-positive risk:  664 675 105 1089 404 79 1145 411 166 52 153 57 
H-negative risk:  675 664 1145 1089 411 404 79 105 153 166 57 52 
New BC onsets:  0
BC status:  4909 91 
BC subtype:  4909 66 25 

clinical_engagement 
diagnosis 
demography 
71 new agents 
5 dtreferralsatt5 smreferralsatt149 
disease_progression 
H-positive risk:  666 679 102 1086 403 80 1147 405 166 53 155 58 
H-negative risk:  679 666 1147 1086 405 403 80 102 155 166 58 53 
New BC onsets:  0
BC status:  4907 93 
BC subtype:  4907 68 25 

clinical_engagement 
diagnosis 
demography 
65 new agents 
10 dtreferralsatt10 smreferralsatt150 
disease_progression 
H-positive risk:  674 681 99 1083 404 81 1146 398 168 54 155 57 
H-negative risk:  681 674 1146 1083 398 404 81 99 155 168 57 54 
New BC onsets:  0
BC status:  4907 93 
BC subtype:  4907 68 25 

clinical_engagement 
diagnosis 
demography 
74 new agents 
10 dtreferralsatt10 smreferralsatt151 
disease_progression 
H-positive risk:  678 687 101 1076 407 85 1140 390 167 55 156 58 
H-negative risk:  687 678 1140 1076 390 407 85 101 156 167 58 55 
New BC onsets:  0
BC status:  4906 94 
BC subtype:  4906 69 25 

clinical_engagement 
diagnosis 
demography 
64 new agents 
17 dtreferralsatt17 smreferralsatt152 
disease_progression 
H-positive risk:  683 688 95 1074 412 84 1144 386 163 55 159 57 
H-negative risk:  688 683 1144 1074 386 412 84 95 159 163 57 55 
New BC onsets:  0
BC status:  4905 95 
BC subtype:  4905 70 25 

clinical_engagement 
diagnosis 
demography 
61 new agents 
10 dtreferralsatt10 smreferralsatt153 
disease_progression 
H-positive risk:  681 680 94 1072 415 86 1148 387 162 57 162 56 
H-negative risk:  680 681 1148 1072 387 415 86 94 162 162 56 57 
New BC onsets:  0
BC status:  4907 93 
BC subtype:  4907 68 25 

clinical_engagement 
diagnosis 
demography 
74 new agents 
2 dtreferralsatt2 smreferralsatt154 
disease_progression 
H-positive risk:  685 681 94 1060 421 89 1142 389 161 57 162 59 
H-negative risk:  681 685 1142 1060 389 421 89 94 162 161 59 57 
New BC onsets:  0
BC status:  4905 95 
BC subtype:  4905 68 27 

clinical_engagement 
diagnosis 
demography 
77 new agents 
5 dtreferralsatt5 smreferralsatt155 
disease_progression 
H-positive risk:  684 677 94 1065 416 89 1141 388 162 61 162 61 
H-negative risk:  677 684 1141 1065 388 416 89 94 162 162 61 61 
New BC onsets:  0
BC status:  4906 94 
BC subtype:  4906 66 28 

clinical_engagement 
diagnosis 
demography 
79 new agents 
6 dtreferralsatt6 smreferralsatt156 
disease_progression 
H-positive risk:  685 675 94 1070 413 89 1140 387 163 61 162 61 
H-negative risk:  675 685 1140 1070 387 413 89 94 162 163 61 61 
New BC onsets:  0
BC status:  4905 95 
BC subtype:  4905 66 29 

clinical_engagement 
diagnosis 
demography 
67 new agents 
11 dtreferralsatt11 smreferralsatt157 
disease_progression 
H-positive risk:  685 681 93 1060 415 87 1144 386 163 62 163 61 
H-negative risk:  681 685 1144 1060 386 415 87 93 163 163 61 62 
New BC onsets:  0
BC status:  4903 97 
BC subtype:  4903 68 29 

clinical_engagement 
diagnosis 
demography 
97 new agents 
7 dtreferralsatt7 smreferralsatt158 
disease_progression 
H-positive risk:  685 681 97 1054 414 87 1133 397 164 59 165 64 
H-negative risk:  681 685 1133 1054 397 414 87 97 165 164 64 59 
New BC onsets:  0
BC status:  4899 101 
BC subtype:  4899 71 30 

clinical_engagement 
diagnosis 
demography 
89 new agents 
7 dtreferralsatt7 smreferralsatt159 
disease_progression 
H-positive risk:  687 688 96 1068 410 87 1121 394 164 57 165 63 
H-negative risk:  688 687 1121 1068 394 410 87 96 165 164 63 57 
New BC onsets:  0
BC status:  4899 101 
BC subtype:  4899 70 31 

clinical_engagement 
diagnosis 
demography 
62 new agents 
6 dtreferralsatt6 smreferralsatt160 
disease_progression 
H-positive risk:  684 684 97 1073 412 86 1120 391 166 60 165 62 
H-negative risk:  684 684 1120 1073 391 412 86 97 165 166 62 60 
New BC onsets:  0
BC status:  4899 101 
BC subtype:  4899 72 29 

clinical_engagement 
diagnosis 
demography 
74 new agents 
14 dtreferralsatt14 smreferralsatt161 
disease_progression 
H-positive risk:  681 687 97 1081 407 85 1114 393 167 63 164 61 
H-negative risk:  687 681 1114 1081 393 407 85 97 164 167 61 63 
New BC onsets:  0
BC status:  4898 102 
BC subtype:  4898 73 29 

clinical_engagement 
diagnosis 
demography 
79 new agents 
10 dtreferralsatt10 smreferralsatt162 
disease_progression 
H-positive risk:  689 698 97 1080 402 86 1100 394 168 62 162 62 
H-negative risk:  698 689 1100 1080 394 402 86 97 162 168 62 62 
New BC onsets:  0
BC status:  4894 106 
BC subtype:  4894 73 33 

clinical_engagement 
diagnosis 
demography 
63 new agents 
14 dtreferralsatt14 smreferralsatt163 
disease_progression 
H-positive risk:  690 695 97 1083 400 82 1106 391 171 60 163 62 
H-negative risk:  695 690 1106 1083 391 400 82 97 163 171 62 60 
New BC onsets:  0
BC status:  4893 107 
BC subtype:  4893 75 32 

clinical_engagement 
diagnosis 
demography 
66 new agents 
9 dtreferralsatt9 smreferralsatt164 
disease_progression 
H-positive risk:  695 698 97 1093 387 82 1101 399 170 57 164 57 
H-negative risk:  698 695 1101 1093 399 387 82 97 164 170 57 57 
New BC onsets:  0
BC status:  4893 107 
BC subtype:  4893 75 32 

clinical_engagement 
diagnosis 
demography 
76 new agents 
7 dtreferralsatt7 smreferralsatt165 
disease_progression 
H-positive risk:  699 701 96 1093 381 80 1100 402 171 58 162 57 
H-negative risk:  701 699 1100 1093 402 381 80 96 162 171 57 58 
New BC onsets:  0
BC status:  4892 108 
BC subtype:  4892 76 32 

clinical_engagement 
diagnosis 
demography 
71 new agents 
10 dtreferralsatt10 smreferralsatt166 
disease_progression 
H-positive risk:  701 702 96 1103 376 80 1097 402 170 56 161 56 
H-negative risk:  702 701 1097 1103 402 376 80 96 161 170 56 56 
New BC onsets:  0
BC status:  4892 108 
BC subtype:  4892 76 32 

clinical_engagement 
diagnosis 
demography 
83 new agents 
13 dtreferralsatt13 smreferralsatt167 
disease_progression 
H-positive risk:  706 706 98 1098 373 79 1083 413 174 56 161 53 
H-negative risk:  706 706 1083 1098 413 373 79 98 161 174 53 56 
New BC onsets:  0
BC status:  4892 108 
BC subtype:  4892 76 32 

clinical_engagement 
diagnosis 
demography 
76 new agents 
8 dtreferralsatt8 smreferralsatt168 
disease_progression 
H-positive risk:  703 710 98 1102 372 79 1084 411 173 56 162 50 
H-negative risk:  710 703 1084 1102 411 372 79 98 162 173 50 56 
New BC onsets:  0
BC status:  4892 108 
BC subtype:  4892 75 33 

clinical_engagement 
diagnosis 
demography 
64 new agents 
15 dtreferralsatt15 smreferralsatt169 
disease_progression 
H-positive risk:  705 712 96 1102 362 79 1085 415 172 60 162 50 
H-negative risk:  712 705 1085 1102 415 362 79 96 162 172 50 60 
New BC onsets:  0
BC status:  4893 107 
BC subtype:  4893 74 33 

clinical_engagement 
diagnosis 
demography 
76 new agents 
6 dtreferralsatt6 smreferralsatt170 
disease_progression 
H-positive risk:  709 703 96 1094 374 77 1079 425 170 60 159 54 
H-negative risk:  703 709 1079 1094 425 374 77 96 159 170 54 60 
New BC onsets:  0
BC status:  4891 109 
BC subtype:  4891 77 32 

clinical_engagement 
diagnosis 
demography 
78 new agents 
10 dtreferralsatt10 smreferralsatt171 
disease_progression 
H-positive risk:  715 699 99 1090 372 76 1077 430 169 60 159 54 
H-negative risk:  699 715 1077 1090 430 372 76 99 159 169 54 60 
New BC onsets:  0
BC status:  4888 112 
BC subtype:  4888 79 33 

clinical_engagement 
diagnosis 
demography 
85 new agents 
10 dtreferralsatt10 smreferralsatt172 
disease_progression 
H-positive risk:  720 699 99 1096 365 75 1075 428 167 62 162 52 
H-negative risk:  699 720 1075 1096 428 365 75 99 162 167 52 62 
New BC onsets:  0
BC status:  4889 111 
BC subtype:  4889 78 33 

clinical_engagement 
diagnosis 
demography 
70 new agents 
10 dtreferralsatt10 smreferralsatt173 
disease_progression 
H-positive risk:  714 697 98 1097 369 76 1078 426 165 64 160 56 
H-negative risk:  697 714 1078 1097 426 369 76 98 160 165 56 64 
New BC onsets:  0
BC status:  4894 106 
BC subtype:  4894 74 32 

clinical_engagement 
diagnosis 
demography 
77 new agents 
9 dtreferralsatt9 smreferralsatt174 
disease_progression 
H-positive risk:  712 699 100 1102 367 78 1078 428 163 63 156 54 
H-negative risk:  699 712 1078 1102 428 367 78 100 156 163 54 63 
New BC onsets:  0
BC status:  4893 107 
BC subtype:  4893 75 32 

clinical_engagement 
diagnosis 
demography 
69 new agents 
11 dtreferralsatt11 smreferralsatt175 
disease_progression 
H-positive risk:  706 699 99 1102 374 76 1077 434 163 63 154 53 
H-negative risk:  699 706 1077 1102 434 374 76 99 154 163 53 63 
New BC onsets:  0
BC status:  4896 104 
BC subtype:  4896 74 30 

clinical_engagement 
diagnosis 
demography 
70 new agents 
9 dtreferralsatt9 smreferralsatt176 
disease_progression 
H-positive risk:  701 694 95 1109 380 77 1077 433 162 62 157 53 
H-negative risk:  694 701 1077 1109 433 380 77 95 157 162 53 62 
New BC onsets:  0
BC status:  4895 105 
BC subtype:  4895 76 29 

clinical_engagement 
diagnosis 
demography 
73 new agents 
8 dtreferralsatt8 smreferralsatt177 
disease_progression 
H-positive risk:  701 690 96 1112 377 79 1079 431 159 64 160 52 
H-negative risk:  690 701 1079 1112 431 377 79 96 160 159 52 64 
New BC onsets:  0
BC status:  4897 103 
BC subtype:  4897 75 28 

clinical_engagement 
diagnosis 
demography 
71 new agents 
7 dtreferralsatt7 smreferralsatt178 
disease_progression 
H-positive risk:  691 694 95 1113 376 81 1087 431 157 63 160 52 
H-negative risk:  694 691 1087 1113 431 376 81 95 160 157 52 63 
New BC onsets:  0
BC status:  4899 101 
BC subtype:  4899 75 26 

clinical_engagement 
diagnosis 
demography 
77 new agents 
7 dtreferralsatt7 smreferralsatt179 
disease_progression 
H-positive risk:  686 693 94 1115 374 81 1096 428 159 62 159 53 
H-negative risk:  693 686 1096 1115 428 374 81 94 159 159 53 62 
New BC onsets:  0
BC status:  4898 102 
BC subtype:  4898 76 26 

clinical_engagement 
diagnosis 
demography 
62 new agents 
20 dtreferralsatt20 smreferralsatt180 
disease_progression 
H-positive risk:  682 684 96 1123 379 83 1094 425 156 62 161 55 
H-negative risk:  684 682 1094 1123 425 379 83 96 161 156 55 62 
New BC onsets:  0
BC status:  4901 99 
BC subtype:  4901 72 27 

clinical_engagement 
diagnosis 
demography 
61 new agents 
15 dtreferralsatt15 smreferralsatt181 
disease_progression 
H-positive risk:  678 678 95 1132 375 85 1091 433 156 61 161 55 
H-negative risk:  678 678 1091 1132 433 375 85 95 161 156 55 61 
New BC onsets:  0
BC status:  4900 100 
BC subtype:  4900 73 27 

clinical_engagement 
diagnosis 
demography 
83 new agents 
13 dtreferralsatt13 smreferralsatt182 
disease_progression 
H-positive risk:  686 678 92 1121 382 84 1082 439 153 63 159 61 
H-negative risk:  678 686 1082 1121 439 382 84 92 159 153 61 63 
New BC onsets:  0
BC status:  4896 104 
BC subtype:  4896 76 28 

clinical_engagement 
diagnosis 
demography 
86 new agents 
11 dtreferralsatt11 smreferralsatt183 
disease_progression 
H-positive risk:  674 679 93 1119 384 86 1087 441 154 63 160 60 
H-negative risk:  679 674 1087 1119 441 384 86 93 160 154 60 63 
New BC onsets:  0
BC status:  4892 108 
BC subtype:  4892 78 30 

clinical_engagement 
diagnosis 
demography 
78 new agents 
5 dtreferralsatt5 smreferralsatt184 
disease_progression 
H-positive risk:  669 681 94 1117 393 87 1080 446 152 63 158 60 
H-negative risk:  681 669 1080 1117 446 393 87 94 158 152 60 63 
New BC onsets:  0
BC status:  4892 108 
BC subtype:  4892 78 30 

clinical_engagement 
diagnosis 
demography 
73 new agents 
7 dtreferralsatt7 smreferralsatt185 
disease_progression 
H-positive risk:  673 692 96 1115 391 90 1072 444 151 60 154 62 
H-negative risk:  692 673 1072 1115 444 391 90 96 154 151 62 60 
New BC onsets:  0
BC status:  4893 107 
BC subtype:  4893 78 29 

clinical_engagement 
diagnosis 
demography 
77 new agents 
8 dtreferralsatt8 smreferralsatt186 
disease_progression 
H-positive risk:  672 687 97 1132 386 90 1071 443 151 57 151 63 
H-negative risk:  687 672 1071 1132 443 386 90 97 151 151 63 57 
New BC onsets:  0
BC status:  4887 113 
BC subtype:  4887 84 29 

clinical_engagement 
diagnosis 
demography 
91 new agents 
11 dtreferralsatt11 smreferralsatt187 
disease_progression 
H-positive risk:  678 688 98 1135 374 90 1069 440 152 59 152 65 
H-negative risk:  688 678 1069 1135 440 374 90 98 152 152 65 59 
New BC onsets:  0
BC status:  4887 113 
BC subtype:  4887 83 30 

clinical_engagement 
diagnosis 
demography 
67 new agents 
9 dtreferralsatt9 smreferralsatt188 
disease_progression 
H-positive risk:  671 689 100 1138 378 91 1063 443 152 59 151 65 
H-negative risk:  689 671 1063 1138 443 378 91 100 151 152 65 59 
New BC onsets:  0
BC status:  4891 109 
BC subtype:  4891 80 29 

clinical_engagement 
diagnosis 
demography 
66 new agents 
4 dtreferralsatt4 smreferralsatt189 
disease_progression 
H-positive risk:  666 691 100 1139 376 88 1066 451 155 58 148 62 
H-negative risk:  691 666 1066 1139 451 376 88 100 148 155 62 58 
New BC onsets:  0
BC status:  4888 112 
BC subtype:  4888 83 29 

clinical_engagement 
diagnosis 
demography 
67 new agents 
6 dtreferralsatt6 smreferralsatt190 
disease_progression 
H-positive risk:  666 686 99 1137 380 89 1071 448 154 58 149 63 
H-negative risk:  686 666 1071 1137 448 380 89 99 149 154 63 58 
New BC onsets:  0
BC status:  4889 111 
BC subtype:  4889 83 28 

clinical_engagement 
diagnosis 
demography 
62 new agents 
13 dtreferralsatt13 smreferralsatt191 
disease_progression 
H-positive risk:  664 690 98 1130 384 88 1073 445 153 58 153 64 
H-negative risk:  690 664 1073 1130 445 384 88 98 153 153 64 58 
New BC onsets:  0
BC status:  4889 111 
BC subtype:  4889 83 28 

clinical_engagement 
diagnosis 
demography 
67 new agents 
8 dtreferralsatt8 smreferralsatt192 
disease_progression 
H-positive risk:  659 694 92 1132 383 83 1077 444 156 57 157 66 
H-negative risk:  694 659 1077 1132 444 383 83 92 157 156 66 57 
New BC onsets:  0
BC status:  4888 112 
BC subtype:  4888 84 28 

clinical_engagement 
diagnosis 
demography 
87 new agents 
7 dtreferralsatt7 smreferralsatt193 
disease_progression 
H-positive risk:  665 696 94 1124 381 88 1078 446 154 53 156 65 
H-negative risk:  696 665 1078 1124 446 381 88 94 156 154 65 53 
New BC onsets:  0
BC status:  4884 116 
BC subtype:  4884 87 29 

clinical_engagement 
diagnosis 
demography 
71 new agents 
5 dtreferralsatt5 smreferralsatt194 
disease_progression 
H-positive risk:  662 696 93 1102 396 90 1079 452 154 53 159 64 
H-negative risk:  696 662 1079 1102 452 396 90 93 159 154 64 53 
New BC onsets:  0
BC status:  4889 111 
BC subtype:  4889 83 28 

clinical_engagement 
diagnosis 
demography 
87 new agents 
12 dtreferralsatt12 smreferralsatt195 
disease_progression 
H-positive risk:  660 702 92 1111 395 88 1081 441 153 53 160 64 
H-negative risk:  702 660 1081 1111 441 395 88 92 160 153 64 53 
New BC onsets:  0
BC status:  4896 104 
BC subtype:  4896 76 28 

clinical_engagement 
diagnosis 
demography 
96 new agents 
11 dtreferralsatt11 smreferralsatt196 
disease_progression 
H-positive risk:  664 707 91 1091 405 86 1088 435 153 52 162 66 
H-negative risk:  707 664 1088 1091 435 405 86 91 162 153 66 52 
New BC onsets:  0
BC status:  4893 107 
BC subtype:  4893 79 28 

clinical_engagement 
diagnosis 
demography 
63 new agents 
11 dtreferralsatt11 smreferralsatt197 
disease_progression 
H-positive risk:  653 701 91 1099 404 86 1098 439 151 53 161 64 
H-negative risk:  701 653 1098 1099 439 404 86 91 161 151 64 53 
New BC onsets:  0
BC status:  4893 107 
BC subtype:  4893 77 30 

clinical_engagement 
diagnosis 
demography 
71 new agents 
18 dtreferralsatt18 smreferralsatt198 
disease_progression 
H-positive risk:  646 701 92 1102 405 88 1098 437 147 55 163 66 
H-negative risk:  701 646 1098 1102 437 405 88 92 163 147 66 55 
New BC onsets:  0
BC status:  4890 110 
BC subtype:  4890 80 30 

clinical_engagement 
diagnosis 
demography 
78 new agents 
11 dtreferralsatt11 smreferralsatt199 
disease_progression 
H-positive risk:  653 704 91 1101 404 86 1095 429 148 55 166 68 
H-negative risk:  704 653 1095 1101 429 404 86 91 166 148 68 55 
New BC onsets:  0
BC status:  4889 111 
BC subtype:  4889 80 31 

clinical_engagement 
diagnosis 
demography 
57 new agents 
13 dtreferralsatt13 smreferralsatt200 
disease_progression 
H-positive risk:  657 704 90 1096 414 87 1086 431 145 55 165 70 
H-negative risk:  704 657 1086 1096 431 414 87 90 165 145 70 55 
New BC onsets:  0
BC status:  4891 109 
BC subtype:  4891 78 31 

clinical_engagement 
diagnosis 
demography 
80 new agents 
11 dtreferralsatt11 smreferralsatt201 
disease_progression 
H-positive risk:  650 702 90 1100 413 88 1085 437 144 57 163 71 
H-negative risk:  702 650 1085 1100 437 413 88 90 163 144 71 57 
New BC onsets:  0
BC status:  4892 108 
BC subtype:  4892 77 31 

clinical_engagement 
diagnosis 
demography 
87 new agents 
11 dtreferralsatt11 smreferralsatt202 
disease_progression 
H-positive risk:  650 700 90 1105 417 88 1085 430 145 57 160 73 
H-negative risk:  700 650 1085 1105 430 417 88 90 160 145 73 57 
New BC onsets:  0
BC status:  4894 106 
BC subtype:  4894 75 31 

clinical_engagement 
diagnosis 
demography 
72 new agents 
8 dtreferralsatt8 smreferralsatt203 
disease_progression 
H-positive risk:  648 706 93 1091 418 90 1090 433 145 53 158 75 
H-negative risk:  706 648 1090 1091 433 418 90 93 158 145 75 53 
New BC onsets:  0
BC status:  4894 106 
BC subtype:  4894 77 29 

clinical_engagement 
diagnosis 
demography 
87 new agents 
11 dtreferralsatt11 smreferralsatt204 
disease_progression 
H-positive risk:  648 707 95 1097 414 92 1101 425 145 54 151 71 
H-negative risk:  707 648 1101 1097 425 414 92 95 151 145 71 54 
New BC onsets:  0
BC status:  4897 103 
BC subtype:  4897 75 28 

clinical_engagement 
diagnosis 
demography 
70 new agents 
12 dtreferralsatt12 smreferralsatt205 
disease_progression 
H-positive risk:  643 710 94 1098 420 92 1096 427 147 52 149 72 
H-negative risk:  710 643 1096 1098 427 420 92 94 149 147 72 52 
New BC onsets:  0
BC status:  4895 105 
BC subtype:  4895 77 28 

clinical_engagement 
diagnosis 
demography 
90 new agents 
9 dtreferralsatt9 smreferralsatt206 
disease_progression 
H-positive risk:  645 714 94 1097 426 93 1084 424 148 53 149 73 
H-negative risk:  714 645 1084 1097 424 426 93 94 149 148 73 53 
New BC onsets:  0
BC status:  4894 106 
BC subtype:  4894 77 29 

clinical_engagement 
diagnosis 
demography 
67 new agents 
11 dtreferralsatt11 smreferralsatt207 
disease_progression 
H-positive risk:  643 713 92 1095 438 92 1080 425 147 53 147 75 
H-negative risk:  713 643 1080 1095 425 438 92 92 147 147 75 53 
New BC onsets:  0
BC status:  4893 107 
BC subtype:  4893 76 31 

clinical_engagement 
diagnosis 
demography 
82 new agents 
9 dtreferralsatt9 smreferralsatt208 
disease_progression 
H-positive risk:  640 715 95 1096 425 91 1084 432 145 57 146 74 
H-negative risk:  715 640 1084 1096 432 425 91 95 146 145 74 57 
New BC onsets:  0
BC status:  4894 106 
BC subtype:  4894 75 31 

clinical_engagement 
diagnosis 
demography 
88 new agents 
11 dtreferralsatt11 smreferralsatt209 
disease_progression 
H-positive risk:  641 728 95 1101 424 91 1079 424 144 56 146 71 
H-negative risk:  728 641 1079 1101 424 424 91 95 146 144 71 56 
New BC onsets:  0
BC status:  4893 107 
BC subtype:  4893 75 32 

clinical_engagement 
diagnosis 
demography 
89 new agents 
9 dtreferralsatt9 smreferralsatt210 
disease_progression 
H-positive risk:  639 729 94 1103 418 90 1090 423 143 54 146 71 
H-negative risk:  729 639 1090 1103 423 418 90 94 146 143 71 54 
New BC onsets:  0
BC status:  4898 102 
BC subtype:  4898 72 30 

clinical_engagement 
diagnosis 
demography 
62 new agents 
12 dtreferralsatt12 smreferralsatt211 
disease_progression 
H-positive risk:  636 733 94 1105 419 92 1079 427 142 57 146 70 
H-negative risk:  733 636 1079 1105 427 419 92 94 146 142 70 57 
New BC onsets:  0
BC status:  4896 104 
BC subtype:  4896 74 30 

clinical_engagement 
diagnosis 
demography 
83 new agents 
16 dtreferralsatt16 smreferralsatt212 
disease_progression 
H-positive risk:  633 734 98 1106 417 94 1079 426 143 56 151 63 
H-negative risk:  734 633 1079 1106 426 417 94 98 151 143 63 56 
New BC onsets:  0
BC status:  4901 99 
BC subtype:  4901 71 28 

clinical_engagement 
diagnosis 
demography 
84 new agents 
6 dtreferralsatt6 smreferralsatt213 
disease_progression 
H-positive risk:  632 739 100 1109 404 91 1081 429 145 55 154 61 
H-negative risk:  739 632 1081 1109 429 404 91 100 154 145 61 55 
New BC onsets:  0
BC status:  4902 98 
BC subtype:  4902 70 28 

clinical_engagement 
diagnosis 
demography 
92 new agents 
9 dtreferralsatt9 smreferralsatt214 
disease_progression 
H-positive risk:  638 737 97 1114 403 92 1077 425 147 52 157 61 
H-negative risk:  737 638 1077 1114 425 403 92 97 157 147 61 52 
New BC onsets:  0
BC status:  4905 95 
BC subtype:  4905 67 28 

clinical_engagement 
diagnosis 
demography 
79 new agents 
13 dtreferralsatt13 smreferralsatt215 
disease_progression 
H-positive risk:  635 739 100 1117 404 89 1066 431 148 49 160 62 
H-negative risk:  739 635 1066 1117 431 404 89 100 160 148 62 49 
New BC onsets:  0
BC status:  4904 96 
BC subtype:  4904 70 26 

clinical_engagement 
diagnosis 
demography 
79 new agents 
11 dtreferralsatt11 smreferralsatt216 
disease_progression 
H-positive risk:  634 738 105 1121 403 88 1066 428 149 50 158 60 
H-negative risk:  738 634 1066 1121 428 403 88 105 158 149 60 50 
New BC onsets:  0
BC status:  4902 98 
BC subtype:  4902 72 26 

clinical_engagement 
diagnosis 
demography 
81 new agents 
9 dtreferralsatt9 smreferralsatt217 
disease_progression 
H-positive risk:  642 734 105 1109 416 87 1059 428 151 49 158 62 
H-negative risk:  734 642 1059 1109 428 416 87 105 158 151 62 49 
New BC onsets:  0
BC status:  4902 98 
BC subtype:  4902 72 26 

clinical_engagement 
diagnosis 
demography 
74 new agents 
8 dtreferralsatt8 smreferralsatt218 
disease_progression 
H-positive risk:  647 735 107 1104 417 88 1064 421 148 49 157 63 
H-negative risk:  735 647 1064 1104 421 417 88 107 157 148 63 49 
New BC onsets:  0
BC status:  4900 100 
BC subtype:  4900 74 26 

clinical_engagement 
diagnosis 
demography 
66 new agents 
14 dtreferralsatt14 smreferralsatt219 
disease_progression 
H-positive risk:  653 731 107 1107 418 89 1058 424 149 47 155 62 
H-negative risk:  731 653 1058 1107 424 418 89 107 155 149 62 47 
New BC onsets:  0
BC status:  4893 107 
BC subtype:  4893 76 31 

clinical_engagement 
diagnosis 
demography 
79 new agents 
13 dtreferralsatt13 smreferralsatt220 
disease_progression 
H-positive risk:  658 723 106 1105 419 91 1065 425 147 46 154 61 
H-negative risk:  723 658 1065 1105 425 419 91 106 154 147 61 46 
New BC onsets:  0
BC status:  4887 113 
BC subtype:  4887 82 31 

clinical_engagement 
diagnosis 
demography 
67 new agents 
11 dtreferralsatt11 smreferralsatt221 
disease_progression 
H-positive risk:  660 717 105 1116 420 89 1060 420 149 48 157 59 
H-negative risk:  717 660 1060 1116 420 420 89 105 157 149 59 48 
New BC onsets:  0
BC status:  4884 116 
BC subtype:  4884 83 33 

clinical_engagement 
diagnosis 
demography 
67 new agents 
7 dtreferralsatt7 smreferralsatt222 
disease_progression 
H-positive risk:  656 715 106 1111 428 86 1059 426 151 50 155 57 
H-negative risk:  715 656 1059 1111 426 428 86 106 155 151 57 50 
New BC onsets:  0
BC status:  4884 116 
BC subtype:  4884 83 33 

clinical_engagement 
diagnosis 
demography 
84 new agents 
15 dtreferralsatt15 smreferralsatt223 
disease_progression 
H-positive risk:  654 708 104 1106 434 86 1063 434 148 52 153 58 
H-negative risk:  708 654 1063 1106 434 434 86 104 153 148 58 52 
New BC onsets:  0
BC status:  4883 117 
BC subtype:  4883 84 33 

clinical_engagement 
diagnosis 
demography 
91 new agents 
9 dtreferralsatt9 smreferralsatt224 
disease_progression 
H-positive risk:  652 716 106 1094 436 86 1059 439 147 54 153 58 
H-negative risk:  716 652 1059 1094 439 436 86 106 153 147 58 54 
New BC onsets:  0
BC status:  4882 118 
BC subtype:  4882 85 33 

clinical_engagement 
diagnosis 
demography 
70 new agents 
9 dtreferralsatt9 smreferralsatt225 
disease_progression 
H-positive risk:  655 713 106 1093 439 88 1052 443 147 52 154 58 
H-negative risk:  713 655 1052 1093 443 439 88 106 154 147 58 52 
New BC onsets:  0
BC status:  4883 117 
BC subtype:  4883 84 33 

clinical_engagement 
diagnosis 
demography 
67 new agents 
13 dtreferralsatt13 smreferralsatt226 
disease_progression 
H-positive risk:  659 711 104 1102 432 90 1044 448 147 50 156 57 
H-negative risk:  711 659 1044 1102 448 432 90 104 156 147 57 50 
New BC onsets:  0
BC status:  4884 116 
BC subtype:  4884 83 33 

clinical_engagement 
diagnosis 
demography 
79 new agents 
21 dtreferralsatt21 smreferralsatt227 
disease_progression 
H-positive risk:  658 716 102 1102 427 92 1040 454 149 48 154 58 
H-negative risk:  716 658 1040 1102 454 427 92 102 154 149 58 48 
New BC onsets:  0
BC status:  4886 114 
BC subtype:  4886 82 32 

clinical_engagement 
diagnosis 
demography 
73 new agents 
10 dtreferralsatt10 smreferralsatt228 
disease_progression 
H-positive risk:  660 715 104 1097 424 90 1042 459 151 49 152 57 
H-negative risk:  715 660 1042 1097 459 424 90 104 152 151 57 49 
New BC onsets:  0
BC status:  4885 115 
BC subtype:  4885 83 32 

clinical_engagement 
diagnosis 
demography 
66 new agents 
10 dtreferralsatt10 smreferralsatt229 
disease_progression 
H-positive risk:  663 718 106 1088 434 89 1033 469 147 47 150 56 
H-negative risk:  718 663 1033 1088 469 434 89 106 150 147 56 47 
New BC onsets:  0
BC status:  4889 111 
BC subtype:  4889 79 32 

clinical_engagement 
diagnosis 
demography 
87 new agents 
7 dtreferralsatt7 smreferralsatt230 
disease_progression 
H-positive risk:  661 722 105 1086 433 91 1045 459 143 50 151 54 
H-negative risk:  722 661 1045 1086 459 433 91 105 151 143 54 50 
New BC onsets:  0
BC status:  4893 107 
BC subtype:  4893 73 34 

clinical_engagement 
diagnosis 
demography 
88 new agents 
11 dtreferralsatt11 smreferralsatt231 
disease_progression 
H-positive risk:  654 721 105 1083 448 91 1052 448 143 50 150 55 
H-negative risk:  721 654 1052 1083 448 448 91 105 150 143 55 50 
New BC onsets:  0
BC status:  4890 110 
BC subtype:  4890 75 35 

clinical_engagement 
diagnosis 
demography 
71 new agents 
10 dtreferralsatt10 smreferralsatt232 
disease_progression 
H-positive risk:  657 720 108 1087 449 92 1039 455 142 51 146 54 
H-negative risk:  720 657 1039 1087 455 449 92 108 146 142 54 51 
New BC onsets:  0
BC status:  4890 110 
BC subtype:  4890 74 36 

clinical_engagement 
diagnosis 
demography 
77 new agents 
16 dtreferralsatt16 smreferralsatt233 
disease_progression 
H-positive risk:  659 715 107 1093 454 91 1036 449 147 49 147 53 
H-negative risk:  715 659 1036 1093 449 454 91 107 147 147 53 49 
New BC onsets:  0
BC status:  4890 110 
BC subtype:  4890 74 36 

clinical_engagement 
diagnosis 
demography 
89 new agents 
5 dtreferralsatt5 smreferralsatt234 
disease_progression 
H-positive risk:  660 711 107 1088 453 91 1037 453 152 48 146 54 
H-negative risk:  711 660 1037 1088 453 453 91 107 146 152 54 48 
New BC onsets:  0
BC status:  4891 109 
BC subtype:  4891 77 32 

clinical_engagement 
diagnosis 
demography 
66 new agents 
7 dtreferralsatt7 smreferralsatt235 
disease_progression 
H-positive risk:  663 702 105 1096 460 93 1035 446 152 50 144 54 
H-negative risk:  702 663 1035 1096 446 460 93 105 144 152 54 50 
New BC onsets:  0
BC status:  4892 108 
BC subtype:  4892 77 31 

clinical_engagement 
diagnosis 
demography 
73 new agents 
13 dtreferralsatt13 smreferralsatt236 
disease_progression 
H-positive risk:  669 704 105 1087 466 91 1036 443 151 50 146 52 
H-negative risk:  704 669 1036 1087 443 466 91 105 146 151 52 50 
New BC onsets:  0
BC status:  4892 108 
BC subtype:  4892 75 33 

clinical_engagement 
diagnosis 
demography 
83 new agents 
11 dtreferralsatt11 smreferralsatt237 
disease_progression 
H-positive risk:  661 698 107 1098 464 90 1039 438 152 51 149 53 
H-negative risk:  698 661 1039 1098 438 464 90 107 149 152 53 51 
New BC onsets:  0
BC status:  4893 107 
BC subtype:  4893 75 32 

clinical_engagement 
diagnosis 
demography 
84 new agents 
12 dtreferralsatt12 smreferralsatt238 
disease_progression 
H-positive risk:  658 701 106 1101 461 93 1042 433 148 52 148 57 
H-negative risk:  701 658 1042 1101 433 461 93 106 148 148 57 52 
New BC onsets:  0
BC status:  4890 110 
BC subtype:  4890 77 33 

clinical_engagement 
diagnosis 
demography 
87 new agents 
11 dtreferralsatt11 smreferralsatt239 
disease_progression 
H-positive risk:  664 698 106 1098 457 98 1045 434 143 52 149 56 
H-negative risk:  698 664 1045 1098 434 457 98 106 149 143 56 52 
New BC onsets:  0
BC status:  4896 104 
BC subtype:  4896 75 29 

clinical_engagement 
diagnosis 
demography 
81 new agents 
14 dtreferralsatt14 smreferralsatt240 
disease_progression 
H-positive risk:  671 687 103 1102 458 101 1044 432 141 53 151 57 
H-negative risk:  687 671 1044 1102 432 458 101 103 151 141 57 53 
New BC onsets:  0
BC status:  4895 105 
BC subtype:  4895 77 28 

clinical_engagement 
diagnosis 
demography 
76 new agents 
6 dtreferralsatt6 smreferralsatt241 
disease_progression 
H-positive risk:  669 679 107 1100 461 102 1042 437 141 53 150 59 
H-negative risk:  679 669 1042 1100 437 461 102 107 150 141 59 53 
New BC onsets:  0
BC status:  4898 102 
BC subtype:  4898 75 27 

clinical_engagement 
diagnosis 
demography 
90 new agents 
10 dtreferralsatt10 smreferralsatt242 
disease_progression 
H-positive risk:  677 675 107 1103 457 101 1051 427 144 52 151 55 
H-negative risk:  675 677 1051 1103 427 457 101 107 151 144 55 52 
New BC onsets:  0
BC status:  4907 93 
BC subtype:  4907 67 26 

clinical_engagement 
diagnosis 
demography 
90 new agents 
14 dtreferralsatt14 smreferralsatt243 
disease_progression 
H-positive risk:  686 677 107 1092 447 103 1049 434 144 54 153 54 
H-negative risk:  677 686 1049 1092 434 447 103 107 153 144 54 54 
New BC onsets:  0
BC status:  4904 96 
BC subtype:  4904 70 26 

clinical_engagement 
diagnosis 
demography 
67 new agents 
11 dtreferralsatt11 smreferralsatt244 
disease_progression 
H-positive risk:  693 679 110 1076 444 105 1049 440 142 55 153 54 
H-negative risk:  679 693 1049 1076 440 444 105 110 153 142 54 55 
New BC onsets:  0
BC status:  4903 97 
BC subtype:  4903 71 26 

clinical_engagement 
diagnosis 
demography 
91 new agents 
6 dtreferralsatt6 smreferralsatt245 
disease_progression 
H-positive risk:  701 677 110 1076 444 107 1050 432 139 56 152 56 
H-negative risk:  677 701 1050 1076 432 444 107 110 152 139 56 56 
New BC onsets:  0
BC status:  4899 101 
BC subtype:  4899 71 30 

clinical_engagement 
diagnosis 
demography 
89 new agents 
9 dtreferralsatt9 smreferralsatt246 
disease_progression 
H-positive risk:  698 675 109 1073 440 110 1057 429 140 59 152 58 
H-negative risk:  675 698 1057 1073 429 440 110 109 152 140 58 59 
New BC onsets:  0
BC status:  4899 101 
BC subtype:  4899 72 29 

clinical_engagement 
diagnosis 
demography 
90 new agents 
7 dtreferralsatt7 smreferralsatt247 
disease_progression 
H-positive risk:  695 676 110 1070 436 111 1064 431 140 59 151 57 
H-negative risk:  676 695 1064 1070 431 436 111 110 151 140 57 59 
New BC onsets:  0
BC status:  4898 102 
BC subtype:  4898 73 29 

clinical_engagement 
diagnosis 
demography 
71 new agents 
11 dtreferralsatt11 smreferralsatt248 
disease_progression 
H-positive risk:  696 671 108 1077 429 110 1065 431 142 59 155 57 
H-negative risk:  671 696 1065 1077 431 429 110 108 155 142 57 59 
New BC onsets:  0
BC status:  4899 101 
BC subtype:  4899 72 29 

clinical_engagement 
diagnosis 
demography 
70 new agents 
6 dtreferralsatt6 smreferralsatt249 
disease_progression 
H-positive risk:  700 672 109 1061 434 109 1063 437 146 58 153 58 
H-negative risk:  672 700 1063 1061 437 434 109 109 153 146 58 58 
New BC onsets:  0
BC status:  4899 101 
BC subtype:  4899 72 29 

clinical_engagement 
diagnosis 
demography 
82 new agents 
8 dtreferralsatt8 smreferralsatt250 
disease_progression 
H-positive risk:  699 672 111 1066 435 106 1062 430 154 58 150 57 
H-negative risk:  672 699 1062 1066 430 435 106 111 150 154 57 58 
New BC onsets:  0
BC status:  4903 97 
BC subtype:  4903 70 27 

clinical_engagement 
diagnosis 
demography 
81 new agents 
11 dtreferralsatt11 smreferralsatt251 
disease_progression 
H-positive risk:  704 675 110 1054 432 108 1059 431 158 58 153 58 
H-negative risk:  675 704 1059 1054 431 432 108 110 153 158 58 58 
New BC onsets:  0
BC status:  4904 96 
BC subtype:  4904 68 28 

clinical_engagement 
diagnosis 
demography 
80 new agents 
7 dtreferralsatt7 smreferralsatt252 
disease_progression 
H-positive risk:  701 671 113 1061 428 107 1061 427 158 59 154 60 
H-negative risk:  671 701 1061 1061 427 428 107 113 154 158 60 59 
New BC onsets:  0
BC status:  4904 96 
BC subtype:  4904 68 28 

clinical_engagement 
diagnosis 
demography 
73 new agents 
11 dtreferralsatt11 smreferralsatt253 
disease_progression 
H-positive risk:  696 675 116 1063 420 106 1058 430 161 60 155 60 
H-negative risk:  675 696 1058 1063 430 420 106 116 155 161 60 60 
New BC onsets:  0
BC status:  4901 99 
BC subtype:  4901 71 28 

clinical_engagement 
diagnosis 
demography 
100 new agents 
12 dtreferralsatt12 smreferralsatt254 
disease_progression 
H-positive risk:  701 679 115 1064 419 106 1064 415 166 59 153 59 
H-negative risk:  679 701 1064 1064 415 419 106 115 153 166 59 59 
New BC onsets:  0
BC status:  4900 100 
BC subtype:  4900 73 27 

clinical_engagement 
diagnosis 
demography 
87 new agents 
6 dtreferralsatt6 smreferralsatt255 
disease_progression 
H-positive risk:  695 681 113 1070 411 106 1068 420 166 56 153 61 
H-negative risk:  681 695 1068 1070 420 411 106 113 153 166 61 56 
New BC onsets:  0
BC status:  4899 101 
BC subtype:  4899 75 26 

clinical_engagement 
diagnosis 
demography 
82 new agents 
13 dtreferralsatt13 smreferralsatt256 
disease_progression 
H-positive risk:  697 687 111 1065 408 104 1065 425 167 53 155 63 
H-negative risk:  687 697 1065 1065 425 408 104 111 155 167 63 53 
New BC onsets:  0
BC status:  4901 99 
BC subtype:  4901 73 26 

clinical_engagement 
diagnosis 
demography 
77 new agents 
11 dtreferralsatt11 smreferralsatt257 
disease_progression 
H-positive risk:  696 689 113 1058 409 105 1082 411 164 55 153 65 
H-negative risk:  689 696 1082 1058 411 409 105 113 153 164 65 55 
New BC onsets:  0
BC status:  4902 98 
BC subtype:  4902 73 25 

clinical_engagement 
diagnosis 
demography 
80 new agents 
9 dtreferralsatt9 smreferralsatt258 
disease_progression 
H-positive risk:  696 691 115 1056 406 107 1085 405 167 54 151 67 
H-negative risk:  691 696 1085 1056 405 406 107 115 151 167 67 54 
New BC onsets:  0
BC status:  4903 97 
BC subtype:  4903 72 25 

clinical_engagement 
diagnosis 
demography 
90 new agents 
12 dtreferralsatt12 smreferralsatt259 
disease_progression 
H-positive risk:  694 696 117 1052 407 108 1087 406 164 54 148 67 
H-negative risk:  696 694 1087 1052 406 407 108 117 148 164 67 54 
New BC onsets:  0
BC status:  4903 97 
BC subtype:  4903 73 24 

clinical_engagement 
diagnosis 
demography 
76 new agents 
12 dtreferralsatt12 smreferralsatt260 
disease_progression 
H-positive risk:  703 699 120 1046 406 109 1085 398 164 53 150 67 
H-negative risk:  699 703 1085 1046 398 406 109 120 150 164 67 53 
New BC onsets:  0
BC status:  4900 100 
BC subtype:  4900 74 26 

clinical_engagement 
diagnosis 
demography 
72 new agents 
10 dtreferralsatt10 smreferralsatt261 
disease_progression 
H-positive risk:  700 701 118 1042 406 108 1089 399 165 53 154 65 
H-negative risk:  701 700 1089 1042 399 406 108 118 154 165 65 53 
New BC onsets:  0
BC status:  4901 99 
BC subtype:  4901 73 26 

clinical_engagement 
diagnosis 
demography 
88 new agents 
9 dtreferralsatt9 smreferralsatt262 
disease_progression 
H-positive risk:  704 705 119 1038 404 103 1094 396 166 52 156 63 
H-negative risk:  705 704 1094 1038 396 404 103 119 156 166 63 52 
New BC onsets:  0
BC status:  4903 97 
BC subtype:  4903 72 25 

clinical_engagement 
diagnosis 
demography 
77 new agents 
11 dtreferralsatt11 smreferralsatt263 
disease_progression 
H-positive risk:  710 696 119 1036 404 102 1098 395 168 50 158 64 
H-negative risk:  696 710 1098 1036 395 404 102 119 158 168 64 50 
New BC onsets:  0
BC status:  4903 97 
BC subtype:  4903 72 25 

clinical_engagement 
diagnosis 
demography 
75 new agents 
7 dtreferralsatt7 smreferralsatt264 
disease_progression 
H-positive risk:  705 690 116 1043 404 103 1094 404 170 53 157 61 
H-negative risk:  690 705 1094 1043 404 404 103 116 157 170 61 53 
New BC onsets:  0
BC status:  4904 96 
BC subtype:  4904 71 25 

clinical_engagement 
diagnosis 
demography 
67 new agents 
9 dtreferralsatt9 smreferralsatt265 
disease_progression 
H-positive risk:  705 683 113 1041 405 103 1103 400 173 53 161 60 
H-negative risk:  683 705 1103 1041 400 405 103 113 161 173 60 53 
New BC onsets:  0
BC status:  4901 99 
BC subtype:  4901 73 26 

clinical_engagement 
diagnosis 
demography 
76 new agents 
12 dtreferralsatt12 smreferralsatt266 
disease_progression 
H-positive risk:  699 683 113 1040 413 103 1107 396 172 48 163 63 
H-negative risk:  683 699 1107 1040 396 413 103 113 163 172 63 48 
New BC onsets:  0
BC status:  4898 102 
BC subtype:  4898 76 26 

clinical_engagement 
diagnosis 
demography 
80 new agents 
15 dtreferralsatt15 smreferralsatt267 
disease_progression 
H-positive risk:  698 684 112 1046 408 103 1109 394 171 49 162 64 
H-negative risk:  684 698 1109 1046 394 408 103 112 162 171 64 49 
New BC onsets:  0
BC status:  4899 101 
BC subtype:  4899 77 24 

clinical_engagement 
diagnosis 
demography 
75 new agents 
10 dtreferralsatt10 smreferralsatt268 
disease_progression 
H-positive risk:  694 691 109 1042 407 103 1111 392 170 51 167 63 
H-negative risk:  691 694 1111 1042 392 407 103 109 167 170 63 51 
New BC onsets:  0
BC status:  4895 105 
BC subtype:  4895 77 28 

clinical_engagement 
diagnosis 
demography 
75 new agents 
13 dtreferralsatt13 smreferralsatt269 
disease_progression 
H-positive risk:  689 689 109 1044 405 100 1114 397 171 50 168 64 
H-negative risk:  689 689 1114 1044 397 405 100 109 168 171 64 50 
New BC onsets:  0
BC status:  4892 108 
BC subtype:  4892 77 31 

clinical_engagement 
diagnosis 
demography 
70 new agents 
7 dtreferralsatt7 smreferralsatt270 
disease_progression 
H-positive risk:  691 687 111 1041 410 98 1106 407 170 51 165 63 
H-negative risk:  687 691 1106 1041 407 410 98 111 165 170 63 51 
New BC onsets:  0
BC status:  4894 106 
BC subtype:  4894 76 30 

clinical_engagement 
diagnosis 
demography 
79 new agents 
10 dtreferralsatt10 smreferralsatt271 
disease_progression 
H-positive risk:  693 677 114 1042 413 95 1107 412 169 52 164 62 
H-negative risk:  677 693 1107 1042 412 413 95 114 164 169 62 52 
New BC onsets:  0
BC status:  4894 106 
BC subtype:  4894 76 30 

clinical_engagement 
diagnosis 
demography 
68 new agents 
12 dtreferralsatt12 smreferralsatt272 
disease_progression 
H-positive risk:  692 671 112 1039 419 95 1110 411 171 52 165 63 
H-negative risk:  671 692 1110 1039 411 419 95 112 165 171 63 52 
New BC onsets:  0
BC status:  4894 106 
BC subtype:  4894 74 32 

clinical_engagement 
diagnosis 
demography 
72 new agents 
16 dtreferralsatt16 smreferralsatt273 
disease_progression 
H-positive risk:  692 668 113 1043 417 95 1103 421 166 57 161 64 
H-negative risk:  668 692 1103 1043 421 417 95 113 161 166 64 57 
New BC onsets:  0
BC status:  4895 105 
BC subtype:  4895 75 30 

clinical_engagement 
diagnosis 
demography 
84 new agents 
9 dtreferralsatt9 smreferralsatt274 
disease_progression 
H-positive risk:  689 670 114 1041 408 96 1103 425 167 58 166 63 
H-negative risk:  670 689 1103 1041 425 408 96 114 166 167 63 58 
New BC onsets:  0
BC status:  4894 106 
BC subtype:  4894 76 30 

clinical_engagement 
diagnosis 
demography 
81 new agents 
13 dtreferralsatt13 smreferralsatt275 
disease_progression 
H-positive risk:  693 663 115 1044 410 97 1103 420 169 57 166 63 
H-negative risk:  663 693 1103 1044 420 410 97 115 166 169 63 57 
New BC onsets:  0
BC status:  4895 105 
BC subtype:  4895 75 30 

clinical_engagement 
diagnosis 
demography 
66 new agents 
6 dtreferralsatt6 smreferralsatt276 
disease_progression 
H-positive risk:  694 667 115 1053 409 94 1091 424 164 58 167 64 
H-negative risk:  667 694 1091 1053 424 409 94 115 167 164 64 58 
New BC onsets:  0
BC status:  4898 102 
BC subtype:  4898 72 30 

clinical_engagement 
diagnosis 
demography 
83 new agents 
10 dtreferralsatt10 smreferralsatt277 
disease_progression 
H-positive risk:  698 672 115 1052 402 97 1088 426 166 56 163 65 
H-negative risk:  672 698 1088 1052 426 402 97 115 163 166 65 56 
New BC onsets:  0
BC status:  4901 99 
BC subtype:  4901 71 28 

clinical_engagement 
diagnosis 
demography 
84 new agents 
12 dtreferralsatt12 smreferralsatt278 
disease_progression 
H-positive risk:  693 669 115 1054 403 98 1091 431 164 56 161 65 
H-negative risk:  669 693 1091 1054 431 403 98 115 161 164 65 56 
New BC onsets:  0
BC status:  4901 99 
BC subtype:  4901 71 28 

clinical_engagement 
diagnosis 
demography 
82 new agents 
13 dtreferralsatt13 smreferralsatt279 
disease_progression 
H-positive risk:  695 667 119 1050 408 103 1088 428 163 56 158 65 
H-negative risk:  667 695 1088 1050 428 408 103 119 158 163 65 56 
New BC onsets:  0
BC status:  4900 100 
BC subtype:  4900 72 28 

clinical_engagement 
diagnosis 
demography 
80 new agents 
9 dtreferralsatt9 smreferralsatt280 
disease_progression 
H-positive risk:  696 674 116 1039 416 107 1085 428 160 56 162 61 
H-negative risk:  674 696 1085 1039 428 416 107 116 162 160 61 56 
New BC onsets:  0
BC status:  4900 100 
BC subtype:  4900 71 29 

clinical_engagement 
diagnosis 
demography 
95 new agents 
8 dtreferralsatt8 smreferralsatt281 
disease_progression 
H-positive risk:  692 679 114 1036 417 112 1085 424 159 56 164 62 
H-negative risk:  679 692 1085 1036 424 417 112 114 164 159 62 56 
New BC onsets:  0
BC status:  4895 105 
BC subtype:  4895 74 31 

clinical_engagement 
diagnosis 
demography 
93 new agents 
7 dtreferralsatt7 smreferralsatt282 
disease_progression 
H-positive risk:  695 675 115 1031 418 109 1080 435 160 57 165 60 
H-negative risk:  675 695 1080 1031 435 418 109 115 165 160 60 57 
New BC onsets:  0
BC status:  4897 103 
BC subtype:  4897 73 30 

clinical_engagement 
diagnosis 
demography 
80 new agents 
11 dtreferralsatt11 smreferralsatt283 
disease_progression 
H-positive risk:  684 676 116 1033 421 110 1087 431 156 56 167 63 
H-negative risk:  676 684 1087 1033 431 421 110 116 167 156 63 56 
New BC onsets:  0
BC status:  4899 101 
BC subtype:  4899 72 29 

clinical_engagement 
diagnosis 
demography 
73 new agents 
13 dtreferralsatt13 smreferralsatt284 
disease_progression 
H-positive risk:  689 681 116 1028 419 108 1082 434 160 56 165 62 
H-negative risk:  681 689 1082 1028 434 419 108 116 165 160 62 56 
New BC onsets:  0
BC status:  4901 99 
BC subtype:  4901 70 29 

clinical_engagement 
diagnosis 
demography 
70 new agents 
12 dtreferralsatt12 smreferralsatt285 
disease_progression 
H-positive risk:  679 683 118 1023 416 108 1092 436 163 56 164 62 
H-negative risk:  683 679 1092 1023 436 416 108 118 164 163 62 56 
New BC onsets:  0
BC status:  4899 101 
BC subtype:  4899 71 30 

clinical_engagement 
diagnosis 
demography 
75 new agents 
12 dtreferralsatt12 smreferralsatt286 
disease_progression 
H-positive risk:  671 679 121 1029 418 109 1105 426 163 54 164 61 
H-negative risk:  679 671 1105 1029 426 418 109 121 164 163 61 54 
New BC onsets:  0
BC status:  4898 102 
BC subtype:  4898 71 31 

clinical_engagement 
diagnosis 
demography 
70 new agents 
16 dtreferralsatt16 smreferralsatt287 
disease_progression 
H-positive risk:  663 678 121 1032 416 106 1112 425 165 56 165 61 
H-negative risk:  678 663 1112 1032 425 416 106 121 165 165 61 56 
New BC onsets:  0
BC status:  4900 100 
BC subtype:  4900 69 31 

clinical_engagement 
diagnosis 
demography 
76 new agents 
9 dtreferralsatt9 smreferralsatt288 
disease_progression 
H-positive risk:  659 682 121 1032 415 102 1113 429 163 54 166 64 
H-negative risk:  682 659 1113 1032 429 415 102 121 166 163 64 54 
New BC onsets:  0
BC status:  4901 99 
BC subtype:  4901 69 30 

clinical_engagement 
diagnosis 
demography 
63 new agents 
10 dtreferralsatt10 smreferralsatt289 
disease_progression 
H-positive risk:  659 682 117 1024 417 100 1117 435 165 56 166 62 
H-negative risk:  682 659 1117 1024 435 417 100 117 166 165 62 56 
New BC onsets:  0
BC status:  4898 102 
BC subtype:  4898 72 30 

clinical_engagement 
diagnosis 
demography 
84 new agents 
4 dtreferralsatt4 smreferralsatt290 
disease_progression 
H-positive risk:  664 675 118 1033 418 99 1120 423 164 56 166 64 
H-negative risk:  675 664 1120 1033 423 418 99 118 166 164 64 56 
New BC onsets:  0
BC status:  4898 102 
BC subtype:  4898 72 30 

clinical_engagement 
diagnosis 
demography 
71 new agents 
8 dtreferralsatt8 smreferralsatt291 
disease_progression 
H-positive risk:  666 675 117 1030 418 102 1120 425 161 56 166 64 
H-negative risk:  675 666 1120 1030 425 418 102 117 166 161 64 56 
New BC onsets:  0
BC status:  4895 105 
BC subtype:  4895 75 30 

clinical_engagement 
diagnosis 
demography 
76 new agents 
11 dtreferralsatt11 smreferralsatt292 
disease_progression 
H-positive risk:  671 666 115 1042 413 104 1121 422 162 56 166 62 
H-negative risk:  666 671 1121 1042 422 413 104 115 166 162 62 56 
New BC onsets:  0
BC status:  4894 106 
BC subtype:  4894 76 30 

clinical_engagement 
diagnosis 
demography 
79 new agents 
12 dtreferralsatt12 smreferralsatt293 
disease_progression 
H-positive risk:  667 681 114 1033 413 106 1115 423 161 57 165 65 
H-negative risk:  681 667 1115 1033 423 413 106 114 165 161 65 57 
New BC onsets:  0
BC status:  4891 109 
BC subtype:  4891 81 28 

clinical_engagement 
diagnosis 
demography 
61 new agents 
14 dtreferralsatt14 smreferralsatt294 
disease_progression 
H-positive risk:  674 674 112 1034 415 105 1110 429 160 55 165 67 
H-negative risk:  674 674 1110 1034 429 415 105 112 165 160 67 55 
New BC onsets:  0
BC status:  4891 109 
BC subtype:  4891 81 28 

clinical_engagement 
diagnosis 
demography 
69 new agents 
9 dtreferralsatt9 smreferralsatt295 
disease_progression 
H-positive risk:  669 679 112 1030 418 105 1113 429 158 56 168 63 
H-negative risk:  679 669 1113 1030 429 418 105 112 168 158 63 56 
New BC onsets:  0
BC status:  4893 107 
BC subtype:  4893 81 26 

clinical_engagement 
diagnosis 
demography 
71 new agents 
8 dtreferralsatt8 smreferralsatt296 
disease_progression 
H-positive risk:  668 680 113 1034 427 103 1105 424 160 55 168 63 
H-negative risk:  680 668 1105 1034 424 427 103 113 168 160 63 55 
New BC onsets:  0
BC status:  4894 106 
BC subtype:  4894 79 27 

clinical_engagement 
diagnosis 
demography 
70 new agents 
11 dtreferralsatt11 smreferralsatt297 
disease_progression 
H-positive risk:  669 683 111 1036 423 105 1100 428 158 54 170 63 
H-negative risk:  683 669 1100 1036 428 423 105 111 170 158 63 54 
New BC onsets:  0
BC status:  4894 106 
BC subtype:  4894 78 28 

clinical_engagement 
diagnosis 
demography 
68 new agents 
13 dtreferralsatt13 smreferralsatt298 
disease_progression 
H-positive risk:  667 683 113 1035 421 106 1101 424 157 56 173 64 
H-negative risk:  683 667 1101 1035 424 421 106 113 173 157 64 56 
New BC onsets:  0
BC status:  4894 106 
BC subtype:  4894 78 28 

clinical_engagement 
diagnosis 
demography 
80 new agents 
15 dtreferralsatt15 smreferralsatt299 
disease_progression 
H-positive risk:  669 690 112 1036 425 106 1089 425 157 54 172 65 
H-negative risk:  690 669 1089 1036 425 425 106 112 172 157 65 54 
New BC onsets:  0
BC status:  4890 110 
BC subtype:  4890 81 29 

clinical_engagement 
diagnosis 
demography 
72 new agents 
7 dtreferralsatt7 smreferralsatt300 
disease_progression 
H-positive risk:  669 693 113 1038 420 104 1091 424 159 50 172 67 
H-negative risk:  693 669 1091 1038 424 420 104 113 172 159 67 50 
New BC onsets:  0
BC status:  4888 112 
BC subtype:  4888 82 30 

clinical_engagement 
diagnosis 
demography 
65 new agents 
10 dtreferralsatt10 smreferralsattTime difference of 17.85783 mins
This is task 27
date
