date
Note that the current default version of R is 3.6.1.
Loading required package: network
network: Classes for Relational Data
Version 1.15 created on 2019-04-01.
copyright (c) 2005, Carter T. Butts, University of California-Irvine
                    Mark S. Handcock, University of California -- Los Angeles
                    David R. Hunter, Penn State University
                    Martina Morris, University of Washington
                    Skye Bender-deMoll, University of Washington
 For citation information, type citation("network").
 Type help("network-package") to get started.


networkDynamic: version 0.10.0, created on 2019-04-04
Copyright (c) 2019, Carter T. Butts, University of California -- Irvine
                    Ayn Leslie-Cook, University of Washington
                    Pavel N. Krivitsky, University of Wollongong
                    Skye Bender-deMoll, University of Washington
                    with contributions from
                    Zack Almquist, University of California -- Irvine
                    David R. Hunter, Penn State University
                    Li Wang
                    Kirk Li, University of Washington
                    Steven M. Goodreau, University of Washington
                    Jeffrey Horner
                    Martina Morris, University of Washington
Based on "statnet" project software (statnet.org).
For license and citation information see statnet.org/attribution
or type citation("networkDynamic").

Loading required package: statnet.common

Attaching package: 'statnet.common'

The following object is masked from 'package:base':

    order

sna: Tools for Social Network Analysis
Version 2.4 created on 2016-07-23.
copyright (c) 2005, Carter T. Butts, University of California-Irvine
 For citation information, type citation("sna").
 Type help(package="sna") to get started.


ergm: version 3.10.4, created on 2019-06-10
Copyright (c) 2019, Mark S. Handcock, University of California -- Los Angeles
                    David R. Hunter, Penn State University
                    Carter T. Butts, University of California -- Irvine
                    Steven M. Goodreau, University of Washington
                    Pavel N. Krivitsky, University of Wollongong
                    Martina Morris, University of Washington
                    with contributions from
                    Li Wang
                    Kirk Li, University of Washington
                    Skye Bender-deMoll, University of Washington
                    Chad Klumb
Based on "statnet" project software (statnet.org).
For license and citation information see statnet.org/attribution
or type citation("ergm").

NOTE: Versions before 3.6.1 had a bug in the implementation of the bd()
constriant which distorted the sampled distribution somewhat. In
addition, Sampson's Monks datasets had mislabeled vertices. See the
NEWS and the documentation for more details.

NOTE: Some common term arguments pertaining to vertex attribute and
level selection have changed in 3.10.0. See terms help for more
details. Use 'options(ergm.term=list(version="3.9.4"))' to use old
behavior.


tergm: version 3.6.1, created on 2019-06-12
Copyright (c) 2019, Pavel N. Krivitsky, University of Wollongong
                    Mark S. Handcock, University of California -- Los Angeles
                    with contributions from
                    David R. Hunter, Penn State University
                    Steven M. Goodreau, University of Washington
                    Martina Morris, University of Washington
                    Nicole Bohme Carnegie, New York University
                    Carter T. Butts, University of California -- Irvine
                    Ayn Leslie-Cook, University of Washington
                    Skye Bender-deMoll
                    Li Wang
                    Kirk Li, University of Washington
Based on "statnet" project software (statnet.org).
For license and citation information see statnet.org/attribution
or type citation("tergm").

Starting maximum pseudolikelihood estimation (MPLE):
Evaluating the predictor and response matrix.
Maximizing the pseudolikelihood.
Finished MPLE.
Starting Monte Carlo maximum likelihood estimation (MCMLE):
Iteration 1 of at most 500:
Optimizing with step length 0.486908906582415.
The log-likelihood improved by 4.335.
Iteration 2 of at most 500:
Optimizing with step length 0.603956121445947.
The log-likelihood improved by 2.966.
Iteration 3 of at most 500:
Optimizing with step length 1.
The log-likelihood improved by 0.5237.
Step length converged once. Increasing MCMC sample size.
Iteration 4 of at most 500:
Optimizing with step length 1.
The log-likelihood improved by 0.217.
Step length converged twice. Stopping.
Finished MCMLE.
This model was fit using MCMC.  To examine model diagnostics and check
for degeneracy, use the mcmc.diagnostics() function.
 degree0  degree1  degree2  degree3  degree4  degree5  degree6  degree7 
       3       22     1283     1025      739      367      377      344 
 degree8  degree9 degree10 degree11 degree12 degree13 degree14 degree15 
     288      234      144       80       50       22       15        4 
degree16 
       3 
1 
disease_progression 
H-positive risk:  832 925 136 851 444 103 888 437 128 75 120 61 
H-negative risk:  925 832 888 851 437 444 103 136 120 128 61 75 
New BC onsets:  0
BC status:  5000 
BC subtype:  5000 

clinical_engagement 
diagnosis 
demography 
48 new agents 
0 dtreferralsatt0 smreferralsatt2 
disease_progression 
H-positive risk:  836 928 135 849 439 104 892 431 130 75 120 61 
H-negative risk:  928 836 892 849 431 439 104 135 120 130 61 75 
New BC onsets:  0
BC status:  4997 3 
BC subtype:  4997 3 

clinical_engagement 
diagnosis 
demography 
61 new agents 
2 dtreferralsatt2 smreferralsatt3 
disease_progression 
H-positive risk:  840 931 136 852 428 106 898 428 130 70 119 62 
H-negative risk:  931 840 898 852 428 428 106 136 119 130 62 70 
New BC onsets:  0
BC status:  4995 5 
BC subtype:  4995 5 

clinical_engagement 
diagnosis 
demography 
57 new agents 
1 dtreferralsatt1 smreferralsatt4 
disease_progression 
H-positive risk:  848 928 139 846 418 106 902 431 132 68 120 62 
H-negative risk:  928 848 902 846 431 418 106 139 120 132 62 68 
New BC onsets:  0
BC status:  4994 6 
BC subtype:  4994 6 

clinical_engagement 
diagnosis 
demography 
59 new agents 
2 dtreferralsatt2 smreferralsatt5 
disease_progression 
H-positive risk:  850 924 140 847 420 108 900 431 135 67 120 58 
H-negative risk:  924 850 900 847 431 420 108 140 120 135 58 67 
New BC onsets:  0
BC status:  4994 6 
BC subtype:  4994 6 

clinical_engagement 
diagnosis 
demography 
58 new agents 
5 dtreferralsatt5 smreferralsatt6 
disease_progression 
H-positive risk:  854 934 139 845 422 109 895 425 133 66 119 59 
H-negative risk:  934 854 895 845 425 422 109 139 119 133 59 66 
New BC onsets:  0
BC status:  4993 7 
BC subtype:  4993 6 1 

clinical_engagement 
diagnosis 
demography 
60 new agents 
5 dtreferralsatt5 smreferralsatt7 
disease_progression 
H-positive risk:  862 937 138 845 416 110 893 425 130 64 120 60 
H-negative risk:  937 862 893 845 425 416 110 138 120 130 60 64 
New BC onsets:  0
BC status:  4991 9 
BC subtype:  4991 8 1 

clinical_engagement 
diagnosis 
demography 
61 new agents 
2 dtreferralsatt2 smreferralsatt8 
disease_progression 
H-positive risk:  870 945 138 850 408 110 894 415 129 64 120 57 
H-negative risk:  945 870 894 850 415 408 110 138 120 129 57 64 
New BC onsets:  0
BC status:  4989 11 
BC subtype:  4989 10 1 

clinical_engagement 
diagnosis 
demography 
55 new agents 
14 dtreferralsatt14 smreferralsatt9 
disease_progression 
H-positive risk:  873 952 140 848 405 111 895 413 126 64 118 55 
H-negative risk:  952 873 895 848 413 405 111 140 118 126 55 64 
New BC onsets:  0
BC status:  4986 14 
BC subtype:  4986 11 3 

clinical_engagement 
diagnosis 
demography 
63 new agents 
7 dtreferralsatt7 smreferralsatt10 
disease_progression 
H-positive risk:  880 959 141 850 400 111 893 409 122 61 118 56 
H-negative risk:  959 880 893 850 409 400 111 141 118 122 56 61 
New BC onsets:  0
BC status:  4984 16 
BC subtype:  4984 13 3 

clinical_engagement 
diagnosis 
demography 
43 new agents 
3 dtreferralsatt3 smreferralsatt11 
disease_progression 
H-positive risk:  882 960 142 845 400 114 896 403 120 61 119 58 
H-negative risk:  960 882 896 845 403 400 114 142 119 120 58 61 
New BC onsets:  0
BC status:  4984 16 
BC subtype:  4984 13 3 

clinical_engagement 
diagnosis 
demography 
46 new agents 
4 dtreferralsatt4 smreferralsatt12 
disease_progression 
H-positive risk:  886 961 140 850 401 115 893 401 119 60 119 55 
H-negative risk:  961 886 893 850 401 401 115 140 119 119 55 60 
New BC onsets:  0
BC status:  4982 18 
BC subtype:  4982 13 5 

clinical_engagement 
diagnosis 
demography 
57 new agents 
10 dtreferralsatt10 smreferralsatt13 
disease_progression 
H-positive risk:  824 890 126 917 399 103 964 399 132 60 131 55 
H-negative risk:  890 824 964 917 399 399 103 126 131 132 55 60 
New BC onsets:  0
BC status:  4977 23 
BC subtype:  4977 18 5 

clinical_engagement 
diagnosis 
demography 
207 new agents 
11 dtreferralsatt11 smreferralsatt14 
disease_progression 
H-positive risk:  857 922 133 869 406 107 910 422 124 59 131 60 
H-negative risk:  922 857 910 869 422 406 107 133 131 124 60 59 
New BC onsets:  0
BC status:  4973 27 
BC subtype:  4973 22 5 

clinical_engagement 
diagnosis 
demography 
71 new agents 
12 dtreferralsatt12 smreferralsatt15 
disease_progression 
H-positive risk:  859 928 133 864 405 111 906 421 124 56 131 62 
H-negative risk:  928 859 906 864 421 405 111 133 131 124 62 56 
New BC onsets:  0
BC status:  4973 27 
BC subtype:  4973 21 6 

clinical_engagement 
diagnosis 
demography 
62 new agents 
12 dtreferralsatt12 smreferralsatt16 
disease_progression 
H-positive risk:  859 936 133 867 399 112 903 417 125 54 133 62 
H-negative risk:  936 859 903 867 417 399 112 133 133 125 62 54 
New BC onsets:  0
BC status:  4972 28 
BC subtype:  4972 22 6 

clinical_engagement 
diagnosis 
demography 
51 new agents 
2 dtreferralsatt2 smreferralsatt17 
disease_progression 
H-positive risk:  859 940 134 866 401 112 904 409 124 56 132 63 
H-negative risk:  940 859 904 866 409 401 112 134 132 124 63 56 
New BC onsets:  0
BC status:  4970 30 
BC subtype:  4970 24 6 

clinical_engagement 
diagnosis 
demography 
61 new agents 
6 dtreferralsatt6 smreferralsatt18 
disease_progression 
H-positive risk:  860 935 134 876 398 112 904 404 126 55 133 63 
H-negative risk:  935 860 904 876 404 398 112 134 133 126 63 55 
New BC onsets:  0
BC status:  4965 35 
BC subtype:  4965 29 6 

clinical_engagement 
diagnosis 
demography 
58 new agents 
10 dtreferralsatt10 smreferralsatt19 
disease_progression 
H-positive risk:  860 940 134 873 392 115 909 402 124 54 133 64 
H-negative risk:  940 860 909 873 402 392 115 134 133 124 64 54 
New BC onsets:  0
BC status:  4962 38 
BC subtype:  4962 30 8 

clinical_engagement 
diagnosis 
demography 
54 new agents 
13 dtreferralsatt13 smreferralsatt20 
disease_progression 
H-positive risk:  858 941 136 873 390 115 913 403 124 53 131 63 
H-negative risk:  941 858 913 873 403 390 115 136 131 124 63 53 
New BC onsets:  0
BC status:  4962 38 
BC subtype:  4962 30 8 

clinical_engagement 
diagnosis 
demography 
52 new agents 
9 dtreferralsatt9 smreferralsatt21 
disease_progression 
H-positive risk:  863 948 136 875 388 116 904 395 124 53 132 66 
H-negative risk:  948 863 904 875 395 388 116 136 132 124 66 53 
New BC onsets:  0
BC status:  4960 40 
BC subtype:  4960 32 8 

clinical_engagement 
diagnosis 
demography 
56 new agents 
6 dtreferralsatt6 smreferralsatt22 
disease_progression 
H-positive risk:  870 951 135 877 379 117 904 395 123 52 132 65 
H-negative risk:  951 870 904 877 395 379 117 135 132 123 65 52 
New BC onsets:  0
BC status:  4959 41 
BC subtype:  4959 33 8 

clinical_engagement 
diagnosis 
demography 
60 new agents 
15 dtreferralsatt15 smreferralsatt23 
disease_progression 
H-positive risk:  881 955 136 875 378 117 902 385 121 54 135 61 
H-negative risk:  955 881 902 875 385 378 117 136 135 121 61 54 
New BC onsets:  0
BC status:  4957 43 
BC subtype:  4957 36 7 

clinical_engagement 
diagnosis 
demography 
68 new agents 
11 dtreferralsatt11 smreferralsatt24 
disease_progression 
H-positive risk:  881 964 134 872 374 118 901 385 125 55 134 57 
H-negative risk:  964 881 901 872 385 374 118 134 134 125 57 55 
New BC onsets:  0
BC status:  4956 44 
BC subtype:  4956 37 7 

clinical_engagement 
diagnosis 
demography 
65 new agents 
9 dtreferralsatt9 smreferralsatt25 
disease_progression 
H-positive risk:  831 897 130 942 372 107 958 381 134 56 135 57 
H-negative risk:  897 831 958 942 381 372 107 130 135 134 57 56 
New BC onsets:  0
BC status:  4955 45 
BC subtype:  4955 38 7 

clinical_engagement 
diagnosis 
demography 
181 new agents 
8 dtreferralsatt8 smreferralsatt26 
disease_progression 
H-positive risk:  849 925 129 887 401 111 921 395 128 60 133 61 
H-negative risk:  925 849 921 887 395 401 111 129 133 128 61 60 
New BC onsets:  0
BC status:  4950 50 
BC subtype:  4950 43 7 

clinical_engagement 
diagnosis 
demography 
71 new agents 
9 dtreferralsatt9 smreferralsatt27 
disease_progression 
H-positive risk:  858 927 129 888 398 114 921 386 124 58 134 63 
H-negative risk:  927 858 921 888 386 398 114 129 134 124 63 58 
New BC onsets:  0
BC status:  4948 52 
BC subtype:  4948 44 8 

clinical_engagement 
diagnosis 
demography 
51 new agents 
7 dtreferralsatt7 smreferralsatt28 
disease_progression 
H-positive risk:  864 932 127 888 403 112 911 384 125 59 133 62 
H-negative risk:  932 864 911 888 384 403 112 127 133 125 62 59 
New BC onsets:  0
BC status:  4947 53 
BC subtype:  4947 44 9 

clinical_engagement 
diagnosis 
demography 
55 new agents 
10 dtreferralsatt10 smreferralsatt29 
disease_progression 
H-positive risk:  868 931 126 890 398 111 913 384 125 59 131 64 
H-negative risk:  931 868 913 890 384 398 111 126 131 125 64 59 
New BC onsets:  0
BC status:  4948 52 
BC subtype:  4948 44 8 

clinical_engagement 
diagnosis 
demography 
53 new agents 
8 dtreferralsatt8 smreferralsatt30 
disease_progression 
H-positive risk:  871 936 127 889 399 110 903 383 128 59 130 65 
H-negative risk:  936 871 903 889 383 399 110 127 130 128 65 59 
New BC onsets:  0
BC status:  4947 53 
BC subtype:  4947 45 8 

clinical_engagement 
diagnosis 
demography 
70 new agents 
9 dtreferralsatt9 smreferralsatt31 
disease_progression 
H-positive risk:  873 931 127 894 397 112 900 380 128 58 134 66 
H-negative risk:  931 873 900 894 380 397 112 127 134 128 66 58 
New BC onsets:  0
BC status:  4944 56 
BC subtype:  4944 48 8 

clinical_engagement 
diagnosis 
demography 
59 new agents 
11 dtreferralsatt11 smreferralsatt32 
disease_progression 
H-positive risk:  877 929 127 892 404 111 894 377 131 58 134 66 
H-negative risk:  929 877 894 892 377 404 111 127 134 131 66 58 
New BC onsets:  0
BC status:  4944 56 
BC subtype:  4944 48 8 

clinical_engagement 
diagnosis 
demography 
75 new agents 
15 dtreferralsatt15 smreferralsatt33 
disease_progression 
H-positive risk:  884 931 128 885 404 111 890 379 129 58 135 66 
H-negative risk:  931 884 890 885 379 404 111 128 135 129 66 58 
New BC onsets:  0
BC status:  4944 56 
BC subtype:  4944 48 8 

clinical_engagement 
diagnosis 
demography 
49 new agents 
13 dtreferralsatt13 smreferralsatt34 
disease_progression 
H-positive risk:  883 936 128 884 402 112 891 377 127 57 137 66 
H-negative risk:  936 883 891 884 377 402 112 128 137 127 66 57 
New BC onsets:  0
BC status:  4945 55 
BC subtype:  4945 48 7 

clinical_engagement 
diagnosis 
demography 
62 new agents 
13 dtreferralsatt13 smreferralsatt35 
disease_progression 
H-positive risk:  887 939 128 880 400 112 891 381 126 56 135 65 
H-negative risk:  939 887 891 880 381 400 112 128 135 126 65 56 
New BC onsets:  0
BC status:  4943 57 
BC subtype:  4943 49 8 

clinical_engagement 
diagnosis 
demography 
62 new agents 
8 dtreferralsatt8 smreferralsatt36 
disease_progression 
H-positive risk:  884 946 128 879 397 114 891 381 126 53 135 66 
H-negative risk:  946 884 891 879 381 397 114 128 135 126 66 53 
New BC onsets:  0
BC status:  4943 57 
BC subtype:  4943 49 8 

clinical_engagement 
diagnosis 
demography 
66 new agents 
17 dtreferralsatt17 smreferralsatt37 
disease_progression 
H-positive risk:  826 876 121 954 395 109 951 373 132 52 145 66 
H-negative risk:  876 826 951 954 373 395 109 121 145 132 66 52 
New BC onsets:  0
BC status:  4941 59 
BC subtype:  4941 50 9 

clinical_engagement 
diagnosis 
demography 
163 new agents 
14 dtreferralsatt14 smreferralsatt38 
disease_progression 
H-positive risk:  839 892 119 918 415 109 926 392 131 54 144 61 
H-negative risk:  892 839 926 918 392 415 109 119 144 131 61 54 
New BC onsets:  0
BC status:  4935 65 
BC subtype:  4935 56 9 

clinical_engagement 
diagnosis 
demography 
60 new agents 
12 dtreferralsatt12 smreferralsatt39 
disease_progression 
H-positive risk:  838 895 117 918 412 110 925 395 132 54 143 61 
H-negative risk:  895 838 925 918 395 412 110 117 143 132 61 54 
New BC onsets:  0
BC status:  4933 67 
BC subtype:  4933 58 9 

clinical_engagement 
diagnosis 
demography 
72 new agents 
6 dtreferralsatt6 smreferralsatt40 
disease_progression 
H-positive risk:  839 895 117 915 406 112 936 395 129 53 143 60 
H-negative risk:  895 839 936 915 395 406 112 117 143 129 60 53 
New BC onsets:  0
BC status:  4930 70 
BC subtype:  4930 61 9 

clinical_engagement 
diagnosis 
demography 
67 new agents 
14 dtreferralsatt14 smreferralsatt41 
disease_progression 
H-positive risk:  843 902 115 913 403 112 932 389 132 52 146 61 
H-negative risk:  902 843 932 913 389 403 112 115 146 132 61 52 
New BC onsets:  0
BC status:  4928 72 
BC subtype:  4928 63 9 

clinical_engagement 
diagnosis 
demography 
57 new agents 
12 dtreferralsatt12 smreferralsatt42 
disease_progression 
H-positive risk:  844 902 114 922 400 112 927 385 135 53 146 60 
H-negative risk:  902 844 927 922 385 400 112 114 146 135 60 53 
New BC onsets:  0
BC status:  4928 72 
BC subtype:  4928 63 9 

clinical_engagement 
diagnosis 
demography 
75 new agents 
10 dtreferralsatt10 smreferralsatt43 
disease_progression 
H-positive risk:  840 906 116 922 400 114 933 376 135 52 146 60 
H-negative risk:  906 840 933 922 376 400 114 116 146 135 60 52 
New BC onsets:  0
BC status:  4927 73 
BC subtype:  4927 64 9 

clinical_engagement 
diagnosis 
demography 
62 new agents 
15 dtreferralsatt15 smreferralsatt44 
disease_progression 
H-positive risk:  847 910 115 917 398 114 936 371 135 51 145 61 
H-negative risk:  910 847 936 917 371 398 114 115 145 135 61 51 
New BC onsets:  0
BC status:  4928 72 
BC subtype:  4928 62 10 

clinical_engagement 
diagnosis 
demography 
72 new agents 
15 dtreferralsatt15 smreferralsatt45 
disease_progression 
H-positive risk:  851 916 114 914 404 114 941 365 131 48 140 62 
H-negative risk:  916 851 941 914 365 404 114 114 140 131 62 48 
New BC onsets:  0
BC status:  4924 76 
BC subtype:  4924 66 10 

clinical_engagement 
diagnosis 
demography 
68 new agents 
12 dtreferralsatt12 smreferralsatt46 
disease_progression 
H-positive risk:  851 915 115 915 403 113 948 361 131 48 137 63 
H-negative risk:  915 851 948 915 361 403 113 115 137 131 63 48 
New BC onsets:  0
BC status:  4921 79 
BC subtype:  4921 67 12 

clinical_engagement 
diagnosis 
demography 
64 new agents 
10 dtreferralsatt10 smreferralsatt47 
disease_progression 
H-positive risk:  848 915 114 918 405 115 940 364 132 47 137 65 
H-negative risk:  915 848 940 918 364 405 115 114 137 132 65 47 
New BC onsets:  0
BC status:  4921 79 
BC subtype:  4921 67 12 

clinical_engagement 
diagnosis 
demography 
66 new agents 
18 dtreferralsatt18 smreferralsatt48 
disease_progression 
H-positive risk:  853 915 115 919 401 116 938 365 134 45 133 66 
H-negative risk:  915 853 938 919 365 401 116 115 133 134 66 45 
New BC onsets:  0
BC status:  4920 80 
BC subtype:  4920 67 13 

clinical_engagement 
diagnosis 
demography 
59 new agents 
8 dtreferralsatt8 smreferralsatt49 
disease_progression 
H-positive risk:  798 847 102 988 390 105 993 372 145 48 147 65 
H-negative risk:  847 798 993 988 372 390 105 102 147 145 65 48 
New BC onsets:  0
BC status:  4918 82 
BC subtype:  4918 69 13 

clinical_engagement 
diagnosis 
demography 
153 new agents 
15 dtreferralsatt15 smreferralsatt50 
disease_progression 
H-positive risk:  809 863 103 970 398 107 976 374 144 48 139 69 
H-negative risk:  863 809 976 970 374 398 107 103 139 144 69 48 
New BC onsets:  0
BC status:  4918 82 
BC subtype:  4918 69 13 

clinical_engagement 
diagnosis 
demography 
89 new agents 
6 dtreferralsatt6 smreferralsatt51 
disease_progression 
H-positive risk:  812 864 103 969 396 106 980 375 142 46 136 71 
H-negative risk:  864 812 980 969 375 396 106 103 136 142 71 46 
New BC onsets:  0
BC status:  4914 86 
BC subtype:  4914 74 12 

clinical_engagement 
diagnosis 
demography 
62 new agents 
14 dtreferralsatt14 smreferralsatt52 
disease_progression 
H-positive risk:  819 863 101 978 388 105 980 374 139 46 134 73 
H-negative risk:  863 819 980 978 374 388 105 101 134 139 73 46 
New BC onsets:  0
BC status:  4908 92 
BC subtype:  4908 78 14 

clinical_engagement 
diagnosis 
demography 
63 new agents 
13 dtreferralsatt13 smreferralsatt53 
disease_progression 
H-positive risk:  822 874 101 969 384 101 987 371 137 46 137 71 
H-negative risk:  874 822 987 969 371 384 101 101 137 137 71 46 
New BC onsets:  0
BC status:  4906 94 
BC subtype:  4906 80 14 

clinical_engagement 
diagnosis 
demography 
63 new agents 
8 dtreferralsatt8 smreferralsatt54 
disease_progression 
H-positive risk:  825 871 104 968 375 103 992 371 135 48 138 70 
H-negative risk:  871 825 992 968 371 375 103 104 138 135 70 48 
New BC onsets:  0
BC status:  4905 95 
BC subtype:  4905 81 14 

clinical_engagement 
diagnosis 
demography 
58 new agents 
12 dtreferralsatt12 smreferralsatt55 
disease_progression 
H-positive risk:  823 867 103 976 372 103 988 376 137 46 140 69 
H-negative risk:  867 823 988 976 376 372 103 103 140 137 69 46 
New BC onsets:  0
BC status:  4905 95 
BC subtype:  4905 81 14 

clinical_engagement 
diagnosis 
demography 
43 new agents 
10 dtreferralsatt10 smreferralsatt56 
disease_progression 
H-positive risk:  820 872 104 973 370 104 994 372 137 46 138 70 
H-negative risk:  872 820 994 973 372 370 104 104 138 137 70 46 
New BC onsets:  0
BC status:  4905 95 
BC subtype:  4905 80 15 

clinical_engagement 
diagnosis 
demography 
70 new agents 
8 dtreferralsatt8 smreferralsatt57 
disease_progression 
H-positive risk:  820 877 107 975 363 106 987 374 138 46 137 70 
H-negative risk:  877 820 987 975 374 363 106 107 137 138 70 46 
New BC onsets:  0
BC status:  4905 95 
BC subtype:  4905 80 15 

clinical_engagement 
diagnosis 
demography 
54 new agents 
13 dtreferralsatt13 smreferralsatt58 
disease_progression 
H-positive risk:  817 882 108 975 362 107 988 372 136 45 137 71 
H-negative risk:  882 817 988 975 372 362 107 108 137 136 71 45 
New BC onsets:  0
BC status:  4903 97 
BC subtype:  4903 82 15 

clinical_engagement 
diagnosis 
demography 
55 new agents 
19 dtreferralsatt19 smreferralsatt59 
disease_progression 
H-positive risk:  822 885 109 976 362 106 982 370 134 46 138 70 
H-negative risk:  885 822 982 976 370 362 106 109 138 134 70 46 
New BC onsets:  0
BC status:  4904 96 
BC subtype:  4904 81 15 

clinical_engagement 
diagnosis 
demography 
70 new agents 
11 dtreferralsatt11 smreferralsatt60 
disease_progression 
H-positive risk:  821 882 110 979 364 108 987 362 131 48 140 68 
H-negative risk:  882 821 987 979 362 364 108 110 140 131 68 48 
New BC onsets:  0
BC status:  4904 96 
BC subtype:  4904 83 13 

clinical_engagement 
diagnosis 
demography 
74 new agents 
11 dtreferralsatt11 smreferralsatt61 
disease_progression 
H-positive risk:  766 826 104 1035 365 100 1046 358 138 46 145 71 
H-negative risk:  826 766 1046 1035 358 365 100 104 145 138 71 46 
New BC onsets:  0
BC status:  4905 95 
BC subtype:  4905 82 13 

clinical_engagement 
diagnosis 
demography 
137 new agents 
9 dtreferralsatt9 smreferralsatt62 
disease_progression 
H-positive risk:  776 824 105 1027 375 98 1017 381 137 48 140 72 
H-negative risk:  824 776 1017 1027 381 375 98 105 140 137 72 48 
New BC onsets:  0
BC status:  4906 94 
BC subtype:  4906 84 10 

clinical_engagement 
diagnosis 
demography 
69 new agents 
15 dtreferralsatt15 smreferralsatt63 
disease_progression 
H-positive risk:  779 822 108 1027 377 101 1018 377 136 47 137 71 
H-negative risk:  822 779 1018 1027 377 377 101 108 137 136 71 47 
New BC onsets:  0
BC status:  4904 96 
BC subtype:  4904 86 10 

clinical_engagement 
diagnosis 
demography 
70 new agents 
10 dtreferralsatt10 smreferralsatt64 
disease_progression 
H-positive risk:  784 827 108 1021 375 101 1012 380 135 50 140 67 
H-negative risk:  827 784 1012 1021 380 375 101 108 140 135 67 50 
New BC onsets:  0
BC status:  4906 94 
BC subtype:  4906 85 9 

clinical_engagement 
diagnosis 
demography 
80 new agents 
13 dtreferralsatt13 smreferralsatt65 
disease_progression 
H-positive risk:  787 828 111 1024 367 98 1017 373 133 51 145 66 
H-negative risk:  828 787 1017 1024 373 367 98 111 145 133 66 51 
New BC onsets:  0
BC status:  4909 91 
BC subtype:  4909 82 9 

clinical_engagement 
diagnosis 
demography 
65 new agents 
12 dtreferralsatt12 smreferralsatt66 
disease_progression 
H-positive risk:  790 827 112 1026 368 99 1017 370 131 52 141 67 
H-negative risk:  827 790 1017 1026 370 368 99 112 141 131 67 52 
New BC onsets:  0
BC status:  4906 94 
BC subtype:  4906 85 9 

clinical_engagement 
diagnosis 
demography 
81 new agents 
13 dtreferralsatt13 smreferralsatt67 
disease_progression 
H-positive risk:  794 829 110 1029 360 99 1016 375 130 50 144 64 
H-negative risk:  829 794 1016 1029 375 360 99 110 144 130 64 50 
New BC onsets:  0
BC status:  4905 95 
BC subtype:  4905 83 12 

clinical_engagement 
diagnosis 
demography 
68 new agents 
10 dtreferralsatt10 smreferralsatt68 
disease_progression 
H-positive risk:  795 827 110 1039 358 99 1017 367 131 50 144 63 
H-negative risk:  827 795 1017 1039 367 358 99 110 144 131 63 50 
New BC onsets:  0
BC status:  4905 95 
BC subtype:  4905 80 15 

clinical_engagement 
diagnosis 
demography 
67 new agents 
15 dtreferralsatt15 smreferralsatt69 
disease_progression 
H-positive risk:  793 826 113 1044 354 97 1017 364 133 51 147 61 
H-negative risk:  826 793 1017 1044 364 354 97 113 147 133 61 51 
New BC onsets:  0
BC status:  4903 97 
BC subtype:  4903 81 16 

clinical_engagement 
diagnosis 
demography 
70 new agents 
18 dtreferralsatt18 smreferralsatt70 
disease_progression 
H-positive risk:  791 837 111 1048 345 100 1016 361 134 52 148 57 
H-negative risk:  837 791 1016 1048 361 345 100 111 148 134 57 52 
New BC onsets:  0
BC status:  4899 101 
BC subtype:  4899 82 19 

clinical_engagement 
diagnosis 
demography 
79 new agents 
13 dtreferralsatt13 smreferralsatt71 
disease_progression 
H-positive risk:  799 841 111 1042 343 101 1014 359 134 50 150 56 
H-negative risk:  841 799 1014 1042 359 343 101 111 150 134 56 50 
New BC onsets:  0
BC status:  4899 101 
BC subtype:  4899 82 19 

clinical_engagement 
diagnosis 
demography 
82 new agents 
7 dtreferralsatt7 smreferralsatt72 
disease_progression 
H-positive risk:  801 841 111 1043 343 99 1015 357 133 51 148 58 
H-negative risk:  841 801 1015 1043 357 343 99 111 148 133 58 51 
New BC onsets:  0
BC status:  4902 98 
BC subtype:  4902 80 18 

clinical_engagement 
diagnosis 
demography 
67 new agents 
13 dtreferralsatt13 smreferralsatt73 
disease_progression 
H-positive risk:  756 793 106 1094 337 93 1065 359 140 49 150 58 
H-negative risk:  793 756 1065 1094 359 337 93 106 150 140 58 49 
New BC onsets:  0
BC status:  4901 99 
BC subtype:  4901 82 17 

clinical_engagement 
diagnosis 
demography 
107 new agents 
15 dtreferralsatt15 smreferralsatt74 
disease_progression 
H-positive risk:  767 794 108 1082 343 93 1045 372 138 51 141 66 
H-negative risk:  794 767 1045 1082 372 343 93 108 141 138 66 51 
New BC onsets:  0
BC status:  4901 99 
BC subtype:  4901 82 17 

clinical_engagement 
diagnosis 
demography 
83 new agents 
12 dtreferralsatt12 smreferralsatt75 
disease_progression 
H-positive risk:  774 789 109 1084 343 91 1036 372 139 52 145 66 
H-negative risk:  789 774 1036 1084 372 343 91 109 145 139 66 52 
New BC onsets:  0
BC status:  4900 100 
BC subtype:  4900 83 17 

clinical_engagement 
diagnosis 
demography 
87 new agents 
8 dtreferralsatt8 smreferralsatt76 
disease_progression 
H-positive risk:  767 793 111 1089 337 93 1043 357 144 52 147 67 
H-negative risk:  793 767 1043 1089 357 337 93 111 147 144 67 52 
New BC onsets:  0
BC status:  4898 102 
BC subtype:  4898 85 17 

clinical_engagement 
diagnosis 
demography 
69 new agents 
5 dtreferralsatt5 smreferralsatt77 
disease_progression 
H-positive risk:  773 792 109 1085 333 94 1042 361 145 52 145 69 
H-negative risk:  792 773 1042 1085 361 333 94 109 145 145 69 52 
New BC onsets:  0
BC status:  4900 100 
BC subtype:  4900 82 18 

clinical_engagement 
diagnosis 
demography 
83 new agents 
9 dtreferralsatt9 smreferralsatt78 
disease_progression 
H-positive risk:  778 791 114 1089 329 95 1039 358 146 49 144 68 
H-negative risk:  791 778 1039 1089 358 329 95 114 144 146 68 49 
New BC onsets:  0
BC status:  4899 101 
BC subtype:  4899 83 18 

clinical_engagement 
diagnosis 
demography 
67 new agents 
10 dtreferralsatt10 smreferralsatt79 
disease_progression 
H-positive risk:  779 796 111 1083 336 95 1039 354 143 50 146 68 
H-negative risk:  796 779 1039 1083 354 336 95 111 146 143 68 50 
New BC onsets:  0
BC status:  4904 96 
BC subtype:  4904 78 18 

clinical_engagement 
diagnosis 
demography 
62 new agents 
13 dtreferralsatt13 smreferralsatt80 
disease_progression 
H-positive risk:  778 796 112 1082 338 93 1037 353 147 51 144 69 
H-negative risk:  796 778 1037 1082 353 338 93 112 144 147 69 51 
New BC onsets:  0
BC status:  4902 98 
BC subtype:  4902 81 17 

clinical_engagement 
diagnosis 
demography 
69 new agents 
17 dtreferralsatt17 smreferralsatt81 
disease_progression 
H-positive risk:  786 797 113 1077 344 95 1028 355 143 54 142 66 
H-negative risk:  797 786 1028 1077 355 344 95 113 142 143 66 54 
New BC onsets:  0
BC status:  4902 98 
BC subtype:  4902 81 17 

clinical_engagement 
diagnosis 
demography 
76 new agents 
5 dtreferralsatt5 smreferralsatt82 
disease_progression 
H-positive risk:  791 798 111 1069 345 97 1032 351 142 56 141 67 
H-negative risk:  798 791 1032 1069 351 345 97 111 141 142 67 56 
New BC onsets:  0
BC status:  4904 96 
BC subtype:  4904 80 16 

clinical_engagement 
diagnosis 
demography 
83 new agents 
15 dtreferralsatt15 smreferralsatt83 
disease_progression 
H-positive risk:  784 800 110 1067 345 95 1033 355 147 57 141 66 
H-negative risk:  800 784 1033 1067 355 345 95 110 141 147 66 57 
New BC onsets:  0
BC status:  4908 92 
BC subtype:  4908 77 15 

clinical_engagement 
diagnosis 
demography 
68 new agents 
13 dtreferralsatt13 smreferralsatt84 
disease_progression 
H-positive risk:  779 811 107 1060 342 94 1031 357 151 58 145 65 
H-negative risk:  811 779 1031 1060 357 342 94 107 145 151 65 58 
New BC onsets:  0
BC status:  4907 93 
BC subtype:  4907 77 16 

clinical_engagement 
diagnosis 
demography 
70 new agents 
6 dtreferralsatt6 smreferralsatt85 
disease_progression 
H-positive risk:  731 759 100 1104 343 88 1092 351 154 58 157 63 
H-negative risk:  759 731 1092 1104 351 343 88 100 157 154 63 58 
New BC onsets:  0
BC status:  4909 91 
BC subtype:  4909 74 17 

clinical_engagement 
diagnosis 
demography 
100 new agents 
14 dtreferralsatt14 smreferralsatt86 
disease_progression 
H-positive risk:  739 751 100 1097 355 88 1063 377 155 59 155 61 
H-negative risk:  751 739 1063 1097 377 355 88 100 155 155 61 59 
New BC onsets:  0
BC status:  4909 91 
BC subtype:  4909 74 17 

clinical_engagement 
diagnosis 
demography 
77 new agents 
15 dtreferralsatt15 smreferralsatt87 
disease_progression 
H-positive risk:  743 762 101 1079 364 88 1063 367 157 59 156 61 
H-negative risk:  762 743 1063 1079 367 364 88 101 156 157 61 59 
New BC onsets:  0
BC status:  4908 92 
BC subtype:  4908 77 15 

clinical_engagement 
diagnosis 
demography 
69 new agents 
13 dtreferralsatt13 smreferralsatt88 
disease_progression 
H-positive risk:  752 761 102 1071 358 90 1056 367 159 62 158 64 
H-negative risk:  761 752 1056 1071 367 358 90 102 158 159 64 62 
New BC onsets:  0
BC status:  4909 91 
BC subtype:  4909 76 15 

clinical_engagement 
diagnosis 
demography 
60 new agents 
8 dtreferralsatt8 smreferralsatt89 
disease_progression 
H-positive risk:  746 754 105 1078 359 90 1058 368 158 65 155 64 
H-negative risk:  754 746 1058 1078 368 359 90 105 155 158 64 65 
New BC onsets:  0
BC status:  4911 89 
BC subtype:  4911 74 15 

clinical_engagement 
diagnosis 
demography 
58 new agents 
7 dtreferralsatt7 smreferralsatt90 
disease_progression 
H-positive risk:  744 756 103 1079 367 92 1054 369 156 64 151 65 
H-negative risk:  756 744 1054 1079 369 367 92 103 151 156 65 64 
New BC onsets:  0
BC status:  4909 91 
BC subtype:  4909 76 15 

clinical_engagement 
diagnosis 
demography 
60 new agents 
16 dtreferralsatt16 smreferralsatt91 
disease_progression 
H-positive risk:  745 761 101 1071 372 92 1052 370 157 65 150 64 
H-negative risk:  761 745 1052 1071 370 372 92 101 150 157 64 65 
New BC onsets:  0
BC status:  4910 90 
BC subtype:  4910 75 15 

clinical_engagement 
diagnosis 
demography 
83 new agents 
16 dtreferralsatt16 smreferralsatt92 
disease_progression 
H-positive risk:  747 767 99 1075 374 91 1054 362 153 65 149 64 
H-negative risk:  767 747 1054 1075 362 374 91 99 149 153 64 65 
New BC onsets:  0
BC status:  4909 91 
BC subtype:  4909 77 14 

clinical_engagement 
diagnosis 
demography 
62 new agents 
10 dtreferralsatt10 smreferralsatt93 
disease_progression 
H-positive risk:  755 761 100 1074 375 90 1056 359 151 63 151 65 
H-negative risk:  761 755 1056 1074 359 375 90 100 151 151 65 63 
New BC onsets:  0
BC status:  4905 95 
BC subtype:  4905 81 14 

clinical_engagement 
diagnosis 
demography 
67 new agents 
11 dtreferralsatt11 smreferralsatt94 
disease_progression 
H-positive risk:  760 764 100 1071 377 90 1059 358 147 63 150 61 
H-negative risk:  764 760 1059 1071 358 377 90 100 150 147 61 63 
New BC onsets:  0
BC status:  4906 94 
BC subtype:  4906 80 14 

clinical_engagement 
diagnosis 
demography 
68 new agents 
11 dtreferralsatt11 smreferralsatt95 
disease_progression 
H-positive risk:  771 758 99 1070 379 92 1053 359 144 65 151 59 
H-negative risk:  758 771 1053 1070 359 379 92 99 151 144 59 65 
New BC onsets:  0
BC status:  4907 93 
BC subtype:  4907 79 14 

clinical_engagement 
diagnosis 
demography 
56 new agents 
5 dtreferralsatt5 smreferralsatt96 
disease_progression 
H-positive risk:  770 755 100 1074 373 94 1056 365 140 65 148 60 
H-negative risk:  755 770 1056 1074 365 373 94 100 148 140 60 65 
New BC onsets:  0
BC status:  4906 94 
BC subtype:  4906 80 14 

clinical_engagement 
diagnosis 
demography 
70 new agents 
11 dtreferralsatt11 smreferralsatt97 
disease_progression 
H-positive risk:  719 699 98 1129 374 90 1103 371 142 66 151 58 
H-negative risk:  699 719 1103 1129 371 374 90 98 151 142 58 66 
New BC onsets:  0
BC status:  4903 97 
BC subtype:  4903 83 14 

clinical_engagement 
diagnosis 
demography 
121 new agents 
11 dtreferralsatt11 smreferralsatt98 
disease_progression 
H-positive risk:  720 705 100 1117 393 89 1081 380 134 75 145 61 
H-negative risk:  705 720 1081 1117 380 393 89 100 145 134 61 75 
New BC onsets:  0
BC status:  4909 91 
BC subtype:  4909 77 14 

clinical_engagement 
diagnosis 
demography 
84 new agents 
6 dtreferralsatt6 smreferralsatt99 
disease_progression 
H-positive risk:  722 712 98 1115 386 90 1085 379 130 77 145 61 
H-negative risk:  712 722 1085 1115 379 386 90 98 145 130 61 77 
New BC onsets:  0
BC status:  4909 91 
BC subtype:  4909 75 16 

clinical_engagement 
diagnosis 
demography 
82 new agents 
13 dtreferralsatt13 smreferralsatt100 
disease_progression 
H-positive risk:  729 708 99 1115 388 90 1084 375 133 74 146 59 
H-negative risk:  708 729 1084 1115 375 388 90 99 146 133 59 74 
New BC onsets:  0
BC status:  4908 92 
BC subtype:  4908 76 16 

clinical_engagement 
diagnosis 
demography 
55 new agents 
9 dtreferralsatt9 smreferralsatt101 
disease_progression 
H-positive risk:  732 709 101 1111 386 90 1087 374 135 74 143 58 
H-negative risk:  709 732 1087 1111 374 386 90 101 143 135 58 74 
New BC onsets:  0
BC status:  4905 95 
BC subtype:  4905 77 18 

clinical_engagement 
diagnosis 
demography 
73 new agents 
13 dtreferralsatt13 smreferralsatt102 
disease_progression 
H-positive risk:  738 709 102 1106 391 89 1089 373 135 74 137 57 
H-negative risk:  709 738 1089 1106 373 391 89 102 137 135 57 74 
New BC onsets:  0
BC status:  4905 95 
BC subtype:  4905 77 18 

clinical_engagement 
diagnosis 
demography 
75 new agents 
7 dtreferralsatt7 smreferralsatt103 
disease_progression 
H-positive risk:  737 706 102 1110 391 94 1087 370 133 71 139 60 
H-negative risk:  706 737 1087 1110 370 391 94 102 139 133 60 71 
New BC onsets:  0
BC status:  4902 98 
BC subtype:  4902 80 18 

clinical_engagement 
diagnosis 
demography 
63 new agents 
7 dtreferralsatt7 smreferralsatt104 
disease_progression 
H-positive risk:  749 702 105 1105 392 94 1084 365 134 70 142 58 
H-negative risk:  702 749 1084 1105 365 392 94 105 142 134 58 70 
New BC onsets:  0
BC status:  4901 99 
BC subtype:  4901 81 18 

clinical_engagement 
diagnosis 
demography 
62 new agents 
8 dtreferralsatt8 smreferralsatt105 
disease_progression 
H-positive risk:  747 699 104 1107 388 94 1095 362 133 72 141 58 
H-negative risk:  699 747 1095 1107 362 388 94 104 141 133 58 72 
New BC onsets:  0
BC status:  4901 99 
BC subtype:  4901 82 17 

clinical_engagement 
diagnosis 
demography 
66 new agents 
10 dtreferralsatt10 smreferralsatt106 
disease_progression 
H-positive risk:  744 696 103 1117 386 93 1096 360 138 67 140 60 
H-negative risk:  696 744 1096 1117 360 386 93 103 140 138 60 67 
New BC onsets:  0
BC status:  4901 99 
BC subtype:  4901 82 17 

clinical_engagement 
diagnosis 
demography 
65 new agents 
7 dtreferralsatt7 smreferralsatt107 
disease_progression 
H-positive risk:  741 697 103 1121 383 92 1099 359 141 65 140 59 
H-negative risk:  697 741 1099 1121 359 383 92 103 140 141 59 65 
New BC onsets:  0
BC status:  4902 98 
BC subtype:  4902 79 19 

clinical_engagement 
diagnosis 
demography 
78 new agents 
9 dtreferralsatt9 smreferralsatt108 
disease_progression 
H-positive risk:  744 703 105 1119 383 91 1093 363 141 62 138 58 
H-negative risk:  703 744 1093 1119 363 383 91 105 138 141 58 62 
New BC onsets:  0
BC status:  4903 97 
BC subtype:  4903 80 17 

clinical_engagement 
diagnosis 
demography 
65 new agents 
9 dtreferralsatt9 smreferralsatt109 
disease_progression 
H-positive risk:  701 658 94 1165 382 89 1133 367 145 59 149 58 
H-negative risk:  658 701 1133 1165 367 382 89 94 149 145 58 59 
New BC onsets:  0
BC status:  4905 95 
BC subtype:  4905 78 17 

clinical_engagement 
diagnosis 
demography 
93 new agents 
14 dtreferralsatt14 smreferralsatt110 
disease_progression 
H-positive risk:  700 652 97 1159 390 90 1122 375 147 59 147 62 
H-negative risk:  652 700 1122 1159 375 390 90 97 147 147 62 59 
New BC onsets:  0
BC status:  4905 95 
BC subtype:  4905 78 17 

clinical_engagement 
diagnosis 
demography 
75 new agents 
10 dtreferralsatt10 smreferralsatt111 
disease_progression 
H-positive risk:  705 660 97 1153 392 89 1115 373 147 60 146 63 
H-negative risk:  660 705 1115 1153 373 392 89 97 146 147 63 60 
New BC onsets:  0
BC status:  4910 90 
BC subtype:  4910 76 14 

clinical_engagement 
diagnosis 
demography 
70 new agents 
17 dtreferralsatt17 smreferralsatt112 
disease_progression 
H-positive risk:  704 661 95 1155 389 87 1112 381 146 59 147 64 
H-negative risk:  661 704 1112 1155 381 389 87 95 147 146 64 59 
New BC onsets:  0
BC status:  4911 89 
BC subtype:  4911 78 11 

clinical_engagement 
diagnosis 
demography 
80 new agents 
12 dtreferralsatt12 smreferralsatt113 
disease_progression 
H-positive risk:  707 664 95 1157 384 87 1110 381 147 58 145 65 
H-negative risk:  664 707 1110 1157 381 384 87 95 145 147 65 58 
New BC onsets:  0
BC status:  4910 90 
BC subtype:  4910 78 12 

clinical_engagement 
diagnosis 
demography 
66 new agents 
16 dtreferralsatt16 smreferralsatt114 
disease_progression 
H-positive risk:  718 663 96 1153 389 87 1098 380 146 59 147 64 
H-negative risk:  663 718 1098 1153 380 389 87 96 147 146 64 59 
New BC onsets:  0
BC status:  4909 91 
BC subtype:  4909 80 11 

clinical_engagement 
diagnosis 
demography 
70 new agents 
10 dtreferralsatt10 smreferralsatt115 
disease_progression 
H-positive risk:  714 672 98 1152 386 88 1095 380 146 57 147 65 
H-negative risk:  672 714 1095 1152 380 386 88 98 147 146 65 57 
New BC onsets:  0
BC status:  4907 93 
BC subtype:  4907 82 11 

clinical_engagement 
diagnosis 
demography 
67 new agents 
16 dtreferralsatt16 smreferralsatt116 
disease_progression 
H-positive risk:  712 674 92 1150 384 87 1101 383 146 57 151 63 
H-negative risk:  674 712 1101 1150 383 384 87 92 151 146 63 57 
New BC onsets:  0
BC status:  4908 92 
BC subtype:  4908 80 12 

clinical_engagement 
diagnosis 
demography 
76 new agents 
8 dtreferralsatt8 smreferralsatt117 
disease_progression 
H-positive risk:  710 675 93 1141 383 90 1110 386 145 58 146 63 
H-negative risk:  675 710 1110 1141 386 383 90 93 146 145 63 58 
New BC onsets:  0
BC status:  4905 95 
BC subtype:  4905 83 12 

clinical_engagement 
diagnosis 
demography 
62 new agents 
6 dtreferralsatt6 smreferralsatt118 
disease_progression 
H-positive risk:  707 667 92 1153 385 91 1111 387 144 58 143 62 
H-negative risk:  667 707 1111 1153 387 385 91 92 143 144 62 58 
New BC onsets:  0
BC status:  4905 95 
BC subtype:  4905 83 12 

clinical_engagement 
diagnosis 
demography 
70 new agents 
11 dtreferralsatt11 smreferralsatt119 
disease_progression 
H-positive risk:  716 667 95 1147 385 92 1114 380 141 57 144 62 
H-negative risk:  667 716 1114 1147 380 385 92 95 144 141 62 57 
New BC onsets:  0
BC status:  4905 95 
BC subtype:  4905 83 12 

clinical_engagement 
diagnosis 
demography 
61 new agents 
11 dtreferralsatt11 smreferralsatt120 
disease_progression 
H-positive risk:  714 665 97 1141 392 91 1109 382 140 58 147 64 
H-negative risk:  665 714 1109 1141 382 392 91 97 147 140 64 58 
New BC onsets:  0
BC status:  4902 98 
BC subtype:  4902 86 12 

clinical_engagement 
diagnosis 
demography 
62 new agents 
9 dtreferralsatt9 smreferralsatt121 
disease_progression 
H-positive risk:  683 630 93 1180 387 87 1141 381 143 58 154 63 
H-negative risk:  630 683 1141 1180 381 387 87 93 154 143 63 58 
New BC onsets:  0
BC status:  4905 95 
BC subtype:  4905 83 12 

clinical_engagement 
diagnosis 
demography 
89 new agents 
14 dtreferralsatt14 smreferralsatt122 
disease_progression 
H-positive risk:  681 638 92 1166 396 86 1122 395 146 56 154 68 
H-negative risk:  638 681 1122 1166 395 396 86 92 154 146 68 56 
New BC onsets:  0
BC status:  4903 97 
BC subtype:  4903 84 13 

clinical_engagement 
diagnosis 
demography 
70 new agents 
7 dtreferralsatt7 smreferralsatt123 
disease_progression 
H-positive risk:  671 638 94 1166 397 84 1125 401 147 56 154 67 
H-negative risk:  638 671 1125 1166 401 397 84 94 154 147 67 56 
New BC onsets:  0
BC status:  4902 98 
BC subtype:  4902 84 14 

clinical_engagement 
diagnosis 
demography 
79 new agents 
6 dtreferralsatt6 smreferralsatt124 
disease_progression 
H-positive risk:  678 641 92 1156 394 85 1130 402 146 57 154 65 
H-negative risk:  641 678 1130 1156 402 394 85 92 154 146 65 57 
New BC onsets:  0
BC status:  4904 96 
BC subtype:  4904 82 14 

clinical_engagement 
diagnosis 
demography 
81 new agents 
10 dtreferralsatt10 smreferralsatt125 
disease_progression 
H-positive risk:  675 642 96 1159 391 87 1135 396 146 54 154 65 
H-negative risk:  642 675 1135 1159 396 391 87 96 154 146 65 54 
New BC onsets:  0
BC status:  4901 99 
BC subtype:  4901 85 14 

clinical_engagement 
diagnosis 
demography 
75 new agents 
8 dtreferralsatt8 smreferralsatt126 
disease_progression 
H-positive risk:  674 644 94 1150 389 88 1139 404 143 55 151 69 
H-negative risk:  644 674 1139 1150 404 389 88 94 151 143 69 55 
New BC onsets:  0
BC status:  4900 100 
BC subtype:  4900 86 14 

clinical_engagement 
diagnosis 
demography 
64 new agents 
15 dtreferralsatt15 smreferralsatt127 
disease_progression 
H-positive risk:  674 648 95 1151 395 88 1134 397 144 55 152 67 
H-negative risk:  648 674 1134 1151 397 395 88 95 152 144 67 55 
New BC onsets:  0
BC status:  4899 101 
BC subtype:  4899 87 14 

clinical_engagement 
diagnosis 
demography 
70 new agents 
10 dtreferralsatt10 smreferralsatt128 
disease_progression 
H-positive risk:  678 649 95 1145 397 92 1137 394 146 53 151 63 
H-negative risk:  649 678 1137 1145 394 397 92 95 151 146 63 53 
New BC onsets:  0
BC status:  4896 104 
BC subtype:  4896 88 16 

clinical_engagement 
diagnosis 
demography 
66 new agents 
11 dtreferralsatt11 smreferralsatt129 
disease_progression 
H-positive risk:  682 645 93 1143 401 89 1134 394 153 54 148 64 
H-negative risk:  645 682 1134 1143 394 401 89 93 148 153 64 54 
New BC onsets:  0
BC status:  4893 107 
BC subtype:  4893 86 21 

clinical_engagement 
diagnosis 
demography 
76 new agents 
7 dtreferralsatt7 smreferralsatt130 
disease_progression 
H-positive risk:  687 654 94 1141 404 90 1131 379 153 56 147 64 
H-negative risk:  654 687 1131 1141 379 404 90 94 147 153 64 56 
New BC onsets:  0
BC status:  4890 110 
BC subtype:  4890 89 21 

clinical_engagement 
diagnosis 
demography 
77 new agents 
11 dtreferralsatt11 smreferralsatt131 
disease_progression 
H-positive risk:  677 658 99 1142 393 89 1140 383 154 54 146 65 
H-negative risk:  658 677 1140 1142 383 393 89 99 146 154 65 54 
New BC onsets:  0
BC status:  4890 110 
BC subtype:  4890 88 22 

clinical_engagement 
diagnosis 
demography 
67 new agents 
11 dtreferralsatt11 smreferralsatt132 
disease_progression 
H-positive risk:  667 663 100 1152 394 86 1136 380 157 52 149 64 
H-negative risk:  663 667 1136 1152 380 394 86 100 149 157 64 52 
New BC onsets:  0
BC status:  4888 112 
BC subtype:  4888 90 22 

clinical_engagement 
diagnosis 
demography 
80 new agents 
11 dtreferralsatt11 smreferralsatt133 
disease_progression 
H-positive risk:  683 658 96 1155 396 88 1128 374 157 52 153 60 
H-negative risk:  658 683 1128 1155 374 396 88 96 153 157 60 52 
New BC onsets:  0
BC status:  4888 112 
BC subtype:  4888 90 22 

clinical_engagement 
diagnosis 
demography 
75 new agents 
10 dtreferralsatt10 smreferralsatt134 
disease_progression 
H-positive risk:  677 652 95 1154 409 88 1130 378 154 52 154 57 
H-negative risk:  652 677 1130 1154 378 409 88 95 154 154 57 52 
New BC onsets:  0
BC status:  4886 114 
BC subtype:  4886 92 22 

clinical_engagement 
diagnosis 
demography 
77 new agents 
8 dtreferralsatt8 smreferralsatt135 
disease_progression 
H-positive risk:  682 664 99 1139 413 87 1120 377 151 53 156 59 
H-negative risk:  664 682 1120 1139 377 413 87 99 156 151 59 53 
New BC onsets:  0
BC status:  4888 112 
BC subtype:  4888 89 23 

clinical_engagement 
diagnosis 
demography 
72 new agents 
6 dtreferralsatt6 smreferralsatt136 
disease_progression 
H-positive risk:  679 668 104 1137 415 88 1113 375 152 52 158 59 
H-negative risk:  668 679 1113 1137 375 415 88 104 158 152 59 52 
New BC onsets:  0
BC status:  4892 108 
BC subtype:  4892 87 21 

clinical_engagement 
diagnosis 
demography 
72 new agents 
13 dtreferralsatt13 smreferralsatt137 
disease_progression 
H-positive risk:  683 668 102 1140 404 90 1120 369 151 54 160 59 
H-negative risk:  668 683 1120 1140 369 404 90 102 160 151 59 54 
New BC onsets:  0
BC status:  4893 107 
BC subtype:  4893 85 22 

clinical_engagement 
diagnosis 
demography 
87 new agents 
13 dtreferralsatt13 smreferralsatt138 
disease_progression 
H-positive risk:  689 675 99 1142 407 91 1109 367 149 56 162 54 
H-negative risk:  675 689 1109 1142 367 407 91 99 162 149 54 56 
New BC onsets:  0
BC status:  4897 103 
BC subtype:  4897 82 21 

clinical_engagement 
diagnosis 
demography 
93 new agents 
8 dtreferralsatt8 smreferralsatt139 
disease_progression 
H-positive risk:  699 681 101 1133 399 90 1103 377 149 56 161 51 
H-negative risk:  681 699 1103 1133 377 399 90 101 161 149 51 56 
New BC onsets:  0
BC status:  4898 102 
BC subtype:  4898 84 18 

clinical_engagement 
diagnosis 
demography 
73 new agents 
11 dtreferralsatt11 smreferralsatt140 
disease_progression 
H-positive risk:  700 698 104 1130 396 88 1091 374 151 55 160 53 
H-negative risk:  698 700 1091 1130 374 396 88 104 160 151 53 55 
New BC onsets:  0
BC status:  4897 103 
BC subtype:  4897 83 20 

clinical_engagement 
diagnosis 
demography 
74 new agents 
15 dtreferralsatt15 smreferralsatt141 
disease_progression 
H-positive risk:  692 691 102 1132 402 90 1096 375 152 53 161 54 
H-negative risk:  691 692 1096 1132 375 402 90 102 161 152 54 53 
New BC onsets:  0
BC status:  4899 101 
BC subtype:  4899 81 20 

clinical_engagement 
diagnosis 
demography 
80 new agents 
15 dtreferralsatt15 smreferralsatt142 
disease_progression 
H-positive risk:  688 694 102 1131 404 91 1095 374 152 53 159 57 
H-negative risk:  694 688 1095 1131 374 404 91 102 159 152 57 53 
New BC onsets:  0
BC status:  4900 100 
BC subtype:  4900 81 19 

clinical_engagement 
diagnosis 
demography 
71 new agents 
11 dtreferralsatt11 smreferralsatt143 
disease_progression 
H-positive risk:  683 694 101 1133 398 92 1103 376 154 50 159 57 
H-negative risk:  694 683 1103 1133 376 398 92 101 159 154 57 50 
New BC onsets:  0
BC status:  4901 99 
BC subtype:  4901 79 20 

clinical_engagement 
diagnosis 
demography 
70 new agents 
17 dtreferralsatt17 smreferralsatt144 
disease_progression 
H-positive risk:  687 696 100 1128 396 91 1105 372 153 51 162 59 
H-negative risk:  696 687 1105 1128 372 396 91 100 162 153 59 51 
New BC onsets:  0
BC status:  4898 102 
BC subtype:  4898 82 20 

clinical_engagement 
diagnosis 
demography 
68 new agents 
11 dtreferralsatt11 smreferralsatt145 
disease_progression 
H-positive risk:  676 692 98 1135 393 91 1110 377 157 49 163 59 
H-negative risk:  692 676 1110 1135 377 393 91 98 163 157 59 49 
New BC onsets:  0
BC status:  4899 101 
BC subtype:  4899 82 19 

clinical_engagement 
diagnosis 
demography 
89 new agents 
9 dtreferralsatt9 smreferralsatt146 
disease_progression 
H-positive risk:  670 693 99 1126 404 93 1109 378 155 53 159 61 
H-negative risk:  693 670 1109 1126 378 404 93 99 159 155 61 53 
New BC onsets:  0
BC status:  4896 104 
BC subtype:  4896 85 19 

clinical_engagement 
diagnosis 
demography 
62 new agents 
9 dtreferralsatt9 smreferralsatt147 
disease_progression 
H-positive risk:  665 689 102 1128 406 93 1110 379 158 53 157 60 
H-negative risk:  689 665 1110 1128 379 406 93 102 157 158 60 53 
New BC onsets:  0
BC status:  4898 102 
BC subtype:  4898 83 19 

clinical_engagement 
diagnosis 
demography 
71 new agents 
13 dtreferralsatt13 smreferralsatt148 
disease_progression 
H-positive risk:  668 686 103 1139 400 96 1107 372 158 52 154 65 
H-negative risk:  686 668 1107 1139 372 400 96 103 154 158 65 52 
New BC onsets:  0
BC status:  4898 102 
BC subtype:  4898 83 19 

clinical_engagement 
diagnosis 
demography 
68 new agents 
6 dtreferralsatt6 smreferralsatt149 
disease_progression 
H-positive risk:  663 685 100 1132 412 98 1108 373 160 50 153 66 
H-negative risk:  685 663 1108 1132 373 412 98 100 153 160 66 50 
New BC onsets:  0
BC status:  4894 106 
BC subtype:  4894 86 20 

clinical_engagement 
diagnosis 
demography 
62 new agents 
13 dtreferralsatt13 smreferralsatt150 
disease_progression 
H-positive risk:  657 689 101 1129 416 98 1110 376 153 51 149 71 
H-negative risk:  689 657 1110 1129 376 416 98 101 149 153 71 51 
New BC onsets:  0
BC status:  4896 104 
BC subtype:  4896 84 20 

clinical_engagement 
diagnosis 
demography 
91 new agents 
10 dtreferralsatt10 smreferralsatt151 
disease_progression 
H-positive risk:  658 694 101 1130 423 97 1107 365 155 49 150 71 
H-negative risk:  694 658 1107 1130 365 423 97 101 150 155 71 49 
New BC onsets:  0
BC status:  4893 107 
BC subtype:  4893 87 20 

clinical_engagement 
diagnosis 
demography 
79 new agents 
20 dtreferralsatt20 smreferralsatt152 
disease_progression 
H-positive risk:  663 697 102 1131 424 99 1095 370 150 50 150 69 
H-negative risk:  697 663 1095 1131 370 424 99 102 150 150 69 50 
New BC onsets:  0
BC status:  4897 103 
BC subtype:  4897 83 20 

clinical_engagement 
diagnosis 
demography 
80 new agents 
10 dtreferralsatt10 smreferralsatt153 
disease_progression 
H-positive risk:  665 699 104 1115 421 103 1105 371 154 48 146 69 
H-negative risk:  699 665 1105 1115 371 421 103 104 146 154 69 48 
New BC onsets:  0
BC status:  4895 105 
BC subtype:  4895 83 22 

clinical_engagement 
diagnosis 
demography 
73 new agents 
7 dtreferralsatt7 smreferralsatt154 
disease_progression 
H-positive risk:  665 698 104 1117 425 103 1096 370 156 50 145 71 
H-negative risk:  698 665 1096 1117 370 425 103 104 145 156 71 50 
New BC onsets:  0
BC status:  4898 102 
BC subtype:  4898 81 21 

clinical_engagement 
diagnosis 
demography 
89 new agents 
10 dtreferralsatt10 smreferralsatt155 
disease_progression 
H-positive risk:  666 700 102 1117 421 101 1093 378 160 48 143 71 
H-negative risk:  700 666 1093 1117 378 421 101 102 143 160 71 48 
New BC onsets:  0
BC status:  4901 99 
BC subtype:  4901 78 21 

clinical_engagement 
diagnosis 
demography 
67 new agents 
11 dtreferralsatt11 smreferralsatt156 
disease_progression 
H-positive risk:  668 700 102 1111 423 101 1089 382 159 49 147 69 
H-negative risk:  700 668 1089 1111 382 423 101 102 147 159 69 49 
New BC onsets:  0
BC status:  4901 99 
BC subtype:  4901 79 20 

clinical_engagement 
diagnosis 
demography 
85 new agents 
9 dtreferralsatt9 smreferralsatt157 
disease_progression 
H-positive risk:  681 705 100 1097 429 100 1081 389 160 48 145 65 
H-negative risk:  705 681 1081 1097 389 429 100 100 145 160 65 48 
New BC onsets:  0
BC status:  4904 96 
BC subtype:  4904 77 19 

clinical_engagement 
diagnosis 
demography 
96 new agents 
12 dtreferralsatt12 smreferralsatt158 
disease_progression 
H-positive risk:  686 695 98 1102 431 102 1076 397 162 47 144 60 
H-negative risk:  695 686 1076 1102 397 431 102 98 144 162 60 47 
New BC onsets:  0
BC status:  4902 98 
BC subtype:  4902 79 19 

clinical_engagement 
diagnosis 
demography 
66 new agents 
13 dtreferralsatt13 smreferralsatt159 
disease_progression 
H-positive risk:  685 692 100 1102 429 104 1076 401 155 48 147 61 
H-negative risk:  692 685 1076 1102 401 429 104 100 147 155 61 48 
New BC onsets:  0
BC status:  4903 97 
BC subtype:  4903 80 17 

clinical_engagement 
diagnosis 
demography 
73 new agents 
7 dtreferralsatt7 smreferralsatt160 
disease_progression 
H-positive risk:  682 689 100 1113 419 102 1082 402 157 49 146 59 
H-negative risk:  689 682 1082 1113 402 419 102 100 146 157 59 49 
New BC onsets:  0
BC status:  4902 98 
BC subtype:  4902 81 17 

clinical_engagement 
diagnosis 
demography 
67 new agents 
17 dtreferralsatt17 smreferralsatt161 
disease_progression 
H-positive risk:  673 691 98 1110 423 99 1089 404 159 52 147 55 
H-negative risk:  691 673 1089 1110 404 423 99 98 147 159 55 52 
New BC onsets:  0
BC status:  4896 104 
BC subtype:  4896 87 17 

clinical_engagement 
diagnosis 
demography 
71 new agents 
9 dtreferralsatt9 smreferralsatt162 
disease_progression 
H-positive risk:  672 695 98 1112 415 98 1086 409 159 55 143 58 
H-negative risk:  695 672 1086 1112 409 415 98 98 143 159 58 55 
New BC onsets:  0
BC status:  4895 105 
BC subtype:  4895 88 17 

clinical_engagement 
diagnosis 
demography 
78 new agents 
12 dtreferralsatt12 smreferralsatt163 
disease_progression 
H-positive risk:  669 700 99 1114 414 97 1079 416 160 54 142 56 
H-negative risk:  700 669 1079 1114 416 414 97 99 142 160 56 54 
New BC onsets:  0
BC status:  4897 103 
BC subtype:  4897 86 17 

clinical_engagement 
diagnosis 
demography 
77 new agents 
11 dtreferralsatt11 smreferralsatt164 
disease_progression 
H-positive risk:  667 696 100 1113 417 96 1082 415 163 51 142 58 
H-negative risk:  696 667 1082 1113 415 417 96 100 142 163 58 51 
New BC onsets:  0
BC status:  4897 103 
BC subtype:  4897 88 15 

clinical_engagement 
diagnosis 
demography 
61 new agents 
10 dtreferralsatt10 smreferralsatt165 
disease_progression 
H-positive risk:  667 690 99 1109 421 97 1089 411 163 53 140 61 
H-negative risk:  690 667 1089 1109 411 421 97 99 140 163 61 53 
New BC onsets:  0
BC status:  4897 103 
BC subtype:  4897 88 15 

clinical_engagement 
diagnosis 
demography 
68 new agents 
6 dtreferralsatt6 smreferralsatt166 
disease_progression 
H-positive risk:  671 680 100 1114 421 96 1092 412 164 52 136 62 
H-negative risk:  680 671 1092 1114 412 421 96 100 136 164 62 52 
New BC onsets:  0
BC status:  4896 104 
BC subtype:  4896 88 16 

clinical_engagement 
diagnosis 
demography 
73 new agents 
12 dtreferralsatt12 smreferralsatt167 
disease_progression 
H-positive risk:  666 675 102 1114 419 97 1103 411 163 51 138 61 
H-negative risk:  675 666 1103 1114 411 419 97 102 138 163 61 51 
New BC onsets:  0
BC status:  4895 105 
BC subtype:  4895 90 15 

clinical_engagement 
diagnosis 
demography 
66 new agents 
10 dtreferralsatt10 smreferralsatt168 
disease_progression 
H-positive risk:  668 680 103 1114 415 100 1102 405 161 52 135 65 
H-negative risk:  680 668 1102 1114 405 415 100 103 135 161 65 52 
New BC onsets:  0
BC status:  4895 105 
BC subtype:  4895 90 15 

clinical_engagement 
diagnosis 
demography 
73 new agents 
22 dtreferralsatt22 smreferralsatt169 
disease_progression 
H-positive risk:  671 675 103 1123 417 102 1105 398 157 54 131 64 
H-negative risk:  675 671 1105 1123 398 417 102 103 131 157 64 54 
New BC onsets:  0
BC status:  4898 102 
BC subtype:  4898 87 15 

clinical_engagement 
diagnosis 
demography 
71 new agents 
9 dtreferralsatt9 smreferralsatt170 
disease_progression 
H-positive risk:  671 673 104 1118 425 99 1088 406 159 58 135 64 
H-negative risk:  673 671 1088 1118 406 425 99 104 135 159 64 58 
New BC onsets:  0
BC status:  4896 104 
BC subtype:  4896 89 15 

clinical_engagement 
diagnosis 
demography 
92 new agents 
4 dtreferralsatt4 smreferralsatt171 
disease_progression 
H-positive risk:  675 671 105 1121 429 99 1098 395 157 55 132 63 
H-negative risk:  671 675 1098 1121 395 429 99 105 132 157 63 55 
New BC onsets:  0
BC status:  4888 112 
BC subtype:  4888 91 21 

clinical_engagement 
diagnosis 
demography 
90 new agents 
3 dtreferralsatt3 smreferralsatt172 
disease_progression 
H-positive risk:  675 669 106 1118 431 101 1096 398 155 56 130 65 
H-negative risk:  669 675 1096 1118 398 431 101 106 130 155 65 56 
New BC onsets:  0
BC status:  4891 109 
BC subtype:  4891 88 21 

clinical_engagement 
diagnosis 
demography 
69 new agents 
12 dtreferralsatt12 smreferralsatt173 
disease_progression 
H-positive risk:  679 670 107 1116 428 101 1086 403 158 55 133 64 
H-negative risk:  670 679 1086 1116 403 428 101 107 133 158 64 55 
New BC onsets:  0
BC status:  4890 110 
BC subtype:  4890 89 21 

clinical_engagement 
diagnosis 
demography 
70 new agents 
7 dtreferralsatt7 smreferralsatt174 
disease_progression 
H-positive risk:  673 665 108 1132 432 101 1087 396 156 54 132 64 
H-negative risk:  665 673 1087 1132 396 432 101 108 132 156 64 54 
New BC onsets:  0
BC status:  4890 110 
BC subtype:  4890 88 22 

clinical_engagement 
diagnosis 
demography 
86 new agents 
12 dtreferralsatt12 smreferralsatt175 
disease_progression 
H-positive risk:  666 671 107 1126 438 100 1096 388 157 54 133 64 
H-negative risk:  671 666 1096 1126 388 438 100 107 133 157 64 54 
New BC onsets:  0
BC status:  4891 109 
BC subtype:  4891 87 22 

clinical_engagement 
diagnosis 
demography 
69 new agents 
17 dtreferralsatt17 smreferralsatt176 
disease_progression 
H-positive risk:  661 668 111 1132 433 101 1098 392 154 55 132 63 
H-negative risk:  668 661 1098 1132 392 433 101 111 132 154 63 55 
New BC onsets:  0
BC status:  4892 108 
BC subtype:  4892 86 22 

clinical_engagement 
diagnosis 
demography 
78 new agents 
14 dtreferralsatt14 smreferralsatt177 
disease_progression 
H-positive risk:  653 670 113 1129 437 101 1105 384 157 55 133 63 
H-negative risk:  670 653 1105 1129 384 437 101 113 133 157 63 55 
New BC onsets:  0
BC status:  4892 108 
BC subtype:  4892 86 22 

clinical_engagement 
diagnosis 
demography 
75 new agents 
7 dtreferralsatt7 smreferralsatt178 
disease_progression 
H-positive risk:  647 671 112 1126 439 103 1103 387 160 54 135 63 
H-negative risk:  671 647 1103 1126 387 439 103 112 135 160 63 54 
New BC onsets:  0
BC status:  4893 107 
BC subtype:  4893 84 23 

clinical_engagement 
diagnosis 
demography 
92 new agents 
11 dtreferralsatt11 smreferralsatt179 
disease_progression 
H-positive risk:  647 671 110 1125 442 105 1109 382 163 53 130 63 
H-negative risk:  671 647 1109 1125 382 442 105 110 130 163 63 53 
New BC onsets:  0
BC status:  4894 106 
BC subtype:  4894 84 22 

clinical_engagement 
diagnosis 
demography 
88 new agents 
8 dtreferralsatt8 smreferralsatt180 
disease_progression 
H-positive risk:  649 674 110 1134 434 103 1103 384 162 54 130 63 
H-negative risk:  674 649 1103 1134 384 434 103 110 130 162 63 54 
New BC onsets:  0
BC status:  4893 107 
BC subtype:  4893 85 22 

clinical_engagement 
diagnosis 
demography 
74 new agents 
13 dtreferralsatt13 smreferralsatt181 
disease_progression 
H-positive risk:  647 678 111 1131 430 104 1106 390 161 51 131 60 
H-negative risk:  678 647 1106 1131 390 430 104 111 131 161 60 51 
New BC onsets:  0
BC status:  4896 104 
BC subtype:  4896 83 21 

clinical_engagement 
diagnosis 
demography 
82 new agents 
10 dtreferralsatt10 smreferralsatt182 
disease_progression 
H-positive risk:  641 671 114 1124 441 105 1092 402 161 53 132 64 
H-negative risk:  671 641 1092 1124 402 441 105 114 132 161 64 53 
New BC onsets:  0
BC status:  4897 103 
BC subtype:  4897 83 20 

clinical_engagement 
diagnosis 
demography 
74 new agents 
19 dtreferralsatt19 smreferralsatt183 
disease_progression 
H-positive risk:  647 671 112 1114 443 107 1090 405 160 55 131 65 
H-negative risk:  671 647 1090 1114 405 443 107 112 131 160 65 55 
New BC onsets:  0
BC status:  4896 104 
BC subtype:  4896 82 22 

clinical_engagement 
diagnosis 
demography 
77 new agents 
12 dtreferralsatt12 smreferralsatt184 
disease_progression 
H-positive risk:  644 670 112 1110 441 109 1096 404 159 57 132 66 
H-negative risk:  670 644 1096 1110 404 441 109 112 132 159 66 57 
New BC onsets:  0
BC status:  4897 103 
BC subtype:  4897 82 21 

clinical_engagement 
diagnosis 
demography 
74 new agents 
8 dtreferralsatt8 smreferralsatt185 
disease_progression 
H-positive risk:  654 660 111 1115 451 107 1089 403 158 53 136 63 
H-negative risk:  660 654 1089 1115 403 451 107 111 136 158 63 53 
New BC onsets:  0
BC status:  4895 105 
BC subtype:  4895 85 20 

clinical_engagement 
diagnosis 
demography 
67 new agents 
12 dtreferralsatt12 smreferralsatt186 
disease_progression 
H-positive risk:  651 656 111 1113 449 110 1100 399 160 53 134 64 
H-negative risk:  656 651 1100 1113 399 449 110 111 134 160 64 53 
New BC onsets:  0
BC status:  4897 103 
BC subtype:  4897 83 20 

clinical_engagement 
diagnosis 
demography 
73 new agents 
6 dtreferralsatt6 smreferralsatt187 
disease_progression 
H-positive risk:  653 656 107 1117 452 109 1092 403 162 50 136 63 
H-negative risk:  656 653 1092 1117 403 452 109 107 136 162 63 50 
New BC onsets:  0
BC status:  4894 106 
BC subtype:  4894 87 19 

clinical_engagement 
diagnosis 
demography 
64 new agents 
10 dtreferralsatt10 smreferralsatt188 
disease_progression 
H-positive risk:  648 653 106 1122 446 110 1096 400 164 50 139 66 
H-negative risk:  653 648 1096 1122 400 446 110 106 139 164 66 50 
New BC onsets:  0
BC status:  4892 108 
BC subtype:  4892 89 19 

clinical_engagement 
diagnosis 
demography 
87 new agents 
13 dtreferralsatt13 smreferralsatt189 
disease_progression 
H-positive risk:  652 657 104 1125 447 110 1093 399 161 50 140 62 
H-negative risk:  657 652 1093 1125 399 447 110 104 140 161 62 50 
New BC onsets:  0
BC status:  4893 107 
BC subtype:  4893 89 18 

clinical_engagement 
diagnosis 
demography 
77 new agents 
10 dtreferralsatt10 smreferralsatt190 
disease_progression 
H-positive risk:  654 666 108 1114 446 110 1085 404 162 50 140 61 
H-negative risk:  666 654 1085 1114 404 446 110 108 140 162 61 50 
New BC onsets:  0
BC status:  4893 107 
BC subtype:  4893 89 18 

clinical_engagement 
diagnosis 
demography 
79 new agents 
10 dtreferralsatt10 smreferralsatt191 
disease_progression 
H-positive risk:  646 654 108 1115 454 113 1091 405 159 52 141 62 
H-negative risk:  654 646 1091 1115 405 454 113 108 141 159 62 52 
New BC onsets:  0
BC status:  4892 108 
BC subtype:  4892 90 18 

clinical_engagement 
diagnosis 
demography 
79 new agents 
11 dtreferralsatt11 smreferralsatt192 
disease_progression 
H-positive risk:  650 652 109 1119 447 111 1093 402 161 53 140 63 
H-negative risk:  652 650 1093 1119 402 447 111 109 140 161 63 53 
New BC onsets:  0
BC status:  4892 108 
BC subtype:  4892 90 18 

clinical_engagement 
diagnosis 
demography 
72 new agents 
8 dtreferralsatt8 smreferralsatt193 
disease_progression 
H-positive risk:  658 654 111 1116 451 110 1087 397 166 50 139 61 
H-negative risk:  654 658 1087 1116 397 451 110 111 139 166 61 50 
New BC onsets:  0
BC status:  4894 106 
BC subtype:  4894 88 18 

clinical_engagement 
diagnosis 
demography 
87 new agents 
10 dtreferralsatt10 smreferralsatt194 
disease_progression 
H-positive risk:  652 648 112 1110 455 112 1086 404 166 54 142 59 
H-negative risk:  648 652 1086 1110 404 455 112 112 142 166 59 54 
New BC onsets:  0
BC status:  4895 105 
BC subtype:  4895 87 18 

clinical_engagement 
diagnosis 
demography 
76 new agents 
11 dtreferralsatt11 smreferralsatt195 
disease_progression 
H-positive risk:  643 647 112 1115 458 111 1090 401 168 51 144 60 
H-negative risk:  647 643 1090 1115 401 458 111 112 144 168 60 51 
New BC onsets:  0
BC status:  4895 105 
BC subtype:  4895 87 18 

clinical_engagement 
diagnosis 
demography 
73 new agents 
9 dtreferralsatt9 smreferralsatt196 
disease_progression 
H-positive risk:  638 651 109 1112 455 110 1087 408 168 56 143 63 
H-negative risk:  651 638 1087 1112 408 455 110 109 143 168 63 56 
New BC onsets:  0
BC status:  4892 108 
BC subtype:  4892 90 18 

clinical_engagement 
diagnosis 
demography 
88 new agents 
5 dtreferralsatt5 smreferralsatt197 
disease_progression 
H-positive risk:  638 647 108 1126 460 112 1080 401 168 56 143 61 
H-negative risk:  647 638 1080 1126 401 460 112 108 143 168 61 56 
New BC onsets:  0
BC status:  4891 109 
BC subtype:  4891 92 17 

clinical_engagement 
diagnosis 
demography 
76 new agents 
14 dtreferralsatt14 smreferralsatt198 
disease_progression 
H-positive risk:  645 648 107 1126 455 114 1079 396 168 58 143 61 
H-negative risk:  648 645 1079 1126 396 455 114 107 143 168 61 58 
New BC onsets:  0
BC status:  4892 108 
BC subtype:  4892 91 17 

clinical_engagement 
diagnosis 
demography 
85 new agents 
10 dtreferralsatt10 smreferralsatt199 
disease_progression 
H-positive risk:  651 640 108 1128 455 111 1085 388 169 60 143 62 
H-negative risk:  640 651 1085 1128 388 455 111 108 143 169 62 60 
New BC onsets:  0
BC status:  4893 107 
BC subtype:  4893 90 17 

clinical_engagement 
diagnosis 
demography 
82 new agents 
13 dtreferralsatt13 smreferralsatt200 
disease_progression 
H-positive risk:  655 643 108 1117 455 109 1090 393 170 57 146 57 
H-negative risk:  643 655 1090 1117 393 455 109 108 146 170 57 57 
New BC onsets:  0
BC status:  4898 102 
BC subtype:  4898 85 17 

clinical_engagement 
diagnosis 
demography 
91 new agents 
10 dtreferralsatt10 smreferralsatt201 
disease_progression 
H-positive risk:  659 640 104 1114 458 109 1087 394 169 58 149 59 
H-negative risk:  640 659 1087 1114 394 458 109 104 149 169 59 58 
New BC onsets:  0
BC status:  4898 102 
BC subtype:  4898 86 16 

clinical_engagement 
diagnosis 
demography 
77 new agents 
13 dtreferralsatt13 smreferralsatt202 
disease_progression 
H-positive risk:  657 647 104 1111 449 107 1094 390 172 57 151 61 
H-negative risk:  647 657 1094 1111 390 449 107 104 151 172 61 57 
New BC onsets:  0
BC status:  4893 107 
BC subtype:  4893 90 17 

clinical_engagement 
diagnosis 
demography 
82 new agents 
9 dtreferralsatt9 smreferralsatt203 
disease_progression 
H-positive risk:  649 650 104 1116 447 106 1097 391 174 59 150 57 
H-negative risk:  650 649 1097 1116 391 447 106 104 150 174 57 59 
New BC onsets:  0
BC status:  4894 106 
BC subtype:  4894 89 17 

clinical_engagement 
diagnosis 
demography 
76 new agents 
13 dtreferralsatt13 smreferralsatt204 
disease_progression 
H-positive risk:  651 653 103 1113 446 106 1097 391 170 62 152 56 
H-negative risk:  653 651 1097 1113 391 446 106 103 152 170 56 62 
New BC onsets:  0
BC status:  4893 107 
BC subtype:  4893 90 17 

clinical_engagement 
diagnosis 
demography 
77 new agents 
8 dtreferralsatt8 smreferralsatt205 
disease_progression 
H-positive risk:  648 652 103 1110 443 105 1107 395 168 63 150 56 
H-negative risk:  652 648 1107 1110 395 443 105 103 150 168 56 63 
New BC onsets:  0
BC status:  4894 106 
BC subtype:  4894 88 18 

clinical_engagement 
diagnosis 
demography 
67 new agents 
5 dtreferralsatt5 smreferralsatt206 
disease_progression 
H-positive risk:  648 658 102 1099 452 103 1093 402 169 67 151 56 
H-negative risk:  658 648 1093 1099 402 452 103 102 151 169 56 67 
New BC onsets:  0
BC status:  4893 107 
BC subtype:  4893 88 19 

clinical_engagement 
diagnosis 
demography 
96 new agents 
9 dtreferralsatt9 smreferralsatt207 
disease_progression 
H-positive risk:  648 658 101 1100 441 101 1091 410 174 68 151 57 
H-negative risk:  658 648 1091 1100 410 441 101 101 151 174 57 68 
New BC onsets:  0
BC status:  4891 109 
BC subtype:  4891 89 20 

clinical_engagement 
diagnosis 
demography 
65 new agents 
10 dtreferralsatt10 smreferralsatt208 
disease_progression 
H-positive risk:  647 657 99 1100 446 98 1087 415 178 65 151 57 
H-negative risk:  657 647 1087 1100 415 446 98 99 151 178 57 65 
New BC onsets:  0
BC status:  4891 109 
BC subtype:  4891 89 20 

clinical_engagement 
diagnosis 
demography 
94 new agents 
5 dtreferralsatt5 smreferralsatt209 
disease_progression 
H-positive risk:  655 659 100 1097 438 98 1091 418 174 63 151 56 
H-negative risk:  659 655 1091 1097 418 438 98 100 151 174 56 63 
New BC onsets:  0
BC status:  4890 110 
BC subtype:  4890 90 20 

clinical_engagement 
diagnosis 
demography 
69 new agents 
15 dtreferralsatt15 smreferralsatt210 
disease_progression 
H-positive risk:  663 664 98 1100 438 100 1083 416 172 63 149 54 
H-negative risk:  664 663 1083 1100 416 438 100 98 149 172 54 63 
New BC onsets:  0
BC status:  4890 110 
BC subtype:  4890 90 20 

clinical_engagement 
diagnosis 
demography 
65 new agents 
12 dtreferralsatt12 smreferralsatt211 
disease_progression 
H-positive risk:  656 665 98 1094 435 104 1078 419 176 68 153 54 
H-negative risk:  665 656 1078 1094 419 435 104 98 153 176 54 68 
New BC onsets:  0
BC status:  4889 111 
BC subtype:  4889 89 22 

clinical_engagement 
diagnosis 
demography 
74 new agents 
10 dtreferralsatt10 smreferralsatt212 
disease_progression 
H-positive risk:  650 664 97 1095 437 102 1076 421 178 70 155 55 
H-negative risk:  664 650 1076 1095 421 437 102 97 155 178 55 70 
New BC onsets:  0
BC status:  4889 111 
BC subtype:  4889 89 22 

clinical_engagement 
diagnosis 
demography 
77 new agents 
12 dtreferralsatt12 smreferralsatt213 
disease_progression 
H-positive risk:  640 662 94 1099 428 103 1091 424 178 70 155 56 
H-negative risk:  662 640 1091 1099 424 428 103 94 155 178 56 70 
New BC onsets:  0
BC status:  4889 111 
BC subtype:  4889 88 23 

clinical_engagement 
diagnosis 
demography 
83 new agents 
10 dtreferralsatt10 smreferralsatt214 
disease_progression 
H-positive risk:  648 664 93 1093 433 105 1083 426 175 72 153 55 
H-negative risk:  664 648 1083 1093 426 433 105 93 153 175 55 72 
New BC onsets:  0
BC status:  4891 109 
BC subtype:  4891 86 23 

clinical_engagement 
diagnosis 
demography 
83 new agents 
5 dtreferralsatt5 smreferralsatt215 
disease_progression 
H-positive risk:  661 663 93 1081 431 107 1084 420 176 72 157 55 
H-negative risk:  663 661 1084 1081 420 431 107 93 157 176 55 72 
New BC onsets:  0
BC status:  4895 105 
BC subtype:  4895 83 22 

clinical_engagement 
diagnosis 
demography 
81 new agents 
10 dtreferralsatt10 smreferralsatt216 
disease_progression 
H-positive risk:  674 661 96 1074 429 108 1086 416 175 70 158 53 
H-negative risk:  661 674 1086 1074 416 429 108 96 158 175 53 70 
New BC onsets:  0
BC status:  4888 112 
BC subtype:  4888 90 22 

clinical_engagement 
diagnosis 
demography 
73 new agents 
14 dtreferralsatt14 smreferralsatt217 
disease_progression 
H-positive risk:  678 658 94 1047 445 108 1074 431 173 73 165 54 
H-negative risk:  658 678 1074 1047 431 445 108 94 165 173 54 73 
New BC onsets:  0
BC status:  4893 107 
BC subtype:  4893 87 20 

clinical_engagement 
diagnosis 
demography 
80 new agents 
13 dtreferralsatt13 smreferralsatt218 
disease_progression 
H-positive risk:  678 662 91 1046 445 108 1082 424 171 72 167 54 
H-negative risk:  662 678 1082 1046 424 445 108 91 167 171 54 72 
New BC onsets:  0
BC status:  4890 110 
BC subtype:  4890 91 19 

clinical_engagement 
diagnosis 
demography 
89 new agents 
11 dtreferralsatt11 smreferralsatt219 
disease_progression 
H-positive risk:  684 662 93 1040 452 106 1080 420 172 69 169 53 
H-negative risk:  662 684 1080 1040 420 452 106 93 169 172 53 69 
New BC onsets:  0
BC status:  4885 115 
BC subtype:  4885 96 19 

clinical_engagement 
diagnosis 
demography 
83 new agents 
6 dtreferralsatt6 smreferralsatt220 
disease_progression 
H-positive risk:  681 657 97 1044 453 105 1084 414 169 69 173 54 
H-negative risk:  657 681 1084 1044 414 453 105 97 173 169 54 69 
New BC onsets:  0
BC status:  4886 114 
BC subtype:  4886 95 19 

clinical_engagement 
diagnosis 
demography 
72 new agents 
12 dtreferralsatt12 smreferralsatt221 
disease_progression 
H-positive risk:  677 652 96 1047 450 106 1088 420 171 68 170 55 
H-negative risk:  652 677 1088 1047 420 450 106 96 170 171 55 68 
New BC onsets:  0
BC status:  4885 115 
BC subtype:  4885 97 18 

clinical_engagement 
diagnosis 
demography 
77 new agents 
12 dtreferralsatt12 smreferralsatt222 
disease_progression 
H-positive risk:  675 650 97 1042 450 106 1092 421 173 67 169 58 
H-negative risk:  650 675 1092 1042 421 450 106 97 169 173 58 67 
New BC onsets:  0
BC status:  4889 111 
BC subtype:  4889 93 18 

clinical_engagement 
diagnosis 
demography 
82 new agents 
9 dtreferralsatt9 smreferralsatt223 
disease_progression 
H-positive risk:  679 650 98 1036 449 104 1103 416 174 66 170 55 
H-negative risk:  650 679 1103 1036 416 449 104 98 170 174 55 66 
New BC onsets:  0
BC status:  4888 112 
BC subtype:  4888 94 18 

clinical_engagement 
diagnosis 
demography 
76 new agents 
10 dtreferralsatt10 smreferralsatt224 
disease_progression 
H-positive risk:  678 648 101 1039 446 101 1103 414 176 66 171 57 
H-negative risk:  648 678 1103 1039 414 446 101 101 171 176 57 66 
New BC onsets:  0
BC status:  4888 112 
BC subtype:  4888 94 18 

clinical_engagement 
diagnosis 
demography 
83 new agents 
7 dtreferralsatt7 smreferralsatt225 
disease_progression 
H-positive risk:  677 649 104 1039 446 98 1109 408 176 70 166 58 
H-negative risk:  649 677 1109 1039 408 446 98 104 166 176 58 70 
New BC onsets:  0
BC status:  4889 111 
BC subtype:  4889 91 20 

clinical_engagement 
diagnosis 
demography 
90 new agents 
13 dtreferralsatt13 smreferralsatt226 
disease_progression 
H-positive risk:  677 654 101 1043 442 93 1113 408 175 70 167 57 
H-negative risk:  654 677 1113 1043 408 442 93 101 167 175 57 70 
New BC onsets:  0
BC status:  4887 113 
BC subtype:  4887 93 20 

clinical_engagement 
diagnosis 
demography 
82 new agents 
10 dtreferralsatt10 smreferralsatt227 
disease_progression 
H-positive risk:  678 659 101 1038 440 90 1122 402 176 72 166 56 
H-negative risk:  659 678 1122 1038 402 440 90 101 166 176 56 72 
New BC onsets:  0
BC status:  4885 115 
BC subtype:  4885 95 20 

clinical_engagement 
diagnosis 
demography 
72 new agents 
7 dtreferralsatt7 smreferralsatt228 
disease_progression 
H-positive risk:  686 662 101 1033 440 90 1109 414 174 73 164 54 
H-negative risk:  662 686 1109 1033 414 440 90 101 164 174 54 73 
New BC onsets:  0
BC status:  4884 116 
BC subtype:  4884 96 20 

clinical_engagement 
diagnosis 
demography 
73 new agents 
18 dtreferralsatt18 smreferralsatt229 
disease_progression 
H-positive risk:  683 661 100 1031 453 89 1099 422 170 72 156 64 
H-negative risk:  661 683 1099 1031 422 453 89 100 156 170 64 72 
New BC onsets:  0
BC status:  4884 116 
BC subtype:  4884 96 20 

clinical_engagement 
diagnosis 
demography 
92 new agents 
6 dtreferralsatt6 smreferralsatt230 
disease_progression 
H-positive risk:  699 662 102 1038 437 87 1100 420 170 68 153 64 
H-negative risk:  662 699 1100 1038 420 437 87 102 153 170 64 68 
New BC onsets:  0
BC status:  4883 117 
BC subtype:  4883 96 21 

clinical_engagement 
diagnosis 
demography 
66 new agents 
15 dtreferralsatt15 smreferralsatt231 
disease_progression 
H-positive risk:  696 661 103 1025 445 89 1102 423 166 72 153 65 
H-negative risk:  661 696 1102 1025 423 445 89 103 153 166 65 72 
New BC onsets:  0
BC status:  4884 116 
BC subtype:  4884 96 20 

clinical_engagement 
diagnosis 
demography 
77 new agents 
9 dtreferralsatt9 smreferralsatt232 
disease_progression 
H-positive risk:  708 662 104 1025 435 89 1103 423 162 73 151 65 
H-negative risk:  662 708 1103 1025 423 435 89 104 151 162 65 73 
New BC onsets:  0
BC status:  4881 119 
BC subtype:  4881 99 20 

clinical_engagement 
diagnosis 
demography 
86 new agents 
11 dtreferralsatt11 smreferralsatt233 
disease_progression 
H-positive risk:  703 668 105 1029 436 86 1103 422 159 72 153 64 
H-negative risk:  668 703 1103 1029 422 436 86 105 153 159 64 72 
New BC onsets:  0
BC status:  4880 120 
BC subtype:  4880 98 22 

clinical_engagement 
diagnosis 
demography 
74 new agents 
14 dtreferralsatt14 smreferralsatt234 
disease_progression 
H-positive risk:  702 675 106 1022 435 87 1094 428 157 74 151 69 
H-negative risk:  675 702 1094 1022 428 435 87 106 151 157 69 74 
New BC onsets:  0
BC status:  4884 116 
BC subtype:  4884 96 20 

clinical_engagement 
diagnosis 
demography 
71 new agents 
15 dtreferralsatt15 smreferralsatt235 
disease_progression 
H-positive risk:  695 669 105 1021 439 89 1104 426 159 71 150 72 
H-negative risk:  669 695 1104 1021 426 439 89 105 150 159 72 71 
New BC onsets:  0
BC status:  4884 116 
BC subtype:  4884 97 19 

clinical_engagement 
diagnosis 
demography 
72 new agents 
4 dtreferralsatt4 smreferralsatt236 
disease_progression 
H-positive risk:  696 678 102 1024 436 90 1094 429 159 72 148 72 
H-negative risk:  678 696 1094 1024 429 436 90 102 148 159 72 72 
New BC onsets:  0
BC status:  4886 114 
BC subtype:  4886 95 19 

clinical_engagement 
diagnosis 
demography 
67 new agents 
8 dtreferralsatt8 smreferralsatt237 
disease_progression 
H-positive risk:  695 677 102 1014 442 89 1095 433 159 73 150 71 
H-negative risk:  677 695 1095 1014 433 442 89 102 150 159 71 73 
New BC onsets:  0
BC status:  4884 116 
BC subtype:  4884 96 20 

clinical_engagement 
diagnosis 
demography 
80 new agents 
12 dtreferralsatt12 smreferralsatt238 
disease_progression 
H-positive risk:  691 673 101 1019 436 94 1096 438 158 75 150 69 
H-negative risk:  673 691 1096 1019 438 436 94 101 150 158 69 75 
New BC onsets:  0
BC status:  4880 120 
BC subtype:  4880 98 22 

clinical_engagement 
diagnosis 
demography 
73 new agents 
9 dtreferralsatt9 smreferralsatt239 
disease_progression 
H-positive risk:  690 678 99 1011 441 94 1102 433 159 75 149 69 
H-negative risk:  678 690 1102 1011 433 441 94 99 149 159 69 75 
New BC onsets:  0
BC status:  4878 122 
BC subtype:  4878 100 22 

clinical_engagement 
diagnosis 
demography 
70 new agents 
10 dtreferralsatt10 smreferralsatt240 
disease_progression 
H-positive risk:  690 676 99 1011 442 91 1101 439 159 75 145 72 
H-negative risk:  676 690 1101 1011 439 442 91 99 145 159 72 75 
New BC onsets:  0
BC status:  4879 121 
BC subtype:  4879 99 22 

clinical_engagement 
diagnosis 
demography 
90 new agents 
13 dtreferralsatt13 smreferralsatt241 
disease_progression 
H-positive risk:  691 675 97 1005 449 91 1093 446 156 77 148 72 
H-negative risk:  675 691 1093 1005 446 449 91 97 148 156 72 77 
New BC onsets:  0
BC status:  4880 120 
BC subtype:  4880 97 23 

clinical_engagement 
diagnosis 
demography 
80 new agents 
16 dtreferralsatt16 smreferralsatt242 
disease_progression 
H-positive risk:  687 678 95 1018 442 92 1099 441 157 74 146 71 
H-negative risk:  678 687 1099 1018 441 442 92 95 146 157 71 74 
New BC onsets:  0
BC status:  4881 119 
BC subtype:  4881 95 24 

clinical_engagement 
diagnosis 
demography 
73 new agents 
15 dtreferralsatt15 smreferralsatt243 
disease_progression 
H-positive risk:  699 675 94 1024 439 92 1091 442 153 72 149 70 
H-negative risk:  675 699 1091 1024 442 439 92 94 149 153 70 72 
New BC onsets:  0
BC status:  4881 119 
BC subtype:  4881 95 24 

clinical_engagement 
diagnosis 
demography 
98 new agents 
13 dtreferralsatt13 smreferralsatt244 
disease_progression 
H-positive risk:  697 684 92 1028 432 93 1091 440 151 72 152 68 
H-negative risk:  684 697 1091 1028 440 432 93 92 152 151 68 72 
New BC onsets:  0
BC status:  4881 119 
BC subtype:  4881 92 27 

clinical_engagement 
diagnosis 
demography 
70 new agents 
10 dtreferralsatt10 smreferralsatt245 
disease_progression 
H-positive risk:  699 686 90 1028 427 94 1094 441 152 73 149 67 
H-negative risk:  686 699 1094 1028 441 427 94 90 149 152 67 73 
New BC onsets:  0
BC status:  4881 119 
BC subtype:  4881 92 27 

clinical_engagement 
diagnosis 
demography 
81 new agents 
7 dtreferralsatt7 smreferralsatt246 
disease_progression 
H-positive risk:  702 682 92 1029 429 94 1099 436 150 74 149 64 
H-negative risk:  682 702 1099 1029 436 429 94 92 149 150 64 74 
New BC onsets:  0
BC status:  4883 117 
BC subtype:  4883 91 26 

clinical_engagement 
diagnosis 
demography 
70 new agents 
16 dtreferralsatt16 smreferralsatt247 
disease_progression 
H-positive risk:  705 677 92 1035 428 96 1094 440 151 71 149 62 
H-negative risk:  677 705 1094 1035 440 428 96 92 149 151 62 71 
New BC onsets:  0
BC status:  4883 117 
BC subtype:  4883 92 25 

clinical_engagement 
diagnosis 
demography 
85 new agents 
12 dtreferralsatt12 smreferralsatt248 
disease_progression 
H-positive risk:  694 687 90 1040 429 94 1092 442 153 69 147 63 
H-negative risk:  687 694 1092 1040 442 429 94 90 147 153 63 69 
New BC onsets:  0
BC status:  4882 118 
BC subtype:  4882 93 25 

clinical_engagement 
diagnosis 
demography 
78 new agents 
3 dtreferralsatt3 smreferralsatt249 
disease_progression 
H-positive risk:  687 694 89 1038 431 93 1098 434 153 69 147 67 
H-negative risk:  694 687 1098 1038 434 431 93 89 147 153 67 69 
New BC onsets:  0
BC status:  4883 117 
BC subtype:  4883 92 25 

clinical_engagement 
diagnosis 
demography 
70 new agents 
10 dtreferralsatt10 smreferralsatt250 
disease_progression 
H-positive risk:  693 683 91 1038 428 91 1099 440 154 68 149 66 
H-negative risk:  683 693 1099 1038 440 428 91 91 149 154 66 68 
New BC onsets:  0
BC status:  4885 115 
BC subtype:  4885 91 24 

clinical_engagement 
diagnosis 
demography 
71 new agents 
13 dtreferralsatt13 smreferralsatt251 
disease_progression 
H-positive risk:  694 683 88 1035 420 93 1094 452 159 64 152 66 
H-negative risk:  683 694 1094 1035 452 420 93 88 152 159 66 64 
New BC onsets:  0
BC status:  4883 117 
BC subtype:  4883 93 24 

clinical_engagement 
diagnosis 
demography 
82 new agents 
8 dtreferralsatt8 smreferralsatt252 
disease_progression 
H-positive risk:  687 684 84 1044 412 91 1092 460 158 67 156 65 
H-negative risk:  684 687 1092 1044 460 412 91 84 156 158 65 67 
New BC onsets:  0
BC status:  4888 112 
BC subtype:  4888 90 22 

clinical_engagement 
diagnosis 
demography 
80 new agents 
10 dtreferralsatt10 smreferralsatt253 
disease_progression 
H-positive risk:  688 683 81 1038 409 91 1102 456 157 68 161 66 
H-negative risk:  683 688 1102 1038 456 409 91 81 161 157 66 68 
New BC onsets:  0
BC status:  4886 114 
BC subtype:  4886 92 22 

clinical_engagement 
diagnosis 
demography 
94 new agents 
14 dtreferralsatt14 smreferralsatt254 
disease_progression 
H-positive risk:  692 678 85 1048 401 92 1100 458 155 67 160 64 
H-negative risk:  678 692 1100 1048 458 401 92 85 160 155 64 67 
New BC onsets:  0
BC status:  4886 114 
BC subtype:  4886 92 22 

clinical_engagement 
diagnosis 
demography 
71 new agents 
6 dtreferralsatt6 smreferralsatt255 
disease_progression 
H-positive risk:  683 684 85 1039 397 93 1102 467 153 69 164 64 
H-negative risk:  684 683 1102 1039 467 397 93 85 164 153 64 69 
New BC onsets:  0
BC status:  4887 113 
BC subtype:  4887 92 21 

clinical_engagement 
diagnosis 
demography 
76 new agents 
11 dtreferralsatt11 smreferralsatt256 
disease_progression 
H-positive risk:  683 692 87 1038 395 92 1101 467 150 65 164 66 
H-negative risk:  692 683 1101 1038 467 395 92 87 164 150 66 65 
New BC onsets:  0
BC status:  4889 111 
BC subtype:  4889 90 21 

clinical_engagement 
diagnosis 
demography 
67 new agents 
12 dtreferralsatt12 smreferralsatt257 
disease_progression 
H-positive risk:  684 687 86 1036 406 92 1091 467 151 66 166 68 
H-negative risk:  687 684 1091 1036 467 406 92 86 166 151 68 66 
New BC onsets:  0
BC status:  4890 110 
BC subtype:  4890 90 20 

clinical_engagement 
diagnosis 
demography 
80 new agents 
10 dtreferralsatt10 smreferralsatt258 
disease_progression 
H-positive risk:  685 685 87 1041 398 89 1094 468 151 68 163 71 
H-negative risk:  685 685 1094 1041 468 398 89 87 163 151 71 68 
New BC onsets:  0
BC status:  4891 109 
BC subtype:  4891 88 21 

clinical_engagement 
diagnosis 
demography 
85 new agents 
14 dtreferralsatt14 smreferralsatt259 
disease_progression 
H-positive risk:  686 698 86 1043 398 89 1087 463 149 71 160 70 
H-negative risk:  698 686 1087 1043 463 398 89 86 160 149 70 71 
New BC onsets:  0
BC status:  4892 108 
BC subtype:  4892 87 21 

clinical_engagement 
diagnosis 
demography 
77 new agents 
10 dtreferralsatt10 smreferralsatt260 
disease_progression 
H-positive risk:  693 695 86 1050 394 90 1082 464 146 72 160 68 
H-negative risk:  695 693 1082 1050 464 394 90 86 160 146 68 72 
New BC onsets:  0
BC status:  4888 112 
BC subtype:  4888 91 21 

clinical_engagement 
diagnosis 
demography 
88 new agents 
10 dtreferralsatt10 smreferralsatt261 
disease_progression 
H-positive risk:  694 697 85 1059 392 92 1083 457 143 71 160 67 
H-negative risk:  697 694 1083 1059 457 392 92 85 160 143 67 71 
New BC onsets:  0
BC status:  4893 107 
BC subtype:  4893 88 19 

clinical_engagement 
diagnosis 
demography 
91 new agents 
9 dtreferralsatt9 smreferralsatt262 
disease_progression 
H-positive risk:  702 701 87 1060 388 92 1073 452 145 71 161 68 
H-negative risk:  701 702 1073 1060 452 388 92 87 161 145 68 71 
New BC onsets:  0
BC status:  4894 106 
BC subtype:  4894 89 17 

clinical_engagement 
diagnosis 
demography 
72 new agents 
10 dtreferralsatt10 smreferralsatt263 
disease_progression 
H-positive risk:  708 692 86 1061 395 95 1074 452 144 68 158 67 
H-negative risk:  692 708 1074 1061 452 395 95 86 158 144 67 68 
New BC onsets:  0
BC status:  4895 105 
BC subtype:  4895 90 15 

clinical_engagement 
diagnosis 
demography 
79 new agents 
12 dtreferralsatt12 smreferralsatt264 
disease_progression 
H-positive risk:  710 690 87 1070 393 94 1067 456 145 66 155 67 
H-negative risk:  690 710 1067 1070 456 393 94 87 155 145 67 66 
New BC onsets:  0
BC status:  4895 105 
BC subtype:  4895 89 16 

clinical_engagement 
diagnosis 
demography 
76 new agents 
14 dtreferralsatt14 smreferralsatt265 
disease_progression 
H-positive risk:  707 692 84 1076 394 94 1071 454 143 66 153 66 
H-negative risk:  692 707 1071 1076 454 394 94 84 153 143 66 66 
New BC onsets:  0
BC status:  4893 107 
BC subtype:  4893 91 16 

clinical_engagement 
diagnosis 
demography 
95 new agents 
11 dtreferralsatt11 smreferralsatt266 
disease_progression 
H-positive risk:  710 692 83 1081 394 94 1063 450 148 65 156 64 
H-negative risk:  692 710 1063 1081 450 394 94 83 156 148 64 65 
New BC onsets:  0
BC status:  4895 105 
BC subtype:  4895 89 16 

clinical_engagement 
diagnosis 
demography 
85 new agents 
13 dtreferralsatt13 smreferralsatt267 
disease_progression 
H-positive risk:  720 685 84 1076 400 93 1066 447 148 62 156 63 
H-negative risk:  685 720 1066 1076 447 400 93 84 156 148 63 62 
New BC onsets:  0
BC status:  4888 112 
BC subtype:  4888 96 16 

clinical_engagement 
diagnosis 
demography 
89 new agents 
10 dtreferralsatt10 smreferralsatt268 
disease_progression 
H-positive risk:  724 676 83 1083 404 98 1065 441 146 66 153 61 
H-negative risk:  676 724 1065 1083 441 404 98 83 153 146 61 66 
New BC onsets:  0
BC status:  4893 107 
BC subtype:  4893 90 17 

clinical_engagement 
diagnosis 
demography 
67 new agents 
10 dtreferralsatt10 smreferralsatt269 
disease_progression 
H-positive risk:  730 677 83 1080 399 97 1065 446 147 64 153 59 
H-negative risk:  677 730 1065 1080 446 399 97 83 153 147 59 64 
New BC onsets:  0
BC status:  4895 105 
BC subtype:  4895 89 16 

clinical_engagement 
diagnosis 
demography 
76 new agents 
7 dtreferralsatt7 smreferralsatt270 
disease_progression 
H-positive risk:  727 687 82 1069 413 95 1057 443 149 65 157 56 
H-negative risk:  687 727 1057 1069 443 413 95 82 157 149 56 65 
New BC onsets:  0
BC status:  4896 104 
BC subtype:  4896 89 15 

clinical_engagement 
diagnosis 
demography 
59 new agents 
8 dtreferralsatt8 smreferralsatt271 
disease_progression 
H-positive risk:  728 687 81 1067 411 94 1058 445 150 65 159 55 
H-negative risk:  687 728 1058 1067 445 411 94 81 159 150 55 65 
New BC onsets:  0
BC status:  4898 102 
BC subtype:  4898 86 16 

clinical_engagement 
diagnosis 
demography 
78 new agents 
7 dtreferralsatt7 smreferralsatt272 
disease_progression 
H-positive risk:  731 685 83 1071 410 93 1055 442 151 65 160 54 
H-negative risk:  685 731 1055 1071 442 410 93 83 160 151 54 65 
New BC onsets:  0
BC status:  4899 101 
BC subtype:  4899 84 17 

clinical_engagement 
diagnosis 
demography 
74 new agents 
16 dtreferralsatt16 smreferralsatt273 
disease_progression 
H-positive risk:  731 684 84 1065 410 90 1056 444 152 68 160 56 
H-negative risk:  684 731 1056 1065 444 410 90 84 160 152 56 68 
New BC onsets:  0
BC status:  4893 107 
BC subtype:  4893 88 19 

clinical_engagement 
diagnosis 
demography 
74 new agents 
10 dtreferralsatt10 smreferralsatt274 
disease_progression 
H-positive risk:  734 684 83 1055 417 92 1063 438 154 67 156 57 
H-negative risk:  684 734 1063 1055 438 417 92 83 156 154 57 67 
New BC onsets:  0
BC status:  4889 111 
BC subtype:  4889 91 20 

clinical_engagement 
diagnosis 
demography 
72 new agents 
8 dtreferralsatt8 smreferralsatt275 
disease_progression 
H-positive risk:  734 687 83 1049 412 91 1065 443 158 65 154 59 
H-negative risk:  687 734 1065 1049 443 412 91 83 154 158 59 65 
New BC onsets:  0
BC status:  4886 114 
BC subtype:  4886 94 20 

clinical_engagement 
diagnosis 
demography 
90 new agents 
14 dtreferralsatt14 smreferralsatt276 
disease_progression 
H-positive risk:  728 690 80 1055 412 91 1058 446 164 65 153 58 
H-negative risk:  690 728 1058 1055 446 412 91 80 153 164 58 65 
New BC onsets:  0
BC status:  4886 114 
BC subtype:  4886 94 20 

clinical_engagement 
diagnosis 
demography 
63 new agents 
7 dtreferralsatt7 smreferralsatt277 
disease_progression 
H-positive risk:  726 687 83 1059 412 92 1065 443 161 64 153 55 
H-negative risk:  687 726 1065 1059 443 412 92 83 153 161 55 64 
New BC onsets:  0
BC status:  4887 113 
BC subtype:  4887 93 20 

clinical_engagement 
diagnosis 
demography 
97 new agents 
3 dtreferralsatt3 smreferralsatt278 
disease_progression 
H-positive risk:  728 688 81 1065 401 94 1079 433 158 65 153 55 
H-negative risk:  688 728 1079 1065 433 401 94 81 153 158 55 65 
New BC onsets:  0
BC status:  4890 110 
BC subtype:  4890 91 19 

clinical_engagement 
diagnosis 
demography 
65 new agents 
12 dtreferralsatt12 smreferralsatt279 
disease_progression 
H-positive risk:  720 685 81 1066 404 91 1090 431 155 69 152 56 
H-negative risk:  685 720 1090 1066 431 404 91 81 152 155 56 69 
New BC onsets:  0
BC status:  4892 108 
BC subtype:  4892 89 19 

clinical_engagement 
diagnosis 
demography 
61 new agents 
11 dtreferralsatt11 smreferralsatt280 
disease_progression 
H-positive risk:  712 686 81 1065 408 91 1099 430 152 71 152 53 
H-negative risk:  686 712 1099 1065 430 408 91 81 152 152 53 71 
New BC onsets:  0
BC status:  4894 106 
BC subtype:  4894 88 18 

clinical_engagement 
diagnosis 
demography 
75 new agents 
17 dtreferralsatt17 smreferralsatt281 
disease_progression 
H-positive risk:  712 686 82 1074 408 91 1087 433 152 70 152 53 
H-negative risk:  686 712 1087 1074 433 408 91 82 152 152 53 70 
New BC onsets:  0
BC status:  4897 103 
BC subtype:  4897 85 18 

clinical_engagement 
diagnosis 
demography 
81 new agents 
12 dtreferralsatt12 smreferralsatt282 
disease_progression 
H-positive risk:  701 687 84 1072 409 94 1100 430 151 67 153 52 
H-negative risk:  687 701 1100 1072 430 409 94 84 153 151 52 67 
New BC onsets:  0
BC status:  4900 100 
BC subtype:  4900 82 18 

clinical_engagement 
diagnosis 
demography 
58 new agents 
6 dtreferralsatt6 smreferralsatt283 
disease_progression 
H-positive risk:  697 687 87 1077 405 98 1097 429 150 69 151 53 
H-negative risk:  687 697 1097 1077 429 405 98 87 151 150 53 69 
New BC onsets:  0
BC status:  4901 99 
BC subtype:  4901 81 18 

clinical_engagement 
diagnosis 
demography 
68 new agents 
7 dtreferralsatt7 smreferralsatt284 
disease_progression 
H-positive risk:  695 684 89 1079 408 98 1089 436 148 69 153 52 
H-negative risk:  684 695 1089 1079 436 408 98 89 153 148 52 69 
New BC onsets:  0
BC status:  4902 98 
BC subtype:  4902 79 19 

clinical_engagement 
diagnosis 
demography 
78 new agents 
10 dtreferralsatt10 smreferralsatt285 
disease_progression 
H-positive risk:  693 687 90 1074 413 100 1093 436 142 73 149 50 
H-negative risk:  687 693 1093 1074 436 413 100 90 149 142 50 73 
New BC onsets:  0
BC status:  4900 100 
BC subtype:  4900 80 20 

clinical_engagement 
diagnosis 
demography 
77 new agents 
10 dtreferralsatt10 smreferralsatt286 
disease_progression 
H-positive risk:  684 685 93 1077 404 99 1101 440 143 71 153 50 
H-negative risk:  685 684 1101 1077 440 404 99 93 153 143 50 71 
New BC onsets:  0
BC status:  4896 104 
BC subtype:  4896 85 19 

clinical_engagement 
diagnosis 
demography 
81 new agents 
13 dtreferralsatt13 smreferralsatt287 
disease_progression 
H-positive risk:  688 686 93 1074 397 97 1098 448 142 72 152 53 
H-negative risk:  686 688 1098 1074 448 397 97 93 152 142 53 72 
New BC onsets:  0
BC status:  4892 108 
BC subtype:  4892 88 20 

clinical_engagement 
diagnosis 
demography 
68 new agents 
12 dtreferralsatt12 smreferralsatt288 
disease_progression 
H-positive risk:  685 691 97 1063 400 96 1106 446 144 69 150 53 
H-negative risk:  691 685 1106 1063 446 400 96 97 150 144 53 69 
New BC onsets:  0
BC status:  4894 106 
BC subtype:  4894 86 20 

clinical_engagement 
diagnosis 
demography 
76 new agents 
9 dtreferralsatt9 smreferralsatt289 
disease_progression 
H-positive risk:  679 688 93 1063 410 99 1108 442 144 68 156 50 
H-negative risk:  688 679 1108 1063 442 410 99 93 156 144 50 68 
New BC onsets:  0
BC status:  4895 105 
BC subtype:  4895 86 19 

clinical_engagement 
diagnosis 
demography 
75 new agents 
17 dtreferralsatt17 smreferralsatt290 
disease_progression 
H-positive risk:  674 680 96 1069 409 98 1107 452 145 66 156 48 
H-negative risk:  680 674 1107 1069 452 409 98 96 156 145 48 66 
New BC onsets:  0
BC status:  4898 102 
BC subtype:  4898 81 21 

clinical_engagement 
diagnosis 
demography 
66 new agents 
7 dtreferralsatt7 smreferralsatt291 
disease_progression 
H-positive risk:  664 684 97 1066 406 99 1108 460 144 68 156 48 
H-negative risk:  684 664 1108 1066 460 406 99 97 156 144 48 68 
New BC onsets:  0
BC status:  4899 101 
BC subtype:  4899 82 19 

clinical_engagement 
diagnosis 
demography 
59 new agents 
12 dtreferralsatt12 smreferralsatt292 
disease_progression 
H-positive risk:  659 674 95 1072 408 97 1116 463 145 68 157 46 
H-negative risk:  674 659 1116 1072 463 408 97 95 157 145 46 68 
New BC onsets:  0
BC status:  4898 102 
BC subtype:  4898 81 21 

clinical_engagement 
diagnosis 
demography 
78 new agents 
15 dtreferralsatt15 smreferralsatt293 
disease_progression 
H-positive risk:  663 684 94 1056 421 99 1110 456 146 68 158 45 
H-negative risk:  684 663 1110 1056 456 421 99 94 158 146 45 68 
New BC onsets:  0
BC status:  4895 105 
BC subtype:  4895 84 21 

clinical_engagement 
diagnosis 
demography 
69 new agents 
16 dtreferralsatt16 smreferralsatt294 
disease_progression 
H-positive risk:  664 680 94 1062 421 99 1114 451 143 69 157 46 
H-negative risk:  680 664 1114 1062 451 421 99 94 157 143 46 69 
New BC onsets:  0
BC status:  4895 105 
BC subtype:  4895 84 21 

clinical_engagement 
diagnosis 
demography 
81 new agents 
11 dtreferralsatt11 smreferralsatt295 
disease_progression 
H-positive risk:  661 684 95 1057 411 101 1125 453 141 69 160 43 
H-negative risk:  684 661 1125 1057 453 411 101 95 160 141 43 69 
New BC onsets:  0
BC status:  4896 104 
BC subtype:  4896 84 20 

clinical_engagement 
diagnosis 
demography 
84 new agents 
10 dtreferralsatt10 smreferralsatt296 
disease_progression 
H-positive risk:  665 695 96 1065 406 99 1122 443 142 67 157 43 
H-negative risk:  695 665 1122 1065 443 406 99 96 157 142 43 67 
New BC onsets:  0
BC status:  4897 103 
BC subtype:  4897 83 20 

clinical_engagement 
diagnosis 
demography 
87 new agents 
14 dtreferralsatt14 smreferralsatt297 
disease_progression 
H-positive risk:  664 695 96 1056 407 98 1126 450 145 67 154 42 
H-negative risk:  695 664 1126 1056 450 407 98 96 154 145 42 67 
New BC onsets:  0
BC status:  4898 102 
BC subtype:  4898 81 21 

clinical_engagement 
diagnosis 
demography 
80 new agents 
9 dtreferralsatt9 smreferralsatt298 
disease_progression 
H-positive risk:  660 700 98 1061 399 100 1130 453 143 63 151 42 
H-negative risk:  700 660 1130 1061 453 399 100 98 151 143 42 63 
New BC onsets:  0
BC status:  4901 99 
BC subtype:  4901 77 22 

clinical_engagement 
diagnosis 
demography 
85 new agents 
7 dtreferralsatt7 smreferralsatt299 
disease_progression 
H-positive risk:  661 705 99 1053 394 100 1133 452 141 64 154 44 
H-negative risk:  705 661 1133 1053 452 394 100 99 154 141 44 64 
New BC onsets:  0
BC status:  4899 101 
BC subtype:  4899 79 22 

clinical_engagement 
diagnosis 
demography 
80 new agents 
10 dtreferralsatt10 smreferralsatt300 
disease_progression 
H-positive risk:  662 711 97 1049 391 98 1141 452 141 63 151 44 
H-negative risk:  711 662 1141 1049 452 391 98 97 151 141 44 63 
New BC onsets:  0
BC status:  4899 101 
BC subtype:  4899 79 22 

clinical_engagement 
diagnosis 
demography 
74 new agents 
8 dtreferralsatt8 smreferralsattTime difference of 16.6948 mins
This is task 28
date
