date
Note that the current default version of R is 3.6.1.
Loading required package: network
network: Classes for Relational Data
Version 1.15 created on 2019-04-01.
copyright (c) 2005, Carter T. Butts, University of California-Irvine
                    Mark S. Handcock, University of California -- Los Angeles
                    David R. Hunter, Penn State University
                    Martina Morris, University of Washington
                    Skye Bender-deMoll, University of Washington
 For citation information, type citation("network").
 Type help("network-package") to get started.


networkDynamic: version 0.10.0, created on 2019-04-04
Copyright (c) 2019, Carter T. Butts, University of California -- Irvine
                    Ayn Leslie-Cook, University of Washington
                    Pavel N. Krivitsky, University of Wollongong
                    Skye Bender-deMoll, University of Washington
                    with contributions from
                    Zack Almquist, University of California -- Irvine
                    David R. Hunter, Penn State University
                    Li Wang
                    Kirk Li, University of Washington
                    Steven M. Goodreau, University of Washington
                    Jeffrey Horner
                    Martina Morris, University of Washington
Based on "statnet" project software (statnet.org).
For license and citation information see statnet.org/attribution
or type citation("networkDynamic").

Loading required package: statnet.common

Attaching package: 'statnet.common'

The following object is masked from 'package:base':

    order

sna: Tools for Social Network Analysis
Version 2.4 created on 2016-07-23.
copyright (c) 2005, Carter T. Butts, University of California-Irvine
 For citation information, type citation("sna").
 Type help(package="sna") to get started.


ergm: version 3.10.4, created on 2019-06-10
Copyright (c) 2019, Mark S. Handcock, University of California -- Los Angeles
                    David R. Hunter, Penn State University
                    Carter T. Butts, University of California -- Irvine
                    Steven M. Goodreau, University of Washington
                    Pavel N. Krivitsky, University of Wollongong
                    Martina Morris, University of Washington
                    with contributions from
                    Li Wang
                    Kirk Li, University of Washington
                    Skye Bender-deMoll, University of Washington
                    Chad Klumb
Based on "statnet" project software (statnet.org).
For license and citation information see statnet.org/attribution
or type citation("ergm").

NOTE: Versions before 3.6.1 had a bug in the implementation of the bd()
constriant which distorted the sampled distribution somewhat. In
addition, Sampson's Monks datasets had mislabeled vertices. See the
NEWS and the documentation for more details.

NOTE: Some common term arguments pertaining to vertex attribute and
level selection have changed in 3.10.0. See terms help for more
details. Use 'options(ergm.term=list(version="3.9.4"))' to use old
behavior.


tergm: version 3.6.1, created on 2019-06-12
Copyright (c) 2019, Pavel N. Krivitsky, University of Wollongong
                    Mark S. Handcock, University of California -- Los Angeles
                    with contributions from
                    David R. Hunter, Penn State University
                    Steven M. Goodreau, University of Washington
                    Martina Morris, University of Washington
                    Nicole Bohme Carnegie, New York University
                    Carter T. Butts, University of California -- Irvine
                    Ayn Leslie-Cook, University of Washington
                    Skye Bender-deMoll
                    Li Wang
                    Kirk Li, University of Washington
Based on "statnet" project software (statnet.org).
For license and citation information see statnet.org/attribution
or type citation("tergm").

Starting maximum pseudolikelihood estimation (MPLE):
Evaluating the predictor and response matrix.
Maximizing the pseudolikelihood.
Finished MPLE.
Starting Monte Carlo maximum likelihood estimation (MCMLE):
Iteration 1 of at most 500:
Optimizing with step length 0.399313095289462.
The log-likelihood improved by 4.66.
Iteration 2 of at most 500:
Optimizing with step length 0.589454802523432.
The log-likelihood improved by 2.9.
Iteration 3 of at most 500:
Optimizing with step length 0.865729288016768.
The log-likelihood improved by 2.572.
Iteration 4 of at most 500:
Optimizing with step length 1.
The log-likelihood improved by 0.2607.
Step length converged once. Increasing MCMC sample size.
Iteration 5 of at most 500:
Optimizing with step length 1.
The log-likelihood improved by 0.03021.
Step length converged twice. Stopping.
Finished MCMLE.
This model was fit using MCMC.  To examine model diagnostics and check
for degeneracy, use the mcmc.diagnostics() function.
 degree0  degree1  degree2  degree3  degree4  degree5  degree6  degree7 
       3       10     1258     1076      790      374      326      351 
 degree8  degree9 degree10 degree11 degree12 degree13 degree14 degree15 
     298      214      141       81       36       30        7        4 
degree16 
       1 
1 
disease_progression 
H-positive risk:  867 847 124 852 410 129 891 466 139 69 131 75 
H-negative risk:  847 867 891 852 466 410 129 124 131 139 75 69 
New BC onsets:  0
BC status:  4999 1 
BC subtype:  4999 1 

clinical_engagement 
diagnosis 
demography 
48 new agents 
1 dtreferralsatt1 smreferralsatt2 
disease_progression 
H-positive risk:  869 845 123 853 406 132 890 474 139 65 130 74 
H-negative risk:  845 869 890 853 474 406 132 123 130 139 74 65 
New BC onsets:  0
BC status:  4998 2 
BC subtype:  4998 2 

clinical_engagement 
diagnosis 
demography 
65 new agents 
5 dtreferralsatt5 smreferralsatt3 
disease_progression 
H-positive risk:  879 846 125 851 404 133 891 471 135 62 129 74 
H-negative risk:  846 879 891 851 471 404 133 125 129 135 74 62 
New BC onsets:  0
BC status:  4997 3 
BC subtype:  4997 3 

clinical_engagement 
diagnosis 
demography 
65 new agents 
0 dtreferralsatt0 smreferralsatt4 
disease_progression 
H-positive risk:  881 852 124 854 406 134 888 467 132 62 130 70 
H-negative risk:  852 881 888 854 467 406 134 124 130 132 70 62 
New BC onsets:  0
BC status:  4997 3 
BC subtype:  4997 3 

clinical_engagement 
diagnosis 
demography 
68 new agents 
3 dtreferralsatt3 smreferralsatt5 
disease_progression 
H-positive risk:  884 862 125 854 403 134 896 458 130 58 127 69 
H-negative risk:  862 884 896 854 458 403 134 125 127 130 69 58 
New BC onsets:  0
BC status:  4994 6 
BC subtype:  4994 4 2 

clinical_engagement 
diagnosis 
demography 
55 new agents 
8 dtreferralsatt8 smreferralsatt6 
disease_progression 
H-positive risk:  891 866 127 853 404 134 891 451 131 58 126 68 
H-negative risk:  866 891 891 853 451 404 134 127 126 131 68 58 
New BC onsets:  0
BC status:  4993 7 
BC subtype:  4993 4 3 

clinical_engagement 
diagnosis 
demography 
51 new agents 
8 dtreferralsatt8 smreferralsatt7 
disease_progression 
H-positive risk:  893 873 128 853 403 134 891 447 130 56 123 69 
H-negative risk:  873 893 891 853 447 403 134 128 123 130 69 56 
New BC onsets:  0
BC status:  4992 8 
BC subtype:  4992 5 3 

clinical_engagement 
diagnosis 
demography 
55 new agents 
3 dtreferralsatt3 smreferralsatt8 
disease_progression 
H-positive risk:  891 878 132 856 401 135 888 443 129 54 125 68 
H-negative risk:  878 891 888 856 443 401 135 132 125 129 68 54 
New BC onsets:  0
BC status:  4989 11 
BC subtype:  4989 8 3 

clinical_engagement 
diagnosis 
demography 
62 new agents 
6 dtreferralsatt6 smreferralsatt9 
disease_progression 
H-positive risk:  894 887 138 853 399 134 890 435 130 51 124 65 
H-negative risk:  887 894 890 853 435 399 134 138 124 130 65 51 
New BC onsets:  0
BC status:  4988 12 
BC subtype:  4988 9 3 

clinical_engagement 
diagnosis 
demography 
61 new agents 
9 dtreferralsatt9 smreferralsatt10 
disease_progression 
H-positive risk:  895 895 138 849 398 135 886 433 129 50 127 65 
H-negative risk:  895 895 886 849 433 398 135 138 127 129 65 50 
New BC onsets:  0
BC status:  4985 15 
BC subtype:  4985 11 4 

clinical_engagement 
diagnosis 
demography 
57 new agents 
6 dtreferralsatt6 smreferralsatt11 
disease_progression 
H-positive risk:  905 892 139 849 399 135 886 428 127 49 126 65 
H-negative risk:  892 905 886 849 428 399 135 139 126 127 65 49 
New BC onsets:  0
BC status:  4983 17 
BC subtype:  4983 13 4 

clinical_engagement 
diagnosis 
demography 
59 new agents 
7 dtreferralsatt7 smreferralsatt12 
disease_progression 
H-positive risk:  916 896 139 843 401 132 886 424 127 45 127 64 
H-negative risk:  896 916 886 843 424 401 132 139 127 127 64 45 
New BC onsets:  0
BC status:  4982 18 
BC subtype:  4982 14 4 

clinical_engagement 
diagnosis 
demography 
58 new agents 
14 dtreferralsatt14 smreferralsatt13 
disease_progression 
H-positive risk:  835 826 130 914 401 120 966 424 141 45 136 62 
H-negative risk:  826 835 966 914 424 401 120 130 136 141 62 45 
New BC onsets:  0
BC status:  4980 20 
BC subtype:  4980 16 4 

clinical_engagement 
diagnosis 
demography 
224 new agents 
13 dtreferralsatt13 smreferralsatt14 
disease_progression 
H-positive risk:  865 861 133 860 420 124 926 435 134 48 131 63 
H-negative risk:  861 865 926 860 435 420 124 133 131 134 63 48 
New BC onsets:  0
BC status:  4976 24 
BC subtype:  4976 20 4 

clinical_engagement 
diagnosis 
demography 
61 new agents 
6 dtreferralsatt6 smreferralsatt15 
disease_progression 
H-positive risk:  877 867 135 858 413 122 926 428 133 50 129 62 
H-negative risk:  867 877 926 858 428 413 122 135 129 133 62 50 
New BC onsets:  0
BC status:  4976 24 
BC subtype:  4976 20 4 

clinical_engagement 
diagnosis 
demography 
72 new agents 
5 dtreferralsatt5 smreferralsatt16 
disease_progression 
H-positive risk:  881 871 136 862 402 121 924 430 134 49 129 61 
H-negative risk:  871 881 924 862 430 402 121 136 129 134 61 49 
New BC onsets:  0
BC status:  4974 26 
BC subtype:  4974 22 4 

clinical_engagement 
diagnosis 
demography 
59 new agents 
11 dtreferralsatt11 smreferralsatt17 
disease_progression 
H-positive risk:  888 876 135 863 399 123 921 422 133 49 129 62 
H-negative risk:  876 888 921 863 422 399 123 135 129 133 62 49 
New BC onsets:  0
BC status:  4972 28 
BC subtype:  4972 24 4 

clinical_engagement 
diagnosis 
demography 
64 new agents 
4 dtreferralsatt4 smreferralsatt18 
disease_progression 
H-positive risk:  894 885 137 862 395 125 914 415 133 48 131 61 
H-negative risk:  885 894 914 862 415 395 125 137 131 133 61 48 
New BC onsets:  0
BC status:  4971 29 
BC subtype:  4971 25 4 

clinical_engagement 
diagnosis 
demography 
70 new agents 
12 dtreferralsatt12 smreferralsatt19 
disease_progression 
H-positive risk:  897 890 138 864 391 125 907 414 131 48 132 63 
H-negative risk:  890 897 907 864 414 391 125 138 132 131 63 48 
New BC onsets:  0
BC status:  4969 31 
BC subtype:  4969 27 4 

clinical_engagement 
diagnosis 
demography 
67 new agents 
5 dtreferralsatt5 smreferralsatt20 
disease_progression 
H-positive risk:  902 890 139 868 389 124 906 409 130 48 132 63 
H-negative risk:  890 902 906 868 409 389 124 139 132 130 63 48 
New BC onsets:  0
BC status:  4968 32 
BC subtype:  4968 27 5 

clinical_engagement 
diagnosis 
demography 
58 new agents 
4 dtreferralsatt4 smreferralsatt21 
disease_progression 
H-positive risk:  904 887 139 870 390 124 906 408 131 47 133 61 
H-negative risk:  887 904 906 870 408 390 124 139 133 131 61 47 
New BC onsets:  0
BC status:  4968 32 
BC subtype:  4968 27 5 

clinical_engagement 
diagnosis 
demography 
53 new agents 
9 dtreferralsatt9 smreferralsatt22 
disease_progression 
H-positive risk:  911 889 139 862 384 126 909 405 133 48 133 61 
H-negative risk:  889 911 909 862 405 384 126 139 133 133 61 48 
New BC onsets:  0
BC status:  4968 32 
BC subtype:  4968 27 5 

clinical_engagement 
diagnosis 
demography 
69 new agents 
15 dtreferralsatt15 smreferralsatt23 
disease_progression 
H-positive risk:  917 886 140 868 381 127 907 399 134 50 132 59 
H-negative risk:  886 917 907 868 399 381 127 140 132 134 59 50 
New BC onsets:  0
BC status:  4962 38 
BC subtype:  4962 29 9 

clinical_engagement 
diagnosis 
demography 
45 new agents 
9 dtreferralsatt9 smreferralsatt24 
disease_progression 
H-positive risk:  915 892 140 877 378 129 901 397 130 48 134 59 
H-negative risk:  892 915 901 877 397 378 129 140 134 130 59 48 
New BC onsets:  0
BC status:  4957 43 
BC subtype:  4957 33 10 

clinical_engagement 
diagnosis 
demography 
68 new agents 
11 dtreferralsatt11 smreferralsatt25 
disease_progression 
H-positive risk:  840 840 132 930 376 123 978 391 135 49 146 60 
H-negative risk:  840 840 978 930 391 376 123 132 146 135 60 49 
New BC onsets:  0
BC status:  4954 46 
BC subtype:  4954 35 11 

clinical_engagement 
diagnosis 
demography 
201 new agents 
8 dtreferralsatt8 smreferralsatt26 
disease_progression 
H-positive risk:  860 863 136 901 388 126 968 386 133 48 137 54 
H-negative risk:  863 860 968 901 386 388 126 136 137 133 54 48 
New BC onsets:  0
BC status:  4951 49 
BC subtype:  4951 37 12 

clinical_engagement 
diagnosis 
demography 
72 new agents 
7 dtreferralsatt7 smreferralsatt27 
disease_progression 
H-positive risk:  862 866 138 909 382 127 967 383 130 46 136 54 
H-negative risk:  866 862 967 909 383 382 127 138 136 130 54 46 
New BC onsets:  0
BC status:  4950 50 
BC subtype:  4950 38 12 

clinical_engagement 
diagnosis 
demography 
73 new agents 
9 dtreferralsatt9 smreferralsatt28 
disease_progression 
H-positive risk:  859 870 142 911 382 129 968 379 130 46 131 53 
H-negative risk:  870 859 968 911 379 382 129 142 131 130 53 46 
New BC onsets:  0
BC status:  4951 49 
BC subtype:  4951 36 13 

clinical_engagement 
diagnosis 
demography 
55 new agents 
13 dtreferralsatt13 smreferralsatt29 
disease_progression 
H-positive risk:  859 875 143 906 381 132 968 374 132 47 129 54 
H-negative risk:  875 859 968 906 374 381 132 143 129 132 54 47 
New BC onsets:  0
BC status:  4948 52 
BC subtype:  4948 37 15 

clinical_engagement 
diagnosis 
demography 
61 new agents 
7 dtreferralsatt7 smreferralsatt30 
disease_progression 
H-positive risk:  857 880 142 909 378 131 968 375 130 48 128 54 
H-negative risk:  880 857 968 909 375 378 131 142 128 130 54 48 
New BC onsets:  0
BC status:  4945 55 
BC subtype:  4945 39 16 

clinical_engagement 
diagnosis 
demography 
72 new agents 
10 dtreferralsatt10 smreferralsatt31 
disease_progression 
H-positive risk:  859 878 141 910 381 132 958 376 130 48 131 56 
H-negative risk:  878 859 958 910 376 381 132 141 131 130 56 48 
New BC onsets:  0
BC status:  4947 53 
BC subtype:  4947 38 15 

clinical_engagement 
diagnosis 
demography 
62 new agents 
14 dtreferralsatt14 smreferralsatt32 
disease_progression 
H-positive risk:  866 875 140 901 382 132 959 375 130 46 135 59 
H-negative risk:  875 866 959 901 375 382 132 140 135 130 59 46 
New BC onsets:  0
BC status:  4948 52 
BC subtype:  4948 35 17 

clinical_engagement 
diagnosis 
demography 
56 new agents 
14 dtreferralsatt14 smreferralsatt33 
disease_progression 
H-positive risk:  859 880 141 903 374 133 966 374 130 47 135 58 
H-negative risk:  880 859 966 903 374 374 133 141 135 130 58 47 
New BC onsets:  0
BC status:  4946 54 
BC subtype:  4946 34 20 

clinical_engagement 
diagnosis 
demography 
54 new agents 
8 dtreferralsatt8 smreferralsatt34 
disease_progression 
H-positive risk:  858 881 143 904 372 135 971 370 129 45 135 57 
H-negative risk:  881 858 971 904 370 372 135 143 135 129 57 45 
New BC onsets:  0
BC status:  4947 53 
BC subtype:  4947 35 18 

clinical_engagement 
diagnosis 
demography 
67 new agents 
6 dtreferralsatt6 smreferralsatt35 
disease_progression 
H-positive risk:  864 892 144 898 369 135 960 371 128 46 135 58 
H-negative risk:  892 864 960 898 371 369 135 144 135 128 58 46 
New BC onsets:  0
BC status:  4946 54 
BC subtype:  4946 36 18 

clinical_engagement 
diagnosis 
demography 
57 new agents 
7 dtreferralsatt7 smreferralsatt36 
disease_progression 
H-positive risk:  864 895 146 902 370 133 962 366 125 47 132 58 
H-negative risk:  895 864 962 902 366 370 133 146 132 125 58 47 
New BC onsets:  0
BC status:  4945 55 
BC subtype:  4945 35 20 

clinical_engagement 
diagnosis 
demography 
59 new agents 
12 dtreferralsatt12 smreferralsatt37 
disease_progression 
H-positive risk:  815 828 140 972 369 123 1015 359 137 45 139 58 
H-negative risk:  828 815 1015 972 359 369 123 140 139 137 58 45 
New BC onsets:  0
BC status:  4946 54 
BC subtype:  4946 35 19 

clinical_engagement 
diagnosis 
demography 
148 new agents 
14 dtreferralsatt14 smreferralsatt38 
disease_progression 
H-positive risk:  825 841 143 940 384 126 985 380 128 53 137 58 
H-negative risk:  841 825 985 940 380 384 126 143 137 128 58 53 
New BC onsets:  0
BC status:  4945 55 
BC subtype:  4945 37 18 

clinical_engagement 
diagnosis 
demography 
70 new agents 
14 dtreferralsatt14 smreferralsatt39 
disease_progression 
H-positive risk:  819 843 141 939 387 122 999 374 130 51 135 60 
H-negative risk:  843 819 999 939 374 387 122 141 135 130 60 51 
New BC onsets:  0
BC status:  4945 55 
BC subtype:  4945 37 18 

clinical_engagement 
diagnosis 
demography 
57 new agents 
10 dtreferralsatt10 smreferralsatt40 
disease_progression 
H-positive risk:  824 843 140 942 385 121 1001 370 131 48 134 61 
H-negative risk:  843 824 1001 942 370 385 121 140 134 131 61 48 
New BC onsets:  0
BC status:  4942 58 
BC subtype:  4942 40 18 

clinical_engagement 
diagnosis 
demography 
60 new agents 
12 dtreferralsatt12 smreferralsatt41 
disease_progression 
H-positive risk:  826 843 137 941 389 125 996 367 133 48 132 63 
H-negative risk:  843 826 996 941 367 389 125 137 132 133 63 48 
New BC onsets:  0
BC status:  4941 59 
BC subtype:  4941 40 19 

clinical_engagement 
diagnosis 
demography 
69 new agents 
14 dtreferralsatt14 smreferralsatt42 
disease_progression 
H-positive risk:  833 849 136 936 386 124 992 366 130 48 136 64 
H-negative risk:  849 833 992 936 366 386 124 136 136 130 64 48 
New BC onsets:  0
BC status:  4941 59 
BC subtype:  4941 40 19 

clinical_engagement 
diagnosis 
demography 
72 new agents 
12 dtreferralsatt12 smreferralsatt43 
disease_progression 
H-positive risk:  833 859 137 927 390 125 991 366 127 47 136 62 
H-negative risk:  859 833 991 927 366 390 125 137 136 127 62 47 
New BC onsets:  0
BC status:  4938 62 
BC subtype:  4938 43 19 

clinical_engagement 
diagnosis 
demography 
75 new agents 
13 dtreferralsatt13 smreferralsatt44 
disease_progression 
H-positive risk:  834 867 137 934 387 128 981 363 126 48 134 61 
H-negative risk:  867 834 981 934 363 387 128 137 134 126 61 48 
New BC onsets:  0
BC status:  4934 66 
BC subtype:  4934 45 21 

clinical_engagement 
diagnosis 
demography 
71 new agents 
16 dtreferralsatt16 smreferralsatt45 
disease_progression 
H-positive risk:  843 876 136 924 384 128 981 362 124 46 134 62 
H-negative risk:  876 843 981 924 362 384 128 136 134 124 62 46 
New BC onsets:  0
BC status:  4932 68 
BC subtype:  4932 47 21 

clinical_engagement 
diagnosis 
demography 
59 new agents 
15 dtreferralsatt15 smreferralsatt46 
disease_progression 
H-positive risk:  843 877 138 919 381 129 982 362 125 46 136 62 
H-negative risk:  877 843 982 919 362 381 129 138 136 125 62 46 
New BC onsets:  0
BC status:  4931 69 
BC subtype:  4931 47 22 

clinical_engagement 
diagnosis 
demography 
66 new agents 
14 dtreferralsatt14 smreferralsatt47 
disease_progression 
H-positive risk:  853 869 141 928 378 132 974 360 121 45 139 60 
H-negative risk:  869 853 974 928 360 378 132 141 139 121 60 45 
New BC onsets:  0
BC status:  4929 71 
BC subtype:  4929 49 22 

clinical_engagement 
diagnosis 
demography 
70 new agents 
15 dtreferralsatt15 smreferralsatt48 
disease_progression 
H-positive risk:  855 868 142 937 380 130 966 356 123 46 134 63 
H-negative risk:  868 855 966 937 356 380 130 142 134 123 63 46 
New BC onsets:  0
BC status:  4928 72 
BC subtype:  4928 50 22 

clinical_engagement 
diagnosis 
demography 
71 new agents 
9 dtreferralsatt9 smreferralsatt49 
disease_progression 
H-positive risk:  794 796 135 1012 373 125 1031 355 127 47 141 64 
H-negative risk:  796 794 1031 1012 355 373 125 135 141 127 64 47 
New BC onsets:  0
BC status:  4926 74 
BC subtype:  4926 52 22 

clinical_engagement 
diagnosis 
demography 
138 new agents 
8 dtreferralsatt8 smreferralsatt50 
disease_progression 
H-positive risk:  800 815 140 995 386 125 1000 371 119 51 135 63 
H-negative risk:  815 800 1000 995 371 386 125 140 135 119 63 51 
New BC onsets:  0
BC status:  4926 74 
BC subtype:  4926 51 23 

clinical_engagement 
diagnosis 
demography 
74 new agents 
19 dtreferralsatt19 smreferralsatt51 
disease_progression 
H-positive risk:  798 820 140 994 385 127 1004 367 118 49 135 63 
H-negative risk:  820 798 1004 994 367 385 127 140 135 118 63 49 
New BC onsets:  0
BC status:  4925 75 
BC subtype:  4925 53 22 

clinical_engagement 
diagnosis 
demography 
55 new agents 
10 dtreferralsatt10 smreferralsatt52 
disease_progression 
H-positive risk:  796 825 139 995 395 128 989 364 121 50 136 62 
H-negative risk:  825 796 989 995 364 395 128 139 136 121 62 50 
New BC onsets:  0
BC status:  4923 77 
BC subtype:  4923 55 22 

clinical_engagement 
diagnosis 
demography 
59 new agents 
7 dtreferralsatt7 smreferralsatt53 
disease_progression 
H-positive risk:  797 831 139 992 399 127 977 371 119 50 135 63 
H-negative risk:  831 797 977 992 371 399 127 139 135 119 63 50 
New BC onsets:  0
BC status:  4922 78 
BC subtype:  4922 56 22 

clinical_engagement 
diagnosis 
demography 
63 new agents 
10 dtreferralsatt10 smreferralsatt54 
disease_progression 
H-positive risk:  789 837 136 994 396 125 982 374 118 49 138 62 
H-negative risk:  837 789 982 994 374 396 125 136 138 118 62 49 
New BC onsets:  0
BC status:  4921 79 
BC subtype:  4921 57 22 

clinical_engagement 
diagnosis 
demography 
55 new agents 
7 dtreferralsatt7 smreferralsatt55 
disease_progression 
H-positive risk:  792 833 140 997 391 123 983 376 119 49 136 61 
H-negative risk:  833 792 983 997 376 391 123 140 136 119 61 49 
New BC onsets:  0
BC status:  4920 80 
BC subtype:  4920 58 22 

clinical_engagement 
diagnosis 
demography 
77 new agents 
11 dtreferralsatt11 smreferralsatt56 
disease_progression 
H-positive risk:  794 842 139 985 389 127 994 368 120 49 131 62 
H-negative risk:  842 794 994 985 368 389 127 139 131 120 62 49 
New BC onsets:  0
BC status:  4924 76 
BC subtype:  4924 56 20 

clinical_engagement 
diagnosis 
demography 
73 new agents 
9 dtreferralsatt9 smreferralsatt57 
disease_progression 
H-positive risk:  796 843 140 989 388 126 991 368 117 51 129 62 
H-negative risk:  843 796 991 989 368 388 126 140 129 117 62 51 
New BC onsets:  0
BC status:  4919 81 
BC subtype:  4919 60 21 

clinical_engagement 
diagnosis 
demography 
47 new agents 
13 dtreferralsatt13 smreferralsatt58 
disease_progression 
H-positive risk:  800 846 139 994 384 126 983 369 118 52 129 60 
H-negative risk:  846 800 983 994 369 384 126 139 129 118 60 52 
New BC onsets:  0
BC status:  4918 82 
BC subtype:  4918 61 21 

clinical_engagement 
diagnosis 
demography 
71 new agents 
11 dtreferralsatt11 smreferralsatt59 
disease_progression 
H-positive risk:  809 849 138 993 387 127 979 360 116 54 129 59 
H-negative risk:  849 809 979 993 360 387 127 138 129 116 59 54 
New BC onsets:  0
BC status:  4920 80 
BC subtype:  4920 59 21 

clinical_engagement 
diagnosis 
demography 
85 new agents 
4 dtreferralsatt4 smreferralsatt60 
disease_progression 
H-positive risk:  806 849 139 990 388 124 990 354 117 53 130 60 
H-negative risk:  849 806 990 990 354 388 124 139 130 117 60 53 
New BC onsets:  0
BC status:  4920 80 
BC subtype:  4920 59 21 

clinical_engagement 
diagnosis 
demography 
74 new agents 
12 dtreferralsatt12 smreferralsatt61 
disease_progression 
H-positive risk:  756 795 130 1035 381 117 1042 364 127 54 139 60 
H-negative risk:  795 756 1042 1035 364 381 117 130 139 127 60 54 
New BC onsets:  0
BC status:  4920 80 
BC subtype:  4920 60 20 

clinical_engagement 
diagnosis 
demography 
132 new agents 
5 dtreferralsatt5 smreferralsatt62 
disease_progression 
H-positive risk:  758 800 129 1010 397 120 1031 385 129 53 130 58 
H-negative risk:  800 758 1031 1010 385 397 120 129 130 129 58 53 
New BC onsets:  0
BC status:  4921 79 
BC subtype:  4921 60 19 

clinical_engagement 
diagnosis 
demography 
94 new agents 
7 dtreferralsatt7 smreferralsatt63 
disease_progression 
H-positive risk:  765 807 130 1004 395 124 1025 376 131 52 133 58 
H-negative risk:  807 765 1025 1004 376 395 124 130 133 131 58 52 
New BC onsets:  0
BC status:  4920 80 
BC subtype:  4920 60 20 

clinical_engagement 
diagnosis 
demography 
73 new agents 
12 dtreferralsatt12 smreferralsatt64 
disease_progression 
H-positive risk:  771 806 129 999 395 124 1026 376 135 51 132 56 
H-negative risk:  806 771 1026 999 376 395 124 129 132 135 56 51 
New BC onsets:  0
BC status:  4920 80 
BC subtype:  4920 60 20 

clinical_engagement 
diagnosis 
demography 
68 new agents 
10 dtreferralsatt10 smreferralsatt65 
disease_progression 
H-positive risk:  786 805 131 997 387 123 1027 369 134 51 134 56 
H-negative risk:  805 786 1027 997 369 387 123 131 134 134 56 51 
New BC onsets:  0
BC status:  4921 79 
BC subtype:  4921 60 19 

clinical_engagement 
diagnosis 
demography 
77 new agents 
15 dtreferralsatt15 smreferralsatt66 
disease_progression 
H-positive risk:  785 808 130 996 386 123 1027 370 134 50 135 56 
H-negative risk:  808 785 1027 996 370 386 123 130 135 134 56 50 
New BC onsets:  0
BC status:  4919 81 
BC subtype:  4919 62 19 

clinical_engagement 
diagnosis 
demography 
74 new agents 
10 dtreferralsatt10 smreferralsatt67 
disease_progression 
H-positive risk:  790 815 130 993 386 122 1027 366 132 50 134 55 
H-negative risk:  815 790 1027 993 366 386 122 130 134 132 55 50 
New BC onsets:  0
BC status:  4918 82 
BC subtype:  4918 64 18 

clinical_engagement 
diagnosis 
demography 
64 new agents 
13 dtreferralsatt13 smreferralsatt68 
disease_progression 
H-positive risk:  784 820 133 999 378 121 1030 362 135 49 132 57 
H-negative risk:  820 784 1030 999 362 378 121 133 132 135 57 49 
New BC onsets:  0
BC status:  4919 81 
BC subtype:  4919 63 18 

clinical_engagement 
diagnosis 
demography 
87 new agents 
9 dtreferralsatt9 smreferralsatt69 
disease_progression 
H-positive risk:  793 830 134 993 369 122 1034 351 136 49 132 57 
H-negative risk:  830 793 1034 993 351 369 122 134 132 136 57 49 
New BC onsets:  0
BC status:  4924 76 
BC subtype:  4924 60 16 

clinical_engagement 
diagnosis 
demography 
75 new agents 
9 dtreferralsatt9 smreferralsatt70 
disease_progression 
H-positive risk:  795 839 135 979 366 124 1040 343 137 49 136 57 
H-negative risk:  839 795 1040 979 343 366 124 135 136 137 57 49 
New BC onsets:  0
BC status:  4922 78 
BC subtype:  4922 61 17 

clinical_engagement 
diagnosis 
demography 
66 new agents 
13 dtreferralsatt13 smreferralsatt71 
disease_progression 
H-positive risk:  790 841 136 973 373 125 1038 347 136 49 135 57 
H-negative risk:  841 790 1038 973 347 373 125 136 135 136 57 49 
New BC onsets:  0
BC status:  4922 78 
BC subtype:  4922 61 17 

clinical_engagement 
diagnosis 
demography 
74 new agents 
11 dtreferralsatt11 smreferralsatt72 
disease_progression 
H-positive risk:  797 845 137 971 367 126 1038 343 134 48 136 58 
H-negative risk:  845 797 1038 971 343 367 126 137 136 134 58 48 
New BC onsets:  0
BC status:  4921 79 
BC subtype:  4921 62 17 

clinical_engagement 
diagnosis 
demography 
64 new agents 
18 dtreferralsatt18 smreferralsatt73 
disease_progression 
H-positive risk:  761 803 123 1022 360 120 1076 342 140 48 147 58 
H-negative risk:  803 761 1076 1022 342 360 120 123 147 140 58 48 
New BC onsets:  0
BC status:  4921 79 
BC subtype:  4921 61 18 

clinical_engagement 
diagnosis 
demography 
120 new agents 
11 dtreferralsatt11 smreferralsatt74 
disease_progression 
H-positive risk:  763 806 122 1013 371 120 1063 349 133 54 146 60 
H-negative risk:  806 763 1063 1013 349 371 120 122 146 133 60 54 
New BC onsets:  0
BC status:  4920 80 
BC subtype:  4920 63 17 

clinical_engagement 
diagnosis 
demography 
83 new agents 
10 dtreferralsatt10 smreferralsatt75 
disease_progression 
H-positive risk:  764 814 123 1007 370 121 1066 345 127 56 148 59 
H-negative risk:  814 764 1066 1007 345 370 121 123 148 127 59 56 
New BC onsets:  0
BC status:  4919 81 
BC subtype:  4919 64 17 

clinical_engagement 
diagnosis 
demography 
71 new agents 
15 dtreferralsatt15 smreferralsatt76 
disease_progression 
H-positive risk:  768 810 123 1008 374 118 1063 350 126 55 147 58 
H-negative risk:  810 768 1063 1008 350 374 118 123 147 126 58 55 
New BC onsets:  0
BC status:  4919 81 
BC subtype:  4919 63 18 

clinical_engagement 
diagnosis 
demography 
79 new agents 
10 dtreferralsatt10 smreferralsatt77 
disease_progression 
H-positive risk:  770 809 126 1004 373 124 1064 345 127 55 148 55 
H-negative risk:  809 770 1064 1004 345 373 124 126 148 127 55 55 
New BC onsets:  0
BC status:  4917 83 
BC subtype:  4917 65 18 

clinical_engagement 
diagnosis 
demography 
66 new agents 
5 dtreferralsatt5 smreferralsatt78 
disease_progression 
H-positive risk:  774 810 126 1007 371 119 1059 344 131 55 150 54 
H-negative risk:  810 774 1059 1007 344 371 119 126 150 131 54 55 
New BC onsets:  0
BC status:  4916 84 
BC subtype:  4916 66 18 

clinical_engagement 
diagnosis 
demography 
72 new agents 
12 dtreferralsatt12 smreferralsatt79 
disease_progression 
H-positive risk:  769 811 125 1010 367 122 1062 348 131 57 147 51 
H-negative risk:  811 769 1062 1010 348 367 122 125 147 131 51 57 
New BC onsets:  0
BC status:  4917 83 
BC subtype:  4917 65 18 

clinical_engagement 
diagnosis 
demography 
77 new agents 
10 dtreferralsatt10 smreferralsatt80 
disease_progression 
H-positive risk:  772 818 122 1006 375 124 1047 352 130 56 150 48 
H-negative risk:  818 772 1047 1006 352 375 124 122 150 130 48 56 
New BC onsets:  0
BC status:  4918 82 
BC subtype:  4918 63 19 

clinical_engagement 
diagnosis 
demography 
80 new agents 
5 dtreferralsatt5 smreferralsatt81 
disease_progression 
H-positive risk:  772 815 127 1013 378 121 1048 348 131 49 147 51 
H-negative risk:  815 772 1048 1013 348 378 121 127 147 131 51 49 
New BC onsets:  0
BC status:  4914 86 
BC subtype:  4914 65 21 

clinical_engagement 
diagnosis 
demography 
53 new agents 
9 dtreferralsatt9 smreferralsatt82 
disease_progression 
H-positive risk:  776 817 125 1010 382 121 1043 346 131 48 150 51 
H-negative risk:  817 776 1043 1010 346 382 121 125 150 131 51 48 
New BC onsets:  0
BC status:  4915 85 
BC subtype:  4915 66 19 

clinical_engagement 
diagnosis 
demography 
66 new agents 
7 dtreferralsatt7 smreferralsatt83 
disease_progression 
H-positive risk:  775 821 126 1013 371 116 1048 349 131 48 150 52 
H-negative risk:  821 775 1048 1013 349 371 116 126 150 131 52 48 
New BC onsets:  0
BC status:  4915 85 
BC subtype:  4915 68 17 

clinical_engagement 
diagnosis 
demography 
85 new agents 
7 dtreferralsatt7 smreferralsatt84 
disease_progression 
H-positive risk:  774 828 126 1019 372 116 1046 342 131 47 148 51 
H-negative risk:  828 774 1046 1019 342 372 116 126 148 131 51 47 
New BC onsets:  0
BC status:  4915 85 
BC subtype:  4915 67 18 

clinical_engagement 
diagnosis 
demography 
72 new agents 
14 dtreferralsatt14 smreferralsatt85 
disease_progression 
H-positive risk:  730 774 121 1067 373 113 1094 340 138 45 153 52 
H-negative risk:  774 730 1094 1067 340 373 113 121 153 138 52 45 
New BC onsets:  0
BC status:  4918 82 
BC subtype:  4918 65 17 

clinical_engagement 
diagnosis 
demography 
103 new agents 
6 dtreferralsatt6 smreferralsatt86 
disease_progression 
H-positive risk:  731 781 121 1044 391 114 1083 347 136 46 152 54 
H-negative risk:  781 731 1083 1044 347 391 114 121 152 136 54 46 
New BC onsets:  0
BC status:  4917 83 
BC subtype:  4917 66 17 

clinical_engagement 
diagnosis 
demography 
83 new agents 
15 dtreferralsatt15 smreferralsatt87 
disease_progression 
H-positive risk:  732 780 118 1041 392 114 1080 350 137 49 154 53 
H-negative risk:  780 732 1080 1041 350 392 114 118 154 137 53 49 
New BC onsets:  0
BC status:  4917 83 
BC subtype:  4917 67 16 

clinical_engagement 
diagnosis 
demography 
68 new agents 
7 dtreferralsatt7 smreferralsatt88 
disease_progression 
H-positive risk:  729 781 118 1041 393 114 1078 350 138 48 158 52 
H-negative risk:  781 729 1078 1041 350 393 114 118 158 138 52 48 
New BC onsets:  0
BC status:  4917 83 
BC subtype:  4917 68 15 

clinical_engagement 
diagnosis 
demography 
61 new agents 
13 dtreferralsatt13 smreferralsatt89 
disease_progression 
H-positive risk:  728 780 117 1039 394 113 1081 350 141 47 159 51 
H-negative risk:  780 728 1081 1039 350 394 113 117 159 141 51 47 
New BC onsets:  0
BC status:  4917 83 
BC subtype:  4917 68 15 

clinical_engagement 
diagnosis 
demography 
59 new agents 
13 dtreferralsatt13 smreferralsatt90 
disease_progression 
H-positive risk:  734 781 115 1037 399 115 1085 338 139 47 160 50 
H-negative risk:  781 734 1085 1037 338 399 115 115 160 139 50 47 
New BC onsets:  0
BC status:  4918 82 
BC subtype:  4918 67 15 

clinical_engagement 
diagnosis 
demography 
72 new agents 
11 dtreferralsatt11 smreferralsatt91 
disease_progression 
H-positive risk:  740 785 115 1037 398 114 1082 335 140 46 159 49 
H-negative risk:  785 740 1082 1037 335 398 114 115 159 140 49 46 
New BC onsets:  0
BC status:  4918 82 
BC subtype:  4918 68 14 

clinical_engagement 
diagnosis 
demography 
68 new agents 
17 dtreferralsatt17 smreferralsatt92 
disease_progression 
H-positive risk:  738 789 111 1035 398 112 1083 333 139 48 160 54 
H-negative risk:  789 738 1083 1035 333 398 112 111 160 139 54 48 
New BC onsets:  0
BC status:  4916 84 
BC subtype:  4916 70 14 

clinical_engagement 
diagnosis 
demography 
80 new agents 
7 dtreferralsatt7 smreferralsatt93 
disease_progression 
H-positive risk:  738 797 109 1036 387 112 1081 335 142 47 162 54 
H-negative risk:  797 738 1081 1036 335 387 112 109 162 142 54 47 
New BC onsets:  0
BC status:  4918 82 
BC subtype:  4918 67 15 

clinical_engagement 
diagnosis 
demography 
68 new agents 
3 dtreferralsatt3 smreferralsatt94 
disease_progression 
H-positive risk:  747 797 110 1028 379 112 1092 338 141 47 157 52 
H-negative risk:  797 747 1092 1028 338 379 112 110 157 141 52 47 
New BC onsets:  0
BC status:  4915 85 
BC subtype:  4915 67 18 

clinical_engagement 
diagnosis 
demography 
68 new agents 
11 dtreferralsatt11 smreferralsatt95 
disease_progression 
H-positive risk:  748 797 111 1026 376 115 1091 338 142 48 156 52 
H-negative risk:  797 748 1091 1026 338 376 115 111 156 142 52 48 
New BC onsets:  0
BC status:  4915 85 
BC subtype:  4915 67 18 

clinical_engagement 
diagnosis 
demography 
75 new agents 
9 dtreferralsatt9 smreferralsatt96 
disease_progression 
H-positive risk:  751 804 109 1024 372 111 1095 338 143 45 154 54 
H-negative risk:  804 751 1095 1024 338 372 111 109 154 143 54 45 
New BC onsets:  0
BC status:  4912 88 
BC subtype:  4912 69 19 

clinical_engagement 
diagnosis 
demography 
70 new agents 
7 dtreferralsatt7 smreferralsatt97 
disease_progression 
H-positive risk:  719 758 103 1068 376 105 1128 339 147 45 159 53 
H-negative risk:  758 719 1128 1068 339 376 105 103 159 147 53 45 
New BC onsets:  0
BC status:  4914 86 
BC subtype:  4914 67 19 

clinical_engagement 
diagnosis 
demography 
101 new agents 
10 dtreferralsatt10 smreferralsatt98 
disease_progression 
H-positive risk:  717 763 100 1057 394 101 1099 363 146 45 154 61 
H-negative risk:  763 717 1099 1057 363 394 101 100 154 146 61 45 
New BC onsets:  0
BC status:  4913 87 
BC subtype:  4913 67 20 

clinical_engagement 
diagnosis 
demography 
89 new agents 
12 dtreferralsatt12 smreferralsatt99 
disease_progression 
H-positive risk:  728 755 100 1057 387 102 1108 360 145 44 153 61 
H-negative risk:  755 728 1108 1057 360 387 102 100 153 145 61 44 
New BC onsets:  0
BC status:  4911 89 
BC subtype:  4911 69 20 

clinical_engagement 
diagnosis 
demography 
68 new agents 
6 dtreferralsatt6 smreferralsatt100 
disease_progression 
H-positive risk:  732 758 102 1068 379 102 1094 360 141 48 154 62 
H-negative risk:  758 732 1094 1068 360 379 102 102 154 141 62 48 
New BC onsets:  0
BC status:  4911 89 
BC subtype:  4911 69 20 

clinical_engagement 
diagnosis 
demography 
67 new agents 
20 dtreferralsatt20 smreferralsatt101 
disease_progression 
H-positive risk:  731 757 103 1069 369 101 1100 359 142 50 156 63 
H-negative risk:  757 731 1100 1069 359 369 101 103 156 142 63 50 
New BC onsets:  0
BC status:  4911 89 
BC subtype:  4911 68 21 

clinical_engagement 
diagnosis 
demography 
69 new agents 
14 dtreferralsatt14 smreferralsatt102 
disease_progression 
H-positive risk:  730 759 100 1067 369 100 1105 359 143 49 157 62 
H-negative risk:  759 730 1105 1067 359 369 100 100 157 143 62 49 
New BC onsets:  0
BC status:  4908 92 
BC subtype:  4908 72 20 

clinical_engagement 
diagnosis 
demography 
63 new agents 
10 dtreferralsatt10 smreferralsatt103 
disease_progression 
H-positive risk:  736 751 101 1071 371 100 1101 356 143 51 160 59 
H-negative risk:  751 736 1101 1071 356 371 100 101 160 143 59 51 
New BC onsets:  0
BC status:  4905 95 
BC subtype:  4905 75 20 

clinical_engagement 
diagnosis 
demography 
60 new agents 
10 dtreferralsatt10 smreferralsatt104 
disease_progression 
H-positive risk:  728 755 98 1070 373 102 1107 355 142 50 164 56 
H-negative risk:  755 728 1107 1070 355 373 102 98 164 142 56 50 
New BC onsets:  0
BC status:  4904 96 
BC subtype:  4904 76 20 

clinical_engagement 
diagnosis 
demography 
66 new agents 
7 dtreferralsatt7 smreferralsatt105 
disease_progression 
H-positive risk:  719 753 97 1068 376 105 1113 359 142 50 164 54 
H-negative risk:  753 719 1113 1068 359 376 105 97 164 142 54 50 
New BC onsets:  0
BC status:  4908 92 
BC subtype:  4908 73 19 

clinical_engagement 
diagnosis 
demography 
73 new agents 
14 dtreferralsatt14 smreferralsatt106 
disease_progression 
H-positive risk:  709 756 97 1071 373 106 1114 359 142 50 168 55 
H-negative risk:  756 709 1114 1071 359 373 106 97 168 142 55 50 
New BC onsets:  0
BC status:  4909 91 
BC subtype:  4909 72 19 

clinical_engagement 
diagnosis 
demography 
66 new agents 
9 dtreferralsatt9 smreferralsatt107 
disease_progression 
H-positive risk:  710 756 99 1078 363 105 1111 364 145 50 164 55 
H-negative risk:  756 710 1111 1078 364 363 105 99 164 145 55 50 
New BC onsets:  0
BC status:  4909 91 
BC subtype:  4909 72 19 

clinical_engagement 
diagnosis 
demography 
71 new agents 
15 dtreferralsatt15 smreferralsatt108 
disease_progression 
H-positive risk:  704 760 97 1080 362 104 1111 365 146 49 166 56 
H-negative risk:  760 704 1111 1080 365 362 104 97 166 146 56 49 
New BC onsets:  0
BC status:  4908 92 
BC subtype:  4908 72 20 

clinical_engagement 
diagnosis 
demography 
58 new agents 
16 dtreferralsatt16 smreferralsatt109 
disease_progression 
H-positive risk:  657 731 89 1116 358 100 1156 365 150 51 172 55 
H-negative risk:  731 657 1156 1116 365 358 100 89 172 150 55 51 
New BC onsets:  0
BC status:  4907 93 
BC subtype:  4907 73 20 

clinical_engagement 
diagnosis 
demography 
101 new agents 
10 dtreferralsatt10 smreferralsatt110 
disease_progression 
H-positive risk:  662 728 87 1113 365 97 1140 375 154 51 175 53 
H-negative risk:  728 662 1140 1113 375 365 97 87 175 154 53 51 
New BC onsets:  0
BC status:  4902 98 
BC subtype:  4902 78 20 

clinical_engagement 
diagnosis 
demography 
74 new agents 
4 dtreferralsatt4 smreferralsatt111 
disease_progression 
H-positive risk:  660 726 87 1120 364 96 1135 380 152 53 172 55 
H-negative risk:  726 660 1135 1120 380 364 96 87 172 152 55 53 
New BC onsets:  0
BC status:  4903 97 
BC subtype:  4903 77 20 

clinical_engagement 
diagnosis 
demography 
79 new agents 
9 dtreferralsatt9 smreferralsatt112 
disease_progression 
H-positive risk:  665 720 84 1127 369 92 1135 375 149 53 175 56 
H-negative risk:  720 665 1135 1127 375 369 92 84 175 149 56 53 
New BC onsets:  0
BC status:  4902 98 
BC subtype:  4902 80 18 

clinical_engagement 
diagnosis 
demography 
77 new agents 
12 dtreferralsatt12 smreferralsatt113 
disease_progression 
H-positive risk:  674 716 83 1136 369 93 1123 375 149 54 175 53 
H-negative risk:  716 674 1123 1136 375 369 93 83 175 149 53 54 
New BC onsets:  0
BC status:  4904 96 
BC subtype:  4904 79 17 

clinical_engagement 
diagnosis 
demography 
60 new agents 
9 dtreferralsatt9 smreferralsatt114 
disease_progression 
H-positive risk:  685 714 83 1129 365 90 1121 378 152 53 175 55 
H-negative risk:  714 685 1121 1129 378 365 90 83 175 152 55 53 
New BC onsets:  0
BC status:  4901 99 
BC subtype:  4901 82 17 

clinical_engagement 
diagnosis 
demography 
74 new agents 
13 dtreferralsatt13 smreferralsatt115 
disease_progression 
H-positive risk:  687 708 87 1138 359 90 1116 383 155 50 173 54 
H-negative risk:  708 687 1116 1138 383 359 90 87 173 155 54 50 
New BC onsets:  0
BC status:  4899 101 
BC subtype:  4899 82 19 

clinical_engagement 
diagnosis 
demography 
66 new agents 
14 dtreferralsatt14 smreferralsatt116 
disease_progression 
H-positive risk:  691 701 88 1142 359 92 1111 386 153 49 174 54 
H-negative risk:  701 691 1111 1142 386 359 92 88 174 153 54 49 
New BC onsets:  0
BC status:  4898 102 
BC subtype:  4898 82 20 

clinical_engagement 
diagnosis 
demography 
70 new agents 
10 dtreferralsatt10 smreferralsatt117 
disease_progression 
H-positive risk:  693 695 85 1145 365 90 1112 386 153 47 172 57 
H-negative risk:  695 693 1112 1145 386 365 90 85 172 153 57 47 
New BC onsets:  0
BC status:  4897 103 
BC subtype:  4897 81 22 

clinical_engagement 
diagnosis 
demography 
76 new agents 
15 dtreferralsatt15 smreferralsatt118 
disease_progression 
H-positive risk:  700 696 89 1147 357 91 1105 383 154 47 174 57 
H-negative risk:  696 700 1105 1147 383 357 91 89 174 154 57 47 
New BC onsets:  0
BC status:  4895 105 
BC subtype:  4895 83 22 

clinical_engagement 
diagnosis 
demography 
76 new agents 
4 dtreferralsatt4 smreferralsatt119 
disease_progression 
H-positive risk:  703 703 87 1140 358 90 1102 381 153 46 178 59 
H-negative risk:  703 703 1102 1140 381 358 90 87 178 153 59 46 
New BC onsets:  0
BC status:  4893 107 
BC subtype:  4893 81 26 

clinical_engagement 
diagnosis 
demography 
77 new agents 
10 dtreferralsatt10 smreferralsatt120 
disease_progression 
H-positive risk:  695 697 87 1141 364 92 1104 383 154 47 173 63 
H-negative risk:  697 695 1104 1141 383 364 92 87 173 154 63 47 
New BC onsets:  0
BC status:  4894 106 
BC subtype:  4894 80 26 

clinical_engagement 
diagnosis 
demography 
78 new agents 
20 dtreferralsatt20 smreferralsatt121 
disease_progression 
H-positive risk:  657 662 80 1186 359 87 1147 378 155 48 181 60 
H-negative risk:  662 657 1147 1186 378 359 87 80 181 155 60 48 
New BC onsets:  0
BC status:  4895 105 
BC subtype:  4895 79 26 

clinical_engagement 
diagnosis 
demography 
92 new agents 
12 dtreferralsatt12 smreferralsatt122 
disease_progression 
H-positive risk:  662 652 79 1180 374 88 1124 394 154 54 181 58 
H-negative risk:  652 662 1124 1180 394 374 88 79 181 154 58 54 
New BC onsets:  0
BC status:  4892 108 
BC subtype:  4892 82 26 

clinical_engagement 
diagnosis 
demography 
67 new agents 
10 dtreferralsatt10 smreferralsatt123 
disease_progression 
H-positive risk:  657 650 75 1176 385 87 1119 402 153 57 179 60 
H-negative risk:  650 657 1119 1176 402 385 87 75 179 153 60 57 
New BC onsets:  0
BC status:  4893 107 
BC subtype:  4893 82 25 

clinical_engagement 
diagnosis 
demography 
75 new agents 
15 dtreferralsatt15 smreferralsatt124 
disease_progression 
H-positive risk:  654 655 75 1173 389 89 1117 399 154 58 177 60 
H-negative risk:  655 654 1117 1173 399 389 89 75 177 154 60 58 
New BC onsets:  0
BC status:  4891 109 
BC subtype:  4891 84 25 

clinical_engagement 
diagnosis 
demography 
76 new agents 
11 dtreferralsatt11 smreferralsatt125 
disease_progression 
H-positive risk:  646 656 77 1177 386 92 1119 398 155 57 178 59 
H-negative risk:  656 646 1119 1177 398 386 92 77 178 155 59 57 
New BC onsets:  0
BC status:  4891 109 
BC subtype:  4891 85 24 

clinical_engagement 
diagnosis 
demography 
82 new agents 
14 dtreferralsatt14 smreferralsatt126 
disease_progression 
H-positive risk:  639 656 80 1176 389 95 1123 399 153 54 176 60 
H-negative risk:  656 639 1123 1176 399 389 95 80 176 153 60 54 
New BC onsets:  0
BC status:  4892 108 
BC subtype:  4892 83 25 

clinical_engagement 
diagnosis 
demography 
73 new agents 
8 dtreferralsatt8 smreferralsatt127 
disease_progression 
H-positive risk:  642 649 79 1179 390 93 1127 395 152 56 178 60 
H-negative risk:  649 642 1127 1179 395 390 93 79 178 152 60 56 
New BC onsets:  0
BC status:  4890 110 
BC subtype:  4890 84 26 

clinical_engagement 
diagnosis 
demography 
83 new agents 
7 dtreferralsatt7 smreferralsatt128 
disease_progression 
H-positive risk:  641 654 80 1181 378 92 1135 390 156 56 177 60 
H-negative risk:  654 641 1135 1181 390 378 92 80 177 156 60 56 
New BC onsets:  0
BC status:  4891 109 
BC subtype:  4891 83 26 

clinical_engagement 
diagnosis 
demography 
54 new agents 
9 dtreferralsatt9 smreferralsatt129 
disease_progression 
H-positive risk:  628 646 79 1188 379 92 1148 394 155 55 175 61 
H-negative risk:  646 628 1148 1188 394 379 92 79 175 155 61 55 
New BC onsets:  0
BC status:  4892 108 
BC subtype:  4892 82 26 

clinical_engagement 
diagnosis 
demography 
82 new agents 
11 dtreferralsatt11 smreferralsatt130 
disease_progression 
H-positive risk:  623 650 82 1199 377 91 1131 402 155 57 173 60 
H-negative risk:  650 623 1131 1199 402 377 91 82 173 155 60 57 
New BC onsets:  0
BC status:  4891 109 
BC subtype:  4891 84 25 

clinical_engagement 
diagnosis 
demography 
84 new agents 
11 dtreferralsatt11 smreferralsatt131 
disease_progression 
H-positive risk:  619 649 82 1198 373 91 1128 410 155 57 177 61 
H-negative risk:  649 619 1128 1198 410 373 91 82 177 155 61 57 
New BC onsets:  0
BC status:  4890 110 
BC subtype:  4890 85 25 

clinical_engagement 
diagnosis 
demography 
70 new agents 
9 dtreferralsatt9 smreferralsatt132 
disease_progression 
H-positive risk:  631 642 84 1204 372 87 1126 404 157 57 176 60 
H-negative risk:  642 631 1126 1204 404 372 87 84 176 157 60 57 
New BC onsets:  0
BC status:  4890 110 
BC subtype:  4890 85 25 

clinical_engagement 
diagnosis 
demography 
73 new agents 
5 dtreferralsatt5 smreferralsatt133 
disease_progression 
H-positive risk:  642 646 86 1197 376 87 1120 405 157 55 171 58 
H-negative risk:  646 642 1120 1197 405 376 87 86 171 157 58 55 
New BC onsets:  0
BC status:  4890 110 
BC subtype:  4890 85 25 

clinical_engagement 
diagnosis 
demography 
102 new agents 
9 dtreferralsatt9 smreferralsatt134 
disease_progression 
H-positive risk:  653 653 86 1173 390 88 1112 411 156 53 167 58 
H-negative risk:  653 653 1112 1173 411 390 88 86 167 156 58 53 
New BC onsets:  0
BC status:  4890 110 
BC subtype:  4890 85 25 

clinical_engagement 
diagnosis 
demography 
66 new agents 
12 dtreferralsatt12 smreferralsatt135 
disease_progression 
H-positive risk:  655 657 84 1172 389 88 1112 409 157 49 167 61 
H-negative risk:  657 655 1112 1172 409 389 88 84 167 157 61 49 
New BC onsets:  0
BC status:  4887 113 
BC subtype:  4887 88 25 

clinical_engagement 
diagnosis 
demography 
75 new agents 
8 dtreferralsatt8 smreferralsatt136 
disease_progression 
H-positive risk:  648 656 86 1172 383 86 1118 413 161 50 165 62 
H-negative risk:  656 648 1118 1172 413 383 86 86 165 161 62 50 
New BC onsets:  0
BC status:  4886 114 
BC subtype:  4886 88 26 

clinical_engagement 
diagnosis 
demography 
63 new agents 
8 dtreferralsatt8 smreferralsatt137 
disease_progression 
H-positive risk:  650 659 85 1176 382 87 1111 415 160 50 164 61 
H-negative risk:  659 650 1111 1176 415 382 87 85 164 160 61 50 
New BC onsets:  0
BC status:  4888 112 
BC subtype:  4888 86 26 

clinical_engagement 
diagnosis 
demography 
78 new agents 
9 dtreferralsatt9 smreferralsatt138 
disease_progression 
H-positive risk:  644 669 85 1173 387 88 1113 416 156 49 162 58 
H-negative risk:  669 644 1113 1173 416 387 88 85 162 156 58 49 
New BC onsets:  0
BC status:  4888 112 
BC subtype:  4888 87 25 

clinical_engagement 
diagnosis 
demography 
72 new agents 
4 dtreferralsatt4 smreferralsatt139 
disease_progression 
H-positive risk:  636 663 86 1174 386 88 1123 414 158 48 166 58 
H-negative risk:  663 636 1123 1174 414 386 88 86 166 158 58 48 
New BC onsets:  0
BC status:  4885 115 
BC subtype:  4885 88 27 

clinical_engagement 
diagnosis 
demography 
75 new agents 
9 dtreferralsatt9 smreferralsatt140 
disease_progression 
H-positive risk:  639 668 86 1173 375 83 1126 414 163 48 165 60 
H-negative risk:  668 639 1126 1173 414 375 83 86 165 163 60 48 
New BC onsets:  0
BC status:  4886 114 
BC subtype:  4886 85 29 

clinical_engagement 
diagnosis 
demography 
71 new agents 
9 dtreferralsatt9 smreferralsatt141 
disease_progression 
H-positive risk:  644 670 86 1166 377 81 1124 418 167 46 166 55 
H-negative risk:  670 644 1124 1166 418 377 81 86 166 167 55 46 
New BC onsets:  0
BC status:  4884 116 
BC subtype:  4884 87 29 

clinical_engagement 
diagnosis 
demography 
61 new agents 
6 dtreferralsatt6 smreferralsatt142 
disease_progression 
H-positive risk:  641 674 85 1171 381 80 1121 411 169 45 166 56 
H-negative risk:  674 641 1121 1171 411 381 80 85 166 169 56 45 
New BC onsets:  0
BC status:  4884 116 
BC subtype:  4884 88 28 

clinical_engagement 
diagnosis 
demography 
60 new agents 
12 dtreferralsatt12 smreferralsatt143 
disease_progression 
H-positive risk:  636 680 85 1164 385 81 1122 410 168 45 165 59 
H-negative risk:  680 636 1122 1164 410 385 81 85 165 168 59 45 
New BC onsets:  0
BC status:  4885 115 
BC subtype:  4885 87 28 

clinical_engagement 
diagnosis 
demography 
72 new agents 
13 dtreferralsatt13 smreferralsatt144 
disease_progression 
H-positive risk:  633 678 87 1163 382 78 1135 408 167 44 165 60 
H-negative risk:  678 633 1135 1163 408 382 78 87 165 167 60 44 
New BC onsets:  0
BC status:  4887 113 
BC subtype:  4887 86 27 

clinical_engagement 
diagnosis 
demography 
70 new agents 
12 dtreferralsatt12 smreferralsatt145 
disease_progression 
H-positive risk:  643 678 87 1161 372 78 1144 403 166 43 165 60 
H-negative risk:  678 643 1144 1161 403 372 78 87 165 166 60 43 
New BC onsets:  0
BC status:  4887 113 
BC subtype:  4887 85 28 

clinical_engagement 
diagnosis 
demography 
86 new agents 
10 dtreferralsatt10 smreferralsatt146 
disease_progression 
H-positive risk:  640 681 86 1158 368 76 1150 411 166 42 164 58 
H-negative risk:  681 640 1150 1158 411 368 76 86 164 166 58 42 
New BC onsets:  0
BC status:  4888 112 
BC subtype:  4888 85 27 

clinical_engagement 
diagnosis 
demography 
85 new agents 
11 dtreferralsatt11 smreferralsatt147 
disease_progression 
H-positive risk:  653 672 86 1151 375 75 1144 413 166 43 164 58 
H-negative risk:  672 653 1144 1151 413 375 75 86 164 166 58 43 
New BC onsets:  0
BC status:  4885 115 
BC subtype:  4885 87 28 

clinical_engagement 
diagnosis 
demography 
77 new agents 
10 dtreferralsatt10 smreferralsatt148 
disease_progression 
H-positive risk:  651 676 88 1146 371 77 1154 405 167 42 168 55 
H-negative risk:  676 651 1154 1146 405 371 77 88 168 167 55 42 
New BC onsets:  0
BC status:  4888 112 
BC subtype:  4888 85 27 

clinical_engagement 
diagnosis 
demography 
69 new agents 
9 dtreferralsatt9 smreferralsatt149 
disease_progression 
H-positive risk:  649 668 90 1145 372 80 1153 407 167 44 169 56 
H-negative risk:  668 649 1153 1145 407 372 80 90 169 167 56 44 
New BC onsets:  0
BC status:  4893 107 
BC subtype:  4893 81 26 

clinical_engagement 
diagnosis 
demography 
81 new agents 
6 dtreferralsatt6 smreferralsatt150 
disease_progression 
H-positive risk:  636 660 90 1155 375 79 1169 403 166 42 170 55 
H-negative risk:  660 636 1169 1155 403 375 79 90 170 166 55 42 
New BC onsets:  0
BC status:  4895 105 
BC subtype:  4895 78 27 

clinical_engagement 
diagnosis 
demography 
66 new agents 
15 dtreferralsatt15 smreferralsatt151 
disease_progression 
H-positive risk:  638 658 91 1148 378 81 1170 404 164 42 172 54 
H-negative risk:  658 638 1170 1148 404 378 81 91 172 164 54 42 
New BC onsets:  0
BC status:  4898 102 
BC subtype:  4898 76 26 

clinical_engagement 
diagnosis 
demography 
61 new agents 
7 dtreferralsatt7 smreferralsatt152 
disease_progression 
H-positive risk:  635 656 90 1154 383 82 1166 409 162 43 166 54 
H-negative risk:  656 635 1166 1154 409 383 82 90 166 162 54 43 
New BC onsets:  0
BC status:  4896 104 
BC subtype:  4896 77 27 

clinical_engagement 
diagnosis 
demography 
56 new agents 
9 dtreferralsatt9 smreferralsatt153 
disease_progression 
H-positive risk:  627 653 93 1149 386 83 1173 409 162 44 163 58 
H-negative risk:  653 627 1173 1149 409 386 83 93 163 162 58 44 
New BC onsets:  0
BC status:  4898 102 
BC subtype:  4898 76 26 

clinical_engagement 
diagnosis 
demography 
75 new agents 
11 dtreferralsatt11 smreferralsatt154 
disease_progression 
H-positive risk:  626 659 92 1153 385 84 1175 400 160 43 165 58 
H-negative risk:  659 626 1175 1153 400 385 84 92 165 160 58 43 
New BC onsets:  0
BC status:  4898 102 
BC subtype:  4898 76 26 

clinical_engagement 
diagnosis 
demography 
72 new agents 
8 dtreferralsatt8 smreferralsatt155 
disease_progression 
H-positive risk:  631 664 90 1157 383 88 1169 390 163 42 165 58 
H-negative risk:  664 631 1169 1157 390 383 88 90 165 163 58 42 
New BC onsets:  0
BC status:  4899 101 
BC subtype:  4899 76 25 

clinical_engagement 
diagnosis 
demography 
81 new agents 
8 dtreferralsatt8 smreferralsatt156 
disease_progression 
H-positive risk:  626 664 87 1156 388 89 1174 382 163 44 170 57 
H-negative risk:  664 626 1174 1156 382 388 89 87 170 163 57 44 
New BC onsets:  0
BC status:  4897 103 
BC subtype:  4897 78 25 

clinical_engagement 
diagnosis 
demography 
62 new agents 
10 dtreferralsatt10 smreferralsatt157 
disease_progression 
H-positive risk:  621 658 87 1165 388 88 1178 386 164 40 170 55 
H-negative risk:  658 621 1178 1165 386 388 88 87 170 164 55 40 
New BC onsets:  0
BC status:  4891 109 
BC subtype:  4891 84 25 

clinical_engagement 
diagnosis 
demography 
91 new agents 
7 dtreferralsatt7 smreferralsatt158 
disease_progression 
H-positive risk:  634 654 86 1152 395 89 1166 398 161 41 169 55 
H-negative risk:  654 634 1166 1152 398 395 89 86 169 161 55 41 
New BC onsets:  0
BC status:  4893 107 
BC subtype:  4893 83 24 

clinical_engagement 
diagnosis 
demography 
78 new agents 
8 dtreferralsatt8 smreferralsatt159 
disease_progression 
H-positive risk:  640 656 86 1147 396 85 1155 404 164 44 168 55 
H-negative risk:  656 640 1155 1147 404 396 85 86 168 164 55 44 
New BC onsets:  0
BC status:  4893 107 
BC subtype:  4893 83 24 

clinical_engagement 
diagnosis 
demography 
84 new agents 
12 dtreferralsatt12 smreferralsatt160 
disease_progression 
H-positive risk:  643 645 89 1156 389 87 1155 401 165 44 172 54 
H-negative risk:  645 643 1155 1156 401 389 87 89 172 165 54 44 
New BC onsets:  0
BC status:  4889 111 
BC subtype:  4889 87 24 

clinical_engagement 
diagnosis 
demography 
87 new agents 
9 dtreferralsatt9 smreferralsatt161 
disease_progression 
H-positive risk:  645 641 91 1152 390 86 1160 395 165 45 175 55 
H-negative risk:  641 645 1160 1152 395 390 86 91 175 165 55 45 
New BC onsets:  0
BC status:  4885 115 
BC subtype:  4885 89 26 

clinical_engagement 
diagnosis 
demography 
67 new agents 
20 dtreferralsatt20 smreferralsatt162 
disease_progression 
H-positive risk:  646 651 92 1146 389 86 1160 391 165 45 173 56 
H-negative risk:  651 646 1160 1146 391 389 86 92 173 165 56 45 
New BC onsets:  0
BC status:  4887 113 
BC subtype:  4887 89 24 

clinical_engagement 
diagnosis 
demography 
79 new agents 
11 dtreferralsatt11 smreferralsatt163 
disease_progression 
H-positive risk:  642 655 94 1149 391 88 1162 386 161 44 171 57 
H-negative risk:  655 642 1162 1149 386 391 88 94 171 161 57 44 
New BC onsets:  0
BC status:  4887 113 
BC subtype:  4887 88 25 

clinical_engagement 
diagnosis 
demography 
68 new agents 
13 dtreferralsatt13 smreferralsatt164 
disease_progression 
H-positive risk:  642 651 95 1155 391 86 1157 385 164 45 172 57 
H-negative risk:  651 642 1157 1155 385 391 86 95 172 164 57 45 
New BC onsets:  0
BC status:  4888 112 
BC subtype:  4888 87 25 

clinical_engagement 
diagnosis 
demography 
87 new agents 
12 dtreferralsatt12 smreferralsatt165 
disease_progression 
H-positive risk:  642 653 97 1149 393 86 1157 383 164 45 176 55 
H-negative risk:  653 642 1157 1149 383 393 86 97 176 164 55 45 
New BC onsets:  0
BC status:  4884 116 
BC subtype:  4884 89 27 

clinical_engagement 
diagnosis 
demography 
77 new agents 
3 dtreferralsatt3 smreferralsatt166 
disease_progression 
H-positive risk:  645 655 96 1146 384 87 1164 384 165 44 177 53 
H-negative risk:  655 645 1164 1146 384 384 87 96 177 165 53 44 
New BC onsets:  0
BC status:  4887 113 
BC subtype:  4887 87 26 

clinical_engagement 
diagnosis 
demography 
65 new agents 
16 dtreferralsatt16 smreferralsatt167 
disease_progression 
H-positive risk:  638 661 94 1143 385 84 1159 390 167 46 179 54 
H-negative risk:  661 638 1159 1143 390 385 84 94 179 167 54 46 
New BC onsets:  0
BC status:  4885 115 
BC subtype:  4885 88 27 

clinical_engagement 
diagnosis 
demography 
61 new agents 
15 dtreferralsatt15 smreferralsatt168 
disease_progression 
H-positive risk:  642 660 94 1142 394 83 1152 390 169 48 171 55 
H-negative risk:  660 642 1152 1142 390 394 83 94 171 169 55 48 
New BC onsets:  0
BC status:  4886 114 
BC subtype:  4886 87 27 

clinical_engagement 
diagnosis 
demography 
77 new agents 
7 dtreferralsatt7 smreferralsatt169 
disease_progression 
H-positive risk:  649 660 97 1140 392 84 1152 384 168 47 170 57 
H-negative risk:  660 649 1152 1140 384 392 84 97 170 168 57 47 
New BC onsets:  0
BC status:  4889 111 
BC subtype:  4889 84 27 

clinical_engagement 
diagnosis 
demography 
92 new agents 
13 dtreferralsatt13 smreferralsatt170 
disease_progression 
H-positive risk:  655 661 96 1117 397 86 1142 404 168 46 170 58 
H-negative risk:  661 655 1142 1117 404 397 86 96 170 168 58 46 
New BC onsets:  0
BC status:  4890 110 
BC subtype:  4890 83 27 

clinical_engagement 
diagnosis 
demography 
85 new agents 
17 dtreferralsatt17 smreferralsatt171 
disease_progression 
H-positive risk:  653 669 95 1123 398 82 1141 399 167 48 168 57 
H-negative risk:  669 653 1141 1123 399 398 82 95 168 167 57 48 
New BC onsets:  0
BC status:  4893 107 
BC subtype:  4893 82 25 

clinical_engagement 
diagnosis 
demography 
87 new agents 
9 dtreferralsatt9 smreferralsatt172 
disease_progression 
H-positive risk:  655 681 95 1119 396 82 1128 405 167 46 171 55 
H-negative risk:  681 655 1128 1119 405 396 82 95 171 167 55 46 
New BC onsets:  0
BC status:  4892 108 
BC subtype:  4892 83 25 

clinical_engagement 
diagnosis 
demography 
77 new agents 
12 dtreferralsatt12 smreferralsatt173 
disease_progression 
H-positive risk:  654 692 95 1115 396 84 1138 398 162 43 169 54 
H-negative risk:  692 654 1138 1115 398 396 84 95 169 162 54 43 
New BC onsets:  0
BC status:  4892 108 
BC subtype:  4892 82 26 

clinical_engagement 
diagnosis 
demography 
59 new agents 
3 dtreferralsatt3 smreferralsatt174 
disease_progression 
H-positive risk:  651 680 95 1116 403 83 1148 395 162 45 168 54 
H-negative risk:  680 651 1148 1116 395 403 83 95 168 162 54 45 
New BC onsets:  0
BC status:  4894 106 
BC subtype:  4894 81 25 

clinical_engagement 
diagnosis 
demography 
84 new agents 
8 dtreferralsatt8 smreferralsatt175 
disease_progression 
H-positive risk:  646 691 93 1107 406 79 1152 393 164 45 170 54 
H-negative risk:  691 646 1152 1107 393 406 79 93 170 164 54 45 
New BC onsets:  0
BC status:  4888 112 
BC subtype:  4888 86 26 

clinical_engagement 
diagnosis 
demography 
61 new agents 
9 dtreferralsatt9 smreferralsatt176 
disease_progression 
H-positive risk:  648 682 96 1108 410 79 1144 396 166 45 171 55 
H-negative risk:  682 648 1144 1108 396 410 79 96 171 166 55 45 
New BC onsets:  0
BC status:  4891 109 
BC subtype:  4891 84 25 

clinical_engagement 
diagnosis 
demography 
84 new agents 
13 dtreferralsatt13 smreferralsatt177 
disease_progression 
H-positive risk:  650 690 95 1110 414 78 1142 385 166 47 171 52 
H-negative risk:  690 650 1142 1110 385 414 78 95 171 166 52 47 
New BC onsets:  0
BC status:  4892 108 
BC subtype:  4892 83 25 

clinical_engagement 
diagnosis 
demography 
77 new agents 
7 dtreferralsatt7 smreferralsatt178 
disease_progression 
H-positive risk:  662 686 98 1110 413 80 1141 380 162 47 170 51 
H-negative risk:  686 662 1141 1110 380 413 80 98 170 162 51 47 
New BC onsets:  0
BC status:  4889 111 
BC subtype:  4889 84 27 

clinical_engagement 
diagnosis 
demography 
71 new agents 
13 dtreferralsatt13 smreferralsatt179 
disease_progression 
H-positive risk:  663 682 98 1112 408 81 1142 385 164 45 169 51 
H-negative risk:  682 663 1142 1112 385 408 81 98 169 164 51 45 
New BC onsets:  0
BC status:  4888 112 
BC subtype:  4888 85 27 

clinical_engagement 
diagnosis 
demography 
69 new agents 
14 dtreferralsatt14 smreferralsatt180 
disease_progression 
H-positive risk:  662 687 100 1103 406 82 1148 388 162 47 165 50 
H-negative risk:  687 662 1148 1103 388 406 82 100 165 162 50 47 
New BC onsets:  0
BC status:  4889 111 
BC subtype:  4889 82 29 

clinical_engagement 
diagnosis 
demography 
62 new agents 
16 dtreferralsatt16 smreferralsatt181 
disease_progression 
H-positive risk:  661 689 101 1104 402 84 1153 387 157 47 166 49 
H-negative risk:  689 661 1153 1104 387 402 84 101 166 157 49 47 
New BC onsets:  0
BC status:  4888 112 
BC subtype:  4888 83 29 

clinical_engagement 
diagnosis 
demography 
89 new agents 
13 dtreferralsatt13 smreferralsatt182 
disease_progression 
H-positive risk:  653 683 104 1108 412 87 1147 391 152 51 158 54 
H-negative risk:  683 653 1147 1108 391 412 87 104 158 152 54 51 
New BC onsets:  0
BC status:  4892 108 
BC subtype:  4892 79 29 

clinical_engagement 
diagnosis 
demography 
81 new agents 
9 dtreferralsatt9 smreferralsatt183 
disease_progression 
H-positive risk:  656 683 104 1107 407 89 1155 387 148 52 161 51 
H-negative risk:  683 656 1155 1107 387 407 89 104 161 148 51 52 
New BC onsets:  0
BC status:  4890 110 
BC subtype:  4890 77 33 

clinical_engagement 
diagnosis 
demography 
65 new agents 
9 dtreferralsatt9 smreferralsatt184 
disease_progression 
H-positive risk:  657 676 106 1113 409 87 1152 388 148 51 162 51 
H-negative risk:  676 657 1152 1113 388 409 87 106 162 148 51 51 
New BC onsets:  0
BC status:  4889 111 
BC subtype:  4889 76 35 

clinical_engagement 
diagnosis 
demography 
76 new agents 
11 dtreferralsatt11 smreferralsatt185 
disease_progression 
H-positive risk:  657 676 106 1108 414 82 1149 390 151 51 162 54 
H-negative risk:  676 657 1149 1108 390 414 82 106 162 151 54 51 
New BC onsets:  0
BC status:  4887 113 
BC subtype:  4887 78 35 

clinical_engagement 
diagnosis 
demography 
78 new agents 
15 dtreferralsatt15 smreferralsatt186 
disease_progression 
H-positive risk:  662 670 106 1113 416 81 1149 388 152 49 157 57 
H-negative risk:  670 662 1149 1113 388 416 81 106 157 152 57 49 
New BC onsets:  0
BC status:  4888 112 
BC subtype:  4888 77 35 

clinical_engagement 
diagnosis 
demography 
69 new agents 
13 dtreferralsatt13 smreferralsatt187 
disease_progression 
H-positive risk:  664 671 103 1106 421 80 1153 388 155 45 159 55 
H-negative risk:  671 664 1153 1106 388 421 80 103 159 155 55 45 
New BC onsets:  0
BC status:  4886 114 
BC subtype:  4886 79 35 

clinical_engagement 
diagnosis 
demography 
72 new agents 
9 dtreferralsatt9 smreferralsatt188 
disease_progression 
H-positive risk:  670 676 104 1104 423 81 1152 383 154 44 156 53 
H-negative risk:  676 670 1152 1104 383 423 81 104 156 154 53 44 
New BC onsets:  0
BC status:  4890 110 
BC subtype:  4890 76 34 

clinical_engagement 
diagnosis 
demography 
62 new agents 
8 dtreferralsatt8 smreferralsatt189 
disease_progression 
H-positive risk:  660 672 105 1106 433 79 1161 377 152 45 156 54 
H-negative risk:  672 660 1161 1106 377 433 79 105 156 152 54 45 
New BC onsets:  0
BC status:  4890 110 
BC subtype:  4890 77 33 

clinical_engagement 
diagnosis 
demography 
85 new agents 
6 dtreferralsatt6 smreferralsatt190 
disease_progression 
H-positive risk:  662 678 105 1108 431 79 1158 376 150 43 154 56 
H-negative risk:  678 662 1158 1108 376 431 79 105 154 150 56 43 
New BC onsets:  0
BC status:  4890 110 
BC subtype:  4890 77 33 

clinical_engagement 
diagnosis 
demography 
75 new agents 
12 dtreferralsatt12 smreferralsatt191 
disease_progression 
H-positive risk:  658 678 104 1107 436 80 1160 377 148 42 154 56 
H-negative risk:  678 658 1160 1107 377 436 80 104 154 148 56 42 
New BC onsets:  0
BC status:  4893 107 
BC subtype:  4893 76 31 

clinical_engagement 
diagnosis 
demography 
83 new agents 
16 dtreferralsatt16 smreferralsatt192 
disease_progression 
H-positive risk:  662 681 102 1104 434 83 1164 367 147 40 155 61 
H-negative risk:  681 662 1164 1104 367 434 83 102 155 147 61 40 
New BC onsets:  0
BC status:  4898 102 
BC subtype:  4898 73 29 

clinical_engagement 
diagnosis 
demography 
79 new agents 
11 dtreferralsatt11 smreferralsatt193 
disease_progression 
H-positive risk:  660 682 102 1106 428 83 1158 378 146 40 157 60 
H-negative risk:  682 660 1158 1106 378 428 83 102 157 146 60 40 
New BC onsets:  0
BC status:  4896 104 
BC subtype:  4896 75 29 

clinical_engagement 
diagnosis 
demography 
77 new agents 
7 dtreferralsatt7 smreferralsatt194 
disease_progression 
H-positive risk:  661 680 101 1096 434 83 1155 383 151 38 158 60 
H-negative risk:  680 661 1155 1096 383 434 83 101 158 151 60 38 
New BC onsets:  0
BC status:  4890 110 
BC subtype:  4890 79 31 

clinical_engagement 
diagnosis 
demography 
78 new agents 
6 dtreferralsatt6 smreferralsatt195 
disease_progression 
H-positive risk:  663 680 100 1096 440 83 1151 381 150 41 155 60 
H-negative risk:  680 663 1151 1096 381 440 83 100 155 150 60 41 
New BC onsets:  0
BC status:  4884 116 
BC subtype:  4884 82 34 

clinical_engagement 
diagnosis 
demography 
88 new agents 
10 dtreferralsatt10 smreferralsatt196 
disease_progression 
H-positive risk:  670 692 97 1091 441 84 1146 377 147 42 153 60 
H-negative risk:  692 670 1146 1091 377 441 84 97 153 147 60 42 
New BC onsets:  0
BC status:  4883 117 
BC subtype:  4883 84 33 

clinical_engagement 
diagnosis 
demography 
63 new agents 
13 dtreferralsatt13 smreferralsatt197 
disease_progression 
H-positive risk:  671 691 101 1087 440 83 1153 371 147 42 154 60 
H-negative risk:  691 671 1153 1087 371 440 83 101 154 147 60 42 
New BC onsets:  0
BC status:  4883 117 
BC subtype:  4883 86 31 

clinical_engagement 
diagnosis 
demography 
75 new agents 
11 dtreferralsatt11 smreferralsatt198 
disease_progression 
H-positive risk:  670 684 100 1096 437 84 1150 377 146 43 155 58 
H-negative risk:  684 670 1150 1096 377 437 84 100 155 146 58 43 
New BC onsets:  0
BC status:  4878 122 
BC subtype:  4878 89 33 

clinical_engagement 
diagnosis 
demography 
79 new agents 
8 dtreferralsatt8 smreferralsatt199 
disease_progression 
H-positive risk:  671 682 98 1097 441 87 1141 382 143 43 154 61 
H-negative risk:  682 671 1141 1097 382 441 87 98 154 143 61 43 
New BC onsets:  0
BC status:  4878 122 
BC subtype:  4878 87 35 

clinical_engagement 
diagnosis 
demography 
70 new agents 
7 dtreferralsatt7 smreferralsatt200 
disease_progression 
H-positive risk:  665 690 97 1096 440 88 1128 388 146 44 156 62 
H-negative risk:  690 665 1128 1096 388 440 88 97 156 146 62 44 
New BC onsets:  0
BC status:  4882 118 
BC subtype:  4882 84 34 

clinical_engagement 
diagnosis 
demography 
66 new agents 
10 dtreferralsatt10 smreferralsatt201 
disease_progression 
H-positive risk:  662 687 98 1095 431 90 1131 394 145 44 159 64 
H-negative risk:  687 662 1131 1095 394 431 90 98 159 145 64 44 
New BC onsets:  0
BC status:  4882 118 
BC subtype:  4882 85 33 

clinical_engagement 
diagnosis 
demography 
69 new agents 
11 dtreferralsatt11 smreferralsatt202 
disease_progression 
H-positive risk:  667 681 95 1098 432 91 1129 397 143 45 158 64 
H-negative risk:  681 667 1129 1098 397 432 91 95 158 143 64 45 
New BC onsets:  0
BC status:  4879 121 
BC subtype:  4879 88 33 

clinical_engagement 
diagnosis 
demography 
90 new agents 
11 dtreferralsatt11 smreferralsatt203 
disease_progression 
H-positive risk:  679 674 96 1107 433 91 1107 404 142 46 157 64 
H-negative risk:  674 679 1107 1107 404 433 91 96 157 142 64 46 
New BC onsets:  0
BC status:  4876 124 
BC subtype:  4876 92 32 

clinical_engagement 
diagnosis 
demography 
87 new agents 
11 dtreferralsatt11 smreferralsatt204 
disease_progression 
H-positive risk:  685 675 98 1112 432 92 1095 400 145 47 156 63 
H-negative risk:  675 685 1095 1112 400 432 92 98 156 145 63 47 
New BC onsets:  0
BC status:  4876 124 
BC subtype:  4876 93 31 

clinical_engagement 
diagnosis 
demography 
76 new agents 
16 dtreferralsatt16 smreferralsatt205 
disease_progression 
H-positive risk:  692 678 98 1103 432 94 1093 399 143 50 156 62 
H-negative risk:  678 692 1093 1103 399 432 94 98 156 143 62 50 
New BC onsets:  0
BC status:  4877 123 
BC subtype:  4877 94 29 

clinical_engagement 
diagnosis 
demography 
81 new agents 
7 dtreferralsatt7 smreferralsatt206 
disease_progression 
H-positive risk:  691 678 97 1105 438 98 1080 404 143 50 155 61 
H-negative risk:  678 691 1080 1105 404 438 98 97 155 143 61 50 
New BC onsets:  0
BC status:  4875 125 
BC subtype:  4875 96 29 

clinical_engagement 
diagnosis 
demography 
65 new agents 
9 dtreferralsatt9 smreferralsatt207 
disease_progression 
H-positive risk:  681 681 96 1110 433 96 1091 404 144 50 156 58 
H-negative risk:  681 681 1091 1110 404 433 96 96 156 144 58 50 
New BC onsets:  0
BC status:  4874 126 
BC subtype:  4874 97 29 

clinical_engagement 
diagnosis 
demography 
71 new agents 
7 dtreferralsatt7 smreferralsatt208 
disease_progression 
H-positive risk:  685 680 95 1107 431 96 1083 412 146 51 153 61 
H-negative risk:  680 685 1083 1107 412 431 96 95 153 146 61 51 
New BC onsets:  0
BC status:  4880 120 
BC subtype:  4880 93 27 

clinical_engagement 
diagnosis 
demography 
79 new agents 
13 dtreferralsatt13 smreferralsatt209 
disease_progression 
H-positive risk:  681 674 95 1119 431 97 1081 413 144 50 153 62 
H-negative risk:  674 681 1081 1119 413 431 97 95 153 144 62 50 
New BC onsets:  0
BC status:  4885 115 
BC subtype:  4885 90 25 

clinical_engagement 
diagnosis 
demography 
65 new agents 
6 dtreferralsatt6 smreferralsatt210 
disease_progression 
H-positive risk:  676 678 95 1126 430 97 1078 414 139 51 153 63 
H-negative risk:  678 676 1078 1126 414 430 97 95 153 139 63 51 
New BC onsets:  0
BC status:  4884 116 
BC subtype:  4884 90 26 

clinical_engagement 
diagnosis 
demography 
67 new agents 
5 dtreferralsatt5 smreferralsatt211 
disease_progression 
H-positive risk:  677 679 96 1120 434 96 1069 422 138 52 155 62 
H-negative risk:  679 677 1069 1120 422 434 96 96 155 138 62 52 
New BC onsets:  0
BC status:  4885 115 
BC subtype:  4885 90 25 

clinical_engagement 
diagnosis 
demography 
70 new agents 
8 dtreferralsatt8 smreferralsatt212 
disease_progression 
H-positive risk:  677 683 94 1128 432 95 1069 418 140 48 152 64 
H-negative risk:  683 677 1069 1128 418 432 95 94 152 140 64 48 
New BC onsets:  0
BC status:  4886 114 
BC subtype:  4886 89 25 

clinical_engagement 
diagnosis 
demography 
68 new agents 
7 dtreferralsatt7 smreferralsatt213 
disease_progression 
H-positive risk:  682 680 92 1126 441 94 1063 412 142 49 153 66 
H-negative risk:  680 682 1063 1126 412 441 94 92 153 142 66 49 
New BC onsets:  0
BC status:  4883 117 
BC subtype:  4883 89 28 

clinical_engagement 
diagnosis 
demography 
65 new agents 
15 dtreferralsatt15 smreferralsatt214 
disease_progression 
H-positive risk:  673 681 95 1116 445 95 1073 407 147 49 152 67 
H-negative risk:  681 673 1073 1116 407 445 95 95 152 147 67 49 
New BC onsets:  0
BC status:  4882 118 
BC subtype:  4882 90 28 

clinical_engagement 
diagnosis 
demography 
87 new agents 
16 dtreferralsatt16 smreferralsatt215 
disease_progression 
H-positive risk:  676 678 95 1121 441 95 1074 400 149 49 154 68 
H-negative risk:  678 676 1074 1121 400 441 95 95 154 149 68 49 
New BC onsets:  0
BC status:  4880 120 
BC subtype:  4880 93 27 

clinical_engagement 
diagnosis 
demography 
70 new agents 
14 dtreferralsatt14 smreferralsatt216 
disease_progression 
H-positive risk:  684 674 94 1115 439 93 1080 398 152 48 157 66 
H-negative risk:  674 684 1080 1115 398 439 93 94 157 152 66 48 
New BC onsets:  0
BC status:  4884 116 
BC subtype:  4884 90 26 

clinical_engagement 
diagnosis 
demography 
76 new agents 
3 dtreferralsatt3 smreferralsatt217 
disease_progression 
H-positive risk:  674 668 94 1107 454 91 1090 396 151 53 153 69 
H-negative risk:  668 674 1090 1107 396 454 91 94 153 151 69 53 
New BC onsets:  0
BC status:  4886 114 
BC subtype:  4886 89 25 

clinical_engagement 
diagnosis 
demography 
82 new agents 
11 dtreferralsatt11 smreferralsatt218 
disease_progression 
H-positive risk:  674 658 95 1112 456 88 1100 394 151 55 151 66 
H-negative risk:  658 674 1100 1112 394 456 88 95 151 151 66 55 
New BC onsets:  0
BC status:  4887 113 
BC subtype:  4887 88 25 

clinical_engagement 
diagnosis 
demography 
78 new agents 
11 dtreferralsatt11 smreferralsatt219 
disease_progression 
H-positive risk:  678 651 93 1121 461 88 1099 391 148 51 151 68 
H-negative risk:  651 678 1099 1121 391 461 88 93 151 148 68 51 
New BC onsets:  0
BC status:  4884 116 
BC subtype:  4884 90 26 

clinical_engagement 
diagnosis 
demography 
77 new agents 
12 dtreferralsatt12 smreferralsatt220 
disease_progression 
H-positive risk:  683 650 93 1120 460 87 1093 393 152 50 152 67 
H-negative risk:  650 683 1093 1120 393 460 87 93 152 152 67 50 
New BC onsets:  0
BC status:  4885 115 
BC subtype:  4885 89 26 

clinical_engagement 
diagnosis 
demography 
78 new agents 
12 dtreferralsatt12 smreferralsatt221 
disease_progression 
H-positive risk:  679 657 97 1132 443 86 1093 388 154 47 153 71 
H-negative risk:  657 679 1093 1132 388 443 86 97 153 154 71 47 
New BC onsets:  0
BC status:  4884 116 
BC subtype:  4884 88 28 

clinical_engagement 
diagnosis 
demography 
65 new agents 
12 dtreferralsatt12 smreferralsatt222 
disease_progression 
H-positive risk:  680 662 100 1128 447 87 1095 380 150 48 154 69 
H-negative risk:  662 680 1095 1128 380 447 87 100 154 150 69 48 
New BC onsets:  0
BC status:  4888 112 
BC subtype:  4888 85 27 

clinical_engagement 
diagnosis 
demography 
64 new agents 
12 dtreferralsatt12 smreferralsatt223 
disease_progression 
H-positive risk:  676 655 97 1129 448 87 1096 391 149 49 155 68 
H-negative risk:  655 676 1096 1129 391 448 87 97 155 149 68 49 
New BC onsets:  0
BC status:  4887 113 
BC subtype:  4887 82 31 

clinical_engagement 
diagnosis 
demography 
77 new agents 
9 dtreferralsatt9 smreferralsatt224 
disease_progression 
H-positive risk:  678 655 98 1123 444 87 1095 398 150 50 155 67 
H-negative risk:  655 678 1095 1123 398 444 87 98 155 150 67 50 
New BC onsets:  0
BC status:  4884 116 
BC subtype:  4884 85 31 

clinical_engagement 
diagnosis 
demography 
54 new agents 
17 dtreferralsatt17 smreferralsatt225 
disease_progression 
H-positive risk:  679 654 100 1115 449 88 1092 401 152 50 152 68 
H-negative risk:  654 679 1092 1115 401 449 88 100 152 152 68 50 
New BC onsets:  0
BC status:  4884 116 
BC subtype:  4884 86 30 

clinical_engagement 
diagnosis 
demography 
62 new agents 
7 dtreferralsatt7 smreferralsatt226 
disease_progression 
H-positive risk:  678 647 102 1111 456 87 1087 403 152 53 153 71 
H-negative risk:  647 678 1087 1111 403 456 87 102 153 152 71 53 
New BC onsets:  0
BC status:  4882 118 
BC subtype:  4882 86 32 

clinical_engagement 
diagnosis 
demography 
70 new agents 
14 dtreferralsatt14 smreferralsatt227 
disease_progression 
H-positive risk:  676 645 103 1113 452 87 1086 405 159 51 153 70 
H-negative risk:  645 676 1086 1113 405 452 87 103 153 159 70 51 
New BC onsets:  0
BC status:  4884 116 
BC subtype:  4884 84 32 

clinical_engagement 
diagnosis 
demography 
93 new agents 
13 dtreferralsatt13 smreferralsatt228 
disease_progression 
H-positive risk:  680 647 103 1117 443 87 1089 400 158 52 156 68 
H-negative risk:  647 680 1089 1117 400 443 87 103 156 158 68 52 
New BC onsets:  0
BC status:  4881 119 
BC subtype:  4881 86 33 

clinical_engagement 
diagnosis 
demography 
71 new agents 
14 dtreferralsatt14 smreferralsatt229 
disease_progression 
H-positive risk:  679 649 103 1108 448 87 1079 409 158 51 158 71 
H-negative risk:  649 679 1079 1108 409 448 87 103 158 158 71 51 
New BC onsets:  0
BC status:  4882 118 
BC subtype:  4882 86 32 

clinical_engagement 
diagnosis 
demography 
84 new agents 
9 dtreferralsatt9 smreferralsatt230 
disease_progression 
H-positive risk:  673 649 104 1116 446 89 1073 411 156 51 157 75 
H-negative risk:  649 673 1073 1116 411 446 89 104 157 156 75 51 
New BC onsets:  0
BC status:  4885 115 
BC subtype:  4885 83 32 

clinical_engagement 
diagnosis 
demography 
86 new agents 
8 dtreferralsatt8 smreferralsatt231 
disease_progression 
H-positive risk:  679 656 107 1110 441 90 1070 415 151 50 158 73 
H-negative risk:  656 679 1070 1110 415 441 90 107 158 151 73 50 
New BC onsets:  0
BC status:  4886 114 
BC subtype:  4886 82 32 

clinical_engagement 
diagnosis 
demography 
80 new agents 
9 dtreferralsatt9 smreferralsatt232 
disease_progression 
H-positive risk:  679 650 106 1105 454 87 1071 418 155 49 156 70 
H-negative risk:  650 679 1071 1105 418 454 87 106 156 155 70 49 
New BC onsets:  0
BC status:  4887 113 
BC subtype:  4887 81 32 

clinical_engagement 
diagnosis 
demography 
70 new agents 
17 dtreferralsatt17 smreferralsatt233 
disease_progression 
H-positive risk:  670 650 99 1105 455 86 1075 423 153 52 162 70 
H-negative risk:  650 670 1075 1105 423 455 86 99 162 153 70 52 
New BC onsets:  0
BC status:  4888 112 
BC subtype:  4888 80 32 

clinical_engagement 
diagnosis 
demography 
76 new agents 
4 dtreferralsatt4 smreferralsatt234 
disease_progression 
H-positive risk:  664 645 101 1110 454 87 1078 427 155 53 158 68 
H-negative risk:  645 664 1078 1110 427 454 87 101 158 155 68 53 
New BC onsets:  0
BC status:  4889 111 
BC subtype:  4889 80 31 

clinical_engagement 
diagnosis 
demography 
79 new agents 
13 dtreferralsatt13 smreferralsatt235 
disease_progression 
H-positive risk:  668 646 99 1111 452 84 1077 427 157 55 157 67 
H-negative risk:  646 668 1077 1111 427 452 84 99 157 157 67 55 
New BC onsets:  0
BC status:  4888 112 
BC subtype:  4888 81 31 

clinical_engagement 
diagnosis 
demography 
79 new agents 
7 dtreferralsatt7 smreferralsatt236 
disease_progression 
H-positive risk:  669 642 101 1109 452 83 1080 423 162 53 157 69 
H-negative risk:  642 669 1080 1109 423 452 83 101 157 162 69 53 
New BC onsets:  0
BC status:  4886 114 
BC subtype:  4886 82 32 

clinical_engagement 
diagnosis 
demography 
80 new agents 
7 dtreferralsatt7 smreferralsatt237 
disease_progression 
H-positive risk:  667 640 103 1113 447 84 1081 425 157 58 155 70 
H-negative risk:  640 667 1081 1113 425 447 84 103 155 157 70 58 
New BC onsets:  0
BC status:  4882 118 
BC subtype:  4882 85 33 

clinical_engagement 
diagnosis 
demography 
81 new agents 
12 dtreferralsatt12 smreferralsatt238 
disease_progression 
H-positive risk:  675 640 99 1109 444 82 1082 425 157 57 162 68 
H-negative risk:  640 675 1082 1109 425 444 82 99 162 157 68 57 
New BC onsets:  0
BC status:  4884 116 
BC subtype:  4884 84 32 

clinical_engagement 
diagnosis 
demography 
75 new agents 
13 dtreferralsatt13 smreferralsatt239 
disease_progression 
H-positive risk:  677 642 101 1103 444 80 1082 425 160 58 161 67 
H-negative risk:  642 677 1082 1103 425 444 80 101 161 160 67 58 
New BC onsets:  0
BC status:  4883 117 
BC subtype:  4883 85 32 

clinical_engagement 
diagnosis 
demography 
69 new agents 
13 dtreferralsatt13 smreferralsatt240 
disease_progression 
H-positive risk:  673 636 100 1110 444 80 1086 426 160 57 161 67 
H-negative risk:  636 673 1086 1110 426 444 80 100 161 160 67 57 
New BC onsets:  0
BC status:  4883 117 
BC subtype:  4883 84 33 

clinical_engagement 
diagnosis 
demography 
69 new agents 
11 dtreferralsatt11 smreferralsatt241 
disease_progression 
H-positive risk:  665 651 100 1099 452 80 1065 441 160 57 161 69 
H-negative risk:  651 665 1065 1099 441 452 80 100 161 160 69 57 
New BC onsets:  0
BC status:  4884 116 
BC subtype:  4884 83 33 

clinical_engagement 
diagnosis 
demography 
84 new agents 
10 dtreferralsatt10 smreferralsatt242 
disease_progression 
H-positive risk:  663 650 103 1097 451 80 1066 448 160 55 160 67 
H-negative risk:  650 663 1066 1097 448 451 80 103 160 160 67 55 
New BC onsets:  0
BC status:  4886 114 
BC subtype:  4886 83 31 

clinical_engagement 
diagnosis 
demography 
100 new agents 
5 dtreferralsatt5 smreferralsatt243 
disease_progression 
H-positive risk:  664 648 101 1099 451 80 1076 439 158 59 158 67 
H-negative risk:  648 664 1076 1099 439 451 80 101 158 158 67 59 
New BC onsets:  0
BC status:  4885 115 
BC subtype:  4885 85 30 

clinical_engagement 
diagnosis 
demography 
80 new agents 
13 dtreferralsatt13 smreferralsatt244 
disease_progression 
H-positive risk:  663 645 100 1096 448 79 1075 442 160 60 159 73 
H-negative risk:  645 663 1075 1096 442 448 79 100 159 160 73 60 
New BC onsets:  0
BC status:  4888 112 
BC subtype:  4888 82 30 

clinical_engagement 
diagnosis 
demography 
89 new agents 
14 dtreferralsatt14 smreferralsatt245 
disease_progression 
H-positive risk:  671 650 103 1098 447 75 1074 439 158 58 156 71 
H-negative risk:  650 671 1074 1098 439 447 75 103 156 158 71 58 
New BC onsets:  0
BC status:  4884 116 
BC subtype:  4884 87 29 

clinical_engagement 
diagnosis 
demography 
84 new agents 
17 dtreferralsatt17 smreferralsatt246 
disease_progression 
H-positive risk:  679 661 102 1098 448 72 1060 439 161 60 154 66 
H-negative risk:  661 679 1060 1098 439 448 72 102 154 161 66 60 
New BC onsets:  0
BC status:  4888 112 
BC subtype:  4888 84 28 

clinical_engagement 
diagnosis 
demography 
85 new agents 
9 dtreferralsatt9 smreferralsatt247 
disease_progression 
H-positive risk:  687 658 104 1099 450 67 1056 433 164 61 155 66 
H-negative risk:  658 687 1056 1099 433 450 67 104 155 164 66 61 
New BC onsets:  0
BC status:  4888 112 
BC subtype:  4888 84 28 

clinical_engagement 
diagnosis 
demography 
61 new agents 
7 dtreferralsatt7 smreferralsatt248 
disease_progression 
H-positive risk:  683 660 102 1101 451 68 1055 434 163 61 156 66 
H-negative risk:  660 683 1055 1101 434 451 68 102 156 163 66 61 
New BC onsets:  0
BC status:  4886 114 
BC subtype:  4886 86 28 

clinical_engagement 
diagnosis 
demography 
78 new agents 
12 dtreferralsatt12 smreferralsatt249 
disease_progression 
H-positive risk:  685 670 103 1092 445 72 1047 438 166 60 155 67 
H-negative risk:  670 685 1047 1092 438 445 72 103 155 166 67 60 
New BC onsets:  0
BC status:  4886 114 
BC subtype:  4886 85 29 

clinical_engagement 
diagnosis 
demography 
67 new agents 
12 dtreferralsatt12 smreferralsatt250 
disease_progression 
H-positive risk:  687 675 104 1086 448 72 1046 440 164 58 153 67 
H-negative risk:  675 687 1046 1086 440 448 72 104 153 164 67 58 
New BC onsets:  0
BC status:  4887 113 
BC subtype:  4887 85 28 

clinical_engagement 
diagnosis 
demography 
83 new agents 
11 dtreferralsatt11 smreferralsatt251 
disease_progression 
H-positive risk:  681 672 106 1101 450 72 1041 437 163 59 153 65 
H-negative risk:  672 681 1041 1101 437 450 72 106 153 163 65 59 
New BC onsets:  0
BC status:  4889 111 
BC subtype:  4889 83 28 

clinical_engagement 
diagnosis 
demography 
59 new agents 
11 dtreferralsatt11 smreferralsatt252 
disease_progression 
H-positive risk:  678 668 105 1107 444 74 1034 444 162 62 152 70 
H-negative risk:  668 678 1034 1107 444 444 74 105 152 162 70 62 
New BC onsets:  0
BC status:  4888 112 
BC subtype:  4888 83 29 

clinical_engagement 
diagnosis 
demography 
83 new agents 
10 dtreferralsatt10 smreferralsatt253 
disease_progression 
H-positive risk:  678 675 104 1104 440 71 1034 445 161 66 152 70 
H-negative risk:  675 678 1034 1104 445 440 71 104 152 161 70 66 
New BC onsets:  0
BC status:  4891 109 
BC subtype:  4891 82 27 

clinical_engagement 
diagnosis 
demography 
98 new agents 
10 dtreferralsatt10 smreferralsatt254 
disease_progression 
H-positive risk:  679 674 105 1113 429 72 1035 448 161 63 150 71 
H-negative risk:  674 679 1035 1113 448 429 72 105 150 161 71 63 
New BC onsets:  0
BC status:  4893 107 
BC subtype:  4893 83 24 

clinical_engagement 
diagnosis 
demography 
88 new agents 
9 dtreferralsatt9 smreferralsatt255 
disease_progression 
H-positive risk:  682 670 107 1115 422 74 1044 441 164 63 146 72 
H-negative risk:  670 682 1044 1115 441 422 74 107 146 164 72 63 
New BC onsets:  0
BC status:  4896 104 
BC subtype:  4896 81 23 

clinical_engagement 
diagnosis 
demography 
62 new agents 
11 dtreferralsatt11 smreferralsatt256 
disease_progression 
H-positive risk:  675 669 108 1114 422 76 1051 444 163 60 147 71 
H-negative risk:  669 675 1051 1114 444 422 76 108 147 163 71 60 
New BC onsets:  0
BC status:  4895 105 
BC subtype:  4895 82 23 

clinical_engagement 
diagnosis 
demography 
60 new agents 
15 dtreferralsatt15 smreferralsatt257 
disease_progression 
H-positive risk:  671 669 107 1106 422 76 1070 438 161 60 147 73 
H-negative risk:  669 671 1070 1106 438 422 76 107 147 161 73 60 
New BC onsets:  0
BC status:  4894 106 
BC subtype:  4894 82 24 

clinical_engagement 
diagnosis 
demography 
87 new agents 
12 dtreferralsatt12 smreferralsatt258 
disease_progression 
H-positive risk:  682 669 105 1101 412 79 1071 438 160 62 147 74 
H-negative risk:  669 682 1071 1101 438 412 79 105 147 160 74 62 
New BC onsets:  0
BC status:  4896 104 
BC subtype:  4896 83 21 

clinical_engagement 
diagnosis 
demography 
71 new agents 
9 dtreferralsatt9 smreferralsatt259 
disease_progression 
H-positive risk:  675 677 103 1097 412 78 1076 443 159 58 148 74 
H-negative risk:  677 675 1076 1097 443 412 78 103 148 159 74 58 
New BC onsets:  0
BC status:  4895 105 
BC subtype:  4895 83 22 

clinical_engagement 
diagnosis 
demography 
101 new agents 
9 dtreferralsatt9 smreferralsatt260 
disease_progression 
H-positive risk:  686 686 103 1092 402 77 1075 437 158 58 150 76 
H-negative risk:  686 686 1075 1092 437 402 77 103 150 158 76 58 
New BC onsets:  0
BC status:  4893 107 
BC subtype:  4893 84 23 

clinical_engagement 
diagnosis 
demography 
97 new agents 
16 dtreferralsatt16 smreferralsatt261 
disease_progression 
H-positive risk:  677 697 103 1082 392 80 1082 439 162 59 146 81 
H-negative risk:  697 677 1082 1082 439 392 80 103 146 162 81 59 
New BC onsets:  0
BC status:  4889 111 
BC subtype:  4889 87 24 

clinical_engagement 
diagnosis 
demography 
75 new agents 
6 dtreferralsatt6 smreferralsatt262 
disease_progression 
H-positive risk:  678 695 102 1086 390 81 1079 435 162 63 147 82 
H-negative risk:  695 678 1079 1086 435 390 81 102 147 162 82 63 
New BC onsets:  0
BC status:  4888 112 
BC subtype:  4888 87 25 

clinical_engagement 
diagnosis 
demography 
79 new agents 
6 dtreferralsatt6 smreferralsatt263 
disease_progression 
H-positive risk:  679 700 102 1087 381 82 1084 429 160 63 151 82 
H-negative risk:  700 679 1084 1087 429 381 82 102 151 160 82 63 
New BC onsets:  0
BC status:  4884 116 
BC subtype:  4884 93 23 

clinical_engagement 
diagnosis 
demography 
73 new agents 
5 dtreferralsatt5 smreferralsatt264 
disease_progression 
H-positive risk:  687 697 103 1079 380 82 1087 430 164 59 149 83 
H-negative risk:  697 687 1087 1079 430 380 82 103 149 164 83 59 
New BC onsets:  0
BC status:  4885 115 
BC subtype:  4885 93 22 

clinical_engagement 
diagnosis 
demography 
67 new agents 
6 dtreferralsatt6 smreferralsatt265 
disease_progression 
H-positive risk:  692 697 100 1078 380 83 1087 426 166 59 151 81 
H-negative risk:  697 692 1087 1078 426 380 83 100 151 166 81 59 
New BC onsets:  0
BC status:  4886 114 
BC subtype:  4886 92 22 

clinical_engagement 
diagnosis 
demography 
77 new agents 
11 dtreferralsatt11 smreferralsatt266 
disease_progression 
H-positive risk:  693 694 101 1075 386 81 1083 429 164 60 155 79 
H-negative risk:  694 693 1083 1075 429 386 81 101 155 164 79 60 
New BC onsets:  0
BC status:  4886 114 
BC subtype:  4886 94 20 

clinical_engagement 
diagnosis 
demography 
74 new agents 
8 dtreferralsatt8 smreferralsatt267 
disease_progression 
H-positive risk:  683 693 103 1072 381 82 1090 432 165 59 158 82 
H-negative risk:  693 683 1090 1072 432 381 82 103 158 165 82 59 
New BC onsets:  0
BC status:  4882 118 
BC subtype:  4882 98 20 

clinical_engagement 
diagnosis 
demography 
85 new agents 
12 dtreferralsatt12 smreferralsatt268 
disease_progression 
H-positive risk:  678 690 105 1061 392 78 1100 430 168 59 158 81 
H-negative risk:  690 678 1100 1061 430 392 78 105 158 168 81 59 
New BC onsets:  0
BC status:  4884 116 
BC subtype:  4884 98 18 

clinical_engagement 
diagnosis 
demography 
55 new agents 
12 dtreferralsatt12 smreferralsatt269 
disease_progression 
H-positive risk:  678 697 104 1055 398 80 1089 436 165 56 161 81 
H-negative risk:  697 678 1089 1055 436 398 80 104 161 165 81 56 
New BC onsets:  0
BC status:  4881 119 
BC subtype:  4881 101 18 

clinical_engagement 
diagnosis 
demography 
61 new agents 
14 dtreferralsatt14 smreferralsatt270 
disease_progression 
H-positive risk:  673 700 103 1063 397 82 1082 439 167 54 161 79 
H-negative risk:  700 673 1082 1063 439 397 82 103 161 167 79 54 
New BC onsets:  0
BC status:  4882 118 
BC subtype:  4882 100 18 

clinical_engagement 
diagnosis 
demography 
60 new agents 
13 dtreferralsatt13 smreferralsatt271 
disease_progression 
H-positive risk:  669 701 102 1058 398 83 1085 446 165 54 158 81 
H-negative risk:  701 669 1085 1058 446 398 83 102 158 165 81 54 
New BC onsets:  0
BC status:  4880 120 
BC subtype:  4880 103 17 

clinical_engagement 
diagnosis 
demography 
98 new agents 
12 dtreferralsatt12 smreferralsatt272 
disease_progression 
H-positive risk:  678 705 101 1055 392 82 1088 440 163 55 156 85 
H-negative risk:  705 678 1088 1055 440 392 82 101 156 163 85 55 
New BC onsets:  0
BC status:  4876 124 
BC subtype:  4876 106 18 

clinical_engagement 
diagnosis 
demography 
80 new agents 
9 dtreferralsatt9 smreferralsatt273 
disease_progression 
H-positive risk:  681 709 106 1055 395 79 1082 437 162 55 155 84 
H-negative risk:  709 681 1082 1055 437 395 79 106 155 162 84 55 
New BC onsets:  0
BC status:  4874 126 
BC subtype:  4874 105 21 

clinical_engagement 
diagnosis 
demography 
75 new agents 
11 dtreferralsatt11 smreferralsatt274 
disease_progression 
H-positive risk:  683 709 105 1046 402 83 1072 444 162 55 156 83 
H-negative risk:  709 683 1072 1046 444 402 83 105 156 162 83 55 
New BC onsets:  0
BC status:  4876 124 
BC subtype:  4876 104 20 

clinical_engagement 
diagnosis 
demography 
91 new agents 
15 dtreferralsatt15 smreferralsatt275 
disease_progression 
H-positive risk:  681 706 106 1042 395 84 1087 439 159 61 155 85 
H-negative risk:  706 681 1087 1042 439 395 84 106 155 159 85 61 
New BC onsets:  0
BC status:  4873 127 
BC subtype:  4873 106 21 

clinical_engagement 
diagnosis 
demography 
74 new agents 
7 dtreferralsatt7 smreferralsatt276 
disease_progression 
H-positive risk:  687 706 105 1047 390 82 1095 428 158 64 156 82 
H-negative risk:  706 687 1095 1047 428 390 82 105 156 158 82 64 
New BC onsets:  0
BC status:  4870 130 
BC subtype:  4870 106 24 

clinical_engagement 
diagnosis 
demography 
76 new agents 
14 dtreferralsatt14 smreferralsatt277 
disease_progression 
H-positive risk:  689 698 105 1055 392 82 1095 430 158 62 155 79 
H-negative risk:  698 689 1095 1055 430 392 82 105 155 158 79 62 
New BC onsets:  0
BC status:  4870 130 
BC subtype:  4870 105 25 

clinical_engagement 
diagnosis 
demography 
93 new agents 
10 dtreferralsatt10 smreferralsatt278 
disease_progression 
H-positive risk:  687 699 106 1066 384 80 1100 425 158 62 154 79 
H-negative risk:  699 687 1100 1066 425 384 80 106 154 158 79 62 
New BC onsets:  0
BC status:  4870 130 
BC subtype:  4870 106 24 

clinical_engagement 
diagnosis 
demography 
92 new agents 
11 dtreferralsatt11 smreferralsatt279 
disease_progression 
H-positive risk:  690 697 106 1067 380 81 1098 426 162 61 152 80 
H-negative risk:  697 690 1098 1067 426 380 81 106 152 162 80 61 
New BC onsets:  0
BC status:  4865 135 
BC subtype:  4865 107 28 

clinical_engagement 
diagnosis 
demography 
84 new agents 
7 dtreferralsatt7 smreferralsatt280 
disease_progression 
H-positive risk:  690 705 105 1069 376 84 1104 419 158 61 152 77 
H-negative risk:  705 690 1104 1069 419 376 84 105 152 158 77 61 
New BC onsets:  0
BC status:  4867 133 
BC subtype:  4867 105 28 

clinical_engagement 
diagnosis 
demography 
70 new agents 
9 dtreferralsatt9 smreferralsatt281 
disease_progression 
H-positive risk:  691 700 103 1074 376 84 1093 424 160 61 156 78 
H-negative risk:  700 691 1093 1074 424 376 84 103 156 160 78 61 
New BC onsets:  0
BC status:  4867 133 
BC subtype:  4867 105 28 

clinical_engagement 
diagnosis 
demography 
76 new agents 
6 dtreferralsatt6 smreferralsatt282 
disease_progression 
H-positive risk:  694 693 104 1069 380 87 1098 422 157 61 155 80 
H-negative risk:  693 694 1098 1069 422 380 87 104 155 157 80 61 
New BC onsets:  0
BC status:  4862 138 
BC subtype:  4862 110 28 

clinical_engagement 
diagnosis 
demography 
85 new agents 
9 dtreferralsatt9 smreferralsatt283 
disease_progression 
H-positive risk:  695 691 103 1057 389 88 1101 421 157 62 156 80 
H-negative risk:  691 695 1101 1057 421 389 88 103 156 157 80 62 
New BC onsets:  0
BC status:  4861 139 
BC subtype:  4861 110 29 

clinical_engagement 
diagnosis 
demography 
76 new agents 
6 dtreferralsatt6 smreferralsatt284 
disease_progression 
H-positive risk:  691 688 102 1052 389 90 1108 421 154 63 162 80 
H-negative risk:  688 691 1108 1052 421 389 90 102 162 154 80 63 
New BC onsets:  0
BC status:  4858 142 
BC subtype:  4858 113 29 

clinical_engagement 
diagnosis 
demography 
74 new agents 
12 dtreferralsatt12 smreferralsatt285 
disease_progression 
H-positive risk:  684 687 98 1065 392 87 1111 411 158 61 168 78 
H-negative risk:  687 684 1111 1065 411 392 87 98 168 158 78 61 
New BC onsets:  0
BC status:  4859 141 
BC subtype:  4859 113 28 

clinical_engagement 
diagnosis 
demography 
69 new agents 
5 dtreferralsatt5 smreferralsatt286 
disease_progression 
H-positive risk:  688 681 97 1064 399 86 1099 426 153 61 167 79 
H-negative risk:  681 688 1099 1064 426 399 86 97 167 153 79 61 
New BC onsets:  0
BC status:  4859 141 
BC subtype:  4859 113 28 

clinical_engagement 
diagnosis 
demography 
81 new agents 
12 dtreferralsatt12 smreferralsatt287 
disease_progression 
H-positive risk:  680 683 100 1068 404 86 1098 426 149 64 163 79 
H-negative risk:  683 680 1098 1068 426 404 86 100 163 149 79 64 
New BC onsets:  0
BC status:  4858 142 
BC subtype:  4858 115 27 

clinical_engagement 
diagnosis 
demography 
78 new agents 
13 dtreferralsatt13 smreferralsatt288 
disease_progression 
H-positive risk:  682 685 94 1073 405 86 1092 424 147 64 168 80 
H-negative risk:  685 682 1092 1073 424 405 86 94 168 147 80 64 
New BC onsets:  0
BC status:  4857 143 
BC subtype:  4857 114 29 

clinical_engagement 
diagnosis 
demography 
82 new agents 
13 dtreferralsatt13 smreferralsatt289 
disease_progression 
H-positive risk:  680 681 94 1080 400 88 1100 422 149 65 161 80 
H-negative risk:  681 680 1100 1080 422 400 88 94 161 149 80 65 
New BC onsets:  0
BC status:  4861 139 
BC subtype:  4861 110 29 

clinical_engagement 
diagnosis 
demography 
83 new agents 
11 dtreferralsatt11 smreferralsatt290 
disease_progression 
H-positive risk:  679 675 91 1094 404 86 1099 417 153 61 160 81 
H-negative risk:  675 679 1099 1094 417 404 86 91 160 153 81 61 
New BC onsets:  0
BC status:  4856 144 
BC subtype:  4856 115 29 

clinical_engagement 
diagnosis 
demography 
74 new agents 
8 dtreferralsatt8 smreferralsatt291 
disease_progression 
H-positive risk:  679 675 91 1098 408 86 1097 419 152 57 159 79 
H-negative risk:  675 679 1097 1098 419 408 86 91 159 152 79 57 
New BC onsets:  0
BC status:  4859 141 
BC subtype:  4859 112 29 

clinical_engagement 
diagnosis 
demography 
68 new agents 
10 dtreferralsatt10 smreferralsatt292 
disease_progression 
H-positive risk:  681 669 90 1101 403 87 1103 419 152 59 159 77 
H-negative risk:  669 681 1103 1101 419 403 87 90 159 152 77 59 
New BC onsets:  0
BC status:  4861 139 
BC subtype:  4861 111 28 

clinical_engagement 
diagnosis 
demography 
67 new agents 
9 dtreferralsatt9 smreferralsatt293 
disease_progression 
H-positive risk:  679 666 91 1105 404 90 1108 413 154 58 157 75 
H-negative risk:  666 679 1108 1105 413 404 90 91 157 154 75 58 
New BC onsets:  0
BC status:  4858 142 
BC subtype:  4858 113 29 

clinical_engagement 
diagnosis 
demography 
74 new agents 
7 dtreferralsatt7 smreferralsatt294 
disease_progression 
H-positive risk:  682 668 88 1106 404 93 1095 419 154 58 156 77 
H-negative risk:  668 682 1095 1106 419 404 93 88 156 154 77 58 
New BC onsets:  0
BC status:  4859 141 
BC subtype:  4859 112 29 

clinical_engagement 
diagnosis 
demography 
75 new agents 
15 dtreferralsatt15 smreferralsatt295 
disease_progression 
H-positive risk:  683 661 86 1116 406 94 1092 417 152 59 158 76 
H-negative risk:  661 683 1092 1116 417 406 94 86 158 152 76 59 
New BC onsets:  0
BC status:  4858 142 
BC subtype:  4858 115 27 

clinical_engagement 
diagnosis 
demography 
87 new agents 
10 dtreferralsatt10 smreferralsatt296 
disease_progression 
H-positive risk:  684 660 86 1110 412 93 1092 417 155 60 159 72 
H-negative risk:  660 684 1092 1110 417 412 93 86 159 155 72 60 
New BC onsets:  0
BC status:  4857 143 
BC subtype:  4857 115 28 

clinical_engagement 
diagnosis 
demography 
97 new agents 
16 dtreferralsatt16 smreferralsatt297 
disease_progression 
H-positive risk:  676 664 85 1111 407 92 1105 409 162 59 162 68 
H-negative risk:  664 676 1105 1111 409 407 92 85 162 162 68 59 
New BC onsets:  0
BC status:  4861 139 
BC subtype:  4861 112 27 

clinical_engagement 
diagnosis 
demography 
88 new agents 
13 dtreferralsatt13 smreferralsatt298 
disease_progression 
H-positive risk:  680 672 89 1100 401 92 1105 408 162 59 161 71 
H-negative risk:  672 680 1105 1100 408 401 92 89 161 162 71 59 
New BC onsets:  0
BC status:  4865 135 
BC subtype:  4865 108 27 

clinical_engagement 
diagnosis 
demography 
60 new agents 
8 dtreferralsatt8 smreferralsatt299 
disease_progression 
H-positive risk:  673 672 89 1098 401 91 1110 411 162 59 164 70 
H-negative risk:  672 673 1110 1098 411 401 91 89 164 162 70 59 
New BC onsets:  0
BC status:  4863 137 
BC subtype:  4863 109 28 

clinical_engagement 
diagnosis 
demography 
87 new agents 
7 dtreferralsatt7 smreferralsatt300 
disease_progression 
H-positive risk:  670 673 87 1099 401 94 1124 404 165 57 162 64 
H-negative risk:  673 670 1124 1099 404 401 94 87 162 165 64 57 
New BC onsets:  0
BC status:  4863 137 
BC subtype:  4863 108 29 

clinical_engagement 
diagnosis 
demography 
73 new agents 
7 dtreferralsatt7 smreferralsattTime difference of 16.70351 mins
This is task 29
date
