date
Note that the current default version of R is 3.6.1.
Loading required package: network
network: Classes for Relational Data
Version 1.15 created on 2019-04-01.
copyright (c) 2005, Carter T. Butts, University of California-Irvine
                    Mark S. Handcock, University of California -- Los Angeles
                    David R. Hunter, Penn State University
                    Martina Morris, University of Washington
                    Skye Bender-deMoll, University of Washington
 For citation information, type citation("network").
 Type help("network-package") to get started.


networkDynamic: version 0.10.0, created on 2019-04-04
Copyright (c) 2019, Carter T. Butts, University of California -- Irvine
                    Ayn Leslie-Cook, University of Washington
                    Pavel N. Krivitsky, University of Wollongong
                    Skye Bender-deMoll, University of Washington
                    with contributions from
                    Zack Almquist, University of California -- Irvine
                    David R. Hunter, Penn State University
                    Li Wang
                    Kirk Li, University of Washington
                    Steven M. Goodreau, University of Washington
                    Jeffrey Horner
                    Martina Morris, University of Washington
Based on "statnet" project software (statnet.org).
For license and citation information see statnet.org/attribution
or type citation("networkDynamic").

Loading required package: statnet.common

Attaching package: 'statnet.common'

The following object is masked from 'package:base':

    order

sna: Tools for Social Network Analysis
Version 2.4 created on 2016-07-23.
copyright (c) 2005, Carter T. Butts, University of California-Irvine
 For citation information, type citation("sna").
 Type help(package="sna") to get started.


ergm: version 3.10.4, created on 2019-06-10
Copyright (c) 2019, Mark S. Handcock, University of California -- Los Angeles
                    David R. Hunter, Penn State University
                    Carter T. Butts, University of California -- Irvine
                    Steven M. Goodreau, University of Washington
                    Pavel N. Krivitsky, University of Wollongong
                    Martina Morris, University of Washington
                    with contributions from
                    Li Wang
                    Kirk Li, University of Washington
                    Skye Bender-deMoll, University of Washington
                    Chad Klumb
Based on "statnet" project software (statnet.org).
For license and citation information see statnet.org/attribution
or type citation("ergm").

NOTE: Versions before 3.6.1 had a bug in the implementation of the bd()
constriant which distorted the sampled distribution somewhat. In
addition, Sampson's Monks datasets had mislabeled vertices. See the
NEWS and the documentation for more details.

NOTE: Some common term arguments pertaining to vertex attribute and
level selection have changed in 3.10.0. See terms help for more
details. Use 'options(ergm.term=list(version="3.9.4"))' to use old
behavior.


tergm: version 3.6.1, created on 2019-06-12
Copyright (c) 2019, Pavel N. Krivitsky, University of Wollongong
                    Mark S. Handcock, University of California -- Los Angeles
                    with contributions from
                    David R. Hunter, Penn State University
                    Steven M. Goodreau, University of Washington
                    Martina Morris, University of Washington
                    Nicole Bohme Carnegie, New York University
                    Carter T. Butts, University of California -- Irvine
                    Ayn Leslie-Cook, University of Washington
                    Skye Bender-deMoll
                    Li Wang
                    Kirk Li, University of Washington
Based on "statnet" project software (statnet.org).
For license and citation information see statnet.org/attribution
or type citation("tergm").

Starting maximum pseudolikelihood estimation (MPLE):
Evaluating the predictor and response matrix.
Maximizing the pseudolikelihood.
Finished MPLE.
Starting Monte Carlo maximum likelihood estimation (MCMLE):
Iteration 1 of at most 500:
Optimizing with step length 0.431702612846385.
The log-likelihood improved by 3.866.
Iteration 2 of at most 500:
Optimizing with step length 0.607183850795879.
The log-likelihood improved by 2.752.
Iteration 3 of at most 500:
Optimizing with step length 1.
The log-likelihood improved by 1.887.
Step length converged once. Increasing MCMC sample size.
Iteration 4 of at most 500:
Optimizing with step length 1.
The log-likelihood improved by 0.05677.
Step length converged twice. Stopping.
Finished MCMLE.
This model was fit using MCMC.  To examine model diagnostics and check
for degeneracy, use the mcmc.diagnostics() function.
 degree0  degree1  degree2  degree3  degree4  degree5  degree6  degree7 
       5       13     1223     1088      786      328      372      362 
 degree8  degree9 degree10 degree11 degree12 degree13 degree14 degree15 
     305      198      159       81       36       21       11        5 
degree16 degree17 
       5        2 
1 
disease_progression 
H-positive risk:  936 878 112 841 387 124 900 451 116 73 112 70 
H-negative risk:  878 936 900 841 451 387 124 112 112 116 70 73 
New BC onsets:  0
BC status:  4999 1 
BC subtype:  4999 1 

clinical_engagement 
diagnosis 
demography 
50 new agents 
1 dtreferralsatt1 smreferralsatt2 
disease_progression 
H-positive risk:  937 881 110 846 388 123 902 450 113 72 111 67 
H-negative risk:  881 937 902 846 450 388 123 110 111 113 67 72 
New BC onsets:  0
BC status:  4999 1 
BC subtype:  4999 1 

clinical_engagement 
diagnosis 
demography 
50 new agents 
1 dtreferralsatt1 smreferralsatt3 
disease_progression 
H-positive risk:  941 885 110 840 387 123 905 448 113 71 111 66 
H-negative risk:  885 941 905 840 448 387 123 110 111 113 66 71 
New BC onsets:  0
BC status:  4996 4 
BC subtype:  4996 4 

clinical_engagement 
diagnosis 
demography 
66 new agents 
4 dtreferralsatt4 smreferralsatt4 
disease_progression 
H-positive risk:  943 894 111 841 387 124 897 442 113 71 110 67 
H-negative risk:  894 943 897 841 442 387 124 111 110 113 67 71 
New BC onsets:  0
BC status:  4993 7 
BC subtype:  4993 5 2 

clinical_engagement 
diagnosis 
demography 
62 new agents 
3 dtreferralsatt3 smreferralsatt5 
disease_progression 
H-positive risk:  948 898 112 840 380 126 898 436 115 71 110 66 
H-negative risk:  898 948 898 840 436 380 126 112 110 115 66 71 
New BC onsets:  0
BC status:  4991 9 
BC subtype:  4991 7 2 

clinical_engagement 
diagnosis 
demography 
69 new agents 
3 dtreferralsatt3 smreferralsatt6 
disease_progression 
H-positive risk:  955 906 115 838 378 125 896 430 114 70 108 65 
H-negative risk:  906 955 896 838 430 378 125 115 108 114 65 70 
New BC onsets:  0
BC status:  4987 13 
BC subtype:  4987 11 2 

clinical_engagement 
diagnosis 
demography 
58 new agents 
6 dtreferralsatt6 smreferralsatt7 
disease_progression 
H-positive risk:  959 908 114 842 381 125 892 427 112 70 108 62 
H-negative risk:  908 959 892 842 427 381 125 114 108 112 62 70 
New BC onsets:  0
BC status:  4984 16 
BC subtype:  4984 14 2 

clinical_engagement 
diagnosis 
demography 
55 new agents 
3 dtreferralsatt3 smreferralsatt8 
disease_progression 
H-positive risk:  965 914 116 840 381 125 886 424 111 71 108 59 
H-negative risk:  914 965 886 840 424 381 125 116 108 111 59 71 
New BC onsets:  0
BC status:  4981 19 
BC subtype:  4981 17 2 

clinical_engagement 
diagnosis 
demography 
59 new agents 
4 dtreferralsatt4 smreferralsatt9 
disease_progression 
H-positive risk:  961 922 117 842 374 126 885 423 110 70 110 60 
H-negative risk:  922 961 885 842 423 374 126 117 110 110 60 70 
New BC onsets:  0
BC status:  4977 23 
BC subtype:  4977 20 3 

clinical_engagement 
diagnosis 
demography 
76 new agents 
3 dtreferralsatt3 smreferralsatt10 
disease_progression 
H-positive risk:  961 936 117 839 370 127 886 412 111 69 112 60 
H-negative risk:  936 961 886 839 412 370 127 117 112 111 60 69 
New BC onsets:  0
BC status:  4974 26 
BC subtype:  4974 23 3 

clinical_engagement 
diagnosis 
demography 
73 new agents 
9 dtreferralsatt9 smreferralsatt11 
disease_progression 
H-positive risk:  969 945 118 835 363 129 877 408 112 69 115 60 
H-negative risk:  945 969 877 835 408 363 129 118 115 112 60 69 
New BC onsets:  0
BC status:  4971 29 
BC subtype:  4971 25 4 

clinical_engagement 
diagnosis 
demography 
59 new agents 
6 dtreferralsatt6 smreferralsatt12 
disease_progression 
H-positive risk:  971 949 118 836 361 131 877 402 113 66 115 61 
H-negative risk:  949 971 877 836 402 361 131 118 115 113 61 66 
New BC onsets:  0
BC status:  4969 31 
BC subtype:  4969 27 4 

clinical_engagement 
diagnosis 
demography 
53 new agents 
7 dtreferralsatt7 smreferralsatt13 
disease_progression 
H-positive risk:  889 873 112 921 357 122 961 400 121 64 121 59 
H-negative risk:  873 889 961 921 400 357 122 112 121 121 59 64 
New BC onsets:  0
BC status:  4964 36 
BC subtype:  4964 32 4 

clinical_engagement 
diagnosis 
demography 
210 new agents 
8 dtreferralsatt8 smreferralsatt14 
disease_progression 
H-positive risk:  924 907 117 874 378 126 909 410 110 71 116 58 
H-negative risk:  907 924 909 874 410 378 126 117 116 110 58 71 
New BC onsets:  0
BC status:  4958 42 
BC subtype:  4958 39 3 

clinical_engagement 
diagnosis 
demography 
64 new agents 
7 dtreferralsatt7 smreferralsatt15 
disease_progression 
H-positive risk:  927 916 117 875 378 128 906 403 111 69 115 55 
H-negative risk:  916 927 906 875 403 378 128 117 115 111 55 69 
New BC onsets:  0
BC status:  4956 44 
BC subtype:  4956 41 3 

clinical_engagement 
diagnosis 
demography 
50 new agents 
8 dtreferralsatt8 smreferralsatt16 
disease_progression 
H-positive risk:  930 918 119 872 372 128 910 397 117 66 116 55 
H-negative risk:  918 930 910 872 397 372 128 119 116 117 55 66 
New BC onsets:  0
BC status:  4953 47 
BC subtype:  4953 43 4 

clinical_engagement 
diagnosis 
demography 
63 new agents 
16 dtreferralsatt16 smreferralsatt17 
disease_progression 
H-positive risk:  935 921 120 877 366 128 908 395 117 66 113 54 
H-negative risk:  921 935 908 877 395 366 128 120 113 117 54 66 
New BC onsets:  0
BC status:  4951 49 
BC subtype:  4951 45 4 

clinical_engagement 
diagnosis 
demography 
52 new agents 
11 dtreferralsatt11 smreferralsatt18 
disease_progression 
H-positive risk:  933 925 121 882 358 129 908 396 117 66 113 52 
H-negative risk:  925 933 908 882 396 358 129 121 113 117 52 66 
New BC onsets:  0
BC status:  4950 50 
BC subtype:  4950 45 5 

clinical_engagement 
diagnosis 
demography 
61 new agents 
12 dtreferralsatt12 smreferralsatt19 
disease_progression 
H-positive risk:  941 921 122 880 363 128 903 399 115 66 113 49 
H-negative risk:  921 941 903 880 399 363 128 122 113 115 49 66 
New BC onsets:  0
BC status:  4950 50 
BC subtype:  4950 45 5 

clinical_engagement 
diagnosis 
demography 
55 new agents 
12 dtreferralsatt12 smreferralsatt20 
disease_progression 
H-positive risk:  940 930 123 884 358 128 903 393 115 65 112 49 
H-negative risk:  930 940 903 884 393 358 128 123 112 115 49 65 
New BC onsets:  0
BC status:  4950 50 
BC subtype:  4950 45 5 

clinical_engagement 
diagnosis 
demography 
55 new agents 
8 dtreferralsatt8 smreferralsatt21 
disease_progression 
H-positive risk:  941 935 123 882 362 126 899 387 117 65 114 49 
H-negative risk:  935 941 899 882 387 362 126 123 114 117 49 65 
New BC onsets:  0
BC status:  4947 53 
BC subtype:  4947 47 6 

clinical_engagement 
diagnosis 
demography 
59 new agents 
7 dtreferralsatt7 smreferralsatt22 
disease_progression 
H-positive risk:  940 934 125 886 359 127 900 384 120 65 114 46 
H-negative risk:  934 940 900 886 384 359 127 125 114 120 46 65 
New BC onsets:  0
BC status:  4945 55 
BC subtype:  4945 49 6 

clinical_engagement 
diagnosis 
demography 
53 new agents 
10 dtreferralsatt10 smreferralsatt23 
disease_progression 
H-positive risk:  945 936 128 881 358 127 901 379 120 67 112 46 
H-negative risk:  936 945 901 881 379 358 127 128 112 120 46 67 
New BC onsets:  0
BC status:  4946 54 
BC subtype:  4946 49 5 

clinical_engagement 
diagnosis 
demography 
56 new agents 
10 dtreferralsatt10 smreferralsatt24 
disease_progression 
H-positive risk:  946 943 129 885 351 127 901 374 119 65 114 46 
H-negative risk:  943 946 901 885 374 351 127 129 114 119 46 65 
New BC onsets:  0
BC status:  4944 56 
BC subtype:  4944 49 7 

clinical_engagement 
diagnosis 
demography 
62 new agents 
13 dtreferralsatt13 smreferralsatt25 
disease_progression 
H-positive risk:  881 873 121 965 344 125 959 375 121 64 124 48 
H-negative risk:  873 881 959 965 375 344 125 121 124 121 48 64 
New BC onsets:  0
BC status:  4942 58 
BC subtype:  4942 51 7 

clinical_engagement 
diagnosis 
demography 
163 new agents 
7 dtreferralsatt7 smreferralsatt26 
disease_progression 
H-positive risk:  906 894 122 915 371 130 921 389 112 67 125 48 
H-negative risk:  894 906 921 915 389 371 130 122 125 112 48 67 
New BC onsets:  0
BC status:  4941 59 
BC subtype:  4941 52 7 

clinical_engagement 
diagnosis 
demography 
56 new agents 
20 dtreferralsatt20 smreferralsatt27 
disease_progression 
H-positive risk:  909 897 125 919 371 129 911 387 111 67 127 47 
H-negative risk:  897 909 911 919 387 371 129 125 127 111 47 67 
New BC onsets:  0
BC status:  4936 64 
BC subtype:  4936 57 7 

clinical_engagement 
diagnosis 
demography 
63 new agents 
10 dtreferralsatt10 smreferralsatt28 
disease_progression 
H-positive risk:  905 900 126 918 369 130 915 387 110 65 126 49 
H-negative risk:  900 905 915 918 387 369 130 126 126 110 49 65 
New BC onsets:  0
BC status:  4928 72 
BC subtype:  4928 64 8 

clinical_engagement 
diagnosis 
demography 
60 new agents 
11 dtreferralsatt11 smreferralsatt29 
disease_progression 
H-positive risk:  907 905 128 911 372 131 919 382 112 62 122 49 
H-negative risk:  905 907 919 911 382 372 131 128 122 112 49 62 
New BC onsets:  0
BC status:  4926 74 
BC subtype:  4926 66 8 

clinical_engagement 
diagnosis 
demography 
70 new agents 
6 dtreferralsatt6 smreferralsatt30 
disease_progression 
H-positive risk:  906 917 130 906 369 134 914 379 114 62 123 46 
H-negative risk:  917 906 914 906 379 369 134 130 123 114 46 62 
New BC onsets:  0
BC status:  4927 73 
BC subtype:  4927 65 8 

clinical_engagement 
diagnosis 
demography 
62 new agents 
16 dtreferralsatt16 smreferralsatt31 
disease_progression 
H-positive risk:  904 919 131 908 363 135 918 376 117 59 124 46 
H-negative risk:  919 904 918 908 376 363 135 131 124 117 46 59 
New BC onsets:  0
BC status:  4923 77 
BC subtype:  4923 69 8 

clinical_engagement 
diagnosis 
demography 
66 new agents 
16 dtreferralsatt16 smreferralsatt32 
disease_progression 
H-positive risk:  909 920 131 909 361 136 918 374 115 57 123 47 
H-negative risk:  920 909 918 909 374 361 136 131 123 115 47 57 
New BC onsets:  0
BC status:  4921 79 
BC subtype:  4921 71 8 

clinical_engagement 
diagnosis 
demography 
78 new agents 
8 dtreferralsatt8 smreferralsatt33 
disease_progression 
H-positive risk:  918 926 131 908 356 138 920 363 115 55 123 47 
H-negative risk:  926 918 920 908 363 356 138 131 123 115 47 55 
New BC onsets:  0
BC status:  4922 78 
BC subtype:  4922 70 8 

clinical_engagement 
diagnosis 
demography 
82 new agents 
14 dtreferralsatt14 smreferralsatt34 
disease_progression 
H-positive risk:  926 929 131 907 345 134 926 362 117 54 124 45 
H-negative risk:  929 926 926 907 362 345 134 131 124 117 45 54 
New BC onsets:  0
BC status:  4922 78 
BC subtype:  4922 70 8 

clinical_engagement 
diagnosis 
demography 
41 new agents 
11 dtreferralsatt11 smreferralsatt35 
disease_progression 
H-positive risk:  930 927 132 905 344 135 928 361 116 54 122 46 
H-negative risk:  927 930 928 905 361 344 135 132 122 116 46 54 
New BC onsets:  0
BC status:  4922 78 
BC subtype:  4922 69 9 

clinical_engagement 
diagnosis 
demography 
69 new agents 
13 dtreferralsatt13 smreferralsatt36 
disease_progression 
H-positive risk:  928 921 132 913 348 137 922 361 117 53 122 46 
H-negative risk:  921 928 922 913 361 348 137 132 122 117 46 53 
New BC onsets:  0
BC status:  4921 79 
BC subtype:  4921 70 9 

clinical_engagement 
diagnosis 
demography 
57 new agents 
13 dtreferralsatt13 smreferralsatt37 
disease_progression 
H-positive risk:  869 846 126 989 351 125 982 354 131 52 132 43 
H-negative risk:  846 869 982 989 354 351 125 126 132 131 43 52 
New BC onsets:  0
BC status:  4921 79 
BC subtype:  4921 70 9 

clinical_engagement 
diagnosis 
demography 
137 new agents 
13 dtreferralsatt13 smreferralsatt38 
disease_progression 
H-positive risk:  881 853 127 961 361 126 944 387 126 54 130 50 
H-negative risk:  853 881 944 961 387 361 126 127 130 126 50 54 
New BC onsets:  0
BC status:  4922 78 
BC subtype:  4922 68 10 

clinical_engagement 
diagnosis 
demography 
76 new agents 
9 dtreferralsatt9 smreferralsatt39 
disease_progression 
H-positive risk:  887 855 128 957 362 128 943 378 126 53 132 51 
H-negative risk:  855 887 943 957 378 362 128 128 132 126 51 53 
New BC onsets:  0
BC status:  4919 81 
BC subtype:  4919 71 10 

clinical_engagement 
diagnosis 
demography 
67 new agents 
8 dtreferralsatt8 smreferralsatt40 
disease_progression 
H-positive risk:  893 858 129 953 357 127 941 379 124 55 131 53 
H-negative risk:  858 893 941 953 379 357 127 129 131 124 53 55 
New BC onsets:  0
BC status:  4919 81 
BC subtype:  4919 71 10 

clinical_engagement 
diagnosis 
demography 
76 new agents 
12 dtreferralsatt12 smreferralsatt41 
disease_progression 
H-positive risk:  893 853 131 967 344 126 951 381 119 54 133 48 
H-negative risk:  853 893 951 967 381 344 126 131 133 119 48 54 
New BC onsets:  0
BC status:  4917 83 
BC subtype:  4917 73 10 

clinical_engagement 
diagnosis 
demography 
74 new agents 
10 dtreferralsatt10 smreferralsatt42 
disease_progression 
H-positive risk:  900 852 131 971 339 126 945 381 119 52 135 49 
H-negative risk:  852 900 945 971 381 339 126 131 135 119 49 52 
New BC onsets:  0
BC status:  4916 84 
BC subtype:  4916 73 11 

clinical_engagement 
diagnosis 
demography 
79 new agents 
18 dtreferralsatt18 smreferralsatt43 
disease_progression 
H-positive risk:  904 851 131 969 330 123 954 382 122 53 134 47 
H-negative risk:  851 904 954 969 382 330 123 131 134 122 47 53 
New BC onsets:  0
BC status:  4917 83 
BC subtype:  4917 71 12 

clinical_engagement 
diagnosis 
demography 
63 new agents 
8 dtreferralsatt8 smreferralsatt44 
disease_progression 
H-positive risk:  903 854 131 972 330 122 950 379 123 54 136 46 
H-negative risk:  854 903 950 972 379 330 122 131 136 123 46 54 
New BC onsets:  0
BC status:  4918 82 
BC subtype:  4918 71 11 

clinical_engagement 
diagnosis 
demography 
55 new agents 
12 dtreferralsatt12 smreferralsatt45 
disease_progression 
H-positive risk:  899 857 130 970 332 122 950 379 126 53 136 46 
H-negative risk:  857 899 950 970 379 332 122 130 136 126 46 53 
New BC onsets:  0
BC status:  4918 82 
BC subtype:  4918 71 11 

clinical_engagement 
diagnosis 
demography 
60 new agents 
12 dtreferralsatt12 smreferralsatt46 
disease_progression 
H-positive risk:  898 862 131 977 325 123 948 377 128 51 135 45 
H-negative risk:  862 898 948 977 377 325 123 131 135 128 45 51 
New BC onsets:  0
BC status:  4916 84 
BC subtype:  4916 73 11 

clinical_engagement 
diagnosis 
demography 
50 new agents 
10 dtreferralsatt10 smreferralsatt47 
disease_progression 
H-positive risk:  910 852 130 983 326 119 946 373 128 53 136 44 
H-negative risk:  852 910 946 983 373 326 119 130 136 128 44 53 
New BC onsets:  0
BC status:  4913 87 
BC subtype:  4913 76 11 

clinical_engagement 
diagnosis 
demography 
54 new agents 
17 dtreferralsatt17 smreferralsatt48 
disease_progression 
H-positive risk:  915 852 130 974 327 118 949 375 125 53 135 47 
H-negative risk:  852 915 949 974 375 327 118 130 135 125 47 53 
New BC onsets:  0
BC status:  4912 88 
BC subtype:  4912 77 11 

clinical_engagement 
diagnosis 
demography 
74 new agents 
8 dtreferralsatt8 smreferralsatt49 
disease_progression 
H-positive risk:  858 807 122 1017 336 111 1012 371 130 53 137 46 
H-negative risk:  807 858 1012 1017 371 336 111 122 137 130 46 53 
New BC onsets:  0
BC status:  4912 88 
BC subtype:  4912 76 12 

clinical_engagement 
diagnosis 
demography 
154 new agents 
8 dtreferralsatt8 smreferralsatt50 
disease_progression 
H-positive risk:  882 813 122 983 354 114 985 393 126 49 131 48 
H-negative risk:  813 882 985 983 393 354 114 122 131 126 48 49 
New BC onsets:  0
BC status:  4907 93 
BC subtype:  4907 82 11 

clinical_engagement 
diagnosis 
demography 
91 new agents 
11 dtreferralsatt11 smreferralsatt51 
disease_progression 
H-positive risk:  888 806 122 989 355 118 987 382 129 47 130 47 
H-negative risk:  806 888 987 989 382 355 118 122 130 129 47 47 
New BC onsets:  0
BC status:  4904 96 
BC subtype:  4904 83 13 

clinical_engagement 
diagnosis 
demography 
58 new agents 
12 dtreferralsatt12 smreferralsatt52 
disease_progression 
H-positive risk:  891 803 123 998 345 118 983 388 129 45 131 46 
H-negative risk:  803 891 983 998 388 345 118 123 131 129 46 45 
New BC onsets:  0
BC status:  4902 98 
BC subtype:  4902 85 13 

clinical_engagement 
diagnosis 
demography 
56 new agents 
7 dtreferralsatt7 smreferralsatt53 
disease_progression 
H-positive risk:  892 809 123 991 338 119 984 388 129 47 133 47 
H-negative risk:  809 892 984 991 388 338 119 123 133 129 47 47 
New BC onsets:  0
BC status:  4900 100 
BC subtype:  4900 85 15 

clinical_engagement 
diagnosis 
demography 
59 new agents 
13 dtreferralsatt13 smreferralsatt54 
disease_progression 
H-positive risk:  885 811 124 986 343 120 979 392 130 49 135 46 
H-negative risk:  811 885 979 986 392 343 120 124 135 130 46 49 
New BC onsets:  0
BC status:  4897 103 
BC subtype:  4897 87 16 

clinical_engagement 
diagnosis 
demography 
54 new agents 
4 dtreferralsatt4 smreferralsatt55 
disease_progression 
H-positive risk:  880 818 124 981 345 121 980 390 131 49 136 45 
H-negative risk:  818 880 980 981 390 345 121 124 136 131 45 49 
New BC onsets:  0
BC status:  4897 103 
BC subtype:  4897 87 16 

clinical_engagement 
diagnosis 
demography 
73 new agents 
15 dtreferralsatt15 smreferralsatt56 
disease_progression 
H-positive risk:  879 816 125 983 351 121 975 390 131 48 137 44 
H-negative risk:  816 879 975 983 390 351 121 125 137 131 44 48 
New BC onsets:  0
BC status:  4897 103 
BC subtype:  4897 87 16 

clinical_engagement 
diagnosis 
demography 
61 new agents 
17 dtreferralsatt17 smreferralsatt57 
disease_progression 
H-positive risk:  883 825 126 975 359 119 971 381 131 48 138 44 
H-negative risk:  825 883 971 975 381 359 119 126 138 131 44 48 
New BC onsets:  0
BC status:  4901 99 
BC subtype:  4901 84 15 

clinical_engagement 
diagnosis 
demography 
84 new agents 
10 dtreferralsatt10 smreferralsatt58 
disease_progression 
H-positive risk:  886 828 128 976 358 121 969 376 129 49 134 46 
H-negative risk:  828 886 969 976 376 358 121 128 134 129 46 49 
New BC onsets:  0
BC status:  4902 98 
BC subtype:  4902 84 14 

clinical_engagement 
diagnosis 
demography 
60 new agents 
12 dtreferralsatt12 smreferralsatt59 
disease_progression 
H-positive risk:  887 829 128 975 358 120 967 377 128 50 135 46 
H-negative risk:  829 887 967 975 377 358 120 128 135 128 46 50 
New BC onsets:  0
BC status:  4904 96 
BC subtype:  4904 82 14 

clinical_engagement 
diagnosis 
demography 
66 new agents 
14 dtreferralsatt14 smreferralsatt60 
disease_progression 
H-positive risk:  890 830 127 978 362 120 964 369 129 50 134 47 
H-negative risk:  830 890 964 978 369 362 120 127 134 129 47 50 
New BC onsets:  0
BC status:  4903 97 
BC subtype:  4903 83 14 

clinical_engagement 
diagnosis 
demography 
72 new agents 
8 dtreferralsatt8 smreferralsatt61 
disease_progression 
H-positive risk:  815 785 114 1018 371 109 1040 371 137 49 145 46 
H-negative risk:  785 815 1040 1018 371 371 109 114 145 137 46 49 
New BC onsets:  0
BC status:  4902 98 
BC subtype:  4902 84 14 

clinical_engagement 
diagnosis 
demography 
132 new agents 
11 dtreferralsatt11 smreferralsatt62 
disease_progression 
H-positive risk:  827 788 115 1009 375 109 1026 384 134 49 142 42 
H-negative risk:  788 827 1026 1009 384 375 109 115 142 134 42 49 
New BC onsets:  0
BC status:  4902 98 
BC subtype:  4902 84 14 

clinical_engagement 
diagnosis 
demography 
81 new agents 
6 dtreferralsatt6 smreferralsatt63 
disease_progression 
H-positive risk:  829 792 114 1019 367 111 1016 390 133 47 141 41 
H-negative risk:  792 829 1016 1019 390 367 111 114 141 133 41 47 
New BC onsets:  0
BC status:  4904 96 
BC subtype:  4904 82 14 

clinical_engagement 
diagnosis 
demography 
70 new agents 
13 dtreferralsatt13 smreferralsatt64 
disease_progression 
H-positive risk:  826 796 113 1020 364 109 1026 381 131 48 144 42 
H-negative risk:  796 826 1026 1020 381 364 109 113 144 131 42 48 
New BC onsets:  0
BC status:  4906 94 
BC subtype:  4906 80 14 

clinical_engagement 
diagnosis 
demography 
49 new agents 
9 dtreferralsatt9 smreferralsatt65 
disease_progression 
H-positive risk:  823 797 109 1019 364 109 1031 382 129 47 146 44 
H-negative risk:  797 823 1031 1019 382 364 109 109 146 129 44 47 
New BC onsets:  0
BC status:  4908 92 
BC subtype:  4908 79 13 

clinical_engagement 
diagnosis 
demography 
46 new agents 
13 dtreferralsatt13 smreferralsatt66 
disease_progression 
H-positive risk:  825 802 111 1021 362 109 1026 384 130 43 143 44 
H-negative risk:  802 825 1026 1021 384 362 109 111 143 130 44 43 
New BC onsets:  0
BC status:  4910 90 
BC subtype:  4910 77 13 

clinical_engagement 
diagnosis 
demography 
70 new agents 
12 dtreferralsatt12 smreferralsatt67 
disease_progression 
H-positive risk:  835 807 113 1019 361 109 1020 380 129 42 142 43 
H-negative risk:  807 835 1020 1019 380 361 109 113 142 129 43 42 
New BC onsets:  0
BC status:  4907 93 
BC subtype:  4907 79 14 

clinical_engagement 
diagnosis 
demography 
58 new agents 
11 dtreferralsatt11 smreferralsatt68 
disease_progression 
H-positive risk:  835 813 115 1016 359 111 1018 380 127 41 142 43 
H-negative risk:  813 835 1018 1016 380 359 111 115 142 127 43 41 
New BC onsets:  0
BC status:  4902 98 
BC subtype:  4902 83 15 

clinical_engagement 
diagnosis 
demography 
60 new agents 
13 dtreferralsatt13 smreferralsatt69 
disease_progression 
H-positive risk:  840 820 117 1010 360 110 1015 374 130 42 142 40 
H-negative risk:  820 840 1015 1010 374 360 110 117 142 130 40 42 
New BC onsets:  0
BC status:  4901 99 
BC subtype:  4901 84 15 

clinical_engagement 
diagnosis 
demography 
71 new agents 
11 dtreferralsatt11 smreferralsatt70 
disease_progression 
H-positive risk:  846 819 114 1010 349 107 1022 379 130 40 144 40 
H-negative risk:  819 846 1022 1010 379 349 107 114 144 130 40 40 
New BC onsets:  0
BC status:  4903 97 
BC subtype:  4903 81 16 

clinical_engagement 
diagnosis 
demography 
58 new agents 
8 dtreferralsatt8 smreferralsatt71 
disease_progression 
H-positive risk:  841 823 114 1002 354 110 1019 382 130 40 140 45 
H-negative risk:  823 841 1019 1002 382 354 110 114 140 130 45 40 
New BC onsets:  0
BC status:  4905 95 
BC subtype:  4905 80 15 

clinical_engagement 
diagnosis 
demography 
74 new agents 
9 dtreferralsatt9 smreferralsatt72 
disease_progression 
H-positive risk:  849 824 113 1003 356 108 1016 380 131 40 136 44 
H-negative risk:  824 849 1016 1003 380 356 108 113 136 131 44 40 
New BC onsets:  0
BC status:  4907 93 
BC subtype:  4907 77 16 

clinical_engagement 
diagnosis 
demography 
58 new agents 
11 dtreferralsatt11 smreferralsatt73 
disease_progression 
H-positive risk:  799 774 105 1055 355 100 1070 375 140 38 146 43 
H-negative risk:  774 799 1070 1055 375 355 100 105 146 140 43 38 
New BC onsets:  0
BC status:  4905 95 
BC subtype:  4905 78 17 

clinical_engagement 
diagnosis 
demography 
118 new agents 
9 dtreferralsatt9 smreferralsatt74 
disease_progression 
H-positive risk:  796 774 104 1031 375 100 1064 382 136 40 151 47 
H-negative risk:  774 796 1064 1031 382 375 100 104 151 136 47 40 
New BC onsets:  0
BC status:  4905 95 
BC subtype:  4905 79 16 

clinical_engagement 
diagnosis 
demography 
67 new agents 
11 dtreferralsatt11 smreferralsatt75 
disease_progression 
H-positive risk:  796 773 104 1027 382 103 1066 374 132 43 153 47 
H-negative risk:  773 796 1066 1027 374 382 103 104 153 132 47 43 
New BC onsets:  0
BC status:  4902 98 
BC subtype:  4902 81 17 

clinical_engagement 
diagnosis 
demography 
64 new agents 
16 dtreferralsatt16 smreferralsatt76 
disease_progression 
H-positive risk:  799 770 106 1025 385 103 1057 379 132 44 153 47 
H-negative risk:  770 799 1057 1025 379 385 103 106 153 132 47 44 
New BC onsets:  0
BC status:  4901 99 
BC subtype:  4901 82 17 

clinical_engagement 
diagnosis 
demography 
65 new agents 
8 dtreferralsatt8 smreferralsatt77 
disease_progression 
H-positive risk:  803 766 107 1032 389 102 1040 387 132 44 152 46 
H-negative risk:  766 803 1040 1032 387 389 102 107 152 132 46 44 
New BC onsets:  0
BC status:  4903 97 
BC subtype:  4903 80 17 

clinical_engagement 
diagnosis 
demography 
73 new agents 
9 dtreferralsatt9 smreferralsatt78 
disease_progression 
H-positive risk:  801 769 109 1038 380 102 1038 390 131 47 152 43 
H-negative risk:  769 801 1038 1038 390 380 102 109 152 131 43 47 
New BC onsets:  0
BC status:  4904 96 
BC subtype:  4904 78 18 

clinical_engagement 
diagnosis 
demography 
63 new agents 
13 dtreferralsatt13 smreferralsatt79 
disease_progression 
H-positive risk:  809 772 109 1034 380 103 1032 391 131 45 150 44 
H-negative risk:  772 809 1032 1034 391 380 103 109 150 131 44 45 
New BC onsets:  0
BC status:  4903 97 
BC subtype:  4903 79 18 

clinical_engagement 
diagnosis 
demography 
69 new agents 
3 dtreferralsatt3 smreferralsatt80 
disease_progression 
H-positive risk:  816 770 109 1043 368 104 1027 394 131 44 147 47 
H-negative risk:  770 816 1027 1043 394 368 104 109 147 131 47 44 
New BC onsets:  0
BC status:  4904 96 
BC subtype:  4904 79 17 

clinical_engagement 
diagnosis 
demography 
58 new agents 
5 dtreferralsatt5 smreferralsatt81 
disease_progression 
H-positive risk:  815 769 108 1050 374 103 1019 395 129 44 147 47 
H-negative risk:  769 815 1019 1050 395 374 103 108 147 129 47 44 
New BC onsets:  0
BC status:  4903 97 
BC subtype:  4903 81 16 

clinical_engagement 
diagnosis 
demography 
69 new agents 
7 dtreferralsatt7 smreferralsatt82 
disease_progression 
H-positive risk:  803 768 108 1065 367 103 1021 393 132 45 147 48 
H-negative risk:  768 803 1021 1065 393 367 103 108 147 132 48 45 
New BC onsets:  0
BC status:  4900 100 
BC subtype:  4900 84 16 

clinical_engagement 
diagnosis 
demography 
72 new agents 
13 dtreferralsatt13 smreferralsatt83 
disease_progression 
H-positive risk:  799 772 107 1074 369 102 1013 394 128 45 148 49 
H-negative risk:  772 799 1013 1074 394 369 102 107 148 128 49 45 
New BC onsets:  0
BC status:  4902 98 
BC subtype:  4902 83 15 

clinical_engagement 
diagnosis 
demography 
52 new agents 
12 dtreferralsatt12 smreferralsatt84 
disease_progression 
H-positive risk:  799 777 105 1076 357 101 1018 401 129 41 148 48 
H-negative risk:  777 799 1018 1076 401 357 101 105 148 129 48 41 
New BC onsets:  0
BC status:  4901 99 
BC subtype:  4901 84 15 

clinical_engagement 
diagnosis 
demography 
84 new agents 
15 dtreferralsatt15 smreferralsatt85 
disease_progression 
H-positive risk:  756 724 99 1134 352 98 1057 401 135 40 155 49 
H-negative risk:  724 756 1057 1134 401 352 98 99 155 135 49 40 
New BC onsets:  0
BC status:  4904 96 
BC subtype:  4904 82 14 

clinical_engagement 
diagnosis 
demography 
105 new agents 
14 dtreferralsatt14 smreferralsatt86 
disease_progression 
H-positive risk:  761 728 98 1115 372 100 1036 407 136 41 151 55 
H-negative risk:  728 761 1036 1115 407 372 100 98 151 136 55 41 
New BC onsets:  0
BC status:  4907 93 
BC subtype:  4907 82 11 

clinical_engagement 
diagnosis 
demography 
86 new agents 
14 dtreferralsatt14 smreferralsatt87 
disease_progression 
H-positive risk:  773 732 99 1117 368 94 1027 401 137 45 150 57 
H-negative risk:  732 773 1027 1117 401 368 94 99 150 137 57 45 
New BC onsets:  0
BC status:  4909 91 
BC subtype:  4909 82 9 

clinical_engagement 
diagnosis 
demography 
70 new agents 
7 dtreferralsatt7 smreferralsatt88 
disease_progression 
H-positive risk:  774 742 100 1110 372 95 1025 399 136 44 146 57 
H-negative risk:  742 774 1025 1110 399 372 95 100 146 136 57 44 
New BC onsets:  0
BC status:  4910 90 
BC subtype:  4910 82 8 

clinical_engagement 
diagnosis 
demography 
74 new agents 
10 dtreferralsatt10 smreferralsatt89 
disease_progression 
H-positive risk:  772 744 100 1106 364 95 1032 400 139 45 145 58 
H-negative risk:  744 772 1032 1106 400 364 95 100 145 139 58 45 
New BC onsets:  0
BC status:  4910 90 
BC subtype:  4910 82 8 

clinical_engagement 
diagnosis 
demography 
68 new agents 
15 dtreferralsatt15 smreferralsatt90 
disease_progression 
H-positive risk:  768 738 99 1111 359 93 1042 402 137 49 145 57 
H-negative risk:  738 768 1042 1111 402 359 93 99 145 137 57 49 
New BC onsets:  0
BC status:  4912 88 
BC subtype:  4912 81 7 

clinical_engagement 
diagnosis 
demography 
76 new agents 
8 dtreferralsatt8 smreferralsatt91 
disease_progression 
H-positive risk:  765 744 102 1112 356 94 1036 403 138 49 145 56 
H-negative risk:  744 765 1036 1112 403 356 94 102 145 138 56 49 
New BC onsets:  0
BC status:  4910 90 
BC subtype:  4910 83 7 

clinical_engagement 
diagnosis 
demography 
61 new agents 
8 dtreferralsatt8 smreferralsatt92 
disease_progression 
H-positive risk:  769 742 100 1114 355 95 1038 401 139 48 144 55 
H-negative risk:  742 769 1038 1114 401 355 95 100 144 139 55 48 
New BC onsets:  0
BC status:  4909 91 
BC subtype:  4909 84 7 

clinical_engagement 
diagnosis 
demography 
71 new agents 
13 dtreferralsatt13 smreferralsatt93 
disease_progression 
H-positive risk:  767 749 100 1102 361 95 1042 404 137 47 142 54 
H-negative risk:  749 767 1042 1102 404 361 95 100 142 137 54 47 
New BC onsets:  0
BC status:  4911 89 
BC subtype:  4911 83 6 

clinical_engagement 
diagnosis 
demography 
53 new agents 
7 dtreferralsatt7 smreferralsatt94 
disease_progression 
H-positive risk:  768 757 102 1089 361 96 1041 413 133 48 139 53 
H-negative risk:  757 768 1041 1089 413 361 96 102 139 133 53 48 
New BC onsets:  0
BC status:  4912 88 
BC subtype:  4912 83 5 

clinical_engagement 
diagnosis 
demography 
50 new agents 
14 dtreferralsatt14 smreferralsatt95 
disease_progression 
H-positive risk:  768 757 102 1094 361 95 1033 417 134 47 140 52 
H-negative risk:  757 768 1033 1094 417 361 95 102 140 134 52 47 
New BC onsets:  0
BC status:  4915 85 
BC subtype:  4915 80 5 

clinical_engagement 
diagnosis 
demography 
72 new agents 
12 dtreferralsatt12 smreferralsatt96 
disease_progression 
H-positive risk:  780 758 103 1087 364 94 1037 405 135 47 141 49 
H-negative risk:  758 780 1037 1087 405 364 94 103 141 135 49 47 
New BC onsets:  0
BC status:  4911 89 
BC subtype:  4911 84 5 

clinical_engagement 
diagnosis 
demography 
92 new agents 
6 dtreferralsatt6 smreferralsatt97 
disease_progression 
H-positive risk:  730 716 101 1126 359 88 1090 403 141 47 146 53 
H-negative risk:  716 730 1090 1126 403 359 88 101 146 141 53 47 
New BC onsets:  0
BC status:  4919 81 
BC subtype:  4919 77 4 

clinical_engagement 
diagnosis 
demography 
107 new agents 
7 dtreferralsatt7 smreferralsatt98 
disease_progression 
H-positive risk:  729 721 103 1112 376 85 1078 412 141 46 144 53 
H-negative risk:  721 729 1078 1112 412 376 85 103 144 141 53 46 
New BC onsets:  0
BC status:  4920 80 
BC subtype:  4920 75 5 

clinical_engagement 
diagnosis 
demography 
77 new agents 
7 dtreferralsatt7 smreferralsatt99 
disease_progression 
H-positive risk:  732 722 102 1118 369 86 1070 414 140 50 146 51 
H-negative risk:  722 732 1070 1118 414 369 86 102 146 140 51 50 
New BC onsets:  0
BC status:  4918 82 
BC subtype:  4918 77 5 

clinical_engagement 
diagnosis 
demography 
65 new agents 
12 dtreferralsatt12 smreferralsatt100 
disease_progression 
H-positive risk:  734 724 99 1121 372 85 1070 411 141 48 146 49 
H-negative risk:  724 734 1070 1121 411 372 85 99 146 141 49 48 
New BC onsets:  0
BC status:  4917 83 
BC subtype:  4917 79 4 

clinical_engagement 
diagnosis 
demography 
70 new agents 
14 dtreferralsatt14 smreferralsatt101 
disease_progression 
H-positive risk:  737 723 100 1116 373 85 1074 406 139 49 148 50 
H-negative risk:  723 737 1074 1116 406 373 85 100 148 139 50 49 
New BC onsets:  0
BC status:  4914 86 
BC subtype:  4914 81 5 

clinical_engagement 
diagnosis 
demography 
87 new agents 
13 dtreferralsatt13 smreferralsatt102 
disease_progression 
H-positive risk:  743 718 99 1124 365 86 1071 406 139 50 150 49 
H-negative risk:  718 743 1071 1124 406 365 86 99 150 139 49 50 
New BC onsets:  0
BC status:  4913 87 
BC subtype:  4913 80 7 

clinical_engagement 
diagnosis 
demography 
73 new agents 
6 dtreferralsatt6 smreferralsatt103 
disease_progression 
H-positive risk:  741 721 102 1130 359 84 1077 393 142 53 149 49 
H-negative risk:  721 741 1077 1130 393 359 84 102 149 142 49 53 
New BC onsets:  0
BC status:  4912 88 
BC subtype:  4912 79 9 

clinical_engagement 
diagnosis 
demography 
67 new agents 
14 dtreferralsatt14 smreferralsatt104 
disease_progression 
H-positive risk:  745 722 102 1128 364 85 1067 395 143 52 150 47 
H-negative risk:  722 745 1067 1128 395 364 85 102 150 143 47 52 
New BC onsets:  0
BC status:  4914 86 
BC subtype:  4914 76 10 

clinical_engagement 
diagnosis 
demography 
71 new agents 
6 dtreferralsatt6 smreferralsatt105 
disease_progression 
H-positive risk:  749 723 100 1114 361 86 1075 394 143 54 153 48 
H-negative risk:  723 749 1075 1114 394 361 86 100 153 143 48 54 
New BC onsets:  0
BC status:  4913 87 
BC subtype:  4913 77 10 

clinical_engagement 
diagnosis 
demography 
84 new agents 
4 dtreferralsatt4 smreferralsatt106 
disease_progression 
H-positive risk:  744 730 102 1121 356 84 1071 391 144 53 158 46 
H-negative risk:  730 744 1071 1121 391 356 84 102 158 144 46 53 
New BC onsets:  0
BC status:  4914 86 
BC subtype:  4914 76 10 

clinical_engagement 
diagnosis 
demography 
84 new agents 
12 dtreferralsatt12 smreferralsatt107 
disease_progression 
H-positive risk:  744 729 102 1119 365 85 1066 386 145 53 158 48 
H-negative risk:  729 744 1066 1119 386 365 85 102 158 145 48 53 
New BC onsets:  0
BC status:  4914 86 
BC subtype:  4914 74 12 

clinical_engagement 
diagnosis 
demography 
73 new agents 
10 dtreferralsatt10 smreferralsatt108 
disease_progression 
H-positive risk:  744 731 102 1120 362 86 1065 387 146 51 159 47 
H-negative risk:  731 744 1065 1120 387 362 86 102 159 146 47 51 
New BC onsets:  0
BC status:  4912 88 
BC subtype:  4912 74 14 

clinical_engagement 
diagnosis 
demography 
61 new agents 
12 dtreferralsatt12 smreferralsatt109 
disease_progression 
H-positive risk:  702 683 91 1171 362 85 1098 390 149 51 170 48 
H-negative risk:  683 702 1098 1171 390 362 85 91 170 149 48 51 
New BC onsets:  0
BC status:  4912 88 
BC subtype:  4912 75 13 

clinical_engagement 
diagnosis 
demography 
106 new agents 
12 dtreferralsatt12 smreferralsatt110 
disease_progression 
H-positive risk:  695 688 95 1155 367 83 1092 401 143 59 169 53 
H-negative risk:  688 695 1092 1155 401 367 83 95 169 143 53 59 
New BC onsets:  0
BC status:  4911 89 
BC subtype:  4911 76 13 

clinical_engagement 
diagnosis 
demography 
83 new agents 
9 dtreferralsatt9 smreferralsatt111 
disease_progression 
H-positive risk:  699 694 97 1152 364 82 1089 395 149 59 168 52 
H-negative risk:  694 699 1089 1152 395 364 82 97 168 149 52 59 
New BC onsets:  0
BC status:  4914 86 
BC subtype:  4914 73 13 

clinical_engagement 
diagnosis 
demography 
66 new agents 
14 dtreferralsatt14 smreferralsatt112 
disease_progression 
H-positive risk:  695 699 96 1149 367 80 1094 397 150 56 164 53 
H-negative risk:  699 695 1094 1149 397 367 80 96 164 150 53 56 
New BC onsets:  0
BC status:  4913 87 
BC subtype:  4913 74 13 

clinical_engagement 
diagnosis 
demography 
56 new agents 
10 dtreferralsatt10 smreferralsatt113 
disease_progression 
H-positive risk:  681 704 97 1146 366 78 1098 400 154 55 166 55 
H-negative risk:  704 681 1098 1146 400 366 78 97 166 154 55 55 
New BC onsets:  0
BC status:  4911 89 
BC subtype:  4911 76 13 

clinical_engagement 
diagnosis 
demography 
62 new agents 
9 dtreferralsatt9 smreferralsatt114 
disease_progression 
H-positive risk:  676 696 97 1152 357 82 1101 410 154 54 165 56 
H-negative risk:  696 676 1101 1152 410 357 82 97 165 154 56 54 
New BC onsets:  0
BC status:  4912 88 
BC subtype:  4912 76 12 

clinical_engagement 
diagnosis 
demography 
66 new agents 
10 dtreferralsatt10 smreferralsatt115 
disease_progression 
H-positive risk:  678 695 97 1161 349 80 1106 404 153 53 167 57 
H-negative risk:  695 678 1106 1161 404 349 80 97 167 153 57 53 
New BC onsets:  0
BC status:  4914 86 
BC subtype:  4914 75 11 

clinical_engagement 
diagnosis 
demography 
70 new agents 
7 dtreferralsatt7 smreferralsatt116 
disease_progression 
H-positive risk:  673 701 95 1164 350 80 1114 394 150 53 170 56 
H-negative risk:  701 673 1114 1164 394 350 80 95 170 150 56 53 
New BC onsets:  0
BC status:  4912 88 
BC subtype:  4912 75 13 

clinical_engagement 
diagnosis 
demography 
74 new agents 
13 dtreferralsatt13 smreferralsatt117 
disease_progression 
H-positive risk:  679 703 95 1167 349 81 1111 390 150 54 168 53 
H-negative risk:  703 679 1111 1167 390 349 81 95 168 150 53 54 
New BC onsets:  0
BC status:  4911 89 
BC subtype:  4911 76 13 

clinical_engagement 
diagnosis 
demography 
66 new agents 
9 dtreferralsatt9 smreferralsatt118 
disease_progression 
H-positive risk:  669 701 95 1162 355 80 1114 401 148 55 166 54 
H-negative risk:  701 669 1114 1162 401 355 80 95 166 148 54 55 
New BC onsets:  0
BC status:  4909 91 
BC subtype:  4909 75 16 

clinical_engagement 
diagnosis 
demography 
80 new agents 
19 dtreferralsatt19 smreferralsatt119 
disease_progression 
H-positive risk:  679 703 95 1160 357 79 1116 396 147 55 163 50 
H-negative risk:  703 679 1116 1160 396 357 79 95 163 147 50 55 
New BC onsets:  0
BC status:  4905 95 
BC subtype:  4905 78 17 

clinical_engagement 
diagnosis 
demography 
75 new agents 
15 dtreferralsatt15 smreferralsatt120 
disease_progression 
H-positive risk:  681 699 93 1162 357 81 1119 391 144 57 166 50 
H-negative risk:  699 681 1119 1162 391 357 81 93 166 144 50 57 
New BC onsets:  0
BC status:  4905 95 
BC subtype:  4905 78 17 

clinical_engagement 
diagnosis 
demography 
69 new agents 
6 dtreferralsatt6 smreferralsatt121 
disease_progression 
H-positive risk:  650 655 86 1202 356 71 1149 397 153 58 173 50 
H-negative risk:  655 650 1149 1202 397 356 71 86 173 153 50 58 
New BC onsets:  0
BC status:  4907 93 
BC subtype:  4907 76 17 

clinical_engagement 
diagnosis 
demography 
94 new agents 
12 dtreferralsatt12 smreferralsatt122 
disease_progression 
H-positive risk:  652 651 85 1191 372 71 1148 398 152 57 170 53 
H-negative risk:  651 652 1148 1191 398 372 71 85 170 152 53 57 
New BC onsets:  0
BC status:  4904 96 
BC subtype:  4904 79 17 

clinical_engagement 
diagnosis 
demography 
73 new agents 
14 dtreferralsatt14 smreferralsatt123 
disease_progression 
H-positive risk:  655 652 86 1189 365 72 1146 403 151 59 168 54 
H-negative risk:  652 655 1146 1189 403 365 72 86 168 151 54 59 
New BC onsets:  0
BC status:  4900 100 
BC subtype:  4900 82 18 

clinical_engagement 
diagnosis 
demography 
68 new agents 
13 dtreferralsatt13 smreferralsatt124 
disease_progression 
H-positive risk:  655 651 87 1186 372 74 1141 408 145 61 168 52 
H-negative risk:  651 655 1141 1186 408 372 74 87 168 145 52 61 
New BC onsets:  0
BC status:  4900 100 
BC subtype:  4900 83 17 

clinical_engagement 
diagnosis 
demography 
66 new agents 
13 dtreferralsatt13 smreferralsatt125 
disease_progression 
H-positive risk:  657 655 87 1177 375 73 1143 408 147 60 172 46 
H-negative risk:  655 657 1143 1177 408 375 73 87 172 147 46 60 
New BC onsets:  0
BC status:  4900 100 
BC subtype:  4900 82 18 

clinical_engagement 
diagnosis 
demography 
80 new agents 
12 dtreferralsatt12 smreferralsatt126 
disease_progression 
H-positive risk:  651 666 84 1169 365 70 1153 409 152 61 172 48 
H-negative risk:  666 651 1153 1169 409 365 70 84 172 152 48 61 
New BC onsets:  0
BC status:  4900 100 
BC subtype:  4900 83 17 

clinical_engagement 
diagnosis 
demography 
74 new agents 
18 dtreferralsatt18 smreferralsatt127 
disease_progression 
H-positive risk:  656 668 82 1166 362 71 1146 411 153 59 176 50 
H-negative risk:  668 656 1146 1166 411 362 71 82 176 153 50 59 
New BC onsets:  0
BC status:  4901 99 
BC subtype:  4901 83 16 

clinical_engagement 
diagnosis 
demography 
82 new agents 
9 dtreferralsatt9 smreferralsatt128 
disease_progression 
H-positive risk:  663 657 84 1168 366 68 1147 406 156 60 176 49 
H-negative risk:  657 663 1147 1168 406 366 68 84 176 156 49 60 
New BC onsets:  0
BC status:  4901 99 
BC subtype:  4901 83 16 

clinical_engagement 
diagnosis 
demography 
71 new agents 
7 dtreferralsatt7 smreferralsatt129 
disease_progression 
H-positive risk:  664 657 86 1168 361 64 1154 403 159 59 178 47 
H-negative risk:  657 664 1154 1168 403 361 64 86 178 159 47 59 
New BC onsets:  0
BC status:  4901 99 
BC subtype:  4901 83 16 

clinical_engagement 
diagnosis 
demography 
69 new agents 
12 dtreferralsatt12 smreferralsatt130 
disease_progression 
H-positive risk:  665 654 88 1174 353 66 1152 397 159 61 181 50 
H-negative risk:  654 665 1152 1174 397 353 66 88 181 159 50 61 
New BC onsets:  0
BC status:  4900 100 
BC subtype:  4900 84 16 

clinical_engagement 
diagnosis 
demography 
93 new agents 
14 dtreferralsatt14 smreferralsatt131 
disease_progression 
H-positive risk:  673 650 91 1175 348 66 1163 392 158 54 180 50 
H-negative risk:  650 673 1163 1175 392 348 66 91 180 158 50 54 
New BC onsets:  0
BC status:  4902 98 
BC subtype:  4902 81 17 

clinical_engagement 
diagnosis 
demography 
72 new agents 
9 dtreferralsatt9 smreferralsatt132 
disease_progression 
H-positive risk:  668 650 89 1173 349 67 1170 387 158 57 180 52 
H-negative risk:  650 668 1170 1173 387 349 67 89 180 158 52 57 
New BC onsets:  0
BC status:  4899 101 
BC subtype:  4899 83 18 

clinical_engagement 
diagnosis 
demography 
81 new agents 
14 dtreferralsatt14 smreferralsatt133 
disease_progression 
H-positive risk:  671 659 88 1163 348 68 1169 388 158 55 181 52 
H-negative risk:  659 671 1169 1163 388 348 68 88 181 158 52 55 
New BC onsets:  0
BC status:  4899 101 
BC subtype:  4899 83 18 

clinical_engagement 
diagnosis 
demography 
104 new agents 
14 dtreferralsatt14 smreferralsatt134 
disease_progression 
H-positive risk:  672 655 85 1146 362 67 1171 397 157 54 181 53 
H-negative risk:  655 672 1171 1146 397 362 67 85 181 157 53 54 
New BC onsets:  0
BC status:  4898 102 
BC subtype:  4898 82 20 

clinical_engagement 
diagnosis 
demography 
73 new agents 
18 dtreferralsatt18 smreferralsatt135 
disease_progression 
H-positive risk:  671 654 82 1145 359 63 1176 398 160 57 178 57 
H-negative risk:  654 671 1176 1145 398 359 63 82 178 160 57 57 
New BC onsets:  0
BC status:  4900 100 
BC subtype:  4900 79 21 

clinical_engagement 
diagnosis 
demography 
64 new agents 
11 dtreferralsatt11 smreferralsatt136 
disease_progression 
H-positive risk:  678 651 81 1139 363 64 1168 401 165 55 177 58 
H-negative risk:  651 678 1168 1139 401 363 64 81 177 165 58 55 
New BC onsets:  0
BC status:  4899 101 
BC subtype:  4899 80 21 

clinical_engagement 
diagnosis 
demography 
72 new agents 
10 dtreferralsatt10 smreferralsatt137 
disease_progression 
H-positive risk:  681 653 82 1124 362 64 1170 406 166 56 175 61 
H-negative risk:  653 681 1170 1124 406 362 64 82 175 166 61 56 
New BC onsets:  0
BC status:  4901 99 
BC subtype:  4901 79 20 

clinical_engagement 
diagnosis 
demography 
78 new agents 
10 dtreferralsatt10 smreferralsatt138 
disease_progression 
H-positive risk:  685 655 81 1118 364 64 1169 404 170 55 173 62 
H-negative risk:  655 685 1169 1118 404 364 64 81 173 170 62 55 
New BC onsets:  0
BC status:  4898 102 
BC subtype:  4898 80 22 

clinical_engagement 
diagnosis 
demography 
75 new agents 
10 dtreferralsatt10 smreferralsatt139 
disease_progression 
H-positive risk:  680 649 81 1129 361 65 1171 408 167 58 171 60 
H-negative risk:  649 680 1171 1129 408 361 65 81 171 167 60 58 
New BC onsets:  0
BC status:  4896 104 
BC subtype:  4896 81 23 

clinical_engagement 
diagnosis 
demography 
75 new agents 
12 dtreferralsatt12 smreferralsatt140 
disease_progression 
H-positive risk:  684 645 82 1124 355 66 1177 414 167 56 171 59 
H-negative risk:  645 684 1177 1124 414 355 66 82 171 167 59 56 
New BC onsets:  0
BC status:  4899 101 
BC subtype:  4899 79 22 

clinical_engagement 
diagnosis 
demography 
67 new agents 
8 dtreferralsatt8 smreferralsatt141 
disease_progression 
H-positive risk:  688 642 82 1121 354 68 1173 417 169 55 167 64 
H-negative risk:  642 688 1173 1121 417 354 68 82 167 169 64 55 
New BC onsets:  0
BC status:  4903 97 
BC subtype:  4903 75 22 

clinical_engagement 
diagnosis 
demography 
67 new agents 
14 dtreferralsatt14 smreferralsatt142 
disease_progression 
H-positive risk:  688 639 80 1129 354 67 1169 411 168 59 171 65 
H-negative risk:  639 688 1169 1129 411 354 67 80 171 168 65 59 
New BC onsets:  0
BC status:  4904 96 
BC subtype:  4904 74 22 

clinical_engagement 
diagnosis 
demography 
68 new agents 
8 dtreferralsatt8 smreferralsatt143 
disease_progression 
H-positive risk:  677 639 81 1136 355 68 1182 405 167 58 169 63 
H-negative risk:  639 677 1182 1136 405 355 68 81 169 167 63 58 
New BC onsets:  0
BC status:  4902 98 
BC subtype:  4902 76 22 

clinical_engagement 
diagnosis 
demography 
91 new agents 
12 dtreferralsatt12 smreferralsatt144 
disease_progression 
H-positive risk:  674 641 80 1139 356 67 1183 402 168 60 169 61 
H-negative risk:  641 674 1183 1139 402 356 67 80 169 168 61 60 
New BC onsets:  0
BC status:  4901 99 
BC subtype:  4901 77 22 

clinical_engagement 
diagnosis 
demography 
82 new agents 
15 dtreferralsatt15 smreferralsatt145 
disease_progression 
H-positive risk:  668 640 80 1148 351 68 1185 406 167 59 168 60 
H-negative risk:  640 668 1185 1148 406 351 68 80 168 167 60 59 
New BC onsets:  0
BC status:  4898 102 
BC subtype:  4898 80 22 

clinical_engagement 
diagnosis 
demography 
103 new agents 
14 dtreferralsatt14 smreferralsatt146 
disease_progression 
H-positive risk:  672 637 82 1141 367 68 1175 414 162 63 164 55 
H-negative risk:  637 672 1175 1141 414 367 68 82 164 162 55 63 
New BC onsets:  0
BC status:  4896 104 
BC subtype:  4896 81 23 

clinical_engagement 
diagnosis 
demography 
86 new agents 
13 dtreferralsatt13 smreferralsatt147 
disease_progression 
H-positive risk:  670 636 86 1133 378 69 1174 420 158 64 157 55 
H-negative risk:  636 670 1174 1133 420 378 69 86 157 158 55 64 
New BC onsets:  0
BC status:  4898 102 
BC subtype:  4898 79 23 

clinical_engagement 
diagnosis 
demography 
89 new agents 
12 dtreferralsatt12 smreferralsatt148 
disease_progression 
H-positive risk:  678 641 84 1125 380 70 1167 416 159 65 159 56 
H-negative risk:  641 678 1167 1125 416 380 70 84 159 159 56 65 
New BC onsets:  0
BC status:  4900 100 
BC subtype:  4900 77 23 

clinical_engagement 
diagnosis 
demography 
78 new agents 
8 dtreferralsatt8 smreferralsatt149 
disease_progression 
H-positive risk:  681 642 86 1125 374 71 1171 412 158 64 160 56 
H-negative risk:  642 681 1171 1125 412 374 71 86 160 158 56 64 
New BC onsets:  0
BC status:  4899 101 
BC subtype:  4899 79 22 

clinical_engagement 
diagnosis 
demography 
56 new agents 
9 dtreferralsatt9 smreferralsatt150 
disease_progression 
H-positive risk:  688 636 86 1135 378 70 1161 409 162 63 156 56 
H-negative risk:  636 688 1161 1135 409 378 70 86 156 162 56 63 
New BC onsets:  0
BC status:  4902 98 
BC subtype:  4902 76 22 

clinical_engagement 
diagnosis 
demography 
79 new agents 
11 dtreferralsatt11 smreferralsatt151 
disease_progression 
H-positive risk:  686 639 86 1134 376 73 1159 410 161 63 157 56 
H-negative risk:  639 686 1159 1134 410 376 73 86 157 161 56 63 
New BC onsets:  0
BC status:  4903 97 
BC subtype:  4903 76 21 

clinical_engagement 
diagnosis 
demography 
64 new agents 
8 dtreferralsatt8 smreferralsatt152 
disease_progression 
H-positive risk:  680 639 85 1131 381 70 1166 406 161 65 160 56 
H-negative risk:  639 680 1166 1131 406 381 70 85 160 161 56 65 
New BC onsets:  0
BC status:  4901 99 
BC subtype:  4901 78 21 

clinical_engagement 
diagnosis 
demography 
73 new agents 
9 dtreferralsatt9 smreferralsatt153 
disease_progression 
H-positive risk:  677 645 84 1127 387 72 1160 407 160 65 160 56 
H-negative risk:  645 677 1160 1127 407 387 72 84 160 160 56 65 
New BC onsets:  0
BC status:  4901 99 
BC subtype:  4901 78 21 

clinical_engagement 
diagnosis 
demography 
70 new agents 
12 dtreferralsatt12 smreferralsatt154 
disease_progression 
H-positive risk:  676 650 84 1125 400 70 1154 403 158 65 159 56 
H-negative risk:  650 676 1154 1125 403 400 70 84 159 158 56 65 
New BC onsets:  0
BC status:  4899 101 
BC subtype:  4899 78 23 

clinical_engagement 
diagnosis 
demography 
82 new agents 
7 dtreferralsatt7 smreferralsatt155 
disease_progression 
H-positive risk:  682 649 88 1137 388 73 1150 398 156 66 158 55 
H-negative risk:  649 682 1150 1137 398 388 73 88 158 156 55 66 
New BC onsets:  0
BC status:  4899 101 
BC subtype:  4899 79 22 

clinical_engagement 
diagnosis 
demography 
77 new agents 
17 dtreferralsatt17 smreferralsatt156 
disease_progression 
H-positive risk:  688 653 87 1139 387 75 1144 397 156 66 156 52 
H-negative risk:  653 688 1144 1139 397 387 75 87 156 156 52 66 
New BC onsets:  0
BC status:  4902 98 
BC subtype:  4902 76 22 

clinical_engagement 
diagnosis 
demography 
74 new agents 
11 dtreferralsatt11 smreferralsatt157 
disease_progression 
H-positive risk:  685 657 87 1140 380 78 1149 394 155 62 155 58 
H-negative risk:  657 685 1149 1140 394 380 78 87 155 155 58 62 
New BC onsets:  0
BC status:  4907 93 
BC subtype:  4907 70 23 

clinical_engagement 
diagnosis 
demography 
87 new agents 
6 dtreferralsatt6 smreferralsatt158 
disease_progression 
H-positive risk:  684 654 88 1124 400 80 1156 387 151 63 154 59 
H-negative risk:  654 684 1156 1124 387 400 80 88 154 151 59 63 
New BC onsets:  0
BC status:  4907 93 
BC subtype:  4907 71 22 

clinical_engagement 
diagnosis 
demography 
84 new agents 
10 dtreferralsatt10 smreferralsatt159 
disease_progression 
H-positive risk:  685 655 88 1121 397 80 1154 394 153 65 152 56 
H-negative risk:  655 685 1154 1121 394 397 80 88 152 153 56 65 
New BC onsets:  0
BC status:  4907 93 
BC subtype:  4907 71 22 

clinical_engagement 
diagnosis 
demography 
74 new agents 
8 dtreferralsatt8 smreferralsatt160 
disease_progression 
H-positive risk:  692 658 93 1120 404 81 1141 392 150 64 149 56 
H-negative risk:  658 692 1141 1120 392 404 81 93 149 150 56 64 
New BC onsets:  0
BC status:  4904 96 
BC subtype:  4904 74 22 

clinical_engagement 
diagnosis 
demography 
79 new agents 
10 dtreferralsatt10 smreferralsatt161 
disease_progression 
H-positive risk:  702 668 93 1110 406 82 1133 390 145 67 150 54 
H-negative risk:  668 702 1133 1110 390 406 82 93 150 145 54 67 
New BC onsets:  0
BC status:  4901 99 
BC subtype:  4901 78 21 

clinical_engagement 
diagnosis 
demography 
65 new agents 
10 dtreferralsatt10 smreferralsatt162 
disease_progression 
H-positive risk:  699 664 93 1105 413 82 1138 388 145 67 153 53 
H-negative risk:  664 699 1138 1105 388 413 82 93 153 145 53 67 
New BC onsets:  0
BC status:  4900 100 
BC subtype:  4900 78 22 

clinical_engagement 
diagnosis 
demography 
66 new agents 
10 dtreferralsatt10 smreferralsatt163 
disease_progression 
H-positive risk:  700 663 91 1112 414 81 1138 383 146 64 152 56 
H-negative risk:  663 700 1138 1112 383 414 81 91 152 146 56 64 
New BC onsets:  0
BC status:  4898 102 
BC subtype:  4898 80 22 

clinical_engagement 
diagnosis 
demography 
77 new agents 
11 dtreferralsatt11 smreferralsatt164 
disease_progression 
H-positive risk:  700 666 93 1112 403 81 1147 377 144 64 156 57 
H-negative risk:  666 700 1147 1112 377 403 81 93 156 144 57 64 
New BC onsets:  0
BC status:  4897 103 
BC subtype:  4897 81 22 

clinical_engagement 
diagnosis 
demography 
98 new agents 
7 dtreferralsatt7 smreferralsatt165 
disease_progression 
H-positive risk:  708 667 95 1119 403 81 1132 377 142 63 156 57 
H-negative risk:  667 708 1132 1119 377 403 81 95 156 142 57 63 
New BC onsets:  0
BC status:  4898 102 
BC subtype:  4898 80 22 

clinical_engagement 
diagnosis 
demography 
62 new agents 
9 dtreferralsatt9 smreferralsatt166 
disease_progression 
H-positive risk:  711 667 92 1121 401 82 1133 374 142 64 157 56 
H-negative risk:  667 711 1133 1121 374 401 82 92 157 142 56 64 
New BC onsets:  0
BC status:  4895 105 
BC subtype:  4895 79 26 

clinical_engagement 
diagnosis 
demography 
68 new agents 
13 dtreferralsatt13 smreferralsatt167 
disease_progression 
H-positive risk:  713 662 93 1126 403 83 1122 383 142 64 152 57 
H-negative risk:  662 713 1122 1126 383 403 83 93 152 142 57 64 
New BC onsets:  0
BC status:  4890 110 
BC subtype:  4890 83 27 

clinical_engagement 
diagnosis 
demography 
70 new agents 
9 dtreferralsatt9 smreferralsatt168 
disease_progression 
H-positive risk:  713 661 94 1123 404 82 1124 389 135 68 152 55 
H-negative risk:  661 713 1124 1123 389 404 82 94 152 135 55 68 
New BC onsets:  0
BC status:  4888 112 
BC subtype:  4888 85 27 

clinical_engagement 
diagnosis 
demography 
71 new agents 
13 dtreferralsatt13 smreferralsatt169 
disease_progression 
H-positive risk:  718 651 95 1138 396 80 1124 392 134 68 152 52 
H-negative risk:  651 718 1124 1138 392 396 80 95 152 134 52 68 
New BC onsets:  0
BC status:  4887 113 
BC subtype:  4887 87 26 

clinical_engagement 
diagnosis 
demography 
97 new agents 
13 dtreferralsatt13 smreferralsatt170 
disease_progression 
H-positive risk:  714 646 94 1140 403 76 1122 396 138 68 154 49 
H-negative risk:  646 714 1122 1140 396 403 76 94 154 138 49 68 
New BC onsets:  0
BC status:  4890 110 
BC subtype:  4890 86 24 

clinical_engagement 
diagnosis 
demography 
78 new agents 
13 dtreferralsatt13 smreferralsatt171 
disease_progression 
H-positive risk:  715 652 94 1132 406 76 1123 399 136 65 152 50 
H-negative risk:  652 715 1123 1132 399 406 76 94 152 136 50 65 
New BC onsets:  0
BC status:  4890 110 
BC subtype:  4890 86 24 

clinical_engagement 
diagnosis 
demography 
85 new agents 
12 dtreferralsatt12 smreferralsatt172 
disease_progression 
H-positive risk:  703 654 97 1131 410 78 1132 396 138 63 149 49 
H-negative risk:  654 703 1132 1131 396 410 78 97 149 138 49 63 
New BC onsets:  0
BC status:  4890 110 
BC subtype:  4890 86 24 

clinical_engagement 
diagnosis 
demography 
74 new agents 
8 dtreferralsatt8 smreferralsatt173 
disease_progression 
H-positive risk:  701 667 99 1131 410 81 1128 393 132 61 149 48 
H-negative risk:  667 701 1128 1131 393 410 81 99 149 132 48 61 
New BC onsets:  0
BC status:  4889 111 
BC subtype:  4889 87 24 

clinical_engagement 
diagnosis 
demography 
85 new agents 
10 dtreferralsatt10 smreferralsatt174 
disease_progression 
H-positive risk:  697 667 100 1126 411 84 1135 387 131 62 149 51 
H-negative risk:  667 697 1135 1126 387 411 84 100 149 131 51 62 
New BC onsets:  0
BC status:  4890 110 
BC subtype:  4890 87 23 

clinical_engagement 
diagnosis 
demography 
73 new agents 
11 dtreferralsatt11 smreferralsatt175 
disease_progression 
H-positive risk:  692 668 102 1123 413 84 1132 390 133 60 150 53 
H-negative risk:  668 692 1132 1123 390 413 84 102 150 133 53 60 
New BC onsets:  0
BC status:  4890 110 
BC subtype:  4890 87 23 

clinical_engagement 
diagnosis 
demography 
60 new agents 
6 dtreferralsatt6 smreferralsatt176 
disease_progression 
H-positive risk:  690 671 104 1116 411 87 1131 394 133 58 149 56 
H-negative risk:  671 690 1131 1116 394 411 87 104 149 133 56 58 
New BC onsets:  0
BC status:  4889 111 
BC subtype:  4889 88 23 

clinical_engagement 
diagnosis 
demography 
86 new agents 
9 dtreferralsatt9 smreferralsatt177 
disease_progression 
H-positive risk:  690 668 103 1117 409 87 1126 402 132 59 150 57 
H-negative risk:  668 690 1126 1117 402 409 87 103 150 132 57 59 
New BC onsets:  0
BC status:  4894 106 
BC subtype:  4894 84 22 

clinical_engagement 
diagnosis 
demography 
83 new agents 
14 dtreferralsatt14 smreferralsatt178 
disease_progression 
H-positive risk:  695 665 101 1129 406 86 1127 399 131 57 149 55 
H-negative risk:  665 695 1127 1129 399 406 86 101 149 131 55 57 
New BC onsets:  0
BC status:  4896 104 
BC subtype:  4896 82 22 

clinical_engagement 
diagnosis 
demography 
77 new agents 
7 dtreferralsatt7 smreferralsatt179 
disease_progression 
H-positive risk:  697 672 102 1120 402 85 1126 404 135 57 146 54 
H-negative risk:  672 697 1126 1120 404 402 85 102 146 135 54 57 
New BC onsets:  0
BC status:  4896 104 
BC subtype:  4896 80 24 

clinical_engagement 
diagnosis 
demography 
71 new agents 
14 dtreferralsatt14 smreferralsatt180 
disease_progression 
H-positive risk:  694 676 103 1115 410 88 1118 403 140 55 143 55 
H-negative risk:  676 694 1118 1115 403 410 88 103 143 140 55 55 
New BC onsets:  0
BC status:  4897 103 
BC subtype:  4897 80 23 

clinical_engagement 
diagnosis 
demography 
87 new agents 
12 dtreferralsatt12 smreferralsatt181 
disease_progression 
H-positive risk:  692 685 103 1109 400 89 1123 402 142 56 143 56 
H-negative risk:  685 692 1123 1109 402 400 89 103 143 142 56 56 
New BC onsets:  0
BC status:  4899 101 
BC subtype:  4899 78 23 

clinical_engagement 
diagnosis 
demography 
89 new agents 
20 dtreferralsatt20 smreferralsatt182 
disease_progression 
H-positive risk:  695 683 105 1101 406 92 1105 417 142 57 137 60 
H-negative risk:  683 695 1105 1101 417 406 92 105 137 142 60 57 
New BC onsets:  0
BC status:  4898 102 
BC subtype:  4898 79 23 

clinical_engagement 
diagnosis 
demography 
80 new agents 
12 dtreferralsatt12 smreferralsatt183 
disease_progression 
H-positive risk:  690 676 106 1106 410 94 1104 419 141 54 139 61 
H-negative risk:  676 690 1104 1106 419 410 94 106 139 141 61 54 
New BC onsets:  0
BC status:  4897 103 
BC subtype:  4897 80 23 

clinical_engagement 
diagnosis 
demography 
67 new agents 
4 dtreferralsatt4 smreferralsatt184 
disease_progression 
H-positive risk:  700 680 107 1099 414 94 1101 418 136 53 137 61 
H-negative risk:  680 700 1101 1099 418 414 94 107 137 136 61 53 
New BC onsets:  0
BC status:  4896 104 
BC subtype:  4896 80 24 

clinical_engagement 
diagnosis 
demography 
72 new agents 
7 dtreferralsatt7 smreferralsatt185 
disease_progression 
H-positive risk:  695 675 111 1102 414 96 1092 424 140 53 138 60 
H-negative risk:  675 695 1092 1102 424 414 96 111 138 140 60 53 
New BC onsets:  0
BC status:  4896 104 
BC subtype:  4896 80 24 

clinical_engagement 
diagnosis 
demography 
68 new agents 
8 dtreferralsatt8 smreferralsatt186 
disease_progression 
H-positive risk:  700 675 110 1102 417 98 1094 414 141 54 134 61 
H-negative risk:  675 700 1094 1102 414 417 98 110 134 141 61 54 
New BC onsets:  0
BC status:  4896 104 
BC subtype:  4896 81 23 

clinical_engagement 
diagnosis 
demography 
88 new agents 
11 dtreferralsatt11 smreferralsatt187 
disease_progression 
H-positive risk:  703 677 109 1106 410 96 1096 409 143 56 134 61 
H-negative risk:  677 703 1096 1106 409 410 96 109 134 143 61 56 
New BC onsets:  0
BC status:  4891 109 
BC subtype:  4891 85 24 

clinical_engagement 
diagnosis 
demography 
71 new agents 
10 dtreferralsatt10 smreferralsatt188 
disease_progression 
H-positive risk:  702 671 109 1102 418 95 1090 415 145 61 133 59 
H-negative risk:  671 702 1090 1102 415 418 95 109 133 145 59 61 
New BC onsets:  0
BC status:  4891 109 
BC subtype:  4891 83 26 

clinical_engagement 
diagnosis 
demography 
81 new agents 
11 dtreferralsatt11 smreferralsatt189 
disease_progression 
H-positive risk:  703 671 109 1096 411 97 1096 424 144 61 131 57 
H-negative risk:  671 703 1096 1096 424 411 97 109 131 144 57 61 
New BC onsets:  0
BC status:  4892 108 
BC subtype:  4892 83 25 

clinical_engagement 
diagnosis 
demography 
75 new agents 
12 dtreferralsatt12 smreferralsatt190 
disease_progression 
H-positive risk:  703 678 107 1097 417 101 1086 421 145 58 130 57 
H-negative risk:  678 703 1086 1097 421 417 101 107 130 145 57 58 
New BC onsets:  0
BC status:  4891 109 
BC subtype:  4891 84 25 

clinical_engagement 
diagnosis 
demography 
74 new agents 
14 dtreferralsatt14 smreferralsatt191 
disease_progression 
H-positive risk:  701 677 105 1095 402 98 1098 420 152 61 132 59 
H-negative risk:  677 701 1098 1095 420 402 98 105 132 152 59 61 
New BC onsets:  0
BC status:  4889 111 
BC subtype:  4889 82 29 

clinical_engagement 
diagnosis 
demography 
78 new agents 
11 dtreferralsatt11 smreferralsatt192 
disease_progression 
H-positive risk:  701 681 111 1100 398 96 1086 428 148 60 133 58 
H-negative risk:  681 701 1086 1100 428 398 96 111 133 148 58 60 
New BC onsets:  0
BC status:  4888 112 
BC subtype:  4888 82 30 

clinical_engagement 
diagnosis 
demography 
78 new agents 
15 dtreferralsatt15 smreferralsatt193 
disease_progression 
H-positive risk:  701 677 110 1109 388 96 1089 431 146 61 136 56 
H-negative risk:  677 701 1089 1109 431 388 96 110 136 146 56 61 
New BC onsets:  0
BC status:  4884 116 
BC subtype:  4884 87 29 

clinical_engagement 
diagnosis 
demography 
81 new agents 
10 dtreferralsatt10 smreferralsatt194 
disease_progression 
H-positive risk:  689 675 112 1106 395 96 1094 432 148 61 134 58 
H-negative risk:  675 689 1094 1106 432 395 96 112 134 148 58 61 
New BC onsets:  0
BC status:  4885 115 
BC subtype:  4885 87 28 

clinical_engagement 
diagnosis 
demography 
71 new agents 
7 dtreferralsatt7 smreferralsatt195 
disease_progression 
H-positive risk:  694 678 112 1106 390 96 1092 431 144 61 137 59 
H-negative risk:  678 694 1092 1106 431 390 96 112 137 144 59 61 
New BC onsets:  0
BC status:  4883 117 
BC subtype:  4883 90 27 

clinical_engagement 
diagnosis 
demography 
83 new agents 
7 dtreferralsatt7 smreferralsatt196 
disease_progression 
H-positive risk:  695 681 109 1100 387 94 1089 437 148 63 140 57 
H-negative risk:  681 695 1089 1100 437 387 94 109 140 148 57 63 
New BC onsets:  0
BC status:  4881 119 
BC subtype:  4881 93 26 

clinical_engagement 
diagnosis 
demography 
86 new agents 
16 dtreferralsatt16 smreferralsatt197 
disease_progression 
H-positive risk:  692 673 110 1096 394 92 1091 430 148 69 146 59 
H-negative risk:  673 692 1091 1096 430 394 92 110 146 148 59 69 
New BC onsets:  0
BC status:  4879 121 
BC subtype:  4879 95 26 

clinical_engagement 
diagnosis 
demography 
79 new agents 
13 dtreferralsatt13 smreferralsatt198 
disease_progression 
H-positive risk:  688 677 109 1093 392 95 1093 433 147 67 149 57 
H-negative risk:  677 688 1093 1093 433 392 95 109 149 147 57 67 
New BC onsets:  0
BC status:  4879 121 
BC subtype:  4879 95 26 

clinical_engagement 
diagnosis 
demography 
71 new agents 
7 dtreferralsatt7 smreferralsatt199 
disease_progression 
H-positive risk:  681 686 108 1094 388 96 1092 431 145 67 150 62 
H-negative risk:  686 681 1092 1094 431 388 96 108 150 145 62 67 
New BC onsets:  0
BC status:  4876 124 
BC subtype:  4876 94 30 

clinical_engagement 
diagnosis 
demography 
85 new agents 
12 dtreferralsatt12 smreferralsatt200 
disease_progression 
H-positive risk:  681 683 108 1097 396 97 1096 420 143 67 152 60 
H-negative risk:  683 681 1096 1097 420 396 97 108 152 143 60 67 
New BC onsets:  0
BC status:  4875 125 
BC subtype:  4875 94 31 

clinical_engagement 
diagnosis 
demography 
67 new agents 
17 dtreferralsatt17 smreferralsatt201 
disease_progression 
H-positive risk:  680 685 106 1087 403 98 1098 423 142 67 151 60 
H-negative risk:  685 680 1098 1087 423 403 98 106 151 142 60 67 
New BC onsets:  0
BC status:  4873 127 
BC subtype:  4873 96 31 

clinical_engagement 
diagnosis 
demography 
87 new agents 
6 dtreferralsatt6 smreferralsatt202 
disease_progression 
H-positive risk:  675 688 106 1084 402 98 1114 417 143 66 149 58 
H-negative risk:  688 675 1114 1084 417 402 98 106 149 143 58 66 
New BC onsets:  0
BC status:  4868 132 
BC subtype:  4868 102 30 

clinical_engagement 
diagnosis 
demography 
76 new agents 
10 dtreferralsatt10 smreferralsatt203 
disease_progression 
H-positive risk:  689 688 105 1085 397 95 1103 418 140 69 154 57 
H-negative risk:  688 689 1103 1085 418 397 95 105 154 140 57 69 
New BC onsets:  0
BC status:  4872 128 
BC subtype:  4872 101 27 

clinical_engagement 
diagnosis 
demography 
75 new agents 
14 dtreferralsatt14 smreferralsatt204 
disease_progression 
H-positive risk:  686 690 107 1081 403 94 1104 424 138 68 153 52 
H-negative risk:  690 686 1104 1081 424 403 94 107 153 138 52 68 
New BC onsets:  0
BC status:  4876 124 
BC subtype:  4876 97 27 

clinical_engagement 
diagnosis 
demography 
73 new agents 
6 dtreferralsatt6 smreferralsatt205 
disease_progression 
H-positive risk:  676 689 107 1082 412 93 1113 416 140 66 154 52 
H-negative risk:  689 676 1113 1082 416 412 93 107 154 140 52 66 
New BC onsets:  0
BC status:  4876 124 
BC subtype:  4876 97 27 

clinical_engagement 
diagnosis 
demography 
85 new agents 
8 dtreferralsatt8 smreferralsatt206 
disease_progression 
H-positive risk:  675 692 106 1075 414 97 1104 426 136 68 156 51 
H-negative risk:  692 675 1104 1075 426 414 97 106 156 136 51 68 
New BC onsets:  0
BC status:  4876 124 
BC subtype:  4876 98 26 

clinical_engagement 
diagnosis 
demography 
95 new agents 
11 dtreferralsatt11 smreferralsatt207 
disease_progression 
H-positive risk:  680 691 106 1068 415 97 1110 427 131 65 162 48 
H-negative risk:  691 680 1110 1068 427 415 97 106 162 131 48 65 
New BC onsets:  0
BC status:  4877 123 
BC subtype:  4877 97 26 

clinical_engagement 
diagnosis 
demography 
83 new agents 
15 dtreferralsatt15 smreferralsatt208 
disease_progression 
H-positive risk:  681 693 108 1072 407 93 1110 424 132 69 163 48 
H-negative risk:  693 681 1110 1072 424 407 93 108 163 132 48 69 
New BC onsets:  0
BC status:  4881 119 
BC subtype:  4881 94 25 

clinical_engagement 
diagnosis 
demography 
76 new agents 
13 dtreferralsatt13 smreferralsatt209 
disease_progression 
H-positive risk:  677 696 109 1074 402 89 1116 424 136 70 158 49 
H-negative risk:  696 677 1116 1074 424 402 89 109 158 136 49 70 
New BC onsets:  0
BC status:  4885 115 
BC subtype:  4885 90 25 

clinical_engagement 
diagnosis 
demography 
67 new agents 
13 dtreferralsatt13 smreferralsatt210 
disease_progression 
H-positive risk:  675 699 106 1076 405 93 1113 419 135 70 157 52 
H-negative risk:  699 675 1113 1076 419 405 93 106 157 135 52 70 
New BC onsets:  0
BC status:  4890 110 
BC subtype:  4890 85 25 

clinical_engagement 
diagnosis 
demography 
86 new agents 
5 dtreferralsatt5 smreferralsatt211 
disease_progression 
H-positive risk:  674 702 105 1077 406 96 1110 418 133 68 157 54 
H-negative risk:  702 674 1110 1077 418 406 96 105 157 133 54 68 
New BC onsets:  0
BC status:  4890 110 
BC subtype:  4890 86 24 

clinical_engagement 
diagnosis 
demography 
66 new agents 
8 dtreferralsatt8 smreferralsatt212 
disease_progression 
H-positive risk:  676 702 102 1074 410 96 1107 422 133 64 158 56 
H-negative risk:  702 676 1107 1074 422 410 96 102 158 133 56 64 
New BC onsets:  0
BC status:  4891 109 
BC subtype:  4891 86 23 

clinical_engagement 
diagnosis 
demography 
65 new agents 
13 dtreferralsatt13 smreferralsatt213 
disease_progression 
H-positive risk:  666 698 102 1083 414 96 1114 417 131 63 160 56 
H-negative risk:  698 666 1114 1083 417 414 96 102 160 131 56 63 
New BC onsets:  0
BC status:  4890 110 
BC subtype:  4890 85 25 

clinical_engagement 
diagnosis 
demography 
77 new agents 
9 dtreferralsatt9 smreferralsatt214 
disease_progression 
H-positive risk:  669 700 101 1084 411 99 1108 420 131 63 157 57 
H-negative risk:  700 669 1108 1084 420 411 99 101 157 131 57 63 
New BC onsets:  0
BC status:  4893 107 
BC subtype:  4893 84 23 

clinical_engagement 
diagnosis 
demography 
67 new agents 
12 dtreferralsatt12 smreferralsatt215 
disease_progression 
H-positive risk:  666 703 103 1078 414 98 1108 424 133 59 157 57 
H-negative risk:  703 666 1108 1078 424 414 98 103 157 133 57 59 
New BC onsets:  0
BC status:  4891 109 
BC subtype:  4891 83 26 

clinical_engagement 
diagnosis 
demography 
98 new agents 
8 dtreferralsatt8 smreferralsatt216 
disease_progression 
H-positive risk:  669 712 102 1070 415 98 1111 417 137 58 155 56 
H-negative risk:  712 669 1111 1070 417 415 98 102 155 137 56 58 
New BC onsets:  0
BC status:  4889 111 
BC subtype:  4889 85 26 

clinical_engagement 
diagnosis 
demography 
74 new agents 
13 dtreferralsatt13 smreferralsatt217 
disease_progression 
H-positive risk:  673 714 102 1062 429 98 1087 428 136 60 154 57 
H-negative risk:  714 673 1087 1062 428 429 98 102 154 136 57 60 
New BC onsets:  0
BC status:  4891 109 
BC subtype:  4891 83 26 

clinical_engagement 
diagnosis 
demography 
73 new agents 
8 dtreferralsatt8 smreferralsatt218 
disease_progression 
H-positive risk:  676 714 105 1055 428 98 1099 421 137 55 152 60 
H-negative risk:  714 676 1099 1055 421 428 98 105 152 137 60 55 
New BC onsets:  0
BC status:  4890 110 
BC subtype:  4890 83 27 

clinical_engagement 
diagnosis 
demography 
75 new agents 
11 dtreferralsatt11 smreferralsatt219 
disease_progression 
H-positive risk:  681 710 107 1063 424 99 1080 429 139 56 156 56 
H-negative risk:  710 681 1080 1063 429 424 99 107 156 139 56 56 
New BC onsets:  0
BC status:  4890 110 
BC subtype:  4890 82 28 

clinical_engagement 
diagnosis 
demography 
67 new agents 
14 dtreferralsatt14 smreferralsatt220 
disease_progression 
H-positive risk:  684 708 106 1061 429 96 1076 427 143 54 159 57 
H-negative risk:  708 684 1076 1061 427 429 96 106 159 143 57 54 
New BC onsets:  0
BC status:  4890 110 
BC subtype:  4890 82 28 

clinical_engagement 
diagnosis 
demography 
81 new agents 
17 dtreferralsatt17 smreferralsatt221 
disease_progression 
H-positive risk:  688 712 105 1065 418 97 1075 423 141 56 161 59 
H-negative risk:  712 688 1075 1065 423 418 97 105 161 141 59 56 
New BC onsets:  0
BC status:  4890 110 
BC subtype:  4890 82 28 

clinical_engagement 
diagnosis 
demography 
89 new agents 
9 dtreferralsatt9 smreferralsatt222 
disease_progression 
H-positive risk:  684 705 109 1067 425 96 1069 423 140 62 163 57 
H-negative risk:  705 684 1069 1067 423 425 96 109 163 140 57 62 
New BC onsets:  0
BC status:  4889 111 
BC subtype:  4889 84 27 

clinical_engagement 
diagnosis 
demography 
69 new agents 
13 dtreferralsatt13 smreferralsatt223 
disease_progression 
H-positive risk:  687 702 110 1071 423 97 1068 423 138 60 163 58 
H-negative risk:  702 687 1068 1071 423 423 97 110 163 138 58 60 
New BC onsets:  0
BC status:  4886 114 
BC subtype:  4886 86 28 

clinical_engagement 
diagnosis 
demography 
59 new agents 
12 dtreferralsatt12 smreferralsatt224 
disease_progression 
H-positive risk:  680 701 105 1066 424 99 1079 425 135 61 168 57 
H-negative risk:  701 680 1079 1066 425 424 99 105 168 135 57 61 
New BC onsets:  0
BC status:  4882 118 
BC subtype:  4882 89 29 

clinical_engagement 
diagnosis 
demography 
78 new agents 
8 dtreferralsatt8 smreferralsatt225 
disease_progression 
H-positive risk:  677 699 107 1069 421 98 1076 433 136 59 167 58 
H-negative risk:  699 677 1076 1069 433 421 98 107 167 136 58 59 
New BC onsets:  0
BC status:  4879 121 
BC subtype:  4879 91 30 

clinical_engagement 
diagnosis 
demography 
66 new agents 
8 dtreferralsatt8 smreferralsatt226 
disease_progression 
H-positive risk:  671 701 105 1073 418 94 1087 433 140 58 163 57 
H-negative risk:  701 671 1087 1073 433 418 94 105 163 140 57 58 
New BC onsets:  0
BC status:  4874 126 
BC subtype:  4874 94 32 

clinical_engagement 
diagnosis 
demography 
81 new agents 
14 dtreferralsatt14 smreferralsatt227 
disease_progression 
H-positive risk:  673 705 100 1064 423 94 1084 432 141 61 167 56 
H-negative risk:  705 673 1084 1064 432 423 94 100 167 141 56 61 
New BC onsets:  0
BC status:  4877 123 
BC subtype:  4877 93 30 

clinical_engagement 
diagnosis 
demography 
84 new agents 
9 dtreferralsatt9 smreferralsatt228 
disease_progression 
H-positive risk:  665 701 101 1059 431 92 1087 435 141 61 171 56 
H-negative risk:  701 665 1087 1059 435 431 92 101 171 141 56 61 
New BC onsets:  0
BC status:  4881 119 
BC subtype:  4881 90 29 

clinical_engagement 
diagnosis 
demography 
82 new agents 
7 dtreferralsatt7 smreferralsatt229 
disease_progression 
H-positive risk:  665 696 102 1049 443 92 1085 437 142 61 170 58 
H-negative risk:  696 665 1085 1049 437 443 92 102 170 142 58 61 
New BC onsets:  0
BC status:  4880 120 
BC subtype:  4880 91 29 

clinical_engagement 
diagnosis 
demography 
77 new agents 
7 dtreferralsatt7 smreferralsatt230 
disease_progression 
H-positive risk:  664 693 101 1050 443 90 1096 433 141 60 168 61 
H-negative risk:  693 664 1096 1050 433 443 90 101 168 141 61 60 
New BC onsets:  0
BC status:  4878 122 
BC subtype:  4878 92 30 

clinical_engagement 
diagnosis 
demography 
83 new agents 
8 dtreferralsatt8 smreferralsatt231 
disease_progression 
H-positive risk:  659 694 101 1049 436 92 1096 439 141 60 172 61 
H-negative risk:  694 659 1096 1049 439 436 92 101 172 141 61 60 
New BC onsets:  0
BC status:  4878 122 
BC subtype:  4878 93 29 

clinical_engagement 
diagnosis 
demography 
81 new agents 
7 dtreferralsatt7 smreferralsatt232 
disease_progression 
H-positive risk:  653 697 99 1049 438 92 1100 440 139 60 171 62 
H-negative risk:  697 653 1100 1049 440 438 92 99 171 139 62 60 
New BC onsets:  0
BC status:  4876 124 
BC subtype:  4876 95 29 

clinical_engagement 
diagnosis 
demography 
83 new agents 
12 dtreferralsatt12 smreferralsatt233 
disease_progression 
H-positive risk:  657 695 100 1054 437 91 1104 440 134 61 166 61 
H-negative risk:  695 657 1104 1054 440 437 91 100 166 134 61 61 
New BC onsets:  0
BC status:  4877 123 
BC subtype:  4877 94 29 

clinical_engagement 
diagnosis 
demography 
67 new agents 
9 dtreferralsatt9 smreferralsatt234 
disease_progression 
H-positive risk:  666 692 100 1048 435 91 1107 436 137 62 167 59 
H-negative risk:  692 666 1107 1048 436 435 91 100 167 137 59 62 
New BC onsets:  0
BC status:  4875 125 
BC subtype:  4875 95 30 

clinical_engagement 
diagnosis 
demography 
82 new agents 
11 dtreferralsatt11 smreferralsatt235 
disease_progression 
H-positive risk:  661 696 100 1049 431 87 1115 437 138 64 164 58 
H-negative risk:  696 661 1115 1049 437 431 87 100 164 138 58 64 
New BC onsets:  0
BC status:  4874 126 
BC subtype:  4874 96 30 

clinical_engagement 
diagnosis 
demography 
86 new agents 
13 dtreferralsatt13 smreferralsatt236 
disease_progression 
H-positive risk:  666 696 99 1063 426 87 1110 433 138 65 163 54 
H-negative risk:  696 666 1110 1063 433 426 87 99 163 138 54 65 
New BC onsets:  0
BC status:  4874 126 
BC subtype:  4874 96 30 

clinical_engagement 
diagnosis 
demography 
73 new agents 
13 dtreferralsatt13 smreferralsatt237 
disease_progression 
H-positive risk:  669 697 99 1071 423 89 1091 436 143 64 164 54 
H-negative risk:  697 669 1091 1071 436 423 89 99 164 143 54 64 
New BC onsets:  0
BC status:  4877 123 
BC subtype:  4877 93 30 

clinical_engagement 
diagnosis 
demography 
71 new agents 
6 dtreferralsatt6 smreferralsatt238 
disease_progression 
H-positive risk:  662 693 100 1075 426 88 1088 443 144 64 163 54 
H-negative risk:  693 662 1088 1075 443 426 88 100 163 144 54 64 
New BC onsets:  0
BC status:  4880 120 
BC subtype:  4880 91 29 

clinical_engagement 
diagnosis 
demography 
81 new agents 
10 dtreferralsatt10 smreferralsatt239 
disease_progression 
H-positive risk:  669 695 100 1072 428 93 1085 442 138 63 162 53 
H-negative risk:  695 669 1085 1072 442 428 93 100 162 138 53 63 
New BC onsets:  0
BC status:  4878 122 
BC subtype:  4878 89 33 

clinical_engagement 
diagnosis 
demography 
77 new agents 
15 dtreferralsatt15 smreferralsatt240 
disease_progression 
H-positive risk:  670 689 102 1085 421 93 1087 434 138 64 164 53 
H-negative risk:  689 670 1087 1085 434 421 93 102 164 138 53 64 
New BC onsets:  0
BC status:  4877 123 
BC subtype:  4877 90 33 

clinical_engagement 
diagnosis 
demography 
71 new agents 
13 dtreferralsatt13 smreferralsatt241 
disease_progression 
H-positive risk:  676 684 100 1082 424 92 1082 446 136 65 160 53 
H-negative risk:  684 676 1082 1082 446 424 92 100 160 136 53 65 
New BC onsets:  0
BC status:  4876 124 
BC subtype:  4876 91 33 

clinical_engagement 
diagnosis 
demography 
88 new agents 
7 dtreferralsatt7 smreferralsatt242 
disease_progression 
H-positive risk:  670 692 98 1073 423 93 1085 440 133 72 168 53 
H-negative risk:  692 670 1085 1073 440 423 93 98 168 133 53 72 
New BC onsets:  0
BC status:  4879 121 
BC subtype:  4879 90 31 

clinical_engagement 
diagnosis 
demography 
79 new agents 
11 dtreferralsatt11 smreferralsatt243 
disease_progression 
H-positive risk:  675 695 93 1068 415 95 1085 442 136 69 172 55 
H-negative risk:  695 675 1085 1068 442 415 95 93 172 136 55 69 
New BC onsets:  0
BC status:  4878 122 
BC subtype:  4878 91 31 

clinical_engagement 
diagnosis 
demography 
77 new agents 
7 dtreferralsatt7 smreferralsatt244 
disease_progression 
H-positive risk:  678 696 91 1065 416 92 1087 443 136 67 173 56 
H-negative risk:  696 678 1087 1065 443 416 92 91 173 136 56 67 
New BC onsets:  0
BC status:  4880 120 
BC subtype:  4880 91 29 

clinical_engagement 
diagnosis 
demography 
61 new agents 
8 dtreferralsatt8 smreferralsatt245 
disease_progression 
H-positive risk:  677 699 91 1068 413 92 1094 431 137 67 172 59 
H-negative risk:  699 677 1094 1068 431 413 92 91 172 137 59 67 
New BC onsets:  0
BC status:  4878 122 
BC subtype:  4878 92 30 

clinical_engagement 
diagnosis 
demography 
65 new agents 
11 dtreferralsatt11 smreferralsatt246 
disease_progression 
H-positive risk:  680 699 94 1074 408 89 1088 434 141 67 167 59 
H-negative risk:  699 680 1088 1074 434 408 89 94 167 141 59 67 
New BC onsets:  0
BC status:  4880 120 
BC subtype:  4880 90 30 

clinical_engagement 
diagnosis 
demography 
64 new agents 
10 dtreferralsatt10 smreferralsatt247 
disease_progression 
H-positive risk:  682 703 94 1067 411 87 1086 436 140 67 167 60 
H-negative risk:  703 682 1086 1067 436 411 87 94 167 140 60 67 
New BC onsets:  0
BC status:  4876 124 
BC subtype:  4876 91 33 

clinical_engagement 
diagnosis 
demography 
78 new agents 
7 dtreferralsatt7 smreferralsatt248 
disease_progression 
H-positive risk:  682 704 95 1062 418 91 1081 437 140 66 164 60 
H-negative risk:  704 682 1081 1062 437 418 91 95 164 140 60 66 
New BC onsets:  0
BC status:  4877 123 
BC subtype:  4877 91 32 

clinical_engagement 
diagnosis 
demography 
65 new agents 
14 dtreferralsatt14 smreferralsatt249 
disease_progression 
H-positive risk:  679 704 95 1059 412 93 1094 433 138 68 167 58 
H-negative risk:  704 679 1094 1059 433 412 93 95 167 138 58 68 
New BC onsets:  0
BC status:  4880 120 
BC subtype:  4880 90 30 

clinical_engagement 
diagnosis 
demography 
83 new agents 
5 dtreferralsatt5 smreferralsatt250 
disease_progression 
H-positive risk:  687 713 94 1059 412 94 1094 422 138 68 165 54 
H-negative risk:  713 687 1094 1059 422 412 94 94 165 138 54 68 
New BC onsets:  0
BC status:  4881 119 
BC subtype:  4881 88 31 

clinical_engagement 
diagnosis 
demography 
82 new agents 
13 dtreferralsatt13 smreferralsatt251 
disease_progression 
H-positive risk:  687 711 96 1054 419 96 1093 422 137 65 164 56 
H-negative risk:  711 687 1093 1054 422 419 96 96 164 137 56 65 
New BC onsets:  0
BC status:  4880 120 
BC subtype:  4880 88 32 

clinical_engagement 
diagnosis 
demography 
89 new agents 
14 dtreferralsatt14 smreferralsatt252 
disease_progression 
H-positive risk:  694 704 98 1056 410 95 1097 425 137 63 166 55 
H-negative risk:  704 694 1097 1056 425 410 95 98 166 137 55 63 
New BC onsets:  0
BC status:  4880 120 
BC subtype:  4880 86 34 

clinical_engagement 
diagnosis 
demography 
83 new agents 
10 dtreferralsatt10 smreferralsatt253 
disease_progression 
H-positive risk:  694 705 97 1054 414 92 1093 428 138 64 166 55 
H-negative risk:  705 694 1093 1054 428 414 92 97 166 138 55 64 
New BC onsets:  0
BC status:  4883 117 
BC subtype:  4883 83 34 

clinical_engagement 
diagnosis 
demography 
91 new agents 
9 dtreferralsatt9 smreferralsatt254 
disease_progression 
H-positive risk:  693 709 97 1054 405 92 1095 430 139 66 166 54 
H-negative risk:  709 693 1095 1054 430 405 92 97 166 139 54 66 
New BC onsets:  0
BC status:  4879 121 
BC subtype:  4879 87 34 

clinical_engagement 
diagnosis 
demography 
69 new agents 
11 dtreferralsatt11 smreferralsatt255 
disease_progression 
H-positive risk:  686 710 98 1058 407 93 1099 424 137 68 162 58 
H-negative risk:  710 686 1099 1058 424 407 93 98 162 137 58 68 
New BC onsets:  0
BC status:  4878 122 
BC subtype:  4878 90 32 

clinical_engagement 
diagnosis 
demography 
71 new agents 
12 dtreferralsatt12 smreferralsatt256 
disease_progression 
H-positive risk:  682 712 97 1059 405 93 1097 430 138 69 163 55 
H-negative risk:  712 682 1097 1059 430 405 93 97 163 138 55 69 
New BC onsets:  0
BC status:  4881 119 
BC subtype:  4881 88 31 

clinical_engagement 
diagnosis 
demography 
66 new agents 
9 dtreferralsatt9 smreferralsatt257 
disease_progression 
H-positive risk:  686 709 99 1054 404 91 1108 428 136 70 158 57 
H-negative risk:  709 686 1108 1054 428 404 91 99 158 136 57 70 
New BC onsets:  0
BC status:  4880 120 
BC subtype:  4880 88 32 

clinical_engagement 
diagnosis 
demography 
71 new agents 
10 dtreferralsatt10 smreferralsatt258 
disease_progression 
H-positive risk:  689 716 98 1055 397 91 1098 435 136 70 160 55 
H-negative risk:  716 689 1098 1055 435 397 91 98 160 136 55 70 
New BC onsets:  0
BC status:  4882 118 
BC subtype:  4882 86 32 

clinical_engagement 
diagnosis 
demography 
74 new agents 
7 dtreferralsatt7 smreferralsatt259 
disease_progression 
H-positive risk:  682 720 98 1057 402 94 1096 432 134 72 159 54 
H-negative risk:  720 682 1096 1057 432 402 94 98 159 134 54 72 
New BC onsets:  0
BC status:  4882 118 
BC subtype:  4882 85 33 

clinical_engagement 
diagnosis 
demography 
72 new agents 
10 dtreferralsatt10 smreferralsatt260 
disease_progression 
H-positive risk:  679 714 100 1058 410 96 1096 435 131 73 155 53 
H-negative risk:  714 679 1096 1058 435 410 96 100 155 131 53 73 
New BC onsets:  0
BC status:  4881 119 
BC subtype:  4881 86 33 

clinical_engagement 
diagnosis 
demography 
91 new agents 
13 dtreferralsatt13 smreferralsatt261 
disease_progression 
H-positive risk:  687 717 101 1059 404 95 1088 440 131 74 153 51 
H-negative risk:  717 687 1088 1059 440 404 95 101 153 131 51 74 
New BC onsets:  0
BC status:  4881 119 
BC subtype:  4881 87 32 

clinical_engagement 
diagnosis 
demography 
73 new agents 
8 dtreferralsatt8 smreferralsatt262 
disease_progression 
H-positive risk:  687 727 102 1053 401 96 1093 437 128 73 151 52 
H-negative risk:  727 687 1093 1053 437 401 96 102 151 128 52 73 
New BC onsets:  0
BC status:  4884 116 
BC subtype:  4884 83 33 

clinical_engagement 
diagnosis 
demography 
74 new agents 
5 dtreferralsatt5 smreferralsatt263 
disease_progression 
H-positive risk:  682 728 101 1056 404 102 1086 440 123 75 151 52 
H-negative risk:  728 682 1086 1056 440 404 102 101 151 123 52 75 
New BC onsets:  0
BC status:  4885 115 
BC subtype:  4885 83 32 

clinical_engagement 
diagnosis 
demography 
66 new agents 
7 dtreferralsatt7 smreferralsatt264 
disease_progression 
H-positive risk:  680 722 100 1064 405 101 1094 434 125 71 149 55 
H-negative risk:  722 680 1094 1064 434 405 101 100 149 125 55 71 
New BC onsets:  0
BC status:  4885 115 
BC subtype:  4885 82 33 

clinical_engagement 
diagnosis 
demography 
77 new agents 
11 dtreferralsatt11 smreferralsatt265 
disease_progression 
H-positive risk:  673 728 100 1070 408 103 1085 433 124 71 150 55 
H-negative risk:  728 673 1085 1070 433 408 103 100 150 124 55 71 
New BC onsets:  0
BC status:  4886 114 
BC subtype:  4886 81 33 

clinical_engagement 
diagnosis 
demography 
95 new agents 
6 dtreferralsatt6 smreferralsatt266 
disease_progression 
H-positive risk:  682 729 102 1070 398 104 1096 427 121 67 149 55 
H-negative risk:  729 682 1096 1070 427 398 104 102 149 121 55 67 
New BC onsets:  0
BC status:  4888 112 
BC subtype:  4888 81 31 

clinical_engagement 
diagnosis 
demography 
76 new agents 
9 dtreferralsatt9 smreferralsatt267 
disease_progression 
H-positive risk:  682 729 102 1075 398 102 1094 430 122 63 145 58 
H-negative risk:  729 682 1094 1075 430 398 102 102 145 122 58 63 
New BC onsets:  0
BC status:  4886 114 
BC subtype:  4886 82 32 

clinical_engagement 
diagnosis 
demography 
96 new agents 
10 dtreferralsatt10 smreferralsatt268 
disease_progression 
H-positive risk:  685 737 103 1065 404 103 1094 423 122 59 146 59 
H-negative risk:  737 685 1094 1065 423 404 103 103 146 122 59 59 
New BC onsets:  0
BC status:  4888 112 
BC subtype:  4888 82 30 

clinical_engagement 
diagnosis 
demography 
75 new agents 
13 dtreferralsatt13 smreferralsatt269 
disease_progression 
H-positive risk:  689 726 102 1076 398 102 1096 422 122 59 144 64 
H-negative risk:  726 689 1096 1076 422 398 102 102 144 122 64 59 
New BC onsets:  0
BC status:  4884 116 
BC subtype:  4884 86 30 

clinical_engagement 
diagnosis 
demography 
78 new agents 
10 dtreferralsatt10 smreferralsatt270 
disease_progression 
H-positive risk:  697 721 101 1088 397 98 1089 411 123 59 150 66 
H-negative risk:  721 697 1089 1088 411 397 98 101 150 123 66 59 
New BC onsets:  0
BC status:  4881 119 
BC subtype:  4881 88 31 

clinical_engagement 
diagnosis 
demography 
73 new agents 
9 dtreferralsatt9 smreferralsatt271 
disease_progression 
H-positive risk:  691 727 103 1083 406 96 1092 404 123 59 150 66 
H-negative risk:  727 691 1092 1083 404 406 96 103 150 123 66 59 
New BC onsets:  0
BC status:  4880 120 
BC subtype:  4880 88 32 

clinical_engagement 
diagnosis 
demography 
87 new agents 
13 dtreferralsatt13 smreferralsatt272 
disease_progression 
H-positive risk:  685 741 101 1075 405 94 1095 403 123 59 153 66 
H-negative risk:  741 685 1095 1075 403 405 94 101 153 123 66 59 
New BC onsets:  0
BC status:  4879 121 
BC subtype:  4879 91 30 

clinical_engagement 
diagnosis 
demography 
86 new agents 
9 dtreferralsatt9 smreferralsatt273 
disease_progression 
H-positive risk:  682 734 105 1080 400 93 1095 406 125 60 153 67 
H-negative risk:  734 682 1095 1080 406 400 93 105 153 125 67 60 
New BC onsets:  0
BC status:  4880 120 
BC subtype:  4880 92 28 

clinical_engagement 
diagnosis 
demography 
51 new agents 
14 dtreferralsatt14 smreferralsatt274 
disease_progression 
H-positive risk:  671 721 106 1093 406 91 1100 406 128 61 149 68 
H-negative risk:  721 671 1100 1093 406 406 91 106 149 128 68 61 
New BC onsets:  0
BC status:  4882 118 
BC subtype:  4882 90 28 

clinical_engagement 
diagnosis 
demography 
84 new agents 
15 dtreferralsatt15 smreferralsatt275 
disease_progression 
H-positive risk:  653 721 108 1095 417 90 1104 404 133 59 149 67 
H-negative risk:  721 653 1104 1095 404 417 90 108 149 133 67 59 
New BC onsets:  0
BC status:  4881 119 
BC subtype:  4881 92 27 

clinical_engagement 
diagnosis 
demography 
78 new agents 
13 dtreferralsatt13 smreferralsatt276 
disease_progression 
H-positive risk:  655 712 106 1099 407 92 1111 405 133 58 151 71 
H-negative risk:  712 655 1111 1099 405 407 92 106 151 133 71 58 
New BC onsets:  0
BC status:  4880 120 
BC subtype:  4880 92 28 

clinical_engagement 
diagnosis 
demography 
87 new agents 
12 dtreferralsatt12 smreferralsatt277 
disease_progression 
H-positive risk:  656 712 108 1096 400 95 1107 412 136 58 150 70 
H-negative risk:  712 656 1107 1096 412 400 95 108 150 136 70 58 
New BC onsets:  0
BC status:  4885 115 
BC subtype:  4885 89 26 

clinical_engagement 
diagnosis 
demography 
81 new agents 
15 dtreferralsatt15 smreferralsatt278 
disease_progression 
H-positive risk:  659 709 108 1092 402 96 1109 414 137 59 147 68 
H-negative risk:  709 659 1109 1092 414 402 96 108 147 137 68 59 
New BC onsets:  0
BC status:  4891 109 
BC subtype:  4891 86 23 

clinical_engagement 
diagnosis 
demography 
83 new agents 
18 dtreferralsatt18 smreferralsatt279 
disease_progression 
H-positive risk:  658 705 107 1102 399 93 1109 413 142 57 149 66 
H-negative risk:  705 658 1109 1102 413 399 93 107 149 142 66 57 
New BC onsets:  0
BC status:  4901 99 
BC subtype:  4901 78 21 

clinical_engagement 
diagnosis 
demography 
73 new agents 
7 dtreferralsatt7 smreferralsatt280 
disease_progression 
H-positive risk:  667 702 106 1094 398 93 1112 411 145 58 148 66 
H-negative risk:  702 667 1112 1094 411 398 93 106 148 145 66 58 
New BC onsets:  0
BC status:  4902 98 
BC subtype:  4902 77 21 

clinical_engagement 
diagnosis 
demography 
72 new agents 
12 dtreferralsatt12 smreferralsatt281 
disease_progression 
H-positive risk:  664 703 109 1094 398 93 1121 402 144 60 147 65 
H-negative risk:  703 664 1121 1094 402 398 93 109 147 144 65 60 
New BC onsets:  0
BC status:  4902 98 
BC subtype:  4902 78 20 

clinical_engagement 
diagnosis 
demography 
73 new agents 
12 dtreferralsatt12 smreferralsatt282 
disease_progression 
H-positive risk:  668 709 107 1088 390 95 1116 413 143 62 145 64 
H-negative risk:  709 668 1116 1088 413 390 95 107 145 143 64 62 
New BC onsets:  0
BC status:  4900 100 
BC subtype:  4900 80 20 

clinical_engagement 
diagnosis 
demography 
68 new agents 
7 dtreferralsatt7 smreferralsatt283 
disease_progression 
H-positive risk:  672 708 109 1087 388 94 1117 413 137 67 146 62 
H-negative risk:  708 672 1117 1087 413 388 94 109 146 137 62 67 
New BC onsets:  0
BC status:  4899 101 
BC subtype:  4899 81 20 

clinical_engagement 
diagnosis 
demography 
82 new agents 
12 dtreferralsatt12 smreferralsatt284 
disease_progression 
H-positive risk:  673 714 112 1095 389 89 1110 404 142 65 145 62 
H-negative risk:  714 673 1110 1095 404 389 89 112 145 142 62 65 
New BC onsets:  0
BC status:  4901 99 
BC subtype:  4901 80 19 

clinical_engagement 
diagnosis 
demography 
61 new agents 
13 dtreferralsatt13 smreferralsatt285 
disease_progression 
H-positive risk:  678 715 114 1093 386 90 1104 404 143 65 144 64 
H-negative risk:  715 678 1104 1093 404 386 90 114 144 143 64 65 
New BC onsets:  0
BC status:  4900 100 
BC subtype:  4900 82 18 

clinical_engagement 
diagnosis 
demography 
88 new agents 
5 dtreferralsatt5 smreferralsatt286 
disease_progression 
H-positive risk:  686 706 111 1091 394 92 1102 404 142 63 147 62 
H-negative risk:  706 686 1102 1091 404 394 92 111 147 142 62 63 
New BC onsets:  0
BC status:  4899 101 
BC subtype:  4899 83 18 

clinical_engagement 
diagnosis 
demography 
71 new agents 
10 dtreferralsatt10 smreferralsatt287 
disease_progression 
H-positive risk:  690 707 109 1085 400 94 1107 398 140 60 148 62 
H-negative risk:  707 690 1107 1085 398 400 94 109 148 140 62 60 
New BC onsets:  0
BC status:  4899 101 
BC subtype:  4899 85 16 

clinical_engagement 
diagnosis 
demography 
72 new agents 
10 dtreferralsatt10 smreferralsatt288 
disease_progression 
H-positive risk:  696 708 107 1084 406 93 1100 396 141 58 151 60 
H-negative risk:  708 696 1100 1084 396 406 93 107 151 141 60 58 
New BC onsets:  0
BC status:  4897 103 
BC subtype:  4897 86 17 

clinical_engagement 
diagnosis 
demography 
76 new agents 
12 dtreferralsatt12 smreferralsatt289 
disease_progression 
H-positive risk:  694 710 105 1092 396 92 1103 394 142 58 154 60 
H-negative risk:  710 694 1103 1092 394 396 92 105 154 142 60 58 
New BC onsets:  0
BC status:  4894 106 
BC subtype:  4894 91 15 

clinical_engagement 
diagnosis 
demography 
84 new agents 
6 dtreferralsatt6 smreferralsatt290 
disease_progression 
H-positive risk:  702 705 104 1097 393 94 1108 385 140 58 155 59 
H-negative risk:  705 702 1108 1097 385 393 94 104 155 140 59 58 
New BC onsets:  0
BC status:  4897 103 
BC subtype:  4897 89 14 

clinical_engagement 
diagnosis 
demography 
80 new agents 
12 dtreferralsatt12 smreferralsatt291 
disease_progression 
H-positive risk:  702 702 105 1115 389 95 1103 383 142 55 152 57 
H-negative risk:  702 702 1103 1115 383 389 95 105 152 142 57 55 
New BC onsets:  0
BC status:  4896 104 
BC subtype:  4896 89 15 

clinical_engagement 
diagnosis 
demography 
53 new agents 
5 dtreferralsatt5 smreferralsatt292 
disease_progression 
H-positive risk:  705 693 102 1118 386 94 1101 388 141 58 155 59 
H-negative risk:  693 705 1101 1118 388 386 94 102 155 141 59 58 
New BC onsets:  0
BC status:  4895 105 
BC subtype:  4895 91 14 

clinical_engagement 
diagnosis 
demography 
67 new agents 
7 dtreferralsatt7 smreferralsatt293 
disease_progression 
H-positive risk:  705 694 100 1108 388 93 1098 399 142 57 158 58 
H-negative risk:  694 705 1098 1108 399 388 93 100 158 142 58 57 
New BC onsets:  0
BC status:  4895 105 
BC subtype:  4895 91 14 

clinical_engagement 
diagnosis 
demography 
69 new agents 
4 dtreferralsatt4 smreferralsatt294 
disease_progression 
H-positive risk:  700 694 99 1108 390 94 1102 398 145 56 158 56 
H-negative risk:  694 700 1102 1108 398 390 94 99 158 145 56 56 
New BC onsets:  0
BC status:  4893 107 
BC subtype:  4893 93 14 

clinical_engagement 
diagnosis 
demography 
66 new agents 
9 dtreferralsatt9 smreferralsatt295 
disease_progression 
H-positive risk:  698 691 100 1108 401 95 1105 395 146 53 152 56 
H-negative risk:  691 698 1105 1108 395 401 95 100 152 146 56 53 
New BC onsets:  0
BC status:  4894 106 
BC subtype:  4894 92 14 

clinical_engagement 
diagnosis 
demography 
61 new agents 
8 dtreferralsatt8 smreferralsatt296 
disease_progression 
H-positive risk:  700 690 101 1108 406 93 1098 399 144 53 150 58 
H-negative risk:  690 700 1098 1108 399 406 93 101 150 144 58 53 
New BC onsets:  0
BC status:  4897 103 
BC subtype:  4897 89 14 

clinical_engagement 
diagnosis 
demography 
82 new agents 
9 dtreferralsatt9 smreferralsatt297 
disease_progression 
H-positive risk:  696 683 99 1115 399 87 1110 405 144 51 154 57 
H-negative risk:  683 696 1110 1115 405 399 87 99 154 144 57 51 
New BC onsets:  0
BC status:  4898 102 
BC subtype:  4898 87 15 

clinical_engagement 
diagnosis 
demography 
73 new agents 
7 dtreferralsatt7 smreferralsatt298 
disease_progression 
H-positive risk:  694 685 99 1115 409 86 1109 395 145 51 153 59 
H-negative risk:  685 694 1109 1115 395 409 86 99 153 145 59 51 
New BC onsets:  0
BC status:  4901 99 
BC subtype:  4901 85 14 

clinical_engagement 
diagnosis 
demography 
68 new agents 
10 dtreferralsatt10 smreferralsatt299 
disease_progression 
H-positive risk:  698 679 98 1114 406 83 1119 392 149 50 154 58 
H-negative risk:  679 698 1119 1114 392 406 83 98 154 149 58 50 
New BC onsets:  0
BC status:  4902 98 
BC subtype:  4902 83 15 

clinical_engagement 
diagnosis 
demography 
63 new agents 
12 dtreferralsatt12 smreferralsatt300 
disease_progression 
H-positive risk:  700 678 97 1107 410 83 1124 394 149 47 153 58 
H-negative risk:  678 700 1124 1107 394 410 83 97 153 149 58 47 
New BC onsets:  0
BC status:  4902 98 
BC subtype:  4902 82 16 

clinical_engagement 
diagnosis 
demography 
75 new agents 
8 dtreferralsatt8 smreferralsattTime difference of 18.94403 mins
This is task 1
date
