date
Note that the current default version of R is 3.6.1.
Loading required package: network
network: Classes for Relational Data
Version 1.15 created on 2019-04-01.
copyright (c) 2005, Carter T. Butts, University of California-Irvine
                    Mark S. Handcock, University of California -- Los Angeles
                    David R. Hunter, Penn State University
                    Martina Morris, University of Washington
                    Skye Bender-deMoll, University of Washington
 For citation information, type citation("network").
 Type help("network-package") to get started.


networkDynamic: version 0.10.0, created on 2019-04-04
Copyright (c) 2019, Carter T. Butts, University of California -- Irvine
                    Ayn Leslie-Cook, University of Washington
                    Pavel N. Krivitsky, University of Wollongong
                    Skye Bender-deMoll, University of Washington
                    with contributions from
                    Zack Almquist, University of California -- Irvine
                    David R. Hunter, Penn State University
                    Li Wang
                    Kirk Li, University of Washington
                    Steven M. Goodreau, University of Washington
                    Jeffrey Horner
                    Martina Morris, University of Washington
Based on "statnet" project software (statnet.org).
For license and citation information see statnet.org/attribution
or type citation("networkDynamic").

Loading required package: statnet.common

Attaching package: 'statnet.common'

The following object is masked from 'package:base':

    order

sna: Tools for Social Network Analysis
Version 2.4 created on 2016-07-23.
copyright (c) 2005, Carter T. Butts, University of California-Irvine
 For citation information, type citation("sna").
 Type help(package="sna") to get started.


ergm: version 3.10.4, created on 2019-06-10
Copyright (c) 2019, Mark S. Handcock, University of California -- Los Angeles
                    David R. Hunter, Penn State University
                    Carter T. Butts, University of California -- Irvine
                    Steven M. Goodreau, University of Washington
                    Pavel N. Krivitsky, University of Wollongong
                    Martina Morris, University of Washington
                    with contributions from
                    Li Wang
                    Kirk Li, University of Washington
                    Skye Bender-deMoll, University of Washington
                    Chad Klumb
Based on "statnet" project software (statnet.org).
For license and citation information see statnet.org/attribution
or type citation("ergm").

NOTE: Versions before 3.6.1 had a bug in the implementation of the bd()
constriant which distorted the sampled distribution somewhat. In
addition, Sampson's Monks datasets had mislabeled vertices. See the
NEWS and the documentation for more details.

NOTE: Some common term arguments pertaining to vertex attribute and
level selection have changed in 3.10.0. See terms help for more
details. Use 'options(ergm.term=list(version="3.9.4"))' to use old
behavior.


tergm: version 3.6.1, created on 2019-06-12
Copyright (c) 2019, Pavel N. Krivitsky, University of Wollongong
                    Mark S. Handcock, University of California -- Los Angeles
                    with contributions from
                    David R. Hunter, Penn State University
                    Steven M. Goodreau, University of Washington
                    Martina Morris, University of Washington
                    Nicole Bohme Carnegie, New York University
                    Carter T. Butts, University of California -- Irvine
                    Ayn Leslie-Cook, University of Washington
                    Skye Bender-deMoll
                    Li Wang
                    Kirk Li, University of Washington
Based on "statnet" project software (statnet.org).
For license and citation information see statnet.org/attribution
or type citation("tergm").

Starting maximum pseudolikelihood estimation (MPLE):
Evaluating the predictor and response matrix.
Maximizing the pseudolikelihood.
Finished MPLE.
Starting Monte Carlo maximum likelihood estimation (MCMLE):
Iteration 1 of at most 500:
Optimizing with step length 0.477137395905592.
The log-likelihood improved by 4.668.
Iteration 2 of at most 500:
Optimizing with step length 0.497459815057876.
The log-likelihood improved by 2.487.
Iteration 3 of at most 500:
Optimizing with step length 0.916176281006274.
The log-likelihood improved by 3.169.
Iteration 4 of at most 500:
Optimizing with step length 1.
The log-likelihood improved by 0.214.
Step length converged once. Increasing MCMC sample size.
Iteration 5 of at most 500:
Optimizing with step length 1.
The log-likelihood improved by 0.8078.
Step length converged twice. Stopping.
Finished MCMLE.
This model was fit using MCMC.  To examine model diagnostics and check
for degeneracy, use the mcmc.diagnostics() function.
 degree0  degree1  degree2  degree3  degree4  degree5  degree6  degree7 
       3       25     1219      960      812      363      368      365 
 degree8  degree9 degree10 degree11 degree12 degree13 degree14 degree15 
     322      248      150       72       54       19       10        7 
degree16 degree17 
       2        1 
1 
disease_progression 
H-positive risk:  866 869 122 874 453 134 896 420 129 58 108 71 
H-negative risk:  869 866 896 874 420 453 134 122 108 129 71 58 
New BC onsets:  0
BC status:  5000 
BC subtype:  5000 

clinical_engagement 
diagnosis 
demography 
51 new agents 
1 dtreferralsatt1 smreferralsatt2 
disease_progression 
H-positive risk:  874 871 125 870 451 136 893 413 130 56 109 72 
H-negative risk:  871 874 893 870 413 451 136 125 109 130 72 56 
New BC onsets:  0
BC status:  4998 2 
BC subtype:  4998 2 

clinical_engagement 
diagnosis 
demography 
58 new agents 
1 dtreferralsatt1 smreferralsatt3 
disease_progression 
H-positive risk:  876 879 124 873 445 136 890 412 129 55 107 74 
H-negative risk:  879 876 890 873 412 445 136 124 107 129 74 55 
New BC onsets:  0
BC status:  4994 6 
BC subtype:  4994 6 

clinical_engagement 
diagnosis 
demography 
55 new agents 
6 dtreferralsatt6 smreferralsatt4 
disease_progression 
H-positive risk:  881 884 125 877 442 136 886 405 130 54 107 73 
H-negative risk:  884 881 886 877 405 442 136 125 107 130 73 54 
New BC onsets:  0
BC status:  4992 8 
BC subtype:  4992 8 

clinical_engagement 
diagnosis 
demography 
68 new agents 
4 dtreferralsatt4 smreferralsatt5 
disease_progression 
H-positive risk:  886 885 125 874 432 136 893 403 129 55 110 72 
H-negative risk:  885 886 893 874 403 432 136 125 110 129 72 55 
New BC onsets:  0
BC status:  4987 13 
BC subtype:  4987 13 

clinical_engagement 
diagnosis 
demography 
52 new agents 
4 dtreferralsatt4 smreferralsatt6 
disease_progression 
H-positive risk:  890 888 126 879 425 135 892 402 128 56 108 71 
H-negative risk:  888 890 892 879 402 425 135 126 108 128 71 56 
New BC onsets:  0
BC status:  4985 15 
BC subtype:  4985 15 

clinical_engagement 
diagnosis 
demography 
67 new agents 
7 dtreferralsatt7 smreferralsatt7 
disease_progression 
H-positive risk:  889 892 125 881 424 138 888 403 126 57 109 68 
H-negative risk:  892 889 888 881 403 424 138 125 109 126 68 57 
New BC onsets:  0
BC status:  4982 18 
BC subtype:  4982 16 2 

clinical_engagement 
diagnosis 
demography 
56 new agents 
7 dtreferralsatt7 smreferralsatt8 
disease_progression 
H-positive risk:  894 894 126 880 426 140 885 396 126 57 108 68 
H-negative risk:  894 894 885 880 396 426 140 126 108 126 68 57 
New BC onsets:  0
BC status:  4979 21 
BC subtype:  4979 19 2 

clinical_engagement 
diagnosis 
demography 
58 new agents 
8 dtreferralsatt8 smreferralsatt9 
disease_progression 
H-positive risk:  902 901 127 875 421 140 880 394 127 55 109 69 
H-negative risk:  901 902 880 875 394 421 140 127 109 127 69 55 
New BC onsets:  0
BC status:  4979 21 
BC subtype:  4979 19 2 

clinical_engagement 
diagnosis 
demography 
60 new agents 
5 dtreferralsatt5 smreferralsatt10 
disease_progression 
H-positive risk:  908 899 128 872 414 142 876 401 129 54 109 68 
H-negative risk:  899 908 876 872 401 414 142 128 109 129 68 54 
New BC onsets:  0
BC status:  4977 23 
BC subtype:  4977 19 4 

clinical_engagement 
diagnosis 
demography 
61 new agents 
8 dtreferralsatt8 smreferralsatt11 
disease_progression 
H-positive risk:  914 904 129 874 409 142 880 392 130 51 108 67 
H-negative risk:  904 914 880 874 392 409 142 129 108 130 67 51 
New BC onsets:  0
BC status:  4974 26 
BC subtype:  4974 20 6 

clinical_engagement 
diagnosis 
demography 
59 new agents 
8 dtreferralsatt8 smreferralsatt12 
disease_progression 
H-positive risk:  919 911 133 870 400 142 881 390 131 51 106 66 
H-negative risk:  911 919 881 870 390 400 142 133 106 131 66 51 
New BC onsets:  0
BC status:  4970 30 
BC subtype:  4970 20 10 

clinical_engagement 
diagnosis 
demography 
58 new agents 
6 dtreferralsatt6 smreferralsatt13 
disease_progression 
H-positive risk:  835 851 120 928 400 131 970 389 143 51 119 63 
H-negative risk:  851 835 970 928 389 400 131 120 119 143 63 51 
New BC onsets:  0
BC status:  4966 34 
BC subtype:  4966 24 10 

clinical_engagement 
diagnosis 
demography 
226 new agents 
2 dtreferralsatt2 smreferralsatt14 
disease_progression 
H-positive risk:  878 885 128 882 411 130 915 403 133 60 118 57 
H-negative risk:  885 878 915 882 403 411 130 128 118 133 57 60 
New BC onsets:  0
BC status:  4961 39 
BC subtype:  4961 29 10 

clinical_engagement 
diagnosis 
demography 
59 new agents 
5 dtreferralsatt5 smreferralsatt15 
disease_progression 
H-positive risk:  884 889 128 872 411 132 914 400 133 61 118 58 
H-negative risk:  889 884 914 872 400 411 132 128 118 133 58 61 
New BC onsets:  0
BC status:  4959 41 
BC subtype:  4959 31 10 

clinical_engagement 
diagnosis 
demography 
60 new agents 
6 dtreferralsatt6 smreferralsatt16 
disease_progression 
H-positive risk:  893 896 124 872 403 133 917 398 131 60 115 58 
H-negative risk:  896 893 917 872 398 403 133 124 115 131 58 60 
New BC onsets:  0
BC status:  4958 42 
BC subtype:  4958 32 10 

clinical_engagement 
diagnosis 
demography 
58 new agents 
5 dtreferralsatt5 smreferralsatt17 
disease_progression 
H-positive risk:  892 899 126 864 403 136 925 395 130 57 117 56 
H-negative risk:  899 892 925 864 395 403 136 126 117 130 56 57 
New BC onsets:  0
BC status:  4954 46 
BC subtype:  4954 36 10 

clinical_engagement 
diagnosis 
demography 
48 new agents 
7 dtreferralsatt7 smreferralsatt18 
disease_progression 
H-positive risk:  898 897 127 860 397 135 935 393 131 57 117 53 
H-negative risk:  897 898 935 860 393 397 135 127 117 131 53 57 
New BC onsets:  0
BC status:  4953 47 
BC subtype:  4953 37 10 

clinical_engagement 
diagnosis 
demography 
73 new agents 
12 dtreferralsatt12 smreferralsatt19 
disease_progression 
H-positive risk:  909 912 128 851 392 137 926 390 130 55 116 54 
H-negative risk:  912 909 926 851 390 392 137 128 116 130 54 55 
New BC onsets:  0
BC status:  4947 53 
BC subtype:  4947 43 10 

clinical_engagement 
diagnosis 
demography 
59 new agents 
7 dtreferralsatt7 smreferralsatt20 
disease_progression 
H-positive risk:  912 917 130 843 393 136 916 395 130 55 116 57 
H-negative risk:  917 912 916 843 395 393 136 130 116 130 57 55 
New BC onsets:  0
BC status:  4945 55 
BC subtype:  4945 44 11 

clinical_engagement 
diagnosis 
demography 
43 new agents 
15 dtreferralsatt15 smreferralsatt21 
disease_progression 
H-positive risk:  913 922 130 832 393 134 921 396 131 54 116 58 
H-negative risk:  922 913 921 832 396 393 134 130 116 131 58 54 
New BC onsets:  0
BC status:  4944 56 
BC subtype:  4944 45 11 

clinical_engagement 
diagnosis 
demography 
45 new agents 
8 dtreferralsatt8 smreferralsatt22 
disease_progression 
H-positive risk:  916 928 132 834 394 132 918 393 131 52 113 57 
H-negative risk:  928 916 918 834 393 394 132 132 113 131 57 52 
New BC onsets:  0
BC status:  4944 56 
BC subtype:  4944 45 11 

clinical_engagement 
diagnosis 
demography 
58 new agents 
17 dtreferralsatt17 smreferralsatt23 
disease_progression 
H-positive risk:  922 928 135 835 389 131 915 392 131 52 113 57 
H-negative risk:  928 922 915 835 392 389 131 135 113 131 57 52 
New BC onsets:  0
BC status:  4943 57 
BC subtype:  4943 44 13 

clinical_engagement 
diagnosis 
demography 
73 new agents 
11 dtreferralsatt11 smreferralsatt24 
disease_progression 
H-positive risk:  929 936 135 830 388 132 916 387 131 51 112 53 
H-negative risk:  936 929 916 830 387 388 132 135 112 131 53 51 
New BC onsets:  0
BC status:  4944 56 
BC subtype:  4944 43 13 

clinical_engagement 
diagnosis 
demography 
68 new agents 
10 dtreferralsatt10 smreferralsatt25 
disease_progression 
H-positive risk:  880 856 120 915 379 117 976 375 151 48 128 55 
H-negative risk:  856 880 976 915 375 379 117 120 128 151 55 48 
New BC onsets:  0
BC status:  4946 54 
BC subtype:  4946 42 12 

clinical_engagement 
diagnosis 
demography 
182 new agents 
15 dtreferralsatt15 smreferralsatt26 
disease_progression 
H-positive risk:  907 876 123 881 395 124 937 387 137 50 129 54 
H-negative risk:  876 907 937 881 387 395 124 123 129 137 54 50 
New BC onsets:  0
BC status:  4939 61 
BC subtype:  4939 49 12 

clinical_engagement 
diagnosis 
demography 
67 new agents 
8 dtreferralsatt8 smreferralsatt27 
disease_progression 
H-positive risk:  908 874 123 879 399 125 945 378 137 49 129 54 
H-negative risk:  874 908 945 879 378 399 125 123 129 137 54 49 
New BC onsets:  0
BC status:  4935 65 
BC subtype:  4935 51 14 

clinical_engagement 
diagnosis 
demography 
67 new agents 
12 dtreferralsatt12 smreferralsatt28 
disease_progression 
H-positive risk:  912 877 122 875 394 125 948 375 137 49 130 56 
H-negative risk:  877 912 948 875 375 394 125 122 130 137 56 49 
New BC onsets:  0
BC status:  4935 65 
BC subtype:  4935 51 14 

clinical_engagement 
diagnosis 
demography 
64 new agents 
9 dtreferralsatt9 smreferralsatt29 
disease_progression 
H-positive risk:  920 873 123 880 394 125 941 374 135 49 131 55 
H-negative risk:  873 920 941 880 374 394 125 123 131 135 55 49 
New BC onsets:  0
BC status:  4935 65 
BC subtype:  4935 52 13 

clinical_engagement 
diagnosis 
demography 
61 new agents 
10 dtreferralsatt10 smreferralsatt30 
disease_progression 
H-positive risk:  923 872 124 878 395 127 940 374 136 49 128 54 
H-negative risk:  872 923 940 878 374 395 127 124 128 136 54 49 
New BC onsets:  0
BC status:  4935 65 
BC subtype:  4935 52 13 

clinical_engagement 
diagnosis 
demography 
58 new agents 
13 dtreferralsatt13 smreferralsatt31 
disease_progression 
H-positive risk:  925 884 124 872 394 126 938 373 134 49 126 55 
H-negative risk:  884 925 938 872 373 394 126 124 126 134 55 49 
New BC onsets:  0
BC status:  4934 66 
BC subtype:  4934 53 13 

clinical_engagement 
diagnosis 
demography 
60 new agents 
12 dtreferralsatt12 smreferralsatt32 
disease_progression 
H-positive risk:  925 888 128 876 387 126 939 375 133 49 121 53 
H-negative risk:  888 925 939 876 375 387 126 128 121 133 53 49 
New BC onsets:  0
BC status:  4932 68 
BC subtype:  4932 54 14 

clinical_engagement 
diagnosis 
demography 
46 new agents 
6 dtreferralsatt6 smreferralsatt33 
disease_progression 
H-positive risk:  928 885 129 878 386 126 941 373 133 48 120 53 
H-negative risk:  885 928 941 878 373 386 126 129 120 133 53 48 
New BC onsets:  0
BC status:  4930 70 
BC subtype:  4930 56 14 

clinical_engagement 
diagnosis 
demography 
66 new agents 
10 dtreferralsatt10 smreferralsatt34 
disease_progression 
H-positive risk:  934 892 127 878 388 128 932 366 133 48 122 52 
H-negative risk:  892 934 932 878 366 388 128 127 122 133 52 48 
New BC onsets:  0
BC status:  4928 72 
BC subtype:  4928 57 15 

clinical_engagement 
diagnosis 
demography 
60 new agents 
18 dtreferralsatt18 smreferralsatt35 
disease_progression 
H-positive risk:  936 899 128 873 383 130 928 365 133 47 127 51 
H-negative risk:  899 936 928 873 365 383 130 128 127 133 51 47 
New BC onsets:  0
BC status:  4927 73 
BC subtype:  4927 58 15 

clinical_engagement 
diagnosis 
demography 
65 new agents 
14 dtreferralsatt14 smreferralsatt36 
disease_progression 
H-positive risk:  945 898 127 873 380 133 928 360 132 47 127 50 
H-negative risk:  898 945 928 873 360 380 133 127 127 132 50 47 
New BC onsets:  0
BC status:  4927 73 
BC subtype:  4927 58 15 

clinical_engagement 
diagnosis 
demography 
64 new agents 
7 dtreferralsatt7 smreferralsatt37 
disease_progression 
H-positive risk:  877 828 120 947 381 127 987 363 141 50 129 50 
H-negative risk:  828 877 987 947 363 381 127 120 129 141 50 50 
New BC onsets:  0
BC status:  4927 73 
BC subtype:  4927 58 15 

clinical_engagement 
diagnosis 
demography 
144 new agents 
22 dtreferralsatt22 smreferralsatt38 
disease_progression 
H-positive risk:  886 845 119 924 385 129 949 390 143 53 125 52 
H-negative risk:  845 886 949 924 390 385 129 119 125 143 52 53 
New BC onsets:  0
BC status:  4924 76 
BC subtype:  4924 62 14 

clinical_engagement 
diagnosis 
demography 
74 new agents 
15 dtreferralsatt15 smreferralsatt39 
disease_progression 
H-positive risk:  888 855 120 921 385 130 937 387 144 54 125 54 
H-negative risk:  855 888 937 921 387 385 130 120 125 144 54 54 
New BC onsets:  0
BC status:  4925 75 
BC subtype:  4925 61 14 

clinical_engagement 
diagnosis 
demography 
74 new agents 
16 dtreferralsatt16 smreferralsatt40 
disease_progression 
H-positive risk:  893 855 121 918 387 129 933 389 142 52 125 56 
H-negative risk:  855 893 933 918 389 387 129 121 125 142 56 52 
New BC onsets:  0
BC status:  4926 74 
BC subtype:  4926 60 14 

clinical_engagement 
diagnosis 
demography 
57 new agents 
10 dtreferralsatt10 smreferralsatt41 
disease_progression 
H-positive risk:  896 858 120 921 392 129 930 381 142 52 124 55 
H-negative risk:  858 896 930 921 381 392 129 120 124 142 55 52 
New BC onsets:  0
BC status:  4921 79 
BC subtype:  4921 65 14 

clinical_engagement 
diagnosis 
demography 
56 new agents 
9 dtreferralsatt9 smreferralsatt42 
disease_progression 
H-positive risk:  902 862 123 915 390 128 932 380 141 51 123 53 
H-negative risk:  862 902 932 915 380 390 128 123 123 141 53 51 
New BC onsets:  0
BC status:  4920 80 
BC subtype:  4920 66 14 

clinical_engagement 
diagnosis 
demography 
64 new agents 
4 dtreferralsatt4 smreferralsatt43 
disease_progression 
H-positive risk:  907 869 124 915 379 129 932 376 141 50 124 54 
H-negative risk:  869 907 932 915 376 379 129 124 124 141 54 50 
New BC onsets:  0
BC status:  4917 83 
BC subtype:  4917 69 14 

clinical_engagement 
diagnosis 
demography 
66 new agents 
12 dtreferralsatt12 smreferralsatt44 
disease_progression 
H-positive risk:  917 873 125 901 386 132 934 366 140 49 123 54 
H-negative risk:  873 917 934 901 366 386 132 125 123 140 54 49 
New BC onsets:  0
BC status:  4915 85 
BC subtype:  4915 70 15 

clinical_engagement 
diagnosis 
demography 
65 new agents 
19 dtreferralsatt19 smreferralsatt45 
disease_progression 
H-positive risk:  913 875 122 908 384 132 944 362 137 48 123 52 
H-negative risk:  875 913 944 908 362 384 132 122 123 137 52 48 
New BC onsets:  0
BC status:  4915 85 
BC subtype:  4915 70 15 

clinical_engagement 
diagnosis 
demography 
65 new agents 
8 dtreferralsatt8 smreferralsatt46 
disease_progression 
H-positive risk:  914 881 123 907 383 135 947 353 136 46 124 51 
H-negative risk:  881 914 947 907 353 383 135 123 124 136 51 46 
New BC onsets:  0
BC status:  4914 86 
BC subtype:  4914 71 15 

clinical_engagement 
diagnosis 
demography 
55 new agents 
7 dtreferralsatt7 smreferralsatt47 
disease_progression 
H-positive risk:  916 884 122 914 384 131 946 351 134 46 119 53 
H-negative risk:  884 916 946 914 351 384 131 122 119 134 53 46 
New BC onsets:  0
BC status:  4911 89 
BC subtype:  4911 74 15 

clinical_engagement 
diagnosis 
demography 
55 new agents 
10 dtreferralsatt10 smreferralsatt48 
disease_progression 
H-positive risk:  917 883 123 915 376 133 950 346 135 46 124 52 
H-negative risk:  883 917 950 915 346 376 133 123 124 135 52 46 
New BC onsets:  0
BC status:  4908 92 
BC subtype:  4908 75 17 

clinical_engagement 
diagnosis 
demography 
60 new agents 
11 dtreferralsatt11 smreferralsatt49 
disease_progression 
H-positive risk:  862 824 114 974 374 128 1005 348 138 46 135 52 
H-negative risk:  824 862 1005 974 348 374 128 114 135 138 52 46 
New BC onsets:  0
BC status:  4906 94 
BC subtype:  4906 77 17 

clinical_engagement 
diagnosis 
demography 
127 new agents 
4 dtreferralsatt4 smreferralsatt50 
disease_progression 
H-positive risk:  870 830 115 932 402 128 986 378 127 49 133 50 
H-negative risk:  830 870 986 932 378 402 128 115 133 127 50 49 
New BC onsets:  0
BC status:  4905 95 
BC subtype:  4905 78 17 

clinical_engagement 
diagnosis 
demography 
61 new agents 
10 dtreferralsatt10 smreferralsatt51 
disease_progression 
H-positive risk:  881 830 116 928 394 126 980 385 125 50 131 54 
H-negative risk:  830 881 980 928 385 394 126 116 131 125 54 50 
New BC onsets:  0
BC status:  4905 95 
BC subtype:  4905 77 18 

clinical_engagement 
diagnosis 
demography 
87 new agents 
8 dtreferralsatt8 smreferralsatt52 
disease_progression 
H-positive risk:  885 838 119 926 389 129 976 383 125 49 128 53 
H-negative risk:  838 885 976 926 383 389 129 119 128 125 53 49 
New BC onsets:  0
BC status:  4906 94 
BC subtype:  4906 78 16 

clinical_engagement 
diagnosis 
demography 
66 new agents 
14 dtreferralsatt14 smreferralsatt53 
disease_progression 
H-positive risk:  890 835 120 924 386 130 965 391 127 50 127 55 
H-negative risk:  835 890 965 924 391 386 130 120 127 127 55 50 
New BC onsets:  0
BC status:  4902 98 
BC subtype:  4902 82 16 

clinical_engagement 
diagnosis 
demography 
65 new agents 
12 dtreferralsatt12 smreferralsatt54 
disease_progression 
H-positive risk:  896 834 124 924 381 132 963 385 129 50 126 56 
H-negative risk:  834 896 963 924 385 381 132 124 126 129 56 50 
New BC onsets:  0
BC status:  4899 101 
BC subtype:  4899 85 16 

clinical_engagement 
diagnosis 
demography 
66 new agents 
10 dtreferralsatt10 smreferralsatt55 
disease_progression 
H-positive risk:  904 835 123 923 376 129 963 379 132 51 130 55 
H-negative risk:  835 904 963 923 379 376 129 123 130 132 55 51 
New BC onsets:  0
BC status:  4899 101 
BC subtype:  4899 85 16 

clinical_engagement 
diagnosis 
demography 
63 new agents 
10 dtreferralsatt10 smreferralsatt56 
disease_progression 
H-positive risk:  909 843 124 926 382 131 948 370 132 51 126 58 
H-negative risk:  843 909 948 926 370 382 131 124 126 132 58 51 
New BC onsets:  0
BC status:  4902 98 
BC subtype:  4902 82 16 

clinical_engagement 
diagnosis 
demography 
64 new agents 
7 dtreferralsatt7 smreferralsatt57 
disease_progression 
H-positive risk:  911 838 124 930 383 133 949 366 135 49 125 57 
H-negative risk:  838 911 949 930 366 383 133 124 125 135 57 49 
New BC onsets:  0
BC status:  4903 97 
BC subtype:  4903 83 14 

clinical_engagement 
diagnosis 
demography 
72 new agents 
12 dtreferralsatt12 smreferralsatt58 
disease_progression 
H-positive risk:  911 845 123 932 385 131 943 365 136 48 126 55 
H-negative risk:  845 911 943 932 365 385 131 123 126 136 55 48 
New BC onsets:  0
BC status:  4902 98 
BC subtype:  4902 83 15 

clinical_engagement 
diagnosis 
demography 
57 new agents 
8 dtreferralsatt8 smreferralsatt59 
disease_progression 
H-positive risk:  924 846 124 923 376 132 938 373 138 46 125 55 
H-negative risk:  846 924 938 923 373 376 132 124 125 138 55 46 
New BC onsets:  0
BC status:  4901 99 
BC subtype:  4901 84 15 

clinical_engagement 
diagnosis 
demography 
64 new agents 
20 dtreferralsatt20 smreferralsatt60 
disease_progression 
H-positive risk:  927 851 128 923 370 132 937 374 131 48 125 54 
H-negative risk:  851 927 937 923 374 370 132 128 125 131 54 48 
New BC onsets:  0
BC status:  4901 99 
BC subtype:  4901 84 15 

clinical_engagement 
diagnosis 
demography 
68 new agents 
16 dtreferralsatt16 smreferralsatt61 
disease_progression 
H-positive risk:  879 786 122 988 371 129 987 371 131 48 133 55 
H-negative risk:  786 879 987 988 371 371 129 122 133 131 55 48 
New BC onsets:  0
BC status:  4902 98 
BC subtype:  4902 83 15 

clinical_engagement 
diagnosis 
demography 
128 new agents 
7 dtreferralsatt7 smreferralsatt62 
disease_progression 
H-positive risk:  878 795 123 969 379 133 969 394 128 51 125 56 
H-negative risk:  795 878 969 969 394 379 133 123 125 128 56 51 
New BC onsets:  0
BC status:  4903 97 
BC subtype:  4903 83 14 

clinical_engagement 
diagnosis 
demography 
83 new agents 
11 dtreferralsatt11 smreferralsatt63 
disease_progression 
H-positive risk:  882 791 118 972 377 131 976 390 128 53 123 59 
H-negative risk:  791 882 976 972 390 377 131 118 123 128 59 53 
New BC onsets:  0
BC status:  4901 99 
BC subtype:  4901 85 14 

clinical_engagement 
diagnosis 
demography 
75 new agents 
11 dtreferralsatt11 smreferralsatt64 
disease_progression 
H-positive risk:  883 792 119 972 371 133 976 387 132 55 122 58 
H-negative risk:  792 883 976 972 387 371 133 119 122 132 58 55 
New BC onsets:  0
BC status:  4902 98 
BC subtype:  4902 84 14 

clinical_engagement 
diagnosis 
demography 
65 new agents 
13 dtreferralsatt13 smreferralsatt65 
disease_progression 
H-positive risk:  878 795 118 975 366 130 985 385 137 52 120 59 
H-negative risk:  795 878 985 975 385 366 130 118 120 137 59 52 
New BC onsets:  0
BC status:  4903 97 
BC subtype:  4903 84 13 

clinical_engagement 
diagnosis 
demography 
77 new agents 
15 dtreferralsatt15 smreferralsatt66 
disease_progression 
H-positive risk:  877 799 117 960 369 132 989 383 138 52 123 61 
H-negative risk:  799 877 989 960 383 369 132 117 123 138 61 52 
New BC onsets:  0
BC status:  4901 99 
BC subtype:  4901 85 14 

clinical_engagement 
diagnosis 
demography 
60 new agents 
8 dtreferralsatt8 smreferralsatt67 
disease_progression 
H-positive risk:  876 812 120 959 373 131 979 378 138 52 122 60 
H-negative risk:  812 876 979 959 378 373 131 120 122 138 60 52 
New BC onsets:  0
BC status:  4903 97 
BC subtype:  4903 83 14 

clinical_engagement 
diagnosis 
demography 
68 new agents 
8 dtreferralsatt8 smreferralsatt68 
disease_progression 
H-positive risk:  879 814 121 963 373 128 981 375 135 49 123 59 
H-negative risk:  814 879 981 963 375 373 128 121 123 135 59 49 
New BC onsets:  0
BC status:  4901 99 
BC subtype:  4901 85 14 

clinical_engagement 
diagnosis 
demography 
65 new agents 
12 dtreferralsatt12 smreferralsatt69 
disease_progression 
H-positive risk:  881 816 122 953 379 130 983 374 135 49 120 58 
H-negative risk:  816 881 983 953 374 379 130 122 120 135 58 49 
New BC onsets:  0
BC status:  4900 100 
BC subtype:  4900 86 14 

clinical_engagement 
diagnosis 
demography 
56 new agents 
5 dtreferralsatt5 smreferralsatt70 
disease_progression 
H-positive risk:  881 824 122 949 375 129 984 379 131 46 121 59 
H-negative risk:  824 881 984 949 379 375 129 122 121 131 59 46 
New BC onsets:  0
BC status:  4898 102 
BC subtype:  4898 87 15 

clinical_engagement 
diagnosis 
demography 
56 new agents 
12 dtreferralsatt12 smreferralsatt71 
disease_progression 
H-positive risk:  885 824 121 944 375 127 987 378 133 45 122 59 
H-negative risk:  824 885 987 944 378 375 127 121 122 133 59 45 
New BC onsets:  0
BC status:  4899 101 
BC subtype:  4899 86 15 

clinical_engagement 
diagnosis 
demography 
55 new agents 
11 dtreferralsatt11 smreferralsatt72 
disease_progression 
H-positive risk:  881 817 122 953 382 127 984 378 131 45 124 56 
H-negative risk:  817 881 984 953 378 382 127 122 124 131 56 45 
New BC onsets:  0
BC status:  4900 100 
BC subtype:  4900 86 14 

clinical_engagement 
diagnosis 
demography 
68 new agents 
13 dtreferralsatt13 smreferralsatt73 
disease_progression 
H-positive risk:  837 765 117 990 385 121 1037 376 136 46 132 58 
H-negative risk:  765 837 1037 990 376 385 121 117 132 136 58 46 
New BC onsets:  0
BC status:  4903 97 
BC subtype:  4903 84 13 

clinical_engagement 
diagnosis 
demography 
114 new agents 
10 dtreferralsatt10 smreferralsatt74 
disease_progression 
H-positive risk:  846 772 116 980 396 114 1012 386 141 46 134 57 
H-negative risk:  772 846 1012 980 386 396 114 116 134 141 57 46 
New BC onsets:  0
BC status:  4899 101 
BC subtype:  4899 85 16 

clinical_engagement 
diagnosis 
demography 
77 new agents 
6 dtreferralsatt6 smreferralsatt75 
disease_progression 
H-positive risk:  849 780 114 981 391 117 1006 388 137 46 136 55 
H-negative risk:  780 849 1006 981 388 391 117 114 136 137 55 46 
New BC onsets:  0
BC status:  4902 98 
BC subtype:  4902 82 16 

clinical_engagement 
diagnosis 
demography 
82 new agents 
9 dtreferralsatt9 smreferralsatt76 
disease_progression 
H-positive risk:  852 771 112 987 390 119 1015 382 136 47 135 54 
H-negative risk:  771 852 1015 987 382 390 119 112 135 136 54 47 
New BC onsets:  0
BC status:  4904 96 
BC subtype:  4904 80 16 

clinical_engagement 
diagnosis 
demography 
84 new agents 
15 dtreferralsatt15 smreferralsatt77 
disease_progression 
H-positive risk:  853 779 109 977 395 120 1014 380 139 45 136 53 
H-negative risk:  779 853 1014 977 380 395 120 109 136 139 53 45 
New BC onsets:  0
BC status:  4903 97 
BC subtype:  4903 78 19 

clinical_engagement 
diagnosis 
demography 
77 new agents 
10 dtreferralsatt10 smreferralsatt78 
disease_progression 
H-positive risk:  850 776 109 981 395 120 1019 379 136 45 137 53 
H-negative risk:  776 850 1019 981 379 395 120 109 137 136 53 45 
New BC onsets:  0
BC status:  4902 98 
BC subtype:  4902 79 19 

clinical_engagement 
diagnosis 
demography 
65 new agents 
8 dtreferralsatt8 smreferralsatt79 
disease_progression 
H-positive risk:  859 773 108 987 388 123 1015 377 132 44 138 56 
H-negative risk:  773 859 1015 987 377 388 123 108 138 132 56 44 
New BC onsets:  0
BC status:  4901 99 
BC subtype:  4901 80 19 

clinical_engagement 
diagnosis 
demography 
61 new agents 
12 dtreferralsatt12 smreferralsatt80 
disease_progression 
H-positive risk:  849 770 111 983 393 125 1021 373 132 46 141 56 
H-negative risk:  770 849 1021 983 373 393 125 111 141 132 56 46 
New BC onsets:  0
BC status:  4902 98 
BC subtype:  4902 79 19 

clinical_engagement 
diagnosis 
demography 
62 new agents 
9 dtreferralsatt9 smreferralsatt81 
disease_progression 
H-positive risk:  847 767 107 984 390 125 1028 376 135 45 142 54 
H-negative risk:  767 847 1028 984 376 390 125 107 142 135 54 45 
New BC onsets:  0
BC status:  4905 95 
BC subtype:  4905 76 19 

clinical_engagement 
diagnosis 
demography 
61 new agents 
7 dtreferralsatt7 smreferralsatt82 
disease_progression 
H-positive risk:  849 768 108 989 383 125 1032 370 135 44 141 56 
H-negative risk:  768 849 1032 989 370 383 125 108 141 135 56 44 
New BC onsets:  0
BC status:  4909 91 
BC subtype:  4909 73 18 

clinical_engagement 
diagnosis 
demography 
63 new agents 
10 dtreferralsatt10 smreferralsatt83 
disease_progression 
H-positive risk:  848 765 109 993 375 126 1035 369 137 43 143 57 
H-negative risk:  765 848 1035 993 369 375 126 109 143 137 57 43 
New BC onsets:  0
BC status:  4909 91 
BC subtype:  4909 72 19 

clinical_engagement 
diagnosis 
demography 
60 new agents 
8 dtreferralsatt8 smreferralsatt84 
disease_progression 
H-positive risk:  847 770 110 996 370 126 1028 372 139 41 146 55 
H-negative risk:  770 847 1028 996 372 370 126 110 146 139 55 41 
New BC onsets:  0
BC status:  4912 88 
BC subtype:  4912 69 19 

clinical_engagement 
diagnosis 
demography 
75 new agents 
17 dtreferralsatt17 smreferralsatt85 
disease_progression 
H-positive risk:  807 711 104 1050 370 118 1079 370 147 41 148 55 
H-negative risk:  711 807 1079 1050 370 370 118 104 148 147 55 41 
New BC onsets:  0
BC status:  4911 89 
BC subtype:  4911 69 20 

clinical_engagement 
diagnosis 
demography 
114 new agents 
11 dtreferralsatt11 smreferralsatt86 
disease_progression 
H-positive risk:  807 712 101 1042 377 118 1073 387 143 38 148 54 
H-negative risk:  712 807 1073 1042 387 377 118 101 148 143 54 38 
New BC onsets:  0
BC status:  4912 88 
BC subtype:  4912 68 20 

clinical_engagement 
diagnosis 
demography 
76 new agents 
14 dtreferralsatt14 smreferralsatt87 
disease_progression 
H-positive risk:  808 718 104 1036 378 119 1066 383 145 41 148 54 
H-negative risk:  718 808 1066 1036 383 378 119 104 148 145 54 41 
New BC onsets:  0
BC status:  4909 91 
BC subtype:  4909 71 20 

clinical_engagement 
diagnosis 
demography 
69 new agents 
10 dtreferralsatt10 smreferralsatt88 
disease_progression 
H-positive risk:  811 721 105 1036 379 119 1062 380 145 41 147 54 
H-negative risk:  721 811 1062 1036 380 379 119 105 147 145 54 41 
New BC onsets:  0
BC status:  4909 91 
BC subtype:  4909 72 19 

clinical_engagement 
diagnosis 
demography 
89 new agents 
10 dtreferralsatt10 smreferralsatt89 
disease_progression 
H-positive risk:  812 721 106 1043 384 121 1046 370 150 43 147 57 
H-negative risk:  721 812 1046 1043 370 384 121 106 147 150 57 43 
New BC onsets:  0
BC status:  4907 93 
BC subtype:  4907 75 18 

clinical_engagement 
diagnosis 
demography 
80 new agents 
13 dtreferralsatt13 smreferralsatt90 
disease_progression 
H-positive risk:  815 722 103 1049 384 122 1037 368 152 43 149 56 
H-negative risk:  722 815 1037 1049 368 384 122 103 149 152 56 43 
New BC onsets:  0
BC status:  4904 96 
BC subtype:  4904 76 20 

clinical_engagement 
diagnosis 
demography 
69 new agents 
11 dtreferralsatt11 smreferralsatt91 
disease_progression 
H-positive risk:  813 722 107 1052 381 121 1041 364 150 45 149 55 
H-negative risk:  722 813 1041 1052 364 381 121 107 149 150 55 45 
New BC onsets:  0
BC status:  4902 98 
BC subtype:  4902 78 20 

clinical_engagement 
diagnosis 
demography 
63 new agents 
9 dtreferralsatt9 smreferralsatt92 
disease_progression 
H-positive risk:  801 724 106 1057 381 120 1053 360 149 46 150 53 
H-negative risk:  724 801 1053 1057 360 381 120 106 150 149 53 46 
New BC onsets:  0
BC status:  4902 98 
BC subtype:  4902 78 20 

clinical_engagement 
diagnosis 
demography 
74 new agents 
9 dtreferralsatt9 smreferralsatt93 
disease_progression 
H-positive risk:  812 723 107 1043 380 121 1052 365 149 48 148 52 
H-negative risk:  723 812 1052 1043 365 380 121 107 148 149 52 48 
New BC onsets:  0
BC status:  4903 97 
BC subtype:  4903 77 20 

clinical_engagement 
diagnosis 
demography 
73 new agents 
11 dtreferralsatt11 smreferralsatt94 
disease_progression 
H-positive risk:  809 728 109 1040 379 122 1049 363 153 52 146 50 
H-negative risk:  728 809 1049 1040 363 379 122 109 146 153 50 52 
New BC onsets:  0
BC status:  4902 98 
BC subtype:  4902 78 20 

clinical_engagement 
diagnosis 
demography 
77 new agents 
8 dtreferralsatt8 smreferralsatt95 
disease_progression 
H-positive risk:  800 740 109 1031 379 120 1053 365 153 54 150 46 
H-negative risk:  740 800 1053 1031 365 379 120 109 150 153 46 54 
New BC onsets:  0
BC status:  4905 95 
BC subtype:  4905 76 19 

clinical_engagement 
diagnosis 
demography 
74 new agents 
13 dtreferralsatt13 smreferralsatt96 
disease_progression 
H-positive risk:  797 739 106 1034 382 120 1052 361 153 57 150 49 
H-negative risk:  739 797 1052 1034 361 382 120 106 150 153 49 57 
New BC onsets:  0
BC status:  4905 95 
BC subtype:  4905 76 19 

clinical_engagement 
diagnosis 
demography 
83 new agents 
13 dtreferralsatt13 smreferralsatt97 
disease_progression 
H-positive risk:  751 686 103 1091 376 108 1091 361 171 58 156 48 
H-negative risk:  686 751 1091 1091 361 376 108 103 156 171 48 58 
New BC onsets:  0
BC status:  4904 96 
BC subtype:  4904 75 21 

clinical_engagement 
diagnosis 
demography 
114 new agents 
11 dtreferralsatt11 smreferralsatt98 
disease_progression 
H-positive risk:  748 685 108 1083 389 109 1073 378 170 59 149 49 
H-negative risk:  685 748 1073 1083 378 389 109 108 149 170 49 59 
New BC onsets:  0
BC status:  4904 96 
BC subtype:  4904 75 21 

clinical_engagement 
diagnosis 
demography 
75 new agents 
5 dtreferralsatt5 smreferralsatt99 
disease_progression 
H-positive risk:  754 689 108 1072 392 108 1069 385 168 59 149 47 
H-negative risk:  689 754 1069 1072 385 392 108 108 149 168 47 59 
New BC onsets:  0
BC status:  4901 99 
BC subtype:  4901 78 21 

clinical_engagement 
diagnosis 
demography 
85 new agents 
8 dtreferralsatt8 smreferralsatt100 
disease_progression 
H-positive risk:  759 693 109 1066 396 109 1074 382 166 57 146 43 
H-negative risk:  693 759 1074 1066 382 396 109 109 146 166 43 57 
New BC onsets:  0
BC status:  4899 101 
BC subtype:  4899 82 19 

clinical_engagement 
diagnosis 
demography 
73 new agents 
9 dtreferralsatt9 smreferralsatt101 
disease_progression 
H-positive risk:  764 693 107 1063 398 112 1079 375 163 58 144 44 
H-negative risk:  693 764 1079 1063 375 398 112 107 144 163 44 58 
New BC onsets:  0
BC status:  4901 99 
BC subtype:  4901 80 19 

clinical_engagement 
diagnosis 
demography 
92 new agents 
15 dtreferralsatt15 smreferralsatt102 
disease_progression 
H-positive risk:  766 699 107 1065 396 110 1079 370 162 57 145 44 
H-negative risk:  699 766 1079 1065 370 396 110 107 145 162 44 57 
New BC onsets:  0
BC status:  4899 101 
BC subtype:  4899 83 18 

clinical_engagement 
diagnosis 
demography 
72 new agents 
15 dtreferralsatt15 smreferralsatt103 
disease_progression 
H-positive risk:  762 703 107 1064 396 111 1079 368 158 58 149 45 
H-negative risk:  703 762 1079 1064 368 396 111 107 149 158 45 58 
New BC onsets:  0
BC status:  4902 98 
BC subtype:  4902 82 16 

clinical_engagement 
diagnosis 
demography 
76 new agents 
8 dtreferralsatt8 smreferralsatt104 
disease_progression 
H-positive risk:  769 711 104 1065 393 112 1077 368 156 57 145 43 
H-negative risk:  711 769 1077 1065 368 393 112 104 145 156 43 57 
New BC onsets:  0
BC status:  4900 100 
BC subtype:  4900 82 18 

clinical_engagement 
diagnosis 
demography 
65 new agents 
8 dtreferralsatt8 smreferralsatt105 
disease_progression 
H-positive risk:  763 719 104 1055 389 114 1080 371 157 61 144 43 
H-negative risk:  719 763 1080 1055 371 389 114 104 144 157 43 61 
New BC onsets:  0
BC status:  4899 101 
BC subtype:  4899 82 19 

clinical_engagement 
diagnosis 
demography 
72 new agents 
6 dtreferralsatt6 smreferralsatt106 
disease_progression 
H-positive risk:  767 719 107 1042 389 115 1088 369 156 59 144 45 
H-negative risk:  719 767 1088 1042 369 389 115 107 144 156 45 59 
New BC onsets:  0
BC status:  4898 102 
BC subtype:  4898 84 18 

clinical_engagement 
diagnosis 
demography 
82 new agents 
6 dtreferralsatt6 smreferralsatt107 
disease_progression 
H-positive risk:  770 722 108 1033 381 117 1096 369 155 60 142 47 
H-negative risk:  722 770 1096 1033 369 381 117 108 142 155 47 60 
New BC onsets:  0
BC status:  4898 102 
BC subtype:  4898 84 18 

clinical_engagement 
diagnosis 
demography 
73 new agents 
14 dtreferralsatt14 smreferralsatt108 
disease_progression 
H-positive risk:  775 725 108 1025 381 116 1100 365 157 61 141 46 
H-negative risk:  725 775 1100 1025 365 381 116 108 141 157 46 61 
New BC onsets:  0
BC status:  4900 100 
BC subtype:  4900 82 18 

clinical_engagement 
diagnosis 
demography 
71 new agents 
10 dtreferralsatt10 smreferralsatt109 
disease_progression 
H-positive risk:  722 688 99 1061 374 109 1166 361 164 58 150 48 
H-negative risk:  688 722 1166 1061 361 374 109 99 150 164 48 58 
New BC onsets:  0
BC status:  4901 99 
BC subtype:  4901 81 18 

clinical_engagement 
diagnosis 
demography 
91 new agents 
15 dtreferralsatt15 smreferralsatt110 
disease_progression 
H-positive risk:  716 689 100 1046 379 106 1158 379 158 66 151 52 
H-negative risk:  689 716 1158 1046 379 379 106 100 151 158 52 66 
New BC onsets:  0
BC status:  4899 101 
BC subtype:  4899 79 22 

clinical_engagement 
diagnosis 
demography 
76 new agents 
10 dtreferralsatt10 smreferralsatt111 
disease_progression 
H-positive risk:  717 684 102 1052 388 106 1153 376 154 64 153 51 
H-negative risk:  684 717 1153 1052 376 388 106 102 153 154 51 64 
New BC onsets:  0
BC status:  4902 98 
BC subtype:  4902 77 21 

clinical_engagement 
diagnosis 
demography 
72 new agents 
10 dtreferralsatt10 smreferralsatt112 
disease_progression 
H-positive risk:  717 681 103 1057 391 106 1145 373 157 65 154 51 
H-negative risk:  681 717 1145 1057 373 391 106 103 154 157 51 65 
New BC onsets:  0
BC status:  4904 96 
BC subtype:  4904 75 21 

clinical_engagement 
diagnosis 
demography 
74 new agents 
7 dtreferralsatt7 smreferralsatt113 
disease_progression 
H-positive risk:  716 683 104 1058 385 104 1148 378 156 65 153 50 
H-negative risk:  683 716 1148 1058 378 385 104 104 153 156 50 65 
New BC onsets:  0
BC status:  4907 93 
BC subtype:  4907 74 19 

clinical_engagement 
diagnosis 
demography 
82 new agents 
4 dtreferralsatt4 smreferralsatt114 
disease_progression 
H-positive risk:  715 685 104 1049 381 103 1158 383 156 63 151 52 
H-negative risk:  685 715 1158 1049 383 381 103 104 151 156 52 63 
New BC onsets:  0
BC status:  4903 97 
BC subtype:  4903 78 19 

clinical_engagement 
diagnosis 
demography 
57 new agents 
9 dtreferralsatt9 smreferralsatt115 
disease_progression 
H-positive risk:  707 683 103 1058 380 102 1158 391 154 62 151 51 
H-negative risk:  683 707 1158 1058 391 380 102 103 151 154 51 62 
New BC onsets:  0
BC status:  4901 99 
BC subtype:  4901 79 20 

clinical_engagement 
diagnosis 
demography 
65 new agents 
11 dtreferralsatt11 smreferralsatt116 
disease_progression 
H-positive risk:  707 684 101 1059 382 101 1152 392 155 62 154 51 
H-negative risk:  684 707 1152 1059 392 382 101 101 154 155 51 62 
New BC onsets:  0
BC status:  4900 100 
BC subtype:  4900 80 20 

clinical_engagement 
diagnosis 
demography 
88 new agents 
12 dtreferralsatt12 smreferralsatt117 
disease_progression 
H-positive risk:  709 692 104 1069 371 102 1143 393 156 61 151 49 
H-negative risk:  692 709 1143 1069 393 371 102 104 151 156 49 61 
New BC onsets:  0
BC status:  4903 97 
BC subtype:  4903 77 20 

clinical_engagement 
diagnosis 
demography 
80 new agents 
9 dtreferralsatt9 smreferralsatt118 
disease_progression 
H-positive risk:  710 688 105 1088 372 100 1138 391 156 57 149 46 
H-negative risk:  688 710 1138 1088 391 372 100 105 149 156 46 57 
New BC onsets:  0
BC status:  4902 98 
BC subtype:  4902 76 22 

clinical_engagement 
diagnosis 
demography 
52 new agents 
11 dtreferralsatt11 smreferralsatt119 
disease_progression 
H-positive risk:  708 684 105 1094 372 101 1138 392 157 54 146 49 
H-negative risk:  684 708 1138 1094 392 372 101 105 146 157 49 54 
New BC onsets:  0
BC status:  4900 100 
BC subtype:  4900 78 22 

clinical_engagement 
diagnosis 
demography 
65 new agents 
6 dtreferralsatt6 smreferralsatt120 
disease_progression 
H-positive risk:  704 690 102 1096 373 98 1136 398 156 53 144 50 
H-negative risk:  690 704 1136 1096 398 373 98 102 144 156 50 53 
New BC onsets:  0
BC status:  4900 100 
BC subtype:  4900 77 23 

clinical_engagement 
diagnosis 
demography 
72 new agents 
14 dtreferralsatt14 smreferralsatt121 
disease_progression 
H-positive risk:  669 656 97 1134 361 92 1179 400 163 51 146 52 
H-negative risk:  656 669 1179 1134 400 361 92 97 146 163 52 51 
New BC onsets:  0
BC status:  4899 101 
BC subtype:  4899 78 23 

clinical_engagement 
diagnosis 
demography 
78 new agents 
11 dtreferralsatt11 smreferralsatt122 
disease_progression 
H-positive risk:  671 658 96 1115 379 92 1164 413 158 52 146 56 
H-negative risk:  658 671 1164 1115 413 379 92 96 146 158 56 52 
New BC onsets:  0
BC status:  4898 102 
BC subtype:  4898 78 24 

clinical_engagement 
diagnosis 
demography 
80 new agents 
13 dtreferralsatt13 smreferralsatt123 
disease_progression 
H-positive risk:  674 646 102 1121 381 92 1153 416 162 50 147 56 
H-negative risk:  646 674 1153 1121 416 381 92 102 147 162 56 50 
New BC onsets:  0
BC status:  4895 105 
BC subtype:  4895 81 24 

clinical_engagement 
diagnosis 
demography 
69 new agents 
6 dtreferralsatt6 smreferralsatt124 
disease_progression 
H-positive risk:  679 647 100 1124 379 94 1153 408 161 50 148 57 
H-negative risk:  647 679 1153 1124 408 379 94 100 148 161 57 50 
New BC onsets:  0
BC status:  4897 103 
BC subtype:  4897 79 24 

clinical_engagement 
diagnosis 
demography 
69 new agents 
9 dtreferralsatt9 smreferralsatt125 
disease_progression 
H-positive risk:  677 648 99 1123 377 93 1157 410 162 44 156 54 
H-negative risk:  648 677 1157 1123 410 377 93 99 156 162 54 44 
New BC onsets:  0
BC status:  4895 105 
BC subtype:  4895 82 23 

clinical_engagement 
diagnosis 
demography 
70 new agents 
10 dtreferralsatt10 smreferralsatt126 
disease_progression 
H-positive risk:  681 650 96 1117 378 95 1157 406 163 46 156 55 
H-negative risk:  650 681 1157 1117 406 378 95 96 156 163 55 46 
New BC onsets:  0
BC status:  4897 103 
BC subtype:  4897 81 22 

clinical_engagement 
diagnosis 
demography 
65 new agents 
9 dtreferralsatt9 smreferralsatt127 
disease_progression 
H-positive risk:  682 646 97 1125 381 97 1147 406 163 46 155 55 
H-negative risk:  646 682 1147 1125 406 381 97 97 155 163 55 46 
New BC onsets:  0
BC status:  4898 102 
BC subtype:  4898 80 22 

clinical_engagement 
diagnosis 
demography 
68 new agents 
13 dtreferralsatt13 smreferralsatt128 
disease_progression 
H-positive risk:  679 642 96 1135 388 95 1144 404 165 45 153 54 
H-negative risk:  642 679 1144 1135 404 388 95 96 153 165 54 45 
New BC onsets:  0
BC status:  4898 102 
BC subtype:  4898 80 22 

clinical_engagement 
diagnosis 
demography 
73 new agents 
15 dtreferralsatt15 smreferralsatt129 
disease_progression 
H-positive risk:  688 637 100 1140 383 94 1133 409 162 46 151 57 
H-negative risk:  637 688 1133 1140 409 383 94 100 151 162 57 46 
New BC onsets:  0
BC status:  4897 103 
BC subtype:  4897 81 22 

clinical_engagement 
diagnosis 
demography 
77 new agents 
10 dtreferralsatt10 smreferralsatt130 
disease_progression 
H-positive risk:  689 639 101 1132 381 93 1138 407 160 51 151 58 
H-negative risk:  639 689 1138 1132 407 381 93 101 151 160 58 51 
New BC onsets:  0
BC status:  4898 102 
BC subtype:  4898 77 25 

clinical_engagement 
diagnosis 
demography 
75 new agents 
9 dtreferralsatt9 smreferralsatt131 
disease_progression 
H-positive risk:  692 639 101 1138 386 94 1134 404 157 51 147 57 
H-negative risk:  639 692 1134 1138 404 386 94 101 147 157 57 51 
New BC onsets:  0
BC status:  4898 102 
BC subtype:  4898 77 25 

clinical_engagement 
diagnosis 
demography 
74 new agents 
17 dtreferralsatt17 smreferralsatt132 
disease_progression 
H-positive risk:  686 645 100 1132 392 94 1132 404 158 51 149 57 
H-negative risk:  645 686 1132 1132 404 392 94 100 149 158 57 51 
New BC onsets:  0
BC status:  4896 104 
BC subtype:  4896 78 26 

clinical_engagement 
diagnosis 
demography 
88 new agents 
8 dtreferralsatt8 smreferralsatt133 
disease_progression 
H-positive risk:  683 656 101 1126 390 100 1125 405 156 56 146 56 
H-negative risk:  656 683 1125 1126 405 390 100 101 146 156 56 56 
New BC onsets:  0
BC status:  4895 105 
BC subtype:  4895 80 25 

clinical_engagement 
diagnosis 
demography 
88 new agents 
6 dtreferralsatt6 smreferralsatt134 
disease_progression 
H-positive risk:  688 661 102 1123 390 98 1107 412 157 60 147 55 
H-negative risk:  661 688 1107 1123 412 390 98 102 147 157 55 60 
New BC onsets:  0
BC status:  4892 108 
BC subtype:  4892 81 27 

clinical_engagement 
diagnosis 
demography 
70 new agents 
8 dtreferralsatt8 smreferralsatt135 
disease_progression 
H-positive risk:  688 671 103 1109 393 98 1106 420 155 58 144 55 
H-negative risk:  671 688 1106 1109 420 393 98 103 144 155 55 58 
New BC onsets:  0
BC status:  4894 106 
BC subtype:  4894 80 26 

clinical_engagement 
diagnosis 
demography 
77 new agents 
10 dtreferralsatt10 smreferralsatt136 
disease_progression 
H-positive risk:  681 666 101 1112 390 95 1124 420 158 57 141 55 
H-negative risk:  666 681 1124 1112 420 390 95 101 141 158 55 57 
New BC onsets:  0
BC status:  4897 103 
BC subtype:  4897 78 25 

clinical_engagement 
diagnosis 
demography 
76 new agents 
11 dtreferralsatt11 smreferralsatt137 
disease_progression 
H-positive risk:  684 660 100 1106 392 96 1119 428 158 59 142 56 
H-negative risk:  660 684 1119 1106 428 392 96 100 142 158 56 59 
New BC onsets:  0
BC status:  4896 104 
BC subtype:  4896 78 26 

clinical_engagement 
diagnosis 
demography 
74 new agents 
13 dtreferralsatt13 smreferralsatt138 
disease_progression 
H-positive risk:  678 661 102 1104 389 99 1123 426 160 61 140 57 
H-negative risk:  661 678 1123 1104 426 389 99 102 140 160 57 61 
New BC onsets:  0
BC status:  4896 104 
BC subtype:  4896 78 26 

clinical_engagement 
diagnosis 
demography 
67 new agents 
7 dtreferralsatt7 smreferralsatt139 
disease_progression 
H-positive risk:  675 662 103 1104 390 99 1131 422 161 58 141 54 
H-negative risk:  662 675 1131 1104 422 390 99 103 141 161 54 58 
New BC onsets:  0
BC status:  4897 103 
BC subtype:  4897 78 25 

clinical_engagement 
diagnosis 
demography 
78 new agents 
12 dtreferralsatt12 smreferralsatt140 
disease_progression 
H-positive risk:  675 665 102 1103 390 101 1129 413 165 60 142 55 
H-negative risk:  665 675 1129 1103 413 390 101 102 142 165 55 60 
New BC onsets:  0
BC status:  4895 105 
BC subtype:  4895 80 25 

clinical_engagement 
diagnosis 
demography 
73 new agents 
13 dtreferralsatt13 smreferralsatt141 
disease_progression 
H-positive risk:  672 669 97 1100 395 101 1130 413 168 59 142 54 
H-negative risk:  669 672 1130 1100 413 395 101 97 142 168 54 59 
New BC onsets:  0
BC status:  4893 107 
BC subtype:  4893 82 25 

clinical_engagement 
diagnosis 
demography 
75 new agents 
10 dtreferralsatt10 smreferralsatt142 
disease_progression 
H-positive risk:  672 667 99 1105 397 101 1127 411 167 58 144 52 
H-negative risk:  667 672 1127 1105 411 397 101 99 144 167 52 58 
New BC onsets:  0
BC status:  4897 103 
BC subtype:  4897 81 22 

clinical_engagement 
diagnosis 
demography 
63 new agents 
11 dtreferralsatt11 smreferralsatt143 
disease_progression 
H-positive risk:  677 662 96 1105 400 101 1132 406 166 57 144 54 
H-negative risk:  662 677 1132 1105 406 400 101 96 144 166 54 57 
New BC onsets:  0
BC status:  4895 105 
BC subtype:  4895 84 21 

clinical_engagement 
diagnosis 
demography 
64 new agents 
12 dtreferralsatt12 smreferralsatt144 
disease_progression 
H-positive risk:  677 658 93 1112 404 102 1128 407 169 54 142 54 
H-negative risk:  658 677 1128 1112 407 404 102 93 142 169 54 54 
New BC onsets:  0
BC status:  4894 106 
BC subtype:  4894 85 21 

clinical_engagement 
diagnosis 
demography 
68 new agents 
14 dtreferralsatt14 smreferralsatt145 
disease_progression 
H-positive risk:  672 651 91 1127 403 103 1130 407 168 54 143 51 
H-negative risk:  651 672 1130 1127 407 403 103 91 143 168 51 54 
New BC onsets:  0
BC status:  4890 110 
BC subtype:  4890 89 21 

clinical_engagement 
diagnosis 
demography 
98 new agents 
7 dtreferralsatt7 smreferralsatt146 
disease_progression 
H-positive risk:  665 656 91 1115 411 100 1130 411 168 54 144 55 
H-negative risk:  656 665 1130 1115 411 411 100 91 144 168 55 54 
New BC onsets:  0
BC status:  4885 115 
BC subtype:  4885 94 21 

clinical_engagement 
diagnosis 
demography 
77 new agents 
9 dtreferralsatt9 smreferralsatt147 
disease_progression 
H-positive risk:  662 660 90 1106 411 101 1133 413 167 57 146 54 
H-negative risk:  660 662 1133 1106 413 411 101 90 146 167 54 57 
New BC onsets:  0
BC status:  4885 115 
BC subtype:  4885 92 23 

clinical_engagement 
diagnosis 
demography 
67 new agents 
7 dtreferralsatt7 smreferralsatt148 
disease_progression 
H-positive risk:  666 660 89 1099 411 101 1134 412 168 59 148 53 
H-negative risk:  660 666 1134 1099 412 411 101 89 148 168 53 59 
New BC onsets:  0
BC status:  4887 113 
BC subtype:  4887 91 22 

clinical_engagement 
diagnosis 
demography 
67 new agents 
21 dtreferralsatt21 smreferralsatt149 
disease_progression 
H-positive risk:  662 666 90 1105 400 99 1132 415 170 59 149 53 
H-negative risk:  666 662 1132 1105 415 400 99 90 149 170 53 59 
New BC onsets:  0
BC status:  4883 117 
BC subtype:  4883 94 23 

clinical_engagement 
diagnosis 
demography 
82 new agents 
4 dtreferralsatt4 smreferralsatt150 
disease_progression 
H-positive risk:  660 667 90 1099 401 101 1146 410 168 57 147 54 
H-negative risk:  667 660 1146 1099 410 401 101 90 147 168 54 57 
New BC onsets:  0
BC status:  4884 116 
BC subtype:  4884 93 23 

clinical_engagement 
diagnosis 
demography 
64 new agents 
11 dtreferralsatt11 smreferralsatt151 
disease_progression 
H-positive risk:  658 658 89 1106 399 97 1152 409 170 59 149 54 
H-negative risk:  658 658 1152 1106 409 399 97 89 149 170 54 59 
New BC onsets:  0
BC status:  4885 115 
BC subtype:  4885 92 23 

clinical_engagement 
diagnosis 
demography 
68 new agents 
12 dtreferralsatt12 smreferralsatt152 
disease_progression 
H-positive risk:  654 655 89 1114 400 98 1150 407 172 59 150 52 
H-negative risk:  655 654 1150 1114 407 400 98 89 150 172 52 59 
New BC onsets:  0
BC status:  4881 119 
BC subtype:  4881 96 23 

clinical_engagement 
diagnosis 
demography 
80 new agents 
8 dtreferralsatt8 smreferralsatt153 
disease_progression 
H-positive risk:  654 653 87 1117 400 98 1147 415 171 58 148 52 
H-negative risk:  653 654 1147 1117 415 400 98 87 148 171 52 58 
New BC onsets:  0
BC status:  4882 118 
BC subtype:  4882 96 22 

clinical_engagement 
diagnosis 
demography 
87 new agents 
13 dtreferralsatt13 smreferralsatt154 
disease_progression 
H-positive risk:  659 646 87 1117 400 102 1140 421 170 57 149 52 
H-negative risk:  646 659 1140 1117 421 400 102 87 149 170 52 57 
New BC onsets:  0
BC status:  4885 115 
BC subtype:  4885 94 21 

clinical_engagement 
diagnosis 
demography 
78 new agents 
9 dtreferralsatt9 smreferralsatt155 
disease_progression 
H-positive risk:  663 643 89 1116 406 103 1139 414 171 58 147 51 
H-negative risk:  643 663 1139 1116 414 406 103 89 147 171 51 58 
New BC onsets:  0
BC status:  4882 118 
BC subtype:  4882 95 23 

clinical_engagement 
diagnosis 
demography 
75 new agents 
15 dtreferralsatt15 smreferralsatt156 
disease_progression 
H-positive risk:  666 650 88 1111 402 103 1142 405 170 60 150 53 
H-negative risk:  650 666 1142 1111 405 402 103 88 150 170 53 60 
New BC onsets:  0
BC status:  4880 120 
BC subtype:  4880 97 23 

clinical_engagement 
diagnosis 
demography 
74 new agents 
10 dtreferralsatt10 smreferralsatt157 
disease_progression 
H-positive risk:  670 649 88 1117 393 103 1145 402 168 63 147 55 
H-negative risk:  649 670 1145 1117 402 393 103 88 147 168 55 63 
New BC onsets:  0
BC status:  4881 119 
BC subtype:  4881 96 23 

clinical_engagement 
diagnosis 
demography 
99 new agents 
10 dtreferralsatt10 smreferralsatt158 
disease_progression 
H-positive risk:  667 657 88 1112 398 103 1137 406 165 62 149 56 
H-negative risk:  657 667 1137 1112 406 398 103 88 149 165 56 62 
New BC onsets:  0
BC status:  4885 115 
BC subtype:  4885 94 21 

clinical_engagement 
diagnosis 
demography 
75 new agents 
8 dtreferralsatt8 smreferralsatt159 
disease_progression 
H-positive risk:  668 657 87 1119 395 100 1137 406 163 62 150 56 
H-negative risk:  657 668 1137 1119 406 395 100 87 150 163 56 62 
New BC onsets:  0
BC status:  4888 112 
BC subtype:  4888 91 21 

clinical_engagement 
diagnosis 
demography 
76 new agents 
11 dtreferralsatt11 smreferralsatt160 
disease_progression 
H-positive risk:  670 657 88 1125 400 98 1130 404 162 61 148 57 
H-negative risk:  657 670 1130 1125 404 400 98 88 148 162 57 61 
New BC onsets:  0
BC status:  4889 111 
BC subtype:  4889 90 21 

clinical_engagement 
diagnosis 
demography 
84 new agents 
5 dtreferralsatt5 smreferralsatt161 
disease_progression 
H-positive risk:  671 672 94 1117 396 101 1127 403 161 60 145 53 
H-negative risk:  672 671 1127 1117 403 396 101 94 145 161 53 60 
New BC onsets:  0
BC status:  4889 111 
BC subtype:  4889 90 21 

clinical_engagement 
diagnosis 
demography 
77 new agents 
10 dtreferralsatt10 smreferralsatt162 
disease_progression 
H-positive risk:  674 677 93 1108 394 101 1122 414 157 63 146 51 
H-negative risk:  677 674 1122 1108 414 394 101 93 146 157 51 63 
New BC onsets:  0
BC status:  4892 108 
BC subtype:  4892 87 21 

clinical_engagement 
diagnosis 
demography 
90 new agents 
8 dtreferralsatt8 smreferralsatt163 
disease_progression 
H-positive risk:  672 676 93 1100 388 102 1130 418 157 64 145 55 
H-negative risk:  676 672 1130 1100 418 388 102 93 145 157 55 64 
New BC onsets:  0
BC status:  4893 107 
BC subtype:  4893 87 20 

clinical_engagement 
diagnosis 
demography 
73 new agents 
9 dtreferralsatt9 smreferralsatt164 
disease_progression 
H-positive risk:  682 669 91 1099 386 104 1121 417 160 66 147 58 
H-negative risk:  669 682 1121 1099 417 386 104 91 147 160 58 66 
New BC onsets:  0
BC status:  4891 109 
BC subtype:  4891 89 20 

clinical_engagement 
diagnosis 
demography 
67 new agents 
13 dtreferralsatt13 smreferralsatt165 
disease_progression 
H-positive risk:  683 672 88 1093 383 106 1120 419 159 67 149 61 
H-negative risk:  672 683 1120 1093 419 383 106 88 149 159 61 67 
New BC onsets:  0
BC status:  4891 109 
BC subtype:  4891 89 20 

clinical_engagement 
diagnosis 
demography 
75 new agents 
7 dtreferralsatt7 smreferralsatt166 
disease_progression 
H-positive risk:  687 669 89 1092 390 110 1115 416 156 67 150 59 
H-negative risk:  669 687 1115 1092 416 390 110 89 150 156 59 67 
New BC onsets:  0
BC status:  4892 108 
BC subtype:  4892 87 21 

clinical_engagement 
diagnosis 
demography 
82 new agents 
4 dtreferralsatt4 smreferralsatt167 
disease_progression 
H-positive risk:  682 672 91 1089 386 107 1124 415 159 68 148 59 
H-negative risk:  672 682 1124 1089 415 386 107 91 148 159 59 68 
New BC onsets:  0
BC status:  4890 110 
BC subtype:  4890 87 23 

clinical_engagement 
diagnosis 
demography 
76 new agents 
15 dtreferralsatt15 smreferralsatt168 
disease_progression 
H-positive risk:  687 663 92 1098 386 108 1115 410 164 69 149 59 
H-negative risk:  663 687 1115 1098 410 386 108 92 149 164 59 69 
New BC onsets:  0
BC status:  4893 107 
BC subtype:  4893 84 23 

clinical_engagement 
diagnosis 
demography 
69 new agents 
7 dtreferralsatt7 smreferralsatt169 
disease_progression 
H-positive risk:  686 665 94 1099 383 106 1111 418 165 70 145 58 
H-negative risk:  665 686 1111 1099 418 383 106 94 145 165 58 70 
New BC onsets:  0
BC status:  4896 104 
BC subtype:  4896 81 23 

clinical_engagement 
diagnosis 
demography 
83 new agents 
12 dtreferralsatt12 smreferralsatt170 
disease_progression 
H-positive risk:  689 655 95 1090 396 107 1107 422 167 69 143 60 
H-negative risk:  655 689 1107 1090 422 396 107 95 143 167 60 69 
New BC onsets:  0
BC status:  4895 105 
BC subtype:  4895 82 23 

clinical_engagement 
diagnosis 
demography 
71 new agents 
11 dtreferralsatt11 smreferralsatt171 
disease_progression 
H-positive risk:  694 653 93 1096 398 108 1103 418 166 69 143 59 
H-negative risk:  653 694 1103 1096 418 398 108 93 143 166 59 69 
New BC onsets:  0
BC status:  4898 102 
BC subtype:  4898 80 22 

clinical_engagement 
diagnosis 
demography 
73 new agents 
15 dtreferralsatt15 smreferralsatt172 
disease_progression 
H-positive risk:  689 653 95 1097 393 108 1112 413 169 69 144 58 
H-negative risk:  653 689 1112 1097 413 393 108 95 144 169 58 69 
New BC onsets:  0
BC status:  4896 104 
BC subtype:  4896 81 23 

clinical_engagement 
diagnosis 
demography 
71 new agents 
10 dtreferralsatt10 smreferralsatt173 
disease_progression 
H-positive risk:  691 645 96 1102 393 107 1114 408 170 69 146 59 
H-negative risk:  645 691 1114 1102 408 393 107 96 146 170 59 69 
New BC onsets:  0
BC status:  4897 103 
BC subtype:  4897 80 23 

clinical_engagement 
diagnosis 
demography 
62 new agents 
8 dtreferralsatt8 smreferralsatt174 
disease_progression 
H-positive risk:  687 641 94 1111 391 108 1124 404 171 67 143 59 
H-negative risk:  641 687 1124 1111 404 391 108 94 143 171 59 67 
New BC onsets:  0
BC status:  4895 105 
BC subtype:  4895 81 24 

clinical_engagement 
diagnosis 
demography 
81 new agents 
11 dtreferralsatt11 smreferralsatt175 
disease_progression 
H-positive risk:  685 641 92 1109 389 110 1134 401 167 68 146 58 
H-negative risk:  641 685 1134 1109 401 389 110 92 146 167 58 68 
New BC onsets:  0
BC status:  4895 105 
BC subtype:  4895 79 26 

clinical_engagement 
diagnosis 
demography 
57 new agents 
9 dtreferralsatt9 smreferralsatt176 
disease_progression 
H-positive risk:  687 644 91 1104 390 112 1134 401 169 64 146 58 
H-negative risk:  644 687 1134 1104 401 390 112 91 146 169 58 64 
New BC onsets:  0
BC status:  4895 105 
BC subtype:  4895 79 26 

clinical_engagement 
diagnosis 
demography 
79 new agents 
9 dtreferralsatt9 smreferralsatt177 
disease_progression 
H-positive risk:  678 647 92 1101 396 106 1143 405 167 63 145 57 
H-negative risk:  647 678 1143 1101 405 396 106 92 145 167 57 63 
New BC onsets:  0
BC status:  4898 102 
BC subtype:  4898 76 26 

clinical_engagement 
diagnosis 
demography 
80 new agents 
12 dtreferralsatt12 smreferralsatt178 
disease_progression 
H-positive risk:  677 653 92 1098 399 107 1135 410 163 64 148 54 
H-negative risk:  653 677 1135 1098 410 399 107 92 148 163 54 64 
New BC onsets:  0
BC status:  4902 98 
BC subtype:  4902 74 24 

clinical_engagement 
diagnosis 
demography 
67 new agents 
9 dtreferralsatt9 smreferralsatt179 
disease_progression 
H-positive risk:  676 655 92 1095 401 105 1140 407 164 65 146 54 
H-negative risk:  655 676 1140 1095 407 401 105 92 146 164 54 65 
New BC onsets:  0
BC status:  4899 101 
BC subtype:  4899 77 24 

clinical_engagement 
diagnosis 
demography 
71 new agents 
9 dtreferralsatt9 smreferralsatt180 
disease_progression 
H-positive risk:  679 653 93 1099 396 106 1142 408 161 66 143 54 
H-negative risk:  653 679 1142 1099 408 396 106 93 143 161 54 66 
New BC onsets:  0
BC status:  4897 103 
BC subtype:  4897 79 24 

clinical_engagement 
diagnosis 
demography 
90 new agents 
10 dtreferralsatt10 smreferralsatt181 
disease_progression 
H-positive risk:  674 652 93 1100 392 109 1148 412 161 64 145 50 
H-negative risk:  652 674 1148 1100 412 392 109 93 145 161 50 64 
New BC onsets:  0
BC status:  4896 104 
BC subtype:  4896 80 24 

clinical_engagement 
diagnosis 
demography 
83 new agents 
13 dtreferralsatt13 smreferralsatt182 
disease_progression 
H-positive risk:  677 646 93 1101 394 109 1150 408 159 66 144 53 
H-negative risk:  646 677 1150 1101 408 394 109 93 144 159 53 66 
New BC onsets:  0
BC status:  4898 102 
BC subtype:  4898 78 24 

clinical_engagement 
diagnosis 
demography 
77 new agents 
7 dtreferralsatt7 smreferralsatt183 
disease_progression 
H-positive risk:  677 643 91 1110 393 108 1142 421 154 65 142 54 
H-negative risk:  643 677 1142 1110 421 393 108 91 142 154 54 65 
New BC onsets:  0
BC status:  4898 102 
BC subtype:  4898 78 24 

clinical_engagement 
diagnosis 
demography 
88 new agents 
13 dtreferralsatt13 smreferralsatt184 
disease_progression 
H-positive risk:  683 641 89 1105 398 110 1140 417 152 67 142 56 
H-negative risk:  641 683 1140 1105 417 398 110 89 142 152 56 67 
New BC onsets:  0
BC status:  4898 102 
BC subtype:  4898 78 24 

clinical_engagement 
diagnosis 
demography 
76 new agents 
11 dtreferralsatt11 smreferralsatt185 
disease_progression 
H-positive risk:  689 642 87 1092 399 111 1144 420 149 64 145 58 
H-negative risk:  642 689 1144 1092 420 399 111 87 145 149 58 64 
New BC onsets:  0
BC status:  4901 99 
BC subtype:  4901 76 23 

clinical_engagement 
diagnosis 
demography 
74 new agents 
9 dtreferralsatt9 smreferralsatt186 
disease_progression 
H-positive risk:  682 644 87 1100 391 107 1145 428 154 62 144 56 
H-negative risk:  644 682 1145 1100 428 391 107 87 144 154 56 62 
New BC onsets:  0
BC status:  4899 101 
BC subtype:  4899 77 24 

clinical_engagement 
diagnosis 
demography 
77 new agents 
10 dtreferralsatt10 smreferralsatt187 
disease_progression 
H-positive risk:  681 646 88 1096 392 106 1139 432 156 63 144 57 
H-negative risk:  646 681 1139 1096 432 392 106 88 144 156 57 63 
New BC onsets:  0
BC status:  4902 98 
BC subtype:  4902 74 24 

clinical_engagement 
diagnosis 
demography 
85 new agents 
14 dtreferralsatt14 smreferralsatt188 
disease_progression 
H-positive risk:  685 644 89 1101 395 105 1131 433 156 61 144 56 
H-negative risk:  644 685 1131 1101 433 395 105 89 144 156 56 61 
New BC onsets:  0
BC status:  4906 94 
BC subtype:  4906 70 24 

clinical_engagement 
diagnosis 
demography 
72 new agents 
6 dtreferralsatt6 smreferralsatt189 
disease_progression 
H-positive risk:  689 640 89 1099 397 104 1133 432 154 62 142 59 
H-negative risk:  640 689 1133 1099 432 397 104 89 142 154 59 62 
New BC onsets:  0
BC status:  4906 94 
BC subtype:  4906 70 24 

clinical_engagement 
diagnosis 
demography 
83 new agents 
14 dtreferralsatt14 smreferralsatt190 
disease_progression 
H-positive risk:  676 643 91 1110 390 106 1135 436 154 61 141 57 
H-negative risk:  643 676 1135 1110 436 390 106 91 141 154 57 61 
New BC onsets:  0
BC status:  4906 94 
BC subtype:  4906 69 25 

clinical_engagement 
diagnosis 
demography 
74 new agents 
4 dtreferralsatt4 smreferralsatt191 
disease_progression 
H-positive risk:  673 647 90 1105 387 108 1135 438 153 59 146 59 
H-negative risk:  647 673 1135 1105 438 387 108 90 146 153 59 59 
New BC onsets:  0
BC status:  4908 92 
BC subtype:  4908 68 24 

clinical_engagement 
diagnosis 
demography 
67 new agents 
17 dtreferralsatt17 smreferralsatt192 
disease_progression 
H-positive risk:  672 650 89 1101 383 108 1143 440 151 61 146 56 
H-negative risk:  650 672 1143 1101 440 383 108 89 146 151 56 61 
New BC onsets:  0
BC status:  4908 92 
BC subtype:  4908 70 22 

clinical_engagement 
diagnosis 
demography 
82 new agents 
9 dtreferralsatt9 smreferralsatt193 
disease_progression 
H-positive risk:  673 647 89 1102 379 113 1153 435 148 59 148 54 
H-negative risk:  647 673 1153 1102 435 379 113 89 148 148 54 59 
New BC onsets:  0
BC status:  4909 91 
BC subtype:  4909 69 22 

clinical_engagement 
diagnosis 
demography 
82 new agents 
11 dtreferralsatt11 smreferralsatt194 
disease_progression 
H-positive risk:  672 646 91 1088 393 113 1156 436 145 59 147 54 
H-negative risk:  646 672 1156 1088 436 393 113 91 147 145 54 59 
New BC onsets:  0
BC status:  4909 91 
BC subtype:  4909 70 21 

clinical_engagement 
diagnosis 
demography 
83 new agents 
9 dtreferralsatt9 smreferralsatt195 
disease_progression 
H-positive risk:  677 654 91 1087 392 112 1148 436 143 60 145 55 
H-negative risk:  654 677 1148 1087 436 392 112 91 145 143 55 60 
New BC onsets:  0
BC status:  4910 90 
BC subtype:  4910 69 21 

clinical_engagement 
diagnosis 
demography 
67 new agents 
5 dtreferralsatt5 smreferralsatt196 
disease_progression 
H-positive risk:  676 658 91 1087 390 114 1143 434 146 61 146 54 
H-negative risk:  658 676 1143 1087 434 390 114 91 146 146 54 61 
New BC onsets:  0
BC status:  4907 93 
BC subtype:  4907 72 21 

clinical_engagement 
diagnosis 
demography 
95 new agents 
6 dtreferralsatt6 smreferralsatt197 
disease_progression 
H-positive risk:  675 660 94 1085 396 115 1143 430 143 60 143 56 
H-negative risk:  660 675 1143 1085 430 396 115 94 143 143 56 60 
New BC onsets:  0
BC status:  4902 98 
BC subtype:  4902 71 27 

clinical_engagement 
diagnosis 
demography 
80 new agents 
4 dtreferralsatt4 smreferralsatt198 
disease_progression 
H-positive risk:  678 659 95 1087 397 116 1130 437 145 56 145 55 
H-negative risk:  659 678 1130 1087 437 397 116 95 145 145 55 56 
New BC onsets:  0
BC status:  4900 100 
BC subtype:  4900 72 28 

clinical_engagement 
diagnosis 
demography 
67 new agents 
10 dtreferralsatt10 smreferralsatt199 
disease_progression 
H-positive risk:  681 652 95 1093 395 120 1126 437 144 58 145 54 
H-negative risk:  652 681 1126 1093 437 395 120 95 145 144 54 58 
New BC onsets:  0
BC status:  4901 99 
BC subtype:  4901 72 27 

clinical_engagement 
diagnosis 
demography 
80 new agents 
6 dtreferralsatt6 smreferralsatt200 
disease_progression 
H-positive risk:  687 656 95 1085 395 123 1119 439 144 57 145 55 
H-negative risk:  656 687 1119 1085 439 395 123 95 145 144 55 57 
New BC onsets:  0
BC status:  4904 96 
BC subtype:  4904 70 26 

clinical_engagement 
diagnosis 
demography 
77 new agents 
13 dtreferralsatt13 smreferralsatt201 
disease_progression 
H-positive risk:  692 659 96 1080 397 124 1114 436 143 58 145 56 
H-negative risk:  659 692 1114 1080 436 397 124 96 145 143 56 58 
New BC onsets:  0
BC status:  4908 92 
BC subtype:  4908 65 27 

clinical_engagement 
diagnosis 
demography 
71 new agents 
10 dtreferralsatt10 smreferralsatt202 
disease_progression 
H-positive risk:  690 661 95 1084 394 120 1103 441 148 59 147 58 
H-negative risk:  661 690 1103 1084 441 394 120 95 147 148 58 59 
New BC onsets:  0
BC status:  4906 94 
BC subtype:  4906 63 31 

clinical_engagement 
diagnosis 
demography 
66 new agents 
10 dtreferralsatt10 smreferralsatt203 
disease_progression 
H-positive risk:  694 659 94 1088 393 120 1107 435 147 57 148 58 
H-negative risk:  659 694 1107 1088 435 393 120 94 148 147 58 57 
New BC onsets:  0
BC status:  4906 94 
BC subtype:  4906 64 30 

clinical_engagement 
diagnosis 
demography 
76 new agents 
5 dtreferralsatt5 smreferralsatt204 
disease_progression 
H-positive risk:  696 653 98 1089 387 117 1111 435 145 58 154 57 
H-negative risk:  653 696 1111 1089 435 387 117 98 154 145 57 58 
New BC onsets:  0
BC status:  4905 95 
BC subtype:  4905 65 30 

clinical_engagement 
diagnosis 
demography 
86 new agents 
19 dtreferralsatt19 smreferralsatt205 
disease_progression 
H-positive risk:  699 648 97 1092 389 114 1113 440 142 54 157 55 
H-negative risk:  648 699 1113 1092 440 389 114 97 157 142 55 54 
New BC onsets:  0
BC status:  4906 94 
BC subtype:  4906 64 30 

clinical_engagement 
diagnosis 
demography 
80 new agents 
12 dtreferralsatt12 smreferralsatt206 
disease_progression 
H-positive risk:  689 651 96 1076 402 115 1115 455 137 55 155 54 
H-negative risk:  651 689 1115 1076 455 402 115 96 155 137 54 55 
New BC onsets:  0
BC status:  4903 97 
BC subtype:  4903 65 32 

clinical_engagement 
diagnosis 
demography 
67 new agents 
10 dtreferralsatt10 smreferralsatt207 
disease_progression 
H-positive risk:  689 650 94 1068 404 114 1112 466 138 54 154 57 
H-negative risk:  650 689 1112 1068 466 404 114 94 154 138 57 54 
New BC onsets:  0
BC status:  4902 98 
BC subtype:  4902 66 32 

clinical_engagement 
diagnosis 
demography 
72 new agents 
10 dtreferralsatt10 smreferralsatt208 
disease_progression 
H-positive risk:  679 652 94 1062 413 116 1113 466 142 53 152 58 
H-negative risk:  652 679 1113 1062 466 413 116 94 152 142 58 53 
New BC onsets:  0
BC status:  4902 98 
BC subtype:  4902 64 34 

clinical_engagement 
diagnosis 
demography 
82 new agents 
4 dtreferralsatt4 smreferralsatt209 
disease_progression 
H-positive risk:  678 643 93 1070 407 116 1122 464 142 54 150 61 
H-negative risk:  643 678 1122 1070 464 407 116 93 150 142 61 54 
New BC onsets:  0
BC status:  4905 95 
BC subtype:  4905 63 32 

clinical_engagement 
diagnosis 
demography 
80 new agents 
10 dtreferralsatt10 smreferralsatt210 
disease_progression 
H-positive risk:  679 643 90 1071 413 118 1115 469 143 50 153 56 
H-negative risk:  643 679 1115 1071 469 413 118 90 153 143 56 50 
New BC onsets:  0
BC status:  4908 92 
BC subtype:  4908 61 31 

clinical_engagement 
diagnosis 
demography 
77 new agents 
12 dtreferralsatt12 smreferralsatt211 
disease_progression 
H-positive risk:  680 648 91 1085 409 120 1108 459 141 49 153 57 
H-negative risk:  648 680 1108 1085 459 409 120 91 153 141 57 49 
New BC onsets:  0
BC status:  4907 93 
BC subtype:  4907 62 31 

clinical_engagement 
diagnosis 
demography 
87 new agents 
6 dtreferralsatt6 smreferralsatt212 
disease_progression 
H-positive risk:  679 652 94 1090 404 118 1105 454 142 52 152 58 
H-negative risk:  652 679 1105 1090 454 404 118 94 152 142 58 52 
New BC onsets:  0
BC status:  4911 89 
BC subtype:  4911 60 29 

clinical_engagement 
diagnosis 
demography 
62 new agents 
12 dtreferralsatt12 smreferralsatt213 
disease_progression 
H-positive risk:  680 644 92 1088 409 115 1119 443 147 52 150 61 
H-negative risk:  644 680 1119 1088 443 409 115 92 150 147 61 52 
New BC onsets:  0
BC status:  4911 89 
BC subtype:  4911 59 30 

clinical_engagement 
diagnosis 
demography 
82 new agents 
9 dtreferralsatt9 smreferralsatt214 
disease_progression 
H-positive risk:  678 647 92 1085 411 115 1119 444 150 52 150 57 
H-negative risk:  647 678 1119 1085 444 411 115 92 150 150 57 52 
New BC onsets:  0
BC status:  4912 88 
BC subtype:  4912 58 30 

clinical_engagement 
diagnosis 
demography 
67 new agents 
10 dtreferralsatt10 smreferralsatt215 
disease_progression 
H-positive risk:  672 647 93 1086 417 116 1115 448 145 53 153 55 
H-negative risk:  647 672 1115 1086 448 417 116 93 153 145 55 53 
New BC onsets:  0
BC status:  4909 91 
BC subtype:  4909 61 30 

clinical_engagement 
diagnosis 
demography 
93 new agents 
9 dtreferralsatt9 smreferralsatt216 
disease_progression 
H-positive risk:  667 651 93 1090 411 112 1113 454 146 55 155 53 
H-negative risk:  651 667 1113 1090 454 411 112 93 155 146 53 55 
New BC onsets:  0
BC status:  4912 88 
BC subtype:  4912 59 29 

clinical_engagement 
diagnosis 
demography 
76 new agents 
5 dtreferralsatt5 smreferralsatt217 
disease_progression 
H-positive risk:  663 647 92 1094 418 112 1102 466 146 53 156 51 
H-negative risk:  647 663 1102 1094 466 418 112 92 156 146 51 53 
New BC onsets:  0
BC status:  4911 89 
BC subtype:  4911 58 31 

clinical_engagement 
diagnosis 
demography 
75 new agents 
9 dtreferralsatt9 smreferralsatt218 
disease_progression 
H-positive risk:  663 653 92 1089 413 110 1113 458 148 52 155 54 
H-negative risk:  653 663 1113 1089 458 413 110 92 155 148 54 52 
New BC onsets:  0
BC status:  4910 90 
BC subtype:  4910 59 31 

clinical_engagement 
diagnosis 
demography 
75 new agents 
8 dtreferralsatt8 smreferralsatt219 
disease_progression 
H-positive risk:  667 648 94 1091 415 110 1114 459 150 48 153 51 
H-negative risk:  648 667 1114 1091 459 415 110 94 153 150 51 48 
New BC onsets:  0
BC status:  4911 89 
BC subtype:  4911 60 29 

clinical_engagement 
diagnosis 
demography 
77 new agents 
14 dtreferralsatt14 smreferralsatt220 
disease_progression 
H-positive risk:  671 648 97 1087 416 107 1116 458 151 49 150 50 
H-negative risk:  648 671 1116 1087 458 416 107 97 150 151 50 49 
New BC onsets:  0
BC status:  4913 87 
BC subtype:  4913 61 26 

clinical_engagement 
diagnosis 
demography 
78 new agents 
12 dtreferralsatt12 smreferralsatt221 
disease_progression 
H-positive risk:  664 647 97 1092 423 104 1115 454 154 48 152 50 
H-negative risk:  647 664 1115 1092 454 423 104 97 152 154 50 48 
New BC onsets:  0
BC status:  4914 86 
BC subtype:  4914 60 26 

clinical_engagement 
diagnosis 
demography 
62 new agents 
14 dtreferralsatt14 smreferralsatt222 
disease_progression 
H-positive risk:  658 648 95 1098 423 101 1120 454 155 48 148 52 
H-negative risk:  648 658 1120 1098 454 423 101 95 148 155 52 48 
New BC onsets:  0
BC status:  4913 87 
BC subtype:  4913 61 26 

clinical_engagement 
diagnosis 
demography 
65 new agents 
9 dtreferralsatt9 smreferralsatt223 
disease_progression 
H-positive risk:  660 648 95 1083 425 103 1120 462 157 50 147 50 
H-negative risk:  648 660 1120 1083 462 425 103 95 147 157 50 50 
New BC onsets:  0
BC status:  4911 89 
BC subtype:  4911 61 28 

clinical_engagement 
diagnosis 
demography 
87 new agents 
15 dtreferralsatt15 smreferralsatt224 
disease_progression 
H-positive risk:  668 646 97 1086 416 100 1126 453 160 48 153 47 
H-negative risk:  646 668 1126 1086 453 416 100 97 153 160 47 48 
New BC onsets:  0
BC status:  4911 89 
BC subtype:  4911 60 29 

clinical_engagement 
diagnosis 
demography 
65 new agents 
13 dtreferralsatt13 smreferralsatt225 
disease_progression 
H-positive risk:  665 646 98 1083 425 100 1119 457 159 47 155 46 
H-negative risk:  646 665 1119 1083 457 425 100 98 155 159 46 47 
New BC onsets:  0
BC status:  4913 87 
BC subtype:  4913 56 31 

clinical_engagement 
diagnosis 
demography 
79 new agents 
9 dtreferralsatt9 smreferralsatt226 
disease_progression 
H-positive risk:  663 647 98 1089 421 101 1112 456 162 46 158 47 
H-negative risk:  647 663 1112 1089 456 421 101 98 158 162 47 46 
New BC onsets:  0
BC status:  4914 86 
BC subtype:  4914 55 31 

clinical_engagement 
diagnosis 
demography 
65 new agents 
9 dtreferralsatt9 smreferralsatt227 
disease_progression 
H-positive risk:  670 652 98 1087 428 101 1101 452 160 47 157 47 
H-negative risk:  652 670 1101 1087 452 428 101 98 157 160 47 47 
New BC onsets:  0
BC status:  4914 86 
BC subtype:  4914 55 31 

clinical_engagement 
diagnosis 
demography 
76 new agents 
9 dtreferralsatt9 smreferralsatt228 
disease_progression 
H-positive risk:  672 654 99 1087 434 103 1098 450 155 48 155 45 
H-negative risk:  654 672 1098 1087 450 434 103 99 155 155 45 48 
New BC onsets:  0
BC status:  4915 85 
BC subtype:  4915 55 30 

clinical_engagement 
diagnosis 
demography 
70 new agents 
14 dtreferralsatt14 smreferralsatt229 
disease_progression 
H-positive risk:  661 658 100 1072 453 102 1095 451 156 50 155 47 
H-negative risk:  658 661 1095 1072 451 453 102 100 155 156 47 50 
New BC onsets:  0
BC status:  4915 85 
BC subtype:  4915 56 29 

clinical_engagement 
diagnosis 
demography 
70 new agents 
8 dtreferralsatt8 smreferralsatt230 
disease_progression 
H-positive risk:  651 652 101 1091 446 103 1094 454 158 51 155 44 
H-negative risk:  652 651 1094 1091 454 446 103 101 155 158 44 51 
New BC onsets:  0
BC status:  4915 85 
BC subtype:  4915 56 29 

clinical_engagement 
diagnosis 
demography 
79 new agents 
13 dtreferralsatt13 smreferralsatt231 
disease_progression 
H-positive risk:  652 645 100 1095 447 105 1089 461 160 52 152 42 
H-negative risk:  645 652 1089 1095 461 447 105 100 152 160 42 52 
New BC onsets:  0
BC status:  4917 83 
BC subtype:  4917 53 30 

clinical_engagement 
diagnosis 
demography 
84 new agents 
8 dtreferralsatt8 smreferralsatt232 
disease_progression 
H-positive risk:  656 651 98 1087 455 103 1088 466 157 50 148 41 
H-negative risk:  651 656 1088 1087 466 455 103 98 148 157 41 50 
New BC onsets:  0
BC status:  4916 84 
BC subtype:  4916 55 29 

clinical_engagement 
diagnosis 
demography 
91 new agents 
10 dtreferralsatt10 smreferralsatt233 
disease_progression 
H-positive risk:  669 650 92 1087 450 105 1082 464 157 50 152 42 
H-negative risk:  650 669 1082 1087 464 450 105 92 152 157 42 50 
New BC onsets:  0
BC status:  4915 85 
BC subtype:  4915 57 28 

clinical_engagement 
diagnosis 
demography 
58 new agents 
8 dtreferralsatt8 smreferralsatt234 
disease_progression 
H-positive risk:  673 646 94 1082 453 106 1087 456 160 50 151 42 
H-negative risk:  646 673 1087 1082 456 453 106 94 151 160 42 50 
New BC onsets:  0
BC status:  4913 87 
BC subtype:  4913 59 28 

clinical_engagement 
diagnosis 
demography 
70 new agents 
7 dtreferralsatt7 smreferralsatt235 
disease_progression 
H-positive risk:  671 646 95 1079 452 106 1088 449 167 51 152 44 
H-negative risk:  646 671 1088 1079 449 452 106 95 152 167 44 51 
New BC onsets:  0
BC status:  4915 85 
BC subtype:  4915 60 25 

clinical_engagement 
diagnosis 
demography 
94 new agents 
8 dtreferralsatt8 smreferralsatt236 
disease_progression 
H-positive risk:  667 646 91 1075 448 106 1100 451 162 52 157 45 
H-negative risk:  646 667 1100 1075 451 448 106 91 157 162 45 52 
New BC onsets:  0
BC status:  4917 83 
BC subtype:  4917 60 23 

clinical_engagement 
diagnosis 
demography 
74 new agents 
18 dtreferralsatt18 smreferralsatt237 
disease_progression 
H-positive risk:  662 643 91 1078 450 110 1098 452 160 55 156 45 
H-negative risk:  643 662 1098 1078 452 450 110 91 156 160 45 55 
New BC onsets:  0
BC status:  4918 82 
BC subtype:  4918 59 23 

clinical_engagement 
diagnosis 
demography 
103 new agents 
8 dtreferralsatt8 smreferralsatt238 
disease_progression 
H-positive risk:  667 644 92 1086 436 107 1098 459 159 55 154 43 
H-negative risk:  644 667 1098 1086 459 436 107 92 154 159 43 55 
New BC onsets:  0
BC status:  4920 80 
BC subtype:  4920 57 23 

clinical_engagement 
diagnosis 
demography 
76 new agents 
15 dtreferralsatt15 smreferralsatt239 
disease_progression 
H-positive risk:  663 645 92 1085 439 107 1095 462 158 55 155 44 
H-negative risk:  645 663 1095 1085 462 439 107 92 155 158 44 55 
New BC onsets:  0
BC status:  4921 79 
BC subtype:  4921 56 23 

clinical_engagement 
diagnosis 
demography 
83 new agents 
13 dtreferralsatt13 smreferralsatt240 
disease_progression 
H-positive risk:  655 654 90 1094 436 105 1100 455 157 53 156 45 
H-negative risk:  654 655 1100 1094 455 436 105 90 156 157 45 53 
New BC onsets:  0
BC status:  4922 78 
BC subtype:  4922 56 22 

clinical_engagement 
diagnosis 
demography 
71 new agents 
8 dtreferralsatt8 smreferralsatt241 
disease_progression 
H-positive risk:  644 653 91 1101 441 101 1096 460 157 56 156 44 
H-negative risk:  653 644 1096 1101 460 441 101 91 156 157 44 56 
New BC onsets:  0
BC status:  4920 80 
BC subtype:  4920 58 22 

clinical_engagement 
diagnosis 
demography 
87 new agents 
11 dtreferralsatt11 smreferralsatt242 
disease_progression 
H-positive risk:  641 658 92 1108 440 101 1088 455 154 60 157 46 
H-negative risk:  658 641 1088 1108 455 440 101 92 157 154 46 60 
New BC onsets:  0
BC status:  4918 82 
BC subtype:  4918 61 21 

clinical_engagement 
diagnosis 
demography 
87 new agents 
12 dtreferralsatt12 smreferralsatt243 
disease_progression 
H-positive risk:  647 663 92 1108 430 100 1081 460 156 59 157 47 
H-negative risk:  663 647 1081 1108 460 430 100 92 157 156 47 59 
New BC onsets:  0
BC status:  4919 81 
BC subtype:  4919 60 21 

clinical_engagement 
diagnosis 
demography 
76 new agents 
17 dtreferralsatt17 smreferralsatt244 
disease_progression 
H-positive risk:  651 657 92 1107 430 98 1088 458 156 57 156 50 
H-negative risk:  657 651 1088 1107 458 430 98 92 156 156 50 57 
New BC onsets:  0
BC status:  4917 83 
BC subtype:  4917 60 23 

clinical_engagement 
diagnosis 
demography 
77 new agents 
8 dtreferralsatt8 smreferralsatt245 
disease_progression 
H-positive risk:  653 659 91 1113 420 96 1088 456 162 58 153 51 
H-negative risk:  659 653 1088 1113 456 420 96 91 153 162 51 58 
New BC onsets:  0
BC status:  4916 84 
BC subtype:  4916 61 23 

clinical_engagement 
diagnosis 
demography 
63 new agents 
11 dtreferralsatt11 smreferralsatt246 
disease_progression 
H-positive risk:  647 660 91 1118 419 98 1086 458 157 61 154 51 
H-negative risk:  660 647 1086 1118 458 419 98 91 154 157 51 61 
New BC onsets:  0
BC status:  4914 86 
BC subtype:  4914 61 25 

clinical_engagement 
diagnosis 
demography 
87 new agents 
9 dtreferralsatt9 smreferralsatt247 
disease_progression 
H-positive risk:  640 662 92 1117 419 95 1086 462 162 60 152 53 
H-negative risk:  662 640 1086 1117 462 419 95 92 152 162 53 60 
New BC onsets:  0
BC status:  4910 90 
BC subtype:  4910 65 25 

clinical_engagement 
diagnosis 
demography 
91 new agents 
4 dtreferralsatt4 smreferralsatt248 
disease_progression 
H-positive risk:  644 675 91 1110 429 92 1087 448 162 57 152 53 
H-negative risk:  675 644 1087 1110 448 429 92 91 152 162 53 57 
New BC onsets:  0
BC status:  4910 90 
BC subtype:  4910 66 24 

clinical_engagement 
diagnosis 
demography 
71 new agents 
9 dtreferralsatt9 smreferralsatt249 
disease_progression 
H-positive risk:  647 681 89 1105 433 90 1076 459 161 58 150 51 
H-negative risk:  681 647 1076 1105 459 433 90 89 150 161 51 58 
New BC onsets:  0
BC status:  4906 94 
BC subtype:  4906 69 25 

clinical_engagement 
diagnosis 
demography 
72 new agents 
13 dtreferralsatt13 smreferralsatt250 
disease_progression 
H-positive risk:  651 679 89 1105 429 92 1080 450 164 58 151 52 
H-negative risk:  679 651 1080 1105 450 429 92 89 151 164 52 58 
New BC onsets:  0
BC status:  4905 95 
BC subtype:  4905 69 26 

clinical_engagement 
diagnosis 
demography 
94 new agents 
7 dtreferralsatt7 smreferralsatt251 
disease_progression 
H-positive risk:  654 684 91 1101 429 93 1086 440 159 57 153 53 
H-negative risk:  684 654 1086 1101 440 429 93 91 153 159 53 57 
New BC onsets:  0
BC status:  4903 97 
BC subtype:  4903 72 25 

clinical_engagement 
diagnosis 
demography 
65 new agents 
13 dtreferralsatt13 smreferralsatt252 
disease_progression 
H-positive risk:  655 686 92 1092 424 93 1093 443 157 58 153 54 
H-negative risk:  686 655 1093 1092 443 424 93 92 153 157 54 58 
New BC onsets:  0
BC status:  4897 103 
BC subtype:  4897 77 26 

clinical_engagement 
diagnosis 
demography 
84 new agents 
10 dtreferralsatt10 smreferralsatt253 
disease_progression 
H-positive risk:  658 685 91 1090 423 96 1094 440 157 59 152 55 
H-negative risk:  685 658 1094 1090 440 423 96 91 152 157 55 59 
New BC onsets:  0
BC status:  4897 103 
BC subtype:  4897 77 26 

clinical_engagement 
diagnosis 
demography 
99 new agents 
15 dtreferralsatt15 smreferralsatt254 
disease_progression 
H-positive risk:  661 687 92 1095 416 97 1090 438 157 59 149 59 
H-negative risk:  687 661 1090 1095 438 416 97 92 149 157 59 59 
New BC onsets:  0
BC status:  4897 103 
BC subtype:  4897 77 26 

clinical_engagement 
diagnosis 
demography 
68 new agents 
9 dtreferralsatt9 smreferralsatt255 
disease_progression 
H-positive risk:  660 685 91 1107 416 100 1085 436 156 56 147 61 
H-negative risk:  685 660 1085 1107 436 416 100 91 147 156 61 56 
New BC onsets:  0
BC status:  4897 103 
BC subtype:  4897 77 26 

clinical_engagement 
diagnosis 
demography 
78 new agents 
9 dtreferralsatt9 smreferralsatt256 
disease_progression 
H-positive risk:  663 688 92 1100 419 99 1083 435 154 58 148 61 
H-negative risk:  688 663 1083 1100 435 419 99 92 148 154 61 58 
New BC onsets:  0
BC status:  4895 105 
BC subtype:  4895 79 26 

clinical_engagement 
diagnosis 
demography 
83 new agents 
11 dtreferralsatt11 smreferralsatt257 
disease_progression 
H-positive risk:  665 687 93 1108 414 103 1071 426 156 60 156 61 
H-negative risk:  687 665 1071 1108 426 414 103 93 156 156 61 60 
New BC onsets:  0
BC status:  4894 106 
BC subtype:  4894 80 26 

clinical_engagement 
diagnosis 
demography 
87 new agents 
14 dtreferralsatt14 smreferralsatt258 
disease_progression 
H-positive risk:  661 681 92 1114 406 105 1083 421 158 58 158 63 
H-negative risk:  681 661 1083 1114 421 406 105 92 158 158 63 58 
New BC onsets:  0
BC status:  4891 109 
BC subtype:  4891 84 25 

clinical_engagement 
diagnosis 
demography 
71 new agents 
13 dtreferralsatt13 smreferralsatt259 
disease_progression 
H-positive risk:  662 676 92 1119 404 108 1085 418 157 60 155 64 
H-negative risk:  676 662 1085 1119 418 404 108 92 155 157 64 60 
New BC onsets:  0
BC status:  4892 108 
BC subtype:  4892 84 24 

clinical_engagement 
diagnosis 
demography 
71 new agents 
9 dtreferralsatt9 smreferralsatt260 
disease_progression 
H-positive risk:  670 673 93 1118 398 109 1083 422 153 65 153 63 
H-negative risk:  673 670 1083 1118 422 398 109 93 153 153 63 65 
New BC onsets:  0
BC status:  4892 108 
BC subtype:  4892 84 24 

clinical_engagement 
diagnosis 
demography 
76 new agents 
11 dtreferralsatt11 smreferralsatt261 
disease_progression 
H-positive risk:  670 671 96 1117 404 111 1083 417 153 63 150 65 
H-negative risk:  671 670 1083 1117 417 404 111 96 150 153 65 63 
New BC onsets:  0
BC status:  4895 105 
BC subtype:  4895 82 23 

clinical_engagement 
diagnosis 
demography 
88 new agents 
11 dtreferralsatt11 smreferralsatt262 
disease_progression 
H-positive risk:  669 680 94 1115 405 113 1091 413 145 61 148 66 
H-negative risk:  680 669 1091 1115 413 405 113 94 148 145 66 61 
New BC onsets:  0
BC status:  4897 103 
BC subtype:  4897 81 22 

clinical_engagement 
diagnosis 
demography 
78 new agents 
11 dtreferralsatt11 smreferralsatt263 
disease_progression 
H-positive risk:  669 680 97 1109 414 112 1087 411 147 60 148 66 
H-negative risk:  680 669 1087 1109 411 414 112 97 148 147 66 60 
New BC onsets:  0
BC status:  4898 102 
BC subtype:  4898 81 21 

clinical_engagement 
diagnosis 
demography 
73 new agents 
10 dtreferralsatt10 smreferralsatt264 
disease_progression 
H-positive risk:  665 685 98 1099 414 113 1096 410 146 60 150 64 
H-negative risk:  685 665 1096 1099 410 414 113 98 150 146 64 60 
New BC onsets:  0
BC status:  4897 103 
BC subtype:  4897 81 22 

clinical_engagement 
diagnosis 
demography 
79 new agents 
7 dtreferralsatt7 smreferralsatt265 
disease_progression 
H-positive risk:  663 680 101 1100 420 111 1090 408 150 62 149 66 
H-negative risk:  680 663 1090 1100 408 420 111 101 149 150 66 62 
New BC onsets:  0
BC status:  4899 101 
BC subtype:  4899 79 22 

clinical_engagement 
diagnosis 
demography 
81 new agents 
7 dtreferralsatt7 smreferralsatt266 
disease_progression 
H-positive risk:  659 676 99 1106 420 113 1096 399 150 62 152 68 
H-negative risk:  676 659 1096 1106 399 420 113 99 152 150 68 62 
New BC onsets:  0
BC status:  4899 101 
BC subtype:  4899 78 23 

clinical_engagement 
diagnosis 
demography 
89 new agents 
7 dtreferralsatt7 smreferralsatt267 
disease_progression 
H-positive risk:  662 681 99 1108 418 109 1091 402 154 62 151 63 
H-negative risk:  681 662 1091 1108 402 418 109 99 151 154 63 62 
New BC onsets:  0
BC status:  4894 106 
BC subtype:  4894 84 22 

clinical_engagement 
diagnosis 
demography 
65 new agents 
10 dtreferralsatt10 smreferralsatt268 
disease_progression 
H-positive risk:  667 680 97 1105 418 110 1094 401 154 62 152 60 
H-negative risk:  680 667 1094 1105 401 418 110 97 152 154 60 62 
New BC onsets:  0
BC status:  4897 103 
BC subtype:  4897 82 21 

clinical_engagement 
diagnosis 
demography 
72 new agents 
9 dtreferralsatt9 smreferralsatt269 
disease_progression 
H-positive risk:  662 680 93 1110 425 110 1103 383 156 60 157 61 
H-negative risk:  680 662 1103 1110 383 425 110 93 157 156 61 60 
New BC onsets:  0
BC status:  4904 96 
BC subtype:  4904 77 19 

clinical_engagement 
diagnosis 
demography 
71 new agents 
11 dtreferralsatt11 smreferralsatt270 
disease_progression 
H-positive risk:  661 685 93 1111 423 111 1092 385 159 59 155 66 
H-negative risk:  685 661 1092 1111 385 423 111 93 155 159 66 59 
New BC onsets:  0
BC status:  4905 95 
BC subtype:  4905 78 17 

clinical_engagement 
diagnosis 
demography 
62 new agents 
4 dtreferralsatt4 smreferralsatt271 
disease_progression 
H-positive risk:  660 681 94 1107 424 112 1093 394 157 59 154 65 
H-negative risk:  681 660 1093 1107 394 424 112 94 154 157 65 59 
New BC onsets:  0
BC status:  4905 95 
BC subtype:  4905 78 17 

clinical_engagement 
diagnosis 
demography 
74 new agents 
11 dtreferralsatt11 smreferralsatt272 
disease_progression 
H-positive risk:  654 686 97 1108 422 112 1093 393 162 56 153 64 
H-negative risk:  686 654 1093 1108 393 422 112 97 153 162 64 56 
New BC onsets:  0
BC status:  4908 92 
BC subtype:  4908 76 16 

clinical_engagement 
diagnosis 
demography 
75 new agents 
17 dtreferralsatt17 smreferralsatt273 
disease_progression 
H-positive risk:  659 694 99 1101 419 112 1089 395 161 54 152 65 
H-negative risk:  694 659 1089 1101 395 419 112 99 152 161 65 54 
New BC onsets:  0
BC status:  4906 94 
BC subtype:  4906 78 16 

clinical_engagement 
diagnosis 
demography 
76 new agents 
9 dtreferralsatt9 smreferralsatt274 
disease_progression 
H-positive risk:  656 698 104 1101 417 111 1077 400 163 55 154 64 
H-negative risk:  698 656 1077 1101 400 417 111 104 154 163 64 55 
New BC onsets:  0
BC status:  4910 90 
BC subtype:  4910 74 16 

clinical_engagement 
diagnosis 
demography 
94 new agents 
13 dtreferralsatt13 smreferralsatt275 
disease_progression 
H-positive risk:  661 692 108 1119 407 111 1072 395 167 54 152 62 
H-negative risk:  692 661 1072 1119 395 407 111 108 152 167 62 54 
New BC onsets:  0
BC status:  4909 91 
BC subtype:  4909 75 16 

clinical_engagement 
diagnosis 
demography 
56 new agents 
10 dtreferralsatt10 smreferralsatt276 
disease_progression 
H-positive risk:  657 695 108 1114 409 110 1074 400 168 53 148 64 
H-negative risk:  695 657 1074 1114 400 409 110 108 148 168 64 53 
New BC onsets:  0
BC status:  4909 91 
BC subtype:  4909 74 17 

clinical_engagement 
diagnosis 
demography 
78 new agents 
9 dtreferralsatt9 smreferralsatt277 
disease_progression 
H-positive risk:  651 688 107 1116 408 110 1085 399 172 53 144 67 
H-negative risk:  688 651 1085 1116 399 408 110 107 144 172 67 53 
New BC onsets:  0
BC status:  4909 91 
BC subtype:  4909 75 16 

clinical_engagement 
diagnosis 
demography 
68 new agents 
10 dtreferralsatt10 smreferralsatt278 
disease_progression 
H-positive risk:  646 684 107 1111 419 112 1083 396 174 55 143 70 
H-negative risk:  684 646 1083 1111 396 419 112 107 143 174 70 55 
New BC onsets:  0
BC status:  4909 91 
BC subtype:  4909 75 16 

clinical_engagement 
diagnosis 
demography 
80 new agents 
6 dtreferralsatt6 smreferralsatt279 
disease_progression 
H-positive risk:  645 680 109 1106 431 110 1086 394 173 54 140 72 
H-negative risk:  680 645 1086 1106 394 431 110 109 140 173 72 54 
New BC onsets:  0
BC status:  4906 94 
BC subtype:  4906 77 17 

clinical_engagement 
diagnosis 
demography 
73 new agents 
9 dtreferralsatt9 smreferralsatt280 
disease_progression 
H-positive risk:  649 674 109 1097 440 109 1077 398 173 56 143 75 
H-negative risk:  674 649 1077 1097 398 440 109 109 143 173 75 56 
New BC onsets:  0
BC status:  4907 93 
BC subtype:  4907 76 17 

clinical_engagement 
diagnosis 
demography 
79 new agents 
6 dtreferralsatt6 smreferralsatt281 
disease_progression 
H-positive risk:  652 681 114 1092 446 108 1080 386 171 55 142 73 
H-negative risk:  681 652 1080 1092 386 446 108 114 142 171 73 55 
New BC onsets:  0
BC status:  4907 93 
BC subtype:  4907 77 16 

clinical_engagement 
diagnosis 
demography 
82 new agents 
15 dtreferralsatt15 smreferralsatt282 
disease_progression 
H-positive risk:  651 685 114 1082 447 108 1084 384 173 57 144 71 
H-negative risk:  685 651 1084 1082 384 447 108 114 144 173 71 57 
New BC onsets:  0
BC status:  4904 96 
BC subtype:  4904 80 16 

clinical_engagement 
diagnosis 
demography 
81 new agents 
8 dtreferralsatt8 smreferralsatt283 
disease_progression 
H-positive risk:  658 690 116 1075 450 104 1082 385 172 58 141 69 
H-negative risk:  690 658 1082 1075 385 450 104 116 141 172 69 58 
New BC onsets:  0
BC status:  4902 98 
BC subtype:  4902 82 16 

clinical_engagement 
diagnosis 
demography 
79 new agents 
6 dtreferralsatt6 smreferralsatt284 
disease_progression 
H-positive risk:  651 692 112 1075 449 108 1086 384 174 58 143 68 
H-negative risk:  692 651 1086 1075 384 449 108 112 143 174 68 58 
New BC onsets:  0
BC status:  4900 100 
BC subtype:  4900 84 16 

clinical_engagement 
diagnosis 
demography 
81 new agents 
7 dtreferralsatt7 smreferralsatt285 
disease_progression 
H-positive risk:  650 685 111 1077 453 109 1083 389 173 60 144 66 
H-negative risk:  685 650 1083 1077 389 453 109 111 144 173 66 60 
New BC onsets:  0
BC status:  4898 102 
BC subtype:  4898 86 16 

clinical_engagement 
diagnosis 
demography 
61 new agents 
17 dtreferralsatt17 smreferralsatt286 
disease_progression 
H-positive risk:  649 687 112 1072 462 110 1077 385 174 62 146 64 
H-negative risk:  687 649 1077 1072 385 462 110 112 146 174 64 62 
New BC onsets:  0
BC status:  4901 99 
BC subtype:  4901 84 15 

clinical_engagement 
diagnosis 
demography 
82 new agents 
14 dtreferralsatt14 smreferralsatt287 
disease_progression 
H-positive risk:  645 685 111 1071 470 110 1080 389 170 60 146 63 
H-negative risk:  685 645 1080 1071 389 470 110 111 146 170 63 60 
New BC onsets:  0
BC status:  4900 100 
BC subtype:  4900 84 16 

clinical_engagement 
diagnosis 
demography 
70 new agents 
11 dtreferralsatt11 smreferralsatt288 
disease_progression 
H-positive risk:  645 689 110 1072 471 110 1067 398 164 60 149 65 
H-negative risk:  689 645 1067 1072 398 471 110 110 149 164 65 60 
New BC onsets:  0
BC status:  4900 100 
BC subtype:  4900 84 16 

clinical_engagement 
diagnosis 
demography 
83 new agents 
12 dtreferralsatt12 smreferralsatt289 
disease_progression 
H-positive risk:  646 693 109 1072 468 108 1063 403 165 62 147 64 
H-negative risk:  693 646 1063 1072 403 468 108 109 147 165 64 62 
New BC onsets:  0
BC status:  4902 98 
BC subtype:  4902 84 14 

clinical_engagement 
diagnosis 
demography 
94 new agents 
13 dtreferralsatt13 smreferralsatt290 
disease_progression 
H-positive risk:  650 702 108 1072 446 104 1074 405 165 61 152 61 
H-negative risk:  702 650 1074 1072 405 446 104 108 152 165 61 61 
New BC onsets:  0
BC status:  4903 97 
BC subtype:  4903 84 13 

clinical_engagement 
diagnosis 
demography 
92 new agents 
7 dtreferralsatt7 smreferralsatt291 
disease_progression 
H-positive risk:  652 696 108 1073 448 105 1068 413 168 56 150 63 
H-negative risk:  696 652 1068 1073 413 448 105 108 150 168 63 56 
New BC onsets:  0
BC status:  4904 96 
BC subtype:  4904 83 13 

clinical_engagement 
diagnosis 
demography 
95 new agents 
9 dtreferralsatt9 smreferralsatt292 
disease_progression 
H-positive risk:  655 699 109 1077 441 105 1067 409 168 56 151 63 
H-negative risk:  699 655 1067 1077 409 441 105 109 151 168 63 56 
New BC onsets:  0
BC status:  4901 99 
BC subtype:  4901 86 13 

clinical_engagement 
diagnosis 
demography 
83 new agents 
10 dtreferralsatt10 smreferralsatt293 
disease_progression 
H-positive risk:  653 698 113 1084 435 102 1072 405 169 56 152 61 
H-negative risk:  698 653 1072 1084 405 435 102 113 152 169 61 56 
New BC onsets:  0
BC status:  4898 102 
BC subtype:  4898 90 12 

clinical_engagement 
diagnosis 
demography 
64 new agents 
16 dtreferralsatt16 smreferralsatt294 
disease_progression 
H-positive risk:  662 696 112 1079 438 101 1066 403 171 59 149 64 
H-negative risk:  696 662 1066 1079 403 438 101 112 149 171 64 59 
New BC onsets:  0
BC status:  4895 105 
BC subtype:  4895 93 12 

clinical_engagement 
diagnosis 
demography 
80 new agents 
9 dtreferralsatt9 smreferralsatt295 
disease_progression 
H-positive risk:  656 698 111 1073 440 104 1068 404 170 63 149 64 
H-negative risk:  698 656 1068 1073 404 440 104 111 149 170 64 63 
New BC onsets:  0
BC status:  4895 105 
BC subtype:  4895 93 12 

clinical_engagement 
diagnosis 
demography 
84 new agents 
13 dtreferralsatt13 smreferralsatt296 
disease_progression 
H-positive risk:  656 702 108 1079 431 107 1072 399 168 66 150 62 
H-negative risk:  702 656 1072 1079 399 431 107 108 150 168 62 66 
New BC onsets:  0
BC status:  4897 103 
BC subtype:  4897 91 12 

clinical_engagement 
diagnosis 
demography 
71 new agents 
5 dtreferralsatt5 smreferralsatt297 
disease_progression 
H-positive risk:  652 706 111 1077 425 106 1078 400 169 64 147 65 
H-negative risk:  706 652 1078 1077 400 425 106 111 147 169 65 64 
New BC onsets:  0
BC status:  4897 103 
BC subtype:  4897 91 12 

clinical_engagement 
diagnosis 
demography 
53 new agents 
15 dtreferralsatt15 smreferralsatt298 
disease_progression 
H-positive risk:  649 705 114 1079 432 106 1063 413 168 60 149 62 
H-negative risk:  705 649 1063 1079 413 432 106 114 149 168 62 60 
New BC onsets:  0
BC status:  4895 105 
BC subtype:  4895 93 12 

clinical_engagement 
diagnosis 
demography 
73 new agents 
9 dtreferralsatt9 smreferralsatt299 
disease_progression 
H-positive risk:  642 706 114 1086 423 105 1076 406 170 63 148 61 
H-negative risk:  706 642 1076 1086 406 423 105 114 148 170 61 63 
New BC onsets:  0
BC status:  4893 107 
BC subtype:  4893 94 13 

clinical_engagement 
diagnosis 
demography 
58 new agents 
11 dtreferralsatt11 smreferralsatt300 
disease_progression 
H-positive risk:  641 706 112 1082 426 105 1080 407 169 63 143 66 
H-negative risk:  706 641 1080 1082 407 426 105 112 143 169 66 63 
New BC onsets:  0
BC status:  4895 105 
BC subtype:  4895 92 13 

clinical_engagement 
diagnosis 
demography 
85 new agents 
12 dtreferralsatt12 smreferralsattTime difference of 17.83313 mins
This is task 16
date
