date
Note that the current default version of R is 3.6.1.
Loading required package: network
network: Classes for Relational Data
Version 1.15 created on 2019-04-01.
copyright (c) 2005, Carter T. Butts, University of California-Irvine
                    Mark S. Handcock, University of California -- Los Angeles
                    David R. Hunter, Penn State University
                    Martina Morris, University of Washington
                    Skye Bender-deMoll, University of Washington
 For citation information, type citation("network").
 Type help("network-package") to get started.


networkDynamic: version 0.10.0, created on 2019-04-04
Copyright (c) 2019, Carter T. Butts, University of California -- Irvine
                    Ayn Leslie-Cook, University of Washington
                    Pavel N. Krivitsky, University of Wollongong
                    Skye Bender-deMoll, University of Washington
                    with contributions from
                    Zack Almquist, University of California -- Irvine
                    David R. Hunter, Penn State University
                    Li Wang
                    Kirk Li, University of Washington
                    Steven M. Goodreau, University of Washington
                    Jeffrey Horner
                    Martina Morris, University of Washington
Based on "statnet" project software (statnet.org).
For license and citation information see statnet.org/attribution
or type citation("networkDynamic").

Loading required package: statnet.common

Attaching package: 'statnet.common'

The following object is masked from 'package:base':

    order

sna: Tools for Social Network Analysis
Version 2.4 created on 2016-07-23.
copyright (c) 2005, Carter T. Butts, University of California-Irvine
 For citation information, type citation("sna").
 Type help(package="sna") to get started.


ergm: version 3.10.4, created on 2019-06-10
Copyright (c) 2019, Mark S. Handcock, University of California -- Los Angeles
                    David R. Hunter, Penn State University
                    Carter T. Butts, University of California -- Irvine
                    Steven M. Goodreau, University of Washington
                    Pavel N. Krivitsky, University of Wollongong
                    Martina Morris, University of Washington
                    with contributions from
                    Li Wang
                    Kirk Li, University of Washington
                    Skye Bender-deMoll, University of Washington
                    Chad Klumb
Based on "statnet" project software (statnet.org).
For license and citation information see statnet.org/attribution
or type citation("ergm").

NOTE: Versions before 3.6.1 had a bug in the implementation of the bd()
constriant which distorted the sampled distribution somewhat. In
addition, Sampson's Monks datasets had mislabeled vertices. See the
NEWS and the documentation for more details.

NOTE: Some common term arguments pertaining to vertex attribute and
level selection have changed in 3.10.0. See terms help for more
details. Use 'options(ergm.term=list(version="3.9.4"))' to use old
behavior.


tergm: version 3.6.1, created on 2019-06-12
Copyright (c) 2019, Pavel N. Krivitsky, University of Wollongong
                    Mark S. Handcock, University of California -- Los Angeles
                    with contributions from
                    David R. Hunter, Penn State University
                    Steven M. Goodreau, University of Washington
                    Martina Morris, University of Washington
                    Nicole Bohme Carnegie, New York University
                    Carter T. Butts, University of California -- Irvine
                    Ayn Leslie-Cook, University of Washington
                    Skye Bender-deMoll
                    Li Wang
                    Kirk Li, University of Washington
Based on "statnet" project software (statnet.org).
For license and citation information see statnet.org/attribution
or type citation("tergm").

Starting maximum pseudolikelihood estimation (MPLE):
Evaluating the predictor and response matrix.
Maximizing the pseudolikelihood.
Finished MPLE.
Starting Monte Carlo maximum likelihood estimation (MCMLE):
Iteration 1 of at most 500:
Optimizing with step length 0.438188446746772.
The log-likelihood improved by 3.789.
Iteration 2 of at most 500:
Optimizing with step length 0.687265990495927.
The log-likelihood improved by 3.264.
Iteration 3 of at most 500:
Optimizing with step length 1.
The log-likelihood improved by 0.5393.
Step length converged once. Increasing MCMC sample size.
Iteration 4 of at most 500:
Optimizing with step length 1.
The log-likelihood improved by 0.08524.
Step length converged twice. Stopping.
Finished MCMLE.
This model was fit using MCMC.  To examine model diagnostics and check
for degeneracy, use the mcmc.diagnostics() function.
 degree0  degree1  degree2  degree3  degree4  degree5  degree6  degree7 
       1       26     1153     1109      779      374      392      336 
 degree8  degree9 degree10 degree11 degree12 degree13 degree14 degree15 
     289      197      167       97       38       24       13        3 
degree16 
       2 
1 
disease_progression 
H-positive risk:  902 860 137 864 425 109 898 421 120 62 138 64 
H-negative risk:  860 902 898 864 421 425 109 137 138 120 64 62 
New BC onsets:  0
BC status:  4997 3 
BC subtype:  4997 3 

clinical_engagement 
diagnosis 
demography 
54 new agents 
1 dtreferralsatt1 smreferralsatt2 
disease_progression 
H-positive risk:  909 861 138 862 420 109 899 419 121 59 140 63 
H-negative risk:  861 909 899 862 419 420 109 138 140 121 63 59 
New BC onsets:  0
BC status:  4996 4 
BC subtype:  4996 3 1 

clinical_engagement 
diagnosis 
demography 
61 new agents 
0 dtreferralsatt0 smreferralsatt3 
disease_progression 
H-positive risk:  915 869 138 858 414 109 896 423 121 55 139 63 
H-negative risk:  869 915 896 858 423 414 109 138 139 121 63 55 
New BC onsets:  0
BC status:  4993 7 
BC subtype:  4993 6 1 

clinical_engagement 
diagnosis 
demography 
60 new agents 
3 dtreferralsatt3 smreferralsatt4 
disease_progression 
H-positive risk:  921 871 138 856 406 110 904 422 119 55 137 61 
H-negative risk:  871 921 904 856 422 406 110 138 137 119 61 55 
New BC onsets:  0
BC status:  4990 10 
BC subtype:  4990 8 2 

clinical_engagement 
diagnosis 
demography 
71 new agents 
7 dtreferralsatt7 smreferralsatt5 
disease_progression 
H-positive risk:  924 868 137 858 405 109 908 418 120 55 137 61 
H-negative risk:  868 924 908 858 418 405 109 137 137 120 61 55 
New BC onsets:  0
BC status:  4989 11 
BC subtype:  4989 9 2 

clinical_engagement 
diagnosis 
demography 
55 new agents 
5 dtreferralsatt5 smreferralsatt6 
disease_progression 
H-positive risk:  931 873 136 851 404 110 910 412 121 54 137 61 
H-negative risk:  873 931 910 851 412 404 110 136 137 121 61 54 
New BC onsets:  0
BC status:  4989 11 
BC subtype:  4989 9 2 

clinical_engagement 
diagnosis 
demography 
49 new agents 
6 dtreferralsatt6 smreferralsatt7 
disease_progression 
H-positive risk:  932 880 136 848 403 111 911 408 120 56 138 57 
H-negative risk:  880 932 911 848 408 403 111 136 138 120 57 56 
New BC onsets:  0
BC status:  4990 10 
BC subtype:  4990 8 2 

clinical_engagement 
diagnosis 
demography 
70 new agents 
4 dtreferralsatt4 smreferralsatt8 
disease_progression 
H-positive risk:  935 888 137 847 396 114 908 403 119 57 141 55 
H-negative risk:  888 935 908 847 403 396 114 137 141 119 55 57 
New BC onsets:  0
BC status:  4989 11 
BC subtype:  4989 8 3 

clinical_engagement 
diagnosis 
demography 
57 new agents 
11 dtreferralsatt11 smreferralsatt9 
disease_progression 
H-positive risk:  940 895 137 842 387 114 910 404 119 58 140 54 
H-negative risk:  895 940 910 842 404 387 114 137 140 119 54 58 
New BC onsets:  0
BC status:  4988 12 
BC subtype:  4988 9 3 

clinical_engagement 
diagnosis 
demography 
55 new agents 
5 dtreferralsatt5 smreferralsatt10 
disease_progression 
H-positive risk:  948 892 137 848 385 116 903 400 117 59 141 54 
H-negative risk:  892 948 903 848 400 385 116 137 141 117 54 59 
New BC onsets:  0
BC status:  4984 16 
BC subtype:  4984 13 3 

clinical_engagement 
diagnosis 
demography 
54 new agents 
6 dtreferralsatt6 smreferralsatt11 
disease_progression 
H-positive risk:  951 895 136 849 384 118 902 395 119 57 141 53 
H-negative risk:  895 951 902 849 395 384 118 136 141 119 53 57 
New BC onsets:  0
BC status:  4981 19 
BC subtype:  4981 16 3 

clinical_engagement 
diagnosis 
demography 
56 new agents 
9 dtreferralsatt9 smreferralsatt12 
disease_progression 
H-positive risk:  950 901 136 843 381 120 900 394 121 57 143 54 
H-negative risk:  901 950 900 843 394 381 120 136 143 121 54 57 
New BC onsets:  0
BC status:  4979 21 
BC subtype:  4979 17 4 

clinical_engagement 
diagnosis 
demography 
49 new agents 
7 dtreferralsatt7 smreferralsatt13 
disease_progression 
H-positive risk:  875 820 121 916 379 114 979 392 130 56 160 58 
H-negative risk:  820 875 979 916 392 379 114 121 160 130 58 56 
New BC onsets:  0
BC status:  4977 23 
BC subtype:  4977 19 4 

clinical_engagement 
diagnosis 
demography 
214 new agents 
4 dtreferralsatt4 smreferralsatt14 
disease_progression 
H-positive risk:  900 861 126 864 398 120 928 400 120 63 149 71 
H-negative risk:  861 900 928 864 400 398 120 126 149 120 71 63 
New BC onsets:  0
BC status:  4976 24 
BC subtype:  4976 22 2 

clinical_engagement 
diagnosis 
demography 
71 new agents 
8 dtreferralsatt8 smreferralsatt15 
disease_progression 
H-positive risk:  908 864 130 858 391 121 926 398 120 63 149 72 
H-negative risk:  864 908 926 858 398 391 121 130 149 120 72 63 
New BC onsets:  0
BC status:  4973 27 
BC subtype:  4973 25 2 

clinical_engagement 
diagnosis 
demography 
62 new agents 
9 dtreferralsatt9 smreferralsatt16 
disease_progression 
H-positive risk:  912 866 131 856 394 124 925 393 117 64 147 71 
H-negative risk:  866 912 925 856 393 394 124 131 147 117 71 64 
New BC onsets:  0
BC status:  4970 30 
BC subtype:  4970 26 4 

clinical_engagement 
diagnosis 
demography 
43 new agents 
3 dtreferralsatt3 smreferralsatt17 
disease_progression 
H-positive risk:  916 868 131 851 393 126 926 394 117 63 144 71 
H-negative risk:  868 916 926 851 394 393 126 131 144 117 71 63 
New BC onsets:  0
BC status:  4965 35 
BC subtype:  4965 30 5 

clinical_engagement 
diagnosis 
demography 
63 new agents 
5 dtreferralsatt5 smreferralsatt18 
disease_progression 
H-positive risk:  925 873 132 852 389 125 920 392 116 63 143 70 
H-negative risk:  873 925 920 852 392 389 125 132 143 116 70 63 
New BC onsets:  0
BC status:  4964 36 
BC subtype:  4964 31 5 

clinical_engagement 
diagnosis 
demography 
59 new agents 
11 dtreferralsatt11 smreferralsatt19 
disease_progression 
H-positive risk:  929 879 136 844 386 123 922 389 117 63 143 69 
H-negative risk:  879 929 922 844 389 386 123 136 143 117 69 63 
New BC onsets:  0
BC status:  4962 38 
BC subtype:  4962 33 5 

clinical_engagement 
diagnosis 
demography 
59 new agents 
10 dtreferralsatt10 smreferralsatt20 
disease_progression 
H-positive risk:  935 876 135 839 386 123 930 385 117 63 143 68 
H-negative risk:  876 935 930 839 385 386 123 135 143 117 68 63 
New BC onsets:  0
BC status:  4958 42 
BC subtype:  4958 36 6 

clinical_engagement 
diagnosis 
demography 
64 new agents 
5 dtreferralsatt5 smreferralsatt21 
disease_progression 
H-positive risk:  939 884 135 839 388 122 924 379 118 61 142 69 
H-negative risk:  884 939 924 839 379 388 122 135 142 118 69 61 
New BC onsets:  0
BC status:  4950 50 
BC subtype:  4950 44 6 

clinical_engagement 
diagnosis 
demography 
64 new agents 
5 dtreferralsatt5 smreferralsatt22 
disease_progression 
H-positive risk:  942 877 134 844 387 123 922 383 117 61 143 67 
H-negative risk:  877 942 922 844 383 387 123 134 143 117 67 61 
New BC onsets:  0
BC status:  4949 51 
BC subtype:  4949 43 8 

clinical_engagement 
diagnosis 
demography 
59 new agents 
14 dtreferralsatt14 smreferralsatt23 
disease_progression 
H-positive risk:  949 883 134 847 376 125 913 379 120 61 146 67 
H-negative risk:  883 949 913 847 379 376 125 134 146 120 67 61 
New BC onsets:  0
BC status:  4948 52 
BC subtype:  4948 44 8 

clinical_engagement 
diagnosis 
demography 
68 new agents 
7 dtreferralsatt7 smreferralsatt24 
disease_progression 
H-positive risk:  963 885 135 847 368 127 912 376 120 56 145 66 
H-negative risk:  885 963 912 847 376 368 127 135 145 120 66 56 
New BC onsets:  0
BC status:  4948 52 
BC subtype:  4948 44 8 

clinical_engagement 
diagnosis 
demography 
61 new agents 
9 dtreferralsatt9 smreferralsatt25 
disease_progression 
H-positive risk:  885 809 127 917 361 114 1003 377 131 55 156 65 
H-negative risk:  809 885 1003 917 377 361 114 127 156 131 65 55 
New BC onsets:  0
BC status:  4945 55 
BC subtype:  4945 47 8 

clinical_engagement 
diagnosis 
demography 
193 new agents 
10 dtreferralsatt10 smreferralsatt26 
disease_progression 
H-positive risk:  915 827 133 895 366 116 964 397 128 50 151 58 
H-negative risk:  827 915 964 895 397 366 116 133 151 128 58 50 
New BC onsets:  0
BC status:  4941 59 
BC subtype:  4941 50 9 

clinical_engagement 
diagnosis 
demography 
74 new agents 
4 dtreferralsatt4 smreferralsatt27 
disease_progression 
H-positive risk:  918 838 131 893 352 117 963 401 130 51 149 57 
H-negative risk:  838 918 963 893 401 352 117 131 149 130 57 51 
New BC onsets:  0
BC status:  4941 59 
BC subtype:  4941 51 8 

clinical_engagement 
diagnosis 
demography 
62 new agents 
8 dtreferralsatt8 smreferralsatt28 
disease_progression 
H-positive risk:  915 840 132 894 361 118 953 400 131 50 150 56 
H-negative risk:  840 915 953 894 400 361 118 132 150 131 56 50 
New BC onsets:  0
BC status:  4940 60 
BC subtype:  4940 52 8 

clinical_engagement 
diagnosis 
demography 
44 new agents 
12 dtreferralsatt12 smreferralsatt29 
disease_progression 
H-positive risk:  916 841 133 888 366 119 951 403 129 49 150 55 
H-negative risk:  841 916 951 888 403 366 119 133 150 129 55 49 
New BC onsets:  0
BC status:  4939 61 
BC subtype:  4939 53 8 

clinical_engagement 
diagnosis 
demography 
69 new agents 
11 dtreferralsatt11 smreferralsatt30 
disease_progression 
H-positive risk:  922 847 131 884 353 121 952 406 130 49 150 55 
H-negative risk:  847 922 952 884 406 353 121 131 150 130 55 49 
New BC onsets:  0
BC status:  4938 62 
BC subtype:  4938 54 8 

clinical_engagement 
diagnosis 
demography 
63 new agents 
11 dtreferralsatt11 smreferralsatt31 
disease_progression 
H-positive risk:  927 847 130 891 352 125 954 394 128 47 150 55 
H-negative risk:  847 927 954 891 394 352 125 130 150 128 55 47 
New BC onsets:  0
BC status:  4934 66 
BC subtype:  4934 57 9 

clinical_engagement 
diagnosis 
demography 
69 new agents 
9 dtreferralsatt9 smreferralsatt32 
disease_progression 
H-positive risk:  929 847 134 894 347 127 952 391 127 45 152 55 
H-negative risk:  847 929 952 894 391 347 127 134 152 127 55 45 
New BC onsets:  0
BC status:  4934 66 
BC subtype:  4934 56 10 

clinical_engagement 
diagnosis 
demography 
67 new agents 
11 dtreferralsatt11 smreferralsatt33 
disease_progression 
H-positive risk:  932 843 135 902 343 131 949 392 125 44 151 53 
H-negative risk:  843 932 949 902 392 343 131 135 151 125 53 44 
New BC onsets:  0
BC status:  4931 69 
BC subtype:  4931 60 9 

clinical_engagement 
diagnosis 
demography 
71 new agents 
11 dtreferralsatt11 smreferralsatt34 
disease_progression 
H-positive risk:  937 851 136 902 339 131 946 386 127 45 148 52 
H-negative risk:  851 937 946 902 386 339 131 136 148 127 52 45 
New BC onsets:  0
BC status:  4931 69 
BC subtype:  4931 61 8 

clinical_engagement 
diagnosis 
demography 
62 new agents 
11 dtreferralsatt11 smreferralsatt35 
disease_progression 
H-positive risk:  942 851 138 899 340 130 940 386 127 44 150 53 
H-negative risk:  851 942 940 899 386 340 130 138 150 127 53 44 
New BC onsets:  0
BC status:  4931 69 
BC subtype:  4931 61 8 

clinical_engagement 
diagnosis 
demography 
51 new agents 
13 dtreferralsatt13 smreferralsatt36 
disease_progression 
H-positive risk:  943 851 140 895 342 129 941 382 131 44 150 52 
H-negative risk:  851 943 941 895 382 342 129 140 150 131 52 44 
New BC onsets:  0
BC status:  4931 69 
BC subtype:  4931 61 8 

clinical_engagement 
diagnosis 
demography 
62 new agents 
15 dtreferralsatt15 smreferralsatt37 
disease_progression 
H-positive risk:  873 803 128 948 341 117 1011 381 140 43 162 53 
H-negative risk:  803 873 1011 948 381 341 117 128 162 140 53 43 
New BC onsets:  0
BC status:  4931 69 
BC subtype:  4931 61 8 

clinical_engagement 
diagnosis 
demography 
156 new agents 
12 dtreferralsatt12 smreferralsatt38 
disease_progression 
H-positive risk:  894 826 128 914 356 120 972 401 131 51 157 50 
H-negative risk:  826 894 972 914 401 356 120 128 157 131 50 51 
New BC onsets:  0
BC status:  4928 72 
BC subtype:  4928 65 7 

clinical_engagement 
diagnosis 
demography 
70 new agents 
15 dtreferralsatt15 smreferralsatt39 
disease_progression 
H-positive risk:  902 821 130 924 342 119 962 409 133 50 158 50 
H-negative risk:  821 902 962 924 409 342 119 130 158 133 50 50 
New BC onsets:  0
BC status:  4928 72 
BC subtype:  4928 64 8 

clinical_engagement 
diagnosis 
demography 
65 new agents 
15 dtreferralsatt15 smreferralsatt40 
disease_progression 
H-positive risk:  903 832 131 919 342 120 953 408 133 51 158 50 
H-negative risk:  832 903 953 919 408 342 120 131 158 133 50 51 
New BC onsets:  0
BC status:  4926 74 
BC subtype:  4926 65 9 

clinical_engagement 
diagnosis 
demography 
61 new agents 
14 dtreferralsatt14 smreferralsatt41 
disease_progression 
H-positive risk:  906 834 129 919 343 120 960 403 133 48 156 49 
H-negative risk:  834 906 960 919 403 343 120 129 156 133 49 48 
New BC onsets:  0
BC status:  4926 74 
BC subtype:  4926 65 9 

clinical_engagement 
diagnosis 
demography 
64 new agents 
10 dtreferralsatt10 smreferralsatt42 
disease_progression 
H-positive risk:  900 833 126 924 341 119 959 407 135 51 157 48 
H-negative risk:  833 900 959 924 407 341 119 126 157 135 48 51 
New BC onsets:  0
BC status:  4925 75 
BC subtype:  4925 66 9 

clinical_engagement 
diagnosis 
demography 
64 new agents 
7 dtreferralsatt7 smreferralsatt43 
disease_progression 
H-positive risk:  898 834 128 924 343 121 958 405 134 50 156 49 
H-negative risk:  834 898 958 924 405 343 121 128 156 134 49 50 
New BC onsets:  0
BC status:  4924 76 
BC subtype:  4924 67 9 

clinical_engagement 
diagnosis 
demography 
46 new agents 
12 dtreferralsatt12 smreferralsatt44 
disease_progression 
H-positive risk:  892 838 130 920 345 120 961 404 135 49 156 50 
H-negative risk:  838 892 961 920 404 345 120 130 156 135 50 49 
New BC onsets:  0
BC status:  4922 78 
BC subtype:  4922 66 12 

clinical_engagement 
diagnosis 
demography 
66 new agents 
11 dtreferralsatt11 smreferralsatt45 
disease_progression 
H-positive risk:  897 844 130 919 342 120 964 400 136 46 153 49 
H-negative risk:  844 897 964 919 400 342 120 130 153 136 49 46 
New BC onsets:  0
BC status:  4920 80 
BC subtype:  4920 67 13 

clinical_engagement 
diagnosis 
demography 
66 new agents 
10 dtreferralsatt10 smreferralsatt46 
disease_progression 
H-positive risk:  901 850 131 917 344 118 965 393 137 44 150 50 
H-negative risk:  850 901 965 917 393 344 118 131 150 137 50 44 
New BC onsets:  0
BC status:  4919 81 
BC subtype:  4919 67 14 

clinical_engagement 
diagnosis 
demography 
68 new agents 
10 dtreferralsatt10 smreferralsatt47 
disease_progression 
H-positive risk:  900 854 133 921 339 120 974 383 136 41 148 51 
H-negative risk:  854 900 974 921 383 339 120 133 148 136 51 41 
New BC onsets:  0
BC status:  4919 81 
BC subtype:  4919 66 15 

clinical_engagement 
diagnosis 
demography 
77 new agents 
15 dtreferralsatt15 smreferralsatt48 
disease_progression 
H-positive risk:  901 862 134 911 334 121 982 376 136 43 148 52 
H-negative risk:  862 901 982 911 376 334 121 134 148 136 52 43 
New BC onsets:  0
BC status:  4918 82 
BC subtype:  4918 66 16 

clinical_engagement 
diagnosis 
demography 
57 new agents 
11 dtreferralsatt11 smreferralsatt49 
disease_progression 
H-positive risk:  847 809 123 963 331 114 1046 374 142 43 155 53 
H-negative risk:  809 847 1046 963 374 331 114 123 155 142 53 43 
New BC onsets:  0
BC status:  4915 85 
BC subtype:  4915 69 16 

clinical_engagement 
diagnosis 
demography 
132 new agents 
10 dtreferralsatt10 smreferralsatt50 
disease_progression 
H-positive risk:  858 809 121 949 342 120 1031 383 138 42 148 59 
H-negative risk:  809 858 1031 949 383 342 120 121 148 138 59 42 
New BC onsets:  0
BC status:  4914 86 
BC subtype:  4914 67 19 

clinical_engagement 
diagnosis 
demography 
81 new agents 
6 dtreferralsatt6 smreferralsatt51 
disease_progression 
H-positive risk:  865 811 123 946 345 120 1023 383 138 44 144 58 
H-negative risk:  811 865 1023 946 383 345 120 123 144 138 58 44 
New BC onsets:  0
BC status:  4913 87 
BC subtype:  4913 67 20 

clinical_engagement 
diagnosis 
demography 
75 new agents 
12 dtreferralsatt12 smreferralsatt52 
disease_progression 
H-positive risk:  868 817 125 950 339 121 1015 382 141 43 142 57 
H-negative risk:  817 868 1015 950 382 339 121 125 142 141 57 43 
New BC onsets:  0
BC status:  4915 85 
BC subtype:  4915 64 21 

clinical_engagement 
diagnosis 
demography 
70 new agents 
9 dtreferralsatt9 smreferralsatt53 
disease_progression 
H-positive risk:  865 821 127 952 345 120 1011 375 144 42 141 57 
H-negative risk:  821 865 1011 952 375 345 120 127 141 144 57 42 
New BC onsets:  0
BC status:  4912 88 
BC subtype:  4912 67 21 

clinical_engagement 
diagnosis 
demography 
68 new agents 
15 dtreferralsatt15 smreferralsatt54 
disease_progression 
H-positive risk:  870 815 127 954 346 123 1012 375 140 42 139 57 
H-negative risk:  815 870 1012 954 375 346 123 127 139 140 57 42 
New BC onsets:  0
BC status:  4908 92 
BC subtype:  4908 71 21 

clinical_engagement 
diagnosis 
demography 
52 new agents 
17 dtreferralsatt17 smreferralsatt55 
disease_progression 
H-positive risk:  869 817 123 962 345 121 1007 376 138 42 144 56 
H-negative risk:  817 869 1007 962 376 345 121 123 144 138 56 42 
New BC onsets:  0
BC status:  4908 92 
BC subtype:  4908 70 22 

clinical_engagement 
diagnosis 
demography 
69 new agents 
8 dtreferralsatt8 smreferralsatt56 
disease_progression 
H-positive risk:  867 823 122 951 348 122 1013 375 137 42 145 55 
H-negative risk:  823 867 1013 951 375 348 122 122 145 137 55 42 
New BC onsets:  0
BC status:  4908 92 
BC subtype:  4908 70 22 

clinical_engagement 
diagnosis 
demography 
64 new agents 
8 dtreferralsatt8 smreferralsatt57 
disease_progression 
H-positive risk:  862 821 122 961 347 123 1018 371 139 41 143 52 
H-negative risk:  821 862 1018 961 371 347 123 122 143 139 52 41 
New BC onsets:  0
BC status:  4908 92 
BC subtype:  4908 71 21 

clinical_engagement 
diagnosis 
demography 
56 new agents 
9 dtreferralsatt9 smreferralsatt58 
disease_progression 
H-positive risk:  865 824 122 958 350 124 1015 368 138 41 143 52 
H-negative risk:  824 865 1015 958 368 350 124 122 143 138 52 41 
New BC onsets:  0
BC status:  4909 91 
BC subtype:  4909 70 21 

clinical_engagement 
diagnosis 
demography 
51 new agents 
11 dtreferralsatt11 smreferralsatt59 
disease_progression 
H-positive risk:  862 822 122 965 354 123 1012 370 140 39 139 52 
H-negative risk:  822 862 1012 965 370 354 123 122 139 140 52 39 
New BC onsets:  0
BC status:  4906 94 
BC subtype:  4906 72 22 

clinical_engagement 
diagnosis 
demography 
78 new agents 
7 dtreferralsatt7 smreferralsatt60 
disease_progression 
H-positive risk:  870 824 122 960 352 124 1018 362 143 39 137 49 
H-negative risk:  824 870 1018 960 362 352 124 122 137 143 49 39 
New BC onsets:  0
BC status:  4907 93 
BC subtype:  4907 70 23 

clinical_engagement 
diagnosis 
demography 
60 new agents 
6 dtreferralsatt6 smreferralsatt61 
disease_progression 
H-positive risk:  819 774 110 1008 352 121 1071 361 148 40 144 52 
H-negative risk:  774 819 1071 1008 361 352 121 110 144 148 52 40 
New BC onsets:  0
BC status:  4909 91 
BC subtype:  4909 69 22 

clinical_engagement 
diagnosis 
demography 
124 new agents 
13 dtreferralsatt13 smreferralsatt62 
disease_progression 
H-positive risk:  810 784 112 982 376 126 1044 384 143 45 137 57 
H-negative risk:  784 810 1044 982 384 376 126 112 137 143 57 45 
New BC onsets:  0
BC status:  4906 94 
BC subtype:  4906 73 21 

clinical_engagement 
diagnosis 
demography 
86 new agents 
9 dtreferralsatt9 smreferralsatt63 
disease_progression 
H-positive risk:  814 787 115 985 372 121 1052 374 141 48 135 56 
H-negative risk:  787 814 1052 985 374 372 121 115 135 141 56 48 
New BC onsets:  0
BC status:  4905 95 
BC subtype:  4905 73 22 

clinical_engagement 
diagnosis 
demography 
70 new agents 
9 dtreferralsatt9 smreferralsatt64 
disease_progression 
H-positive risk:  817 782 114 984 374 119 1057 373 141 48 136 55 
H-negative risk:  782 817 1057 984 373 374 119 114 136 141 55 48 
New BC onsets:  0
BC status:  4907 93 
BC subtype:  4907 73 20 

clinical_engagement 
diagnosis 
demography 
64 new agents 
15 dtreferralsatt15 smreferralsatt65 
disease_progression 
H-positive risk:  821 782 113 989 373 116 1061 370 139 48 135 53 
H-negative risk:  782 821 1061 989 370 373 116 113 135 139 53 48 
New BC onsets:  0
BC status:  4907 93 
BC subtype:  4907 73 20 

clinical_engagement 
diagnosis 
demography 
74 new agents 
13 dtreferralsatt13 smreferralsatt66 
disease_progression 
H-positive risk:  833 778 115 993 364 115 1065 361 140 51 135 50 
H-negative risk:  778 833 1065 993 361 364 115 115 135 140 50 51 
New BC onsets:  0
BC status:  4906 94 
BC subtype:  4906 73 21 

clinical_engagement 
diagnosis 
demography 
68 new agents 
14 dtreferralsatt14 smreferralsatt67 
disease_progression 
H-positive risk:  830 783 115 994 368 113 1063 358 137 53 135 51 
H-negative risk:  783 830 1063 994 358 368 113 115 135 137 51 53 
New BC onsets:  0
BC status:  4905 95 
BC subtype:  4905 73 22 

clinical_engagement 
diagnosis 
demography 
81 new agents 
10 dtreferralsatt10 smreferralsatt68 
disease_progression 
H-positive risk:  841 784 115 1001 361 112 1063 346 135 51 137 54 
H-negative risk:  784 841 1063 1001 346 361 112 115 137 135 54 51 
New BC onsets:  0
BC status:  4905 95 
BC subtype:  4905 70 25 

clinical_engagement 
diagnosis 
demography 
54 new agents 
17 dtreferralsatt17 smreferralsatt69 
disease_progression 
H-positive risk:  838 793 118 998 362 112 1057 344 136 50 136 56 
H-negative risk:  793 838 1057 998 344 362 112 118 136 136 56 50 
New BC onsets:  0
BC status:  4906 94 
BC subtype:  4906 68 26 

clinical_engagement 
diagnosis 
demography 
88 new agents 
7 dtreferralsatt7 smreferralsatt70 
disease_progression 
H-positive risk:  833 800 121 991 363 115 1061 338 136 51 137 54 
H-negative risk:  800 833 1061 991 338 363 115 121 137 136 54 51 
New BC onsets:  0
BC status:  4904 96 
BC subtype:  4904 70 26 

clinical_engagement 
diagnosis 
demography 
75 new agents 
14 dtreferralsatt14 smreferralsatt71 
disease_progression 
H-positive risk:  837 808 124 982 361 114 1057 338 136 50 141 52 
H-negative risk:  808 837 1057 982 338 361 114 124 141 136 52 50 
New BC onsets:  0
BC status:  4899 101 
BC subtype:  4899 74 27 

clinical_engagement 
diagnosis 
demography 
71 new agents 
10 dtreferralsatt10 smreferralsatt72 
disease_progression 
H-positive risk:  848 803 123 977 358 116 1063 335 134 50 142 51 
H-negative risk:  803 848 1063 977 335 358 116 123 142 134 51 50 
New BC onsets:  0
BC status:  4901 99 
BC subtype:  4901 73 26 

clinical_engagement 
diagnosis 
demography 
63 new agents 
9 dtreferralsatt9 smreferralsatt73 
disease_progression 
H-positive risk:  803 750 120 1037 357 114 1108 329 136 50 145 51 
H-negative risk:  750 803 1108 1037 329 357 114 120 145 136 51 50 
New BC onsets:  0
BC status:  4900 100 
BC subtype:  4900 74 26 

clinical_engagement 
diagnosis 
demography 
124 new agents 
11 dtreferralsatt11 smreferralsatt74 
disease_progression 
H-positive risk:  806 764 121 1014 374 113 1092 344 128 54 143 47 
H-negative risk:  764 806 1092 1014 344 374 113 121 143 128 47 54 
New BC onsets:  0
BC status:  4903 97 
BC subtype:  4903 72 25 

clinical_engagement 
diagnosis 
demography 
83 new agents 
11 dtreferralsatt11 smreferralsatt75 
disease_progression 
H-positive risk:  809 773 120 1005 374 115 1090 342 127 53 145 47 
H-negative risk:  773 809 1090 1005 342 374 115 120 145 127 47 53 
New BC onsets:  0
BC status:  4902 98 
BC subtype:  4902 73 25 

clinical_engagement 
diagnosis 
demography 
61 new agents 
13 dtreferralsatt13 smreferralsatt76 
disease_progression 
H-positive risk:  809 773 120 1008 378 113 1091 340 126 51 146 45 
H-negative risk:  773 809 1091 1008 340 378 113 120 146 126 45 51 
New BC onsets:  0
BC status:  4902 98 
BC subtype:  4902 72 26 

clinical_engagement 
diagnosis 
demography 
60 new agents 
9 dtreferralsatt9 smreferralsatt77 
disease_progression 
H-positive risk:  812 775 124 1005 380 113 1088 340 124 48 146 45 
H-negative risk:  775 812 1088 1005 340 380 113 124 146 124 45 48 
New BC onsets:  0
BC status:  4904 96 
BC subtype:  4904 71 25 

clinical_engagement 
diagnosis 
demography 
69 new agents 
11 dtreferralsatt11 smreferralsatt78 
disease_progression 
H-positive risk:  814 775 125 1010 375 111 1087 339 127 48 144 45 
H-negative risk:  775 814 1087 1010 339 375 111 125 144 127 45 48 
New BC onsets:  0
BC status:  4904 96 
BC subtype:  4904 71 25 

clinical_engagement 
diagnosis 
demography 
64 new agents 
13 dtreferralsatt13 smreferralsatt79 
disease_progression 
H-positive risk:  816 779 127 1011 377 109 1073 348 129 46 140 45 
H-negative risk:  779 816 1073 1011 348 377 109 127 140 129 45 46 
New BC onsets:  0
BC status:  4905 95 
BC subtype:  4905 70 25 

clinical_engagement 
diagnosis 
demography 
66 new agents 
13 dtreferralsatt13 smreferralsatt80 
disease_progression 
H-positive risk:  816 779 127 1004 370 108 1086 351 126 46 138 49 
H-negative risk:  779 816 1086 1004 351 370 108 127 138 126 49 46 
New BC onsets:  0
BC status:  4903 97 
BC subtype:  4903 70 27 

clinical_engagement 
diagnosis 
demography 
79 new agents 
9 dtreferralsatt9 smreferralsatt81 
disease_progression 
H-positive risk:  826 775 128 1004 365 111 1082 353 123 45 138 50 
H-negative risk:  775 826 1082 1004 353 365 111 128 138 123 50 45 
New BC onsets:  0
BC status:  4904 96 
BC subtype:  4904 68 28 

clinical_engagement 
diagnosis 
demography 
62 new agents 
9 dtreferralsatt9 smreferralsatt82 
disease_progression 
H-positive risk:  832 775 129 1002 367 108 1079 352 125 46 138 47 
H-negative risk:  775 832 1079 1002 352 367 108 129 138 125 47 46 
New BC onsets:  0
BC status:  4902 98 
BC subtype:  4902 68 30 

clinical_engagement 
diagnosis 
demography 
49 new agents 
12 dtreferralsatt12 smreferralsatt83 
disease_progression 
H-positive risk:  831 782 127 1001 370 108 1066 353 125 47 139 51 
H-negative risk:  782 831 1066 1001 353 370 108 127 139 125 51 47 
New BC onsets:  0
BC status:  4896 104 
BC subtype:  4896 73 31 

clinical_engagement 
diagnosis 
demography 
74 new agents 
15 dtreferralsatt15 smreferralsatt84 
disease_progression 
H-positive risk:  832 784 129 1000 374 108 1065 348 124 50 135 51 
H-negative risk:  784 832 1065 1000 348 374 108 129 135 124 51 50 
New BC onsets:  0
BC status:  4897 103 
BC subtype:  4897 73 30 

clinical_engagement 
diagnosis 
demography 
69 new agents 
12 dtreferralsatt12 smreferralsatt85 
disease_progression 
H-positive risk:  798 749 122 1035 373 99 1110 346 128 51 138 51 
H-negative risk:  749 798 1110 1035 346 373 99 122 138 128 51 51 
New BC onsets:  0
BC status:  4898 102 
BC subtype:  4898 72 30 

clinical_engagement 
diagnosis 
demography 
104 new agents 
15 dtreferralsatt15 smreferralsatt86 
disease_progression 
H-positive risk:  799 751 121 1027 377 100 1083 376 124 52 137 53 
H-negative risk:  751 799 1083 1027 376 377 100 121 137 124 53 52 
New BC onsets:  0
BC status:  4899 101 
BC subtype:  4899 69 32 

clinical_engagement 
diagnosis 
demography 
77 new agents 
12 dtreferralsatt12 smreferralsatt87 
disease_progression 
H-positive risk:  800 752 122 1027 378 100 1072 380 124 52 140 53 
H-negative risk:  752 800 1072 1027 380 378 100 122 140 124 53 52 
New BC onsets:  0
BC status:  4898 102 
BC subtype:  4898 70 32 

clinical_engagement 
diagnosis 
demography 
63 new agents 
13 dtreferralsatt13 smreferralsatt88 
disease_progression 
H-positive risk:  802 757 120 1030 371 100 1067 378 124 53 143 55 
H-negative risk:  757 802 1067 1030 378 371 100 120 143 124 55 53 
New BC onsets:  0
BC status:  4898 102 
BC subtype:  4898 70 32 

clinical_engagement 
diagnosis 
demography 
65 new agents 
11 dtreferralsatt11 smreferralsatt89 
disease_progression 
H-positive risk:  808 758 120 1023 371 98 1067 377 124 55 140 59 
H-negative risk:  758 808 1067 1023 377 371 98 120 140 124 59 55 
New BC onsets:  0
BC status:  4897 103 
BC subtype:  4897 71 32 

clinical_engagement 
diagnosis 
demography 
81 new agents 
17 dtreferralsatt17 smreferralsatt90 
disease_progression 
H-positive risk:  804 764 124 1028 368 97 1060 374 123 54 144 60 
H-negative risk:  764 804 1060 1028 374 368 97 124 144 123 60 54 
New BC onsets:  0
BC status:  4895 105 
BC subtype:  4895 70 35 

clinical_engagement 
diagnosis 
demography 
75 new agents 
13 dtreferralsatt13 smreferralsatt91 
disease_progression 
H-positive risk:  799 758 123 1034 371 97 1067 373 124 52 145 57 
H-negative risk:  758 799 1067 1034 373 371 97 123 145 124 57 52 
New BC onsets:  0
BC status:  4900 100 
BC subtype:  4900 66 34 

clinical_engagement 
diagnosis 
demography 
70 new agents 
6 dtreferralsatt6 smreferralsatt92 
disease_progression 
H-positive risk:  805 755 123 1033 370 98 1071 368 123 54 143 57 
H-negative risk:  755 805 1071 1033 368 370 98 123 143 123 57 54 
New BC onsets:  0
BC status:  4899 101 
BC subtype:  4899 68 33 

clinical_engagement 
diagnosis 
demography 
70 new agents 
12 dtreferralsatt12 smreferralsatt93 
disease_progression 
H-positive risk:  800 760 123 1030 367 99 1084 358 122 57 145 55 
H-negative risk:  760 800 1084 1030 358 367 99 123 145 122 55 57 
New BC onsets:  0
BC status:  4898 102 
BC subtype:  4898 70 32 

clinical_engagement 
diagnosis 
demography 
81 new agents 
7 dtreferralsatt7 smreferralsatt94 
disease_progression 
H-positive risk:  808 767 124 1025 364 102 1071 360 120 58 147 54 
H-negative risk:  767 808 1071 1025 360 364 102 124 147 120 54 58 
New BC onsets:  0
BC status:  4899 101 
BC subtype:  4899 69 32 

clinical_engagement 
diagnosis 
demography 
62 new agents 
10 dtreferralsatt10 smreferralsatt95 
disease_progression 
H-positive risk:  807 773 124 1021 370 103 1060 358 122 59 150 53 
H-negative risk:  773 807 1060 1021 358 370 103 124 150 122 53 59 
New BC onsets:  0
BC status:  4897 103 
BC subtype:  4897 70 33 

clinical_engagement 
diagnosis 
demography 
57 new agents 
12 dtreferralsatt12 smreferralsatt96 
disease_progression 
H-positive risk:  806 775 123 1021 367 104 1060 357 123 60 152 52 
H-negative risk:  775 806 1060 1021 357 367 104 123 152 123 52 60 
New BC onsets:  0
BC status:  4900 100 
BC subtype:  4900 69 31 

clinical_engagement 
diagnosis 
demography 
65 new agents 
12 dtreferralsatt12 smreferralsatt97 
disease_progression 
H-positive risk:  753 734 113 1072 364 93 1115 354 130 61 161 50 
H-negative risk:  734 753 1115 1072 354 364 93 113 161 130 50 61 
New BC onsets:  0
BC status:  4899 101 
BC subtype:  4899 70 31 

clinical_engagement 
diagnosis 
demography 
102 new agents 
14 dtreferralsatt14 smreferralsatt98 
disease_progression 
H-positive risk:  756 734 115 1063 376 90 1098 368 130 60 159 51 
H-negative risk:  734 756 1098 1063 368 376 90 115 159 130 51 60 
New BC onsets:  0
BC status:  4900 100 
BC subtype:  4900 69 31 

clinical_engagement 
diagnosis 
demography 
85 new agents 
11 dtreferralsatt11 smreferralsatt99 
disease_progression 
H-positive risk:  761 742 114 1053 379 93 1097 361 129 62 157 52 
H-negative risk:  742 761 1097 1053 361 379 93 114 157 129 52 62 
New BC onsets:  0
BC status:  4900 100 
BC subtype:  4900 72 28 

clinical_engagement 
diagnosis 
demography 
83 new agents 
8 dtreferralsatt8 smreferralsatt100 
disease_progression 
H-positive risk:  763 748 114 1059 370 91 1095 363 129 63 154 51 
H-negative risk:  748 763 1095 1059 363 370 91 114 154 129 51 63 
New BC onsets:  0
BC status:  4899 101 
BC subtype:  4899 73 28 

clinical_engagement 
diagnosis 
demography 
62 new agents 
14 dtreferralsatt14 smreferralsatt101 
disease_progression 
H-positive risk:  764 755 113 1054 375 91 1088 362 131 62 155 50 
H-negative risk:  755 764 1088 1054 362 375 91 113 155 131 50 62 
New BC onsets:  0
BC status:  4899 101 
BC subtype:  4899 73 28 

clinical_engagement 
diagnosis 
demography 
66 new agents 
7 dtreferralsatt7 smreferralsatt102 
disease_progression 
H-positive risk:  766 756 117 1054 371 91 1088 355 133 62 156 51 
H-negative risk:  756 766 1088 1054 355 371 91 117 156 133 51 62 
New BC onsets:  0
BC status:  4898 102 
BC subtype:  4898 74 28 

clinical_engagement 
diagnosis 
demography 
66 new agents 
20 dtreferralsatt20 smreferralsatt103 
disease_progression 
H-positive risk:  771 753 118 1046 376 95 1092 349 135 61 155 49 
H-negative risk:  753 771 1092 1046 349 376 95 118 155 135 49 61 
New BC onsets:  0
BC status:  4893 107 
BC subtype:  4893 79 28 

clinical_engagement 
diagnosis 
demography 
68 new agents 
11 dtreferralsatt11 smreferralsatt104 
disease_progression 
H-positive risk:  768 759 118 1046 380 94 1084 353 135 61 154 48 
H-negative risk:  759 768 1084 1046 353 380 94 118 154 135 48 61 
New BC onsets:  0
BC status:  4895 105 
BC subtype:  4895 78 27 

clinical_engagement 
diagnosis 
demography 
72 new agents 
8 dtreferralsatt8 smreferralsatt105 
disease_progression 
H-positive risk:  772 768 119 1044 373 93 1086 349 134 61 152 49 
H-negative risk:  768 772 1086 1044 349 373 93 119 152 134 49 61 
New BC onsets:  0
BC status:  4897 103 
BC subtype:  4897 76 27 

clinical_engagement 
diagnosis 
demography 
57 new agents 
12 dtreferralsatt12 smreferralsatt106 
disease_progression 
H-positive risk:  757 768 122 1054 367 94 1091 356 134 59 149 49 
H-negative risk:  768 757 1091 1054 356 367 94 122 149 134 49 59 
New BC onsets:  0
BC status:  4898 102 
BC subtype:  4898 75 27 

clinical_engagement 
diagnosis 
demography 
80 new agents 
9 dtreferralsatt9 smreferralsatt107 
disease_progression 
H-positive risk:  761 761 121 1057 368 98 1092 350 132 62 149 49 
H-negative risk:  761 761 1092 1057 350 368 98 121 149 132 49 62 
New BC onsets:  0
BC status:  4900 100 
BC subtype:  4900 74 26 

clinical_engagement 
diagnosis 
demography 
70 new agents 
12 dtreferralsatt12 smreferralsatt108 
disease_progression 
H-positive risk:  758 760 120 1062 366 97 1093 354 132 62 148 48 
H-negative risk:  760 758 1093 1062 354 366 97 120 148 132 48 62 
New BC onsets:  0
BC status:  4901 99 
BC subtype:  4901 75 24 

clinical_engagement 
diagnosis 
demography 
73 new agents 
8 dtreferralsatt8 smreferralsatt109 
disease_progression 
H-positive risk:  706 736 110 1091 367 95 1146 346 135 63 157 48 
H-negative risk:  736 706 1146 1091 346 367 95 110 157 135 48 63 
New BC onsets:  0
BC status:  4901 99 
BC subtype:  4901 75 24 

clinical_engagement 
diagnosis 
demography 
86 new agents 
12 dtreferralsatt12 smreferralsatt110 
disease_progression 
H-positive risk:  691 738 109 1078 378 94 1131 373 137 68 158 45 
H-negative risk:  738 691 1131 1078 373 378 94 109 158 137 45 68 
New BC onsets:  0
BC status:  4900 100 
BC subtype:  4900 76 24 

clinical_engagement 
diagnosis 
demography 
65 new agents 
10 dtreferralsatt10 smreferralsatt111 
disease_progression 
H-positive risk:  701 737 106 1068 385 94 1129 376 135 65 158 46 
H-negative risk:  737 701 1129 1068 376 385 94 106 158 135 46 65 
New BC onsets:  0
BC status:  4897 103 
BC subtype:  4897 79 24 

clinical_engagement 
diagnosis 
demography 
75 new agents 
6 dtreferralsatt6 smreferralsatt112 
disease_progression 
H-positive risk:  708 730 105 1083 382 92 1117 377 132 67 159 48 
H-negative risk:  730 708 1117 1083 377 382 92 105 159 132 48 67 
New BC onsets:  0
BC status:  4893 107 
BC subtype:  4893 85 22 

clinical_engagement 
diagnosis 
demography 
64 new agents 
8 dtreferralsatt8 smreferralsatt113 
disease_progression 
H-positive risk:  706 733 104 1083 382 93 1122 376 132 66 157 46 
H-negative risk:  733 706 1122 1083 376 382 93 104 157 132 46 66 
New BC onsets:  0
BC status:  4892 108 
BC subtype:  4892 86 22 

clinical_engagement 
diagnosis 
demography 
77 new agents 
15 dtreferralsatt15 smreferralsatt114 
disease_progression 
H-positive risk:  710 736 104 1086 382 96 1117 372 128 64 160 45 
H-negative risk:  736 710 1117 1086 372 382 96 104 160 128 45 64 
New BC onsets:  0
BC status:  4890 110 
BC subtype:  4890 89 21 

clinical_engagement 
diagnosis 
demography 
72 new agents 
15 dtreferralsatt15 smreferralsatt115 
disease_progression 
H-positive risk:  719 731 103 1086 381 97 1113 370 129 63 162 46 
H-negative risk:  731 719 1113 1086 370 381 97 103 162 129 46 63 
New BC onsets:  0
BC status:  4891 109 
BC subtype:  4891 86 23 

clinical_engagement 
diagnosis 
demography 
74 new agents 
12 dtreferralsatt12 smreferralsatt116 
disease_progression 
H-positive risk:  715 728 104 1100 369 97 1109 376 130 64 160 48 
H-negative risk:  728 715 1109 1100 376 369 97 104 160 130 48 64 
New BC onsets:  0
BC status:  4891 109 
BC subtype:  4891 88 21 

clinical_engagement 
diagnosis 
demography 
75 new agents 
10 dtreferralsatt10 smreferralsatt117 
disease_progression 
H-positive risk:  720 728 107 1083 370 98 1110 381 134 64 158 47 
H-negative risk:  728 720 1110 1083 381 370 98 107 158 134 47 64 
New BC onsets:  0
BC status:  4889 111 
BC subtype:  4889 90 21 

clinical_engagement 
diagnosis 
demography 
99 new agents 
14 dtreferralsatt14 smreferralsatt118 
disease_progression 
H-positive risk:  726 728 105 1083 373 96 1105 376 137 66 159 46 
H-negative risk:  728 726 1105 1083 376 373 96 105 159 137 46 66 
New BC onsets:  0
BC status:  4892 108 
BC subtype:  4892 85 23 

clinical_engagement 
diagnosis 
demography 
72 new agents 
16 dtreferralsatt16 smreferralsatt119 
disease_progression 
H-positive risk:  729 737 102 1083 371 92 1095 379 139 65 162 46 
H-negative risk:  737 729 1095 1083 379 371 92 102 162 139 46 65 
New BC onsets:  0
BC status:  4891 109 
BC subtype:  4891 86 23 

clinical_engagement 
diagnosis 
demography 
63 new agents 
15 dtreferralsatt15 smreferralsatt120 
disease_progression 
H-positive risk:  728 732 103 1090 364 92 1099 381 140 64 163 44 
H-negative risk:  732 728 1099 1090 381 364 92 103 163 140 44 64 
New BC onsets:  0
BC status:  4891 109 
BC subtype:  4891 86 23 

clinical_engagement 
diagnosis 
demography 
76 new agents 
8 dtreferralsatt8 smreferralsatt121 
disease_progression 
H-positive risk:  690 692 97 1123 360 88 1136 388 149 66 168 43 
H-negative risk:  692 690 1136 1123 388 360 88 97 168 149 43 66 
New BC onsets:  0
BC status:  4889 111 
BC subtype:  4889 88 23 

clinical_engagement 
diagnosis 
demography 
97 new agents 
9 dtreferralsatt9 smreferralsatt122 
disease_progression 
H-positive risk:  695 688 95 1122 360 87 1130 397 147 69 167 43 
H-negative risk:  688 695 1130 1122 397 360 87 95 167 147 43 69 
New BC onsets:  0
BC status:  4885 115 
BC subtype:  4885 88 27 

clinical_engagement 
diagnosis 
demography 
80 new agents 
19 dtreferralsatt19 smreferralsatt123 
disease_progression 
H-positive risk:  688 690 94 1120 359 92 1128 404 148 66 168 43 
H-negative risk:  690 688 1128 1120 404 359 92 94 168 148 43 66 
New BC onsets:  0
BC status:  4891 109 
BC subtype:  4891 86 23 

clinical_engagement 
diagnosis 
demography 
66 new agents 
10 dtreferralsatt10 smreferralsatt124 
disease_progression 
H-positive risk:  679 698 93 1114 363 93 1131 405 149 63 171 41 
H-negative risk:  698 679 1131 1114 405 363 93 93 171 149 41 63 
New BC onsets:  0
BC status:  4892 108 
BC subtype:  4892 85 23 

clinical_engagement 
diagnosis 
demography 
60 new agents 
12 dtreferralsatt12 smreferralsatt125 
disease_progression 
H-positive risk:  674 696 92 1119 360 93 1140 404 149 62 170 41 
H-negative risk:  696 674 1140 1119 404 360 93 92 170 149 41 62 
New BC onsets:  0
BC status:  4893 107 
BC subtype:  4893 85 22 

clinical_engagement 
diagnosis 
demography 
68 new agents 
13 dtreferralsatt13 smreferralsatt126 
disease_progression 
H-positive risk:  669 706 91 1118 360 91 1138 405 148 60 171 43 
H-negative risk:  706 669 1138 1118 405 360 91 91 171 148 43 60 
New BC onsets:  0
BC status:  4894 106 
BC subtype:  4894 85 21 

clinical_engagement 
diagnosis 
demography 
64 new agents 
8 dtreferralsatt8 smreferralsatt127 
disease_progression 
H-positive risk:  672 706 92 1112 369 90 1134 401 147 63 170 44 
H-negative risk:  706 672 1134 1112 401 369 90 92 170 147 44 63 
New BC onsets:  0
BC status:  4895 105 
BC subtype:  4895 84 21 

clinical_engagement 
diagnosis 
demography 
59 new agents 
18 dtreferralsatt18 smreferralsatt128 
disease_progression 
H-positive risk:  674 707 91 1113 370 93 1128 397 148 65 170 44 
H-negative risk:  707 674 1128 1113 397 370 93 91 170 148 44 65 
New BC onsets:  0
BC status:  4894 106 
BC subtype:  4894 84 22 

clinical_engagement 
diagnosis 
demography 
64 new agents 
15 dtreferralsatt15 smreferralsatt129 
disease_progression 
H-positive risk:  673 701 89 1117 370 90 1142 390 148 66 167 47 
H-negative risk:  701 673 1142 1117 390 370 90 89 167 148 47 66 
New BC onsets:  0
BC status:  4895 105 
BC subtype:  4895 84 21 

clinical_engagement 
diagnosis 
demography 
61 new agents 
9 dtreferralsatt9 smreferralsatt130 
disease_progression 
H-positive risk:  670 697 89 1113 373 87 1150 391 152 66 167 45 
H-negative risk:  697 670 1150 1113 391 373 87 89 167 152 45 66 
New BC onsets:  0
BC status:  4896 104 
BC subtype:  4896 83 21 

clinical_engagement 
diagnosis 
demography 
78 new agents 
13 dtreferralsatt13 smreferralsatt131 
disease_progression 
H-positive risk:  667 694 90 1111 382 88 1152 392 154 63 162 45 
H-negative risk:  694 667 1152 1111 392 382 88 90 162 154 45 63 
New BC onsets:  0
BC status:  4896 104 
BC subtype:  4896 81 23 

clinical_engagement 
diagnosis 
demography 
74 new agents 
5 dtreferralsatt5 smreferralsatt132 
disease_progression 
H-positive risk:  669 692 92 1117 379 89 1153 393 149 64 159 44 
H-negative risk:  692 669 1153 1117 393 379 89 92 159 149 44 64 
New BC onsets:  0
BC status:  4898 102 
BC subtype:  4898 79 23 

clinical_engagement 
diagnosis 
demography 
63 new agents 
6 dtreferralsatt6 smreferralsatt133 
disease_progression 
H-positive risk:  667 687 94 1117 380 87 1152 400 152 62 159 43 
H-negative risk:  687 667 1152 1117 400 380 87 94 159 152 43 62 
New BC onsets:  0
BC status:  4896 104 
BC subtype:  4896 81 23 

clinical_engagement 
diagnosis 
demography 
84 new agents 
10 dtreferralsatt10 smreferralsatt134 
disease_progression 
H-positive risk:  663 685 91 1107 390 87 1151 408 152 59 162 45 
H-negative risk:  685 663 1151 1107 408 390 87 91 162 152 45 59 
New BC onsets:  0
BC status:  4897 103 
BC subtype:  4897 79 24 

clinical_engagement 
diagnosis 
demography 
96 new agents 
9 dtreferralsatt9 smreferralsatt135 
disease_progression 
H-positive risk:  664 699 93 1108 392 86 1141 402 155 56 162 42 
H-negative risk:  699 664 1141 1108 402 392 86 93 162 155 42 56 
New BC onsets:  0
BC status:  4899 101 
BC subtype:  4899 77 24 

clinical_engagement 
diagnosis 
demography 
68 new agents 
4 dtreferralsatt4 smreferralsatt136 
disease_progression 
H-positive risk:  658 697 92 1108 394 86 1141 406 157 57 160 44 
H-negative risk:  697 658 1141 1108 406 394 86 92 160 157 44 57 
New BC onsets:  0
BC status:  4898 102 
BC subtype:  4898 77 25 

clinical_engagement 
diagnosis 
demography 
55 new agents 
9 dtreferralsatt9 smreferralsatt137 
disease_progression 
H-positive risk:  657 694 92 1105 395 88 1136 412 156 57 162 46 
H-negative risk:  694 657 1136 1105 412 395 88 92 162 156 46 57 
New BC onsets:  0
BC status:  4898 102 
BC subtype:  4898 77 25 

clinical_engagement 
diagnosis 
demography 
69 new agents 
12 dtreferralsatt12 smreferralsatt138 
disease_progression 
H-positive risk:  664 699 93 1099 394 87 1136 411 155 56 160 46 
H-negative risk:  699 664 1136 1099 411 394 87 93 160 155 46 56 
New BC onsets:  0
BC status:  4898 102 
BC subtype:  4898 77 25 

clinical_engagement 
diagnosis 
demography 
90 new agents 
12 dtreferralsatt12 smreferralsatt139 
disease_progression 
H-positive risk:  669 699 93 1106 385 92 1134 407 155 55 160 45 
H-negative risk:  699 669 1134 1106 407 385 92 93 160 155 45 55 
New BC onsets:  0
BC status:  4895 105 
BC subtype:  4895 80 25 

clinical_engagement 
diagnosis 
demography 
78 new agents 
6 dtreferralsatt6 smreferralsatt140 
disease_progression 
H-positive risk:  670 688 95 1112 386 91 1131 411 156 54 160 46 
H-negative risk:  688 670 1131 1112 411 386 91 95 160 156 46 54 
New BC onsets:  0
BC status:  4901 99 
BC subtype:  4901 76 23 

clinical_engagement 
diagnosis 
demography 
58 new agents 
12 dtreferralsatt12 smreferralsatt141 
disease_progression 
H-positive risk:  670 679 93 1108 392 89 1140 407 158 56 162 46 
H-negative risk:  679 670 1140 1108 407 392 89 93 162 158 46 56 
New BC onsets:  0
BC status:  4902 98 
BC subtype:  4902 76 22 

clinical_engagement 
diagnosis 
demography 
72 new agents 
5 dtreferralsatt5 smreferralsatt142 
disease_progression 
H-positive risk:  662 680 92 1109 390 92 1145 407 157 54 166 46 
H-negative risk:  680 662 1145 1109 407 390 92 92 166 157 46 54 
New BC onsets:  0
BC status:  4903 97 
BC subtype:  4903 75 22 

clinical_engagement 
diagnosis 
demography 
75 new agents 
11 dtreferralsatt11 smreferralsatt143 
disease_progression 
H-positive risk:  668 681 92 1100 401 95 1142 404 157 54 159 47 
H-negative risk:  681 668 1142 1100 404 401 95 92 159 157 47 54 
New BC onsets:  0
BC status:  4905 95 
BC subtype:  4905 71 24 

clinical_engagement 
diagnosis 
demography 
75 new agents 
16 dtreferralsatt16 smreferralsatt144 
disease_progression 
H-positive risk:  670 681 89 1101 398 98 1141 405 157 54 160 46 
H-negative risk:  681 670 1141 1101 405 398 98 89 160 157 46 54 
New BC onsets:  0
BC status:  4902 98 
BC subtype:  4902 74 24 

clinical_engagement 
diagnosis 
demography 
77 new agents 
3 dtreferralsatt3 smreferralsatt145 
disease_progression 
H-positive risk:  663 689 87 1101 402 98 1137 408 156 52 161 46 
H-negative risk:  689 663 1137 1101 408 402 98 87 161 156 46 52 
New BC onsets:  0
BC status:  4902 98 
BC subtype:  4902 74 24 

clinical_engagement 
diagnosis 
demography 
94 new agents 
11 dtreferralsatt11 smreferralsatt146 
disease_progression 
H-positive risk:  664 685 87 1096 409 99 1120 419 154 59 159 49 
H-negative risk:  685 664 1120 1096 419 409 99 87 159 154 49 59 
New BC onsets:  0
BC status:  4903 97 
BC subtype:  4903 72 25 

clinical_engagement 
diagnosis 
demography 
80 new agents 
9 dtreferralsatt9 smreferralsatt147 
disease_progression 
H-positive risk:  668 678 88 1103 407 96 1113 426 154 59 159 49 
H-negative risk:  678 668 1113 1103 426 407 96 88 159 154 49 59 
New BC onsets:  0
BC status:  4901 99 
BC subtype:  4901 74 25 

clinical_engagement 
diagnosis 
demography 
64 new agents 
8 dtreferralsatt8 smreferralsatt148 
disease_progression 
H-positive risk:  679 674 89 1111 406 99 1098 425 154 58 161 46 
H-negative risk:  674 679 1098 1111 425 406 99 89 161 154 46 58 
New BC onsets:  0
BC status:  4902 98 
BC subtype:  4902 73 25 

clinical_engagement 
diagnosis 
demography 
68 new agents 
13 dtreferralsatt13 smreferralsatt149 
disease_progression 
H-positive risk:  680 678 88 1121 401 100 1096 424 151 54 161 46 
H-negative risk:  678 680 1096 1121 424 401 100 88 161 151 46 54 
New BC onsets:  0
BC status:  4895 105 
BC subtype:  4895 80 25 

clinical_engagement 
diagnosis 
demography 
70 new agents 
9 dtreferralsatt9 smreferralsatt150 
disease_progression 
H-positive risk:  684 683 87 1119 397 102 1089 426 150 54 160 49 
H-negative risk:  683 684 1089 1119 426 397 102 87 160 150 49 54 
New BC onsets:  0
BC status:  4895 105 
BC subtype:  4895 81 24 

clinical_engagement 
diagnosis 
demography 
64 new agents 
9 dtreferralsatt9 smreferralsatt151 
disease_progression 
H-positive risk:  679 688 87 1114 400 104 1093 417 152 56 161 49 
H-negative risk:  688 679 1093 1114 417 400 104 87 161 152 49 56 
New BC onsets:  0
BC status:  4892 108 
BC subtype:  4892 84 24 

clinical_engagement 
diagnosis 
demography 
61 new agents 
8 dtreferralsatt8 smreferralsatt152 
disease_progression 
H-positive risk:  679 684 87 1120 409 107 1083 416 149 57 160 49 
H-negative risk:  684 679 1083 1120 416 409 107 87 160 149 49 57 
New BC onsets:  0
BC status:  4888 112 
BC subtype:  4888 86 26 

clinical_engagement 
diagnosis 
demography 
79 new agents 
10 dtreferralsatt10 smreferralsatt153 
disease_progression 
H-positive risk:  675 683 83 1117 416 107 1089 414 147 57 163 49 
H-negative risk:  683 675 1089 1117 414 416 107 83 163 147 49 57 
New BC onsets:  0
BC status:  4889 111 
BC subtype:  4889 85 26 

clinical_engagement 
diagnosis 
demography 
67 new agents 
13 dtreferralsatt13 smreferralsatt154 
disease_progression 
H-positive risk:  674 686 84 1108 414 105 1094 417 151 56 160 51 
H-negative risk:  686 674 1094 1108 417 414 105 84 160 151 51 56 
New BC onsets:  0
BC status:  4888 112 
BC subtype:  4888 88 24 

clinical_engagement 
diagnosis 
demography 
93 new agents 
8 dtreferralsatt8 smreferralsatt155 
disease_progression 
H-positive risk:  670 683 83 1114 410 105 1100 415 149 59 159 53 
H-negative risk:  683 670 1100 1114 415 410 105 83 159 149 53 59 
New BC onsets:  0
BC status:  4891 109 
BC subtype:  4891 87 22 

clinical_engagement 
diagnosis 
demography 
72 new agents 
13 dtreferralsatt13 smreferralsatt156 
disease_progression 
H-positive risk:  677 679 84 1123 405 105 1101 410 149 57 155 55 
H-negative risk:  679 677 1101 1123 410 405 105 84 155 149 55 57 
New BC onsets:  0
BC status:  4888 112 
BC subtype:  4888 89 23 

clinical_engagement 
diagnosis 
demography 
59 new agents 
11 dtreferralsatt11 smreferralsatt157 
disease_progression 
H-positive risk:  668 682 85 1120 406 105 1104 411 147 59 159 54 
H-negative risk:  682 668 1104 1120 411 406 105 85 159 147 54 59 
New BC onsets:  0
BC status:  4889 111 
BC subtype:  4889 88 23 

clinical_engagement 
diagnosis 
demography 
87 new agents 
7 dtreferralsatt7 smreferralsatt158 
disease_progression 
H-positive risk:  674 667 85 1127 411 107 1084 428 146 56 157 58 
H-negative risk:  667 674 1084 1127 428 411 107 85 157 146 58 56 
New BC onsets:  0
BC status:  4886 114 
BC subtype:  4886 91 23 

clinical_engagement 
diagnosis 
demography 
91 new agents 
6 dtreferralsatt6 smreferralsatt159 
disease_progression 
H-positive risk:  679 670 85 1126 403 108 1080 430 145 58 161 55 
H-negative risk:  670 679 1080 1126 430 403 108 85 161 145 55 58 
New BC onsets:  0
BC status:  4888 112 
BC subtype:  4888 88 24 

clinical_engagement 
diagnosis 
demography 
82 new agents 
16 dtreferralsatt16 smreferralsatt160 
disease_progression 
H-positive risk:  677 668 87 1134 405 110 1070 430 145 56 165 53 
H-negative risk:  668 677 1070 1134 430 405 110 87 165 145 53 56 
New BC onsets:  0
BC status:  4889 111 
BC subtype:  4889 87 24 

clinical_engagement 
diagnosis 
demography 
84 new agents 
15 dtreferralsatt15 smreferralsatt161 
disease_progression 
H-positive risk:  689 677 90 1125 393 108 1070 425 147 57 166 53 
H-negative risk:  677 689 1070 1125 425 393 108 90 166 147 53 57 
New BC onsets:  0
BC status:  4891 109 
BC subtype:  4891 84 25 

clinical_engagement 
diagnosis 
demography 
81 new agents 
9 dtreferralsatt9 smreferralsatt162 
disease_progression 
H-positive risk:  693 672 89 1129 388 109 1059 429 150 58 169 55 
H-negative risk:  672 693 1059 1129 429 388 109 89 169 150 55 58 
New BC onsets:  0
BC status:  4890 110 
BC subtype:  4890 84 26 

clinical_engagement 
diagnosis 
demography 
74 new agents 
12 dtreferralsatt12 smreferralsatt163 
disease_progression 
H-positive risk:  697 669 88 1137 393 105 1054 429 148 58 168 54 
H-negative risk:  669 697 1054 1137 429 393 105 88 168 148 54 58 
New BC onsets:  0
BC status:  4886 114 
BC subtype:  4886 88 26 

clinical_engagement 
diagnosis 
demography 
76 new agents 
8 dtreferralsatt8 smreferralsatt164 
disease_progression 
H-positive risk:  700 672 86 1128 397 104 1060 429 151 57 167 49 
H-negative risk:  672 700 1060 1128 429 397 104 86 167 151 49 57 
New BC onsets:  0
BC status:  4885 115 
BC subtype:  4885 88 27 

clinical_engagement 
diagnosis 
demography 
78 new agents 
10 dtreferralsatt10 smreferralsatt165 
disease_progression 
H-positive risk:  700 673 84 1133 394 104 1057 430 151 56 169 49 
H-negative risk:  673 700 1057 1133 430 394 104 84 169 151 49 56 
New BC onsets:  0
BC status:  4886 114 
BC subtype:  4886 87 27 

clinical_engagement 
diagnosis 
demography 
73 new agents 
14 dtreferralsatt14 smreferralsatt166 
disease_progression 
H-positive risk:  691 679 84 1130 387 108 1061 431 153 57 172 47 
H-negative risk:  679 691 1061 1130 431 387 108 84 172 153 47 57 
New BC onsets:  0
BC status:  4884 116 
BC subtype:  4884 89 27 

clinical_engagement 
diagnosis 
demography 
70 new agents 
17 dtreferralsatt17 smreferralsatt167 
disease_progression 
H-positive risk:  692 672 85 1128 386 104 1072 426 158 56 174 47 
H-negative risk:  672 692 1072 1128 426 386 104 85 174 158 47 56 
New BC onsets:  0
BC status:  4884 116 
BC subtype:  4884 89 27 

clinical_engagement 
diagnosis 
demography 
55 new agents 
16 dtreferralsatt16 smreferralsatt168 
disease_progression 
H-positive risk:  684 664 86 1129 388 104 1076 435 155 56 174 49 
H-negative risk:  664 684 1076 1129 435 388 104 86 174 155 49 56 
New BC onsets:  0
BC status:  4882 118 
BC subtype:  4882 91 27 

clinical_engagement 
diagnosis 
demography 
87 new agents 
10 dtreferralsatt10 smreferralsatt169 
disease_progression 
H-positive risk:  691 662 84 1131 387 103 1081 427 157 55 173 49 
H-negative risk:  662 691 1081 1131 427 387 103 84 173 157 49 55 
New BC onsets:  0
BC status:  4886 114 
BC subtype:  4886 89 25 

clinical_engagement 
diagnosis 
demography 
90 new agents 
5 dtreferralsatt5 smreferralsatt170 
disease_progression 
H-positive risk:  696 666 85 1125 394 100 1073 433 158 50 170 50 
H-negative risk:  666 696 1073 1125 433 394 100 85 170 158 50 50 
New BC onsets:  0
BC status:  4884 116 
BC subtype:  4884 91 25 

clinical_engagement 
diagnosis 
demography 
89 new agents 
11 dtreferralsatt11 smreferralsatt171 
disease_progression 
H-positive risk:  693 666 86 1128 390 102 1083 432 159 48 168 45 
H-negative risk:  666 693 1083 1128 432 390 102 86 168 159 45 48 
New BC onsets:  0
BC status:  4883 117 
BC subtype:  4883 92 25 

clinical_engagement 
diagnosis 
demography 
79 new agents 
7 dtreferralsatt7 smreferralsatt172 
disease_progression 
H-positive risk:  691 668 84 1135 392 101 1084 428 159 46 168 44 
H-negative risk:  668 691 1084 1135 428 392 101 84 168 159 44 46 
New BC onsets:  0
BC status:  4882 118 
BC subtype:  4882 92 26 

clinical_engagement 
diagnosis 
demography 
69 new agents 
16 dtreferralsatt16 smreferralsatt173 
disease_progression 
H-positive risk:  695 665 86 1138 394 102 1086 425 158 43 165 43 
H-negative risk:  665 695 1086 1138 425 394 102 86 165 158 43 43 
New BC onsets:  0
BC status:  4882 118 
BC subtype:  4882 90 28 

clinical_engagement 
diagnosis 
demography 
62 new agents 
11 dtreferralsatt11 smreferralsatt174 
disease_progression 
H-positive risk:  692 659 90 1139 400 102 1087 422 157 44 166 42 
H-negative risk:  659 692 1087 1139 422 400 102 90 166 157 42 44 
New BC onsets:  0
BC status:  4883 117 
BC subtype:  4883 90 27 

clinical_engagement 
diagnosis 
demography 
69 new agents 
4 dtreferralsatt4 smreferralsatt175 
disease_progression 
H-positive risk:  689 664 91 1133 398 101 1096 423 154 45 165 41 
H-negative risk:  664 689 1096 1133 423 398 101 91 165 154 41 45 
New BC onsets:  0
BC status:  4883 117 
BC subtype:  4883 90 27 

clinical_engagement 
diagnosis 
demography 
64 new agents 
8 dtreferralsatt8 smreferralsatt176 
disease_progression 
H-positive risk:  685 662 95 1148 390 100 1089 429 152 44 162 44 
H-negative risk:  662 685 1089 1148 429 390 100 95 162 152 44 44 
New BC onsets:  0
BC status:  4885 115 
BC subtype:  4885 88 27 

clinical_engagement 
diagnosis 
demography 
90 new agents 
8 dtreferralsatt8 smreferralsatt177 
disease_progression 
H-positive risk:  688 674 97 1141 391 100 1097 418 149 42 162 41 
H-negative risk:  674 688 1097 1141 418 391 100 97 162 149 41 42 
New BC onsets:  0
BC status:  4888 112 
BC subtype:  4888 87 25 

clinical_engagement 
diagnosis 
demography 
81 new agents 
10 dtreferralsatt10 smreferralsatt178 
disease_progression 
H-positive risk:  691 666 95 1139 390 102 1096 422 147 42 166 44 
H-negative risk:  666 691 1096 1139 422 390 102 95 166 147 44 42 
New BC onsets:  0
BC status:  4888 112 
BC subtype:  4888 87 25 

clinical_engagement 
diagnosis 
demography 
80 new agents 
12 dtreferralsatt12 smreferralsatt179 
disease_progression 
H-positive risk:  690 664 94 1147 394 101 1093 418 146 41 166 46 
H-negative risk:  664 690 1093 1147 418 394 101 94 166 146 46 41 
New BC onsets:  0
BC status:  4886 114 
BC subtype:  4886 90 24 

clinical_engagement 
diagnosis 
demography 
73 new agents 
18 dtreferralsatt18 smreferralsatt180 
disease_progression 
H-positive risk:  682 661 91 1140 400 103 1106 419 144 42 167 45 
H-negative risk:  661 682 1106 1140 419 400 103 91 167 144 45 42 
New BC onsets:  0
BC status:  4887 113 
BC subtype:  4887 90 23 

clinical_engagement 
diagnosis 
demography 
73 new agents 
11 dtreferralsatt11 smreferralsatt181 
disease_progression 
H-positive risk:  685 656 93 1147 400 108 1100 421 145 38 161 46 
H-negative risk:  656 685 1100 1147 421 400 108 93 161 145 46 38 
New BC onsets:  0
BC status:  4886 114 
BC subtype:  4886 92 22 

clinical_engagement 
diagnosis 
demography 
95 new agents 
15 dtreferralsatt15 smreferralsatt182 
disease_progression 
H-positive risk:  674 659 95 1142 405 113 1110 418 143 35 154 52 
H-negative risk:  659 674 1110 1142 418 405 113 95 154 143 52 35 
New BC onsets:  0
BC status:  4884 116 
BC subtype:  4884 93 23 

clinical_engagement 
diagnosis 
demography 
87 new agents 
9 dtreferralsatt9 smreferralsatt183 
disease_progression 
H-positive risk:  680 651 95 1144 411 112 1112 415 144 36 152 48 
H-negative risk:  651 680 1112 1144 415 411 112 95 152 144 48 36 
New BC onsets:  0
BC status:  4882 118 
BC subtype:  4882 96 22 

clinical_engagement 
diagnosis 
demography 
76 new agents 
8 dtreferralsatt8 smreferralsatt184 
disease_progression 
H-positive risk:  685 658 96 1138 407 112 1115 405 144 39 155 46 
H-negative risk:  658 685 1115 1138 405 407 112 96 155 144 46 39 
New BC onsets:  0
BC status:  4884 116 
BC subtype:  4884 94 22 

clinical_engagement 
diagnosis 
demography 
87 new agents 
17 dtreferralsatt17 smreferralsatt185 
disease_progression 
H-positive risk:  680 659 98 1126 416 110 1121 405 146 37 154 48 
H-negative risk:  659 680 1121 1126 405 416 110 98 154 146 48 37 
New BC onsets:  0
BC status:  4882 118 
BC subtype:  4882 93 25 

clinical_engagement 
diagnosis 
demography 
85 new agents 
6 dtreferralsatt6 smreferralsatt186 
disease_progression 
H-positive risk:  681 653 96 1126 420 111 1127 399 146 37 152 52 
H-negative risk:  653 681 1127 1126 399 420 111 96 152 146 52 37 
New BC onsets:  0
BC status:  4881 119 
BC subtype:  4881 94 25 

clinical_engagement 
diagnosis 
demography 
84 new agents 
6 dtreferralsatt6 smreferralsatt187 
disease_progression 
H-positive risk:  675 656 98 1129 418 110 1125 399 151 35 151 53 
H-negative risk:  656 675 1125 1129 399 418 110 98 151 151 53 35 
New BC onsets:  0
BC status:  4884 116 
BC subtype:  4884 92 24 

clinical_engagement 
diagnosis 
demography 
70 new agents 
11 dtreferralsatt11 smreferralsatt188 
disease_progression 
H-positive risk:  669 654 98 1130 418 113 1126 404 149 33 155 51 
H-negative risk:  654 669 1126 1130 404 418 113 98 155 149 51 33 
New BC onsets:  0
BC status:  4883 117 
BC subtype:  4883 91 26 

clinical_engagement 
diagnosis 
demography 
75 new agents 
11 dtreferralsatt11 smreferralsatt189 
disease_progression 
H-positive risk:  669 663 99 1121 417 112 1128 400 151 32 155 53 
H-negative risk:  663 669 1128 1121 400 417 112 99 155 151 53 32 
New BC onsets:  0
BC status:  4884 116 
BC subtype:  4884 91 25 

clinical_engagement 
diagnosis 
demography 
88 new agents 
11 dtreferralsatt11 smreferralsatt190 
disease_progression 
H-positive risk:  667 666 100 1113 415 115 1130 404 149 33 156 52 
H-negative risk:  666 667 1130 1113 404 415 115 100 156 149 52 33 
New BC onsets:  0
BC status:  4887 113 
BC subtype:  4887 89 24 

clinical_engagement 
diagnosis 
demography 
67 new agents 
14 dtreferralsatt14 smreferralsatt191 
disease_progression 
H-positive risk:  665 661 102 1112 416 115 1131 405 150 37 152 54 
H-negative risk:  661 665 1131 1112 405 416 115 102 152 150 54 37 
New BC onsets:  0
BC status:  4887 113 
BC subtype:  4887 90 23 

clinical_engagement 
diagnosis 
demography 
74 new agents 
6 dtreferralsatt6 smreferralsatt192 
disease_progression 
H-positive risk:  664 666 100 1106 416 113 1134 403 151 38 156 53 
H-negative risk:  666 664 1134 1106 403 416 113 100 156 151 53 38 
New BC onsets:  0
BC status:  4885 115 
BC subtype:  4885 91 24 

clinical_engagement 
diagnosis 
demography 
85 new agents 
8 dtreferralsatt8 smreferralsatt193 
disease_progression 
H-positive risk:  673 670 100 1107 406 112 1131 399 156 36 157 53 
H-negative risk:  670 673 1131 1107 399 406 112 100 157 156 53 36 
New BC onsets:  0
BC status:  4885 115 
BC subtype:  4885 92 23 

clinical_engagement 
diagnosis 
demography 
66 new agents 
6 dtreferralsatt6 smreferralsatt194 
disease_progression 
H-positive risk:  670 665 98 1101 415 109 1132 405 155 40 156 54 
H-negative risk:  665 670 1132 1101 405 415 109 98 156 155 54 40 
New BC onsets:  0
BC status:  4889 111 
BC subtype:  4889 88 23 

clinical_engagement 
diagnosis 
demography 
68 new agents 
16 dtreferralsatt16 smreferralsatt195 
disease_progression 
H-positive risk:  668 667 97 1093 417 106 1133 405 156 42 157 59 
H-negative risk:  667 668 1133 1093 405 417 106 97 157 156 59 42 
New BC onsets:  0
BC status:  4889 111 
BC subtype:  4889 90 21 

clinical_engagement 
diagnosis 
demography 
72 new agents 
11 dtreferralsatt11 smreferralsatt196 
disease_progression 
H-positive risk:  667 673 98 1095 410 107 1136 403 155 42 158 56 
H-negative risk:  673 667 1136 1095 403 410 107 98 158 155 56 42 
New BC onsets:  0
BC status:  4887 113 
BC subtype:  4887 91 22 

clinical_engagement 
diagnosis 
demography 
90 new agents 
6 dtreferralsatt6 smreferralsatt197 
disease_progression 
H-positive risk:  673 678 98 1081 404 108 1146 400 154 40 159 59 
H-negative risk:  678 673 1146 1081 400 404 108 98 159 154 59 40 
New BC onsets:  0
BC status:  4890 110 
BC subtype:  4890 89 21 

clinical_engagement 
diagnosis 
demography 
68 new agents 
14 dtreferralsatt14 smreferralsatt198 
disease_progression 
H-positive risk:  678 672 96 1094 394 109 1151 399 151 38 161 57 
H-negative risk:  672 678 1151 1094 399 394 109 96 161 151 57 38 
New BC onsets:  0
BC status:  4890 110 
BC subtype:  4890 88 22 

clinical_engagement 
diagnosis 
demography 
74 new agents 
11 dtreferralsatt11 smreferralsatt199 
disease_progression 
H-positive risk:  672 670 94 1090 405 109 1147 404 150 40 164 55 
H-negative risk:  670 672 1147 1090 404 405 109 94 164 150 55 40 
New BC onsets:  0
BC status:  4888 112 
BC subtype:  4888 90 22 

clinical_engagement 
diagnosis 
demography 
63 new agents 
11 dtreferralsatt11 smreferralsatt200 
disease_progression 
H-positive risk:  677 671 96 1083 413 110 1134 408 148 42 160 58 
H-negative risk:  671 677 1134 1083 408 413 110 96 160 148 58 42 
New BC onsets:  0
BC status:  4885 115 
BC subtype:  4885 94 21 

clinical_engagement 
diagnosis 
demography 
81 new agents 
10 dtreferralsatt10 smreferralsatt201 
disease_progression 
H-positive risk:  679 667 91 1089 412 105 1135 401 149 43 167 62 
H-negative risk:  667 679 1135 1089 401 412 105 91 167 149 62 43 
New BC onsets:  0
BC status:  4885 115 
BC subtype:  4885 94 21 

clinical_engagement 
diagnosis 
demography 
66 new agents 
15 dtreferralsatt15 smreferralsatt202 
disease_progression 
H-positive risk:  675 661 90 1088 418 102 1139 405 152 44 165 61 
H-negative risk:  661 675 1139 1088 405 418 102 90 165 152 61 44 
New BC onsets:  0
BC status:  4885 115 
BC subtype:  4885 94 21 

clinical_engagement 
diagnosis 
demography 
88 new agents 
10 dtreferralsatt10 smreferralsatt203 
disease_progression 
H-positive risk:  680 661 91 1088 412 102 1146 401 151 43 166 59 
H-negative risk:  661 680 1146 1088 401 412 102 91 166 151 59 43 
New BC onsets:  0
BC status:  4888 112 
BC subtype:  4888 91 21 

clinical_engagement 
diagnosis 
demography 
66 new agents 
8 dtreferralsatt8 smreferralsatt204 
disease_progression 
H-positive risk:  681 661 92 1094 412 103 1137 400 149 48 164 59 
H-negative risk:  661 681 1137 1094 400 412 103 92 164 149 59 48 
New BC onsets:  0
BC status:  4885 115 
BC subtype:  4885 94 21 

clinical_engagement 
diagnosis 
demography 
76 new agents 
12 dtreferralsatt12 smreferralsatt205 
disease_progression 
H-positive risk:  679 662 92 1095 414 101 1128 406 151 48 166 58 
H-negative risk:  662 679 1128 1095 406 414 101 92 166 151 58 48 
New BC onsets:  0
BC status:  4884 116 
BC subtype:  4884 94 22 

clinical_engagement 
diagnosis 
demography 
80 new agents 
8 dtreferralsatt8 smreferralsatt206 
disease_progression 
H-positive risk:  683 659 91 1094 417 101 1118 407 153 50 162 65 
H-negative risk:  659 683 1118 1094 407 417 101 91 162 153 65 50 
New BC onsets:  0
BC status:  4885 115 
BC subtype:  4885 93 22 

clinical_engagement 
diagnosis 
demography 
72 new agents 
12 dtreferralsatt12 smreferralsatt207 
disease_progression 
H-positive risk:  680 653 91 1102 416 101 1121 407 154 49 162 64 
H-negative risk:  653 680 1121 1102 407 416 101 91 162 154 64 49 
New BC onsets:  0
BC status:  4887 113 
BC subtype:  4887 89 24 

clinical_engagement 
diagnosis 
demography 
88 new agents 
11 dtreferralsatt11 smreferralsatt208 
disease_progression 
H-positive risk:  692 657 94 1097 415 100 1116 407 154 49 159 60 
H-negative risk:  657 692 1116 1097 407 415 100 94 159 154 60 49 
New BC onsets:  0
BC status:  4888 112 
BC subtype:  4888 89 23 

clinical_engagement 
diagnosis 
demography 
66 new agents 
10 dtreferralsatt10 smreferralsatt209 
disease_progression 
H-positive risk:  698 660 93 1098 419 100 1105 403 150 51 163 60 
H-negative risk:  660 698 1105 1098 403 419 100 93 163 150 60 51 
New BC onsets:  0
BC status:  4887 113 
BC subtype:  4887 89 24 

clinical_engagement 
diagnosis 
demography 
74 new agents 
9 dtreferralsatt9 smreferralsatt210 
disease_progression 
H-positive risk:  696 662 93 1095 415 98 1111 401 153 51 163 62 
H-negative risk:  662 696 1111 1095 401 415 98 93 163 153 62 51 
New BC onsets:  0
BC status:  4888 112 
BC subtype:  4888 89 23 

clinical_engagement 
diagnosis 
demography 
73 new agents 
7 dtreferralsatt7 smreferralsatt211 
disease_progression 
H-positive risk:  700 666 92 1089 414 97 1105 404 156 52 163 62 
H-negative risk:  666 700 1105 1089 404 414 97 92 163 156 62 52 
New BC onsets:  0
BC status:  4888 112 
BC subtype:  4888 90 22 

clinical_engagement 
diagnosis 
demography 
79 new agents 
8 dtreferralsatt8 smreferralsatt212 
disease_progression 
H-positive risk:  697 666 90 1090 415 97 1110 408 152 50 164 61 
H-negative risk:  666 697 1110 1090 408 415 97 90 164 152 61 50 
New BC onsets:  0
BC status:  4889 111 
BC subtype:  4889 89 22 

clinical_engagement 
diagnosis 
demography 
73 new agents 
11 dtreferralsatt11 smreferralsatt213 
disease_progression 
H-positive risk:  685 666 91 1086 417 101 1125 399 154 49 164 63 
H-negative risk:  666 685 1125 1086 399 417 101 91 164 154 63 49 
New BC onsets:  0
BC status:  4888 112 
BC subtype:  4888 91 21 

clinical_engagement 
diagnosis 
demography 
67 new agents 
9 dtreferralsatt9 smreferralsatt214 
disease_progression 
H-positive risk:  693 663 88 1080 425 100 1119 405 153 47 166 61 
H-negative risk:  663 693 1119 1080 405 425 100 88 166 153 61 47 
New BC onsets:  0
BC status:  4887 113 
BC subtype:  4887 92 21 

clinical_engagement 
diagnosis 
demography 
83 new agents 
12 dtreferralsatt12 smreferralsatt215 
disease_progression 
H-positive risk:  696 668 88 1087 417 104 1114 401 152 44 165 64 
H-negative risk:  668 696 1114 1087 401 417 104 88 165 152 64 44 
New BC onsets:  0
BC status:  4886 114 
BC subtype:  4886 91 23 

clinical_engagement 
diagnosis 
demography 
81 new agents 
15 dtreferralsatt15 smreferralsatt216 
disease_progression 
H-positive risk:  700 672 89 1079 417 104 1116 397 150 42 168 66 
H-negative risk:  672 700 1116 1079 397 417 104 89 168 150 66 42 
New BC onsets:  0
BC status:  4887 113 
BC subtype:  4887 90 23 

clinical_engagement 
diagnosis 
demography 
90 new agents 
12 dtreferralsatt12 smreferralsatt217 
disease_progression 
H-positive risk:  697 672 92 1069 427 104 1102 409 150 42 168 68 
H-negative risk:  672 697 1102 1069 409 427 104 92 168 150 68 42 
New BC onsets:  0
BC status:  4888 112 
BC subtype:  4888 89 23 

clinical_engagement 
diagnosis 
demography 
88 new agents 
11 dtreferralsatt11 smreferralsatt218 
disease_progression 
H-positive risk:  706 680 91 1064 423 101 1108 395 152 43 168 69 
H-negative risk:  680 706 1108 1064 395 423 101 91 168 152 69 43 
New BC onsets:  0
BC status:  4888 112 
BC subtype:  4888 89 23 

clinical_engagement 
diagnosis 
demography 
81 new agents 
4 dtreferralsatt4 smreferralsatt219 
disease_progression 
H-positive risk:  697 697 89 1056 423 99 1109 403 148 45 167 67 
H-negative risk:  697 697 1109 1056 403 423 99 89 167 148 67 45 
New BC onsets:  0
BC status:  4890 110 
BC subtype:  4890 89 21 

clinical_engagement 
diagnosis 
demography 
76 new agents 
9 dtreferralsatt9 smreferralsatt220 
disease_progression 
H-positive risk:  700 704 92 1050 428 99 1099 404 147 45 165 67 
H-negative risk:  704 700 1099 1050 404 428 99 92 165 147 67 45 
New BC onsets:  0
BC status:  4892 108 
BC subtype:  4892 87 21 

clinical_engagement 
diagnosis 
demography 
66 new agents 
5 dtreferralsatt5 smreferralsatt221 
disease_progression 
H-positive risk:  696 700 92 1050 431 100 1096 402 153 47 165 68 
H-negative risk:  700 696 1096 1050 402 431 100 92 165 153 68 47 
New BC onsets:  0
BC status:  4893 107 
BC subtype:  4893 86 21 

clinical_engagement 
diagnosis 
demography 
85 new agents 
13 dtreferralsatt13 smreferralsatt222 
disease_progression 
H-positive risk:  702 701 91 1053 429 98 1089 406 151 44 167 69 
H-negative risk:  701 702 1089 1053 406 429 98 91 167 151 69 44 
New BC onsets:  0
BC status:  4891 109 
BC subtype:  4891 87 22 

clinical_engagement 
diagnosis 
demography 
68 new agents 
11 dtreferralsatt11 smreferralsatt223 
disease_progression 
H-positive risk:  703 692 91 1053 432 98 1086 413 152 48 166 66 
H-negative risk:  692 703 1086 1053 413 432 98 91 166 152 66 48 
New BC onsets:  0
BC status:  4890 110 
BC subtype:  4890 88 22 

clinical_engagement 
diagnosis 
demography 
72 new agents 
8 dtreferralsatt8 smreferralsatt224 
disease_progression 
H-positive risk:  700 693 91 1063 432 99 1085 408 152 45 166 66 
H-negative risk:  693 700 1085 1063 408 432 99 91 166 152 66 45 
New BC onsets:  0
BC status:  4891 109 
BC subtype:  4891 86 23 

clinical_engagement 
diagnosis 
demography 
75 new agents 
15 dtreferralsatt15 smreferralsatt225 
disease_progression 
H-positive risk:  702 694 91 1061 425 99 1087 407 153 47 168 66 
H-negative risk:  694 702 1087 1061 407 425 99 91 168 153 66 47 
New BC onsets:  0
BC status:  4890 110 
BC subtype:  4890 87 23 

clinical_engagement 
diagnosis 
demography 
95 new agents 
10 dtreferralsatt10 smreferralsatt226 
disease_progression 
H-positive risk:  702 707 94 1049 430 100 1088 408 151 43 166 62 
H-negative risk:  707 702 1088 1049 408 430 100 94 166 151 62 43 
New BC onsets:  0
BC status:  4889 111 
BC subtype:  4889 88 23 

clinical_engagement 
diagnosis 
demography 
64 new agents 
6 dtreferralsatt6 smreferralsatt227 
disease_progression 
H-positive risk:  703 706 93 1051 435 99 1087 403 151 42 170 60 
H-negative risk:  706 703 1087 1051 403 435 99 93 170 151 60 42 
New BC onsets:  0
BC status:  4891 109 
BC subtype:  4891 87 22 

clinical_engagement 
diagnosis 
demography 
85 new agents 
10 dtreferralsatt10 smreferralsatt228 
disease_progression 
H-positive risk:  692 711 91 1046 433 100 1098 404 154 40 169 62 
H-negative risk:  711 692 1098 1046 404 433 100 91 169 154 62 40 
New BC onsets:  0
BC status:  4893 107 
BC subtype:  4893 85 22 

clinical_engagement 
diagnosis 
demography 
75 new agents 
14 dtreferralsatt14 smreferralsatt229 
disease_progression 
H-positive risk:  689 710 93 1038 442 98 1087 414 155 43 165 66 
H-negative risk:  710 689 1087 1038 414 442 98 93 165 155 66 43 
New BC onsets:  0
BC status:  4897 103 
BC subtype:  4897 83 20 

clinical_engagement 
diagnosis 
demography 
74 new agents 
13 dtreferralsatt13 smreferralsatt230 
disease_progression 
H-positive risk:  690 703 92 1055 441 98 1086 409 154 44 162 66 
H-negative risk:  703 690 1086 1055 409 441 98 92 162 154 66 44 
New BC onsets:  0
BC status:  4899 101 
BC subtype:  4899 82 19 

clinical_engagement 
diagnosis 
demography 
77 new agents 
10 dtreferralsatt10 smreferralsatt231 
disease_progression 
H-positive risk:  684 700 93 1055 448 100 1086 410 155 42 162 65 
H-negative risk:  700 684 1086 1055 410 448 100 93 162 155 65 42 
New BC onsets:  0
BC status:  4900 100 
BC subtype:  4900 82 18 

clinical_engagement 
diagnosis 
demography 
79 new agents 
12 dtreferralsatt12 smreferralsatt232 
disease_progression 
H-positive risk:  686 703 94 1046 452 99 1090 408 155 41 160 66 
H-negative risk:  703 686 1090 1046 408 452 99 94 160 155 66 41 
New BC onsets:  0
BC status:  4898 102 
BC subtype:  4898 81 21 

clinical_engagement 
diagnosis 
demography 
56 new agents 
17 dtreferralsatt17 smreferralsatt233 
disease_progression 
H-positive risk:  688 706 91 1040 456 98 1089 406 154 42 163 67 
H-negative risk:  706 688 1089 1040 406 456 98 91 163 154 67 42 
New BC onsets:  0
BC status:  4891 109 
BC subtype:  4891 84 25 

clinical_engagement 
diagnosis 
demography 
87 new agents 
10 dtreferralsatt10 smreferralsatt234 
disease_progression 
H-positive risk:  698 704 90 1046 450 99 1080 404 151 45 166 67 
H-negative risk:  704 698 1080 1046 404 450 99 90 166 151 67 45 
New BC onsets:  0
BC status:  4892 108 
BC subtype:  4892 85 23 

clinical_engagement 
diagnosis 
demography 
79 new agents 
10 dtreferralsatt10 smreferralsatt235 
disease_progression 
H-positive risk:  699 701 94 1051 452 100 1083 399 152 43 163 63 
H-negative risk:  701 699 1083 1051 399 452 100 94 163 152 63 43 
New BC onsets:  0
BC status:  4893 107 
BC subtype:  4893 85 22 

clinical_engagement 
diagnosis 
demography 
85 new agents 
18 dtreferralsatt18 smreferralsatt236 
disease_progression 
H-positive risk:  696 714 91 1046 447 101 1083 398 153 43 163 65 
H-negative risk:  714 696 1083 1046 398 447 101 91 163 153 65 43 
New BC onsets:  0
BC status:  4891 109 
BC subtype:  4891 85 24 

clinical_engagement 
diagnosis 
demography 
72 new agents 
13 dtreferralsatt13 smreferralsatt237 
disease_progression 
H-positive risk:  691 708 94 1047 443 101 1090 399 155 43 162 67 
H-negative risk:  708 691 1090 1047 399 443 101 94 162 155 67 43 
New BC onsets:  0
BC status:  4893 107 
BC subtype:  4893 85 22 

clinical_engagement 
diagnosis 
demography 
70 new agents 
10 dtreferralsatt10 smreferralsatt238 
disease_progression 
H-positive risk:  690 714 95 1042 438 101 1088 404 155 44 162 67 
H-negative risk:  714 690 1088 1042 404 438 101 95 162 155 67 44 
New BC onsets:  0
BC status:  4895 105 
BC subtype:  4895 83 22 

clinical_engagement 
diagnosis 
demography 
67 new agents 
6 dtreferralsatt6 smreferralsatt239 
disease_progression 
H-positive risk:  700 720 93 1042 432 100 1081 409 149 46 164 64 
H-negative risk:  720 700 1081 1042 409 432 100 93 164 149 64 46 
New BC onsets:  0
BC status:  4895 105 
BC subtype:  4895 82 23 

clinical_engagement 
diagnosis 
demography 
74 new agents 
11 dtreferralsatt11 smreferralsatt240 
disease_progression 
H-positive risk:  699 724 90 1048 434 99 1076 413 150 44 162 61 
H-negative risk:  724 699 1076 1048 413 434 99 90 162 150 61 44 
New BC onsets:  0
BC status:  4894 106 
BC subtype:  4894 82 24 

clinical_engagement 
diagnosis 
demography 
77 new agents 
9 dtreferralsatt9 smreferralsatt241 
disease_progression 
H-positive risk:  695 727 89 1043 433 97 1078 423 148 43 161 63 
H-negative risk:  727 695 1078 1043 423 433 97 89 161 148 63 43 
New BC onsets:  0
BC status:  4889 111 
BC subtype:  4889 87 24 

clinical_engagement 
diagnosis 
demography 
76 new agents 
10 dtreferralsatt10 smreferralsatt242 
disease_progression 
H-positive risk:  688 716 90 1053 436 95 1082 434 148 44 153 61 
H-negative risk:  716 688 1082 1053 434 436 95 90 153 148 61 44 
New BC onsets:  0
BC status:  4889 111 
BC subtype:  4889 87 24 

clinical_engagement 
diagnosis 
demography 
68 new agents 
8 dtreferralsatt8 smreferralsatt243 
disease_progression 
H-positive risk:  685 718 90 1051 436 95 1089 431 148 43 152 62 
H-negative risk:  718 685 1089 1051 431 436 95 90 152 148 62 43 
New BC onsets:  0
BC status:  4886 114 
BC subtype:  4886 90 24 

clinical_engagement 
diagnosis 
demography 
67 new agents 
15 dtreferralsatt15 smreferralsatt244 
disease_progression 
H-positive risk:  684 710 90 1062 433 96 1084 432 147 45 153 64 
H-negative risk:  710 684 1084 1062 432 433 96 90 153 147 64 45 
New BC onsets:  0
BC status:  4886 114 
BC subtype:  4886 91 23 

clinical_engagement 
diagnosis 
demography 
80 new agents 
8 dtreferralsatt8 smreferralsatt245 
disease_progression 
H-positive risk:  683 711 93 1051 434 99 1085 432 152 47 149 64 
H-negative risk:  711 683 1085 1051 432 434 99 93 149 152 64 47 
New BC onsets:  0
BC status:  4887 113 
BC subtype:  4887 91 22 

clinical_engagement 
diagnosis 
demography 
57 new agents 
12 dtreferralsatt12 smreferralsatt246 
disease_progression 
H-positive risk:  667 708 95 1059 432 100 1088 436 152 49 151 63 
H-negative risk:  708 667 1088 1059 436 432 100 95 151 152 63 49 
New BC onsets:  0
BC status:  4889 111 
BC subtype:  4889 89 22 

clinical_engagement 
diagnosis 
demography 
66 new agents 
9 dtreferralsatt9 smreferralsatt247 
disease_progression 
H-positive risk:  668 711 93 1054 433 103 1083 439 152 52 149 63 
H-negative risk:  711 668 1083 1054 439 433 103 93 149 152 63 52 
New BC onsets:  0
BC status:  4889 111 
BC subtype:  4889 88 23 

clinical_engagement 
diagnosis 
demography 
81 new agents 
11 dtreferralsatt11 smreferralsatt248 
disease_progression 
H-positive risk:  673 712 93 1050 434 98 1080 438 155 51 152 64 
H-negative risk:  712 673 1080 1050 438 434 98 93 152 155 64 51 
New BC onsets:  0
BC status:  4888 112 
BC subtype:  4888 89 23 

clinical_engagement 
diagnosis 
demography 
81 new agents 
10 dtreferralsatt10 smreferralsatt249 
disease_progression 
H-positive risk:  674 709 95 1051 428 94 1086 439 157 50 154 63 
H-negative risk:  709 674 1086 1051 439 428 94 95 154 157 63 50 
New BC onsets:  0
BC status:  4891 109 
BC subtype:  4891 86 23 

clinical_engagement 
diagnosis 
demography 
82 new agents 
12 dtreferralsatt12 smreferralsatt250 
disease_progression 
H-positive risk:  672 706 97 1053 430 97 1081 442 160 47 153 62 
H-negative risk:  706 672 1081 1053 442 430 97 97 153 160 62 47 
New BC onsets:  0
BC status:  4896 104 
BC subtype:  4896 82 22 

clinical_engagement 
diagnosis 
demography 
82 new agents 
12 dtreferralsatt12 smreferralsatt251 
disease_progression 
H-positive risk:  671 715 97 1051 434 96 1077 435 164 44 155 61 
H-negative risk:  715 671 1077 1051 435 434 96 97 155 164 61 44 
New BC onsets:  0
BC status:  4896 104 
BC subtype:  4896 82 22 

clinical_engagement 
diagnosis 
demography 
80 new agents 
10 dtreferralsatt10 smreferralsatt252 
disease_progression 
H-positive risk:  672 712 96 1054 433 96 1068 442 163 46 156 62 
H-negative risk:  712 672 1068 1054 442 433 96 96 156 163 62 46 
New BC onsets:  0
BC status:  4897 103 
BC subtype:  4897 82 21 

clinical_engagement 
diagnosis 
demography 
81 new agents 
4 dtreferralsatt4 smreferralsatt253 
disease_progression 
H-positive risk:  680 715 98 1049 426 96 1066 444 160 48 156 62 
H-negative risk:  715 680 1066 1049 444 426 96 98 156 160 62 48 
New BC onsets:  0
BC status:  4898 102 
BC subtype:  4898 80 22 

clinical_engagement 
diagnosis 
demography 
87 new agents 
15 dtreferralsatt15 smreferralsatt254 
disease_progression 
H-positive risk:  678 719 100 1040 427 95 1068 445 161 50 155 62 
H-negative risk:  719 678 1068 1040 445 427 95 100 155 161 62 50 
New BC onsets:  0
BC status:  4900 100 
BC subtype:  4900 79 21 

clinical_engagement 
diagnosis 
demography 
78 new agents 
13 dtreferralsatt13 smreferralsatt255 
disease_progression 
H-positive risk:  675 713 101 1044 423 96 1082 444 159 52 151 60 
H-negative risk:  713 675 1082 1044 444 423 96 101 151 159 60 52 
New BC onsets:  0
BC status:  4902 98 
BC subtype:  4902 76 22 

clinical_engagement 
diagnosis 
demography 
85 new agents 
8 dtreferralsatt8 smreferralsatt256 
disease_progression 
H-positive risk:  681 720 103 1042 422 95 1078 437 159 54 150 59 
H-negative risk:  720 681 1078 1042 437 422 95 103 150 159 59 54 
New BC onsets:  0
BC status:  4900 100 
BC subtype:  4900 78 22 

clinical_engagement 
diagnosis 
demography 
81 new agents 
16 dtreferralsatt16 smreferralsatt257 
disease_progression 
H-positive risk:  683 717 103 1051 425 94 1072 437 157 55 145 61 
H-negative risk:  717 683 1072 1051 437 425 94 103 145 157 61 55 
New BC onsets:  0
BC status:  4904 96 
BC subtype:  4904 74 22 

clinical_engagement 
diagnosis 
demography 
64 new agents 
7 dtreferralsatt7 smreferralsatt258 
disease_progression 
H-positive risk:  690 711 104 1061 415 92 1068 440 160 56 144 59 
H-negative risk:  711 690 1068 1061 440 415 92 104 144 160 59 56 
New BC onsets:  0
BC status:  4903 97 
BC subtype:  4903 74 23 

clinical_engagement 
diagnosis 
demography 
73 new agents 
13 dtreferralsatt13 smreferralsatt259 
disease_progression 
H-positive risk:  697 715 101 1064 415 93 1055 442 161 57 143 57 
H-negative risk:  715 697 1055 1064 442 415 93 101 143 161 57 57 
New BC onsets:  0
BC status:  4899 101 
BC subtype:  4899 77 24 

clinical_engagement 
diagnosis 
demography 
62 new agents 
15 dtreferralsatt15 smreferralsatt260 
disease_progression 
H-positive risk:  691 718 103 1065 414 91 1059 437 164 59 138 61 
H-negative risk:  718 691 1059 1065 437 414 91 103 138 164 61 59 
New BC onsets:  0
BC status:  4901 99 
BC subtype:  4901 75 24 

clinical_engagement 
diagnosis 
demography 
68 new agents 
14 dtreferralsatt14 smreferralsatt261 
disease_progression 
H-positive risk:  680 713 104 1067 417 93 1062 438 166 62 137 61 
H-negative risk:  713 680 1062 1067 438 417 93 104 137 166 61 62 
New BC onsets:  0
BC status:  4903 97 
BC subtype:  4903 74 23 

clinical_engagement 
diagnosis 
demography 
66 new agents 
3 dtreferralsatt3 smreferralsatt262 
disease_progression 
H-positive risk:  676 705 102 1068 427 93 1071 431 164 63 139 61 
H-negative risk:  705 676 1071 1068 431 427 93 102 139 164 61 63 
New BC onsets:  0
BC status:  4904 96 
BC subtype:  4904 73 23 

clinical_engagement 
diagnosis 
demography 
80 new agents 
9 dtreferralsatt9 smreferralsatt263 
disease_progression 
H-positive risk:  679 702 104 1072 427 94 1074 423 166 59 138 62 
H-negative risk:  702 679 1074 1072 423 427 94 104 138 166 62 59 
New BC onsets:  0
BC status:  4901 99 
BC subtype:  4901 75 24 

clinical_engagement 
diagnosis 
demography 
84 new agents 
7 dtreferralsatt7 smreferralsatt264 
disease_progression 
H-positive risk:  688 695 107 1070 427 95 1072 413 170 59 143 61 
H-negative risk:  695 688 1072 1070 413 427 95 107 143 170 61 59 
New BC onsets:  0
BC status:  4899 101 
BC subtype:  4899 76 25 

clinical_engagement 
diagnosis 
demography 
62 new agents 
11 dtreferralsatt11 smreferralsatt265 
disease_progression 
H-positive risk:  692 694 104 1067 432 94 1062 420 171 60 144 60 
H-negative risk:  694 692 1062 1067 420 432 94 104 144 171 60 60 
New BC onsets:  0
BC status:  4896 104 
BC subtype:  4896 77 27 

clinical_engagement 
diagnosis 
demography 
93 new agents 
6 dtreferralsatt6 smreferralsatt266 
disease_progression 
H-positive risk:  695 698 106 1066 422 97 1062 421 168 60 148 57 
H-negative risk:  698 695 1062 1066 421 422 97 106 148 168 57 60 
New BC onsets:  0
BC status:  4895 105 
BC subtype:  4895 78 27 

clinical_engagement 
diagnosis 
demography 
82 new agents 
9 dtreferralsatt9 smreferralsatt267 
disease_progression 
H-positive risk:  702 699 106 1076 419 98 1060 414 167 57 148 54 
H-negative risk:  699 702 1060 1076 414 419 98 106 148 167 54 57 
New BC onsets:  0
BC status:  4892 108 
BC subtype:  4892 78 30 

clinical_engagement 
diagnosis 
demography 
67 new agents 
11 dtreferralsatt11 smreferralsatt268 
disease_progression 
H-positive risk:  704 691 105 1093 410 99 1063 416 164 59 144 52 
H-negative risk:  691 704 1063 1093 416 410 99 105 144 164 52 59 
New BC onsets:  0
BC status:  4893 107 
BC subtype:  4893 78 29 

clinical_engagement 
diagnosis 
demography 
51 new agents 
17 dtreferralsatt17 smreferralsatt269 
disease_progression 
H-positive risk:  698 695 104 1096 416 96 1058 414 168 60 145 50 
H-negative risk:  695 698 1058 1096 414 416 96 104 145 168 50 60 
New BC onsets:  0
BC status:  4890 110 
BC subtype:  4890 81 29 

clinical_engagement 
diagnosis 
demography 
79 new agents 
7 dtreferralsatt7 smreferralsatt270 
disease_progression 
H-positive risk:  691 700 104 1099 412 93 1058 415 169 58 150 51 
H-negative risk:  700 691 1058 1099 415 412 93 104 150 169 51 58 
New BC onsets:  0
BC status:  4890 110 
BC subtype:  4890 81 29 

clinical_engagement 
diagnosis 
demography 
59 new agents 
7 dtreferralsatt7 smreferralsatt271 
disease_progression 
H-positive risk:  691 695 102 1106 417 91 1054 414 171 55 153 51 
H-negative risk:  695 691 1054 1106 414 417 91 102 153 171 51 55 
New BC onsets:  0
BC status:  4890 110 
BC subtype:  4890 82 28 

clinical_engagement 
diagnosis 
demography 
64 new agents 
9 dtreferralsatt9 smreferralsatt272 
disease_progression 
H-positive risk:  691 694 103 1106 424 90 1045 414 174 57 151 51 
H-negative risk:  694 691 1045 1106 414 424 90 103 151 174 51 57 
New BC onsets:  0
BC status:  4892 108 
BC subtype:  4892 80 28 

clinical_engagement 
diagnosis 
demography 
67 new agents 
9 dtreferralsatt9 smreferralsatt273 
disease_progression 
H-positive risk:  690 695 104 1106 428 91 1036 414 179 55 150 52 
H-negative risk:  695 690 1036 1106 414 428 91 104 150 179 52 55 
New BC onsets:  0
BC status:  4894 106 
BC subtype:  4894 79 27 

clinical_engagement 
diagnosis 
demography 
80 new agents 
9 dtreferralsatt9 smreferralsatt274 
disease_progression 
H-positive risk:  691 694 101 1109 424 93 1034 421 178 55 146 54 
H-negative risk:  694 691 1034 1109 421 424 93 101 146 178 54 55 
New BC onsets:  0
BC status:  4892 108 
BC subtype:  4892 79 29 

clinical_engagement 
diagnosis 
demography 
57 new agents 
11 dtreferralsatt11 smreferralsatt275 
disease_progression 
H-positive risk:  681 695 99 1112 425 91 1037 421 178 55 148 58 
H-negative risk:  695 681 1037 1112 421 425 91 99 148 178 58 55 
New BC onsets:  0
BC status:  4891 109 
BC subtype:  4891 79 30 

clinical_engagement 
diagnosis 
demography 
62 new agents 
17 dtreferralsatt17 smreferralsatt276 
disease_progression 
H-positive risk:  684 700 96 1100 432 92 1028 431 176 57 147 57 
H-negative risk:  700 684 1028 1100 431 432 92 96 147 176 57 57 
New BC onsets:  0
BC status:  4892 108 
BC subtype:  4892 78 30 

clinical_engagement 
diagnosis 
demography 
86 new agents 
12 dtreferralsatt12 smreferralsatt277 
disease_progression 
H-positive risk:  679 694 95 1114 431 91 1031 430 172 54 151 58 
H-negative risk:  694 679 1031 1114 430 431 91 95 151 172 58 54 
New BC onsets:  0
BC status:  4888 112 
BC subtype:  4888 83 29 

clinical_engagement 
diagnosis 
demography 
82 new agents 
12 dtreferralsatt12 smreferralsatt278 
disease_progression 
H-positive risk:  667 695 93 1121 427 92 1037 431 173 53 152 59 
H-negative risk:  695 667 1037 1121 431 427 92 93 152 173 59 53 
New BC onsets:  0
BC status:  4887 113 
BC subtype:  4887 84 29 

clinical_engagement 
diagnosis 
demography 
68 new agents 
8 dtreferralsatt8 smreferralsatt279 
disease_progression 
H-positive risk:  665 703 91 1114 429 90 1029 436 174 53 154 62 
H-negative risk:  703 665 1029 1114 436 429 90 91 154 174 62 53 
New BC onsets:  0
BC status:  4888 112 
BC subtype:  4888 84 28 

clinical_engagement 
diagnosis 
demography 
81 new agents 
13 dtreferralsatt13 smreferralsatt280 
disease_progression 
H-positive risk:  670 698 92 1113 427 90 1030 441 175 54 150 60 
H-negative risk:  698 670 1030 1113 441 427 90 92 150 175 60 54 
New BC onsets:  0
BC status:  4891 109 
BC subtype:  4891 82 27 

clinical_engagement 
diagnosis 
demography 
76 new agents 
8 dtreferralsatt8 smreferralsatt281 
disease_progression 
H-positive risk:  672 695 91 1115 424 92 1025 444 172 56 150 64 
H-negative risk:  695 672 1025 1115 444 424 92 91 150 172 64 56 
New BC onsets:  0
BC status:  4890 110 
BC subtype:  4890 83 27 

clinical_engagement 
diagnosis 
demography 
72 new agents 
12 dtreferralsatt12 smreferralsatt282 
disease_progression 
H-positive risk:  674 705 90 1111 425 91 1030 434 173 55 151 61 
H-negative risk:  705 674 1030 1111 434 425 91 90 151 173 61 55 
New BC onsets:  0
BC status:  4892 108 
BC subtype:  4892 81 27 

clinical_engagement 
diagnosis 
demography 
88 new agents 
7 dtreferralsatt7 smreferralsatt283 
disease_progression 
H-positive risk:  673 699 94 1119 428 91 1036 422 172 52 153 61 
H-negative risk:  699 673 1036 1119 422 428 91 94 153 172 61 52 
New BC onsets:  0
BC status:  4890 110 
BC subtype:  4890 83 27 

clinical_engagement 
diagnosis 
demography 
74 new agents 
9 dtreferralsatt9 smreferralsatt284 
disease_progression 
H-positive risk:  673 697 94 1111 433 90 1034 425 175 53 156 59 
H-negative risk:  697 673 1034 1111 425 433 90 94 156 175 59 53 
New BC onsets:  0
BC status:  4890 110 
BC subtype:  4890 82 28 

clinical_engagement 
diagnosis 
demography 
83 new agents 
13 dtreferralsatt13 smreferralsatt285 
disease_progression 
H-positive risk:  676 702 95 1109 429 91 1034 422 173 53 157 59 
H-negative risk:  702 676 1034 1109 422 429 91 95 157 173 59 53 
New BC onsets:  0
BC status:  4888 112 
BC subtype:  4888 83 29 

clinical_engagement 
diagnosis 
demography 
81 new agents 
6 dtreferralsatt6 smreferralsatt286 
disease_progression 
H-positive risk:  675 708 96 1107 423 93 1031 421 174 51 160 61 
H-negative risk:  708 675 1031 1107 421 423 93 96 160 174 61 51 
New BC onsets:  0
BC status:  4890 110 
BC subtype:  4890 82 28 

clinical_engagement 
diagnosis 
demography 
82 new agents 
10 dtreferralsatt10 smreferralsatt287 
disease_progression 
H-positive risk:  681 714 96 1111 413 93 1022 427 174 51 159 59 
H-negative risk:  714 681 1022 1111 427 413 93 96 159 174 59 51 
New BC onsets:  0
BC status:  4887 113 
BC subtype:  4887 85 28 

clinical_engagement 
diagnosis 
demography 
83 new agents 
7 dtreferralsatt7 smreferralsatt288 
disease_progression 
H-positive risk:  698 713 96 1110 411 93 1016 429 169 50 158 57 
H-negative risk:  713 698 1016 1110 429 411 93 96 158 169 57 50 
New BC onsets:  0
BC status:  4891 109 
BC subtype:  4891 81 28 

clinical_engagement 
diagnosis 
demography 
66 new agents 
10 dtreferralsatt10 smreferralsatt289 
disease_progression 
H-positive risk:  698 712 93 1113 409 95 1018 427 169 50 159 57 
H-negative risk:  712 698 1018 1113 427 409 95 93 159 169 57 50 
New BC onsets:  0
BC status:  4890 110 
BC subtype:  4890 82 28 

clinical_engagement 
diagnosis 
demography 
68 new agents 
8 dtreferralsatt8 smreferralsatt290 
disease_progression 
H-positive risk:  700 711 94 1110 410 93 1020 426 169 52 159 56 
H-negative risk:  711 700 1020 1110 426 410 93 94 159 169 56 52 
New BC onsets:  0
BC status:  4892 108 
BC subtype:  4892 79 29 

clinical_engagement 
diagnosis 
demography 
76 new agents 
23 dtreferralsatt23 smreferralsatt291 
disease_progression 
H-positive risk:  696 719 95 1120 408 88 1017 419 176 52 158 52 
H-negative risk:  719 696 1017 1120 419 408 88 95 158 176 52 52 
New BC onsets:  0
BC status:  4892 108 
BC subtype:  4892 78 30 

clinical_engagement 
diagnosis 
demography 
82 new agents 
19 dtreferralsatt19 smreferralsatt292 
disease_progression 
H-positive risk:  690 719 94 1116 406 88 1026 419 174 55 163 50 
H-negative risk:  719 690 1026 1116 419 406 88 94 163 174 50 55 
New BC onsets:  0
BC status:  4888 112 
BC subtype:  4888 82 30 

clinical_engagement 
diagnosis 
demography 
79 new agents 
7 dtreferralsatt7 smreferralsatt293 
disease_progression 
H-positive risk:  692 718 94 1124 403 89 1024 420 172 53 162 49 
H-negative risk:  718 692 1024 1124 420 403 89 94 162 172 49 53 
New BC onsets:  0
BC status:  4884 116 
BC subtype:  4884 86 30 

clinical_engagement 
diagnosis 
demography 
87 new agents 
10 dtreferralsatt10 smreferralsatt294 
disease_progression 
H-positive risk:  687 717 92 1132 402 88 1024 426 173 50 161 48 
H-negative risk:  717 687 1024 1132 426 402 88 92 161 173 48 50 
New BC onsets:  0
BC status:  4880 120 
BC subtype:  4880 92 28 

clinical_engagement 
diagnosis 
demography 
74 new agents 
16 dtreferralsatt16 smreferralsatt295 
disease_progression 
H-positive risk:  686 723 94 1131 400 87 1027 419 174 50 160 49 
H-negative risk:  723 686 1027 1131 419 400 87 94 160 174 49 50 
New BC onsets:  0
BC status:  4884 116 
BC subtype:  4884 90 26 

clinical_engagement 
diagnosis 
demography 
84 new agents 
5 dtreferralsatt5 smreferralsatt296 
disease_progression 
H-positive risk:  695 727 93 1123 400 87 1024 418 174 51 161 47 
H-negative risk:  727 695 1024 1123 418 400 87 93 161 174 47 51 
New BC onsets:  0
BC status:  4884 116 
BC subtype:  4884 88 28 

clinical_engagement 
diagnosis 
demography 
78 new agents 
10 dtreferralsatt10 smreferralsatt297 
disease_progression 
H-positive risk:  697 725 93 1126 400 87 1026 417 170 52 159 48 
H-negative risk:  725 697 1026 1126 417 400 87 93 159 170 48 52 
New BC onsets:  0
BC status:  4885 115 
BC subtype:  4885 87 28 

clinical_engagement 
diagnosis 
demography 
80 new agents 
19 dtreferralsatt19 smreferralsatt298 
disease_progression 
H-positive risk:  695 722 92 1120 400 87 1031 420 172 50 163 48 
H-negative risk:  722 695 1031 1120 420 400 87 92 163 172 48 50 
New BC onsets:  0
BC status:  4885 115 
BC subtype:  4885 88 27 

clinical_engagement 
diagnosis 
demography 
68 new agents 
9 dtreferralsatt9 smreferralsatt299 
disease_progression 
H-positive risk:  691 722 93 1120 401 86 1031 425 169 52 160 50 
H-negative risk:  722 691 1031 1120 425 401 86 93 160 169 50 52 
New BC onsets:  0
BC status:  4884 116 
BC subtype:  4884 90 26 

clinical_engagement 
diagnosis 
demography 
79 new agents 
7 dtreferralsatt7 smreferralsatt300 
disease_progression 
H-positive risk:  695 719 90 1116 401 84 1035 427 167 51 166 49 
H-negative risk:  719 695 1035 1116 427 401 84 90 166 167 49 51 
New BC onsets:  0
BC status:  4885 115 
BC subtype:  4885 88 27 

clinical_engagement 
diagnosis 
demography 
76 new agents 
7 dtreferralsatt7 smreferralsattTime difference of 17.7219 mins
This is task 15
date
