date
Note that the current default version of R is 3.6.1.
Loading required package: network
network: Classes for Relational Data
Version 1.15 created on 2019-04-01.
copyright (c) 2005, Carter T. Butts, University of California-Irvine
                    Mark S. Handcock, University of California -- Los Angeles
                    David R. Hunter, Penn State University
                    Martina Morris, University of Washington
                    Skye Bender-deMoll, University of Washington
 For citation information, type citation("network").
 Type help("network-package") to get started.


networkDynamic: version 0.10.0, created on 2019-04-04
Copyright (c) 2019, Carter T. Butts, University of California -- Irvine
                    Ayn Leslie-Cook, University of Washington
                    Pavel N. Krivitsky, University of Wollongong
                    Skye Bender-deMoll, University of Washington
                    with contributions from
                    Zack Almquist, University of California -- Irvine
                    David R. Hunter, Penn State University
                    Li Wang
                    Kirk Li, University of Washington
                    Steven M. Goodreau, University of Washington
                    Jeffrey Horner
                    Martina Morris, University of Washington
Based on "statnet" project software (statnet.org).
For license and citation information see statnet.org/attribution
or type citation("networkDynamic").

Loading required package: statnet.common

Attaching package: 'statnet.common'

The following object is masked from 'package:base':

    order

sna: Tools for Social Network Analysis
Version 2.4 created on 2016-07-23.
copyright (c) 2005, Carter T. Butts, University of California-Irvine
 For citation information, type citation("sna").
 Type help(package="sna") to get started.


ergm: version 3.10.4, created on 2019-06-10
Copyright (c) 2019, Mark S. Handcock, University of California -- Los Angeles
                    David R. Hunter, Penn State University
                    Carter T. Butts, University of California -- Irvine
                    Steven M. Goodreau, University of Washington
                    Pavel N. Krivitsky, University of Wollongong
                    Martina Morris, University of Washington
                    with contributions from
                    Li Wang
                    Kirk Li, University of Washington
                    Skye Bender-deMoll, University of Washington
                    Chad Klumb
Based on "statnet" project software (statnet.org).
For license and citation information see statnet.org/attribution
or type citation("ergm").

NOTE: Versions before 3.6.1 had a bug in the implementation of the bd()
constriant which distorted the sampled distribution somewhat. In
addition, Sampson's Monks datasets had mislabeled vertices. See the
NEWS and the documentation for more details.

NOTE: Some common term arguments pertaining to vertex attribute and
level selection have changed in 3.10.0. See terms help for more
details. Use 'options(ergm.term=list(version="3.9.4"))' to use old
behavior.


tergm: version 3.6.1, created on 2019-06-12
Copyright (c) 2019, Pavel N. Krivitsky, University of Wollongong
                    Mark S. Handcock, University of California -- Los Angeles
                    with contributions from
                    David R. Hunter, Penn State University
                    Steven M. Goodreau, University of Washington
                    Martina Morris, University of Washington
                    Nicole Bohme Carnegie, New York University
                    Carter T. Butts, University of California -- Irvine
                    Ayn Leslie-Cook, University of Washington
                    Skye Bender-deMoll
                    Li Wang
                    Kirk Li, University of Washington
Based on "statnet" project software (statnet.org).
For license and citation information see statnet.org/attribution
or type citation("tergm").

Starting maximum pseudolikelihood estimation (MPLE):
Evaluating the predictor and response matrix.
Maximizing the pseudolikelihood.
Finished MPLE.
Starting Monte Carlo maximum likelihood estimation (MCMLE):
Iteration 1 of at most 500:
Optimizing with step length 0.827293950099812.
The log-likelihood improved by 3.566.
Iteration 2 of at most 500:
Optimizing with step length 1.
The log-likelihood improved by 0.4184.
Step length converged once. Increasing MCMC sample size.
Iteration 3 of at most 500:
Optimizing with step length 1.
The log-likelihood improved by 0.2683.
Step length converged twice. Stopping.
Finished MCMLE.
This model was fit using MCMC.  To examine model diagnostics and check
for degeneracy, use the mcmc.diagnostics() function.
 degree1  degree2  degree3  degree4  degree5  degree6  degree7  degree8 
      14     1326     1031      779      347      353      352      286 
 degree9 degree10 degree11 degree12 degree13 degree14 degree15 degree16 
     204      132       79       53       21       16        3        3 
degree17 
       1 
1 
disease_progression 
H-positive risk:  864 881 124 857 443 130 876 454 132 61 118 60 
H-negative risk:  881 864 876 857 454 443 130 124 118 132 60 61 
New BC onsets:  0
BC status:  4997 3 
BC subtype:  4997 3 

clinical_engagement 
diagnosis 
demography 
49 new agents 
2 dtreferralsatt2 smreferralsatt2 
disease_progression 
H-positive risk:  865 884 125 854 442 132 876 454 130 59 118 61 
H-negative risk:  884 865 876 854 454 442 132 125 118 130 61 59 
New BC onsets:  0
BC status:  4996 4 
BC subtype:  4996 4 

clinical_engagement 
diagnosis 
demography 
66 new agents 
1 dtreferralsatt1 smreferralsatt3 
disease_progression 
H-positive risk:  868 895 126 851 435 133 871 452 130 59 121 59 
H-negative risk:  895 868 871 851 452 435 133 126 121 130 59 59 
New BC onsets:  0
BC status:  4996 4 
BC subtype:  4996 4 

clinical_engagement 
diagnosis 
demography 
55 new agents 
4 dtreferralsatt4 smreferralsatt4 
disease_progression 
H-positive risk:  871 896 126 849 429 134 872 453 130 58 122 60 
H-negative risk:  896 871 872 849 453 429 134 126 122 130 60 58 
New BC onsets:  0
BC status:  4994 6 
BC subtype:  4994 6 

clinical_engagement 
diagnosis 
demography 
51 new agents 
7 dtreferralsatt7 smreferralsatt5 
disease_progression 
H-positive risk:  873 898 129 852 425 132 870 450 131 57 122 61 
H-negative risk:  898 873 870 852 450 425 132 129 122 131 61 57 
New BC onsets:  0
BC status:  4991 9 
BC subtype:  4991 9 

clinical_engagement 
diagnosis 
demography 
48 new agents 
6 dtreferralsatt6 smreferralsatt6 
disease_progression 
H-positive risk:  871 902 129 851 421 135 872 446 131 57 124 61 
H-negative risk:  902 871 872 851 446 421 135 129 124 131 61 57 
New BC onsets:  0
BC status:  4989 11 
BC subtype:  4989 10 1 

clinical_engagement 
diagnosis 
demography 
65 new agents 
6 dtreferralsatt6 smreferralsatt7 
disease_progression 
H-positive risk:  877 907 132 844 421 137 869 442 132 57 122 60 
H-negative risk:  907 877 869 844 442 421 137 132 122 132 60 57 
New BC onsets:  0
BC status:  4988 12 
BC subtype:  4988 11 1 

clinical_engagement 
diagnosis 
demography 
56 new agents 
4 dtreferralsatt4 smreferralsatt8 
disease_progression 
H-positive risk:  885 914 133 841 418 137 867 432 133 57 122 61 
H-negative risk:  914 885 867 841 432 418 137 133 122 133 61 57 
New BC onsets:  0
BC status:  4988 12 
BC subtype:  4988 11 1 

clinical_engagement 
diagnosis 
demography 
58 new agents 
6 dtreferralsatt6 smreferralsatt9 
disease_progression 
H-positive risk:  890 917 134 842 413 138 868 423 134 57 121 63 
H-negative risk:  917 890 868 842 423 413 138 134 121 134 63 57 
New BC onsets:  0
BC status:  4983 17 
BC subtype:  4983 15 2 

clinical_engagement 
diagnosis 
demography 
47 new agents 
11 dtreferralsatt11 smreferralsatt10 
disease_progression 
H-positive risk:  892 917 135 843 407 140 870 422 134 56 122 62 
H-negative risk:  917 892 870 843 422 407 140 135 122 134 62 56 
New BC onsets:  0
BC status:  4982 18 
BC subtype:  4982 15 3 

clinical_engagement 
diagnosis 
demography 
72 new agents 
7 dtreferralsatt7 smreferralsatt11 
disease_progression 
H-positive risk:  896 923 133 843 404 143 866 415 134 56 125 62 
H-negative risk:  923 896 866 843 415 404 143 133 125 134 62 56 
New BC onsets:  0
BC status:  4977 23 
BC subtype:  4977 20 3 

clinical_engagement 
diagnosis 
demography 
64 new agents 
10 dtreferralsatt10 smreferralsatt12 
disease_progression 
H-positive risk:  898 929 132 845 401 145 866 408 132 58 125 61 
H-negative risk:  929 898 866 845 408 401 145 132 125 132 61 58 
New BC onsets:  0
BC status:  4973 27 
BC subtype:  4973 24 3 

clinical_engagement 
diagnosis 
demography 
69 new agents 
5 dtreferralsatt5 smreferralsatt13 
disease_progression 
H-positive risk:  807 842 126 945 397 136 954 405 139 56 132 61 
H-negative risk:  842 807 954 945 405 397 136 126 132 139 61 56 
New BC onsets:  0
BC status:  4972 28 
BC subtype:  4972 25 3 

clinical_engagement 
diagnosis 
demography 
206 new agents 
9 dtreferralsatt9 smreferralsatt14 
disease_progression 
H-positive risk:  836 862 133 897 417 143 909 419 128 63 130 63 
H-negative risk:  862 836 909 897 419 417 143 133 130 128 63 63 
New BC onsets:  0
BC status:  4967 33 
BC subtype:  4967 30 3 

clinical_engagement 
diagnosis 
demography 
66 new agents 
8 dtreferralsatt8 smreferralsatt15 
disease_progression 
H-positive risk:  837 862 132 899 411 143 912 422 125 61 130 66 
H-negative risk:  862 837 912 899 422 411 143 132 130 125 66 61 
New BC onsets:  0
BC status:  4963 37 
BC subtype:  4963 34 3 

clinical_engagement 
diagnosis 
demography 
59 new agents 
7 dtreferralsatt7 smreferralsatt16 
disease_progression 
H-positive risk:  843 867 133 898 406 143 915 418 125 60 129 63 
H-negative risk:  867 843 915 898 418 406 143 133 129 125 63 60 
New BC onsets:  0
BC status:  4960 40 
BC subtype:  4960 37 3 

clinical_engagement 
diagnosis 
demography 
82 new agents 
10 dtreferralsatt10 smreferralsatt17 
disease_progression 
H-positive risk:  843 869 131 898 407 145 915 414 125 61 130 62 
H-negative risk:  869 843 915 898 414 407 145 131 130 125 62 61 
New BC onsets:  0
BC status:  4958 42 
BC subtype:  4958 39 3 

clinical_engagement 
diagnosis 
demography 
61 new agents 
4 dtreferralsatt4 smreferralsatt18 
disease_progression 
H-positive risk:  845 878 133 901 404 143 914 411 126 57 126 62 
H-negative risk:  878 845 914 901 411 404 143 133 126 126 62 57 
New BC onsets:  0
BC status:  4953 47 
BC subtype:  4953 41 6 

clinical_engagement 
diagnosis 
demography 
68 new agents 
11 dtreferralsatt11 smreferralsatt19 
disease_progression 
H-positive risk:  850 878 135 912 391 145 905 411 128 57 126 62 
H-negative risk:  878 850 905 912 411 391 145 135 126 128 62 57 
New BC onsets:  0
BC status:  4951 49 
BC subtype:  4951 42 7 

clinical_engagement 
diagnosis 
demography 
61 new agents 
10 dtreferralsatt10 smreferralsatt20 
disease_progression 
H-positive risk:  853 877 136 910 390 145 908 407 132 56 126 60 
H-negative risk:  877 853 908 910 407 390 145 136 126 132 60 56 
New BC onsets:  0
BC status:  4950 50 
BC subtype:  4950 42 8 

clinical_engagement 
diagnosis 
demography 
74 new agents 
6 dtreferralsatt6 smreferralsatt21 
disease_progression 
H-positive risk:  860 879 136 906 388 146 911 409 131 53 124 57 
H-negative risk:  879 860 911 906 409 388 146 136 124 131 57 53 
New BC onsets:  0
BC status:  4950 50 
BC subtype:  4950 42 8 

clinical_engagement 
diagnosis 
demography 
69 new agents 
8 dtreferralsatt8 smreferralsatt22 
disease_progression 
H-positive risk:  861 885 136 910 378 145 912 407 134 52 123 57 
H-negative risk:  885 861 912 910 407 378 145 136 123 134 57 52 
New BC onsets:  0
BC status:  4947 53 
BC subtype:  4947 45 8 

clinical_engagement 
diagnosis 
demography 
66 new agents 
9 dtreferralsatt9 smreferralsatt23 
disease_progression 
H-positive risk:  865 897 138 903 370 147 911 405 131 52 122 59 
H-negative risk:  897 865 911 903 405 370 147 138 122 131 59 52 
New BC onsets:  0
BC status:  4943 57 
BC subtype:  4943 49 8 

clinical_engagement 
diagnosis 
demography 
69 new agents 
12 dtreferralsatt12 smreferralsatt24 
disease_progression 
H-positive risk:  870 907 137 907 358 148 912 398 133 50 121 59 
H-negative risk:  907 870 912 907 398 358 148 137 121 133 59 50 
New BC onsets:  0
BC status:  4945 55 
BC subtype:  4945 48 7 

clinical_engagement 
diagnosis 
demography 
50 new agents 
11 dtreferralsatt11 smreferralsatt25 
disease_progression 
H-positive risk:  800 839 129 970 360 136 978 397 147 49 135 60 
H-negative risk:  839 800 978 970 397 360 136 129 135 147 60 49 
New BC onsets:  0
BC status:  4943 57 
BC subtype:  4943 48 9 

clinical_engagement 
diagnosis 
demography 
169 new agents 
5 dtreferralsatt5 smreferralsatt26 
disease_progression 
H-positive risk:  818 866 129 937 386 137 924 415 141 49 131 67 
H-negative risk:  866 818 924 937 415 386 137 129 131 141 67 49 
New BC onsets:  0
BC status:  4944 56 
BC subtype:  4944 47 9 

clinical_engagement 
diagnosis 
demography 
76 new agents 
13 dtreferralsatt13 smreferralsatt27 
disease_progression 
H-positive risk:  828 875 131 938 383 135 924 408 139 47 131 61 
H-negative risk:  875 828 924 938 408 383 135 131 131 139 61 47 
New BC onsets:  0
BC status:  4944 56 
BC subtype:  4944 47 9 

clinical_engagement 
diagnosis 
demography 
68 new agents 
10 dtreferralsatt10 smreferralsatt28 
disease_progression 
H-positive risk:  834 882 132 930 380 133 922 406 143 48 129 61 
H-negative risk:  882 834 922 930 406 380 133 132 129 143 61 48 
New BC onsets:  0
BC status:  4943 57 
BC subtype:  4943 48 9 

clinical_engagement 
diagnosis 
demography 
73 new agents 
11 dtreferralsatt11 smreferralsatt29 
disease_progression 
H-positive risk:  831 878 132 937 377 135 919 403 145 50 130 63 
H-negative risk:  878 831 919 937 403 377 135 132 130 145 63 50 
New BC onsets:  0
BC status:  4941 59 
BC subtype:  4941 50 9 

clinical_engagement 
diagnosis 
demography 
59 new agents 
8 dtreferralsatt8 smreferralsatt30 
disease_progression 
H-positive risk:  836 882 134 937 375 137 918 397 142 51 128 63 
H-negative risk:  882 836 918 937 397 375 137 134 128 142 63 51 
New BC onsets:  0
BC status:  4941 59 
BC subtype:  4941 50 9 

clinical_engagement 
diagnosis 
demography 
59 new agents 
10 dtreferralsatt10 smreferralsatt31 
disease_progression 
H-positive risk:  838 888 137 942 373 137 910 395 141 50 126 63 
H-negative risk:  888 838 910 942 395 373 137 137 126 141 63 50 
New BC onsets:  0
BC status:  4938 62 
BC subtype:  4938 53 9 

clinical_engagement 
diagnosis 
demography 
69 new agents 
13 dtreferralsatt13 smreferralsatt32 
disease_progression 
H-positive risk:  841 893 134 937 372 139 914 390 142 50 125 63 
H-negative risk:  893 841 914 937 390 372 139 134 125 142 63 50 
New BC onsets:  0
BC status:  4937 63 
BC subtype:  4937 54 9 

clinical_engagement 
diagnosis 
demography 
59 new agents 
13 dtreferralsatt13 smreferralsatt33 
disease_progression 
H-positive risk:  844 890 134 935 370 140 918 388 143 49 127 62 
H-negative risk:  890 844 918 935 388 370 140 134 127 143 62 49 
New BC onsets:  0
BC status:  4939 61 
BC subtype:  4939 52 9 

clinical_engagement 
diagnosis 
demography 
66 new agents 
10 dtreferralsatt10 smreferralsatt34 
disease_progression 
H-positive risk:  850 896 132 932 367 140 916 389 142 47 127 62 
H-negative risk:  896 850 916 932 389 367 140 132 127 142 62 47 
New BC onsets:  0
BC status:  4935 65 
BC subtype:  4935 55 10 

clinical_engagement 
diagnosis 
demography 
74 new agents 
16 dtreferralsatt16 smreferralsatt35 
disease_progression 
H-positive risk:  850 905 133 932 364 140 911 393 138 45 127 62 
H-negative risk:  905 850 911 932 393 364 140 133 127 138 62 45 
New BC onsets:  0
BC status:  4931 69 
BC subtype:  4931 59 10 

clinical_engagement 
diagnosis 
demography 
61 new agents 
13 dtreferralsatt13 smreferralsatt36 
disease_progression 
H-positive risk:  853 915 132 929 361 138 913 387 138 46 127 61 
H-negative risk:  915 853 913 929 387 361 138 132 127 138 61 46 
New BC onsets:  0
BC status:  4930 70 
BC subtype:  4930 60 10 

clinical_engagement 
diagnosis 
demography 
70 new agents 
4 dtreferralsatt4 smreferralsatt37 
disease_progression 
H-positive risk:  798 857 121 998 354 126 967 385 150 45 138 61 
H-negative risk:  857 798 967 998 385 354 126 121 138 150 61 45 
New BC onsets:  0
BC status:  4928 72 
BC subtype:  4928 61 11 

clinical_engagement 
diagnosis 
demography 
165 new agents 
13 dtreferralsatt13 smreferralsatt38 
disease_progression 
H-positive risk:  816 861 122 977 361 127 943 394 156 45 137 61 
H-negative risk:  861 816 943 977 394 361 127 122 137 156 61 45 
New BC onsets:  0
BC status:  4921 79 
BC subtype:  4921 59 20 

clinical_engagement 
diagnosis 
demography 
73 new agents 
11 dtreferralsatt11 smreferralsatt39 
disease_progression 
H-positive risk:  827 861 124 976 360 126 942 391 154 44 135 60 
H-negative risk:  861 827 942 976 391 360 126 124 135 154 60 44 
New BC onsets:  0
BC status:  4921 79 
BC subtype:  4921 59 20 

clinical_engagement 
diagnosis 
demography 
55 new agents 
14 dtreferralsatt14 smreferralsatt40 
disease_progression 
H-positive risk:  828 863 123 973 362 126 933 397 153 47 136 59 
H-negative risk:  863 828 933 973 397 362 126 123 136 153 59 47 
New BC onsets:  0
BC status:  4920 80 
BC subtype:  4920 60 20 

clinical_engagement 
diagnosis 
demography 
64 new agents 
12 dtreferralsatt12 smreferralsatt41 
disease_progression 
H-positive risk:  841 864 122 980 363 125 920 391 153 49 134 58 
H-negative risk:  864 841 920 980 391 363 125 122 134 153 58 49 
New BC onsets:  0
BC status:  4920 80 
BC subtype:  4920 61 19 

clinical_engagement 
diagnosis 
demography 
77 new agents 
13 dtreferralsatt13 smreferralsatt42 
disease_progression 
H-positive risk:  857 867 121 970 358 127 915 389 152 49 137 58 
H-negative risk:  867 857 915 970 389 358 127 121 137 152 58 49 
New BC onsets:  0
BC status:  4920 80 
BC subtype:  4920 61 19 

clinical_engagement 
diagnosis 
demography 
54 new agents 
11 dtreferralsatt11 smreferralsatt43 
disease_progression 
H-positive risk:  857 871 119 958 363 125 916 394 155 48 137 57 
H-negative risk:  871 857 916 958 394 363 125 119 137 155 57 48 
New BC onsets:  0
BC status:  4921 79 
BC subtype:  4921 60 19 

clinical_engagement 
diagnosis 
demography 
56 new agents 
19 dtreferralsatt19 smreferralsatt44 
disease_progression 
H-positive risk:  866 874 118 960 358 125 913 392 155 45 137 57 
H-negative risk:  874 866 913 960 392 358 125 118 137 155 57 45 
New BC onsets:  0
BC status:  4917 83 
BC subtype:  4917 64 19 

clinical_engagement 
diagnosis 
demography 
62 new agents 
11 dtreferralsatt11 smreferralsatt45 
disease_progression 
H-positive risk:  873 875 118 957 356 123 915 387 155 49 136 56 
H-negative risk:  875 873 915 957 387 356 123 118 136 155 56 49 
New BC onsets:  0
BC status:  4917 83 
BC subtype:  4917 64 19 

clinical_engagement 
diagnosis 
demography 
65 new agents 
14 dtreferralsatt14 smreferralsatt46 
disease_progression 
H-positive risk:  869 877 118 964 350 123 909 393 154 51 135 57 
H-negative risk:  877 869 909 964 393 350 123 118 135 154 57 51 
New BC onsets:  0
BC status:  4917 83 
BC subtype:  4917 63 20 

clinical_engagement 
diagnosis 
demography 
63 new agents 
6 dtreferralsatt6 smreferralsatt47 
disease_progression 
H-positive risk:  871 875 118 971 350 123 910 387 153 51 134 57 
H-negative risk:  875 871 910 971 387 350 123 118 134 153 57 51 
New BC onsets:  0
BC status:  4917 83 
BC subtype:  4917 65 18 

clinical_engagement 
diagnosis 
demography 
55 new agents 
10 dtreferralsatt10 smreferralsatt48 
disease_progression 
H-positive risk:  872 875 118 972 348 123 910 386 154 52 132 58 
H-negative risk:  875 872 910 972 386 348 123 118 132 154 58 52 
New BC onsets:  0
BC status:  4915 85 
BC subtype:  4915 67 18 

clinical_engagement 
diagnosis 
demography 
65 new agents 
11 dtreferralsatt11 smreferralsatt49 
disease_progression 
H-positive risk:  809 796 104 1049 350 115 965 389 163 56 143 61 
H-negative risk:  796 809 965 1049 389 350 115 104 143 163 61 56 
New BC onsets:  0
BC status:  4912 88 
BC subtype:  4912 69 19 

clinical_engagement 
diagnosis 
demography 
136 new agents 
9 dtreferralsatt9 smreferralsatt50 
disease_progression 
H-positive risk:  820 805 101 1036 369 115 944 400 151 61 141 57 
H-negative risk:  805 820 944 1036 400 369 115 101 141 151 57 61 
New BC onsets:  0
BC status:  4911 89 
BC subtype:  4911 68 21 

clinical_engagement 
diagnosis 
demography 
82 new agents 
16 dtreferralsatt16 smreferralsatt51 
disease_progression 
H-positive risk:  816 809 102 1042 359 119 946 400 148 59 142 58 
H-negative risk:  809 816 946 1042 400 359 119 102 142 148 58 59 
New BC onsets:  0
BC status:  4911 89 
BC subtype:  4911 68 21 

clinical_engagement 
diagnosis 
demography 
56 new agents 
9 dtreferralsatt9 smreferralsatt52 
disease_progression 
H-positive risk:  818 807 105 1044 361 119 944 395 148 60 142 57 
H-negative risk:  807 818 944 1044 395 361 119 105 142 148 57 60 
New BC onsets:  0
BC status:  4908 92 
BC subtype:  4908 71 21 

clinical_engagement 
diagnosis 
demography 
63 new agents 
5 dtreferralsatt5 smreferralsatt53 
disease_progression 
H-positive risk:  816 802 106 1050 361 119 947 396 147 58 143 55 
H-negative risk:  802 816 947 1050 396 361 119 106 143 147 55 58 
New BC onsets:  0
BC status:  4908 92 
BC subtype:  4908 71 21 

clinical_engagement 
diagnosis 
demography 
58 new agents 
7 dtreferralsatt7 smreferralsatt54 
disease_progression 
H-positive risk:  823 794 106 1048 364 118 949 390 147 60 143 58 
H-negative risk:  794 823 949 1048 390 364 118 106 143 147 58 60 
New BC onsets:  0
BC status:  4907 93 
BC subtype:  4907 72 21 

clinical_engagement 
diagnosis 
demography 
69 new agents 
10 dtreferralsatt10 smreferralsatt55 
disease_progression 
H-positive risk:  825 792 108 1055 356 118 944 392 144 63 146 57 
H-negative risk:  792 825 944 1055 392 356 118 108 146 144 57 63 
New BC onsets:  0
BC status:  4904 96 
BC subtype:  4904 75 21 

clinical_engagement 
diagnosis 
demography 
63 new agents 
5 dtreferralsatt5 smreferralsatt56 
disease_progression 
H-positive risk:  813 797 107 1053 359 120 952 393 142 62 149 53 
H-negative risk:  797 813 952 1053 393 359 120 107 149 142 53 62 
New BC onsets:  0
BC status:  4903 97 
BC subtype:  4903 76 21 

clinical_engagement 
diagnosis 
demography 
72 new agents 
8 dtreferralsatt8 smreferralsatt57 
disease_progression 
H-positive risk:  819 802 109 1045 355 120 951 391 142 61 153 52 
H-negative risk:  802 819 951 1045 391 355 120 109 153 142 52 61 
New BC onsets:  0
BC status:  4900 100 
BC subtype:  4900 79 21 

clinical_engagement 
diagnosis 
demography 
69 new agents 
13 dtreferralsatt13 smreferralsatt58 
disease_progression 
H-positive risk:  822 800 106 1049 355 121 950 387 141 59 155 55 
H-negative risk:  800 822 950 1049 387 355 121 106 155 141 55 59 
New BC onsets:  0
BC status:  4901 99 
BC subtype:  4901 77 22 

clinical_engagement 
diagnosis 
demography 
69 new agents 
9 dtreferralsatt9 smreferralsatt59 
disease_progression 
H-positive risk:  828 798 109 1045 346 123 945 389 142 60 156 59 
H-negative risk:  798 828 945 1045 389 346 123 109 156 142 59 60 
New BC onsets:  0
BC status:  4905 95 
BC subtype:  4905 73 22 

clinical_engagement 
diagnosis 
demography 
65 new agents 
22 dtreferralsatt22 smreferralsatt60 
disease_progression 
H-positive risk:  832 794 113 1044 347 120 950 384 140 61 154 61 
H-negative risk:  794 832 950 1044 384 347 120 113 154 140 61 61 
New BC onsets:  0
BC status:  4903 97 
BC subtype:  4903 73 24 

clinical_engagement 
diagnosis 
demography 
57 new agents 
13 dtreferralsatt13 smreferralsatt61 
disease_progression 
H-positive risk:  790 755 105 1084 350 111 999 384 144 59 158 61 
H-negative risk:  755 790 999 1084 384 350 111 105 158 144 61 59 
New BC onsets:  0
BC status:  4902 98 
BC subtype:  4902 75 23 

clinical_engagement 
diagnosis 
demography 
117 new agents 
10 dtreferralsatt10 smreferralsatt62 
disease_progression 
H-positive risk:  789 768 102 1073 350 113 1003 384 140 61 153 64 
H-negative risk:  768 789 1003 1073 384 350 113 102 153 140 64 61 
New BC onsets:  0
BC status:  4899 101 
BC subtype:  4899 78 23 

clinical_engagement 
diagnosis 
demography 
78 new agents 
8 dtreferralsatt8 smreferralsatt63 
disease_progression 
H-positive risk:  794 773 105 1058 358 116 1000 381 136 61 152 66 
H-negative risk:  773 794 1000 1058 381 358 116 105 152 136 66 61 
New BC onsets:  0
BC status:  4899 101 
BC subtype:  4899 79 22 

clinical_engagement 
diagnosis 
demography 
68 new agents 
10 dtreferralsatt10 smreferralsatt64 
disease_progression 
H-positive risk:  794 778 108 1051 351 115 1000 385 139 61 153 65 
H-negative risk:  778 794 1000 1051 385 351 115 108 153 139 65 61 
New BC onsets:  0
BC status:  4898 102 
BC subtype:  4898 80 22 

clinical_engagement 
diagnosis 
demography 
70 new agents 
10 dtreferralsatt10 smreferralsatt65 
disease_progression 
H-positive risk:  797 781 109 1051 347 117 996 385 140 60 153 64 
H-negative risk:  781 797 996 1051 385 347 117 109 153 140 64 60 
New BC onsets:  0
BC status:  4898 102 
BC subtype:  4898 80 22 

clinical_engagement 
diagnosis 
demography 
72 new agents 
12 dtreferralsatt12 smreferralsatt66 
disease_progression 
H-positive risk:  802 788 108 1046 345 118 994 385 140 58 151 65 
H-negative risk:  788 802 994 1046 385 345 118 108 151 140 65 58 
New BC onsets:  0
BC status:  4899 101 
BC subtype:  4899 80 21 

clinical_engagement 
diagnosis 
demography 
61 new agents 
9 dtreferralsatt9 smreferralsatt67 
disease_progression 
H-positive risk:  804 787 107 1050 342 123 995 380 140 58 150 64 
H-negative risk:  787 804 995 1050 380 342 123 107 150 140 64 58 
New BC onsets:  0
BC status:  4898 102 
BC subtype:  4898 81 21 

clinical_engagement 
diagnosis 
demography 
68 new agents 
10 dtreferralsatt10 smreferralsatt68 
disease_progression 
H-positive risk:  811 779 108 1049 341 123 1000 383 140 57 145 64 
H-negative risk:  779 811 1000 1049 383 341 123 108 145 140 64 57 
New BC onsets:  0
BC status:  4899 101 
BC subtype:  4899 81 20 

clinical_engagement 
diagnosis 
demography 
81 new agents 
9 dtreferralsatt9 smreferralsatt69 
disease_progression 
H-positive risk:  819 785 109 1039 345 125 992 387 141 54 145 59 
H-negative risk:  785 819 992 1039 387 345 125 109 145 141 59 54 
New BC onsets:  0
BC status:  4895 105 
BC subtype:  4895 85 20 

clinical_engagement 
diagnosis 
demography 
68 new agents 
13 dtreferralsatt13 smreferralsatt70 
disease_progression 
H-positive risk:  821 790 112 1035 342 125 992 385 141 51 146 60 
H-negative risk:  790 821 992 1035 385 342 125 112 146 141 60 51 
New BC onsets:  0
BC status:  4896 104 
BC subtype:  4896 84 20 

clinical_engagement 
diagnosis 
demography 
81 new agents 
9 dtreferralsatt9 smreferralsatt71 
disease_progression 
H-positive risk:  827 795 115 1032 337 125 995 379 141 48 146 60 
H-negative risk:  795 827 995 1032 379 337 125 115 146 141 60 48 
New BC onsets:  0
BC status:  4895 105 
BC subtype:  4895 84 21 

clinical_engagement 
diagnosis 
demography 
64 new agents 
6 dtreferralsatt6 smreferralsatt72 
disease_progression 
H-positive risk:  823 798 116 1032 335 125 998 381 143 47 145 57 
H-negative risk:  798 823 998 1032 381 335 125 116 145 143 57 47 
New BC onsets:  0
BC status:  4896 104 
BC subtype:  4896 84 20 

clinical_engagement 
diagnosis 
demography 
63 new agents 
16 dtreferralsatt16 smreferralsatt73 
disease_progression 
H-positive risk:  780 753 108 1073 338 115 1035 385 156 46 153 58 
H-negative risk:  753 780 1035 1073 385 338 115 108 153 156 58 46 
New BC onsets:  0
BC status:  4896 104 
BC subtype:  4896 84 20 

clinical_engagement 
diagnosis 
demography 
104 new agents 
13 dtreferralsatt13 smreferralsatt74 
disease_progression 
H-positive risk:  780 748 110 1049 360 118 1010 409 154 49 147 66 
H-negative risk:  748 780 1010 1049 409 360 118 110 147 154 66 49 
New BC onsets:  0
BC status:  4896 104 
BC subtype:  4896 84 20 

clinical_engagement 
diagnosis 
demography 
63 new agents 
6 dtreferralsatt6 smreferralsatt75 
disease_progression 
H-positive risk:  779 745 108 1046 363 116 1010 416 155 48 149 65 
H-negative risk:  745 779 1010 1046 416 363 116 108 149 155 65 48 
New BC onsets:  0
BC status:  4897 103 
BC subtype:  4897 83 20 

clinical_engagement 
diagnosis 
demography 
81 new agents 
7 dtreferralsatt7 smreferralsatt76 
disease_progression 
H-positive risk:  788 740 108 1042 355 121 1012 415 153 48 154 64 
H-negative risk:  740 788 1012 1042 415 355 121 108 154 153 64 48 
New BC onsets:  0
BC status:  4895 105 
BC subtype:  4895 85 20 

clinical_engagement 
diagnosis 
demography 
62 new agents 
14 dtreferralsatt14 smreferralsatt77 
disease_progression 
H-positive risk:  784 748 110 1043 353 121 1012 412 153 50 150 64 
H-negative risk:  748 784 1012 1043 412 353 121 110 150 153 64 50 
New BC onsets:  0
BC status:  4894 106 
BC subtype:  4894 87 19 

clinical_engagement 
diagnosis 
demography 
63 new agents 
8 dtreferralsatt8 smreferralsatt78 
disease_progression 
H-positive risk:  788 749 113 1038 358 120 1005 414 154 51 149 61 
H-negative risk:  749 788 1005 1038 414 358 120 113 149 154 61 51 
New BC onsets:  0
BC status:  4895 105 
BC subtype:  4895 87 18 

clinical_engagement 
diagnosis 
demography 
70 new agents 
10 dtreferralsatt10 smreferralsatt79 
disease_progression 
H-positive risk:  794 754 110 1040 350 118 1007 411 154 50 152 60 
H-negative risk:  754 794 1007 1040 411 350 118 110 152 154 60 50 
New BC onsets:  0
BC status:  4893 107 
BC subtype:  4893 89 18 

clinical_engagement 
diagnosis 
demography 
70 new agents 
14 dtreferralsatt14 smreferralsatt80 
disease_progression 
H-positive risk:  797 761 111 1039 348 121 1001 406 155 51 151 59 
H-negative risk:  761 797 1001 1039 406 348 121 111 151 155 59 51 
New BC onsets:  0
BC status:  4893 107 
BC subtype:  4893 89 18 

clinical_engagement 
diagnosis 
demography 
64 new agents 
6 dtreferralsatt6 smreferralsatt81 
disease_progression 
H-positive risk:  801 757 109 1047 348 122 1002 398 155 50 150 61 
H-negative risk:  757 801 1002 1047 398 348 122 109 150 155 61 50 
New BC onsets:  0
BC status:  4894 106 
BC subtype:  4894 87 19 

clinical_engagement 
diagnosis 
demography 
58 new agents 
10 dtreferralsatt10 smreferralsatt82 
disease_progression 
H-positive risk:  799 753 109 1055 352 121 995 398 155 50 148 65 
H-negative risk:  753 799 995 1055 398 352 121 109 148 155 65 50 
New BC onsets:  0
BC status:  4892 108 
BC subtype:  4892 89 19 

clinical_engagement 
diagnosis 
demography 
66 new agents 
13 dtreferralsatt13 smreferralsatt83 
disease_progression 
H-positive risk:  798 760 110 1053 354 121 990 395 155 50 153 61 
H-negative risk:  760 798 990 1053 395 354 121 110 153 155 61 50 
New BC onsets:  0
BC status:  4892 108 
BC subtype:  4892 90 18 

clinical_engagement 
diagnosis 
demography 
73 new agents 
16 dtreferralsatt16 smreferralsatt84 
disease_progression 
H-positive risk:  802 758 110 1064 349 124 990 386 157 51 153 56 
H-negative risk:  758 802 990 1064 386 349 124 110 153 157 56 51 
New BC onsets:  0
BC status:  4893 107 
BC subtype:  4893 89 18 

clinical_engagement 
diagnosis 
demography 
62 new agents 
6 dtreferralsatt6 smreferralsatt85 
disease_progression 
H-positive risk:  754 716 103 1113 351 120 1035 380 164 52 159 53 
H-negative risk:  716 754 1035 1113 380 351 120 103 159 164 53 52 
New BC onsets:  0
BC status:  4892 108 
BC subtype:  4892 90 18 

clinical_engagement 
diagnosis 
demography 
121 new agents 
9 dtreferralsatt9 smreferralsatt86 
disease_progression 
H-positive risk:  753 735 107 1091 367 120 1028 373 163 54 157 52 
H-negative risk:  735 753 1028 1091 373 367 120 107 157 163 52 54 
New BC onsets:  0
BC status:  4896 104 
BC subtype:  4896 87 17 

clinical_engagement 
diagnosis 
demography 
66 new agents 
7 dtreferralsatt7 smreferralsatt87 
disease_progression 
H-positive risk:  745 738 108 1089 370 122 1016 387 160 58 160 47 
H-negative risk:  738 745 1016 1089 387 370 122 108 160 160 47 58 
New BC onsets:  0
BC status:  4893 107 
BC subtype:  4893 87 20 

clinical_engagement 
diagnosis 
demography 
60 new agents 
5 dtreferralsatt5 smreferralsatt88 
disease_progression 
H-positive risk:  743 740 104 1092 368 123 1019 384 156 56 165 50 
H-negative risk:  740 743 1019 1092 384 368 123 104 165 156 50 56 
New BC onsets:  0
BC status:  4891 109 
BC subtype:  4891 88 21 

clinical_engagement 
diagnosis 
demography 
77 new agents 
10 dtreferralsatt10 smreferralsatt89 
disease_progression 
H-positive risk:  746 744 103 1103 362 121 1011 386 157 57 162 48 
H-negative risk:  744 746 1011 1103 386 362 121 103 162 157 48 57 
New BC onsets:  0
BC status:  4892 108 
BC subtype:  4892 86 22 

clinical_engagement 
diagnosis 
demography 
82 new agents 
11 dtreferralsatt11 smreferralsatt90 
disease_progression 
H-positive risk:  749 751 103 1088 361 123 1008 385 163 59 164 46 
H-negative risk:  751 749 1008 1088 385 361 123 103 164 163 46 59 
New BC onsets:  0
BC status:  4889 111 
BC subtype:  4889 89 22 

clinical_engagement 
diagnosis 
demography 
68 new agents 
12 dtreferralsatt12 smreferralsatt91 
disease_progression 
H-positive risk:  744 754 102 1085 359 123 1017 386 161 60 162 47 
H-negative risk:  754 744 1017 1085 386 359 123 102 162 161 47 60 
New BC onsets:  0
BC status:  4889 111 
BC subtype:  4889 89 22 

clinical_engagement 
diagnosis 
demography 
65 new agents 
18 dtreferralsatt18 smreferralsatt92 
disease_progression 
H-positive risk:  747 756 101 1079 356 122 1020 390 160 60 161 48 
H-negative risk:  756 747 1020 1079 390 356 122 101 161 160 48 60 
New BC onsets:  0
BC status:  4892 108 
BC subtype:  4892 85 23 

clinical_engagement 
diagnosis 
demography 
69 new agents 
9 dtreferralsatt9 smreferralsatt93 
disease_progression 
H-positive risk:  752 750 103 1085 358 121 1019 383 161 61 159 48 
H-negative risk:  750 752 1019 1085 383 358 121 103 159 161 48 61 
New BC onsets:  0
BC status:  4893 107 
BC subtype:  4893 84 23 

clinical_engagement 
diagnosis 
demography 
67 new agents 
12 dtreferralsatt12 smreferralsatt94 
disease_progression 
H-positive risk:  754 747 105 1085 356 122 1023 377 163 63 157 48 
H-negative risk:  747 754 1023 1085 377 356 122 105 157 163 48 63 
New BC onsets:  0
BC status:  4895 105 
BC subtype:  4895 84 21 

clinical_engagement 
diagnosis 
demography 
62 new agents 
14 dtreferralsatt14 smreferralsatt95 
disease_progression 
H-positive risk:  756 742 105 1091 358 120 1020 376 163 62 157 50 
H-negative risk:  742 756 1020 1091 376 358 120 105 157 163 50 62 
New BC onsets:  0
BC status:  4894 106 
BC subtype:  4894 85 21 

clinical_engagement 
diagnosis 
demography 
77 new agents 
4 dtreferralsatt4 smreferralsatt96 
disease_progression 
H-positive risk:  756 740 109 1083 355 119 1022 380 167 62 158 49 
H-negative risk:  740 756 1022 1083 380 355 119 109 158 167 49 62 
New BC onsets:  0
BC status:  4893 107 
BC subtype:  4893 86 21 

clinical_engagement 
diagnosis 
demography 
80 new agents 
13 dtreferralsatt13 smreferralsatt97 
disease_progression 
H-positive risk:  712 679 105 1130 352 118 1066 391 173 60 166 48 
H-negative risk:  679 712 1066 1130 391 352 118 105 166 173 48 60 
New BC onsets:  0
BC status:  4892 108 
BC subtype:  4892 85 23 

clinical_engagement 
diagnosis 
demography 
98 new agents 
7 dtreferralsatt7 smreferralsatt98 
disease_progression 
H-positive risk:  705 674 106 1123 373 117 1056 396 170 65 165 50 
H-negative risk:  674 705 1056 1123 396 373 117 106 165 170 50 65 
New BC onsets:  0
BC status:  4893 107 
BC subtype:  4893 85 22 

clinical_engagement 
diagnosis 
demography 
74 new agents 
7 dtreferralsatt7 smreferralsatt99 
disease_progression 
H-positive risk:  706 681 107 1105 384 118 1058 393 168 66 162 52 
H-negative risk:  681 706 1058 1105 393 384 118 107 162 168 52 66 
New BC onsets:  0
BC status:  4894 106 
BC subtype:  4894 84 22 

clinical_engagement 
diagnosis 
demography 
83 new agents 
10 dtreferralsatt10 smreferralsatt100 
disease_progression 
H-positive risk:  711 684 108 1097 384 120 1059 388 166 65 165 53 
H-negative risk:  684 711 1059 1097 388 384 120 108 165 166 53 65 
New BC onsets:  0
BC status:  4894 106 
BC subtype:  4894 84 22 

clinical_engagement 
diagnosis 
demography 
68 new agents 
11 dtreferralsatt11 smreferralsatt101 
disease_progression 
H-positive risk:  716 690 109 1102 382 120 1054 385 161 64 161 56 
H-negative risk:  690 716 1054 1102 385 382 120 109 161 161 56 64 
New BC onsets:  0
BC status:  4892 108 
BC subtype:  4892 87 21 

clinical_engagement 
diagnosis 
demography 
80 new agents 
7 dtreferralsatt7 smreferralsatt102 
disease_progression 
H-positive risk:  715 692 111 1106 379 120 1063 376 162 63 161 52 
H-negative risk:  692 715 1063 1106 376 379 120 111 161 162 52 63 
New BC onsets:  0
BC status:  4894 106 
BC subtype:  4894 85 21 

clinical_engagement 
diagnosis 
demography 
65 new agents 
15 dtreferralsatt15 smreferralsatt103 
disease_progression 
H-positive risk:  719 687 111 1110 384 119 1066 370 158 64 158 54 
H-negative risk:  687 719 1066 1110 370 384 119 111 158 158 54 64 
New BC onsets:  0
BC status:  4895 105 
BC subtype:  4895 82 23 

clinical_engagement 
diagnosis 
demography 
67 new agents 
11 dtreferralsatt11 smreferralsatt104 
disease_progression 
H-positive risk:  718 690 111 1104 394 115 1065 374 155 64 156 54 
H-negative risk:  690 718 1065 1104 374 394 115 111 156 155 54 64 
New BC onsets:  0
BC status:  4895 105 
BC subtype:  4895 82 23 

clinical_engagement 
diagnosis 
demography 
62 new agents 
7 dtreferralsatt7 smreferralsatt105 
disease_progression 
H-positive risk:  719 692 111 1098 395 113 1065 376 157 64 158 52 
H-negative risk:  692 719 1065 1098 376 395 113 111 158 157 52 64 
New BC onsets:  0
BC status:  4898 102 
BC subtype:  4898 80 22 

clinical_engagement 
diagnosis 
demography 
68 new agents 
6 dtreferralsatt6 smreferralsatt106 
disease_progression 
H-positive risk:  721 696 112 1094 398 111 1061 378 157 64 155 53 
H-negative risk:  696 721 1061 1094 378 398 111 112 155 157 53 64 
New BC onsets:  0
BC status:  4896 104 
BC subtype:  4896 82 22 

clinical_engagement 
diagnosis 
demography 
70 new agents 
5 dtreferralsatt5 smreferralsatt107 
disease_progression 
H-positive risk:  720 697 115 1092 398 112 1059 382 158 61 152 54 
H-negative risk:  697 720 1059 1092 382 398 112 115 152 158 54 61 
New BC onsets:  0
BC status:  4896 104 
BC subtype:  4896 81 23 

clinical_engagement 
diagnosis 
demography 
62 new agents 
13 dtreferralsatt13 smreferralsatt108 
disease_progression 
H-positive risk:  722 697 116 1086 396 111 1065 381 161 59 151 55 
H-negative risk:  697 722 1065 1086 381 396 111 116 151 161 55 59 
New BC onsets:  0
BC status:  4894 106 
BC subtype:  4894 80 26 

clinical_engagement 
diagnosis 
demography 
83 new agents 
12 dtreferralsatt12 smreferralsatt109 
disease_progression 
H-positive risk:  682 676 113 1116 398 103 1115 365 164 59 155 54 
H-negative risk:  676 682 1115 1116 365 398 103 113 155 164 54 59 
New BC onsets:  0
BC status:  4893 107 
BC subtype:  4893 81 26 

clinical_engagement 
diagnosis 
demography 
97 new agents 
14 dtreferralsatt14 smreferralsatt110 
disease_progression 
H-positive risk:  680 685 113 1111 393 101 1101 379 167 60 158 52 
H-negative risk:  685 680 1101 1111 379 393 101 113 158 167 52 60 
New BC onsets:  0
BC status:  4894 106 
BC subtype:  4894 81 25 

clinical_engagement 
diagnosis 
demography 
61 new agents 
14 dtreferralsatt14 smreferralsatt111 
disease_progression 
H-positive risk:  678 683 114 1107 399 99 1106 375 172 59 159 49 
H-negative risk:  683 678 1106 1107 375 399 99 114 159 172 49 59 
New BC onsets:  0
BC status:  4894 106 
BC subtype:  4894 80 26 

clinical_engagement 
diagnosis 
demography 
80 new agents 
11 dtreferralsatt11 smreferralsatt112 
disease_progression 
H-positive risk:  680 690 114 1107 399 99 1096 372 172 62 160 49 
H-negative risk:  690 680 1096 1107 372 399 99 114 160 172 49 62 
New BC onsets:  0
BC status:  4892 108 
BC subtype:  4892 82 26 

clinical_engagement 
diagnosis 
demography 
64 new agents 
18 dtreferralsatt18 smreferralsatt113 
disease_progression 
H-positive risk:  681 689 117 1099 400 96 1098 373 173 62 162 50 
H-negative risk:  689 681 1098 1099 373 400 96 117 162 173 50 62 
New BC onsets:  0
BC status:  4891 109 
BC subtype:  4891 83 26 

clinical_engagement 
diagnosis 
demography 
68 new agents 
14 dtreferralsatt14 smreferralsatt114 
disease_progression 
H-positive risk:  679 690 113 1107 395 97 1094 376 175 61 163 50 
H-negative risk:  690 679 1094 1107 376 395 97 113 163 175 50 61 
New BC onsets:  0
BC status:  4893 107 
BC subtype:  4893 82 25 

clinical_engagement 
diagnosis 
demography 
89 new agents 
9 dtreferralsatt9 smreferralsatt115 
disease_progression 
H-positive risk:  691 701 114 1109 392 95 1089 361 179 59 158 52 
H-negative risk:  701 691 1089 1109 361 392 95 114 158 179 52 59 
New BC onsets:  0
BC status:  4898 102 
BC subtype:  4898 74 28 

clinical_engagement 
diagnosis 
demography 
83 new agents 
11 dtreferralsatt11 smreferralsatt116 
disease_progression 
H-positive risk:  707 703 113 1112 381 96 1088 357 177 56 157 53 
H-negative risk:  703 707 1088 1112 357 381 96 113 157 177 53 56 
New BC onsets:  0
BC status:  4898 102 
BC subtype:  4898 76 26 

clinical_engagement 
diagnosis 
demography 
64 new agents 
15 dtreferralsatt15 smreferralsatt117 
disease_progression 
H-positive risk:  701 706 113 1110 381 98 1090 360 174 57 157 53 
H-negative risk:  706 701 1090 1110 360 381 98 113 157 174 53 57 
New BC onsets:  0
BC status:  4898 102 
BC subtype:  4898 76 26 

clinical_engagement 
diagnosis 
demography 
62 new agents 
4 dtreferralsatt4 smreferralsatt118 
disease_progression 
H-positive risk:  696 705 115 1113 381 96 1093 363 173 57 158 50 
H-negative risk:  705 696 1093 1113 363 381 96 115 158 173 50 57 
New BC onsets:  0
BC status:  4898 102 
BC subtype:  4898 77 25 

clinical_engagement 
diagnosis 
demography 
65 new agents 
7 dtreferralsatt7 smreferralsatt119 
disease_progression 
H-positive risk:  698 702 113 1117 374 97 1096 362 176 58 159 48 
H-negative risk:  702 698 1096 1117 362 374 97 113 159 176 48 58 
New BC onsets:  0
BC status:  4897 103 
BC subtype:  4897 78 25 

clinical_engagement 
diagnosis 
demography 
62 new agents 
11 dtreferralsatt11 smreferralsatt120 
disease_progression 
H-positive risk:  694 698 109 1122 369 96 1104 366 176 57 161 48 
H-negative risk:  698 694 1104 1122 366 369 96 109 161 176 48 57 
New BC onsets:  0
BC status:  4897 103 
BC subtype:  4897 77 26 

clinical_engagement 
diagnosis 
demography 
75 new agents 
10 dtreferralsatt10 smreferralsatt121 
disease_progression 
H-positive risk:  659 668 101 1162 363 88 1140 366 179 58 165 51 
H-negative risk:  668 659 1140 1162 366 363 88 101 165 179 51 58 
New BC onsets:  0
BC status:  4893 107 
BC subtype:  4893 82 25 

clinical_engagement 
diagnosis 
demography 
88 new agents 
7 dtreferralsatt7 smreferralsatt122 
disease_progression 
H-positive risk:  662 665 102 1141 379 88 1134 380 176 62 158 53 
H-negative risk:  665 662 1134 1141 380 379 88 102 158 176 53 62 
New BC onsets:  0
BC status:  4890 110 
BC subtype:  4890 85 25 

clinical_engagement 
diagnosis 
demography 
83 new agents 
8 dtreferralsatt8 smreferralsatt123 
disease_progression 
H-positive risk:  664 674 100 1133 377 89 1128 389 173 60 160 53 
H-negative risk:  674 664 1128 1133 389 377 89 100 160 173 53 60 
New BC onsets:  0
BC status:  4888 112 
BC subtype:  4888 85 27 

clinical_engagement 
diagnosis 
demography 
57 new agents 
11 dtreferralsatt11 smreferralsatt124 
disease_progression 
H-positive risk:  664 679 101 1123 380 88 1138 384 175 56 159 53 
H-negative risk:  679 664 1138 1123 384 380 88 101 159 175 53 56 
New BC onsets:  0
BC status:  4886 114 
BC subtype:  4886 87 27 

clinical_engagement 
diagnosis 
demography 
86 new agents 
7 dtreferralsatt7 smreferralsatt125 
disease_progression 
H-positive risk:  667 679 96 1124 374 89 1147 381 177 56 159 51 
H-negative risk:  679 667 1147 1124 381 374 89 96 159 177 51 56 
New BC onsets:  0
BC status:  4884 116 
BC subtype:  4884 86 30 

clinical_engagement 
diagnosis 
demography 
87 new agents 
8 dtreferralsatt8 smreferralsatt126 
disease_progression 
H-positive risk:  659 690 97 1128 379 88 1140 382 174 55 159 49 
H-negative risk:  690 659 1140 1128 382 379 88 97 159 174 49 55 
New BC onsets:  0
BC status:  4885 115 
BC subtype:  4885 85 30 

clinical_engagement 
diagnosis 
demography 
66 new agents 
8 dtreferralsatt8 smreferralsatt127 
disease_progression 
H-positive risk:  652 693 94 1136 378 88 1138 382 169 57 164 49 
H-negative risk:  693 652 1138 1136 382 378 88 94 164 169 49 57 
New BC onsets:  0
BC status:  4884 116 
BC subtype:  4884 84 32 

clinical_engagement 
diagnosis 
demography 
71 new agents 
8 dtreferralsatt8 smreferralsatt128 
disease_progression 
H-positive risk:  650 684 95 1133 386 90 1146 380 166 58 163 49 
H-negative risk:  684 650 1146 1133 380 386 90 95 163 166 49 58 
New BC onsets:  0
BC status:  4883 117 
BC subtype:  4883 86 31 

clinical_engagement 
diagnosis 
demography 
75 new agents 
13 dtreferralsatt13 smreferralsatt129 
disease_progression 
H-positive risk:  653 690 95 1138 376 90 1143 382 167 54 162 50 
H-negative risk:  690 653 1143 1138 382 376 90 95 162 167 50 54 
New BC onsets:  0
BC status:  4883 117 
BC subtype:  4883 84 33 

clinical_engagement 
diagnosis 
demography 
68 new agents 
9 dtreferralsatt9 smreferralsatt130 
disease_progression 
H-positive risk:  657 691 94 1133 379 91 1141 379 162 55 167 51 
H-negative risk:  691 657 1141 1133 379 379 91 94 167 162 51 55 
New BC onsets:  0
BC status:  4884 116 
BC subtype:  4884 84 32 

clinical_engagement 
diagnosis 
demography 
65 new agents 
13 dtreferralsatt13 smreferralsatt131 
disease_progression 
H-positive risk:  659 691 93 1127 385 89 1133 381 160 59 165 58 
H-negative risk:  691 659 1133 1127 381 385 89 93 165 160 58 59 
New BC onsets:  0
BC status:  4888 112 
BC subtype:  4888 82 30 

clinical_engagement 
diagnosis 
demography 
79 new agents 
9 dtreferralsatt9 smreferralsatt132 
disease_progression 
H-positive risk:  654 698 93 1123 391 89 1140 373 157 59 163 60 
H-negative risk:  698 654 1140 1123 373 391 89 93 163 157 60 59 
New BC onsets:  0
BC status:  4888 112 
BC subtype:  4888 83 29 

clinical_engagement 
diagnosis 
demography 
74 new agents 
6 dtreferralsatt6 smreferralsatt133 
disease_progression 
H-positive risk:  654 694 96 1124 384 90 1138 379 160 59 163 59 
H-negative risk:  694 654 1138 1124 379 384 90 96 163 160 59 59 
New BC onsets:  0
BC status:  4890 110 
BC subtype:  4890 81 29 

clinical_engagement 
diagnosis 
demography 
74 new agents 
13 dtreferralsatt13 smreferralsatt134 
disease_progression 
H-positive risk:  646 686 93 1116 400 91 1127 398 160 59 163 61 
H-negative risk:  686 646 1127 1116 398 400 91 93 163 160 61 59 
New BC onsets:  0
BC status:  4893 107 
BC subtype:  4893 80 27 

clinical_engagement 
diagnosis 
demography 
80 new agents 
10 dtreferralsatt10 smreferralsatt135 
disease_progression 
H-positive risk:  639 683 90 1116 401 92 1137 402 156 58 166 60 
H-negative risk:  683 639 1137 1116 402 401 92 90 166 156 60 58 
New BC onsets:  0
BC status:  4895 105 
BC subtype:  4895 78 27 

clinical_engagement 
diagnosis 
demography 
83 new agents 
9 dtreferralsatt9 smreferralsatt136 
disease_progression 
H-positive risk:  644 684 89 1131 399 90 1137 391 158 54 162 61 
H-negative risk:  684 644 1137 1131 391 399 90 89 162 158 61 54 
New BC onsets:  0
BC status:  4891 109 
BC subtype:  4891 82 27 

clinical_engagement 
diagnosis 
demography 
73 new agents 
8 dtreferralsatt8 smreferralsatt137 
disease_progression 
H-positive risk:  639 682 87 1131 394 91 1155 386 156 53 165 61 
H-negative risk:  682 639 1155 1131 386 394 91 87 165 156 61 53 
New BC onsets:  0
BC status:  4890 110 
BC subtype:  4890 83 27 

clinical_engagement 
diagnosis 
demography 
76 new agents 
12 dtreferralsatt12 smreferralsatt138 
disease_progression 
H-positive risk:  632 683 89 1130 391 89 1165 387 155 57 163 59 
H-negative risk:  683 632 1165 1130 387 391 89 89 163 155 59 57 
New BC onsets:  0
BC status:  4889 111 
BC subtype:  4889 83 28 

clinical_engagement 
diagnosis 
demography 
56 new agents 
14 dtreferralsatt14 smreferralsatt139 
disease_progression 
H-positive risk:  641 682 91 1133 393 89 1161 382 154 57 160 57 
H-negative risk:  682 641 1161 1133 382 393 89 91 160 154 57 57 
New BC onsets:  0
BC status:  4890 110 
BC subtype:  4890 81 29 

clinical_engagement 
diagnosis 
demography 
78 new agents 
8 dtreferralsatt8 smreferralsatt140 
disease_progression 
H-positive risk:  632 681 93 1132 394 89 1168 384 152 61 159 55 
H-negative risk:  681 632 1168 1132 384 394 89 93 159 152 55 61 
New BC onsets:  0
BC status:  4896 104 
BC subtype:  4896 73 31 

clinical_engagement 
diagnosis 
demography 
59 new agents 
13 dtreferralsatt13 smreferralsatt141 
disease_progression 
H-positive risk:  626 681 92 1126 394 90 1178 389 151 61 156 56 
H-negative risk:  681 626 1178 1126 389 394 90 92 156 151 56 61 
New BC onsets:  0
BC status:  4894 106 
BC subtype:  4894 74 32 

clinical_engagement 
diagnosis 
demography 
90 new agents 
9 dtreferralsatt9 smreferralsatt142 
disease_progression 
H-positive risk:  630 697 90 1118 397 93 1176 380 147 61 158 53 
H-negative risk:  697 630 1176 1118 380 397 93 90 158 147 53 61 
New BC onsets:  0
BC status:  4893 107 
BC subtype:  4893 75 32 

clinical_engagement 
diagnosis 
demography 
63 new agents 
14 dtreferralsatt14 smreferralsatt143 
disease_progression 
H-positive risk:  621 692 86 1124 399 95 1177 382 147 62 163 52 
H-negative risk:  692 621 1177 1124 382 399 95 86 163 147 52 62 
New BC onsets:  0
BC status:  4893 107 
BC subtype:  4893 76 31 

clinical_engagement 
diagnosis 
demography 
56 new agents 
10 dtreferralsatt10 smreferralsatt144 
disease_progression 
H-positive risk:  623 695 89 1117 403 95 1166 386 146 62 166 52 
H-negative risk:  695 623 1166 1117 386 403 95 89 166 146 52 62 
New BC onsets:  0
BC status:  4891 109 
BC subtype:  4891 78 31 

clinical_engagement 
diagnosis 
demography 
60 new agents 
14 dtreferralsatt14 smreferralsatt145 
disease_progression 
H-positive risk:  627 694 89 1124 409 91 1154 386 146 61 165 54 
H-negative risk:  694 627 1154 1124 386 409 91 89 165 146 54 61 
New BC onsets:  0
BC status:  4891 109 
BC subtype:  4891 78 31 

clinical_engagement 
diagnosis 
demography 
101 new agents 
12 dtreferralsatt12 smreferralsatt146 
disease_progression 
H-positive risk:  635 694 87 1117 425 91 1131 397 143 62 159 59 
H-negative risk:  694 635 1131 1117 397 425 91 87 159 143 59 62 
New BC onsets:  0
BC status:  4894 106 
BC subtype:  4894 75 31 

clinical_engagement 
diagnosis 
demography 
83 new agents 
12 dtreferralsatt12 smreferralsatt147 
disease_progression 
H-positive risk:  634 698 89 1117 425 95 1132 390 142 58 156 64 
H-negative risk:  698 634 1132 1117 390 425 95 89 156 142 64 58 
New BC onsets:  0
BC status:  4896 104 
BC subtype:  4896 74 30 

clinical_engagement 
diagnosis 
demography 
81 new agents 
14 dtreferralsatt14 smreferralsatt148 
disease_progression 
H-positive risk:  633 700 89 1114 418 95 1142 388 141 58 159 63 
H-negative risk:  700 633 1142 1114 388 418 95 89 159 141 63 58 
New BC onsets:  0
BC status:  4895 105 
BC subtype:  4895 75 30 

clinical_engagement 
diagnosis 
demography 
76 new agents 
9 dtreferralsatt9 smreferralsatt149 
disease_progression 
H-positive risk:  638 700 86 1107 419 95 1148 391 138 54 159 65 
H-negative risk:  700 638 1148 1107 391 419 95 86 159 138 65 54 
New BC onsets:  0
BC status:  4892 108 
BC subtype:  4892 78 30 

clinical_engagement 
diagnosis 
demography 
54 new agents 
13 dtreferralsatt13 smreferralsatt150 
disease_progression 
H-positive risk:  630 692 85 1122 414 96 1152 393 136 53 158 69 
H-negative risk:  692 630 1152 1122 393 414 96 85 158 136 69 53 
New BC onsets:  0
BC status:  4893 107 
BC subtype:  4893 78 29 

clinical_engagement 
diagnosis 
demography 
75 new agents 
11 dtreferralsatt11 smreferralsatt151 
disease_progression 
H-positive risk:  633 689 84 1127 409 96 1163 387 137 49 160 66 
H-negative risk:  689 633 1163 1127 387 409 96 84 160 137 66 49 
New BC onsets:  0
BC status:  4893 107 
BC subtype:  4893 77 30 

clinical_engagement 
diagnosis 
demography 
78 new agents 
14 dtreferralsatt14 smreferralsatt152 
disease_progression 
H-positive risk:  631 690 84 1131 411 96 1156 391 138 50 157 65 
H-negative risk:  690 631 1156 1131 391 411 96 84 157 138 65 50 
New BC onsets:  0
BC status:  4893 107 
BC subtype:  4893 78 29 

clinical_engagement 
diagnosis 
demography 
85 new agents 
11 dtreferralsatt11 smreferralsatt153 
disease_progression 
H-positive risk:  639 695 80 1127 419 91 1148 393 140 46 157 65 
H-negative risk:  695 639 1148 1127 393 419 91 80 157 140 65 46 
New BC onsets:  0
BC status:  4892 108 
BC subtype:  4892 79 29 

clinical_engagement 
diagnosis 
demography 
60 new agents 
13 dtreferralsatt13 smreferralsatt154 
disease_progression 
H-positive risk:  637 687 80 1134 418 93 1145 393 141 46 159 67 
H-negative risk:  687 637 1145 1134 393 418 93 80 159 141 67 46 
New BC onsets:  0
BC status:  4890 110 
BC subtype:  4890 81 29 

clinical_engagement 
diagnosis 
demography 
75 new agents 
4 dtreferralsatt4 smreferralsatt155 
disease_progression 
H-positive risk:  639 690 79 1131 415 91 1150 395 143 42 157 68 
H-negative risk:  690 639 1150 1131 395 415 91 79 157 143 68 42 
New BC onsets:  0
BC status:  4890 110 
BC subtype:  4890 77 33 

clinical_engagement 
diagnosis 
demography 
74 new agents 
7 dtreferralsatt7 smreferralsatt156 
disease_progression 
H-positive risk:  635 690 79 1131 414 88 1151 396 148 41 158 69 
H-negative risk:  690 635 1151 1131 396 414 88 79 158 148 69 41 
New BC onsets:  0
BC status:  4892 108 
BC subtype:  4892 76 32 

clinical_engagement 
diagnosis 
demography 
73 new agents 
3 dtreferralsatt3 smreferralsatt157 
disease_progression 
H-positive risk:  638 690 78 1136 418 88 1148 394 143 42 162 63 
H-negative risk:  690 638 1148 1136 394 418 88 78 162 143 63 42 
New BC onsets:  0
BC status:  4895 105 
BC subtype:  4895 76 29 

clinical_engagement 
diagnosis 
demography 
93 new agents 
13 dtreferralsatt13 smreferralsatt158 
disease_progression 
H-positive risk:  636 694 79 1132 419 87 1135 408 143 42 161 64 
H-negative risk:  694 636 1135 1132 408 419 87 79 161 143 64 42 
New BC onsets:  0
BC status:  4894 106 
BC subtype:  4894 76 30 

clinical_engagement 
diagnosis 
demography 
79 new agents 
5 dtreferralsatt5 smreferralsatt159 
disease_progression 
H-positive risk:  626 692 81 1140 400 83 1141 419 151 44 160 63 
H-negative risk:  692 626 1141 1140 419 400 83 81 160 151 63 44 
New BC onsets:  0
BC status:  4892 108 
BC subtype:  4892 78 30 

clinical_engagement 
diagnosis 
demography 
79 new agents 
13 dtreferralsatt13 smreferralsatt160 
disease_progression 
H-positive risk:  627 697 79 1138 400 87 1140 414 152 45 160 61 
H-negative risk:  697 627 1140 1138 414 400 87 79 160 152 61 45 
New BC onsets:  0
BC status:  4893 107 
BC subtype:  4893 77 30 

clinical_engagement 
diagnosis 
demography 
70 new agents 
8 dtreferralsatt8 smreferralsatt161 
disease_progression 
H-positive risk:  631 699 81 1132 399 90 1144 407 152 45 162 58 
H-negative risk:  699 631 1144 1132 407 399 90 81 162 152 58 45 
New BC onsets:  0
BC status:  4890 110 
BC subtype:  4890 77 33 

clinical_engagement 
diagnosis 
demography 
90 new agents 
9 dtreferralsatt9 smreferralsatt162 
disease_progression 
H-positive risk:  641 698 81 1131 392 93 1133 411 155 44 161 60 
H-negative risk:  698 641 1133 1131 411 392 93 81 161 155 60 44 
New BC onsets:  0
BC status:  4888 112 
BC subtype:  4888 79 33 

clinical_engagement 
diagnosis 
demography 
85 new agents 
3 dtreferralsatt3 smreferralsatt163 
disease_progression 
H-positive risk:  641 700 80 1130 396 92 1140 406 153 45 162 55 
H-negative risk:  700 641 1140 1130 406 396 92 80 162 153 55 45 
New BC onsets:  0
BC status:  4893 107 
BC subtype:  4893 76 31 

clinical_engagement 
diagnosis 
demography 
81 new agents 
10 dtreferralsatt10 smreferralsatt164 
disease_progression 
H-positive risk:  646 701 81 1124 400 90 1128 412 153 48 164 53 
H-negative risk:  701 646 1128 1124 412 400 90 81 164 153 53 48 
New BC onsets:  0
BC status:  4896 104 
BC subtype:  4896 75 29 

clinical_engagement 
diagnosis 
demography 
74 new agents 
14 dtreferralsatt14 smreferralsatt165 
disease_progression 
H-positive risk:  647 698 83 1125 405 91 1122 409 156 47 164 53 
H-negative risk:  698 647 1122 1125 409 405 91 83 164 156 53 47 
New BC onsets:  0
BC status:  4896 104 
BC subtype:  4896 76 28 

clinical_engagement 
diagnosis 
demography 
98 new agents 
6 dtreferralsatt6 smreferralsatt166 
disease_progression 
H-positive risk:  654 707 86 1124 401 90 1111 409 152 48 165 53 
H-negative risk:  707 654 1111 1124 409 401 90 86 165 152 53 48 
New BC onsets:  0
BC status:  4897 103 
BC subtype:  4897 77 26 

clinical_engagement 
diagnosis 
demography 
66 new agents 
14 dtreferralsatt14 smreferralsatt167 
disease_progression 
H-positive risk:  658 714 85 1120 401 88 1112 403 153 49 165 52 
H-negative risk:  714 658 1112 1120 403 401 88 85 165 153 52 49 
New BC onsets:  0
BC status:  4896 104 
BC subtype:  4896 78 26 

clinical_engagement 
diagnosis 
demography 
60 new agents 
8 dtreferralsatt8 smreferralsatt168 
disease_progression 
H-positive risk:  661 718 83 1114 405 87 1111 401 153 50 164 53 
H-negative risk:  718 661 1111 1114 401 405 87 83 164 153 53 50 
New BC onsets:  0
BC status:  4895 105 
BC subtype:  4895 79 26 

clinical_engagement 
diagnosis 
demography 
70 new agents 
12 dtreferralsatt12 smreferralsatt169 
disease_progression 
H-positive risk:  663 722 82 1118 402 88 1109 396 152 48 161 59 
H-negative risk:  722 663 1109 1118 396 402 88 82 161 152 59 48 
New BC onsets:  0
BC status:  4898 102 
BC subtype:  4898 78 24 

clinical_engagement 
diagnosis 
demography 
80 new agents 
9 dtreferralsatt9 smreferralsatt170 
disease_progression 
H-positive risk:  671 713 79 1106 422 84 1102 402 154 49 161 57 
H-negative risk:  713 671 1102 1106 402 422 84 79 161 154 57 49 
New BC onsets:  0
BC status:  4897 103 
BC subtype:  4897 80 23 

clinical_engagement 
diagnosis 
demography 
76 new agents 
10 dtreferralsatt10 smreferralsatt171 
disease_progression 
H-positive risk:  674 707 76 1107 426 83 1097 406 151 51 166 56 
H-negative risk:  707 674 1097 1107 406 426 83 76 166 151 56 51 
New BC onsets:  0
BC status:  4894 106 
BC subtype:  4894 84 22 

clinical_engagement 
diagnosis 
demography 
87 new agents 
7 dtreferralsatt7 smreferralsatt172 
disease_progression 
H-positive risk:  677 707 75 1104 428 84 1099 404 150 51 162 59 
H-negative risk:  707 677 1099 1104 404 428 84 75 162 150 59 51 
New BC onsets:  0
BC status:  4894 106 
BC subtype:  4894 84 22 

clinical_engagement 
diagnosis 
demography 
67 new agents 
9 dtreferralsatt9 smreferralsatt173 
disease_progression 
H-positive risk:  671 707 76 1108 427 85 1102 404 149 50 160 61 
H-negative risk:  707 671 1102 1108 404 427 85 76 160 149 61 50 
New BC onsets:  0
BC status:  4891 109 
BC subtype:  4891 87 22 

clinical_engagement 
diagnosis 
demography 
74 new agents 
13 dtreferralsatt13 smreferralsatt174 
disease_progression 
H-positive risk:  679 704 74 1099 432 84 1098 407 149 50 163 61 
H-negative risk:  704 679 1098 1099 407 432 84 74 163 149 61 50 
New BC onsets:  0
BC status:  4894 106 
BC subtype:  4894 85 21 

clinical_engagement 
diagnosis 
demography 
74 new agents 
9 dtreferralsatt9 smreferralsatt175 
disease_progression 
H-positive risk:  677 714 77 1092 441 83 1088 406 148 50 162 62 
H-negative risk:  714 677 1088 1092 406 441 83 77 162 148 62 50 
New BC onsets:  0
BC status:  4893 107 
BC subtype:  4893 84 23 

clinical_engagement 
diagnosis 
demography 
79 new agents 
7 dtreferralsatt7 smreferralsatt176 
disease_progression 
H-positive risk:  682 704 78 1100 438 81 1088 412 147 47 160 63 
H-negative risk:  704 682 1088 1100 412 438 81 78 160 147 63 47 
New BC onsets:  0
BC status:  4892 108 
BC subtype:  4892 84 24 

clinical_engagement 
diagnosis 
demography 
65 new agents 
10 dtreferralsatt10 smreferralsatt177 
disease_progression 
H-positive risk:  687 693 80 1096 437 79 1087 422 151 45 160 63 
H-negative risk:  693 687 1087 1096 422 437 79 80 160 151 63 45 
New BC onsets:  0
BC status:  4892 108 
BC subtype:  4892 84 24 

clinical_engagement 
diagnosis 
demography 
72 new agents 
10 dtreferralsatt10 smreferralsatt178 
disease_progression 
H-positive risk:  688 696 77 1101 430 81 1091 419 148 46 160 63 
H-negative risk:  696 688 1091 1101 419 430 81 77 160 148 63 46 
New BC onsets:  0
BC status:  4892 108 
BC subtype:  4892 83 25 

clinical_engagement 
diagnosis 
demography 
87 new agents 
12 dtreferralsatt12 smreferralsatt179 
disease_progression 
H-positive risk:  691 697 76 1103 434 80 1086 417 144 46 162 64 
H-negative risk:  697 691 1086 1103 417 434 80 76 162 144 64 46 
New BC onsets:  0
BC status:  4893 107 
BC subtype:  4893 81 26 

clinical_engagement 
diagnosis 
demography 
74 new agents 
10 dtreferralsatt10 smreferralsatt180 
disease_progression 
H-positive risk:  694 692 78 1104 432 83 1090 419 139 44 162 63 
H-negative risk:  692 694 1090 1104 419 432 83 78 162 139 63 44 
New BC onsets:  0
BC status:  4894 106 
BC subtype:  4894 80 26 

clinical_engagement 
diagnosis 
demography 
70 new agents 
18 dtreferralsatt18 smreferralsatt181 
disease_progression 
H-positive risk:  695 685 77 1115 426 83 1094 417 138 47 161 62 
H-negative risk:  685 695 1094 1115 417 426 83 77 161 138 62 47 
New BC onsets:  0
BC status:  4895 105 
BC subtype:  4895 79 26 

clinical_engagement 
diagnosis 
demography 
96 new agents 
12 dtreferralsatt12 smreferralsatt182 
disease_progression 
H-positive risk:  691 682 79 1107 427 82 1094 427 138 48 159 66 
H-negative risk:  682 691 1094 1107 427 427 82 79 159 138 66 48 
New BC onsets:  0
BC status:  4897 103 
BC subtype:  4897 79 24 

clinical_engagement 
diagnosis 
demography 
57 new agents 
12 dtreferralsatt12 smreferralsatt183 
disease_progression 
H-positive risk:  698 681 79 1100 431 81 1091 426 142 45 159 67 
H-negative risk:  681 698 1091 1100 426 431 81 79 159 142 67 45 
New BC onsets:  0
BC status:  4897 103 
BC subtype:  4897 79 24 

clinical_engagement 
diagnosis 
demography 
89 new agents 
8 dtreferralsatt8 smreferralsatt184 
disease_progression 
H-positive risk:  701 680 79 1100 428 79 1094 424 144 46 159 66 
H-negative risk:  680 701 1094 1100 424 428 79 79 159 144 66 46 
New BC onsets:  0
BC status:  4898 102 
BC subtype:  4898 78 24 

clinical_engagement 
diagnosis 
demography 
84 new agents 
9 dtreferralsatt9 smreferralsatt185 
disease_progression 
H-positive risk:  688 692 83 1092 420 80 1095 429 144 48 161 68 
H-negative risk:  692 688 1095 1092 429 420 80 83 161 144 68 48 
New BC onsets:  0
BC status:  4897 103 
BC subtype:  4897 79 24 

clinical_engagement 
diagnosis 
demography 
78 new agents 
9 dtreferralsatt9 smreferralsatt186 
disease_progression 
H-positive risk:  686 701 81 1098 415 80 1092 426 145 48 160 68 
H-negative risk:  701 686 1092 1098 426 415 80 81 160 145 68 48 
New BC onsets:  0
BC status:  4900 100 
BC subtype:  4900 77 23 

clinical_engagement 
diagnosis 
demography 
72 new agents 
7 dtreferralsatt7 smreferralsatt187 
disease_progression 
H-positive risk:  681 697 82 1101 420 83 1098 425 143 47 155 68 
H-negative risk:  697 681 1098 1101 425 420 83 82 155 143 68 47 
New BC onsets:  0
BC status:  4899 101 
BC subtype:  4899 80 21 

clinical_engagement 
diagnosis 
demography 
70 new agents 
11 dtreferralsatt11 smreferralsatt188 
disease_progression 
H-positive risk:  677 704 83 1101 414 81 1101 423 142 48 157 69 
H-negative risk:  704 677 1101 1101 423 414 81 83 157 142 69 48 
New BC onsets:  0
BC status:  4901 99 
BC subtype:  4901 79 20 

clinical_engagement 
diagnosis 
demography 
71 new agents 
15 dtreferralsatt15 smreferralsatt189 
disease_progression 
H-positive risk:  676 705 86 1099 417 80 1102 415 144 51 158 67 
H-negative risk:  705 676 1102 1099 415 417 80 86 158 144 67 51 
New BC onsets:  0
BC status:  4903 97 
BC subtype:  4903 77 20 

clinical_engagement 
diagnosis 
demography 
84 new agents 
8 dtreferralsatt8 smreferralsatt190 
disease_progression 
H-positive risk:  680 704 85 1103 419 80 1099 409 142 54 157 68 
H-negative risk:  704 680 1099 1103 409 419 80 85 157 142 68 54 
New BC onsets:  0
BC status:  4902 98 
BC subtype:  4902 78 20 

clinical_engagement 
diagnosis 
demography 
79 new agents 
11 dtreferralsatt11 smreferralsatt191 
disease_progression 
H-positive risk:  673 709 83 1098 421 79 1106 411 138 55 162 65 
H-negative risk:  709 673 1106 1098 411 421 79 83 162 138 65 55 
New BC onsets:  0
BC status:  4900 100 
BC subtype:  4900 80 20 

clinical_engagement 
diagnosis 
demography 
86 new agents 
11 dtreferralsatt11 smreferralsatt192 
disease_progression 
H-positive risk:  678 708 87 1104 418 75 1101 408 139 55 167 60 
H-negative risk:  708 678 1101 1104 408 418 75 87 167 139 60 55 
New BC onsets:  0
BC status:  4900 100 
BC subtype:  4900 81 19 

clinical_engagement 
diagnosis 
demography 
67 new agents 
12 dtreferralsatt12 smreferralsatt193 
disease_progression 
H-positive risk:  676 709 88 1108 421 78 1100 402 139 56 164 59 
H-negative risk:  709 676 1100 1108 402 421 78 88 164 139 59 56 
New BC onsets:  0
BC status:  4898 102 
BC subtype:  4898 82 20 

clinical_engagement 
diagnosis 
demography 
109 new agents 
6 dtreferralsatt6 smreferralsatt194 
disease_progression 
H-positive risk:  669 718 89 1110 423 79 1096 399 136 58 164 59 
H-negative risk:  718 669 1096 1110 399 423 79 89 164 136 59 58 
New BC onsets:  0
BC status:  4899 101 
BC subtype:  4899 80 21 

clinical_engagement 
diagnosis 
demography 
85 new agents 
14 dtreferralsatt14 smreferralsatt195 
disease_progression 
H-positive risk:  667 724 89 1099 426 79 1095 403 135 58 164 61 
H-negative risk:  724 667 1095 1099 403 426 79 89 164 135 61 58 
New BC onsets:  0
BC status:  4902 98 
BC subtype:  4902 78 20 

clinical_engagement 
diagnosis 
demography 
85 new agents 
9 dtreferralsatt9 smreferralsatt196 
disease_progression 
H-positive risk:  660 738 89 1088 429 79 1095 408 134 58 163 59 
H-negative risk:  738 660 1095 1088 408 429 79 89 163 134 59 58 
New BC onsets:  0
BC status:  4899 101 
BC subtype:  4899 81 20 

clinical_engagement 
diagnosis 
demography 
79 new agents 
9 dtreferralsatt9 smreferralsatt197 
disease_progression 
H-positive risk:  660 734 87 1092 433 80 1093 409 134 58 164 56 
H-negative risk:  734 660 1093 1092 409 433 80 87 164 134 56 58 
New BC onsets:  0
BC status:  4897 103 
BC subtype:  4897 83 20 

clinical_engagement 
diagnosis 
demography 
82 new agents 
8 dtreferralsatt8 smreferralsatt198 
disease_progression 
H-positive risk:  659 730 88 1107 430 81 1085 412 131 57 164 56 
H-negative risk:  730 659 1085 1107 412 430 81 88 164 131 56 57 
New BC onsets:  0
BC status:  4903 97 
BC subtype:  4903 79 18 

clinical_engagement 
diagnosis 
demography 
64 new agents 
11 dtreferralsatt11 smreferralsatt199 
disease_progression 
H-positive risk:  660 726 88 1110 434 79 1092 411 128 56 158 58 
H-negative risk:  726 660 1092 1110 411 434 79 88 158 128 58 56 
New BC onsets:  0
BC status:  4904 96 
BC subtype:  4904 77 19 

clinical_engagement 
diagnosis 
demography 
69 new agents 
6 dtreferralsatt6 smreferralsatt200 
disease_progression 
H-positive risk:  657 725 92 1106 435 79 1086 416 132 56 156 60 
H-negative risk:  725 657 1086 1106 416 435 79 92 156 132 60 56 
New BC onsets:  0
BC status:  4900 100 
BC subtype:  4900 81 19 

clinical_engagement 
diagnosis 
demography 
71 new agents 
7 dtreferralsatt7 smreferralsatt201 
disease_progression 
H-positive risk:  653 723 94 1103 437 80 1088 414 137 57 155 59 
H-negative risk:  723 653 1088 1103 414 437 80 94 155 137 59 57 
New BC onsets:  0
BC status:  4900 100 
BC subtype:  4900 81 19 

clinical_engagement 
diagnosis 
demography 
90 new agents 
10 dtreferralsatt10 smreferralsatt202 
disease_progression 
H-positive risk:  657 722 93 1103 436 81 1089 412 136 55 159 57 
H-negative risk:  722 657 1089 1103 412 436 81 93 159 136 57 55 
New BC onsets:  0
BC status:  4900 100 
BC subtype:  4900 79 21 

clinical_engagement 
diagnosis 
demography 
75 new agents 
5 dtreferralsatt5 smreferralsatt203 
disease_progression 
H-positive risk:  663 716 92 1102 437 83 1083 418 135 53 160 58 
H-negative risk:  716 663 1083 1102 418 437 83 92 160 135 58 53 
New BC onsets:  0
BC status:  4901 99 
BC subtype:  4901 78 21 

clinical_engagement 
diagnosis 
demography 
54 new agents 
8 dtreferralsatt8 smreferralsatt204 
disease_progression 
H-positive risk:  664 716 91 1096 436 85 1087 416 136 52 160 61 
H-negative risk:  716 664 1087 1096 416 436 85 91 160 136 61 52 
New BC onsets:  0
BC status:  4901 99 
BC subtype:  4901 79 20 

clinical_engagement 
diagnosis 
demography 
77 new agents 
10 dtreferralsatt10 smreferralsatt205 
disease_progression 
H-positive risk:  662 713 94 1105 437 84 1084 407 139 50 161 64 
H-negative risk:  713 662 1084 1105 407 437 84 94 161 139 64 50 
New BC onsets:  0
BC status:  4902 98 
BC subtype:  4902 78 20 

clinical_engagement 
diagnosis 
demography 
101 new agents 
8 dtreferralsatt8 smreferralsatt206 
disease_progression 
H-positive risk:  660 717 90 1096 436 86 1087 415 138 49 162 64 
H-negative risk:  717 660 1087 1096 415 436 86 90 162 138 64 49 
New BC onsets:  0
BC status:  4899 101 
BC subtype:  4899 80 21 

clinical_engagement 
diagnosis 
demography 
80 new agents 
7 dtreferralsatt7 smreferralsatt207 
disease_progression 
H-positive risk:  662 725 91 1096 428 85 1090 411 140 47 160 65 
H-negative risk:  725 662 1090 1096 411 428 85 91 160 140 65 47 
New BC onsets:  0
BC status:  4901 99 
BC subtype:  4901 78 21 

clinical_engagement 
diagnosis 
demography 
89 new agents 
6 dtreferralsatt6 smreferralsatt208 
disease_progression 
H-positive risk:  664 729 93 1101 416 85 1094 404 138 48 162 66 
H-negative risk:  729 664 1094 1101 404 416 85 93 162 138 66 48 
New BC onsets:  0
BC status:  4902 98 
BC subtype:  4902 77 21 

clinical_engagement 
diagnosis 
demography 
68 new agents 
12 dtreferralsatt12 smreferralsatt209 
disease_progression 
H-positive risk:  666 733 94 1098 416 82 1091 404 137 49 164 66 
H-negative risk:  733 666 1091 1098 404 416 82 94 164 137 66 49 
New BC onsets:  0
BC status:  4901 99 
BC subtype:  4901 77 22 

clinical_engagement 
diagnosis 
demography 
76 new agents 
10 dtreferralsatt10 smreferralsatt210 
disease_progression 
H-positive risk:  667 726 93 1112 410 81 1097 398 135 50 162 69 
H-negative risk:  726 667 1097 1112 398 410 81 93 162 135 69 50 
New BC onsets:  0
BC status:  4902 98 
BC subtype:  4902 75 23 

clinical_engagement 
diagnosis 
demography 
73 new agents 
11 dtreferralsatt11 smreferralsatt211 
disease_progression 
H-positive risk:  667 721 93 1108 411 81 1096 404 131 54 163 71 
H-negative risk:  721 667 1096 1108 404 411 81 93 163 131 71 54 
New BC onsets:  0
BC status:  4900 100 
BC subtype:  4900 77 23 

clinical_engagement 
diagnosis 
demography 
82 new agents 
13 dtreferralsatt13 smreferralsatt212 
disease_progression 
H-positive risk:  669 715 93 1116 406 83 1091 412 129 54 165 67 
H-negative risk:  715 669 1091 1116 412 406 83 93 165 129 67 54 
New BC onsets:  0
BC status:  4900 100 
BC subtype:  4900 77 23 

clinical_engagement 
diagnosis 
demography 
82 new agents 
11 dtreferralsatt11 smreferralsatt213 
disease_progression 
H-positive risk:  664 722 93 1109 406 85 1093 410 129 54 170 65 
H-negative risk:  722 664 1093 1109 410 406 85 93 170 129 65 54 
New BC onsets:  0
BC status:  4899 101 
BC subtype:  4899 78 23 

clinical_engagement 
diagnosis 
demography 
63 new agents 
9 dtreferralsatt9 smreferralsatt214 
disease_progression 
H-positive risk:  662 718 94 1105 407 87 1098 408 127 56 174 64 
H-negative risk:  718 662 1098 1105 408 407 87 94 174 127 64 56 
New BC onsets:  0
BC status:  4900 100 
BC subtype:  4900 77 23 

clinical_engagement 
diagnosis 
demography 
82 new agents 
6 dtreferralsatt6 smreferralsatt215 
disease_progression 
H-positive risk:  657 720 98 1090 414 89 1103 409 128 55 171 66 
H-negative risk:  720 657 1103 1090 409 414 89 98 171 128 66 55 
New BC onsets:  0
BC status:  4894 106 
BC subtype:  4894 83 23 

clinical_engagement 
diagnosis 
demography 
80 new agents 
13 dtreferralsatt13 smreferralsatt216 
disease_progression 
H-positive risk:  664 725 95 1084 422 92 1100 407 125 52 172 62 
H-negative risk:  725 664 1100 1084 407 422 92 95 172 125 62 52 
New BC onsets:  0
BC status:  4892 108 
BC subtype:  4892 82 26 

clinical_engagement 
diagnosis 
demography 
64 new agents 
7 dtreferralsatt7 smreferralsatt217 
disease_progression 
H-positive risk:  665 726 96 1076 433 92 1082 416 129 54 168 63 
H-negative risk:  726 665 1082 1076 416 433 92 96 168 129 63 54 
New BC onsets:  0
BC status:  4892 108 
BC subtype:  4892 83 25 

clinical_engagement 
diagnosis 
demography 
93 new agents 
16 dtreferralsatt16 smreferralsatt218 
disease_progression 
H-positive risk:  676 730 98 1082 422 92 1086 404 128 57 165 60 
H-negative risk:  730 676 1086 1082 404 422 92 98 165 128 60 57 
New BC onsets:  0
BC status:  4891 109 
BC subtype:  4891 84 25 

clinical_engagement 
diagnosis 
demography 
72 new agents 
13 dtreferralsatt13 smreferralsatt219 
disease_progression 
H-positive risk:  676 735 96 1087 429 93 1074 400 122 61 169 58 
H-negative risk:  735 676 1074 1087 400 429 93 96 169 122 58 61 
New BC onsets:  0
BC status:  4887 113 
BC subtype:  4887 85 28 

clinical_engagement 
diagnosis 
demography 
72 new agents 
11 dtreferralsatt11 smreferralsatt220 
disease_progression 
H-positive risk:  672 735 98 1084 426 97 1072 408 120 61 169 58 
H-negative risk:  735 672 1072 1084 408 426 97 98 169 120 58 61 
New BC onsets:  0
BC status:  4887 113 
BC subtype:  4887 86 27 

clinical_engagement 
diagnosis 
demography 
83 new agents 
7 dtreferralsatt7 smreferralsatt221 
disease_progression 
H-positive risk:  666 738 99 1079 423 97 1082 412 118 59 168 59 
H-negative risk:  738 666 1082 1079 412 423 97 99 168 118 59 59 
New BC onsets:  0
BC status:  4888 112 
BC subtype:  4888 86 26 

clinical_engagement 
diagnosis 
demography 
81 new agents 
4 dtreferralsatt4 smreferralsatt222 
disease_progression 
H-positive risk:  660 733 101 1088 427 97 1083 408 118 57 168 60 
H-negative risk:  733 660 1083 1088 408 427 97 101 168 118 60 57 
New BC onsets:  0
BC status:  4887 113 
BC subtype:  4887 87 26 

clinical_engagement 
diagnosis 
demography 
86 new agents 
9 dtreferralsatt9 smreferralsatt223 
disease_progression 
H-positive risk:  661 735 103 1079 429 99 1082 409 118 59 166 60 
H-negative risk:  735 661 1082 1079 409 429 99 103 166 118 60 59 
New BC onsets:  0
BC status:  4887 113 
BC subtype:  4887 87 26 

clinical_engagement 
diagnosis 
demography 
66 new agents 
20 dtreferralsatt20 smreferralsatt224 
disease_progression 
H-positive risk:  658 729 104 1075 426 101 1088 413 119 63 167 57 
H-negative risk:  729 658 1088 1075 413 426 101 104 167 119 57 63 
New BC onsets:  0
BC status:  4887 113 
BC subtype:  4887 87 26 

clinical_engagement 
diagnosis 
demography 
68 new agents 
7 dtreferralsatt7 smreferralsatt225 
disease_progression 
H-positive risk:  658 733 104 1073 428 104 1074 423 117 64 163 59 
H-negative risk:  733 658 1074 1073 423 428 104 104 163 117 59 64 
New BC onsets:  0
BC status:  4891 109 
BC subtype:  4891 83 26 

clinical_engagement 
diagnosis 
demography 
87 new agents 
19 dtreferralsatt19 smreferralsatt226 
disease_progression 
H-positive risk:  660 730 105 1079 427 102 1071 422 125 61 157 61 
H-negative risk:  730 660 1071 1079 422 427 102 105 157 125 61 61 
New BC onsets:  0
BC status:  4890 110 
BC subtype:  4890 82 28 

clinical_engagement 
diagnosis 
demography 
50 new agents 
13 dtreferralsatt13 smreferralsatt227 
disease_progression 
H-positive risk:  666 738 104 1072 425 102 1066 425 126 58 154 64 
H-negative risk:  738 666 1066 1072 425 425 102 104 154 126 64 58 
New BC onsets:  0
BC status:  4891 109 
BC subtype:  4891 81 28 

clinical_engagement 
diagnosis 
demography 
77 new agents 
13 dtreferralsatt13 smreferralsatt228 
disease_progression 
H-positive risk:  670 728 103 1078 419 103 1066 429 128 58 158 60 
H-negative risk:  728 670 1066 1078 429 419 103 103 158 128 60 58 
New BC onsets:  0
BC status:  4890 110 
BC subtype:  4890 82 28 

clinical_engagement 
diagnosis 
demography 
103 new agents 
6 dtreferralsatt6 smreferralsatt229 
disease_progression 
H-positive risk:  669 741 102 1071 419 101 1065 427 131 57 157 60 
H-negative risk:  741 669 1065 1071 427 419 101 102 157 131 60 57 
New BC onsets:  0
BC status:  4887 113 
BC subtype:  4887 81 32 

clinical_engagement 
diagnosis 
demography 
78 new agents 
10 dtreferralsatt10 smreferralsatt230 
disease_progression 
H-positive risk:  673 742 99 1070 412 102 1073 425 135 55 158 56 
H-negative risk:  742 673 1073 1070 425 412 102 99 158 135 56 55 
New BC onsets:  0
BC status:  4885 115 
BC subtype:  4885 84 31 

clinical_engagement 
diagnosis 
demography 
63 new agents 
13 dtreferralsatt13 smreferralsatt231 
disease_progression 
H-positive risk:  672 736 97 1070 412 103 1072 431 133 54 163 57 
H-negative risk:  736 672 1072 1070 431 412 103 97 163 133 57 54 
New BC onsets:  0
BC status:  4881 119 
BC subtype:  4881 87 32 

clinical_engagement 
diagnosis 
demography 
82 new agents 
14 dtreferralsatt14 smreferralsatt232 
disease_progression 
H-positive risk:  670 738 101 1067 412 101 1082 431 132 48 161 57 
H-negative risk:  738 670 1082 1067 431 412 101 101 161 132 57 48 
New BC onsets:  0
BC status:  4883 117 
BC subtype:  4883 85 32 

clinical_engagement 
diagnosis 
demography 
75 new agents 
10 dtreferralsatt10 smreferralsatt233 
disease_progression 
H-positive risk:  668 726 102 1074 413 99 1089 430 135 48 161 55 
H-negative risk:  726 668 1089 1074 430 413 99 102 161 135 55 48 
New BC onsets:  0
BC status:  4884 116 
BC subtype:  4884 83 33 

clinical_engagement 
diagnosis 
demography 
80 new agents 
16 dtreferralsatt16 smreferralsatt234 
disease_progression 
H-positive risk:  672 729 102 1071 411 101 1088 427 136 48 161 54 
H-negative risk:  729 672 1088 1071 427 411 101 102 161 136 54 48 
New BC onsets:  0
BC status:  4884 116 
BC subtype:  4884 83 33 

clinical_engagement 
diagnosis 
demography 
91 new agents 
6 dtreferralsatt6 smreferralsatt235 
disease_progression 
H-positive risk:  677 726 100 1065 406 103 1089 431 136 50 163 54 
H-negative risk:  726 677 1089 1065 431 406 103 100 163 136 54 50 
New BC onsets:  0
BC status:  4888 112 
BC subtype:  4888 79 33 

clinical_engagement 
diagnosis 
demography 
81 new agents 
7 dtreferralsatt7 smreferralsatt236 
disease_progression 
H-positive risk:  680 732 99 1068 405 105 1085 426 136 46 159 59 
H-negative risk:  732 680 1085 1068 426 405 105 99 159 136 59 46 
New BC onsets:  0
BC status:  4889 111 
BC subtype:  4889 78 33 

clinical_engagement 
diagnosis 
demography 
78 new agents 
11 dtreferralsatt11 smreferralsatt237 
disease_progression 
H-positive risk:  686 731 98 1064 403 103 1089 423 136 47 160 60 
H-negative risk:  731 686 1089 1064 423 403 103 98 160 136 60 47 
New BC onsets:  0
BC status:  4885 115 
BC subtype:  4885 81 34 

clinical_engagement 
diagnosis 
demography 
88 new agents 
11 dtreferralsatt11 smreferralsatt238 
disease_progression 
H-positive risk:  691 740 96 1055 400 103 1085 424 137 48 160 61 
H-negative risk:  740 691 1085 1055 424 400 103 96 160 137 61 48 
New BC onsets:  0
BC status:  4887 113 
BC subtype:  4887 80 33 

clinical_engagement 
diagnosis 
demography 
72 new agents 
12 dtreferralsatt12 smreferralsatt239 
disease_progression 
H-positive risk:  693 733 95 1056 397 104 1082 433 136 50 159 62 
H-negative risk:  733 693 1082 1056 433 397 104 95 159 136 62 50 
New BC onsets:  0
BC status:  4887 113 
BC subtype:  4887 80 33 

clinical_engagement 
diagnosis 
demography 
71 new agents 
10 dtreferralsatt10 smreferralsatt240 
disease_progression 
H-positive risk:  690 729 96 1064 394 106 1082 432 135 50 159 63 
H-negative risk:  729 690 1082 1064 432 394 106 96 159 135 63 50 
New BC onsets:  0
BC status:  4889 111 
BC subtype:  4889 78 33 

clinical_engagement 
diagnosis 
demography 
63 new agents 
11 dtreferralsatt11 smreferralsatt241 
disease_progression 
H-positive risk:  686 732 99 1054 409 107 1075 436 131 52 155 64 
H-negative risk:  732 686 1075 1054 436 409 107 99 155 131 64 52 
New BC onsets:  0
BC status:  4889 111 
BC subtype:  4889 78 33 

clinical_engagement 
diagnosis 
demography 
71 new agents 
7 dtreferralsatt7 smreferralsatt242 
disease_progression 
H-positive risk:  683 722 98 1061 418 108 1082 439 127 51 152 59 
H-negative risk:  722 683 1082 1061 439 418 108 98 152 127 59 51 
New BC onsets:  0
BC status:  4887 113 
BC subtype:  4887 81 32 

clinical_engagement 
diagnosis 
demography 
83 new agents 
14 dtreferralsatt14 smreferralsatt243 
disease_progression 
H-positive risk:  681 718 99 1057 430 104 1084 445 124 50 153 55 
H-negative risk:  718 681 1084 1057 445 430 104 99 153 124 55 50 
New BC onsets:  0
BC status:  4891 109 
BC subtype:  4891 79 30 

clinical_engagement 
diagnosis 
demography 
94 new agents 
8 dtreferralsatt8 smreferralsatt244 
disease_progression 
H-positive risk:  685 719 99 1063 419 103 1085 446 127 47 153 54 
H-negative risk:  719 685 1085 1063 446 419 103 99 153 127 54 47 
New BC onsets:  0
BC status:  4895 105 
BC subtype:  4895 74 31 

clinical_engagement 
diagnosis 
demography 
81 new agents 
12 dtreferralsatt12 smreferralsatt245 
disease_progression 
H-positive risk:  691 719 102 1068 417 106 1081 443 129 42 148 54 
H-negative risk:  719 691 1081 1068 443 417 106 102 148 129 54 42 
New BC onsets:  0
BC status:  4898 102 
BC subtype:  4898 74 28 

clinical_engagement 
diagnosis 
demography 
65 new agents 
17 dtreferralsatt17 smreferralsatt246 
disease_progression 
H-positive risk:  692 723 103 1068 421 103 1072 445 132 44 148 49 
H-negative risk:  723 692 1072 1068 445 421 103 103 148 132 49 44 
New BC onsets:  0
BC status:  4897 103 
BC subtype:  4897 73 30 

clinical_engagement 
diagnosis 
demography 
63 new agents 
11 dtreferralsatt11 smreferralsatt247 
disease_progression 
H-positive risk:  690 722 107 1067 430 100 1064 450 133 42 148 47 
H-negative risk:  722 690 1064 1067 450 430 100 107 148 133 47 42 
New BC onsets:  0
BC status:  4894 106 
BC subtype:  4894 76 30 

clinical_engagement 
diagnosis 
demography 
73 new agents 
12 dtreferralsatt12 smreferralsatt248 
disease_progression 
H-positive risk:  685 724 106 1062 430 100 1070 451 132 43 148 49 
H-negative risk:  724 685 1070 1062 451 430 100 106 148 132 49 43 
New BC onsets:  0
BC status:  4896 104 
BC subtype:  4896 76 28 

clinical_engagement 
diagnosis 
demography 
76 new agents 
10 dtreferralsatt10 smreferralsatt249 
disease_progression 
H-positive risk:  692 731 102 1058 427 99 1071 446 132 42 151 49 
H-negative risk:  731 692 1071 1058 446 427 99 102 151 132 49 42 
New BC onsets:  0
BC status:  4895 105 
BC subtype:  4895 79 26 

clinical_engagement 
diagnosis 
demography 
78 new agents 
13 dtreferralsatt13 smreferralsatt250 
disease_progression 
H-positive risk:  690 721 102 1064 424 99 1080 444 133 43 152 48 
H-negative risk:  721 690 1080 1064 444 424 99 102 152 133 48 43 
New BC onsets:  0
BC status:  4893 107 
BC subtype:  4893 81 26 

clinical_engagement 
diagnosis 
demography 
78 new agents 
6 dtreferralsatt6 smreferralsatt251 
disease_progression 
H-positive risk:  684 724 102 1058 427 98 1082 448 135 39 151 52 
H-negative risk:  724 684 1082 1058 448 427 98 102 151 135 52 39 
New BC onsets:  0
BC status:  4895 105 
BC subtype:  4895 80 25 

clinical_engagement 
diagnosis 
demography 
64 new agents 
15 dtreferralsatt15 smreferralsatt252 
disease_progression 
H-positive risk:  681 726 103 1056 431 93 1075 457 133 43 150 52 
H-negative risk:  726 681 1075 1056 457 431 93 103 150 133 52 43 
New BC onsets:  0
BC status:  4895 105 
BC subtype:  4895 80 25 

clinical_engagement 
diagnosis 
demography 
84 new agents 
10 dtreferralsatt10 smreferralsatt253 
disease_progression 
H-positive risk:  678 725 104 1068 422 93 1085 451 131 43 150 50 
H-negative risk:  725 678 1085 1068 451 422 93 104 150 131 50 43 
New BC onsets:  0
BC status:  4894 106 
BC subtype:  4894 80 26 

clinical_engagement 
diagnosis 
demography 
77 new agents 
6 dtreferralsatt6 smreferralsatt254 
disease_progression 
H-positive risk:  675 722 106 1078 416 90 1090 445 133 43 151 51 
H-negative risk:  722 675 1090 1078 445 416 90 106 151 133 51 43 
New BC onsets:  0
BC status:  4894 106 
BC subtype:  4894 80 26 

clinical_engagement 
diagnosis 
demography 
92 new agents 
17 dtreferralsatt17 smreferralsatt255 
disease_progression 
H-positive risk:  678 729 109 1071 409 89 1092 443 133 46 146 55 
H-negative risk:  729 678 1092 1071 443 409 89 109 146 133 55 46 
New BC onsets:  0
BC status:  4896 104 
BC subtype:  4896 81 23 

clinical_engagement 
diagnosis 
demography 
83 new agents 
6 dtreferralsatt6 smreferralsatt256 
disease_progression 
H-positive risk:  682 730 109 1082 398 92 1094 435 132 46 145 55 
H-negative risk:  730 682 1094 1082 435 398 92 109 145 132 55 46 
New BC onsets:  0
BC status:  4897 103 
BC subtype:  4897 80 23 

clinical_engagement 
diagnosis 
demography 
69 new agents 
13 dtreferralsatt13 smreferralsatt257 
disease_progression 
H-positive risk:  680 736 108 1080 400 90 1091 430 135 48 146 56 
H-negative risk:  736 680 1091 1080 430 400 90 108 146 135 56 48 
New BC onsets:  0
BC status:  4897 103 
BC subtype:  4897 80 23 

clinical_engagement 
diagnosis 
demography 
67 new agents 
15 dtreferralsatt15 smreferralsatt258 
disease_progression 
H-positive risk:  678 738 107 1068 404 88 1100 426 136 52 147 56 
H-negative risk:  738 678 1100 1068 426 404 88 107 147 136 56 52 
New BC onsets:  0
BC status:  4900 100 
BC subtype:  4900 78 22 

clinical_engagement 
diagnosis 
demography 
69 new agents 
8 dtreferralsatt8 smreferralsatt259 
disease_progression 
H-positive risk:  680 727 108 1067 407 85 1101 432 136 51 150 56 
H-negative risk:  727 680 1101 1067 432 407 85 108 150 136 56 51 
New BC onsets:  0
BC status:  4901 99 
BC subtype:  4901 77 22 

clinical_engagement 
diagnosis 
demography 
82 new agents 
16 dtreferralsatt16 smreferralsatt260 
disease_progression 
H-positive risk:  684 725 109 1067 408 88 1098 428 136 53 145 59 
H-negative risk:  725 684 1098 1067 428 408 88 109 145 136 59 53 
New BC onsets:  0
BC status:  4899 101 
BC subtype:  4899 78 23 

clinical_engagement 
diagnosis 
demography 
72 new agents 
6 dtreferralsatt6 smreferralsatt261 
disease_progression 
H-positive risk:  678 724 111 1072 413 88 1094 432 132 53 146 57 
H-negative risk:  724 678 1094 1072 432 413 88 111 146 132 57 53 
New BC onsets:  0
BC status:  4895 105 
BC subtype:  4895 82 23 

clinical_engagement 
diagnosis 
demography 
92 new agents 
7 dtreferralsatt7 smreferralsatt262 
disease_progression 
H-positive risk:  680 729 110 1065 410 87 1103 430 133 52 144 57 
H-negative risk:  729 680 1103 1065 430 410 87 110 144 133 57 52 
New BC onsets:  0
BC status:  4897 103 
BC subtype:  4897 80 23 

clinical_engagement 
diagnosis 
demography 
81 new agents 
5 dtreferralsatt5 smreferralsatt263 
disease_progression 
H-positive risk:  679 728 110 1065 403 85 1110 434 134 51 141 60 
H-negative risk:  728 679 1110 1065 434 403 85 110 141 134 60 51 
New BC onsets:  0
BC status:  4901 99 
BC subtype:  4901 76 23 

clinical_engagement 
diagnosis 
demography 
67 new agents 
9 dtreferralsatt9 smreferralsatt264 
disease_progression 
H-positive risk:  676 730 112 1059 400 86 1117 436 135 50 139 60 
H-negative risk:  730 676 1117 1059 436 400 86 112 139 135 60 50 
New BC onsets:  0
BC status:  4901 99 
BC subtype:  4901 76 23 

clinical_engagement 
diagnosis 
demography 
64 new agents 
5 dtreferralsatt5 smreferralsatt265 
disease_progression 
H-positive risk:  687 732 113 1063 399 84 1103 438 136 50 137 58 
H-negative risk:  732 687 1103 1063 438 399 84 113 137 136 58 50 
New BC onsets:  0
BC status:  4899 101 
BC subtype:  4899 78 23 

clinical_engagement 
diagnosis 
demography 
89 new agents 
15 dtreferralsatt15 smreferralsatt266 
disease_progression 
H-positive risk:  687 741 114 1064 389 83 1105 437 138 51 135 56 
H-negative risk:  741 687 1105 1064 437 389 83 114 135 138 56 51 
New BC onsets:  0
BC status:  4899 101 
BC subtype:  4899 77 24 

clinical_engagement 
diagnosis 
demography 
62 new agents 
10 dtreferralsatt10 smreferralsatt267 
disease_progression 
H-positive risk:  686 735 118 1072 389 83 1101 436 138 53 134 55 
H-negative risk:  735 686 1101 1072 436 389 83 118 134 138 55 53 
New BC onsets:  0
BC status:  4897 103 
BC subtype:  4897 77 26 

clinical_engagement 
diagnosis 
demography 
74 new agents 
14 dtreferralsatt14 smreferralsatt268 
disease_progression 
H-positive risk:  686 736 118 1073 395 84 1095 434 139 50 136 54 
H-negative risk:  736 686 1095 1073 434 395 84 118 136 139 54 50 
New BC onsets:  0
BC status:  4898 102 
BC subtype:  4898 77 25 

clinical_engagement 
diagnosis 
demography 
75 new agents 
11 dtreferralsatt11 smreferralsatt269 
disease_progression 
H-positive risk:  692 724 118 1077 399 83 1089 435 144 48 135 56 
H-negative risk:  724 692 1089 1077 435 399 83 118 135 144 56 48 
New BC onsets:  0
BC status:  4900 100 
BC subtype:  4900 75 25 

clinical_engagement 
diagnosis 
demography 
70 new agents 
6 dtreferralsatt6 smreferralsatt270 
disease_progression 
H-positive risk:  692 721 118 1073 403 84 1085 440 144 47 138 55 
H-negative risk:  721 692 1085 1073 440 403 84 118 138 144 55 47 
New BC onsets:  0
BC status:  4900 100 
BC subtype:  4900 75 25 

clinical_engagement 
diagnosis 
demography 
78 new agents 
8 dtreferralsatt8 smreferralsatt271 
disease_progression 
H-positive risk:  692 722 116 1075 400 88 1088 436 143 45 142 53 
H-negative risk:  722 692 1088 1075 436 400 88 116 142 143 53 45 
New BC onsets:  0
BC status:  4896 104 
BC subtype:  4896 79 25 

clinical_engagement 
diagnosis 
demography 
69 new agents 
13 dtreferralsatt13 smreferralsatt272 
disease_progression 
H-positive risk:  677 721 109 1075 400 88 1096 440 145 44 147 58 
H-negative risk:  721 677 1096 1075 440 400 88 109 147 145 58 44 
New BC onsets:  0
BC status:  4898 102 
BC subtype:  4898 80 22 

clinical_engagement 
diagnosis 
demography 
87 new agents 
11 dtreferralsatt11 smreferralsatt273 
disease_progression 
H-positive risk:  676 717 107 1076 398 89 1107 434 148 42 148 58 
H-negative risk:  717 676 1107 1076 434 398 89 107 148 148 58 42 
New BC onsets:  0
BC status:  4899 101 
BC subtype:  4899 81 20 

clinical_engagement 
diagnosis 
demography 
75 new agents 
3 dtreferralsatt3 smreferralsatt274 
disease_progression 
H-positive risk:  681 711 109 1080 401 89 1104 427 147 43 152 56 
H-negative risk:  711 681 1104 1080 427 401 89 109 152 147 56 43 
New BC onsets:  0
BC status:  4900 100 
BC subtype:  4900 79 21 

clinical_engagement 
diagnosis 
demography 
73 new agents 
10 dtreferralsatt10 smreferralsatt275 
disease_progression 
H-positive risk:  682 710 106 1085 403 87 1104 425 150 42 153 53 
H-negative risk:  710 682 1104 1085 425 403 87 106 153 150 53 42 
New BC onsets:  0
BC status:  4904 96 
BC subtype:  4904 76 20 

clinical_engagement 
diagnosis 
demography 
82 new agents 
11 dtreferralsatt11 smreferralsatt276 
disease_progression 
H-positive risk:  675 715 109 1088 405 89 1098 425 151 37 156 52 
H-negative risk:  715 675 1098 1088 425 405 89 109 156 151 52 37 
New BC onsets:  0
BC status:  4905 95 
BC subtype:  4905 75 20 

clinical_engagement 
diagnosis 
demography 
64 new agents 
11 dtreferralsatt11 smreferralsatt277 
disease_progression 
H-positive risk:  674 712 107 1095 410 89 1094 422 148 37 157 55 
H-negative risk:  712 674 1094 1095 422 410 89 107 157 148 55 37 
New BC onsets:  0
BC status:  4907 93 
BC subtype:  4907 73 20 

clinical_engagement 
diagnosis 
demography 
83 new agents 
8 dtreferralsatt8 smreferralsatt278 
disease_progression 
H-positive risk:  673 709 108 1102 406 87 1100 417 147 41 156 54 
H-negative risk:  709 673 1100 1102 417 406 87 108 156 147 54 41 
New BC onsets:  0
BC status:  4907 93 
BC subtype:  4907 73 20 

clinical_engagement 
diagnosis 
demography 
72 new agents 
10 dtreferralsatt10 smreferralsatt279 
disease_progression 
H-positive risk:  671 707 108 1106 403 90 1094 420 145 42 158 56 
H-negative risk:  707 671 1094 1106 420 403 90 108 158 145 56 42 
New BC onsets:  0
BC status:  4907 93 
BC subtype:  4907 74 19 

clinical_engagement 
diagnosis 
demography 
58 new agents 
15 dtreferralsatt15 smreferralsatt280 
disease_progression 
H-positive risk:  673 697 105 1111 405 88 1094 427 147 42 158 53 
H-negative risk:  697 673 1094 1111 427 405 88 105 158 147 53 42 
New BC onsets:  0
BC status:  4906 94 
BC subtype:  4906 74 20 

clinical_engagement 
diagnosis 
demography 
73 new agents 
7 dtreferralsatt7 smreferralsatt281 
disease_progression 
H-positive risk:  675 695 104 1116 404 86 1092 425 149 40 159 55 
H-negative risk:  695 675 1092 1116 425 404 86 104 159 149 55 40 
New BC onsets:  0
BC status:  4906 94 
BC subtype:  4906 75 19 

clinical_engagement 
diagnosis 
demography 
83 new agents 
10 dtreferralsatt10 smreferralsatt282 
disease_progression 
H-positive risk:  679 691 104 1119 409 85 1080 429 148 42 157 57 
H-negative risk:  691 679 1080 1119 429 409 85 104 157 148 57 42 
New BC onsets:  0
BC status:  4911 89 
BC subtype:  4911 70 19 

clinical_engagement 
diagnosis 
demography 
87 new agents 
8 dtreferralsatt8 smreferralsatt283 
disease_progression 
H-positive risk:  678 694 102 1115 411 85 1072 432 148 43 163 57 
H-negative risk:  694 678 1072 1115 432 411 85 102 163 148 57 43 
New BC onsets:  0
BC status:  4914 86 
BC subtype:  4914 69 17 

clinical_engagement 
diagnosis 
demography 
68 new agents 
8 dtreferralsatt8 smreferralsatt284 
disease_progression 
H-positive risk:  683 690 101 1113 408 88 1069 433 150 42 160 63 
H-negative risk:  690 683 1069 1113 433 408 88 101 160 150 63 42 
New BC onsets:  0
BC status:  4914 86 
BC subtype:  4914 70 16 

clinical_engagement 
diagnosis 
demography 
79 new agents 
8 dtreferralsatt8 smreferralsatt285 
disease_progression 
H-positive risk:  678 690 99 1107 419 88 1075 428 152 43 159 62 
H-negative risk:  690 678 1075 1107 428 419 88 99 159 152 62 43 
New BC onsets:  0
BC status:  4911 89 
BC subtype:  4911 73 16 

clinical_engagement 
diagnosis 
demography 
78 new agents 
6 dtreferralsatt6 smreferralsatt286 
disease_progression 
H-positive risk:  664 696 100 1114 415 88 1085 422 150 48 155 63 
H-negative risk:  696 664 1085 1114 422 415 88 100 155 150 63 48 
New BC onsets:  0
BC status:  4909 91 
BC subtype:  4909 75 16 

clinical_engagement 
diagnosis 
demography 
91 new agents 
12 dtreferralsatt12 smreferralsatt287 
disease_progression 
H-positive risk:  679 693 99 1111 414 88 1077 420 148 49 160 62 
H-negative risk:  693 679 1077 1111 420 414 88 99 160 148 62 49 
New BC onsets:  0
BC status:  4909 91 
BC subtype:  4909 75 16 

clinical_engagement 
diagnosis 
demography 
71 new agents 
15 dtreferralsatt15 smreferralsatt288 
disease_progression 
H-positive risk:  685 694 101 1109 417 87 1069 417 152 47 160 62 
H-negative risk:  694 685 1069 1109 417 417 87 101 160 152 62 47 
New BC onsets:  0
BC status:  4912 88 
BC subtype:  4912 72 16 

clinical_engagement 
diagnosis 
demography 
76 new agents 
10 dtreferralsatt10 smreferralsatt289 
disease_progression 
H-positive risk:  687 696 103 1114 413 86 1070 416 152 46 157 60 
H-negative risk:  696 687 1070 1114 416 413 86 103 157 152 60 46 
New BC onsets:  0
BC status:  4909 91 
BC subtype:  4909 75 16 

clinical_engagement 
diagnosis 
demography 
71 new agents 
12 dtreferralsatt12 smreferralsatt290 
disease_progression 
H-positive risk:  684 693 102 1114 409 85 1073 421 155 46 158 60 
H-negative risk:  693 684 1073 1114 421 409 85 102 158 155 60 46 
New BC onsets:  0
BC status:  4906 94 
BC subtype:  4906 78 16 

clinical_engagement 
diagnosis 
demography 
80 new agents 
7 dtreferralsatt7 smreferralsatt291 
disease_progression 
H-positive risk:  691 689 98 1114 414 86 1072 414 154 47 160 61 
H-negative risk:  689 691 1072 1114 414 414 86 98 160 154 61 47 
New BC onsets:  0
BC status:  4909 91 
BC subtype:  4909 75 16 

clinical_engagement 
diagnosis 
demography 
74 new agents 
12 dtreferralsatt12 smreferralsatt292 
disease_progression 
H-positive risk:  697 685 98 1113 415 85 1065 419 155 47 158 63 
H-negative risk:  685 697 1065 1113 419 415 85 98 158 155 63 47 
New BC onsets:  0
BC status:  4907 93 
BC subtype:  4907 74 19 

clinical_engagement 
diagnosis 
demography 
60 new agents 
9 dtreferralsatt9 smreferralsatt293 
disease_progression 
H-positive risk:  695 679 98 1111 419 85 1069 422 156 49 155 62 
H-negative risk:  679 695 1069 1111 422 419 85 98 155 156 62 49 
New BC onsets:  0
BC status:  4905 95 
BC subtype:  4905 75 20 

clinical_engagement 
diagnosis 
demography 
81 new agents 
10 dtreferralsatt10 smreferralsatt294 
disease_progression 
H-positive risk:  697 682 100 1112 414 84 1068 422 156 49 155 61 
H-negative risk:  682 697 1068 1112 422 414 84 100 155 156 61 49 
New BC onsets:  0
BC status:  4899 101 
BC subtype:  4899 79 22 

clinical_engagement 
diagnosis 
demography 
69 new agents 
6 dtreferralsatt6 smreferralsatt295 
disease_progression 
H-positive risk:  703 678 101 1118 412 83 1063 421 153 49 158 61 
H-negative risk:  678 703 1063 1118 421 412 83 101 158 153 61 49 
New BC onsets:  0
BC status:  4896 104 
BC subtype:  4896 82 22 

clinical_engagement 
diagnosis 
demography 
59 new agents 
14 dtreferralsatt14 smreferralsatt296 
disease_progression 
H-positive risk:  702 674 103 1118 418 85 1054 425 151 51 157 62 
H-negative risk:  674 702 1054 1118 425 418 85 103 157 151 62 51 
New BC onsets:  0
BC status:  4895 105 
BC subtype:  4895 83 22 

clinical_engagement 
diagnosis 
demography 
77 new agents 
4 dtreferralsatt4 smreferralsatt297 
disease_progression 
H-positive risk:  699 673 104 1114 421 84 1048 433 153 53 156 62 
H-negative risk:  673 699 1048 1114 433 421 84 104 156 153 62 53 
New BC onsets:  0
BC status:  4890 110 
BC subtype:  4890 86 24 

clinical_engagement 
diagnosis 
demography 
68 new agents 
5 dtreferralsatt5 smreferralsatt298 
disease_progression 
H-positive risk:  697 666 102 1129 418 85 1054 429 155 50 154 61 
H-negative risk:  666 697 1054 1129 429 418 85 102 154 155 61 50 
New BC onsets:  0
BC status:  4887 113 
BC subtype:  4887 89 24 

clinical_engagement 
diagnosis 
demography 
69 new agents 
7 dtreferralsatt7 smreferralsatt299 
disease_progression 
H-positive risk:  692 668 105 1128 420 84 1051 433 155 51 150 63 
H-negative risk:  668 692 1051 1128 433 420 84 105 150 155 63 51 
New BC onsets:  0
BC status:  4888 112 
BC subtype:  4888 88 24 

clinical_engagement 
diagnosis 
demography 
81 new agents 
8 dtreferralsatt8 smreferralsatt300 
disease_progression 
H-positive risk:  692 657 103 1131 419 86 1055 432 159 50 145 71 
H-negative risk:  657 692 1055 1131 432 419 86 103 145 159 71 50 
New BC onsets:  0
BC status:  4890 110 
BC subtype:  4890 86 24 

clinical_engagement 
diagnosis 
demography 
87 new agents 
10 dtreferralsatt10 smreferralsattTime difference of 16.64649 mins
This is task 2
date
