date
Note that the current default version of R is 3.6.1.
Loading required package: network
network: Classes for Relational Data
Version 1.15 created on 2019-04-01.
copyright (c) 2005, Carter T. Butts, University of California-Irvine
                    Mark S. Handcock, University of California -- Los Angeles
                    David R. Hunter, Penn State University
                    Martina Morris, University of Washington
                    Skye Bender-deMoll, University of Washington
 For citation information, type citation("network").
 Type help("network-package") to get started.


networkDynamic: version 0.10.0, created on 2019-04-04
Copyright (c) 2019, Carter T. Butts, University of California -- Irvine
                    Ayn Leslie-Cook, University of Washington
                    Pavel N. Krivitsky, University of Wollongong
                    Skye Bender-deMoll, University of Washington
                    with contributions from
                    Zack Almquist, University of California -- Irvine
                    David R. Hunter, Penn State University
                    Li Wang
                    Kirk Li, University of Washington
                    Steven M. Goodreau, University of Washington
                    Jeffrey Horner
                    Martina Morris, University of Washington
Based on "statnet" project software (statnet.org).
For license and citation information see statnet.org/attribution
or type citation("networkDynamic").

Loading required package: statnet.common

Attaching package: 'statnet.common'

The following object is masked from 'package:base':

    order

sna: Tools for Social Network Analysis
Version 2.4 created on 2016-07-23.
copyright (c) 2005, Carter T. Butts, University of California-Irvine
 For citation information, type citation("sna").
 Type help(package="sna") to get started.


ergm: version 3.10.4, created on 2019-06-10
Copyright (c) 2019, Mark S. Handcock, University of California -- Los Angeles
                    David R. Hunter, Penn State University
                    Carter T. Butts, University of California -- Irvine
                    Steven M. Goodreau, University of Washington
                    Pavel N. Krivitsky, University of Wollongong
                    Martina Morris, University of Washington
                    with contributions from
                    Li Wang
                    Kirk Li, University of Washington
                    Skye Bender-deMoll, University of Washington
                    Chad Klumb
Based on "statnet" project software (statnet.org).
For license and citation information see statnet.org/attribution
or type citation("ergm").

NOTE: Versions before 3.6.1 had a bug in the implementation of the bd()
constriant which distorted the sampled distribution somewhat. In
addition, Sampson's Monks datasets had mislabeled vertices. See the
NEWS and the documentation for more details.

NOTE: Some common term arguments pertaining to vertex attribute and
level selection have changed in 3.10.0. See terms help for more
details. Use 'options(ergm.term=list(version="3.9.4"))' to use old
behavior.


tergm: version 3.6.1, created on 2019-06-12
Copyright (c) 2019, Pavel N. Krivitsky, University of Wollongong
                    Mark S. Handcock, University of California -- Los Angeles
                    with contributions from
                    David R. Hunter, Penn State University
                    Steven M. Goodreau, University of Washington
                    Martina Morris, University of Washington
                    Nicole Bohme Carnegie, New York University
                    Carter T. Butts, University of California -- Irvine
                    Ayn Leslie-Cook, University of Washington
                    Skye Bender-deMoll
                    Li Wang
                    Kirk Li, University of Washington
Based on "statnet" project software (statnet.org).
For license and citation information see statnet.org/attribution
or type citation("tergm").

Unable to match target stats. Using MCMLE estimation.
Starting maximum pseudolikelihood estimation (MPLE):
Evaluating the predictor and response matrix.
Maximizing the pseudolikelihood.
Finished MPLE.
Starting Monte Carlo maximum likelihood estimation (MCMLE):
Iteration 1 of at most 500:
Optimizing with step length 0.400668574295686.
The log-likelihood improved by 4.334.
Iteration 2 of at most 500:
Optimizing with step length 0.626892924309935.
The log-likelihood improved by 3.193.
Iteration 3 of at most 500:
Optimizing with step length 1.
The log-likelihood improved by 2.519.
Step length converged once. Increasing MCMC sample size.
Iteration 4 of at most 500:
Optimizing with step length 1.
The log-likelihood improved by 0.1378.
Step length converged twice. Stopping.
Finished MCMLE.
This model was fit using MCMC.  To examine model diagnostics and check
for degeneracy, use the mcmc.diagnostics() function.
 degree0  degree1  degree2  degree3  degree4  degree5  degree6  degree7 
       4       15     1264     1080      848      362      354      351 
 degree8  degree9 degree10 degree11 degree12 degree13 degree14 degree15 
     249      195      110       83       51       14       11        4 
degree16 degree17 
       3        2 
1 
disease_progression 
H-positive risk:  880 921 122 831 456 125 857 408 137 74 124 65 
H-negative risk:  921 880 857 831 408 456 125 122 124 137 65 74 
New BC onsets:  0
BC status:  5000 
BC subtype:  5000 

clinical_engagement 
diagnosis 
demography 
71 new agents 
2 dtreferralsatt2 smreferralsatt2 
disease_progression 
H-positive risk:  887 925 126 828 456 125 855 402 135 70 124 67 
H-negative risk:  925 887 855 828 402 456 125 126 124 135 67 70 
New BC onsets:  0
BC status:  4998 2 
BC subtype:  4998 2 

clinical_engagement 
diagnosis 
demography 
69 new agents 
1 dtreferralsatt1 smreferralsatt3 
disease_progression 
H-positive risk:  893 940 129 825 448 124 854 392 134 68 124 69 
H-negative risk:  940 893 854 825 392 448 124 129 124 134 69 68 
New BC onsets:  0
BC status:  4992 8 
BC subtype:  4992 8 

clinical_engagement 
diagnosis 
demography 
60 new agents 
1 dtreferralsatt1 smreferralsatt4 
disease_progression 
H-positive risk:  904 945 127 820 443 123 851 393 135 68 122 69 
H-negative risk:  945 904 851 820 393 443 123 127 122 135 69 68 
New BC onsets:  0
BC status:  4992 8 
BC subtype:  4992 8 

clinical_engagement 
diagnosis 
demography 
64 new agents 
4 dtreferralsatt4 smreferralsatt5 
disease_progression 
H-positive risk:  907 955 126 818 436 123 858 389 132 66 121 69 
H-negative risk:  955 907 858 818 389 436 123 126 121 132 69 66 
New BC onsets:  0
BC status:  4992 8 
BC subtype:  4992 8 

clinical_engagement 
diagnosis 
demography 
60 new agents 
1 dtreferralsatt1 smreferralsatt6 
disease_progression 
H-positive risk:  917 963 126 809 434 124 854 389 128 65 122 69 
H-negative risk:  963 917 854 809 389 434 124 126 122 128 69 65 
New BC onsets:  0
BC status:  4991 9 
BC subtype:  4991 9 

clinical_engagement 
diagnosis 
demography 
48 new agents 
6 dtreferralsatt6 smreferralsatt7 
disease_progression 
H-positive risk:  925 967 126 808 431 124 851 388 124 65 123 68 
H-negative risk:  967 925 851 808 388 431 124 126 123 124 68 65 
New BC onsets:  0
BC status:  4984 16 
BC subtype:  4984 16 

clinical_engagement 
diagnosis 
demography 
52 new agents 
3 dtreferralsatt3 smreferralsatt8 
disease_progression 
H-positive risk:  925 973 126 807 429 124 849 385 125 65 126 66 
H-negative risk:  973 925 849 807 385 429 124 126 126 125 66 65 
New BC onsets:  0
BC status:  4980 20 
BC subtype:  4980 19 1 

clinical_engagement 
diagnosis 
demography 
60 new agents 
3 dtreferralsatt3 smreferralsatt9 
disease_progression 
H-positive risk:  935 977 125 806 428 124 845 385 124 61 126 64 
H-negative risk:  977 935 845 806 385 428 124 125 126 124 64 61 
New BC onsets:  0
BC status:  4978 22 
BC subtype:  4978 21 1 

clinical_engagement 
diagnosis 
demography 
65 new agents 
9 dtreferralsatt9 smreferralsatt10 
disease_progression 
H-positive risk:  939 981 126 796 425 124 851 385 126 58 127 62 
H-negative risk:  981 939 851 796 385 425 124 126 127 126 62 58 
New BC onsets:  0
BC status:  4975 25 
BC subtype:  4975 24 1 

clinical_engagement 
diagnosis 
demography 
60 new agents 
4 dtreferralsatt4 smreferralsatt11 
disease_progression 
H-positive risk:  945 986 127 798 421 123 852 382 123 54 127 62 
H-negative risk:  986 945 852 798 382 421 123 127 127 123 62 54 
New BC onsets:  0
BC status:  4974 26 
BC subtype:  4974 25 1 

clinical_engagement 
diagnosis 
demography 
71 new agents 
11 dtreferralsatt11 smreferralsatt12 
disease_progression 
H-positive risk:  949 985 129 794 415 125 862 378 120 55 127 61 
H-negative risk:  985 949 862 794 378 415 125 129 127 120 61 55 
New BC onsets:  0
BC status:  4971 29 
BC subtype:  4971 28 1 

clinical_engagement 
diagnosis 
demography 
67 new agents 
8 dtreferralsatt8 smreferralsatt13 
disease_progression 
H-positive risk:  878 908 121 866 413 117 934 377 129 53 141 63 
H-negative risk:  908 878 934 866 377 413 117 121 141 129 63 53 
New BC onsets:  0
BC status:  4969 31 
BC subtype:  4969 30 1 

clinical_engagement 
diagnosis 
demography 
181 new agents 
9 dtreferralsatt9 smreferralsatt14 
disease_progression 
H-positive risk:  907 929 122 820 426 126 880 411 116 66 142 55 
H-negative risk:  929 907 880 820 411 426 126 122 142 116 55 66 
New BC onsets:  0
BC status:  4963 37 
BC subtype:  4963 35 2 

clinical_engagement 
diagnosis 
demography 
62 new agents 
3 dtreferralsatt3 smreferralsatt15 
disease_progression 
H-positive risk:  910 937 121 826 422 127 875 403 115 63 146 55 
H-negative risk:  937 910 875 826 403 422 127 121 146 115 55 63 
New BC onsets:  0
BC status:  4960 40 
BC subtype:  4960 38 2 

clinical_engagement 
diagnosis 
demography 
66 new agents 
7 dtreferralsatt7 smreferralsatt16 
disease_progression 
H-positive risk:  913 943 123 831 416 129 869 396 114 64 146 56 
H-negative risk:  943 913 869 831 396 416 129 123 146 114 56 64 
New BC onsets:  0
BC status:  4957 43 
BC subtype:  4957 40 3 

clinical_engagement 
diagnosis 
demography 
72 new agents 
10 dtreferralsatt10 smreferralsatt17 
disease_progression 
H-positive risk:  917 952 126 840 403 128 867 393 110 63 147 54 
H-negative risk:  952 917 867 840 393 403 128 126 147 110 54 63 
New BC onsets:  0
BC status:  4954 46 
BC subtype:  4954 42 4 

clinical_engagement 
diagnosis 
demography 
53 new agents 
11 dtreferralsatt11 smreferralsatt18 
disease_progression 
H-positive risk:  920 950 130 842 398 129 866 391 111 62 147 54 
H-negative risk:  950 920 866 842 391 398 129 130 147 111 54 62 
New BC onsets:  0
BC status:  4951 49 
BC subtype:  4951 44 5 

clinical_engagement 
diagnosis 
demography 
65 new agents 
10 dtreferralsatt10 smreferralsatt19 
disease_progression 
H-positive risk:  936 951 131 845 388 129 863 387 110 62 145 53 
H-negative risk:  951 936 863 845 387 388 129 131 145 110 53 62 
New BC onsets:  0
BC status:  4949 51 
BC subtype:  4949 45 6 

clinical_engagement 
diagnosis 
demography 
59 new agents 
9 dtreferralsatt9 smreferralsatt20 
disease_progression 
H-positive risk:  936 961 130 849 384 132 861 379 112 59 144 53 
H-negative risk:  961 936 861 849 379 384 132 130 144 112 53 59 
New BC onsets:  0
BC status:  4948 52 
BC subtype:  4948 46 6 

clinical_engagement 
diagnosis 
demography 
70 new agents 
10 dtreferralsatt10 smreferralsatt21 
disease_progression 
H-positive risk:  945 962 131 848 383 134 858 378 110 53 145 53 
H-negative risk:  962 945 858 848 378 383 134 131 145 110 53 53 
New BC onsets:  0
BC status:  4947 53 
BC subtype:  4947 47 6 

clinical_engagement 
diagnosis 
demography 
56 new agents 
9 dtreferralsatt9 smreferralsatt22 
disease_progression 
H-positive risk:  950 966 132 850 370 135 862 376 110 53 144 52 
H-negative risk:  966 950 862 850 376 370 135 132 144 110 52 53 
New BC onsets:  0
BC status:  4946 54 
BC subtype:  4946 48 6 

clinical_engagement 
diagnosis 
demography 
66 new agents 
9 dtreferralsatt9 smreferralsatt23 
disease_progression 
H-positive risk:  953 968 134 849 363 136 871 372 108 53 140 53 
H-negative risk:  968 953 871 849 372 363 136 134 140 108 53 53 
New BC onsets:  0
BC status:  4944 56 
BC subtype:  4944 50 6 

clinical_engagement 
diagnosis 
demography 
56 new agents 
6 dtreferralsatt6 smreferralsatt24 
disease_progression 
H-positive risk:  951 971 137 855 353 134 874 368 110 53 142 52 
H-negative risk:  971 951 874 855 368 353 134 137 142 110 52 53 
New BC onsets:  0
BC status:  4940 60 
BC subtype:  4940 54 6 

clinical_engagement 
diagnosis 
demography 
67 new agents 
11 dtreferralsatt11 smreferralsatt25 
disease_progression 
H-positive risk:  878 901 129 925 351 121 951 363 125 51 154 51 
H-negative risk:  901 878 951 925 363 351 121 129 154 125 51 51 
New BC onsets:  0
BC status:  4938 62 
BC subtype:  4938 56 6 

clinical_engagement 
diagnosis 
demography 
172 new agents 
13 dtreferralsatt13 smreferralsatt26 
disease_progression 
H-positive risk:  896 918 132 885 371 125 917 375 121 56 144 60 
H-negative risk:  918 896 917 885 375 371 125 132 144 121 60 56 
New BC onsets:  0
BC status:  4936 64 
BC subtype:  4936 57 7 

clinical_engagement 
diagnosis 
demography 
57 new agents 
10 dtreferralsatt10 smreferralsatt27 
disease_progression 
H-positive risk:  893 918 135 890 370 127 916 372 121 55 143 60 
H-negative risk:  918 893 916 890 372 370 127 135 143 121 60 55 
New BC onsets:  0
BC status:  4935 65 
BC subtype:  4935 58 7 

clinical_engagement 
diagnosis 
demography 
57 new agents 
9 dtreferralsatt9 smreferralsatt28 
disease_progression 
H-positive risk:  899 916 134 892 369 127 915 370 122 54 144 58 
H-negative risk:  916 899 915 892 370 369 127 134 144 122 58 54 
New BC onsets:  0
BC status:  4933 67 
BC subtype:  4933 58 9 

clinical_engagement 
diagnosis 
demography 
68 new agents 
8 dtreferralsatt8 smreferralsatt29 
disease_progression 
H-positive risk:  897 911 133 889 368 129 923 373 118 55 146 58 
H-negative risk:  911 897 923 889 373 368 129 133 146 118 58 55 
New BC onsets:  0
BC status:  4930 70 
BC subtype:  4930 61 9 

clinical_engagement 
diagnosis 
demography 
66 new agents 
13 dtreferralsatt13 smreferralsatt30 
disease_progression 
H-positive risk:  903 915 133 887 364 130 918 370 118 56 148 58 
H-negative risk:  915 903 918 887 370 364 130 133 148 118 58 56 
New BC onsets:  0
BC status:  4929 71 
BC subtype:  4929 62 9 

clinical_engagement 
diagnosis 
demography 
76 new agents 
7 dtreferralsatt7 smreferralsatt31 
disease_progression 
H-positive risk:  907 912 135 892 367 129 912 371 119 54 146 56 
H-negative risk:  912 907 912 892 371 367 129 135 146 119 56 54 
New BC onsets:  0
BC status:  4926 74 
BC subtype:  4926 65 9 

clinical_engagement 
diagnosis 
demography 
55 new agents 
9 dtreferralsatt9 smreferralsatt32 
disease_progression 
H-positive risk:  903 918 135 893 374 128 905 370 120 55 143 56 
H-negative risk:  918 903 905 893 370 374 128 135 143 120 56 55 
New BC onsets:  0
BC status:  4925 75 
BC subtype:  4925 66 9 

clinical_engagement 
diagnosis 
demography 
69 new agents 
6 dtreferralsatt6 smreferralsatt33 
disease_progression 
H-positive risk:  909 929 135 890 369 128 901 364 123 54 143 55 
H-negative risk:  929 909 901 890 364 369 128 135 143 123 55 54 
New BC onsets:  0
BC status:  4925 75 
BC subtype:  4925 67 8 

clinical_engagement 
diagnosis 
demography 
67 new agents 
12 dtreferralsatt12 smreferralsatt34 
disease_progression 
H-positive risk:  911 929 137 887 364 126 903 363 125 57 145 53 
H-negative risk:  929 911 903 887 363 364 126 137 145 125 53 57 
New BC onsets:  0
BC status:  4920 80 
BC subtype:  4920 72 8 

clinical_engagement 
diagnosis 
demography 
53 new agents 
11 dtreferralsatt11 smreferralsatt35 
disease_progression 
H-positive risk:  912 928 139 882 364 129 908 358 126 57 144 53 
H-negative risk:  928 912 908 882 358 364 129 139 144 126 53 57 
New BC onsets:  0
BC status:  4919 81 
BC subtype:  4919 73 8 

clinical_engagement 
diagnosis 
demography 
72 new agents 
13 dtreferralsatt13 smreferralsatt36 
disease_progression 
H-positive risk:  916 937 138 884 363 128 909 350 124 54 144 53 
H-negative risk:  937 916 909 884 350 363 128 138 144 124 53 54 
New BC onsets:  0
BC status:  4922 78 
BC subtype:  4922 70 8 

clinical_engagement 
diagnosis 
demography 
72 new agents 
11 dtreferralsatt11 smreferralsatt37 
disease_progression 
H-positive risk:  876 856 125 968 365 121 959 339 132 52 155 52 
H-negative risk:  856 876 959 968 339 365 121 125 155 132 52 52 
New BC onsets:  0
BC status:  4919 81 
BC subtype:  4919 73 8 

clinical_engagement 
diagnosis 
demography 
169 new agents 
7 dtreferralsatt7 smreferralsatt38 
disease_progression 
H-positive risk:  893 872 129 940 375 118 929 357 133 47 151 56 
H-negative risk:  872 893 929 940 357 375 118 129 151 133 56 47 
New BC onsets:  0
BC status:  4917 83 
BC subtype:  4917 76 7 

clinical_engagement 
diagnosis 
demography 
61 new agents 
12 dtreferralsatt12 smreferralsatt39 
disease_progression 
H-positive risk:  896 873 131 935 374 117 927 356 133 52 149 57 
H-negative risk:  873 896 927 935 356 374 117 131 149 133 57 52 
New BC onsets:  0
BC status:  4918 82 
BC subtype:  4918 75 7 

clinical_engagement 
diagnosis 
demography 
64 new agents 
12 dtreferralsatt12 smreferralsatt40 
disease_progression 
H-positive risk:  900 874 133 938 367 116 931 355 131 51 148 56 
H-negative risk:  874 900 931 938 355 367 116 133 148 131 56 51 
New BC onsets:  0
BC status:  4916 84 
BC subtype:  4916 77 7 

clinical_engagement 
diagnosis 
demography 
65 new agents 
12 dtreferralsatt12 smreferralsatt41 
disease_progression 
H-positive risk:  894 882 131 944 363 121 923 353 131 51 151 56 
H-negative risk:  882 894 923 944 353 363 121 131 151 131 56 51 
New BC onsets:  0
BC status:  4914 86 
BC subtype:  4914 79 7 

clinical_engagement 
diagnosis 
demography 
59 new agents 
14 dtreferralsatt14 smreferralsatt42 
disease_progression 
H-positive risk:  900 883 133 945 362 120 920 350 127 51 152 57 
H-negative risk:  883 900 920 945 350 362 120 133 152 127 57 51 
New BC onsets:  0
BC status:  4911 89 
BC subtype:  4911 80 9 

clinical_engagement 
diagnosis 
demography 
60 new agents 
6 dtreferralsatt6 smreferralsatt43 
disease_progression 
H-positive risk:  898 888 131 937 366 121 929 345 126 50 153 56 
H-negative risk:  888 898 929 937 345 366 121 131 153 126 56 50 
New BC onsets:  0
BC status:  4912 88 
BC subtype:  4912 79 9 

clinical_engagement 
diagnosis 
demography 
68 new agents 
9 dtreferralsatt9 smreferralsatt44 
disease_progression 
H-positive risk:  903 893 130 936 365 122 923 342 127 53 152 54 
H-negative risk:  893 903 923 936 342 365 122 130 152 127 54 53 
New BC onsets:  0
BC status:  4906 94 
BC subtype:  4906 85 9 

clinical_engagement 
diagnosis 
demography 
51 new agents 
13 dtreferralsatt13 smreferralsatt45 
disease_progression 
H-positive risk:  903 893 131 936 360 122 923 345 126 53 152 56 
H-negative risk:  893 903 923 936 345 360 122 131 152 126 56 53 
New BC onsets:  0
BC status:  4904 96 
BC subtype:  4904 86 10 

clinical_engagement 
diagnosis 
demography 
73 new agents 
4 dtreferralsatt4 smreferralsatt46 
disease_progression 
H-positive risk:  905 897 133 939 359 123 921 337 127 52 153 54 
H-negative risk:  897 905 921 939 337 359 123 133 153 127 54 52 
New BC onsets:  0
BC status:  4905 95 
BC subtype:  4905 85 10 

clinical_engagement 
diagnosis 
demography 
72 new agents 
12 dtreferralsatt12 smreferralsatt47 
disease_progression 
H-positive risk:  914 903 137 930 359 124 915 333 125 52 154 54 
H-negative risk:  903 914 915 930 333 359 124 137 154 125 54 52 
New BC onsets:  0
BC status:  4905 95 
BC subtype:  4905 85 10 

clinical_engagement 
diagnosis 
demography 
62 new agents 
12 dtreferralsatt12 smreferralsatt48 
disease_progression 
H-positive risk:  910 908 139 938 353 126 921 323 122 50 157 53 
H-negative risk:  908 910 921 938 323 353 126 139 157 122 53 50 
New BC onsets:  0
BC status:  4909 91 
BC subtype:  4909 81 10 

clinical_engagement 
diagnosis 
demography 
64 new agents 
9 dtreferralsatt9 smreferralsatt49 
disease_progression 
H-positive risk:  855 840 129 1009 350 114 974 328 133 50 166 52 
H-negative risk:  840 855 974 1009 328 350 114 129 166 133 52 50 
New BC onsets:  0
BC status:  4905 95 
BC subtype:  4905 85 10 

clinical_engagement 
diagnosis 
demography 
123 new agents 
9 dtreferralsatt9 smreferralsatt50 
disease_progression 
H-positive risk:  857 849 129 981 369 115 957 346 119 58 167 53 
H-negative risk:  849 857 957 981 346 369 115 129 167 119 53 58 
New BC onsets:  0
BC status:  4904 96 
BC subtype:  4904 84 12 

clinical_engagement 
diagnosis 
demography 
73 new agents 
8 dtreferralsatt8 smreferralsatt51 
disease_progression 
H-positive risk:  862 856 130 976 370 117 955 340 117 58 163 56 
H-negative risk:  856 862 955 976 340 370 117 130 163 117 56 58 
New BC onsets:  0
BC status:  4906 94 
BC subtype:  4906 83 11 

clinical_engagement 
diagnosis 
demography 
61 new agents 
6 dtreferralsatt6 smreferralsatt52 
disease_progression 
H-positive risk:  863 861 128 975 372 118 948 343 115 57 165 55 
H-negative risk:  861 863 948 975 343 372 118 128 165 115 55 57 
New BC onsets:  0
BC status:  4908 92 
BC subtype:  4908 81 11 

clinical_engagement 
diagnosis 
demography 
75 new agents 
14 dtreferralsatt14 smreferralsatt53 
disease_progression 
H-positive risk:  869 859 129 975 368 117 958 330 119 59 165 52 
H-negative risk:  859 869 958 975 330 368 117 129 165 119 52 59 
New BC onsets:  0
BC status:  4908 92 
BC subtype:  4908 81 11 

clinical_engagement 
diagnosis 
demography 
73 new agents 
14 dtreferralsatt14 smreferralsatt54 
disease_progression 
H-positive risk:  871 858 130 972 375 121 957 321 122 58 166 49 
H-negative risk:  858 871 957 972 321 375 121 130 166 122 49 58 
New BC onsets:  0
BC status:  4908 92 
BC subtype:  4908 81 11 

clinical_engagement 
diagnosis 
demography 
66 new agents 
9 dtreferralsatt9 smreferralsatt55 
disease_progression 
H-positive risk:  866 860 129 970 377 121 961 322 125 58 163 48 
H-negative risk:  860 866 961 970 322 377 121 129 163 125 48 58 
New BC onsets:  0
BC status:  4908 92 
BC subtype:  4908 81 11 

clinical_engagement 
diagnosis 
demography 
60 new agents 
14 dtreferralsatt14 smreferralsatt56 
disease_progression 
H-positive risk:  861 857 133 968 373 123 965 326 125 59 162 48 
H-negative risk:  857 861 965 968 326 373 123 133 162 125 48 59 
New BC onsets:  0
BC status:  4910 90 
BC subtype:  4910 78 12 

clinical_engagement 
diagnosis 
demography 
70 new agents 
11 dtreferralsatt11 smreferralsatt57 
disease_progression 
H-positive risk:  866 859 133 966 378 124 963 322 123 58 160 48 
H-negative risk:  859 866 963 966 322 378 124 133 160 123 48 58 
New BC onsets:  0
BC status:  4912 88 
BC subtype:  4912 77 11 

clinical_engagement 
diagnosis 
demography 
70 new agents 
19 dtreferralsatt19 smreferralsatt58 
disease_progression 
H-positive risk:  876 850 133 971 378 122 962 322 122 56 161 47 
H-negative risk:  850 876 962 971 322 378 122 133 161 122 47 56 
New BC onsets:  0
BC status:  4911 89 
BC subtype:  4911 78 11 

clinical_engagement 
diagnosis 
demography 
66 new agents 
9 dtreferralsatt9 smreferralsatt59 
disease_progression 
H-positive risk:  883 852 135 970 376 122 962 322 121 51 158 48 
H-negative risk:  852 883 962 970 322 376 122 135 158 121 48 51 
New BC onsets:  0
BC status:  4908 92 
BC subtype:  4908 79 13 

clinical_engagement 
diagnosis 
demography 
63 new agents 
18 dtreferralsatt18 smreferralsatt60 
disease_progression 
H-positive risk:  889 849 135 971 372 121 958 321 123 51 162 48 
H-negative risk:  849 889 958 971 321 372 121 135 162 123 48 51 
New BC onsets:  0
BC status:  4907 93 
BC subtype:  4907 79 14 

clinical_engagement 
diagnosis 
demography 
56 new agents 
7 dtreferralsatt7 smreferralsatt61 
disease_progression 
H-positive risk:  829 800 122 1021 375 116 1013 325 128 50 171 50 
H-negative risk:  800 829 1013 1021 325 375 116 122 171 128 50 50 
New BC onsets:  0
BC status:  4903 97 
BC subtype:  4903 83 14 

clinical_engagement 
diagnosis 
demography 
129 new agents 
16 dtreferralsatt16 smreferralsatt62 
disease_progression 
H-positive risk:  840 803 121 1007 383 116 1001 327 119 57 166 60 
H-negative risk:  803 840 1001 1007 327 383 116 121 166 119 60 57 
New BC onsets:  0
BC status:  4901 99 
BC subtype:  4901 85 14 

clinical_engagement 
diagnosis 
demography 
79 new agents 
11 dtreferralsatt11 smreferralsatt63 
disease_progression 
H-positive risk:  845 807 120 1002 383 115 997 330 117 57 167 60 
H-negative risk:  807 845 997 1002 330 383 115 120 167 117 60 57 
New BC onsets:  0
BC status:  4903 97 
BC subtype:  4903 83 14 

clinical_engagement 
diagnosis 
demography 
71 new agents 
17 dtreferralsatt17 smreferralsatt64 
disease_progression 
H-positive risk:  850 803 122 1011 378 117 998 324 114 57 168 58 
H-negative risk:  803 850 998 1011 324 378 117 122 168 114 58 57 
New BC onsets:  0
BC status:  4901 99 
BC subtype:  4901 85 14 

clinical_engagement 
diagnosis 
demography 
64 new agents 
5 dtreferralsatt5 smreferralsatt65 
disease_progression 
H-positive risk:  848 805 121 1007 375 118 1002 324 117 57 170 56 
H-negative risk:  805 848 1002 1007 324 375 118 121 170 117 56 57 
New BC onsets:  0
BC status:  4901 99 
BC subtype:  4901 84 15 

clinical_engagement 
diagnosis 
demography 
72 new agents 
5 dtreferralsatt5 smreferralsatt66 
disease_progression 
H-positive risk:  849 806 119 998 380 119 1000 329 118 56 171 55 
H-negative risk:  806 849 1000 998 329 380 119 119 171 118 55 56 
New BC onsets:  0
BC status:  4903 97 
BC subtype:  4903 82 15 

clinical_engagement 
diagnosis 
demography 
65 new agents 
11 dtreferralsatt11 smreferralsatt67 
disease_progression 
H-positive risk:  852 808 119 989 376 120 1007 322 122 56 172 57 
H-negative risk:  808 852 1007 989 322 376 120 119 172 122 57 56 
New BC onsets:  0
BC status:  4905 95 
BC subtype:  4905 79 16 

clinical_engagement 
diagnosis 
demography 
70 new agents 
5 dtreferralsatt5 smreferralsatt68 
disease_progression 
H-positive risk:  854 813 121 984 375 122 1001 321 125 58 170 56 
H-negative risk:  813 854 1001 984 321 375 122 121 170 125 56 58 
New BC onsets:  0
BC status:  4905 95 
BC subtype:  4905 80 15 

clinical_engagement 
diagnosis 
demography 
64 new agents 
7 dtreferralsatt7 smreferralsatt69 
disease_progression 
H-positive risk:  859 805 121 988 374 124 1000 319 124 58 173 55 
H-negative risk:  805 859 1000 988 319 374 124 121 173 124 55 58 
New BC onsets:  0
BC status:  4910 90 
BC subtype:  4910 75 15 

clinical_engagement 
diagnosis 
demography 
62 new agents 
9 dtreferralsatt9 smreferralsatt70 
disease_progression 
H-positive risk:  856 808 121 987 373 125 995 323 125 58 174 55 
H-negative risk:  808 856 995 987 323 373 125 121 174 125 55 58 
New BC onsets:  0
BC status:  4911 89 
BC subtype:  4911 73 16 

clinical_engagement 
diagnosis 
demography 
73 new agents 
10 dtreferralsatt10 smreferralsatt71 
disease_progression 
H-positive risk:  855 806 120 991 373 125 994 329 125 57 171 54 
H-negative risk:  806 855 994 991 329 373 125 120 171 125 54 57 
New BC onsets:  0
BC status:  4909 91 
BC subtype:  4909 73 18 

clinical_engagement 
diagnosis 
demography 
70 new agents 
3 dtreferralsatt3 smreferralsatt72 
disease_progression 
H-positive risk:  855 814 118 975 372 124 999 332 127 58 171 55 
H-negative risk:  814 855 999 975 332 372 124 118 171 127 55 58 
New BC onsets:  0
BC status:  4911 89 
BC subtype:  4911 71 18 

clinical_engagement 
diagnosis 
demography 
75 new agents 
5 dtreferralsatt5 smreferralsatt73 
disease_progression 
H-positive risk:  803 771 112 1025 363 119 1055 331 135 54 178 54 
H-negative risk:  771 803 1055 1025 331 363 119 112 178 135 54 54 
New BC onsets:  0
BC status:  4914 86 
BC subtype:  4914 68 18 

clinical_engagement 
diagnosis 
demography 
115 new agents 
11 dtreferralsatt11 smreferralsatt74 
disease_progression 
H-positive risk:  808 770 113 1007 374 116 1054 334 131 56 170 67 
H-negative risk:  770 808 1054 1007 334 374 116 113 170 131 67 56 
New BC onsets:  0
BC status:  4911 89 
BC subtype:  4911 70 19 

clinical_engagement 
diagnosis 
demography 
83 new agents 
11 dtreferralsatt11 smreferralsatt75 
disease_progression 
H-positive risk:  812 782 113 999 373 118 1062 319 131 53 172 66 
H-negative risk:  782 812 1062 999 319 373 118 113 172 131 66 53 
New BC onsets:  0
BC status:  4914 86 
BC subtype:  4914 70 16 

clinical_engagement 
diagnosis 
demography 
79 new agents 
9 dtreferralsatt9 smreferralsatt76 
disease_progression 
H-positive risk:  823 782 113 997 370 117 1056 320 131 52 172 67 
H-negative risk:  782 823 1056 997 320 370 117 113 172 131 67 52 
New BC onsets:  0
BC status:  4916 84 
BC subtype:  4916 69 15 

clinical_engagement 
diagnosis 
demography 
71 new agents 
9 dtreferralsatt9 smreferralsatt77 
disease_progression 
H-positive risk:  825 785 116 991 372 117 1061 317 131 51 169 65 
H-negative risk:  785 825 1061 991 317 372 117 116 169 131 65 51 
New BC onsets:  0
BC status:  4916 84 
BC subtype:  4916 68 16 

clinical_engagement 
diagnosis 
demography 
71 new agents 
8 dtreferralsatt8 smreferralsatt78 
disease_progression 
H-positive risk:  823 782 119 993 370 116 1053 322 135 52 167 68 
H-negative risk:  782 823 1053 993 322 370 116 119 167 135 68 52 
New BC onsets:  0
BC status:  4915 85 
BC subtype:  4915 70 15 

clinical_engagement 
diagnosis 
demography 
69 new agents 
10 dtreferralsatt10 smreferralsatt79 
disease_progression 
H-positive risk:  817 785 119 986 370 115 1058 329 133 54 166 68 
H-negative risk:  785 817 1058 986 329 370 115 119 166 133 68 54 
New BC onsets:  0
BC status:  4915 85 
BC subtype:  4915 70 15 

clinical_engagement 
diagnosis 
demography 
79 new agents 
10 dtreferralsatt10 smreferralsatt80 
disease_progression 
H-positive risk:  816 791 115 989 367 116 1055 330 134 52 168 67 
H-negative risk:  791 816 1055 989 330 367 116 115 168 134 67 52 
New BC onsets:  0
BC status:  4915 85 
BC subtype:  4915 71 14 

clinical_engagement 
diagnosis 
demography 
83 new agents 
7 dtreferralsatt7 smreferralsatt81 
disease_progression 
H-positive risk:  816 792 117 993 359 121 1056 332 132 51 167 64 
H-negative risk:  792 816 1056 993 332 359 121 117 167 132 64 51 
New BC onsets:  0
BC status:  4911 89 
BC subtype:  4911 74 15 

clinical_engagement 
diagnosis 
demography 
63 new agents 
10 dtreferralsatt10 smreferralsatt82 
disease_progression 
H-positive risk:  815 793 116 997 356 118 1058 330 135 50 169 63 
H-negative risk:  793 815 1058 997 330 356 118 116 169 135 63 50 
New BC onsets:  0
BC status:  4910 90 
BC subtype:  4910 75 15 

clinical_engagement 
diagnosis 
demography 
74 new agents 
7 dtreferralsatt7 smreferralsatt83 
disease_progression 
H-positive risk:  817 795 115 997 358 116 1060 333 134 49 167 59 
H-negative risk:  795 817 1060 997 333 358 116 115 167 134 59 49 
New BC onsets:  0
BC status:  4904 96 
BC subtype:  4904 81 15 

clinical_engagement 
diagnosis 
demography 
63 new agents 
14 dtreferralsatt14 smreferralsatt84 
disease_progression 
H-positive risk:  816 796 113 994 360 115 1062 334 135 50 168 57 
H-negative risk:  796 816 1062 994 334 360 115 113 168 135 57 50 
New BC onsets:  0
BC status:  4904 96 
BC subtype:  4904 81 15 

clinical_engagement 
diagnosis 
demography 
54 new agents 
7 dtreferralsatt7 smreferralsatt85 
disease_progression 
H-positive risk:  756 761 109 1032 368 106 1105 337 144 50 176 56 
H-negative risk:  761 756 1105 1032 337 368 106 109 176 144 56 50 
New BC onsets:  0
BC status:  4904 96 
BC subtype:  4904 81 15 

clinical_engagement 
diagnosis 
demography 
95 new agents 
12 dtreferralsatt12 smreferralsatt86 
disease_progression 
H-positive risk:  750 766 109 1021 383 103 1078 373 142 48 169 58 
H-negative risk:  766 750 1078 1021 373 383 103 109 169 142 58 48 
New BC onsets:  0
BC status:  4905 95 
BC subtype:  4905 80 15 

clinical_engagement 
diagnosis 
demography 
67 new agents 
9 dtreferralsatt9 smreferralsatt87 
disease_progression 
H-positive risk:  754 761 110 1020 385 103 1079 370 138 52 169 59 
H-negative risk:  761 754 1079 1020 370 385 103 110 169 138 59 52 
New BC onsets:  0
BC status:  4904 96 
BC subtype:  4904 81 15 

clinical_engagement 
diagnosis 
demography 
82 new agents 
10 dtreferralsatt10 smreferralsatt88 
disease_progression 
H-positive risk:  759 764 110 1027 381 102 1080 367 132 54 164 60 
H-negative risk:  764 759 1080 1027 367 381 102 110 164 132 60 54 
New BC onsets:  0
BC status:  4908 92 
BC subtype:  4908 77 15 

clinical_engagement 
diagnosis 
demography 
74 new agents 
10 dtreferralsatt10 smreferralsatt89 
disease_progression 
H-positive risk:  766 763 110 1022 378 102 1071 369 135 55 165 64 
H-negative risk:  763 766 1071 1022 369 378 102 110 165 135 64 55 
New BC onsets:  0
BC status:  4909 91 
BC subtype:  4909 75 16 

clinical_engagement 
diagnosis 
demography 
67 new agents 
12 dtreferralsatt12 smreferralsatt90 
disease_progression 
H-positive risk:  762 769 108 1031 369 104 1067 374 131 56 163 66 
H-negative risk:  769 762 1067 1031 374 369 104 108 163 131 66 56 
New BC onsets:  0
BC status:  4907 93 
BC subtype:  4907 77 16 

clinical_engagement 
diagnosis 
demography 
74 new agents 
17 dtreferralsatt17 smreferralsatt91 
disease_progression 
H-positive risk:  759 779 109 1025 370 104 1063 375 130 56 164 66 
H-negative risk:  779 759 1063 1025 375 370 104 109 164 130 66 56 
New BC onsets:  0
BC status:  4903 97 
BC subtype:  4903 81 16 

clinical_engagement 
diagnosis 
demography 
75 new agents 
7 dtreferralsatt7 smreferralsatt92 
disease_progression 
H-positive risk:  767 775 110 1029 370 104 1055 377 127 57 165 64 
H-negative risk:  775 767 1055 1029 377 370 104 110 165 127 64 57 
New BC onsets:  0
BC status:  4907 93 
BC subtype:  4907 77 16 

clinical_engagement 
diagnosis 
demography 
80 new agents 
17 dtreferralsatt17 smreferralsatt93 
disease_progression 
H-positive risk:  776 776 112 1028 358 102 1060 376 124 61 163 64 
H-negative risk:  776 776 1060 1028 376 358 102 112 163 124 64 61 
New BC onsets:  0
BC status:  4905 95 
BC subtype:  4905 79 16 

clinical_engagement 
diagnosis 
demography 
68 new agents 
14 dtreferralsatt14 smreferralsatt94 
disease_progression 
H-positive risk:  781 777 115 1031 355 99 1059 377 124 60 161 61 
H-negative risk:  777 781 1059 1031 377 355 99 115 161 124 61 60 
New BC onsets:  0
BC status:  4911 89 
BC subtype:  4911 73 16 

clinical_engagement 
diagnosis 
demography 
77 new agents 
9 dtreferralsatt9 smreferralsatt95 
disease_progression 
H-positive risk:  782 775 116 1038 350 97 1060 374 123 60 162 63 
H-negative risk:  775 782 1060 1038 374 350 97 116 162 123 63 60 
New BC onsets:  0
BC status:  4913 87 
BC subtype:  4913 72 15 

clinical_engagement 
diagnosis 
demography 
86 new agents 
14 dtreferralsatt14 smreferralsatt96 
disease_progression 
H-positive risk:  779 786 117 1046 346 98 1052 375 121 60 156 64 
H-negative risk:  786 779 1052 1046 375 346 98 117 156 121 64 60 
New BC onsets:  0
BC status:  4905 95 
BC subtype:  4905 73 22 

clinical_engagement 
diagnosis 
demography 
63 new agents 
8 dtreferralsatt8 smreferralsatt97 
disease_progression 
H-positive risk:  754 751 116 1082 342 93 1084 373 123 58 158 66 
H-negative risk:  751 754 1084 1082 373 342 93 116 158 123 66 58 
New BC onsets:  0
BC status:  4901 99 
BC subtype:  4901 75 24 

clinical_engagement 
diagnosis 
demography 
87 new agents 
12 dtreferralsatt12 smreferralsatt98 
disease_progression 
H-positive risk:  759 747 113 1072 350 93 1069 386 130 58 157 66 
H-negative risk:  747 759 1069 1072 386 350 93 113 157 130 66 58 
New BC onsets:  0
BC status:  4899 101 
BC subtype:  4899 77 24 

clinical_engagement 
diagnosis 
demography 
80 new agents 
9 dtreferralsatt9 smreferralsatt99 
disease_progression 
H-positive risk:  760 752 109 1065 351 92 1069 386 130 60 159 67 
H-negative risk:  752 760 1069 1065 386 351 92 109 159 130 67 60 
New BC onsets:  0
BC status:  4900 100 
BC subtype:  4900 74 26 

clinical_engagement 
diagnosis 
demography 
92 new agents 
13 dtreferralsatt13 smreferralsatt100 
disease_progression 
H-positive risk:  752 759 108 1068 354 97 1071 381 131 56 160 63 
H-negative risk:  759 752 1071 1068 381 354 97 108 160 131 63 56 
New BC onsets:  0
BC status:  4901 99 
BC subtype:  4901 73 26 

clinical_engagement 
diagnosis 
demography 
61 new agents 
8 dtreferralsatt8 smreferralsatt101 
disease_progression 
H-positive risk:  758 763 107 1060 360 96 1068 382 128 56 160 62 
H-negative risk:  763 758 1068 1060 382 360 96 107 160 128 62 56 
New BC onsets:  0
BC status:  4897 103 
BC subtype:  4897 77 26 

clinical_engagement 
diagnosis 
demography 
64 new agents 
9 dtreferralsatt9 smreferralsatt102 
disease_progression 
H-positive risk:  754 758 109 1064 358 94 1071 386 130 52 162 62 
H-negative risk:  758 754 1071 1064 386 358 94 109 162 130 62 52 
New BC onsets:  0
BC status:  4896 104 
BC subtype:  4896 77 27 

clinical_engagement 
diagnosis 
demography 
59 new agents 
8 dtreferralsatt8 smreferralsatt103 
disease_progression 
H-positive risk:  750 754 108 1076 354 95 1066 391 131 52 161 62 
H-negative risk:  754 750 1066 1076 391 354 95 108 161 131 62 52 
New BC onsets:  0
BC status:  4896 104 
BC subtype:  4896 78 26 

clinical_engagement 
diagnosis 
demography 
67 new agents 
9 dtreferralsatt9 smreferralsatt104 
disease_progression 
H-positive risk:  751 755 107 1074 353 94 1067 397 129 54 158 61 
H-negative risk:  755 751 1067 1074 397 353 94 107 158 129 61 54 
New BC onsets:  0
BC status:  4897 103 
BC subtype:  4897 77 26 

clinical_engagement 
diagnosis 
demography 
76 new agents 
23 dtreferralsatt23 smreferralsatt105 
disease_progression 
H-positive risk:  749 752 107 1081 348 96 1069 394 133 50 157 64 
H-negative risk:  752 749 1069 1081 394 348 96 107 157 133 64 50 
New BC onsets:  0
BC status:  4897 103 
BC subtype:  4897 78 25 

clinical_engagement 
diagnosis 
demography 
85 new agents 
5 dtreferralsatt5 smreferralsatt106 
disease_progression 
H-positive risk:  756 755 110 1084 348 96 1062 386 136 48 156 63 
H-negative risk:  755 756 1062 1084 386 348 96 110 156 136 63 48 
New BC onsets:  0
BC status:  4896 104 
BC subtype:  4896 79 25 

clinical_engagement 
diagnosis 
demography 
73 new agents 
10 dtreferralsatt10 smreferralsatt107 
disease_progression 
H-positive risk:  760 759 109 1071 354 94 1062 383 136 50 159 63 
H-negative risk:  759 760 1062 1071 383 354 94 109 159 136 63 50 
New BC onsets:  0
BC status:  4898 102 
BC subtype:  4898 78 24 

clinical_engagement 
diagnosis 
demography 
81 new agents 
17 dtreferralsatt17 smreferralsatt108 
disease_progression 
H-positive risk:  758 756 109 1076 354 90 1070 377 138 50 157 65 
H-negative risk:  756 758 1070 1076 377 354 90 109 157 138 65 50 
New BC onsets:  0
BC status:  4897 103 
BC subtype:  4897 80 23 

clinical_engagement 
diagnosis 
demography 
74 new agents 
11 dtreferralsatt11 smreferralsatt109 
disease_progression 
H-positive risk:  730 707 104 1120 353 83 1107 374 146 48 165 63 
H-negative risk:  707 730 1107 1120 374 353 83 104 165 146 63 48 
New BC onsets:  0
BC status:  4898 102 
BC subtype:  4898 79 23 

clinical_engagement 
diagnosis 
demography 
111 new agents 
9 dtreferralsatt9 smreferralsatt110 
disease_progression 
H-positive risk:  731 708 100 1112 362 86 1097 388 143 42 168 63 
H-negative risk:  708 731 1097 1112 388 362 86 100 168 143 63 42 
New BC onsets:  0
BC status:  4896 104 
BC subtype:  4896 82 22 

clinical_engagement 
diagnosis 
demography 
80 new agents 
9 dtreferralsatt9 smreferralsatt111 
disease_progression 
H-positive risk:  734 715 102 1099 371 86 1081 392 142 42 173 63 
H-negative risk:  715 734 1081 1099 392 371 86 102 173 142 63 42 
New BC onsets:  0
BC status:  4897 103 
BC subtype:  4897 81 22 

clinical_engagement 
diagnosis 
demography 
66 new agents 
12 dtreferralsatt12 smreferralsatt112 
disease_progression 
H-positive risk:  731 710 106 1099 372 85 1084 392 141 43 175 62 
H-negative risk:  710 731 1084 1099 392 372 85 106 175 141 62 43 
New BC onsets:  0
BC status:  4900 100 
BC subtype:  4900 79 21 

clinical_engagement 
diagnosis 
demography 
69 new agents 
11 dtreferralsatt11 smreferralsatt113 
disease_progression 
H-positive risk:  737 705 105 1099 359 89 1089 394 140 42 178 63 
H-negative risk:  705 737 1089 1099 394 359 89 105 178 140 63 42 
New BC onsets:  0
BC status:  4897 103 
BC subtype:  4897 82 21 

clinical_engagement 
diagnosis 
demography 
80 new agents 
3 dtreferralsatt3 smreferralsatt114 
disease_progression 
H-positive risk:  725 710 110 1095 356 87 1098 395 142 41 180 61 
H-negative risk:  710 725 1098 1095 395 356 87 110 180 142 61 41 
New BC onsets:  0
BC status:  4894 106 
BC subtype:  4894 85 21 

clinical_engagement 
diagnosis 
demography 
64 new agents 
12 dtreferralsatt12 smreferralsatt115 
disease_progression 
H-positive risk:  726 713 109 1097 359 88 1087 396 139 42 181 63 
H-negative risk:  713 726 1087 1097 396 359 88 109 181 139 63 42 
New BC onsets:  0
BC status:  4891 109 
BC subtype:  4891 88 21 

clinical_engagement 
diagnosis 
demography 
57 new agents 
13 dtreferralsatt13 smreferralsatt116 
disease_progression 
H-positive risk:  719 717 110 1102 361 87 1085 395 139 42 182 61 
H-negative risk:  717 719 1085 1102 395 361 87 110 182 139 61 42 
New BC onsets:  0
BC status:  4889 111 
BC subtype:  4889 90 21 

clinical_engagement 
diagnosis 
demography 
67 new agents 
7 dtreferralsatt7 smreferralsatt117 
disease_progression 
H-positive risk:  717 716 110 1103 365 86 1088 392 140 42 180 61 
H-negative risk:  716 717 1088 1103 392 365 86 110 180 140 61 42 
New BC onsets:  0
BC status:  4889 111 
BC subtype:  4889 89 22 

clinical_engagement 
diagnosis 
demography 
93 new agents 
10 dtreferralsatt10 smreferralsatt118 
disease_progression 
H-positive risk:  718 708 109 1111 367 86 1091 388 141 41 182 58 
H-negative risk:  708 718 1091 1111 388 367 86 109 182 141 58 41 
New BC onsets:  0
BC status:  4889 111 
BC subtype:  4889 89 22 

clinical_engagement 
diagnosis 
demography 
62 new agents 
7 dtreferralsatt7 smreferralsatt119 
disease_progression 
H-positive risk:  712 713 109 1110 366 86 1093 386 139 44 183 59 
H-negative risk:  713 712 1093 1110 386 366 86 109 183 139 59 44 
New BC onsets:  0
BC status:  4888 112 
BC subtype:  4888 91 21 

clinical_engagement 
diagnosis 
demography 
73 new agents 
12 dtreferralsatt12 smreferralsatt120 
disease_progression 
H-positive risk:  717 710 110 1113 364 85 1094 382 138 42 188 57 
H-negative risk:  710 717 1094 1113 382 364 85 110 188 138 57 42 
New BC onsets:  0
BC status:  4888 112 
BC subtype:  4888 92 20 

clinical_engagement 
diagnosis 
demography 
83 new agents 
8 dtreferralsatt8 smreferralsatt121 
disease_progression 
H-positive risk:  688 661 108 1164 360 81 1136 378 141 41 189 53 
H-negative risk:  661 688 1136 1164 378 360 81 108 189 141 53 41 
New BC onsets:  0
BC status:  4885 115 
BC subtype:  4885 94 21 

clinical_engagement 
diagnosis 
demography 
79 new agents 
12 dtreferralsatt12 smreferralsatt122 
disease_progression 
H-positive risk:  689 648 108 1162 374 80 1114 405 141 45 181 53 
H-negative risk:  648 689 1114 1162 405 374 80 108 181 141 53 45 
New BC onsets:  0
BC status:  4883 117 
BC subtype:  4883 96 21 

clinical_engagement 
diagnosis 
demography 
91 new agents 
9 dtreferralsatt9 smreferralsatt123 
disease_progression 
H-positive risk:  692 652 109 1164 376 80 1107 405 143 44 174 54 
H-negative risk:  652 692 1107 1164 405 376 80 109 174 143 54 44 
New BC onsets:  0
BC status:  4882 118 
BC subtype:  4882 97 21 

clinical_engagement 
diagnosis 
demography 
69 new agents 
16 dtreferralsatt16 smreferralsatt124 
disease_progression 
H-positive risk:  688 652 112 1162 369 79 1115 405 149 41 171 57 
H-negative risk:  652 688 1115 1162 405 369 79 112 171 149 57 41 
New BC onsets:  0
BC status:  4882 118 
BC subtype:  4882 95 23 

clinical_engagement 
diagnosis 
demography 
69 new agents 
12 dtreferralsatt12 smreferralsatt125 
disease_progression 
H-positive risk:  688 655 111 1155 373 77 1119 400 152 42 171 57 
H-negative risk:  655 688 1119 1155 400 373 77 111 171 152 57 42 
New BC onsets:  0
BC status:  4881 119 
BC subtype:  4881 97 22 

clinical_engagement 
diagnosis 
demography 
80 new agents 
11 dtreferralsatt11 smreferralsatt126 
disease_progression 
H-positive risk:  692 659 109 1152 372 79 1120 393 147 46 173 58 
H-negative risk:  659 692 1120 1152 393 372 79 109 173 147 58 46 
New BC onsets:  0
BC status:  4883 117 
BC subtype:  4883 95 22 

clinical_engagement 
diagnosis 
demography 
71 new agents 
11 dtreferralsatt11 smreferralsatt127 
disease_progression 
H-positive risk:  690 653 114 1159 366 79 1117 395 145 49 175 58 
H-negative risk:  653 690 1117 1159 395 366 79 114 175 145 58 49 
New BC onsets:  0
BC status:  4884 116 
BC subtype:  4884 95 21 

clinical_engagement 
diagnosis 
demography 
88 new agents 
17 dtreferralsatt17 smreferralsatt128 
disease_progression 
H-positive risk:  686 659 113 1161 364 80 1112 394 146 49 176 60 
H-negative risk:  659 686 1112 1161 394 364 80 113 176 146 60 49 
New BC onsets:  0
BC status:  4884 116 
BC subtype:  4884 95 21 

clinical_engagement 
diagnosis 
demography 
63 new agents 
5 dtreferralsatt5 smreferralsatt129 
disease_progression 
H-positive risk:  684 660 112 1164 362 79 1108 394 146 52 179 60 
H-negative risk:  660 684 1108 1164 394 362 79 112 179 146 60 52 
New BC onsets:  0
BC status:  4882 118 
BC subtype:  4882 97 21 

clinical_engagement 
diagnosis 
demography 
75 new agents 
4 dtreferralsatt4 smreferralsatt130 
disease_progression 
H-positive risk:  682 658 110 1167 368 78 1104 391 149 54 180 59 
H-negative risk:  658 682 1104 1167 391 368 78 110 180 149 59 54 
New BC onsets:  0
BC status:  4883 117 
BC subtype:  4883 96 21 

clinical_engagement 
diagnosis 
demography 
66 new agents 
9 dtreferralsatt9 smreferralsatt131 
disease_progression 
H-positive risk:  675 659 111 1163 371 77 1113 396 143 57 175 60 
H-negative risk:  659 675 1113 1163 396 371 77 111 175 143 60 57 
New BC onsets:  0
BC status:  4884 116 
BC subtype:  4884 96 20 

clinical_engagement 
diagnosis 
demography 
77 new agents 
10 dtreferralsatt10 smreferralsatt132 
disease_progression 
H-positive risk:  677 659 112 1159 371 78 1110 401 146 54 175 58 
H-negative risk:  659 677 1110 1159 401 371 78 112 175 146 58 54 
New BC onsets:  0
BC status:  4882 118 
BC subtype:  4882 97 21 

clinical_engagement 
diagnosis 
demography 
69 new agents 
11 dtreferralsatt11 smreferralsatt133 
disease_progression 
H-positive risk:  673 665 112 1156 372 78 1103 406 148 53 175 59 
H-negative risk:  665 673 1103 1156 406 372 78 112 175 148 59 53 
New BC onsets:  0
BC status:  4880 120 
BC subtype:  4880 98 22 

clinical_engagement 
diagnosis 
demography 
78 new agents 
15 dtreferralsatt15 smreferralsatt134 
disease_progression 
H-positive risk:  662 665 112 1143 382 81 1101 414 147 52 176 65 
H-negative risk:  665 662 1101 1143 414 382 81 112 176 147 65 52 
New BC onsets:  0
BC status:  4881 119 
BC subtype:  4881 99 20 

clinical_engagement 
diagnosis 
demography 
87 new agents 
8 dtreferralsatt8 smreferralsatt135 
disease_progression 
H-positive risk:  660 665 113 1141 378 81 1112 409 147 56 173 65 
H-negative risk:  665 660 1112 1141 409 378 81 113 173 147 65 56 
New BC onsets:  0
BC status:  4887 113 
BC subtype:  4887 93 20 

clinical_engagement 
diagnosis 
demography 
63 new agents 
8 dtreferralsatt8 smreferralsatt136 
disease_progression 
H-positive risk:  670 667 112 1131 381 80 1109 408 150 54 172 66 
H-negative risk:  667 670 1109 1131 408 381 80 112 172 150 66 54 
New BC onsets:  0
BC status:  4887 113 
BC subtype:  4887 93 20 

clinical_engagement 
diagnosis 
demography 
71 new agents 
17 dtreferralsatt17 smreferralsatt137 
disease_progression 
H-positive risk:  663 668 111 1133 384 81 1119 404 148 52 169 68 
H-negative risk:  668 663 1119 1133 404 384 81 111 169 148 68 52 
New BC onsets:  0
BC status:  4888 112 
BC subtype:  4888 92 20 

clinical_engagement 
diagnosis 
demography 
71 new agents 
14 dtreferralsatt14 smreferralsatt138 
disease_progression 
H-positive risk:  667 666 109 1141 378 80 1121 403 149 49 171 66 
H-negative risk:  666 667 1121 1141 403 378 80 109 171 149 66 49 
New BC onsets:  0
BC status:  4887 113 
BC subtype:  4887 93 20 

clinical_engagement 
diagnosis 
demography 
74 new agents 
8 dtreferralsatt8 smreferralsatt139 
disease_progression 
H-positive risk:  672 663 109 1140 379 80 1113 408 149 47 175 65 
H-negative risk:  663 672 1113 1140 408 379 80 109 175 149 65 47 
New BC onsets:  0
BC status:  4885 115 
BC subtype:  4885 96 19 

clinical_engagement 
diagnosis 
demography 
77 new agents 
13 dtreferralsatt13 smreferralsatt140 
disease_progression 
H-positive risk:  678 660 107 1145 376 77 1116 402 149 48 180 62 
H-negative risk:  660 678 1116 1145 402 376 77 107 180 149 62 48 
New BC onsets:  0
BC status:  4886 114 
BC subtype:  4886 95 19 

clinical_engagement 
diagnosis 
demography 
71 new agents 
15 dtreferralsatt15 smreferralsatt141 
disease_progression 
H-positive risk:  671 661 108 1141 377 78 1129 399 148 48 177 63 
H-negative risk:  661 671 1129 1141 399 377 78 108 177 148 63 48 
New BC onsets:  0
BC status:  4884 116 
BC subtype:  4884 96 20 

clinical_engagement 
diagnosis 
demography 
62 new agents 
11 dtreferralsatt11 smreferralsatt142 
disease_progression 
H-positive risk:  663 656 109 1145 379 78 1126 407 150 48 175 64 
H-negative risk:  656 663 1126 1145 407 379 78 109 175 150 64 48 
New BC onsets:  0
BC status:  4882 118 
BC subtype:  4882 98 20 

clinical_engagement 
diagnosis 
demography 
69 new agents 
10 dtreferralsatt10 smreferralsatt143 
disease_progression 
H-positive risk:  659 653 111 1150 380 79 1125 406 149 48 177 63 
H-negative risk:  653 659 1125 1150 406 380 79 111 177 149 63 48 
New BC onsets:  0
BC status:  4884 116 
BC subtype:  4884 96 20 

clinical_engagement 
diagnosis 
demography 
61 new agents 
9 dtreferralsatt9 smreferralsatt144 
disease_progression 
H-positive risk:  661 643 110 1154 377 80 1130 404 150 51 175 65 
H-negative risk:  643 661 1130 1154 404 377 80 110 175 150 65 51 
New BC onsets:  0
BC status:  4882 118 
BC subtype:  4882 98 20 

clinical_engagement 
diagnosis 
demography 
87 new agents 
13 dtreferralsatt13 smreferralsatt145 
disease_progression 
H-positive risk:  667 650 110 1153 369 81 1124 396 153 54 179 64 
H-negative risk:  650 667 1124 1153 396 369 81 110 179 153 64 54 
New BC onsets:  0
BC status:  4881 119 
BC subtype:  4881 97 22 

clinical_engagement 
diagnosis 
demography 
99 new agents 
5 dtreferralsatt5 smreferralsatt146 
disease_progression 
H-positive risk:  672 652 111 1145 382 85 1114 397 150 56 174 62 
H-negative risk:  652 672 1114 1145 397 382 85 111 174 150 62 56 
New BC onsets:  0
BC status:  4887 113 
BC subtype:  4887 91 22 

clinical_engagement 
diagnosis 
demography 
87 new agents 
17 dtreferralsatt17 smreferralsatt147 
disease_progression 
H-positive risk:  672 659 110 1144 381 85 1100 398 152 56 180 63 
H-negative risk:  659 672 1100 1144 398 381 85 110 180 152 63 56 
New BC onsets:  0
BC status:  4886 114 
BC subtype:  4886 93 21 

clinical_engagement 
diagnosis 
demography 
76 new agents 
11 dtreferralsatt11 smreferralsatt148 
disease_progression 
H-positive risk:  671 660 111 1141 380 87 1105 401 150 55 176 63 
H-negative risk:  660 671 1105 1141 401 380 87 111 176 150 63 55 
New BC onsets:  0
BC status:  4883 117 
BC subtype:  4883 97 20 

clinical_engagement 
diagnosis 
demography 
64 new agents 
19 dtreferralsatt19 smreferralsatt149 
disease_progression 
H-positive risk:  669 655 111 1143 384 86 1108 397 155 56 173 63 
H-negative risk:  655 669 1108 1143 397 384 86 111 173 155 63 56 
New BC onsets:  0
BC status:  4885 115 
BC subtype:  4885 96 19 

clinical_engagement 
diagnosis 
demography 
57 new agents 
10 dtreferralsatt10 smreferralsatt150 
disease_progression 
H-positive risk:  669 656 113 1144 389 85 1108 385 157 57 173 64 
H-negative risk:  656 669 1108 1144 385 389 85 113 173 157 64 57 
New BC onsets:  0
BC status:  4884 116 
BC subtype:  4884 97 19 

clinical_engagement 
diagnosis 
demography 
85 new agents 
9 dtreferralsatt9 smreferralsatt151 
disease_progression 
H-positive risk:  679 656 111 1145 388 85 1101 384 156 58 174 63 
H-negative risk:  656 679 1101 1145 384 388 85 111 174 156 63 58 
New BC onsets:  0
BC status:  4887 113 
BC subtype:  4887 94 19 

clinical_engagement 
diagnosis 
demography 
69 new agents 
9 dtreferralsatt9 smreferralsatt152 
disease_progression 
H-positive risk:  676 645 114 1148 396 85 1100 381 159 59 177 60 
H-negative risk:  645 676 1100 1148 381 396 85 114 177 159 60 59 
New BC onsets:  0
BC status:  4883 117 
BC subtype:  4883 98 19 

clinical_engagement 
diagnosis 
demography 
64 new agents 
5 dtreferralsatt5 smreferralsatt153 
disease_progression 
H-positive risk:  680 649 112 1145 395 85 1107 374 158 60 178 57 
H-negative risk:  649 680 1107 1145 374 395 85 112 178 158 57 60 
New BC onsets:  0
BC status:  4884 116 
BC subtype:  4884 97 19 

clinical_engagement 
diagnosis 
demography 
68 new agents 
5 dtreferralsatt5 smreferralsatt154 
disease_progression 
H-positive risk:  678 641 110 1145 391 87 1110 374 159 64 181 60 
H-negative risk:  641 678 1110 1145 374 391 87 110 181 159 60 64 
New BC onsets:  0
BC status:  4886 114 
BC subtype:  4886 95 19 

clinical_engagement 
diagnosis 
demography 
83 new agents 
6 dtreferralsatt6 smreferralsatt155 
disease_progression 
H-positive risk:  678 648 111 1146 393 89 1100 374 155 65 177 64 
H-negative risk:  648 678 1100 1146 374 393 89 111 177 155 64 65 
New BC onsets:  0
BC status:  4888 112 
BC subtype:  4888 92 20 

clinical_engagement 
diagnosis 
demography 
64 new agents 
4 dtreferralsatt4 smreferralsatt156 
disease_progression 
H-positive risk:  672 642 112 1154 395 88 1106 370 155 64 179 63 
H-negative risk:  642 672 1106 1154 370 395 88 112 179 155 63 64 
New BC onsets:  0
BC status:  4888 112 
BC subtype:  4888 92 20 

clinical_engagement 
diagnosis 
demography 
63 new agents 
10 dtreferralsatt10 smreferralsatt157 
disease_progression 
H-positive risk:  675 638 111 1158 397 87 1108 369 156 64 175 62 
H-negative risk:  638 675 1108 1158 369 397 87 111 175 156 62 64 
New BC onsets:  0
BC status:  4889 111 
BC subtype:  4889 91 20 

clinical_engagement 
diagnosis 
demography 
87 new agents 
12 dtreferralsatt12 smreferralsatt158 
disease_progression 
H-positive risk:  665 640 111 1144 412 87 1109 375 155 65 174 63 
H-negative risk:  640 665 1109 1144 375 412 87 111 174 155 63 65 
New BC onsets:  0
BC status:  4890 110 
BC subtype:  4890 90 20 

clinical_engagement 
diagnosis 
demography 
69 new agents 
11 dtreferralsatt11 smreferralsatt159 
disease_progression 
H-positive risk:  667 642 113 1147 408 85 1112 374 152 62 174 64 
H-negative risk:  642 667 1112 1147 374 408 85 113 174 152 64 62 
New BC onsets:  0
BC status:  4887 113 
BC subtype:  4887 91 22 

clinical_engagement 
diagnosis 
demography 
80 new agents 
9 dtreferralsatt9 smreferralsatt160 
disease_progression 
H-positive risk:  659 642 111 1141 416 83 1123 374 153 58 175 65 
H-negative risk:  642 659 1123 1141 374 416 83 111 175 153 65 58 
New BC onsets:  0
BC status:  4888 112 
BC subtype:  4888 91 21 

clinical_engagement 
diagnosis 
demography 
74 new agents 
12 dtreferralsatt12 smreferralsatt161 
disease_progression 
H-positive risk:  673 646 112 1143 415 84 1111 371 154 55 173 63 
H-negative risk:  646 673 1111 1143 371 415 84 112 173 154 63 55 
New BC onsets:  0
BC status:  4888 112 
BC subtype:  4888 89 23 

clinical_engagement 
diagnosis 
demography 
76 new agents 
4 dtreferralsatt4 smreferralsatt162 
disease_progression 
H-positive risk:  673 647 110 1137 413 83 1115 371 157 57 172 65 
H-negative risk:  647 673 1115 1137 371 413 83 110 172 157 65 57 
New BC onsets:  0
BC status:  4885 115 
BC subtype:  4885 89 26 

clinical_engagement 
diagnosis 
demography 
75 new agents 
12 dtreferralsatt12 smreferralsatt163 
disease_progression 
H-positive risk:  669 646 108 1134 419 84 1109 380 159 57 167 68 
H-negative risk:  646 669 1109 1134 380 419 84 108 167 159 68 57 
New BC onsets:  0
BC status:  4885 115 
BC subtype:  4885 90 25 

clinical_engagement 
diagnosis 
demography 
81 new agents 
13 dtreferralsatt13 smreferralsatt164 
disease_progression 
H-positive risk:  668 644 111 1141 412 86 1115 374 161 56 164 68 
H-negative risk:  644 668 1115 1141 374 412 86 111 164 161 68 56 
New BC onsets:  0
BC status:  4885 115 
BC subtype:  4885 92 23 

clinical_engagement 
diagnosis 
demography 
74 new agents 
12 dtreferralsatt12 smreferralsatt165 
disease_progression 
H-positive risk:  671 649 109 1136 412 84 1114 379 160 57 160 69 
H-negative risk:  649 671 1114 1136 379 412 84 109 160 160 69 57 
New BC onsets:  0
BC status:  4883 117 
BC subtype:  4883 94 23 

clinical_engagement 
diagnosis 
demography 
85 new agents 
11 dtreferralsatt11 smreferralsatt166 
disease_progression 
H-positive risk:  672 653 107 1135 409 89 1118 378 160 54 160 65 
H-negative risk:  653 672 1118 1135 378 409 89 107 160 160 65 54 
New BC onsets:  0
BC status:  4884 116 
BC subtype:  4884 93 23 

clinical_engagement 
diagnosis 
demography 
79 new agents 
10 dtreferralsatt10 smreferralsatt167 
disease_progression 
H-positive risk:  671 654 107 1132 409 91 1124 375 157 54 162 64 
H-negative risk:  654 671 1124 1132 375 409 91 107 162 157 64 54 
New BC onsets:  0
BC status:  4888 112 
BC subtype:  4888 88 24 

clinical_engagement 
diagnosis 
demography 
77 new agents 
12 dtreferralsatt12 smreferralsatt168 
disease_progression 
H-positive risk:  665 659 104 1133 398 93 1133 375 157 54 166 63 
H-negative risk:  659 665 1133 1133 375 398 93 104 166 157 63 54 
New BC onsets:  0
BC status:  4889 111 
BC subtype:  4889 88 23 

clinical_engagement 
diagnosis 
demography 
66 new agents 
13 dtreferralsatt13 smreferralsatt169 
disease_progression 
H-positive risk:  675 650 101 1133 400 91 1132 376 158 55 166 63 
H-negative risk:  650 675 1132 1133 376 400 91 101 166 158 63 55 
New BC onsets:  0
BC status:  4889 111 
BC subtype:  4889 87 24 

clinical_engagement 
diagnosis 
demography 
96 new agents 
8 dtreferralsatt8 smreferralsatt170 
disease_progression 
H-positive risk:  679 646 103 1124 414 87 1129 381 157 54 168 58 
H-negative risk:  646 679 1129 1124 381 414 87 103 168 157 58 54 
New BC onsets:  0
BC status:  4894 106 
BC subtype:  4894 84 22 

clinical_engagement 
diagnosis 
demography 
67 new agents 
7 dtreferralsatt7 smreferralsatt171 
disease_progression 
H-positive risk:  682 644 101 1121 415 87 1133 377 155 55 169 61 
H-negative risk:  644 682 1133 1121 377 415 87 101 169 155 61 55 
New BC onsets:  0
BC status:  4897 103 
BC subtype:  4897 82 21 

clinical_engagement 
diagnosis 
demography 
74 new agents 
8 dtreferralsatt8 smreferralsatt172 
disease_progression 
H-positive risk:  673 646 99 1127 413 89 1133 384 155 48 170 63 
H-negative risk:  646 673 1133 1127 384 413 89 99 170 155 63 48 
New BC onsets:  0
BC status:  4900 100 
BC subtype:  4900 81 19 

clinical_engagement 
diagnosis 
demography 
76 new agents 
16 dtreferralsatt16 smreferralsatt173 
disease_progression 
H-positive risk:  672 650 97 1133 408 86 1139 378 156 47 169 65 
H-negative risk:  650 672 1139 1133 378 408 86 97 169 156 65 47 
New BC onsets:  0
BC status:  4900 100 
BC subtype:  4900 82 18 

clinical_engagement 
diagnosis 
demography 
79 new agents 
7 dtreferralsatt7 smreferralsatt174 
disease_progression 
H-positive risk:  668 658 97 1122 412 87 1145 380 153 45 171 62 
H-negative risk:  658 668 1145 1122 380 412 87 97 171 153 62 45 
New BC onsets:  0
BC status:  4902 98 
BC subtype:  4902 82 16 

clinical_engagement 
diagnosis 
demography 
77 new agents 
13 dtreferralsatt13 smreferralsatt175 
disease_progression 
H-positive risk:  679 655 98 1138 401 90 1137 380 150 47 161 64 
H-negative risk:  655 679 1137 1138 380 401 90 98 161 150 64 47 
New BC onsets:  0
BC status:  4903 97 
BC subtype:  4903 81 16 

clinical_engagement 
diagnosis 
demography 
73 new agents 
7 dtreferralsatt7 smreferralsatt176 
disease_progression 
H-positive risk:  680 655 98 1137 400 91 1141 375 151 48 161 63 
H-negative risk:  655 680 1141 1137 375 400 91 98 161 151 63 48 
New BC onsets:  0
BC status:  4902 98 
BC subtype:  4902 81 17 

clinical_engagement 
diagnosis 
demography 
66 new agents 
13 dtreferralsatt13 smreferralsatt177 
disease_progression 
H-positive risk:  684 655 98 1138 394 90 1146 375 149 47 162 62 
H-negative risk:  655 684 1146 1138 375 394 90 98 162 149 62 47 
New BC onsets:  0
BC status:  4903 97 
BC subtype:  4903 80 17 

clinical_engagement 
diagnosis 
demography 
68 new agents 
11 dtreferralsatt11 smreferralsatt178 
disease_progression 
H-positive risk:  683 650 96 1135 392 92 1153 374 149 47 167 62 
H-negative risk:  650 683 1153 1135 374 392 92 96 167 149 62 47 
New BC onsets:  0
BC status:  4902 98 
BC subtype:  4902 80 18 

clinical_engagement 
diagnosis 
demography 
67 new agents 
16 dtreferralsatt16 smreferralsatt179 
disease_progression 
H-positive risk:  686 646 97 1136 398 89 1157 366 149 47 167 62 
H-negative risk:  646 686 1157 1136 366 398 89 97 167 149 62 47 
New BC onsets:  0
BC status:  4901 99 
BC subtype:  4901 81 18 

clinical_engagement 
diagnosis 
demography 
81 new agents 
11 dtreferralsatt11 smreferralsatt180 
disease_progression 
H-positive risk:  696 647 97 1143 402 88 1140 366 146 47 168 60 
H-negative risk:  647 696 1140 1143 366 402 88 97 168 146 60 47 
New BC onsets:  0
BC status:  4899 101 
BC subtype:  4899 80 21 

clinical_engagement 
diagnosis 
demography 
78 new agents 
14 dtreferralsatt14 smreferralsatt181 
disease_progression 
H-positive risk:  695 647 101 1142 411 88 1128 368 150 43 165 62 
H-negative risk:  647 695 1128 1142 368 411 88 101 165 150 62 43 
New BC onsets:  0
BC status:  4902 98 
BC subtype:  4902 77 21 

clinical_engagement 
diagnosis 
demography 
83 new agents 
9 dtreferralsatt9 smreferralsatt182 
disease_progression 
H-positive risk:  691 652 104 1125 418 89 1119 388 148 40 164 62 
H-negative risk:  652 691 1119 1125 388 418 89 104 164 148 62 40 
New BC onsets:  0
BC status:  4903 97 
BC subtype:  4903 75 22 

clinical_engagement 
diagnosis 
demography 
95 new agents 
8 dtreferralsatt8 smreferralsatt183 
disease_progression 
H-positive risk:  686 667 105 1112 426 89 1117 389 144 41 166 58 
H-negative risk:  667 686 1117 1112 389 426 89 105 166 144 58 41 
New BC onsets:  0
BC status:  4896 104 
BC subtype:  4896 76 28 

clinical_engagement 
diagnosis 
demography 
72 new agents 
8 dtreferralsatt8 smreferralsatt184 
disease_progression 
H-positive risk:  688 668 106 1108 426 89 1113 389 142 46 167 58 
H-negative risk:  668 688 1113 1108 389 426 89 106 167 142 58 46 
New BC onsets:  0
BC status:  4894 106 
BC subtype:  4894 78 28 

clinical_engagement 
diagnosis 
demography 
80 new agents 
7 dtreferralsatt7 smreferralsatt185 
disease_progression 
H-positive risk:  674 668 104 1107 432 90 1130 381 138 49 166 61 
H-negative risk:  668 674 1130 1107 381 432 90 104 166 138 61 49 
New BC onsets:  0
BC status:  4896 104 
BC subtype:  4896 77 27 

clinical_engagement 
diagnosis 
demography 
76 new agents 
9 dtreferralsatt9 smreferralsatt186 
disease_progression 
H-positive risk:  682 668 103 1107 429 87 1135 375 141 48 168 57 
H-negative risk:  668 682 1135 1107 375 429 87 103 168 141 57 48 
New BC onsets:  0
BC status:  4894 106 
BC subtype:  4894 79 27 

clinical_engagement 
diagnosis 
demography 
71 new agents 
13 dtreferralsatt13 smreferralsatt187 
disease_progression 
H-positive risk:  680 667 105 1113 430 84 1136 367 141 51 171 55 
H-negative risk:  667 680 1136 1113 367 430 84 105 171 141 55 51 
New BC onsets:  0
BC status:  4894 106 
BC subtype:  4894 80 26 

clinical_engagement 
diagnosis 
demography 
92 new agents 
8 dtreferralsatt8 smreferralsatt188 
disease_progression 
H-positive risk:  685 678 103 1107 423 86 1148 363 141 48 167 51 
H-negative risk:  678 685 1148 1107 363 423 86 103 167 141 51 48 
New BC onsets:  0
BC status:  4895 105 
BC subtype:  4895 78 27 

clinical_engagement 
diagnosis 
demography 
67 new agents 
9 dtreferralsatt9 smreferralsatt189 
disease_progression 
H-positive risk:  691 674 106 1099 422 86 1144 368 143 48 168 51 
H-negative risk:  674 691 1144 1099 368 422 86 106 168 143 51 48 
New BC onsets:  0
BC status:  4893 107 
BC subtype:  4893 79 28 

clinical_engagement 
diagnosis 
demography 
73 new agents 
11 dtreferralsatt11 smreferralsatt190 
disease_progression 
H-positive risk:  692 678 108 1094 416 89 1141 377 141 43 170 51 
H-negative risk:  678 692 1141 1094 377 416 89 108 170 141 51 43 
New BC onsets:  0
BC status:  4895 105 
BC subtype:  4895 77 28 

clinical_engagement 
diagnosis 
demography 
79 new agents 
11 dtreferralsatt11 smreferralsatt191 
disease_progression 
H-positive risk:  688 687 108 1097 411 90 1142 376 139 44 171 47 
H-negative risk:  687 688 1142 1097 376 411 90 108 171 139 47 44 
New BC onsets:  0
BC status:  4896 104 
BC subtype:  4896 77 27 

clinical_engagement 
diagnosis 
demography 
70 new agents 
15 dtreferralsatt15 smreferralsatt192 
disease_progression 
H-positive risk:  697 679 108 1098 404 86 1128 386 145 48 172 49 
H-negative risk:  679 697 1128 1098 386 404 86 108 172 145 49 48 
New BC onsets:  0
BC status:  4894 106 
BC subtype:  4894 77 29 

clinical_engagement 
diagnosis 
demography 
76 new agents 
10 dtreferralsatt10 smreferralsatt193 
disease_progression 
H-positive risk:  689 684 108 1105 405 86 1136 382 142 44 170 49 
H-negative risk:  684 689 1136 1105 382 405 86 108 170 142 49 44 
New BC onsets:  0
BC status:  4890 110 
BC subtype:  4890 79 31 

clinical_engagement 
diagnosis 
demography 
88 new agents 
9 dtreferralsatt9 smreferralsatt194 
disease_progression 
H-positive risk:  682 687 111 1100 404 86 1129 399 143 45 166 48 
H-negative risk:  687 682 1129 1100 399 404 86 111 166 143 48 45 
New BC onsets:  0
BC status:  4891 109 
BC subtype:  4891 78 31 

clinical_engagement 
diagnosis 
demography 
81 new agents 
11 dtreferralsatt11 smreferralsatt195 
disease_progression 
H-positive risk:  687 693 109 1096 410 87 1127 393 141 45 166 46 
H-negative risk:  693 687 1127 1096 393 410 87 109 166 141 46 45 
New BC onsets:  0
BC status:  4889 111 
BC subtype:  4889 80 31 

clinical_engagement 
diagnosis 
demography 
71 new agents 
5 dtreferralsatt5 smreferralsatt196 
disease_progression 
H-positive risk:  680 694 108 1094 402 90 1136 397 141 43 170 45 
H-negative risk:  694 680 1136 1094 397 402 90 108 170 141 45 43 
New BC onsets:  0
BC status:  4889 111 
BC subtype:  4889 80 31 

clinical_engagement 
diagnosis 
demography 
69 new agents 
13 dtreferralsatt13 smreferralsatt197 
disease_progression 
H-positive risk:  681 696 108 1104 399 89 1132 393 141 43 168 46 
H-negative risk:  696 681 1132 1104 393 399 89 108 168 141 46 43 
New BC onsets:  0
BC status:  4889 111 
BC subtype:  4889 80 31 

clinical_engagement 
diagnosis 
demography 
68 new agents 
9 dtreferralsatt9 smreferralsatt198 
disease_progression 
H-positive risk:  677 690 107 1100 398 90 1140 403 137 45 168 45 
H-negative risk:  690 677 1140 1100 403 398 90 107 168 137 45 45 
New BC onsets:  0
BC status:  4888 112 
BC subtype:  4888 81 31 

clinical_engagement 
diagnosis 
demography 
79 new agents 
11 dtreferralsatt11 smreferralsatt199 
disease_progression 
H-positive risk:  674 687 108 1107 393 90 1141 401 138 45 170 46 
H-negative risk:  687 674 1141 1107 401 393 90 108 170 138 46 45 
New BC onsets:  0
BC status:  4886 114 
BC subtype:  4886 79 35 

clinical_engagement 
diagnosis 
demography 
62 new agents 
9 dtreferralsatt9 smreferralsatt200 
disease_progression 
H-positive risk:  674 681 109 1105 398 91 1146 401 140 41 168 46 
H-negative risk:  681 674 1146 1105 401 398 91 109 168 140 46 41 
New BC onsets:  0
BC status:  4884 116 
BC subtype:  4884 82 34 

clinical_engagement 
diagnosis 
demography 
82 new agents 
7 dtreferralsatt7 smreferralsatt201 
disease_progression 
H-positive risk:  676 681 109 1104 395 92 1145 402 140 42 166 48 
H-negative risk:  681 676 1145 1104 402 395 92 109 166 140 48 42 
New BC onsets:  0
BC status:  4880 120 
BC subtype:  4880 83 37 

clinical_engagement 
diagnosis 
demography 
74 new agents 
11 dtreferralsatt11 smreferralsatt202 
disease_progression 
H-positive risk:  685 673 107 1110 400 89 1140 404 140 43 165 44 
H-negative risk:  673 685 1140 1110 404 400 89 107 165 140 44 43 
New BC onsets:  0
BC status:  4881 119 
BC subtype:  4881 83 36 

clinical_engagement 
diagnosis 
demography 
69 new agents 
16 dtreferralsatt16 smreferralsatt203 
disease_progression 
H-positive risk:  690 672 107 1125 393 91 1126 404 140 43 163 46 
H-negative risk:  672 690 1126 1125 404 393 91 107 163 140 46 43 
New BC onsets:  0
BC status:  4882 118 
BC subtype:  4882 82 36 

clinical_engagement 
diagnosis 
demography 
80 new agents 
11 dtreferralsatt11 smreferralsatt204 
disease_progression 
H-positive risk:  686 674 107 1125 386 93 1133 401 143 44 163 45 
H-negative risk:  674 686 1133 1125 401 386 93 107 163 143 45 44 
New BC onsets:  0
BC status:  4884 116 
BC subtype:  4884 82 34 

clinical_engagement 
diagnosis 
demography 
84 new agents 
5 dtreferralsatt5 smreferralsatt205 
disease_progression 
H-positive risk:  692 688 103 1119 389 98 1120 399 138 45 160 49 
H-negative risk:  688 692 1120 1119 399 389 98 103 160 138 49 45 
New BC onsets:  0
BC status:  4889 111 
BC subtype:  4889 79 32 

clinical_engagement 
diagnosis 
demography 
74 new agents 
13 dtreferralsatt13 smreferralsatt206 
disease_progression 
H-positive risk:  695 691 102 1114 393 99 1115 396 136 48 157 54 
H-negative risk:  691 695 1115 1114 396 393 99 102 157 136 54 48 
New BC onsets:  0
BC status:  4891 109 
BC subtype:  4891 77 32 

clinical_engagement 
diagnosis 
demography 
77 new agents 
10 dtreferralsatt10 smreferralsatt207 
disease_progression 
H-positive risk:  697 690 103 1110 394 98 1118 393 133 51 159 54 
H-negative risk:  690 697 1118 1110 393 394 98 103 159 133 54 51 
New BC onsets:  0
BC status:  4889 111 
BC subtype:  4889 78 33 

clinical_engagement 
diagnosis 
demography 
74 new agents 
10 dtreferralsatt10 smreferralsatt208 
disease_progression 
H-positive risk:  693 688 104 1106 402 98 1117 397 133 47 160 55 
H-negative risk:  688 693 1117 1106 397 402 98 104 160 133 55 47 
New BC onsets:  0
BC status:  4888 112 
BC subtype:  4888 78 34 

clinical_engagement 
diagnosis 
demography 
78 new agents 
19 dtreferralsatt19 smreferralsatt209 
disease_progression 
H-positive risk:  695 682 104 1112 399 96 1125 395 132 45 158 57 
H-negative risk:  682 695 1125 1112 395 399 96 104 158 132 57 45 
New BC onsets:  0
BC status:  4891 109 
BC subtype:  4891 75 34 

clinical_engagement 
diagnosis 
demography 
73 new agents 
7 dtreferralsatt7 smreferralsatt210 
disease_progression 
H-positive risk:  697 681 104 1111 392 98 1124 401 133 45 155 59 
H-negative risk:  681 697 1124 1111 401 392 98 104 155 133 59 45 
New BC onsets:  0
BC status:  4894 106 
BC subtype:  4894 73 33 

clinical_engagement 
diagnosis 
demography 
87 new agents 
3 dtreferralsatt3 smreferralsatt211 
disease_progression 
H-positive risk:  698 689 101 1111 386 97 1117 405 133 41 162 60 
H-negative risk:  689 698 1117 1111 405 386 97 101 162 133 60 41 
New BC onsets:  0
BC status:  4890 110 
BC subtype:  4890 77 33 

clinical_engagement 
diagnosis 
demography 
67 new agents 
10 dtreferralsatt10 smreferralsatt212 
disease_progression 
H-positive risk:  700 694 99 1097 388 94 1124 403 135 41 161 64 
H-negative risk:  694 700 1124 1097 403 388 94 99 161 135 64 41 
New BC onsets:  0
BC status:  4889 111 
BC subtype:  4889 77 34 

clinical_engagement 
diagnosis 
demography 
63 new agents 
15 dtreferralsatt15 smreferralsatt213 
disease_progression 
H-positive risk:  699 697 96 1095 390 93 1120 408 134 41 162 65 
H-negative risk:  697 699 1120 1095 408 390 93 96 162 134 65 41 
New BC onsets:  0
BC status:  4889 111 
BC subtype:  4889 79 32 

clinical_engagement 
diagnosis 
demography 
79 new agents 
11 dtreferralsatt11 smreferralsatt214 
disease_progression 
H-positive risk:  694 703 96 1090 399 93 1122 407 133 41 161 61 
H-negative risk:  703 694 1122 1090 407 399 93 96 161 133 61 41 
New BC onsets:  0
BC status:  4887 113 
BC subtype:  4887 80 33 

clinical_engagement 
diagnosis 
demography 
80 new agents 
7 dtreferralsatt7 smreferralsatt215 
disease_progression 
H-positive risk:  688 700 97 1088 404 95 1122 415 127 44 159 61 
H-negative risk:  700 688 1122 1088 415 404 95 97 159 127 61 44 
New BC onsets:  0
BC status:  4888 112 
BC subtype:  4888 80 32 

clinical_engagement 
diagnosis 
demography 
68 new agents 
16 dtreferralsatt16 smreferralsatt216 
disease_progression 
H-positive risk:  690 704 99 1082 409 96 1111 417 126 45 156 65 
H-negative risk:  704 690 1111 1082 417 409 96 99 156 126 65 45 
New BC onsets:  0
BC status:  4885 115 
BC subtype:  4885 83 32 

clinical_engagement 
diagnosis 
demography 
67 new agents 
20 dtreferralsatt20 smreferralsatt217 
disease_progression 
H-positive risk:  687 699 100 1077 428 92 1111 421 125 44 153 63 
H-negative risk:  699 687 1111 1077 421 428 92 100 153 125 63 44 
New BC onsets:  0
BC status:  4888 112 
BC subtype:  4888 80 32 

clinical_engagement 
diagnosis 
demography 
85 new agents 
12 dtreferralsatt12 smreferralsatt218 
disease_progression 
H-positive risk:  688 698 99 1087 426 92 1114 412 126 42 156 60 
H-negative risk:  698 688 1114 1087 412 426 92 99 156 126 60 42 
New BC onsets:  0
BC status:  4892 108 
BC subtype:  4892 77 31 

clinical_engagement 
diagnosis 
demography 
72 new agents 
16 dtreferralsatt16 smreferralsatt219 
disease_progression 
H-positive risk:  685 702 100 1089 422 92 1117 413 127 40 154 59 
H-negative risk:  702 685 1117 1089 413 422 92 100 154 127 59 40 
New BC onsets:  0
BC status:  4894 106 
BC subtype:  4894 76 30 

clinical_engagement 
diagnosis 
demography 
89 new agents 
12 dtreferralsatt12 smreferralsatt220 
disease_progression 
H-positive risk:  685 702 101 1092 421 94 1122 409 123 38 152 61 
H-negative risk:  702 685 1122 1092 409 421 94 101 152 123 61 38 
New BC onsets:  0
BC status:  4893 107 
BC subtype:  4893 76 31 

clinical_engagement 
diagnosis 
demography 
71 new agents 
9 dtreferralsatt9 smreferralsatt221 
disease_progression 
H-positive risk:  680 704 102 1091 420 92 1117 411 126 40 154 63 
H-negative risk:  704 680 1117 1091 411 420 92 102 154 126 63 40 
New BC onsets:  0
BC status:  4894 106 
BC subtype:  4894 76 30 

clinical_engagement 
diagnosis 
demography 
51 new agents 
12 dtreferralsatt12 smreferralsatt222 
disease_progression 
H-positive risk:  681 702 102 1086 426 90 1121 409 127 39 153 64 
H-negative risk:  702 681 1121 1086 409 426 90 102 153 127 64 39 
New BC onsets:  0
BC status:  4891 109 
BC subtype:  4891 79 30 

clinical_engagement 
diagnosis 
demography 
73 new agents 
6 dtreferralsatt6 smreferralsatt223 
disease_progression 
H-positive risk:  688 702 104 1084 426 91 1115 407 126 39 153 65 
H-negative risk:  702 688 1115 1084 407 426 91 104 153 126 65 39 
New BC onsets:  0
BC status:  4890 110 
BC subtype:  4890 80 30 

clinical_engagement 
diagnosis 
demography 
72 new agents 
5 dtreferralsatt5 smreferralsatt224 
disease_progression 
H-positive risk:  686 698 98 1086 428 92 1113 412 125 38 158 66 
H-negative risk:  698 686 1113 1086 412 428 92 98 158 125 66 38 
New BC onsets:  0
BC status:  4890 110 
BC subtype:  4890 81 29 

clinical_engagement 
diagnosis 
demography 
74 new agents 
13 dtreferralsatt13 smreferralsatt225 
disease_progression 
H-positive risk:  684 704 96 1096 430 91 1104 411 129 37 155 63 
H-negative risk:  704 684 1104 1096 411 430 91 96 155 129 63 37 
New BC onsets:  0
BC status:  4892 108 
BC subtype:  4892 79 29 

clinical_engagement 
diagnosis 
demography 
84 new agents 
15 dtreferralsatt15 smreferralsatt226 
disease_progression 
H-positive risk:  684 704 96 1095 428 90 1103 411 134 38 155 62 
H-negative risk:  704 684 1103 1095 411 428 90 96 155 134 62 38 
New BC onsets:  0
BC status:  4891 109 
BC subtype:  4891 79 30 

clinical_engagement 
diagnosis 
demography 
83 new agents 
9 dtreferralsatt9 smreferralsatt227 
disease_progression 
H-positive risk:  689 702 93 1095 431 90 1093 412 137 39 158 61 
H-negative risk:  702 689 1093 1095 412 431 90 93 158 137 61 39 
New BC onsets:  0
BC status:  4891 109 
BC subtype:  4891 79 30 

clinical_engagement 
diagnosis 
demography 
63 new agents 
11 dtreferralsatt11 smreferralsatt228 
disease_progression 
H-positive risk:  686 702 93 1088 439 88 1099 415 136 39 156 59 
H-negative risk:  702 686 1099 1088 415 439 88 93 156 136 59 39 
New BC onsets:  0
BC status:  4892 108 
BC subtype:  4892 79 29 

clinical_engagement 
diagnosis 
demography 
72 new agents 
5 dtreferralsatt5 smreferralsatt229 
disease_progression 
H-positive risk:  686 704 94 1077 454 85 1088 420 137 41 154 60 
H-negative risk:  704 686 1088 1077 420 454 85 94 154 137 60 41 
New BC onsets:  0
BC status:  4891 109 
BC subtype:  4891 81 28 

clinical_engagement 
diagnosis 
demography 
86 new agents 
8 dtreferralsatt8 smreferralsatt230 
disease_progression 
H-positive risk:  681 703 90 1085 450 85 1099 413 136 43 157 58 
H-negative risk:  703 681 1099 1085 413 450 85 90 157 136 58 43 
New BC onsets:  0
BC status:  4890 110 
BC subtype:  4890 81 29 

clinical_engagement 
diagnosis 
demography 
62 new agents 
10 dtreferralsatt10 smreferralsatt231 
disease_progression 
H-positive risk:  672 703 87 1086 447 87 1095 427 137 42 160 57 
H-negative risk:  703 672 1095 1086 427 447 87 87 160 137 57 42 
New BC onsets:  0
BC status:  4891 109 
BC subtype:  4891 83 26 

clinical_engagement 
diagnosis 
demography 
66 new agents 
7 dtreferralsatt7 smreferralsatt232 
disease_progression 
H-positive risk:  670 704 87 1092 452 85 1095 415 139 43 158 60 
H-negative risk:  704 670 1095 1092 415 452 85 87 158 139 60 43 
New BC onsets:  0
BC status:  4890 110 
BC subtype:  4890 85 25 

clinical_engagement 
diagnosis 
demography 
75 new agents 
5 dtreferralsatt5 smreferralsatt233 
disease_progression 
H-positive risk:  671 701 87 1089 448 86 1099 416 141 43 161 58 
H-negative risk:  701 671 1099 1089 416 448 86 87 161 141 58 43 
New BC onsets:  0
BC status:  4892 108 
BC subtype:  4892 84 24 

clinical_engagement 
diagnosis 
demography 
72 new agents 
14 dtreferralsatt14 smreferralsatt234 
disease_progression 
H-positive risk:  668 705 87 1079 456 86 1094 424 140 42 160 59 
H-negative risk:  705 668 1094 1079 424 456 86 87 160 140 59 42 
New BC onsets:  0
BC status:  4892 108 
BC subtype:  4892 83 25 

clinical_engagement 
diagnosis 
demography 
79 new agents 
12 dtreferralsatt12 smreferralsatt235 
disease_progression 
H-positive risk:  662 701 88 1081 454 92 1101 420 136 44 163 58 
H-negative risk:  701 662 1101 1081 420 454 92 88 163 136 58 44 
New BC onsets:  0
BC status:  4895 105 
BC subtype:  4895 81 24 

clinical_engagement 
diagnosis 
demography 
58 new agents 
9 dtreferralsatt9 smreferralsatt236 
disease_progression 
H-positive risk:  665 698 87 1079 452 94 1094 433 136 44 162 56 
H-negative risk:  698 665 1094 1079 433 452 94 87 162 136 56 44 
New BC onsets:  0
BC status:  4895 105 
BC subtype:  4895 82 23 

clinical_engagement 
diagnosis 
demography 
65 new agents 
14 dtreferralsatt14 smreferralsatt237 
disease_progression 
H-positive risk:  663 700 86 1082 443 92 1094 441 138 44 161 56 
H-negative risk:  700 663 1094 1082 441 443 92 86 161 138 56 44 
New BC onsets:  0
BC status:  4890 110 
BC subtype:  4890 87 23 

clinical_engagement 
diagnosis 
demography 
81 new agents 
11 dtreferralsatt11 smreferralsatt238 
disease_progression 
H-positive risk:  665 702 85 1088 445 91 1093 434 137 46 161 53 
H-negative risk:  702 665 1093 1088 434 445 91 85 161 137 53 46 
New BC onsets:  0
BC status:  4886 114 
BC subtype:  4886 90 24 

clinical_engagement 
diagnosis 
demography 
73 new agents 
10 dtreferralsatt10 smreferralsatt239 
disease_progression 
H-positive risk:  672 693 84 1094 445 89 1087 435 139 45 161 56 
H-negative risk:  693 672 1087 1094 435 445 89 84 161 139 56 45 
New BC onsets:  0
BC status:  4890 110 
BC subtype:  4890 87 23 

clinical_engagement 
diagnosis 
demography 
88 new agents 
13 dtreferralsatt13 smreferralsatt240 
disease_progression 
H-positive risk:  671 692 86 1082 442 87 1095 443 135 46 164 57 
H-negative risk:  692 671 1095 1082 443 442 87 86 164 135 57 46 
New BC onsets:  0
BC status:  4893 107 
BC subtype:  4893 82 25 

clinical_engagement 
diagnosis 
demography 
69 new agents 
11 dtreferralsatt11 smreferralsatt241 
disease_progression 
H-positive risk:  670 698 91 1062 456 87 1090 440 134 49 166 57 
H-negative risk:  698 670 1090 1062 440 456 87 91 166 134 57 49 
New BC onsets:  0
BC status:  4894 106 
BC subtype:  4894 80 26 

clinical_engagement 
diagnosis 
demography 
95 new agents 
9 dtreferralsatt9 smreferralsatt242 
disease_progression 
H-positive risk:  675 703 94 1062 440 88 1093 441 133 47 164 60 
H-negative risk:  703 675 1093 1062 441 440 88 94 164 133 60 47 
New BC onsets:  0
BC status:  4892 108 
BC subtype:  4892 79 29 

clinical_engagement 
diagnosis 
demography 
74 new agents 
16 dtreferralsatt16 smreferralsatt243 
disease_progression 
H-positive risk:  680 698 92 1052 441 88 1093 450 136 45 166 59 
H-negative risk:  698 680 1093 1052 450 441 88 92 166 136 59 45 
New BC onsets:  0
BC status:  4894 106 
BC subtype:  4894 78 28 

clinical_engagement 
diagnosis 
demography 
80 new agents 
12 dtreferralsatt12 smreferralsatt244 
disease_progression 
H-positive risk:  674 700 90 1061 436 87 1098 444 137 45 169 59 
H-negative risk:  700 674 1098 1061 444 436 87 90 169 137 59 45 
New BC onsets:  0
BC status:  4890 110 
BC subtype:  4890 78 32 

clinical_engagement 
diagnosis 
demography 
84 new agents 
6 dtreferralsatt6 smreferralsatt245 
disease_progression 
H-positive risk:  680 695 93 1070 431 86 1101 439 138 45 164 58 
H-negative risk:  695 680 1101 1070 439 431 86 93 164 138 58 45 
New BC onsets:  0
BC status:  4890 110 
BC subtype:  4890 79 31 

clinical_engagement 
diagnosis 
demography 
74 new agents 
5 dtreferralsatt5 smreferralsatt246 
disease_progression 
H-positive risk:  677 697 94 1072 427 88 1098 443 138 45 163 58 
H-negative risk:  697 677 1098 1072 443 427 88 94 163 138 58 45 
New BC onsets:  0
BC status:  4887 113 
BC subtype:  4887 81 32 

clinical_engagement 
diagnosis 
demography 
83 new agents 
11 dtreferralsatt11 smreferralsatt247 
disease_progression 
H-positive risk:  678 695 94 1067 426 86 1100 443 138 50 164 59 
H-negative risk:  695 678 1100 1067 443 426 86 94 164 138 59 50 
New BC onsets:  0
BC status:  4887 113 
BC subtype:  4887 81 32 

clinical_engagement 
diagnosis 
demography 
73 new agents 
9 dtreferralsatt9 smreferralsatt248 
disease_progression 
H-positive risk:  673 702 93 1066 422 90 1100 446 135 52 163 58 
H-negative risk:  702 673 1100 1066 446 422 90 93 163 135 58 52 
New BC onsets:  0
BC status:  4888 112 
BC subtype:  4888 80 32 

clinical_engagement 
diagnosis 
demography 
69 new agents 
11 dtreferralsatt11 smreferralsatt249 
disease_progression 
H-positive risk:  675 702 92 1060 423 91 1103 446 136 52 162 58 
H-negative risk:  702 675 1103 1060 446 423 91 92 162 136 58 52 
New BC onsets:  0
BC status:  4887 113 
BC subtype:  4887 82 31 

clinical_engagement 
diagnosis 
demography 
82 new agents 
16 dtreferralsatt16 smreferralsatt250 
disease_progression 
H-positive risk:  676 708 90 1059 428 90 1099 440 139 51 163 57 
H-negative risk:  708 676 1099 1059 440 428 90 90 163 139 57 51 
New BC onsets:  0
BC status:  4887 113 
BC subtype:  4887 82 31 

clinical_engagement 
diagnosis 
demography 
82 new agents 
8 dtreferralsatt8 smreferralsatt251 
disease_progression 
H-positive risk:  683 707 89 1059 430 89 1099 436 139 49 162 58 
H-negative risk:  707 683 1099 1059 436 430 89 89 162 139 58 49 
New BC onsets:  0
BC status:  4887 113 
BC subtype:  4887 82 31 

clinical_engagement 
diagnosis 
demography 
87 new agents 
11 dtreferralsatt11 smreferralsatt252 
disease_progression 
H-positive risk:  686 708 87 1067 425 89 1097 436 139 47 162 57 
H-negative risk:  708 686 1097 1067 436 425 89 87 162 139 57 47 
New BC onsets:  0
BC status:  4890 110 
BC subtype:  4890 80 30 

clinical_engagement 
diagnosis 
demography 
67 new agents 
18 dtreferralsatt18 smreferralsatt253 
disease_progression 
H-positive risk:  684 706 89 1074 419 91 1092 439 139 46 164 57 
H-negative risk:  706 684 1092 1074 439 419 91 89 164 139 57 46 
New BC onsets:  0
BC status:  4892 108 
BC subtype:  4892 80 28 

clinical_engagement 
diagnosis 
demography 
95 new agents 
9 dtreferralsatt9 smreferralsatt254 
disease_progression 
H-positive risk:  694 703 86 1076 416 90 1090 439 138 47 165 56 
H-negative risk:  703 694 1090 1076 439 416 90 86 165 138 56 47 
New BC onsets:  0
BC status:  4888 112 
BC subtype:  4888 81 31 

clinical_engagement 
diagnosis 
demography 
72 new agents 
8 dtreferralsatt8 smreferralsatt255 
disease_progression 
H-positive risk:  693 690 86 1077 413 90 1104 441 138 44 167 57 
H-negative risk:  690 693 1104 1077 441 413 90 86 167 138 57 44 
New BC onsets:  0
BC status:  4887 113 
BC subtype:  4887 82 31 

clinical_engagement 
diagnosis 
demography 
76 new agents 
8 dtreferralsatt8 smreferralsatt256 
disease_progression 
H-positive risk:  689 691 86 1077 413 91 1114 436 135 46 166 56 
H-negative risk:  691 689 1114 1077 436 413 91 86 166 135 56 46 
New BC onsets:  0
BC status:  4888 112 
BC subtype:  4888 81 31 

clinical_engagement 
diagnosis 
demography 
86 new agents 
10 dtreferralsatt10 smreferralsatt257 
disease_progression 
H-positive risk:  682 699 88 1066 423 94 1106 442 137 44 165 54 
H-negative risk:  699 682 1106 1066 442 423 94 88 165 137 54 44 
New BC onsets:  0
BC status:  4890 110 
BC subtype:  4890 77 33 

clinical_engagement 
diagnosis 
demography 
64 new agents 
13 dtreferralsatt13 smreferralsatt258 
disease_progression 
H-positive risk:  678 695 89 1071 428 92 1102 445 137 45 162 56 
H-negative risk:  695 678 1102 1071 445 428 92 89 162 137 56 45 
New BC onsets:  0
BC status:  4886 114 
BC subtype:  4886 81 33 

clinical_engagement 
diagnosis 
demography 
78 new agents 
10 dtreferralsatt10 smreferralsatt259 
disease_progression 
H-positive risk:  671 685 88 1082 427 93 1108 445 136 47 164 54 
H-negative risk:  685 671 1108 1082 445 427 93 88 164 136 54 47 
New BC onsets:  0
BC status:  4887 113 
BC subtype:  4887 80 33 

clinical_engagement 
diagnosis 
demography 
78 new agents 
13 dtreferralsatt13 smreferralsatt260 
disease_progression 
H-positive risk:  674 687 87 1090 426 91 1103 443 139 44 162 54 
H-negative risk:  687 674 1103 1090 443 426 91 87 162 139 54 44 
New BC onsets:  0
BC status:  4887 113 
BC subtype:  4887 81 32 

clinical_engagement 
diagnosis 
demography 
64 new agents 
19 dtreferralsatt19 smreferralsatt261 
disease_progression 
H-positive risk:  680 683 85 1096 423 92 1105 441 138 42 160 55 
H-negative risk:  683 680 1105 1096 441 423 92 85 160 138 55 42 
New BC onsets:  0
BC status:  4892 108 
BC subtype:  4892 78 30 

clinical_engagement 
diagnosis 
demography 
83 new agents 
14 dtreferralsatt14 smreferralsatt262 
disease_progression 
H-positive risk:  677 681 82 1100 422 91 1111 444 140 40 157 55 
H-negative risk:  681 677 1111 1100 444 422 91 82 157 140 55 40 
New BC onsets:  0
BC status:  4890 110 
BC subtype:  4890 80 30 

clinical_engagement 
diagnosis 
demography 
81 new agents 
9 dtreferralsatt9 smreferralsatt263 
disease_progression 
H-positive risk:  669 676 84 1101 423 95 1112 448 137 42 158 55 
H-negative risk:  676 669 1112 1101 448 423 95 84 158 137 55 42 
New BC onsets:  0
BC status:  4895 105 
BC subtype:  4895 75 30 

clinical_engagement 
diagnosis 
demography 
75 new agents 
13 dtreferralsatt13 smreferralsatt264 
disease_progression 
H-positive risk:  662 681 84 1090 429 95 1111 451 142 44 158 53 
H-negative risk:  681 662 1111 1090 451 429 95 84 158 142 53 44 
New BC onsets:  0
BC status:  4894 106 
BC subtype:  4894 76 30 

clinical_engagement 
diagnosis 
demography 
80 new agents 
12 dtreferralsatt12 smreferralsatt265 
disease_progression 
H-positive risk:  661 676 87 1105 418 94 1106 457 142 42 159 53 
H-negative risk:  676 661 1106 1105 457 418 94 87 159 142 53 42 
New BC onsets:  0
BC status:  4892 108 
BC subtype:  4892 78 30 

clinical_engagement 
diagnosis 
demography 
80 new agents 
8 dtreferralsatt8 smreferralsatt266 
disease_progression 
H-positive risk:  654 671 85 1114 422 95 1102 452 144 42 163 56 
H-negative risk:  671 654 1102 1114 452 422 95 85 163 144 56 42 
New BC onsets:  0
BC status:  4894 106 
BC subtype:  4894 76 30 

clinical_engagement 
diagnosis 
demography 
95 new agents 
6 dtreferralsatt6 smreferralsatt267 
disease_progression 
H-positive risk:  653 671 83 1112 423 96 1098 452 144 45 166 57 
H-negative risk:  671 653 1098 1112 452 423 96 83 166 144 57 45 
New BC onsets:  0
BC status:  4895 105 
BC subtype:  4895 76 29 

clinical_engagement 
diagnosis 
demography 
78 new agents 
17 dtreferralsatt17 smreferralsatt268 
disease_progression 
H-positive risk:  651 681 81 1108 419 97 1093 455 146 44 168 57 
H-negative risk:  681 651 1093 1108 455 419 97 81 168 146 57 44 
New BC onsets:  0
BC status:  4896 104 
BC subtype:  4896 75 29 

clinical_engagement 
diagnosis 
demography 
73 new agents 
17 dtreferralsatt17 smreferralsatt269 
disease_progression 
H-positive risk:  652 675 84 1100 427 96 1092 460 149 41 169 55 
H-negative risk:  675 652 1092 1100 460 427 96 84 169 149 55 41 
New BC onsets:  0
BC status:  4895 105 
BC subtype:  4895 76 29 

clinical_engagement 
diagnosis 
demography 
83 new agents 
13 dtreferralsatt13 smreferralsatt270 
disease_progression 
H-positive risk:  660 682 84 1104 427 93 1083 450 149 41 169 58 
H-negative risk:  682 660 1083 1104 450 427 93 84 169 149 58 41 
New BC onsets:  0
BC status:  4891 109 
BC subtype:  4891 77 32 

clinical_engagement 
diagnosis 
demography 
80 new agents 
11 dtreferralsatt11 smreferralsatt271 
disease_progression 
H-positive risk:  662 679 82 1110 427 93 1082 446 147 41 172 59 
H-negative risk:  679 662 1082 1110 446 427 93 82 172 147 59 41 
New BC onsets:  0
BC status:  4892 108 
BC subtype:  4892 76 32 

clinical_engagement 
diagnosis 
demography 
73 new agents 
15 dtreferralsatt15 smreferralsatt272 
disease_progression 
H-positive risk:  663 677 81 1110 418 93 1087 446 150 44 173 58 
H-negative risk:  677 663 1087 1110 446 418 93 81 173 150 58 44 
New BC onsets:  0
BC status:  4893 107 
BC subtype:  4893 76 31 

clinical_engagement 
diagnosis 
demography 
81 new agents 
5 dtreferralsatt5 smreferralsatt273 
disease_progression 
H-positive risk:  661 682 83 1102 422 96 1081 445 151 45 173 59 
H-negative risk:  682 661 1081 1102 445 422 96 83 173 151 59 45 
New BC onsets:  0
BC status:  4892 108 
BC subtype:  4892 77 31 

clinical_engagement 
diagnosis 
demography 
67 new agents 
5 dtreferralsatt5 smreferralsatt274 
disease_progression 
H-positive risk:  662 683 82 1101 418 96 1083 443 152 45 176 59 
H-negative risk:  683 662 1083 1101 443 418 96 82 176 152 59 45 
New BC onsets:  0
BC status:  4887 113 
BC subtype:  4887 81 32 

clinical_engagement 
diagnosis 
demography 
78 new agents 
11 dtreferralsatt11 smreferralsatt275 
disease_progression 
H-positive risk:  667 685 80 1096 415 97 1075 449 149 47 180 60 
H-negative risk:  685 667 1075 1096 449 415 97 80 180 149 60 47 
New BC onsets:  0
BC status:  4887 113 
BC subtype:  4887 80 33 

clinical_engagement 
diagnosis 
demography 
80 new agents 
8 dtreferralsatt8 smreferralsatt276 
disease_progression 
H-positive risk:  664 689 82 1092 413 97 1080 450 151 47 177 58 
H-negative risk:  689 664 1080 1092 450 413 97 82 177 151 58 47 
New BC onsets:  0
BC status:  4889 111 
BC subtype:  4889 79 32 

clinical_engagement 
diagnosis 
demography 
69 new agents 
4 dtreferralsatt4 smreferralsatt277 
disease_progression 
H-positive risk:  661 687 82 1093 411 97 1082 452 155 47 178 55 
H-negative risk:  687 661 1082 1093 452 411 97 82 178 155 55 47 
New BC onsets:  0
BC status:  4891 109 
BC subtype:  4891 77 32 

clinical_engagement 
diagnosis 
demography 
79 new agents 
8 dtreferralsatt8 smreferralsatt278 
disease_progression 
H-positive risk:  657 687 82 1096 413 98 1077 451 156 50 176 57 
H-negative risk:  687 657 1077 1096 451 413 98 82 176 156 57 50 
New BC onsets:  0
BC status:  4895 105 
BC subtype:  4895 73 32 

clinical_engagement 
diagnosis 
demography 
82 new agents 
7 dtreferralsatt7 smreferralsatt279 
disease_progression 
H-positive risk:  658 690 81 1098 410 101 1079 446 154 50 177 56 
H-negative risk:  690 658 1079 1098 446 410 101 81 177 154 56 50 
New BC onsets:  0
BC status:  4896 104 
BC subtype:  4896 71 33 

clinical_engagement 
diagnosis 
demography 
66 new agents 
10 dtreferralsatt10 smreferralsatt280 
disease_progression 
H-positive risk:  658 679 80 1104 412 103 1080 449 151 51 174 59 
H-negative risk:  679 658 1080 1104 449 412 103 80 174 151 59 51 
New BC onsets:  0
BC status:  4899 101 
BC subtype:  4899 69 32 

clinical_engagement 
diagnosis 
demography 
80 new agents 
12 dtreferralsatt12 smreferralsatt281 
disease_progression 
H-positive risk:  669 679 82 1097 417 102 1068 447 154 52 176 57 
H-negative risk:  679 669 1068 1097 447 417 102 82 176 154 57 52 
New BC onsets:  0
BC status:  4902 98 
BC subtype:  4902 68 30 

clinical_engagement 
diagnosis 
demography 
84 new agents 
10 dtreferralsatt10 smreferralsatt282 
disease_progression 
H-positive risk:  680 682 80 1100 419 101 1063 436 149 57 175 58 
H-negative risk:  682 680 1063 1100 436 419 101 80 175 149 58 57 
New BC onsets:  0
BC status:  4904 96 
BC subtype:  4904 67 29 

clinical_engagement 
diagnosis 
demography 
79 new agents 
8 dtreferralsatt8 smreferralsatt283 
disease_progression 
H-positive risk:  685 683 79 1106 416 101 1063 429 149 56 175 58 
H-negative risk:  683 685 1063 1106 429 416 101 79 175 149 58 56 
New BC onsets:  0
BC status:  4903 97 
BC subtype:  4903 68 29 

clinical_engagement 
diagnosis 
demography 
60 new agents 
14 dtreferralsatt14 smreferralsatt284 
disease_progression 
H-positive risk:  687 688 80 1103 413 103 1057 430 148 57 174 60 
H-negative risk:  688 687 1057 1103 430 413 103 80 174 148 60 57 
New BC onsets:  0
BC status:  4898 102 
BC subtype:  4898 71 31 

clinical_engagement 
diagnosis 
demography 
81 new agents 
11 dtreferralsatt11 smreferralsatt285 
disease_progression 
H-positive risk:  685 685 77 1098 419 109 1062 423 149 58 174 61 
H-negative risk:  685 685 1062 1098 423 419 109 77 174 149 61 58 
New BC onsets:  0
BC status:  4898 102 
BC subtype:  4898 72 30 

clinical_engagement 
diagnosis 
demography 
71 new agents 
7 dtreferralsatt7 smreferralsatt286 
disease_progression 
H-positive risk:  685 685 76 1098 419 105 1055 429 152 57 174 65 
H-negative risk:  685 685 1055 1098 429 419 105 76 174 152 65 57 
New BC onsets:  0
BC status:  4895 105 
BC subtype:  4895 75 30 

clinical_engagement 
diagnosis 
demography 
79 new agents 
11 dtreferralsatt11 smreferralsatt287 
disease_progression 
H-positive risk:  680 677 77 1105 412 107 1062 431 152 58 174 65 
H-negative risk:  677 680 1062 1105 431 412 107 77 174 152 65 58 
New BC onsets:  0
BC status:  4895 105 
BC subtype:  4895 76 29 

clinical_engagement 
diagnosis 
demography 
79 new agents 
11 dtreferralsatt11 smreferralsatt288 
disease_progression 
H-positive risk:  680 670 76 1110 412 105 1059 432 155 58 178 65 
H-negative risk:  670 680 1059 1110 432 412 105 76 178 155 65 58 
New BC onsets:  0
BC status:  4897 103 
BC subtype:  4897 73 30 

clinical_engagement 
diagnosis 
demography 
94 new agents 
9 dtreferralsatt9 smreferralsatt289 
disease_progression 
H-positive risk:  683 662 76 1121 410 106 1051 435 155 57 177 67 
H-negative risk:  662 683 1051 1121 435 410 106 76 177 155 67 57 
New BC onsets:  0
BC status:  4897 103 
BC subtype:  4897 72 31 

clinical_engagement 
diagnosis 
demography 
66 new agents 
15 dtreferralsatt15 smreferralsatt290 
disease_progression 
H-positive risk:  678 667 75 1125 413 106 1048 431 156 56 177 68 
H-negative risk:  667 678 1048 1125 431 413 106 75 177 156 68 56 
New BC onsets:  0
BC status:  4897 103 
BC subtype:  4897 73 30 

clinical_engagement 
diagnosis 
demography 
73 new agents 
17 dtreferralsatt17 smreferralsatt291 
disease_progression 
H-positive risk:  672 667 75 1119 414 109 1051 435 155 55 179 69 
H-negative risk:  667 672 1051 1119 435 414 109 75 179 155 69 55 
New BC onsets:  0
BC status:  4897 103 
BC subtype:  4897 72 31 

clinical_engagement 
diagnosis 
demography 
87 new agents 
6 dtreferralsatt6 smreferralsatt292 
disease_progression 
H-positive risk:  674 673 77 1123 413 110 1048 431 151 52 175 73 
H-negative risk:  673 674 1048 1123 431 413 110 77 175 151 73 52 
New BC onsets:  0
BC status:  4899 101 
BC subtype:  4899 73 28 

clinical_engagement 
diagnosis 
demography 
81 new agents 
9 dtreferralsatt9 smreferralsatt293 
disease_progression 
H-positive risk:  669 684 78 1110 418 109 1045 434 153 56 174 70 
H-negative risk:  684 669 1045 1110 434 418 109 78 174 153 70 56 
New BC onsets:  0
BC status:  4901 99 
BC subtype:  4901 72 27 

clinical_engagement 
diagnosis 
demography 
67 new agents 
7 dtreferralsatt7 smreferralsatt294 
disease_progression 
H-positive risk:  668 679 81 1107 423 112 1048 433 150 56 171 72 
H-negative risk:  679 668 1048 1107 433 423 112 81 171 150 72 56 
New BC onsets:  0
BC status:  4898 102 
BC subtype:  4898 75 27 

clinical_engagement 
diagnosis 
demography 
76 new agents 
12 dtreferralsatt12 smreferralsatt295 
disease_progression 
H-positive risk:  667 676 80 1104 431 112 1045 441 151 51 170 72 
H-negative risk:  676 667 1045 1104 441 431 112 80 170 151 72 51 
New BC onsets:  0
BC status:  4900 100 
BC subtype:  4900 75 25 

clinical_engagement 
diagnosis 
demography 
88 new agents 
12 dtreferralsatt12 smreferralsatt296 
disease_progression 
H-positive risk:  668 677 82 1105 431 110 1042 440 151 50 172 72 
H-negative risk:  677 668 1042 1105 440 431 110 82 172 151 72 50 
New BC onsets:  0
BC status:  4901 99 
BC subtype:  4901 75 24 

clinical_engagement 
diagnosis 
demography 
77 new agents 
9 dtreferralsatt9 smreferralsatt297 
disease_progression 
H-positive risk:  667 685 83 1109 429 109 1030 443 150 52 170 73 
H-negative risk:  685 667 1030 1109 443 429 109 83 170 150 73 52 
New BC onsets:  0
BC status:  4901 99 
BC subtype:  4901 77 22 

clinical_engagement 
diagnosis 
demography 
61 new agents 
5 dtreferralsatt5 smreferralsatt298 
disease_progression 
H-positive risk:  667 685 86 1108 429 108 1032 447 145 53 166 74 
H-negative risk:  685 667 1032 1108 447 429 108 86 166 145 74 53 
New BC onsets:  0
BC status:  4899 101 
BC subtype:  4899 79 22 

clinical_engagement 
diagnosis 
demography 
71 new agents 
14 dtreferralsatt14 smreferralsatt299 
disease_progression 
H-positive risk:  656 686 88 1106 431 105 1047 439 146 56 165 75 
H-negative risk:  686 656 1047 1106 439 431 105 88 165 146 75 56 
New BC onsets:  0
BC status:  4898 102 
BC subtype:  4898 80 22 

clinical_engagement 
diagnosis 
demography 
70 new agents 
20 dtreferralsatt20 smreferralsatt300 
disease_progression 
H-positive risk:  662 686 90 1096 438 104 1050 433 144 59 162 76 
H-negative risk:  686 662 1050 1096 433 438 104 90 162 144 76 59 
New BC onsets:  0
BC status:  4900 100 
BC subtype:  4900 79 21 

clinical_engagement 
diagnosis 
demography 
75 new agents 
11 dtreferralsatt11 smreferralsattTime difference of 16.99161 mins
This is task 22
date
