date
Note that the current default version of R is 3.6.1.
Loading required package: network
network: Classes for Relational Data
Version 1.15 created on 2019-04-01.
copyright (c) 2005, Carter T. Butts, University of California-Irvine
                    Mark S. Handcock, University of California -- Los Angeles
                    David R. Hunter, Penn State University
                    Martina Morris, University of Washington
                    Skye Bender-deMoll, University of Washington
 For citation information, type citation("network").
 Type help("network-package") to get started.


networkDynamic: version 0.10.0, created on 2019-04-04
Copyright (c) 2019, Carter T. Butts, University of California -- Irvine
                    Ayn Leslie-Cook, University of Washington
                    Pavel N. Krivitsky, University of Wollongong
                    Skye Bender-deMoll, University of Washington
                    with contributions from
                    Zack Almquist, University of California -- Irvine
                    David R. Hunter, Penn State University
                    Li Wang
                    Kirk Li, University of Washington
                    Steven M. Goodreau, University of Washington
                    Jeffrey Horner
                    Martina Morris, University of Washington
Based on "statnet" project software (statnet.org).
For license and citation information see statnet.org/attribution
or type citation("networkDynamic").

Loading required package: statnet.common

Attaching package: 'statnet.common'

The following object is masked from 'package:base':

    order

sna: Tools for Social Network Analysis
Version 2.4 created on 2016-07-23.
copyright (c) 2005, Carter T. Butts, University of California-Irvine
 For citation information, type citation("sna").
 Type help(package="sna") to get started.


ergm: version 3.10.4, created on 2019-06-10
Copyright (c) 2019, Mark S. Handcock, University of California -- Los Angeles
                    David R. Hunter, Penn State University
                    Carter T. Butts, University of California -- Irvine
                    Steven M. Goodreau, University of Washington
                    Pavel N. Krivitsky, University of Wollongong
                    Martina Morris, University of Washington
                    with contributions from
                    Li Wang
                    Kirk Li, University of Washington
                    Skye Bender-deMoll, University of Washington
                    Chad Klumb
Based on "statnet" project software (statnet.org).
For license and citation information see statnet.org/attribution
or type citation("ergm").

NOTE: Versions before 3.6.1 had a bug in the implementation of the bd()
constriant which distorted the sampled distribution somewhat. In
addition, Sampson's Monks datasets had mislabeled vertices. See the
NEWS and the documentation for more details.

NOTE: Some common term arguments pertaining to vertex attribute and
level selection have changed in 3.10.0. See terms help for more
details. Use 'options(ergm.term=list(version="3.9.4"))' to use old
behavior.


tergm: version 3.6.1, created on 2019-06-12
Copyright (c) 2019, Pavel N. Krivitsky, University of Wollongong
                    Mark S. Handcock, University of California -- Los Angeles
                    with contributions from
                    David R. Hunter, Penn State University
                    Steven M. Goodreau, University of Washington
                    Martina Morris, University of Washington
                    Nicole Bohme Carnegie, New York University
                    Carter T. Butts, University of California -- Irvine
                    Ayn Leslie-Cook, University of Washington
                    Skye Bender-deMoll
                    Li Wang
                    Kirk Li, University of Washington
Based on "statnet" project software (statnet.org).
For license and citation information see statnet.org/attribution
or type citation("tergm").

Starting maximum pseudolikelihood estimation (MPLE):
Evaluating the predictor and response matrix.
Maximizing the pseudolikelihood.
Finished MPLE.
Starting Monte Carlo maximum likelihood estimation (MCMLE):
Iteration 1 of at most 500:
Optimizing with step length 0.42378371941363.
The log-likelihood improved by 4.022.
Iteration 2 of at most 500:
Optimizing with step length 0.693305346521037.
The log-likelihood improved by 2.483.
Iteration 3 of at most 500:
Optimizing with step length 0.776984103251303.
The log-likelihood improved by 2.233.
Iteration 4 of at most 500:
Optimizing with step length 1.
The log-likelihood improved by 0.9027.
Step length converged once. Increasing MCMC sample size.
Iteration 5 of at most 500:
Optimizing with step length 1.
The log-likelihood improved by 1.158.
Step length converged twice. Stopping.
Finished MCMLE.
This model was fit using MCMC.  To examine model diagnostics and check
for degeneracy, use the mcmc.diagnostics() function.
 degree0  degree1  degree2  degree3  degree4  degree5  degree6  degree7 
       3       27     1285     1085      851      346      369      317 
 degree8  degree9 degree10 degree11 degree12 degree13 degree14 degree15 
     256      210      133       57       34       12        7        3 
degree16 degree17 degree18 
       3        1        1 
1 
disease_progression 
H-positive risk:  866 917 135 849 403 126 901 462 112 53 110 66 
H-negative risk:  917 866 901 849 462 403 126 135 110 112 66 53 
New BC onsets:  0
BC status:  4997 3 
BC subtype:  4997 2 1 

clinical_engagement 
diagnosis 
demography 
66 new agents 
1 dtreferralsatt1 smreferralsatt2 
disease_progression 
H-positive risk:  870 921 135 852 394 126 898 459 113 55 112 65 
H-negative risk:  921 870 898 852 459 394 126 135 112 113 65 55 
New BC onsets:  0
BC status:  4996 4 
BC subtype:  4996 2 2 

clinical_engagement 
diagnosis 
demography 
69 new agents 
3 dtreferralsatt3 smreferralsatt3 
disease_progression 
H-positive risk:  878 915 137 852 397 127 901 452 113 53 111 64 
H-negative risk:  915 878 901 852 452 397 127 137 111 113 64 53 
New BC onsets:  0
BC status:  4992 8 
BC subtype:  4992 6 2 

clinical_engagement 
diagnosis 
demography 
64 new agents 
3 dtreferralsatt3 smreferralsatt4 
disease_progression 
H-positive risk:  877 930 136 849 393 128 900 446 113 53 112 63 
H-negative risk:  930 877 900 849 446 393 128 136 112 113 63 53 
New BC onsets:  0
BC status:  4991 9 
BC subtype:  4991 7 2 

clinical_engagement 
diagnosis 
demography 
59 new agents 
1 dtreferralsatt1 smreferralsatt5 
disease_progression 
H-positive risk:  879 928 135 854 390 130 900 442 112 53 114 63 
H-negative risk:  928 879 900 854 442 390 130 135 114 112 63 53 
New BC onsets:  0
BC status:  4988 12 
BC subtype:  4988 10 2 

clinical_engagement 
diagnosis 
demography 
66 new agents 
3 dtreferralsatt3 smreferralsatt6 
disease_progression 
H-positive risk:  888 933 135 853 394 131 889 438 111 53 114 61 
H-negative risk:  933 888 889 853 438 394 131 135 114 111 61 53 
New BC onsets:  0
BC status:  4986 14 
BC subtype:  4986 12 2 

clinical_engagement 
diagnosis 
demography 
54 new agents 
4 dtreferralsatt4 smreferralsatt7 
disease_progression 
H-positive risk:  886 941 133 853 398 132 880 439 109 54 113 62 
H-negative risk:  941 886 880 853 439 398 132 133 113 109 62 54 
New BC onsets:  0
BC status:  4985 15 
BC subtype:  4985 13 2 

clinical_engagement 
diagnosis 
demography 
53 new agents 
10 dtreferralsatt10 smreferralsatt8 
disease_progression 
H-positive risk:  883 946 134 856 397 130 880 432 109 57 114 62 
H-negative risk:  946 883 880 856 432 397 130 134 114 109 62 57 
New BC onsets:  0
BC status:  4983 17 
BC subtype:  4983 13 4 

clinical_engagement 
diagnosis 
demography 
56 new agents 
6 dtreferralsatt6 smreferralsatt9 
disease_progression 
H-positive risk:  885 951 138 852 396 130 882 428 108 55 114 61 
H-negative risk:  951 885 882 852 428 396 130 138 114 108 61 55 
New BC onsets:  0
BC status:  4979 21 
BC subtype:  4979 15 6 

clinical_engagement 
diagnosis 
demography 
62 new agents 
5 dtreferralsatt5 smreferralsatt10 
disease_progression 
H-positive risk:  892 949 138 861 385 131 876 429 109 54 114 62 
H-negative risk:  949 892 876 861 429 385 131 138 114 109 62 54 
New BC onsets:  0
BC status:  4978 22 
BC subtype:  4978 15 7 

clinical_engagement 
diagnosis 
demography 
61 new agents 
4 dtreferralsatt4 smreferralsatt11 
disease_progression 
H-positive risk:  897 945 138 858 386 130 880 427 109 55 114 61 
H-negative risk:  945 897 880 858 427 386 130 138 114 109 61 55 
New BC onsets:  0
BC status:  4978 22 
BC subtype:  4978 15 7 

clinical_engagement 
diagnosis 
demography 
64 new agents 
9 dtreferralsatt9 smreferralsatt12 
disease_progression 
H-positive risk:  904 950 139 863 383 128 880 417 107 57 113 59 
H-negative risk:  950 904 880 863 417 383 128 139 113 107 59 57 
New BC onsets:  0
BC status:  4977 23 
BC subtype:  4977 15 8 

clinical_engagement 
diagnosis 
demography 
54 new agents 
10 dtreferralsatt10 smreferralsatt13 
disease_progression 
H-positive risk:  830 883 128 927 379 126 958 417 111 56 126 59 
H-negative risk:  883 830 958 927 417 379 126 128 126 111 59 56 
New BC onsets:  0
BC status:  4976 24 
BC subtype:  4976 16 8 

clinical_engagement 
diagnosis 
demography 
195 new agents 
8 dtreferralsatt8 smreferralsatt14 
disease_progression 
H-positive risk:  859 913 135 892 375 128 921 426 110 55 119 67 
H-negative risk:  913 859 921 892 426 375 128 135 119 110 67 55 
New BC onsets:  0
BC status:  4970 30 
BC subtype:  4970 21 9 

clinical_engagement 
diagnosis 
demography 
65 new agents 
10 dtreferralsatt10 smreferralsatt15 
disease_progression 
H-positive risk:  864 919 134 893 373 126 925 417 111 53 119 66 
H-negative risk:  919 864 925 893 417 373 126 134 119 111 66 53 
New BC onsets:  0
BC status:  4970 30 
BC subtype:  4970 21 9 

clinical_engagement 
diagnosis 
demography 
67 new agents 
7 dtreferralsatt7 smreferralsatt16 
disease_progression 
H-positive risk:  864 913 135 892 377 129 921 416 112 55 121 65 
H-negative risk:  913 864 921 892 416 377 129 135 121 112 65 55 
New BC onsets:  0
BC status:  4971 29 
BC subtype:  4971 20 9 

clinical_engagement 
diagnosis 
demography 
64 new agents 
9 dtreferralsatt9 smreferralsatt17 
disease_progression 
H-positive risk:  872 912 136 893 373 132 920 411 112 54 120 65 
H-negative risk:  912 872 920 893 411 373 132 136 120 112 65 54 
New BC onsets:  0
BC status:  4970 30 
BC subtype:  4970 21 9 

clinical_engagement 
diagnosis 
demography 
58 new agents 
6 dtreferralsatt6 smreferralsatt18 
disease_progression 
H-positive risk:  879 917 136 896 369 133 912 402 114 54 122 66 
H-negative risk:  917 879 912 896 402 369 133 136 122 114 66 54 
New BC onsets:  0
BC status:  4969 31 
BC subtype:  4969 22 9 

clinical_engagement 
diagnosis 
demography 
65 new agents 
7 dtreferralsatt7 smreferralsatt19 
disease_progression 
H-positive risk:  892 914 136 891 360 134 909 404 115 57 123 65 
H-negative risk:  914 892 909 891 404 360 134 136 123 115 65 57 
New BC onsets:  0
BC status:  4968 32 
BC subtype:  4968 22 10 

clinical_engagement 
diagnosis 
demography 
59 new agents 
11 dtreferralsatt11 smreferralsatt20 
disease_progression 
H-positive risk:  892 920 136 895 361 132 909 401 115 57 122 60 
H-negative risk:  920 892 909 895 401 361 132 136 122 115 60 57 
New BC onsets:  0
BC status:  4966 34 
BC subtype:  4966 24 10 

clinical_engagement 
diagnosis 
demography 
56 new agents 
11 dtreferralsatt11 smreferralsatt21 
disease_progression 
H-positive risk:  897 922 133 890 363 131 910 403 113 54 126 58 
H-negative risk:  922 897 910 890 403 363 131 133 126 113 58 54 
New BC onsets:  0
BC status:  4963 37 
BC subtype:  4963 27 10 

clinical_engagement 
diagnosis 
demography 
58 new agents 
19 dtreferralsatt19 smreferralsatt22 
disease_progression 
H-positive risk:  902 927 135 892 360 133 912 397 110 52 123 57 
H-negative risk:  927 902 912 892 397 360 133 135 123 110 57 52 
New BC onsets:  0
BC status:  4962 38 
BC subtype:  4962 29 9 

clinical_engagement 
diagnosis 
demography 
51 new agents 
7 dtreferralsatt7 smreferralsatt23 
disease_progression 
H-positive risk:  909 932 136 898 356 133 903 392 112 52 120 57 
H-negative risk:  932 909 903 898 392 356 133 136 120 112 57 52 
New BC onsets:  0
BC status:  4961 39 
BC subtype:  4961 30 9 

clinical_engagement 
diagnosis 
demography 
63 new agents 
5 dtreferralsatt5 smreferralsatt24 
disease_progression 
H-positive risk:  909 936 139 896 355 138 901 392 110 47 120 57 
H-negative risk:  936 909 901 896 392 355 138 139 120 110 57 47 
New BC onsets:  0
BC status:  4959 41 
BC subtype:  4959 32 9 

clinical_engagement 
diagnosis 
demography 
80 new agents 
11 dtreferralsatt11 smreferralsatt25 
disease_progression 
H-positive risk:  837 859 123 969 348 133 983 393 115 47 134 59 
H-negative risk:  859 837 983 969 393 348 133 123 134 115 59 47 
New BC onsets:  0
BC status:  4954 46 
BC subtype:  4954 36 10 

clinical_engagement 
diagnosis 
demography 
163 new agents 
11 dtreferralsatt11 smreferralsatt26 
disease_progression 
H-positive risk:  858 883 127 936 365 135 945 400 115 43 129 64 
H-negative risk:  883 858 945 936 400 365 135 127 129 115 64 43 
New BC onsets:  0
BC status:  4949 51 
BC subtype:  4949 41 10 

clinical_engagement 
diagnosis 
demography 
78 new agents 
17 dtreferralsatt17 smreferralsatt27 
disease_progression 
H-positive risk:  866 883 128 944 357 135 939 395 116 42 131 64 
H-negative risk:  883 866 939 944 395 357 135 128 131 116 64 42 
New BC onsets:  0
BC status:  4947 53 
BC subtype:  4947 41 12 

clinical_engagement 
diagnosis 
demography 
62 new agents 
8 dtreferralsatt8 smreferralsatt28 
disease_progression 
H-positive risk:  871 890 126 942 354 133 945 389 119 40 130 61 
H-negative risk:  890 871 945 942 389 354 133 126 130 119 61 40 
New BC onsets:  0
BC status:  4943 57 
BC subtype:  4943 41 16 

clinical_engagement 
diagnosis 
demography 
79 new agents 
9 dtreferralsatt9 smreferralsatt29 
disease_progression 
H-positive risk:  874 894 127 944 346 136 948 383 118 36 132 62 
H-negative risk:  894 874 948 944 383 346 136 127 132 118 62 36 
New BC onsets:  0
BC status:  4941 59 
BC subtype:  4941 42 17 

clinical_engagement 
diagnosis 
demography 
61 new agents 
4 dtreferralsatt4 smreferralsatt30 
disease_progression 
H-positive risk:  871 893 127 941 348 137 960 378 117 36 131 61 
H-negative risk:  893 871 960 941 378 348 137 127 131 117 61 36 
New BC onsets:  0
BC status:  4944 56 
BC subtype:  4944 39 17 

clinical_engagement 
diagnosis 
demography 
64 new agents 
6 dtreferralsatt6 smreferralsatt31 
disease_progression 
H-positive risk:  882 892 129 936 356 132 957 378 116 33 130 59 
H-negative risk:  892 882 957 936 378 356 132 129 130 116 59 33 
New BC onsets:  0
BC status:  4944 56 
BC subtype:  4944 39 17 

clinical_engagement 
diagnosis 
demography 
60 new agents 
6 dtreferralsatt6 smreferralsatt32 
disease_progression 
H-positive risk:  888 891 128 934 353 133 956 383 116 32 129 57 
H-negative risk:  891 888 956 934 383 353 133 128 129 116 57 32 
New BC onsets:  0
BC status:  4943 57 
BC subtype:  4943 40 17 

clinical_engagement 
diagnosis 
demography 
73 new agents 
13 dtreferralsatt13 smreferralsatt33 
disease_progression 
H-positive risk:  890 899 128 933 352 133 951 382 117 33 128 54 
H-negative risk:  899 890 951 933 382 352 133 128 128 117 54 33 
New BC onsets:  0
BC status:  4943 57 
BC subtype:  4943 40 17 

clinical_engagement 
diagnosis 
demography 
64 new agents 
11 dtreferralsatt11 smreferralsatt34 
disease_progression 
H-positive risk:  892 901 128 927 356 133 952 378 117 33 127 56 
H-negative risk:  901 892 952 927 378 356 133 128 127 117 56 33 
New BC onsets:  0
BC status:  4942 58 
BC subtype:  4942 42 16 

clinical_engagement 
diagnosis 
demography 
68 new agents 
6 dtreferralsatt6 smreferralsatt35 
disease_progression 
H-positive risk:  898 910 129 936 351 131 945 369 118 33 125 55 
H-negative risk:  910 898 945 936 369 351 131 129 125 118 55 33 
New BC onsets:  0
BC status:  4942 58 
BC subtype:  4942 42 16 

clinical_engagement 
diagnosis 
demography 
68 new agents 
8 dtreferralsatt8 smreferralsatt36 
disease_progression 
H-positive risk:  898 915 129 936 350 133 941 366 118 34 124 56 
H-negative risk:  915 898 941 936 366 350 133 129 124 118 56 34 
New BC onsets:  0
BC status:  4939 61 
BC subtype:  4939 45 16 

clinical_engagement 
diagnosis 
demography 
64 new agents 
12 dtreferralsatt12 smreferralsatt37 
disease_progression 
H-positive risk:  825 869 120 989 349 127 1010 357 126 37 135 56 
H-negative risk:  869 825 1010 989 357 349 127 120 135 126 56 37 
New BC onsets:  0
BC status:  4936 64 
BC subtype:  4936 47 17 

clinical_engagement 
diagnosis 
demography 
164 new agents 
8 dtreferralsatt8 smreferralsatt38 
disease_progression 
H-positive risk:  848 888 121 971 349 128 975 375 124 35 136 50 
H-negative risk:  888 848 975 971 375 349 128 121 136 124 50 35 
New BC onsets:  0
BC status:  4937 63 
BC subtype:  4937 45 18 

clinical_engagement 
diagnosis 
demography 
65 new agents 
7 dtreferralsatt7 smreferralsatt39 
disease_progression 
H-positive risk:  854 894 123 957 351 130 969 381 124 36 134 47 
H-negative risk:  894 854 969 957 381 351 130 123 134 124 47 36 
New BC onsets:  0
BC status:  4936 64 
BC subtype:  4936 46 18 

clinical_engagement 
diagnosis 
demography 
80 new agents 
9 dtreferralsatt9 smreferralsatt40 
disease_progression 
H-positive risk:  861 900 123 954 353 129 963 377 118 39 135 48 
H-negative risk:  900 861 963 954 377 353 129 123 135 118 48 39 
New BC onsets:  0
BC status:  4933 67 
BC subtype:  4933 50 17 

clinical_engagement 
diagnosis 
demography 
66 new agents 
5 dtreferralsatt5 smreferralsatt41 
disease_progression 
H-positive risk:  865 903 123 952 348 129 965 377 119 38 131 50 
H-negative risk:  903 865 965 952 377 348 129 123 131 119 50 38 
New BC onsets:  0
BC status:  4930 70 
BC subtype:  4930 51 19 

clinical_engagement 
diagnosis 
demography 
68 new agents 
10 dtreferralsatt10 smreferralsatt42 
disease_progression 
H-positive risk:  872 907 124 946 350 127 964 373 119 39 130 49 
H-negative risk:  907 872 964 946 373 350 127 124 130 119 49 39 
New BC onsets:  0
BC status:  4931 69 
BC subtype:  4931 50 19 

clinical_engagement 
diagnosis 
demography 
57 new agents 
8 dtreferralsatt8 smreferralsatt43 
disease_progression 
H-positive risk:  873 907 125 944 348 128 963 375 120 38 130 49 
H-negative risk:  907 873 963 944 375 348 128 125 130 120 49 38 
New BC onsets:  0
BC status:  4931 69 
BC subtype:  4931 50 19 

clinical_engagement 
diagnosis 
demography 
61 new agents 
16 dtreferralsatt16 smreferralsatt44 
disease_progression 
H-positive risk:  876 911 125 940 348 128 963 372 122 38 131 46 
H-negative risk:  911 876 963 940 372 348 128 125 131 122 46 38 
New BC onsets:  0
BC status:  4930 70 
BC subtype:  4930 50 20 

clinical_engagement 
diagnosis 
demography 
69 new agents 
12 dtreferralsatt12 smreferralsatt45 
disease_progression 
H-positive risk:  874 920 124 941 349 130 962 366 122 35 131 46 
H-negative risk:  920 874 962 941 366 349 130 124 131 122 46 35 
New BC onsets:  0
BC status:  4930 70 
BC subtype:  4930 50 20 

clinical_engagement 
diagnosis 
demography 
61 new agents 
11 dtreferralsatt11 smreferralsatt46 
disease_progression 
H-positive risk:  878 919 122 947 351 132 961 360 122 33 129 46 
H-negative risk:  919 878 961 947 360 351 132 122 129 122 46 33 
New BC onsets:  0
BC status:  4929 71 
BC subtype:  4929 50 21 

clinical_engagement 
diagnosis 
demography 
56 new agents 
15 dtreferralsatt15 smreferralsatt47 
disease_progression 
H-positive risk:  881 922 122 943 351 132 959 358 121 35 130 46 
H-negative risk:  922 881 959 943 358 351 132 122 130 121 46 35 
New BC onsets:  0
BC status:  4927 73 
BC subtype:  4927 53 20 

clinical_engagement 
diagnosis 
demography 
59 new agents 
12 dtreferralsatt12 smreferralsatt48 
disease_progression 
H-positive risk:  885 927 123 942 350 131 955 353 124 35 130 45 
H-negative risk:  927 885 955 942 353 350 131 123 130 124 45 35 
New BC onsets:  0
BC status:  4926 74 
BC subtype:  4926 55 19 

clinical_engagement 
diagnosis 
demography 
64 new agents 
13 dtreferralsatt13 smreferralsatt49 
disease_progression 
H-positive risk:  830 852 114 1008 353 119 1013 349 140 36 138 48 
H-negative risk:  852 830 1013 1008 349 353 119 114 138 140 48 36 
New BC onsets:  0
BC status:  4926 74 
BC subtype:  4926 55 19 

clinical_engagement 
diagnosis 
demography 
132 new agents 
16 dtreferralsatt16 smreferralsatt50 
disease_progression 
H-positive risk:  846 863 117 972 382 114 970 375 135 42 136 48 
H-negative risk:  863 846 970 972 375 382 114 117 136 135 48 42 
New BC onsets:  0
BC status:  4933 67 
BC subtype:  4933 49 18 

clinical_engagement 
diagnosis 
demography 
70 new agents 
15 dtreferralsatt15 smreferralsatt51 
disease_progression 
H-positive risk:  844 862 117 970 382 115 969 381 132 44 136 48 
H-negative risk:  862 844 969 970 381 382 115 117 136 132 48 44 
New BC onsets:  0
BC status:  4931 69 
BC subtype:  4931 51 18 

clinical_engagement 
diagnosis 
demography 
78 new agents 
11 dtreferralsatt11 smreferralsatt52 
disease_progression 
H-positive risk:  851 865 117 980 381 113 959 371 132 42 139 50 
H-negative risk:  865 851 959 980 371 381 113 117 139 132 50 42 
New BC onsets:  0
BC status:  4931 69 
BC subtype:  4931 51 18 

clinical_engagement 
diagnosis 
demography 
61 new agents 
16 dtreferralsatt16 smreferralsatt53 
disease_progression 
H-positive risk:  845 870 117 990 381 114 958 362 131 43 140 49 
H-negative risk:  870 845 958 990 362 381 114 117 140 131 49 43 
New BC onsets:  0
BC status:  4930 70 
BC subtype:  4930 52 18 

clinical_engagement 
diagnosis 
demography 
65 new agents 
9 dtreferralsatt9 smreferralsatt54 
disease_progression 
H-positive risk:  847 880 118 989 380 114 957 354 132 43 139 47 
H-negative risk:  880 847 957 989 354 380 114 118 139 132 47 43 
New BC onsets:  0
BC status:  4930 70 
BC subtype:  4930 52 18 

clinical_engagement 
diagnosis 
demography 
73 new agents 
13 dtreferralsatt13 smreferralsatt55 
disease_progression 
H-positive risk:  847 889 118 984 375 115 964 349 133 43 134 49 
H-negative risk:  889 847 964 984 349 375 115 118 134 133 49 43 
New BC onsets:  0
BC status:  4925 75 
BC subtype:  4925 57 18 

clinical_engagement 
diagnosis 
demography 
80 new agents 
11 dtreferralsatt11 smreferralsatt56 
disease_progression 
H-positive risk:  852 886 117 989 374 118 967 349 130 41 130 47 
H-negative risk:  886 852 967 989 349 374 118 117 130 130 47 41 
New BC onsets:  0
BC status:  4924 76 
BC subtype:  4924 57 19 

clinical_engagement 
diagnosis 
demography 
65 new agents 
6 dtreferralsatt6 smreferralsatt57 
disease_progression 
H-positive risk:  857 891 117 986 376 115 960 351 129 42 129 47 
H-negative risk:  891 857 960 986 351 376 115 117 129 129 47 42 
New BC onsets:  0
BC status:  4923 77 
BC subtype:  4923 58 19 

clinical_engagement 
diagnosis 
demography 
62 new agents 
10 dtreferralsatt10 smreferralsatt58 
disease_progression 
H-positive risk:  857 886 117 987 380 116 963 349 130 41 130 44 
H-negative risk:  886 857 963 987 349 380 116 117 130 130 44 41 
New BC onsets:  0
BC status:  4923 77 
BC subtype:  4923 58 19 

clinical_engagement 
diagnosis 
demography 
57 new agents 
8 dtreferralsatt8 smreferralsatt59 
disease_progression 
H-positive risk:  855 886 119 986 381 116 959 352 130 43 130 43 
H-negative risk:  886 855 959 986 352 381 116 119 130 130 43 43 
New BC onsets:  0
BC status:  4918 82 
BC subtype:  4918 59 23 

clinical_engagement 
diagnosis 
demography 
62 new agents 
12 dtreferralsatt12 smreferralsatt60 
disease_progression 
H-positive risk:  858 895 118 988 375 117 961 342 129 42 131 44 
H-negative risk:  895 858 961 988 342 375 117 118 131 129 44 42 
New BC onsets:  0
BC status:  4918 82 
BC subtype:  4918 59 23 

clinical_engagement 
diagnosis 
demography 
65 new agents 
16 dtreferralsatt16 smreferralsatt61 
disease_progression 
H-positive risk:  807 854 112 1034 372 113 1011 344 131 44 136 42 
H-negative risk:  854 807 1011 1034 344 372 113 112 136 131 42 44 
New BC onsets:  0
BC status:  4921 79 
BC subtype:  4921 57 22 

clinical_engagement 
diagnosis 
demography 
122 new agents 
12 dtreferralsatt12 smreferralsatt62 
disease_progression 
H-positive risk:  814 847 112 999 397 113 1002 364 130 47 134 41 
H-negative risk:  847 814 1002 999 364 397 113 112 134 130 41 47 
New BC onsets:  0
BC status:  4925 75 
BC subtype:  4925 55 20 

clinical_engagement 
diagnosis 
demography 
76 new agents 
8 dtreferralsatt8 smreferralsatt63 
disease_progression 
H-positive risk:  819 844 113 999 397 114 1003 359 130 46 134 42 
H-negative risk:  844 819 1003 999 359 397 114 113 134 130 42 46 
New BC onsets:  0
BC status:  4922 78 
BC subtype:  4922 58 20 

clinical_engagement 
diagnosis 
demography 
75 new agents 
9 dtreferralsatt9 smreferralsatt64 
disease_progression 
H-positive risk:  823 844 112 1009 398 115 1002 351 126 45 134 41 
H-negative risk:  844 823 1002 1009 351 398 115 112 134 126 41 45 
New BC onsets:  0
BC status:  4920 80 
BC subtype:  4920 56 24 

clinical_engagement 
diagnosis 
demography 
70 new agents 
13 dtreferralsatt13 smreferralsatt65 
disease_progression 
H-positive risk:  815 847 112 1011 391 114 1010 353 125 43 136 43 
H-negative risk:  847 815 1010 1011 353 391 114 112 136 125 43 43 
New BC onsets:  0
BC status:  4916 84 
BC subtype:  4916 60 24 

clinical_engagement 
diagnosis 
demography 
73 new agents 
9 dtreferralsatt9 smreferralsatt66 
disease_progression 
H-positive risk:  817 846 115 1017 377 115 1015 355 122 42 134 45 
H-negative risk:  846 817 1015 1017 355 377 115 115 134 122 45 42 
New BC onsets:  0
BC status:  4914 86 
BC subtype:  4914 62 24 

clinical_engagement 
diagnosis 
demography 
72 new agents 
10 dtreferralsatt10 smreferralsatt67 
disease_progression 
H-positive risk:  814 846 117 1024 379 115 1014 354 119 40 132 46 
H-negative risk:  846 814 1014 1024 354 379 115 117 132 119 46 40 
New BC onsets:  0
BC status:  4914 86 
BC subtype:  4914 61 25 

clinical_engagement 
diagnosis 
demography 
53 new agents 
13 dtreferralsatt13 smreferralsatt68 
disease_progression 
H-positive risk:  812 851 119 1010 383 116 1020 351 119 43 130 46 
H-negative risk:  851 812 1020 1010 351 383 116 119 130 119 46 43 
New BC onsets:  0
BC status:  4914 86 
BC subtype:  4914 61 25 

clinical_engagement 
diagnosis 
demography 
69 new agents 
11 dtreferralsatt11 smreferralsatt69 
disease_progression 
H-positive risk:  815 855 118 1008 384 118 1019 347 117 44 130 45 
H-negative risk:  855 815 1019 1008 347 384 118 118 130 117 45 44 
New BC onsets:  0
BC status:  4913 87 
BC subtype:  4913 61 26 

clinical_engagement 
diagnosis 
demography 
67 new agents 
14 dtreferralsatt14 smreferralsatt70 
disease_progression 
H-positive risk:  817 858 117 1005 381 117 1022 346 121 44 127 45 
H-negative risk:  858 817 1022 1005 346 381 117 117 127 121 45 44 
New BC onsets:  0
BC status:  4913 87 
BC subtype:  4913 60 27 

clinical_engagement 
diagnosis 
demography 
64 new agents 
12 dtreferralsatt12 smreferralsatt71 
disease_progression 
H-positive risk:  822 856 115 1002 379 117 1026 343 123 45 128 44 
H-negative risk:  856 822 1026 1002 343 379 117 115 128 123 44 45 
New BC onsets:  0
BC status:  4912 88 
BC subtype:  4912 61 27 

clinical_engagement 
diagnosis 
demography 
62 new agents 
9 dtreferralsatt9 smreferralsatt72 
disease_progression 
H-positive risk:  832 854 115 987 387 116 1031 338 122 45 129 44 
H-negative risk:  854 832 1031 987 338 387 116 115 129 122 44 45 
New BC onsets:  0
BC status:  4914 86 
BC subtype:  4914 59 27 

clinical_engagement 
diagnosis 
demography 
60 new agents 
10 dtreferralsatt10 smreferralsatt73 
disease_progression 
H-positive risk:  774 794 105 1044 385 111 1090 341 130 43 142 41 
H-negative risk:  794 774 1090 1044 341 385 111 105 142 130 41 43 
New BC onsets:  0
BC status:  4912 88 
BC subtype:  4912 61 27 

clinical_engagement 
diagnosis 
demography 
105 new agents 
4 dtreferralsatt4 smreferralsatt74 
disease_progression 
H-positive risk:  775 798 108 1034 397 113 1072 347 132 44 141 39 
H-negative risk:  798 775 1072 1034 347 397 113 108 141 132 39 44 
New BC onsets:  0
BC status:  4913 87 
BC subtype:  4913 62 25 

clinical_engagement 
diagnosis 
demography 
81 new agents 
14 dtreferralsatt14 smreferralsatt75 
disease_progression 
H-positive risk:  775 800 110 1040 399 112 1076 337 130 42 137 42 
H-negative risk:  800 775 1076 1040 337 399 112 110 137 130 42 42 
New BC onsets:  0
BC status:  4913 87 
BC subtype:  4913 63 24 

clinical_engagement 
diagnosis 
demography 
86 new agents 
6 dtreferralsatt6 smreferralsatt76 
disease_progression 
H-positive risk:  786 809 111 1043 383 112 1074 336 128 40 135 43 
H-negative risk:  809 786 1074 1043 336 383 112 111 135 128 43 40 
New BC onsets:  0
BC status:  4912 88 
BC subtype:  4912 63 25 

clinical_engagement 
diagnosis 
demography 
83 new agents 
8 dtreferralsatt8 smreferralsatt77 
disease_progression 
H-positive risk:  781 810 116 1045 377 112 1077 340 127 36 137 42 
H-negative risk:  810 781 1077 1045 340 377 112 116 137 127 42 36 
New BC onsets:  0
BC status:  4910 90 
BC subtype:  4910 64 26 

clinical_engagement 
diagnosis 
demography 
51 new agents 
7 dtreferralsatt7 smreferralsatt78 
disease_progression 
H-positive risk:  783 809 115 1038 377 116 1076 339 126 39 137 45 
H-negative risk:  809 783 1076 1038 339 377 116 115 137 126 45 39 
New BC onsets:  0
BC status:  4909 91 
BC subtype:  4909 65 26 

clinical_engagement 
diagnosis 
demography 
74 new agents 
8 dtreferralsatt8 smreferralsatt79 
disease_progression 
H-positive risk:  782 821 118 1029 379 117 1073 339 126 39 135 42 
H-negative risk:  821 782 1073 1029 339 379 117 118 135 126 42 39 
New BC onsets:  0
BC status:  4904 96 
BC subtype:  4904 69 27 

clinical_engagement 
diagnosis 
demography 
61 new agents 
7 dtreferralsatt7 smreferralsatt80 
disease_progression 
H-positive risk:  786 818 118 1025 375 116 1073 348 127 39 135 40 
H-negative risk:  818 786 1073 1025 348 375 116 118 135 127 40 39 
New BC onsets:  0
BC status:  4900 100 
BC subtype:  4900 72 28 

clinical_engagement 
diagnosis 
demography 
90 new agents 
12 dtreferralsatt12 smreferralsatt81 
disease_progression 
H-positive risk:  791 817 119 1023 370 118 1079 338 130 41 132 42 
H-negative risk:  817 791 1079 1023 338 370 118 119 132 130 42 41 
New BC onsets:  0
BC status:  4901 99 
BC subtype:  4901 71 28 

clinical_engagement 
diagnosis 
demography 
69 new agents 
12 dtreferralsatt12 smreferralsatt82 
disease_progression 
H-positive risk:  798 816 122 1025 361 121 1080 334 130 40 132 41 
H-negative risk:  816 798 1080 1025 334 361 121 122 132 130 41 40 
New BC onsets:  0
BC status:  4900 100 
BC subtype:  4900 72 28 

clinical_engagement 
diagnosis 
demography 
75 new agents 
14 dtreferralsatt14 smreferralsatt83 
disease_progression 
H-positive risk:  801 820 123 1023 357 121 1079 333 130 38 133 42 
H-negative risk:  820 801 1079 1023 333 357 121 123 133 130 42 38 
New BC onsets:  0
BC status:  4899 101 
BC subtype:  4899 71 30 

clinical_engagement 
diagnosis 
demography 
65 new agents 
11 dtreferralsatt11 smreferralsatt84 
disease_progression 
H-positive risk:  800 824 123 1023 359 119 1077 333 134 36 132 40 
H-negative risk:  824 800 1077 1023 333 359 119 123 132 134 40 36 
New BC onsets:  0
BC status:  4900 100 
BC subtype:  4900 69 31 

clinical_engagement 
diagnosis 
demography 
59 new agents 
11 dtreferralsatt11 smreferralsatt85 
disease_progression 
H-positive risk:  768 762 117 1083 357 111 1117 330 145 33 137 40 
H-negative risk:  762 768 1117 1083 330 357 111 117 137 145 40 33 
New BC onsets:  0
BC status:  4904 96 
BC subtype:  4904 68 28 

clinical_engagement 
diagnosis 
demography 
104 new agents 
8 dtreferralsatt8 smreferralsatt86 
disease_progression 
H-positive risk:  772 756 122 1072 366 108 1099 351 142 38 137 37 
H-negative risk:  756 772 1099 1072 351 366 108 122 137 142 37 38 
New BC onsets:  0
BC status:  4903 97 
BC subtype:  4903 69 28 

clinical_engagement 
diagnosis 
demography 
75 new agents 
8 dtreferralsatt8 smreferralsatt87 
disease_progression 
H-positive risk:  763 753 122 1060 379 108 1114 346 142 39 138 36 
H-negative risk:  753 763 1114 1060 346 379 108 122 138 142 36 39 
New BC onsets:  0
BC status:  4898 102 
BC subtype:  4898 73 29 

clinical_engagement 
diagnosis 
demography 
77 new agents 
16 dtreferralsatt16 smreferralsatt88 
disease_progression 
H-positive risk:  773 751 121 1053 377 108 1118 346 138 42 136 37 
H-negative risk:  751 773 1118 1053 346 377 108 121 136 138 37 42 
New BC onsets:  0
BC status:  4897 103 
BC subtype:  4897 73 30 

clinical_engagement 
diagnosis 
demography 
63 new agents 
7 dtreferralsatt7 smreferralsatt89 
disease_progression 
H-positive risk:  776 753 122 1046 375 111 1113 352 137 42 135 38 
H-negative risk:  753 776 1113 1046 352 375 111 122 135 137 38 42 
New BC onsets:  0
BC status:  4896 104 
BC subtype:  4896 75 29 

clinical_engagement 
diagnosis 
demography 
58 new agents 
8 dtreferralsatt8 smreferralsatt90 
disease_progression 
H-positive risk:  775 756 122 1043 373 110 1118 351 135 41 134 42 
H-negative risk:  756 775 1118 1043 351 373 110 122 134 135 42 41 
New BC onsets:  0
BC status:  4896 104 
BC subtype:  4896 74 30 

clinical_engagement 
diagnosis 
demography 
71 new agents 
10 dtreferralsatt10 smreferralsatt91 
disease_progression 
H-positive risk:  787 762 121 1043 366 108 1116 347 135 43 131 41 
H-negative risk:  762 787 1116 1043 347 366 108 121 131 135 41 43 
New BC onsets:  0
BC status:  4896 104 
BC subtype:  4896 74 30 

clinical_engagement 
diagnosis 
demography 
65 new agents 
7 dtreferralsatt7 smreferralsatt92 
disease_progression 
H-positive risk:  786 760 122 1047 359 111 1113 350 137 43 130 42 
H-negative risk:  760 786 1113 1047 350 359 111 122 130 137 42 43 
New BC onsets:  0
BC status:  4896 104 
BC subtype:  4896 74 30 

clinical_engagement 
diagnosis 
demography 
75 new agents 
9 dtreferralsatt9 smreferralsatt93 
disease_progression 
H-positive risk:  790 763 124 1051 357 111 1108 345 139 40 133 39 
H-negative risk:  763 790 1108 1051 345 357 111 124 133 139 39 40 
New BC onsets:  0
BC status:  4898 102 
BC subtype:  4898 72 30 

clinical_engagement 
diagnosis 
demography 
84 new agents 
11 dtreferralsatt11 smreferralsatt94 
disease_progression 
H-positive risk:  797 759 123 1052 354 114 1117 335 140 38 132 39 
H-negative risk:  759 797 1117 1052 335 354 114 123 132 140 39 38 
New BC onsets:  0
BC status:  4898 102 
BC subtype:  4898 73 29 

clinical_engagement 
diagnosis 
demography 
55 new agents 
6 dtreferralsatt6 smreferralsatt95 
disease_progression 
H-positive risk:  797 761 125 1051 353 111 1121 334 139 37 132 39 
H-negative risk:  761 797 1121 1051 334 353 111 125 132 139 39 37 
New BC onsets:  0
BC status:  4898 102 
BC subtype:  4898 73 29 

clinical_engagement 
diagnosis 
demography 
68 new agents 
12 dtreferralsatt12 smreferralsatt96 
disease_progression 
H-positive risk:  799 764 122 1043 355 111 1121 340 138 36 130 41 
H-negative risk:  764 799 1121 1043 340 355 111 122 130 138 41 36 
New BC onsets:  0
BC status:  4895 105 
BC subtype:  4895 77 28 

clinical_engagement 
diagnosis 
demography 
47 new agents 
11 dtreferralsatt11 smreferralsatt97 
disease_progression 
H-positive risk:  749 718 115 1093 351 107 1163 345 142 36 139 42 
H-negative risk:  718 749 1163 1093 345 351 107 115 139 142 42 36 
New BC onsets:  0
BC status:  4895 105 
BC subtype:  4895 77 28 

clinical_engagement 
diagnosis 
demography 
75 new agents 
12 dtreferralsatt12 smreferralsatt98 
disease_progression 
H-positive risk:  734 719 118 1072 369 106 1143 376 142 40 132 49 
H-negative risk:  719 734 1143 1072 376 369 106 118 132 142 49 40 
New BC onsets:  0
BC status:  4895 105 
BC subtype:  4895 78 27 

clinical_engagement 
diagnosis 
demography 
89 new agents 
14 dtreferralsatt14 smreferralsatt99 
disease_progression 
H-positive risk:  740 719 122 1068 361 106 1136 381 143 39 135 50 
H-negative risk:  719 740 1136 1068 381 361 106 122 135 143 50 39 
New BC onsets:  0
BC status:  4898 102 
BC subtype:  4898 75 27 

clinical_engagement 
diagnosis 
demography 
78 new agents 
5 dtreferralsatt5 smreferralsatt100 
disease_progression 
H-positive risk:  735 717 122 1068 360 106 1136 385 145 39 137 50 
H-negative risk:  717 735 1136 1068 385 360 106 122 137 145 50 39 
New BC onsets:  0
BC status:  4898 102 
BC subtype:  4898 74 28 

clinical_engagement 
diagnosis 
demography 
83 new agents 
13 dtreferralsatt13 smreferralsatt101 
disease_progression 
H-positive risk:  729 726 121 1077 357 103 1132 381 149 38 140 47 
H-negative risk:  726 729 1132 1077 381 357 103 121 140 149 47 38 
New BC onsets:  0
BC status:  4901 99 
BC subtype:  4901 72 27 

clinical_engagement 
diagnosis 
demography 
69 new agents 
7 dtreferralsatt7 smreferralsatt102 
disease_progression 
H-positive risk:  737 722 120 1080 357 102 1123 381 148 39 142 49 
H-negative risk:  722 737 1123 1080 381 357 102 120 142 148 49 39 
New BC onsets:  0
BC status:  4898 102 
BC subtype:  4898 77 25 

clinical_engagement 
diagnosis 
demography 
64 new agents 
8 dtreferralsatt8 smreferralsatt103 
disease_progression 
H-positive risk:  736 726 118 1078 358 100 1120 388 146 37 141 52 
H-negative risk:  726 736 1120 1078 388 358 100 118 141 146 52 37 
New BC onsets:  0
BC status:  4897 103 
BC subtype:  4897 78 25 

clinical_engagement 
diagnosis 
demography 
67 new agents 
10 dtreferralsatt10 smreferralsatt104 
disease_progression 
H-positive risk:  738 729 116 1080 355 100 1122 386 143 37 143 51 
H-negative risk:  729 738 1122 1080 386 355 100 116 143 143 51 37 
New BC onsets:  0
BC status:  4898 102 
BC subtype:  4898 77 25 

clinical_engagement 
diagnosis 
demography 
68 new agents 
8 dtreferralsatt8 smreferralsatt105 
disease_progression 
H-positive risk:  741 720 115 1077 356 100 1127 387 143 39 146 49 
H-negative risk:  720 741 1127 1077 387 356 100 115 146 143 49 39 
New BC onsets:  0
BC status:  4900 100 
BC subtype:  4900 77 23 

clinical_engagement 
diagnosis 
demography 
83 new agents 
11 dtreferralsatt11 smreferralsatt106 
disease_progression 
H-positive risk:  741 730 118 1074 352 102 1128 384 142 38 142 49 
H-negative risk:  730 741 1128 1074 384 352 102 118 142 142 49 38 
New BC onsets:  0
BC status:  4900 100 
BC subtype:  4900 77 23 

clinical_engagement 
diagnosis 
demography 
75 new agents 
14 dtreferralsatt14 smreferralsatt107 
disease_progression 
H-positive risk:  743 734 118 1076 348 101 1126 382 139 36 147 50 
H-negative risk:  734 743 1126 1076 382 348 101 118 147 139 50 36 
New BC onsets:  0
BC status:  4900 100 
BC subtype:  4900 77 23 

clinical_engagement 
diagnosis 
demography 
71 new agents 
12 dtreferralsatt12 smreferralsatt108 
disease_progression 
H-positive risk:  746 729 116 1082 350 99 1125 378 139 38 146 52 
H-negative risk:  729 746 1125 1082 378 350 99 116 146 139 52 38 
New BC onsets:  0
BC status:  4896 104 
BC subtype:  4896 81 23 

clinical_engagement 
diagnosis 
demography 
79 new agents 
12 dtreferralsatt12 smreferralsatt109 
disease_progression 
H-positive risk:  720 701 107 1108 343 95 1160 377 142 40 155 52 
H-negative risk:  701 720 1160 1108 377 343 95 107 155 142 52 40 
New BC onsets:  0
BC status:  4898 102 
BC subtype:  4898 80 22 

clinical_engagement 
diagnosis 
demography 
94 new agents 
10 dtreferralsatt10 smreferralsatt110 
disease_progression 
H-positive risk:  729 697 104 1107 348 96 1145 383 144 37 158 52 
H-negative risk:  697 729 1145 1107 383 348 96 104 158 144 52 37 
New BC onsets:  0
BC status:  4902 98 
BC subtype:  4902 76 22 

clinical_engagement 
diagnosis 
demography 
66 new agents 
15 dtreferralsatt15 smreferralsatt111 
disease_progression 
H-positive risk:  725 703 102 1102 346 98 1145 385 145 36 161 52 
H-negative risk:  703 725 1145 1102 385 346 98 102 161 145 52 36 
New BC onsets:  0
BC status:  4901 99 
BC subtype:  4901 77 22 

clinical_engagement 
diagnosis 
demography 
81 new agents 
3 dtreferralsatt3 smreferralsatt112 
disease_progression 
H-positive risk:  729 696 101 1103 347 97 1141 382 151 38 161 54 
H-negative risk:  696 729 1141 1103 382 347 97 101 161 151 54 38 
New BC onsets:  0
BC status:  4899 101 
BC subtype:  4899 80 21 

clinical_engagement 
diagnosis 
demography 
64 new agents 
10 dtreferralsatt10 smreferralsatt113 
disease_progression 
H-positive risk:  722 697 103 1097 349 95 1149 383 154 37 161 53 
H-negative risk:  697 722 1149 1097 383 349 95 103 161 154 53 37 
New BC onsets:  0
BC status:  4899 101 
BC subtype:  4899 80 21 

clinical_engagement 
diagnosis 
demography 
70 new agents 
12 dtreferralsatt12 smreferralsatt114 
disease_progression 
H-positive risk:  723 701 100 1104 339 94 1152 377 154 41 161 54 
H-negative risk:  701 723 1152 1104 377 339 94 100 161 154 54 41 
New BC onsets:  0
BC status:  4898 102 
BC subtype:  4898 80 22 

clinical_engagement 
diagnosis 
demography 
62 new agents 
11 dtreferralsatt11 smreferralsatt115 
disease_progression 
H-positive risk:  724 700 101 1106 336 94 1150 376 156 41 160 56 
H-negative risk:  700 724 1150 1106 376 336 94 101 160 156 56 41 
New BC onsets:  0
BC status:  4897 103 
BC subtype:  4897 81 22 

clinical_engagement 
diagnosis 
demography 
69 new agents 
14 dtreferralsatt14 smreferralsatt116 
disease_progression 
H-positive risk:  728 703 103 1104 330 94 1152 375 153 40 162 56 
H-negative risk:  703 728 1152 1104 375 330 94 103 162 153 56 40 
New BC onsets:  0
BC status:  4896 104 
BC subtype:  4896 81 23 

clinical_engagement 
diagnosis 
demography 
71 new agents 
15 dtreferralsatt15 smreferralsatt117 
disease_progression 
H-positive risk:  725 707 101 1109 332 93 1146 373 154 39 164 57 
H-negative risk:  707 725 1146 1109 373 332 93 101 164 154 57 39 
New BC onsets:  0
BC status:  4894 106 
BC subtype:  4894 83 23 

clinical_engagement 
diagnosis 
demography 
64 new agents 
11 dtreferralsatt11 smreferralsatt118 
disease_progression 
H-positive risk:  718 699 99 1118 332 94 1157 365 154 41 166 57 
H-negative risk:  699 718 1157 1118 365 332 94 99 166 154 57 41 
New BC onsets:  0
BC status:  4893 107 
BC subtype:  4893 84 23 

clinical_engagement 
diagnosis 
demography 
48 new agents 
12 dtreferralsatt12 smreferralsatt119 
disease_progression 
H-positive risk:  714 698 97 1122 334 94 1156 369 155 40 165 56 
H-negative risk:  698 714 1156 1122 369 334 94 97 165 155 56 40 
New BC onsets:  0
BC status:  4893 107 
BC subtype:  4893 85 22 

clinical_engagement 
diagnosis 
demography 
63 new agents 
15 dtreferralsatt15 smreferralsatt120 
disease_progression 
H-positive risk:  712 698 101 1126 330 94 1159 367 153 41 163 56 
H-negative risk:  698 712 1159 1126 367 330 94 101 163 153 56 41 
New BC onsets:  0
BC status:  4894 106 
BC subtype:  4894 83 23 

clinical_engagement 
diagnosis 
demography 
52 new agents 
12 dtreferralsatt12 smreferralsatt121 
disease_progression 
H-positive risk:  666 669 95 1165 326 83 1201 365 162 42 170 56 
H-negative risk:  669 666 1201 1165 365 326 83 95 170 162 56 42 
New BC onsets:  0
BC status:  4892 108 
BC subtype:  4892 84 24 

clinical_engagement 
diagnosis 
demography 
110 new agents 
12 dtreferralsatt12 smreferralsatt122 
disease_progression 
H-positive risk:  661 676 94 1156 335 82 1183 377 165 40 175 56 
H-negative risk:  676 661 1183 1156 377 335 82 94 175 165 56 40 
New BC onsets:  0
BC status:  4893 107 
BC subtype:  4893 82 25 

clinical_engagement 
diagnosis 
demography 
76 new agents 
7 dtreferralsatt7 smreferralsatt123 
disease_progression 
H-positive risk:  664 685 93 1142 343 82 1175 386 164 42 174 50 
H-negative risk:  685 664 1175 1142 386 343 82 93 174 164 50 42 
New BC onsets:  0
BC status:  4892 108 
BC subtype:  4892 83 25 

clinical_engagement 
diagnosis 
demography 
95 new agents 
9 dtreferralsatt9 smreferralsatt124 
disease_progression 
H-positive risk:  671 682 95 1134 339 85 1174 385 167 41 176 51 
H-negative risk:  682 671 1174 1134 385 339 85 95 176 167 51 41 
New BC onsets:  0
BC status:  4895 105 
BC subtype:  4895 82 23 

clinical_engagement 
diagnosis 
demography 
75 new agents 
11 dtreferralsatt11 smreferralsatt125 
disease_progression 
H-positive risk:  681 680 96 1135 345 87 1164 380 168 41 173 50 
H-negative risk:  680 681 1164 1135 380 345 87 96 173 168 50 41 
New BC onsets:  0
BC status:  4897 103 
BC subtype:  4897 80 23 

clinical_engagement 
diagnosis 
demography 
69 new agents 
7 dtreferralsatt7 smreferralsatt126 
disease_progression 
H-positive risk:  677 676 96 1138 352 89 1164 375 170 44 170 49 
H-negative risk:  676 677 1164 1138 375 352 89 96 170 170 49 44 
New BC onsets:  0
BC status:  4899 101 
BC subtype:  4899 77 24 

clinical_engagement 
diagnosis 
demography 
73 new agents 
13 dtreferralsatt13 smreferralsatt127 
disease_progression 
H-positive risk:  677 675 95 1134 350 89 1165 378 172 41 174 50 
H-negative risk:  675 677 1165 1134 378 350 89 95 174 172 50 41 
New BC onsets:  0
BC status:  4895 105 
BC subtype:  4895 81 24 

clinical_engagement 
diagnosis 
demography 
78 new agents 
15 dtreferralsatt15 smreferralsatt128 
disease_progression 
H-positive risk:  686 674 95 1126 354 91 1161 374 173 41 174 51 
H-negative risk:  674 686 1161 1126 374 354 91 95 174 173 51 41 
New BC onsets:  0
BC status:  4895 105 
BC subtype:  4895 80 25 

clinical_engagement 
diagnosis 
demography 
68 new agents 
10 dtreferralsatt10 smreferralsatt129 
disease_progression 
H-positive risk:  685 676 95 1122 358 92 1159 376 170 42 171 54 
H-negative risk:  676 685 1159 1122 376 358 92 95 171 170 54 42 
New BC onsets:  0
BC status:  4896 104 
BC subtype:  4896 80 24 

clinical_engagement 
diagnosis 
demography 
81 new agents 
10 dtreferralsatt10 smreferralsatt130 
disease_progression 
H-positive risk:  685 673 91 1123 356 92 1165 376 167 41 174 57 
H-negative risk:  673 685 1165 1123 376 356 92 91 174 167 57 41 
New BC onsets:  0
BC status:  4895 105 
BC subtype:  4895 81 24 

clinical_engagement 
diagnosis 
demography 
62 new agents 
12 dtreferralsatt12 smreferralsatt131 
disease_progression 
H-positive risk:  686 679 92 1118 361 91 1161 377 166 40 173 56 
H-negative risk:  679 686 1161 1118 377 361 91 92 173 166 56 40 
New BC onsets:  0
BC status:  4891 109 
BC subtype:  4891 85 24 

clinical_engagement 
diagnosis 
demography 
68 new agents 
12 dtreferralsatt12 smreferralsatt132 
disease_progression 
H-positive risk:  678 675 90 1119 366 87 1168 381 165 41 174 56 
H-negative risk:  675 678 1168 1119 381 366 87 90 174 165 56 41 
New BC onsets:  0
BC status:  4892 108 
BC subtype:  4892 83 25 

clinical_engagement 
diagnosis 
demography 
68 new agents 
15 dtreferralsatt15 smreferralsatt133 
disease_progression 
H-positive risk:  680 678 89 1126 364 89 1159 378 166 40 175 56 
H-negative risk:  678 680 1159 1126 378 364 89 89 175 166 56 40 
New BC onsets:  0
BC status:  4891 109 
BC subtype:  4891 83 26 

clinical_engagement 
diagnosis 
demography 
108 new agents 
12 dtreferralsatt12 smreferralsatt134 
disease_progression 
H-positive risk:  686 669 92 1129 369 92 1145 383 164 42 172 57 
H-negative risk:  669 686 1145 1129 383 369 92 92 172 164 57 42 
New BC onsets:  0
BC status:  4897 103 
BC subtype:  4897 80 23 

clinical_engagement 
diagnosis 
demography 
76 new agents 
13 dtreferralsatt13 smreferralsatt135 
disease_progression 
H-positive risk:  689 674 91 1127 366 88 1149 380 168 42 170 56 
H-negative risk:  674 689 1149 1127 380 366 88 91 170 168 56 42 
New BC onsets:  0
BC status:  4893 107 
BC subtype:  4893 82 25 

clinical_engagement 
diagnosis 
demography 
62 new agents 
6 dtreferralsatt6 smreferralsatt136 
disease_progression 
H-positive risk:  687 671 90 1132 362 90 1149 386 171 40 167 55 
H-negative risk:  671 687 1149 1132 386 362 90 90 167 171 55 40 
New BC onsets:  0
BC status:  4892 108 
BC subtype:  4892 81 27 

clinical_engagement 
diagnosis 
demography 
58 new agents 
10 dtreferralsatt10 smreferralsatt137 
disease_progression 
H-positive risk:  692 674 88 1134 364 85 1140 384 176 41 166 56 
H-negative risk:  674 692 1140 1134 384 364 85 88 166 176 56 41 
New BC onsets:  0
BC status:  4889 111 
BC subtype:  4889 82 29 

clinical_engagement 
diagnosis 
demography 
59 new agents 
11 dtreferralsatt11 smreferralsatt138 
disease_progression 
H-positive risk:  686 676 87 1124 371 84 1142 395 175 43 162 55 
H-negative risk:  676 686 1142 1124 395 371 84 87 162 175 55 43 
New BC onsets:  0
BC status:  4891 109 
BC subtype:  4891 80 29 

clinical_engagement 
diagnosis 
demography 
75 new agents 
15 dtreferralsatt15 smreferralsatt139 
disease_progression 
H-positive risk:  686 674 86 1126 370 82 1138 398 177 43 164 56 
H-negative risk:  674 686 1138 1126 398 370 82 86 164 177 56 43 
New BC onsets:  0
BC status:  4889 111 
BC subtype:  4889 81 30 

clinical_engagement 
diagnosis 
demography 
84 new agents 
10 dtreferralsatt10 smreferralsatt140 
disease_progression 
H-positive risk:  685 676 85 1132 372 82 1144 395 173 42 160 54 
H-negative risk:  676 685 1144 1132 395 372 82 85 160 173 54 42 
New BC onsets:  0
BC status:  4890 110 
BC subtype:  4890 81 29 

clinical_engagement 
diagnosis 
demography 
74 new agents 
15 dtreferralsatt15 smreferralsatt141 
disease_progression 
H-positive risk:  686 674 85 1132 369 82 1145 388 183 42 159 55 
H-negative risk:  674 686 1145 1132 388 369 82 85 159 183 55 42 
New BC onsets:  0
BC status:  4891 109 
BC subtype:  4891 81 28 

clinical_engagement 
diagnosis 
demography 
69 new agents 
15 dtreferralsatt15 smreferralsatt142 
disease_progression 
H-positive risk:  691 675 85 1137 365 81 1138 391 180 42 159 56 
H-negative risk:  675 691 1138 1137 391 365 81 85 159 180 56 42 
New BC onsets:  0
BC status:  4891 109 
BC subtype:  4891 80 29 

clinical_engagement 
diagnosis 
demography 
70 new agents 
5 dtreferralsatt5 smreferralsatt143 
disease_progression 
H-positive risk:  686 676 82 1146 371 84 1131 389 179 43 158 55 
H-negative risk:  676 686 1131 1146 389 371 84 82 158 179 55 43 
New BC onsets:  0
BC status:  4896 104 
BC subtype:  4896 76 28 

clinical_engagement 
diagnosis 
demography 
70 new agents 
10 dtreferralsatt10 smreferralsatt144 
disease_progression 
H-positive risk:  692 676 86 1134 369 84 1132 391 181 42 158 55 
H-negative risk:  676 692 1132 1134 391 369 84 86 158 181 55 42 
New BC onsets:  0
BC status:  4897 103 
BC subtype:  4897 75 28 

clinical_engagement 
diagnosis 
demography 
55 new agents 
9 dtreferralsatt9 smreferralsatt145 
disease_progression 
H-positive risk:  687 675 85 1127 370 84 1131 400 184 42 159 56 
H-negative risk:  675 687 1131 1127 400 370 84 85 159 184 56 42 
New BC onsets:  0
BC status:  4898 102 
BC subtype:  4898 74 28 

clinical_engagement 
diagnosis 
demography 
94 new agents 
12 dtreferralsatt12 smreferralsatt146 
disease_progression 
H-positive risk:  687 674 86 1125 381 83 1122 400 183 43 156 60 
H-negative risk:  674 687 1122 1125 400 381 83 86 156 183 60 43 
New BC onsets:  0
BC status:  4896 104 
BC subtype:  4896 76 28 

clinical_engagement 
diagnosis 
demography 
70 new agents 
9 dtreferralsatt9 smreferralsatt147 
disease_progression 
H-positive risk:  688 669 88 1130 380 84 1122 404 179 42 153 61 
H-negative risk:  669 688 1122 1130 404 380 84 88 153 179 61 42 
New BC onsets:  0
BC status:  4894 106 
BC subtype:  4894 78 28 

clinical_engagement 
diagnosis 
demography 
82 new agents 
11 dtreferralsatt11 smreferralsatt148 
disease_progression 
H-positive risk:  687 673 87 1122 384 87 1129 390 182 43 155 61 
H-negative risk:  673 687 1129 1122 390 384 87 87 155 182 61 43 
New BC onsets:  0
BC status:  4897 103 
BC subtype:  4897 74 29 

clinical_engagement 
diagnosis 
demography 
86 new agents 
9 dtreferralsatt9 smreferralsatt149 
disease_progression 
H-positive risk:  696 678 87 1117 383 85 1122 388 185 43 157 59 
H-negative risk:  678 696 1122 1117 388 383 85 87 157 185 59 43 
New BC onsets:  0
BC status:  4895 105 
BC subtype:  4895 75 30 

clinical_engagement 
diagnosis 
demography 
63 new agents 
16 dtreferralsatt16 smreferralsatt150 
disease_progression 
H-positive risk:  697 678 88 1109 386 86 1126 382 183 48 155 62 
H-negative risk:  678 697 1126 1109 382 386 86 88 155 183 62 48 
New BC onsets:  0
BC status:  4898 102 
BC subtype:  4898 72 30 

clinical_engagement 
diagnosis 
demography 
75 new agents 
6 dtreferralsatt6 smreferralsatt151 
disease_progression 
H-positive risk:  690 683 87 1108 389 89 1130 377 185 45 156 61 
H-negative risk:  683 690 1130 1108 377 389 89 87 156 185 61 45 
New BC onsets:  0
BC status:  4895 105 
BC subtype:  4895 73 32 

clinical_engagement 
diagnosis 
demography 
63 new agents 
10 dtreferralsatt10 smreferralsatt152 
disease_progression 
H-positive risk:  686 682 88 1117 390 89 1129 372 184 45 156 62 
H-negative risk:  682 686 1129 1117 372 390 89 88 156 184 62 45 
New BC onsets:  0
BC status:  4899 101 
BC subtype:  4899 68 33 

clinical_engagement 
diagnosis 
demography 
79 new agents 
11 dtreferralsatt11 smreferralsatt153 
disease_progression 
H-positive risk:  684 683 87 1121 383 91 1123 375 188 46 157 62 
H-negative risk:  683 684 1123 1121 375 383 91 87 157 188 62 46 
New BC onsets:  0
BC status:  4902 98 
BC subtype:  4902 68 30 

clinical_engagement 
diagnosis 
demography 
75 new agents 
10 dtreferralsatt10 smreferralsatt154 
disease_progression 
H-positive risk:  674 690 86 1116 387 93 1132 371 187 43 160 61 
H-negative risk:  690 674 1132 1116 371 387 93 86 160 187 61 43 
New BC onsets:  0
BC status:  4905 95 
BC subtype:  4905 66 29 

clinical_engagement 
diagnosis 
demography 
60 new agents 
8 dtreferralsatt8 smreferralsatt155 
disease_progression 
H-positive risk:  676 697 86 1113 388 94 1131 372 182 42 160 59 
H-negative risk:  697 676 1131 1113 372 388 94 86 160 182 59 42 
New BC onsets:  0
BC status:  4898 102 
BC subtype:  4898 73 29 

clinical_engagement 
diagnosis 
demography 
83 new agents 
15 dtreferralsatt15 smreferralsatt156 
disease_progression 
H-positive risk:  668 703 86 1112 389 96 1132 375 182 40 155 62 
H-negative risk:  703 668 1132 1112 375 389 96 86 155 182 62 40 
New BC onsets:  0
BC status:  4895 105 
BC subtype:  4895 76 29 

clinical_engagement 
diagnosis 
demography 
73 new agents 
10 dtreferralsatt10 smreferralsatt157 
disease_progression 
H-positive risk:  673 710 90 1108 386 94 1117 376 184 42 157 63 
H-negative risk:  710 673 1117 1108 376 386 94 90 157 184 63 42 
New BC onsets:  0
BC status:  4895 105 
BC subtype:  4895 77 28 

clinical_engagement 
diagnosis 
demography 
87 new agents 
14 dtreferralsatt14 smreferralsatt158 
disease_progression 
H-positive risk:  667 707 89 1099 402 94 1108 384 186 43 158 63 
H-negative risk:  707 667 1108 1099 384 402 94 89 158 186 63 43 
New BC onsets:  0
BC status:  4897 103 
BC subtype:  4897 74 29 

clinical_engagement 
diagnosis 
demography 
70 new agents 
12 dtreferralsatt12 smreferralsatt159 
disease_progression 
H-positive risk:  667 704 90 1099 413 95 1101 382 186 42 160 61 
H-negative risk:  704 667 1101 1099 382 413 95 90 160 186 61 42 
New BC onsets:  0
BC status:  4900 100 
BC subtype:  4900 70 30 

clinical_engagement 
diagnosis 
demography 
81 new agents 
13 dtreferralsatt13 smreferralsatt160 
disease_progression 
H-positive risk:  663 706 89 1104 415 94 1099 381 185 42 162 60 
H-negative risk:  706 663 1099 1104 381 415 94 89 162 185 60 42 
New BC onsets:  0
BC status:  4903 97 
BC subtype:  4903 67 30 

clinical_engagement 
diagnosis 
demography 
70 new agents 
7 dtreferralsatt7 smreferralsatt161 
disease_progression 
H-positive risk:  659 703 87 1114 408 94 1102 379 183 43 165 63 
H-negative risk:  703 659 1102 1114 379 408 94 87 165 183 63 43 
New BC onsets:  0
BC status:  4905 95 
BC subtype:  4905 65 30 

clinical_engagement 
diagnosis 
demography 
80 new agents 
14 dtreferralsatt14 smreferralsatt162 
disease_progression 
H-positive risk:  663 701 92 1123 402 94 1090 380 184 41 165 65 
H-negative risk:  701 663 1090 1123 380 402 94 92 165 184 65 41 
New BC onsets:  0
BC status:  4905 95 
BC subtype:  4905 66 29 

clinical_engagement 
diagnosis 
demography 
83 new agents 
12 dtreferralsatt12 smreferralsatt163 
disease_progression 
H-positive risk:  671 697 93 1125 399 94 1089 377 181 42 169 63 
H-negative risk:  697 671 1089 1125 377 399 94 93 169 181 63 42 
New BC onsets:  0
BC status:  4900 100 
BC subtype:  4900 71 29 

clinical_engagement 
diagnosis 
demography 
76 new agents 
8 dtreferralsatt8 smreferralsatt164 
disease_progression 
H-positive risk:  671 698 96 1117 396 95 1092 382 180 44 165 64 
H-negative risk:  698 671 1092 1117 382 396 95 96 165 180 64 44 
New BC onsets:  0
BC status:  4899 101 
BC subtype:  4899 73 28 

clinical_engagement 
diagnosis 
demography 
60 new agents 
11 dtreferralsatt11 smreferralsatt165 
disease_progression 
H-positive risk:  665 696 97 1116 392 96 1095 389 179 47 163 65 
H-negative risk:  696 665 1095 1116 389 392 96 97 163 179 65 47 
New BC onsets:  0
BC status:  4896 104 
BC subtype:  4896 77 27 

clinical_engagement 
diagnosis 
demography 
69 new agents 
10 dtreferralsatt10 smreferralsatt166 
disease_progression 
H-positive risk:  671 697 97 1126 389 95 1092 389 180 44 157 63 
H-negative risk:  697 671 1092 1126 389 389 95 97 157 180 63 44 
New BC onsets:  0
BC status:  4897 103 
BC subtype:  4897 75 28 

clinical_engagement 
diagnosis 
demography 
74 new agents 
12 dtreferralsatt12 smreferralsatt167 
disease_progression 
H-positive risk:  673 695 96 1125 398 98 1087 386 179 46 156 61 
H-negative risk:  695 673 1087 1125 386 398 98 96 156 179 61 46 
New BC onsets:  0
BC status:  4894 106 
BC subtype:  4894 78 28 

clinical_engagement 
diagnosis 
demography 
68 new agents 
10 dtreferralsatt10 smreferralsatt168 
disease_progression 
H-positive risk:  674 689 96 1127 394 98 1090 385 180 48 160 59 
H-negative risk:  689 674 1090 1127 385 394 98 96 160 180 59 48 
New BC onsets:  0
BC status:  4894 106 
BC subtype:  4894 77 29 

clinical_engagement 
diagnosis 
demography 
71 new agents 
4 dtreferralsatt4 smreferralsatt169 
disease_progression 
H-positive risk:  669 692 97 1125 390 97 1098 386 178 49 161 58 
H-negative risk:  692 669 1098 1125 386 390 97 97 161 178 58 49 
New BC onsets:  0
BC status:  4895 105 
BC subtype:  4895 76 29 

clinical_engagement 
diagnosis 
demography 
81 new agents 
9 dtreferralsatt9 smreferralsatt170 
disease_progression 
H-positive risk:  661 686 97 1112 406 96 1097 393 179 51 161 61 
H-negative risk:  686 661 1097 1112 393 406 96 97 161 179 61 51 
New BC onsets:  0
BC status:  4899 101 
BC subtype:  4899 72 29 

clinical_engagement 
diagnosis 
demography 
69 new agents 
12 dtreferralsatt12 smreferralsatt171 
disease_progression 
H-positive risk:  660 682 97 1104 409 97 1092 402 180 53 163 61 
H-negative risk:  682 660 1092 1104 402 409 97 97 163 180 61 53 
New BC onsets:  0
BC status:  4898 102 
BC subtype:  4898 72 30 

clinical_engagement 
diagnosis 
demography 
56 new agents 
12 dtreferralsatt12 smreferralsatt172 
disease_progression 
H-positive risk:  657 682 95 1099 413 95 1097 403 179 54 162 64 
H-negative risk:  682 657 1097 1099 403 413 95 95 162 179 64 54 
New BC onsets:  0
BC status:  4895 105 
BC subtype:  4895 75 30 

clinical_engagement 
diagnosis 
demography 
70 new agents 
10 dtreferralsatt10 smreferralsatt173 
disease_progression 
H-positive risk:  653 687 95 1099 408 97 1101 406 175 56 159 64 
H-negative risk:  687 653 1101 1099 406 408 97 95 159 175 64 56 
New BC onsets:  0
BC status:  4897 103 
BC subtype:  4897 74 29 

clinical_engagement 
diagnosis 
demography 
72 new agents 
12 dtreferralsatt12 smreferralsatt174 
disease_progression 
H-positive risk:  656 692 93 1093 416 95 1101 401 174 59 156 64 
H-negative risk:  692 656 1101 1093 401 416 95 93 156 174 64 59 
New BC onsets:  0
BC status:  4897 103 
BC subtype:  4897 73 30 

clinical_engagement 
diagnosis 
demography 
59 new agents 
7 dtreferralsatt7 smreferralsatt175 
disease_progression 
H-positive risk:  653 689 94 1099 413 98 1103 399 173 56 157 66 
H-negative risk:  689 653 1103 1099 399 413 98 94 157 173 66 56 
New BC onsets:  0
BC status:  4895 105 
BC subtype:  4895 72 33 

clinical_engagement 
diagnosis 
demography 
72 new agents 
10 dtreferralsatt10 smreferralsatt176 
disease_progression 
H-positive risk:  655 692 90 1097 416 97 1099 397 177 57 154 69 
H-negative risk:  692 655 1099 1097 397 416 97 90 154 177 69 57 
New BC onsets:  0
BC status:  4894 106 
BC subtype:  4894 73 33 

clinical_engagement 
diagnosis 
demography 
73 new agents 
9 dtreferralsatt9 smreferralsatt177 
disease_progression 
H-positive risk:  657 690 90 1089 419 97 1103 393 178 56 160 68 
H-negative risk:  690 657 1103 1089 393 419 97 90 160 178 68 56 
New BC onsets:  0
BC status:  4893 107 
BC subtype:  4893 74 33 

clinical_engagement 
diagnosis 
demography 
65 new agents 
12 dtreferralsatt12 smreferralsatt178 
disease_progression 
H-positive risk:  651 685 89 1090 422 97 1114 390 177 56 161 68 
H-negative risk:  685 651 1114 1090 390 422 97 89 161 177 68 56 
New BC onsets:  0
BC status:  4894 106 
BC subtype:  4894 74 32 

clinical_engagement 
diagnosis 
demography 
73 new agents 
13 dtreferralsatt13 smreferralsatt179 
disease_progression 
H-positive risk:  651 689 87 1092 429 98 1110 375 179 60 162 68 
H-negative risk:  689 651 1110 1092 375 429 98 87 162 179 68 60 
New BC onsets:  0
BC status:  4892 108 
BC subtype:  4892 75 33 

clinical_engagement 
diagnosis 
demography 
88 new agents 
13 dtreferralsatt13 smreferralsatt180 
disease_progression 
H-positive risk:  650 691 86 1085 427 98 1110 385 177 58 167 66 
H-negative risk:  691 650 1110 1085 385 427 98 86 167 177 66 58 
New BC onsets:  0
BC status:  4894 106 
BC subtype:  4894 74 32 

clinical_engagement 
diagnosis 
demography 
97 new agents 
8 dtreferralsatt8 smreferralsatt181 
disease_progression 
H-positive risk:  664 691 87 1081 420 99 1108 384 175 58 169 64 
H-negative risk:  691 664 1108 1081 384 420 99 87 169 175 64 58 
New BC onsets:  0
BC status:  4899 101 
BC subtype:  4899 69 32 

clinical_engagement 
diagnosis 
demography 
87 new agents 
13 dtreferralsatt13 smreferralsatt182 
disease_progression 
H-positive risk:  672 695 82 1073 414 95 1100 396 176 60 172 65 
H-negative risk:  695 672 1100 1073 396 414 95 82 172 176 65 60 
New BC onsets:  0
BC status:  4897 103 
BC subtype:  4897 68 35 

clinical_engagement 
diagnosis 
demography 
90 new agents 
7 dtreferralsatt7 smreferralsatt183 
disease_progression 
H-positive risk:  676 700 84 1066 413 100 1092 399 172 63 172 63 
H-negative risk:  700 676 1092 1066 399 413 100 84 172 172 63 63 
New BC onsets:  0
BC status:  4898 102 
BC subtype:  4898 66 36 

clinical_engagement 
diagnosis 
demography 
79 new agents 
7 dtreferralsatt7 smreferralsatt184 
disease_progression 
H-positive risk:  673 699 85 1066 409 99 1094 401 173 63 173 65 
H-negative risk:  699 673 1094 1066 401 409 99 85 173 173 65 63 
New BC onsets:  0
BC status:  4905 95 
BC subtype:  4905 60 35 

clinical_engagement 
diagnosis 
demography 
68 new agents 
8 dtreferralsatt8 smreferralsatt185 
disease_progression 
H-positive risk:  676 704 87 1058 413 101 1089 401 174 62 170 65 
H-negative risk:  704 676 1089 1058 401 413 101 87 170 174 65 62 
New BC onsets:  0
BC status:  4904 96 
BC subtype:  4904 61 35 

clinical_engagement 
diagnosis 
demography 
76 new agents 
15 dtreferralsatt15 smreferralsatt186 
disease_progression 
H-positive risk:  672 702 89 1054 417 100 1091 397 177 63 171 67 
H-negative risk:  702 672 1091 1054 397 417 100 89 171 177 67 63 
New BC onsets:  0
BC status:  4903 97 
BC subtype:  4903 61 36 

clinical_engagement 
diagnosis 
demography 
73 new agents 
15 dtreferralsatt15 smreferralsatt187 
disease_progression 
H-positive risk:  672 704 89 1058 412 102 1095 392 179 61 170 66 
H-negative risk:  704 672 1095 1058 392 412 102 89 170 179 66 61 
New BC onsets:  0
BC status:  4900 100 
BC subtype:  4900 64 36 

clinical_engagement 
diagnosis 
demography 
81 new agents 
10 dtreferralsatt10 smreferralsatt188 
disease_progression 
H-positive risk:  671 708 90 1057 414 100 1090 391 184 58 169 68 
H-negative risk:  708 671 1090 1057 391 414 100 90 169 184 68 58 
New BC onsets:  0
BC status:  4902 98 
BC subtype:  4902 61 37 

clinical_engagement 
diagnosis 
demography 
69 new agents 
10 dtreferralsatt10 smreferralsatt189 
disease_progression 
H-positive risk:  677 702 89 1060 417 100 1092 385 186 58 169 65 
H-negative risk:  702 677 1092 1060 385 417 100 89 169 186 65 58 
New BC onsets:  0
BC status:  4899 101 
BC subtype:  4899 64 37 

clinical_engagement 
diagnosis 
demography 
70 new agents 
9 dtreferralsatt9 smreferralsatt190 
disease_progression 
H-positive risk:  669 706 87 1062 424 98 1086 391 182 60 171 64 
H-negative risk:  706 669 1086 1062 391 424 98 87 171 182 64 60 
New BC onsets:  0
BC status:  4898 102 
BC subtype:  4898 66 36 

clinical_engagement 
diagnosis 
demography 
77 new agents 
11 dtreferralsatt11 smreferralsatt191 
disease_progression 
H-positive risk:  671 708 90 1068 422 97 1086 387 181 57 168 65 
H-negative risk:  708 671 1086 1068 387 422 97 90 168 181 65 57 
New BC onsets:  0
BC status:  4894 106 
BC subtype:  4894 69 37 

clinical_engagement 
diagnosis 
demography 
67 new agents 
12 dtreferralsatt12 smreferralsatt192 
disease_progression 
H-positive risk:  669 701 92 1064 421 96 1087 400 182 55 167 66 
H-negative risk:  701 669 1087 1064 400 421 96 92 167 182 66 55 
New BC onsets:  0
BC status:  4889 111 
BC subtype:  4889 74 37 

clinical_engagement 
diagnosis 
demography 
72 new agents 
10 dtreferralsatt10 smreferralsatt193 
disease_progression 
H-positive risk:  674 699 89 1063 425 98 1082 400 177 57 169 67 
H-negative risk:  699 674 1082 1063 400 425 98 89 169 177 67 57 
New BC onsets:  0
BC status:  4888 112 
BC subtype:  4888 75 37 

clinical_engagement 
diagnosis 
demography 
67 new agents 
15 dtreferralsatt15 smreferralsatt194 
disease_progression 
H-positive risk:  673 694 87 1070 421 95 1084 408 180 56 166 66 
H-negative risk:  694 673 1084 1070 408 421 95 87 166 180 66 56 
New BC onsets:  0
BC status:  4890 110 
BC subtype:  4890 75 35 

clinical_engagement 
diagnosis 
demography 
76 new agents 
13 dtreferralsatt13 smreferralsatt195 
disease_progression 
H-positive risk:  679 701 88 1065 427 95 1066 417 178 56 162 66 
H-negative risk:  701 679 1066 1065 417 427 95 88 162 178 66 56 
New BC onsets:  0
BC status:  4892 108 
BC subtype:  4892 73 35 

clinical_engagement 
diagnosis 
demography 
61 new agents 
6 dtreferralsatt6 smreferralsatt196 
disease_progression 
H-positive risk:  679 704 89 1070 426 94 1074 413 174 50 162 65 
H-negative risk:  704 679 1074 1070 413 426 94 89 162 174 65 50 
New BC onsets:  0
BC status:  4894 106 
BC subtype:  4894 71 35 

clinical_engagement 
diagnosis 
demography 
63 new agents 
9 dtreferralsatt9 smreferralsatt197 
disease_progression 
H-positive risk:  674 695 89 1079 425 94 1073 416 176 53 162 64 
H-negative risk:  695 674 1073 1079 416 425 94 89 162 176 64 53 
New BC onsets:  0
BC status:  4893 107 
BC subtype:  4893 72 35 

clinical_engagement 
diagnosis 
demography 
85 new agents 
8 dtreferralsatt8 smreferralsatt198 
disease_progression 
H-positive risk:  671 702 92 1073 421 96 1082 414 173 53 159 64 
H-negative risk:  702 671 1082 1073 414 421 96 92 159 173 64 53 
New BC onsets:  0
BC status:  4891 109 
BC subtype:  4891 73 36 

clinical_engagement 
diagnosis 
demography 
73 new agents 
13 dtreferralsatt13 smreferralsatt199 
disease_progression 
H-positive risk:  670 699 90 1065 427 96 1091 413 170 54 159 66 
H-negative risk:  699 670 1091 1065 413 427 96 90 159 170 66 54 
New BC onsets:  0
BC status:  4888 112 
BC subtype:  4888 77 35 

clinical_engagement 
diagnosis 
demography 
79 new agents 
6 dtreferralsatt6 smreferralsatt200 
disease_progression 
H-positive risk:  675 703 93 1056 423 91 1085 423 172 53 159 67 
H-negative risk:  703 675 1085 1056 423 423 91 93 159 172 67 53 
New BC onsets:  0
BC status:  4886 114 
BC subtype:  4886 78 36 

clinical_engagement 
diagnosis 
demography 
87 new agents 
9 dtreferralsatt9 smreferralsatt201 
disease_progression 
H-positive risk:  676 709 93 1060 421 90 1084 415 169 57 158 68 
H-negative risk:  709 676 1084 1060 415 421 90 93 158 169 68 57 
New BC onsets:  0
BC status:  4887 113 
BC subtype:  4887 78 35 

clinical_engagement 
diagnosis 
demography 
69 new agents 
8 dtreferralsatt8 smreferralsatt202 
disease_progression 
H-positive risk:  680 703 94 1065 424 91 1086 412 167 58 155 65 
H-negative risk:  703 680 1086 1065 412 424 91 94 155 167 65 58 
New BC onsets:  0
BC status:  4891 109 
BC subtype:  4891 76 33 

clinical_engagement 
diagnosis 
demography 
77 new agents 
4 dtreferralsatt4 smreferralsatt203 
disease_progression 
H-positive risk:  684 701 93 1064 418 88 1091 415 169 57 155 65 
H-negative risk:  701 684 1091 1064 415 418 88 93 155 169 65 57 
New BC onsets:  0
BC status:  4895 105 
BC subtype:  4895 73 32 

clinical_engagement 
diagnosis 
demography 
78 new agents 
11 dtreferralsatt11 smreferralsatt204 
disease_progression 
H-positive risk:  689 696 92 1067 417 91 1094 408 170 60 151 65 
H-negative risk:  696 689 1094 1067 408 417 91 92 151 170 65 60 
New BC onsets:  0
BC status:  4894 106 
BC subtype:  4894 74 32 

clinical_engagement 
diagnosis 
demography 
83 new agents 
13 dtreferralsatt13 smreferralsatt205 
disease_progression 
H-positive risk:  687 697 92 1072 419 88 1088 406 172 62 150 67 
H-negative risk:  697 687 1088 1072 406 419 88 92 150 172 67 62 
New BC onsets:  0
BC status:  4898 102 
BC subtype:  4898 72 30 

clinical_engagement 
diagnosis 
demography 
78 new agents 
11 dtreferralsatt11 smreferralsatt206 
disease_progression 
H-positive risk:  676 691 93 1068 421 91 1100 411 172 65 142 70 
H-negative risk:  691 676 1100 1068 411 421 91 93 142 172 70 65 
New BC onsets:  0
BC status:  4897 103 
BC subtype:  4897 73 30 

clinical_engagement 
diagnosis 
demography 
83 new agents 
5 dtreferralsatt5 smreferralsatt207 
disease_progression 
H-positive risk:  672 688 96 1070 419 92 1101 414 171 67 141 69 
H-negative risk:  688 672 1101 1070 414 419 92 96 141 171 69 67 
New BC onsets:  0
BC status:  4898 102 
BC subtype:  4898 72 30 

clinical_engagement 
diagnosis 
demography 
86 new agents 
16 dtreferralsatt16 smreferralsatt208 
disease_progression 
H-positive risk:  670 692 97 1074 421 92 1098 410 171 67 139 69 
H-negative risk:  692 670 1098 1074 410 421 92 97 139 171 69 67 
New BC onsets:  0
BC status:  4895 105 
BC subtype:  4895 74 31 

clinical_engagement 
diagnosis 
demography 
77 new agents 
9 dtreferralsatt9 smreferralsatt209 
disease_progression 
H-positive risk:  671 689 96 1078 421 92 1099 412 172 65 135 70 
H-negative risk:  689 671 1099 1078 412 421 92 96 135 172 70 65 
New BC onsets:  0
BC status:  4895 105 
BC subtype:  4895 74 31 

clinical_engagement 
diagnosis 
demography 
85 new agents 
11 dtreferralsatt11 smreferralsatt210 
disease_progression 
H-positive risk:  663 695 94 1077 421 91 1115 406 168 65 136 69 
H-negative risk:  695 663 1115 1077 406 421 91 94 136 168 69 65 
New BC onsets:  0
BC status:  4897 103 
BC subtype:  4897 72 31 

clinical_engagement 
diagnosis 
demography 
80 new agents 
10 dtreferralsatt10 smreferralsatt211 
disease_progression 
H-positive risk:  670 691 96 1078 422 93 1105 408 166 67 138 66 
H-negative risk:  691 670 1105 1078 408 422 93 96 138 166 66 67 
New BC onsets:  0
BC status:  4895 105 
BC subtype:  4895 74 31 

clinical_engagement 
diagnosis 
demography 
72 new agents 
8 dtreferralsatt8 smreferralsatt212 
disease_progression 
H-positive risk:  669 692 93 1082 415 93 1117 406 162 65 142 64 
H-negative risk:  692 669 1117 1082 406 415 93 93 142 162 64 65 
New BC onsets:  0
BC status:  4895 105 
BC subtype:  4895 76 29 

clinical_engagement 
diagnosis 
demography 
67 new agents 
10 dtreferralsatt10 smreferralsatt213 
disease_progression 
H-positive risk:  670 697 93 1071 428 94 1104 409 165 63 144 62 
H-negative risk:  697 670 1104 1071 409 428 94 93 144 165 62 63 
New BC onsets:  0
BC status:  4893 107 
BC subtype:  4893 79 28 

clinical_engagement 
diagnosis 
demography 
86 new agents 
13 dtreferralsatt13 smreferralsatt214 
disease_progression 
H-positive risk:  673 704 97 1060 423 97 1102 410 166 65 141 62 
H-negative risk:  704 673 1102 1060 410 423 97 97 141 166 62 65 
New BC onsets:  0
BC status:  4897 103 
BC subtype:  4897 74 29 

clinical_engagement 
diagnosis 
demography 
85 new agents 
8 dtreferralsatt8 smreferralsatt215 
disease_progression 
H-positive risk:  683 705 95 1054 415 95 1101 413 169 65 142 63 
H-negative risk:  705 683 1101 1054 413 415 95 95 142 169 63 65 
New BC onsets:  0
BC status:  4897 103 
BC subtype:  4897 75 28 

clinical_engagement 
diagnosis 
demography 
92 new agents 
15 dtreferralsatt15 smreferralsatt216 
disease_progression 
H-positive risk:  675 713 94 1059 411 94 1099 418 168 66 141 62 
H-negative risk:  713 675 1099 1059 418 411 94 94 141 168 62 66 
New BC onsets:  0
BC status:  4896 104 
BC subtype:  4896 74 30 

clinical_engagement 
diagnosis 
demography 
87 new agents 
12 dtreferralsatt12 smreferralsatt217 
disease_progression 
H-positive risk:  683 699 95 1062 424 95 1093 413 167 66 138 65 
H-negative risk:  699 683 1093 1062 413 424 95 95 138 167 65 66 
New BC onsets:  0
BC status:  4897 103 
BC subtype:  4897 74 29 

clinical_engagement 
diagnosis 
demography 
80 new agents 
9 dtreferralsatt9 smreferralsatt218 
disease_progression 
H-positive risk:  672 702 95 1068 426 97 1100 406 165 65 140 64 
H-negative risk:  702 672 1100 1068 406 426 97 95 140 165 64 65 
New BC onsets:  0
BC status:  4892 108 
BC subtype:  4892 79 29 

clinical_engagement 
diagnosis 
demography 
73 new agents 
9 dtreferralsatt9 smreferralsatt219 
disease_progression 
H-positive risk:  672 702 94 1071 424 95 1099 412 169 62 136 64 
H-negative risk:  702 672 1099 1071 412 424 95 94 136 169 64 62 
New BC onsets:  0
BC status:  4888 112 
BC subtype:  4888 81 31 

clinical_engagement 
diagnosis 
demography 
73 new agents 
10 dtreferralsatt10 smreferralsatt220 
disease_progression 
H-positive risk:  669 703 90 1073 428 95 1104 409 166 59 137 67 
H-negative risk:  703 669 1104 1073 409 428 95 90 137 166 67 59 
New BC onsets:  0
BC status:  4891 109 
BC subtype:  4891 78 31 

clinical_engagement 
diagnosis 
demography 
96 new agents 
12 dtreferralsatt12 smreferralsatt221 
disease_progression 
H-positive risk:  672 695 90 1072 430 92 1102 413 168 62 140 64 
H-negative risk:  695 672 1102 1072 413 430 92 90 140 168 64 62 
New BC onsets:  0
BC status:  4889 111 
BC subtype:  4889 80 31 

clinical_engagement 
diagnosis 
demography 
66 new agents 
10 dtreferralsatt10 smreferralsatt222 
disease_progression 
H-positive risk:  673 700 89 1075 432 90 1098 411 166 62 141 63 
H-negative risk:  700 673 1098 1075 411 432 90 89 141 166 63 62 
New BC onsets:  0
BC status:  4893 107 
BC subtype:  4893 78 29 

clinical_engagement 
diagnosis 
demography 
80 new agents 
3 dtreferralsatt3 smreferralsatt223 
disease_progression 
H-positive risk:  669 702 88 1064 437 89 1101 411 167 61 149 62 
H-negative risk:  702 669 1101 1064 411 437 89 88 149 167 62 61 
New BC onsets:  0
BC status:  4891 109 
BC subtype:  4891 80 29 

clinical_engagement 
diagnosis 
demography 
61 new agents 
16 dtreferralsatt16 smreferralsatt224 
disease_progression 
H-positive risk:  664 701 90 1069 440 89 1105 404 169 61 146 62 
H-negative risk:  701 664 1105 1069 404 440 89 90 146 169 62 61 
New BC onsets:  0
BC status:  4890 110 
BC subtype:  4890 80 30 

clinical_engagement 
diagnosis 
demography 
66 new agents 
13 dtreferralsatt13 smreferralsatt225 
disease_progression 
H-positive risk:  664 709 90 1068 434 89 1103 409 169 58 148 59 
H-negative risk:  709 664 1103 1068 409 434 89 90 148 169 59 58 
New BC onsets:  0
BC status:  4889 111 
BC subtype:  4889 81 30 

clinical_engagement 
diagnosis 
demography 
76 new agents 
11 dtreferralsatt11 smreferralsatt226 
disease_progression 
H-positive risk:  659 711 91 1073 429 88 1103 411 166 60 152 57 
H-negative risk:  711 659 1103 1073 411 429 88 91 152 166 57 60 
New BC onsets:  0
BC status:  4890 110 
BC subtype:  4890 81 29 

clinical_engagement 
diagnosis 
demography 
75 new agents 
8 dtreferralsatt8 smreferralsatt227 
disease_progression 
H-positive risk:  665 703 91 1073 423 89 1101 413 168 61 155 58 
H-negative risk:  703 665 1101 1073 413 423 89 91 155 168 58 61 
New BC onsets:  0
BC status:  4890 110 
BC subtype:  4890 81 29 

clinical_engagement 
diagnosis 
demography 
72 new agents 
11 dtreferralsatt11 smreferralsatt228 
disease_progression 
H-positive risk:  671 700 91 1068 421 93 1103 412 165 62 155 59 
H-negative risk:  700 671 1103 1068 412 421 93 91 155 165 59 62 
New BC onsets:  0
BC status:  4887 113 
BC subtype:  4887 84 29 

clinical_engagement 
diagnosis 
demography 
81 new agents 
13 dtreferralsatt13 smreferralsatt229 
disease_progression 
H-positive risk:  666 693 92 1062 418 92 1104 428 170 63 150 62 
H-negative risk:  693 666 1104 1062 428 418 92 92 150 170 62 63 
New BC onsets:  0
BC status:  4887 113 
BC subtype:  4887 85 28 

clinical_engagement 
diagnosis 
demography 
80 new agents 
7 dtreferralsatt7 smreferralsatt230 
disease_progression 
H-positive risk:  670 690 90 1065 418 92 1098 429 171 64 153 60 
H-negative risk:  690 670 1098 1065 429 418 92 90 153 171 60 64 
New BC onsets:  0
BC status:  4889 111 
BC subtype:  4889 85 26 

clinical_engagement 
diagnosis 
demography 
83 new agents 
8 dtreferralsatt8 smreferralsatt231 
disease_progression 
H-positive risk:  683 688 87 1061 415 89 1101 425 177 62 152 60 
H-negative risk:  688 683 1101 1061 425 415 89 87 152 177 60 62 
New BC onsets:  0
BC status:  4890 110 
BC subtype:  4890 85 25 

clinical_engagement 
diagnosis 
demography 
70 new agents 
8 dtreferralsatt8 smreferralsatt232 
disease_progression 
H-positive risk:  676 684 87 1063 417 88 1112 422 177 64 149 61 
H-negative risk:  684 676 1112 1063 422 417 88 87 149 177 61 64 
New BC onsets:  0
BC status:  4890 110 
BC subtype:  4890 85 25 

clinical_engagement 
diagnosis 
demography 
76 new agents 
9 dtreferralsatt9 smreferralsatt233 
disease_progression 
H-positive risk:  681 693 89 1063 412 88 1109 420 177 64 145 59 
H-negative risk:  693 681 1109 1063 420 412 88 89 145 177 59 64 
New BC onsets:  0
BC status:  4883 117 
BC subtype:  4883 90 27 

clinical_engagement 
diagnosis 
demography 
100 new agents 
17 dtreferralsatt17 smreferralsatt234 
disease_progression 
H-positive risk:  682 692 90 1069 403 89 1114 422 174 63 145 57 
H-negative risk:  692 682 1114 1069 422 403 89 90 145 174 57 63 
New BC onsets:  0
BC status:  4880 120 
BC subtype:  4880 93 27 

clinical_engagement 
diagnosis 
demography 
75 new agents 
12 dtreferralsatt12 smreferralsatt235 
disease_progression 
H-positive risk:  686 692 90 1062 403 85 1120 428 174 59 145 56 
H-negative risk:  692 686 1120 1062 428 403 85 90 145 174 56 59 
New BC onsets:  0
BC status:  4883 117 
BC subtype:  4883 91 26 

clinical_engagement 
diagnosis 
demography 
66 new agents 
6 dtreferralsatt6 smreferralsatt236 
disease_progression 
H-positive risk:  689 684 89 1066 413 86 1117 422 172 59 146 57 
H-negative risk:  684 689 1117 1066 422 413 86 89 146 172 57 59 
New BC onsets:  0
BC status:  4886 114 
BC subtype:  4886 89 25 

clinical_engagement 
diagnosis 
demography 
63 new agents 
6 dtreferralsatt6 smreferralsatt237 
disease_progression 
H-positive risk:  693 678 89 1076 411 84 1106 430 172 57 147 57 
H-negative risk:  678 693 1106 1076 430 411 84 89 147 172 57 57 
New BC onsets:  0
BC status:  4886 114 
BC subtype:  4886 88 26 

clinical_engagement 
diagnosis 
demography 
86 new agents 
14 dtreferralsatt14 smreferralsatt238 
disease_progression 
H-positive risk:  701 678 90 1071 405 87 1106 430 169 58 148 57 
H-negative risk:  678 701 1106 1071 430 405 87 90 148 169 57 58 
New BC onsets:  0
BC status:  4886 114 
BC subtype:  4886 89 25 

clinical_engagement 
diagnosis 
demography 
65 new agents 
11 dtreferralsatt11 smreferralsatt239 
disease_progression 
H-positive risk:  702 670 89 1084 404 85 1109 432 168 55 146 56 
H-negative risk:  670 702 1109 1084 432 404 85 89 146 168 56 55 
New BC onsets:  0
BC status:  4887 113 
BC subtype:  4887 87 26 

clinical_engagement 
diagnosis 
demography 
73 new agents 
13 dtreferralsatt13 smreferralsatt240 
disease_progression 
H-positive risk:  712 667 88 1082 406 85 1110 421 171 54 146 58 
H-negative risk:  667 712 1110 1082 421 406 85 88 146 171 58 54 
New BC onsets:  0
BC status:  4886 114 
BC subtype:  4886 87 27 

clinical_engagement 
diagnosis 
demography 
69 new agents 
13 dtreferralsatt13 smreferralsatt241 
disease_progression 
H-positive risk:  703 677 87 1074 406 86 1102 430 171 56 148 60 
H-negative risk:  677 703 1102 1074 430 406 86 87 148 171 60 56 
New BC onsets:  0
BC status:  4886 114 
BC subtype:  4886 87 27 

clinical_engagement 
diagnosis 
demography 
70 new agents 
8 dtreferralsatt8 smreferralsatt242 
disease_progression 
H-positive risk:  700 679 88 1064 415 84 1106 434 172 57 146 55 
H-negative risk:  679 700 1106 1064 434 415 84 88 146 172 55 57 
New BC onsets:  0
BC status:  4887 113 
BC subtype:  4887 87 26 

clinical_engagement 
diagnosis 
demography 
76 new agents 
7 dtreferralsatt7 smreferralsatt243 
disease_progression 
H-positive risk:  697 672 88 1060 419 85 1112 439 173 55 145 55 
H-negative risk:  672 697 1112 1060 439 419 85 88 145 173 55 55 
New BC onsets:  0
BC status:  4886 114 
BC subtype:  4886 86 28 

clinical_engagement 
diagnosis 
demography 
69 new agents 
9 dtreferralsatt9 smreferralsatt244 
disease_progression 
H-positive risk:  696 670 90 1065 421 86 1116 435 173 53 145 50 
H-negative risk:  670 696 1116 1065 435 421 86 90 145 173 50 53 
New BC onsets:  0
BC status:  4885 115 
BC subtype:  4885 89 26 

clinical_engagement 
diagnosis 
demography 
89 new agents 
7 dtreferralsatt7 smreferralsatt245 
disease_progression 
H-positive risk:  697 662 88 1083 413 88 1108 438 172 52 146 53 
H-negative risk:  662 697 1108 1083 438 413 88 88 146 172 53 52 
New BC onsets:  0
BC status:  4884 116 
BC subtype:  4884 91 25 

clinical_engagement 
diagnosis 
demography 
75 new agents 
12 dtreferralsatt12 smreferralsatt246 
disease_progression 
H-positive risk:  704 664 89 1085 407 90 1103 435 172 51 146 54 
H-negative risk:  664 704 1103 1085 435 407 90 89 146 172 54 51 
New BC onsets:  0
BC status:  4887 113 
BC subtype:  4887 88 25 

clinical_engagement 
diagnosis 
demography 
81 new agents 
8 dtreferralsatt8 smreferralsatt247 
disease_progression 
H-positive risk:  700 660 90 1089 410 90 1103 433 176 52 143 54 
H-negative risk:  660 700 1103 1089 433 410 90 90 143 176 54 52 
New BC onsets:  0
BC status:  4884 116 
BC subtype:  4884 91 25 

clinical_engagement 
diagnosis 
demography 
96 new agents 
10 dtreferralsatt10 smreferralsatt248 
disease_progression 
H-positive risk:  703 665 96 1087 405 90 1115 415 175 53 140 56 
H-negative risk:  665 703 1115 1087 415 405 90 96 140 175 56 53 
New BC onsets:  0
BC status:  4889 111 
BC subtype:  4889 87 24 

clinical_engagement 
diagnosis 
demography 
89 new agents 
13 dtreferralsatt13 smreferralsatt249 
disease_progression 
H-positive risk:  705 671 95 1096 394 89 1113 418 175 51 138 55 
H-negative risk:  671 705 1113 1096 418 394 89 95 138 175 55 51 
New BC onsets:  0
BC status:  4890 110 
BC subtype:  4890 86 24 

clinical_engagement 
diagnosis 
demography 
66 new agents 
6 dtreferralsatt6 smreferralsatt250 
disease_progression 
H-positive risk:  705 673 94 1090 396 88 1119 415 177 50 137 56 
H-negative risk:  673 705 1119 1090 415 396 88 94 137 177 56 50 
New BC onsets:  0
BC status:  4889 111 
BC subtype:  4889 87 24 

clinical_engagement 
diagnosis 
demography 
72 new agents 
10 dtreferralsatt10 smreferralsatt251 
disease_progression 
H-positive risk:  698 664 92 1089 404 94 1116 420 173 56 138 56 
H-negative risk:  664 698 1116 1089 420 404 94 92 138 173 56 56 
New BC onsets:  0
BC status:  4887 113 
BC subtype:  4887 88 25 

clinical_engagement 
diagnosis 
demography 
73 new agents 
14 dtreferralsatt14 smreferralsatt252 
disease_progression 
H-positive risk:  705 664 94 1091 392 91 1117 418 177 58 136 57 
H-negative risk:  664 705 1117 1091 418 392 91 94 136 177 57 58 
New BC onsets:  0
BC status:  4887 113 
BC subtype:  4887 89 24 

clinical_engagement 
diagnosis 
demography 
74 new agents 
10 dtreferralsatt10 smreferralsatt253 
disease_progression 
H-positive risk:  701 666 94 1094 393 92 1108 425 176 59 135 57 
H-negative risk:  666 701 1108 1094 425 393 92 94 135 176 57 59 
New BC onsets:  0
BC status:  4887 113 
BC subtype:  4887 88 25 

clinical_engagement 
diagnosis 
demography 
77 new agents 
7 dtreferralsatt7 smreferralsatt254 
disease_progression 
H-positive risk:  710 665 94 1088 395 93 1108 423 174 60 132 58 
H-negative risk:  665 710 1108 1088 423 395 93 94 132 174 58 60 
New BC onsets:  0
BC status:  4888 112 
BC subtype:  4888 87 25 

clinical_engagement 
diagnosis 
demography 
87 new agents 
10 dtreferralsatt10 smreferralsatt255 
disease_progression 
H-positive risk:  713 672 92 1079 388 94 1112 429 174 58 131 58 
H-negative risk:  672 713 1112 1079 429 388 94 92 131 174 58 58 
New BC onsets:  0
BC status:  4889 111 
BC subtype:  4889 87 24 

clinical_engagement 
diagnosis 
demography 
79 new agents 
7 dtreferralsatt7 smreferralsatt256 
disease_progression 
H-positive risk:  711 677 92 1072 390 94 1106 432 174 60 133 59 
H-negative risk:  677 711 1106 1072 432 390 94 92 133 174 59 60 
New BC onsets:  0
BC status:  4890 110 
BC subtype:  4890 85 25 

clinical_engagement 
diagnosis 
demography 
73 new agents 
9 dtreferralsatt9 smreferralsatt257 
disease_progression 
H-positive risk:  716 672 91 1083 385 97 1107 424 172 61 129 63 
H-negative risk:  672 716 1107 1083 424 385 97 91 129 172 63 61 
New BC onsets:  0
BC status:  4892 108 
BC subtype:  4892 84 24 

clinical_engagement 
diagnosis 
demography 
63 new agents 
11 dtreferralsatt11 smreferralsatt258 
disease_progression 
H-positive risk:  708 666 95 1087 396 100 1102 422 170 60 129 65 
H-negative risk:  666 708 1102 1087 422 396 100 95 129 170 65 60 
New BC onsets:  0
BC status:  4893 107 
BC subtype:  4893 85 22 

clinical_engagement 
diagnosis 
demography 
78 new agents 
12 dtreferralsatt12 smreferralsatt259 
disease_progression 
H-positive risk:  712 665 97 1094 389 100 1096 421 171 63 126 66 
H-negative risk:  665 712 1096 1094 421 389 100 97 126 171 66 63 
New BC onsets:  0
BC status:  4893 107 
BC subtype:  4893 85 22 

clinical_engagement 
diagnosis 
demography 
65 new agents 
12 dtreferralsatt12 smreferralsatt260 
disease_progression 
H-positive risk:  705 661 96 1100 391 98 1097 420 173 61 129 69 
H-negative risk:  661 705 1097 1100 420 391 98 96 129 173 69 61 
New BC onsets:  0
BC status:  4892 108 
BC subtype:  4892 85 23 

clinical_engagement 
diagnosis 
demography 
82 new agents 
7 dtreferralsatt7 smreferralsatt261 
disease_progression 
H-positive risk:  700 662 93 1101 397 95 1105 418 175 60 127 67 
H-negative risk:  662 700 1105 1101 418 397 95 93 127 175 67 60 
New BC onsets:  0
BC status:  4893 107 
BC subtype:  4893 83 24 

clinical_engagement 
diagnosis 
demography 
67 new agents 
15 dtreferralsatt15 smreferralsatt262 
disease_progression 
H-positive risk:  696 660 92 1103 394 96 1122 417 172 59 123 66 
H-negative risk:  660 696 1122 1103 417 394 96 92 123 172 66 59 
New BC onsets:  0
BC status:  4890 110 
BC subtype:  4890 85 25 

clinical_engagement 
diagnosis 
demography 
57 new agents 
11 dtreferralsatt11 smreferralsatt263 
disease_progression 
H-positive risk:  686 656 91 1095 394 96 1135 424 171 59 127 66 
H-negative risk:  656 686 1135 1095 424 394 96 91 127 171 66 59 
New BC onsets:  0
BC status:  4893 107 
BC subtype:  4893 84 23 

clinical_engagement 
diagnosis 
demography 
89 new agents 
4 dtreferralsatt4 smreferralsatt264 
disease_progression 
H-positive risk:  683 661 94 1094 398 95 1131 418 174 59 130 63 
H-negative risk:  661 683 1131 1094 418 398 95 94 130 174 63 59 
New BC onsets:  0
BC status:  4890 110 
BC subtype:  4890 84 26 

clinical_engagement 
diagnosis 
demography 
85 new agents 
10 dtreferralsatt10 smreferralsatt265 
disease_progression 
H-positive risk:  684 663 93 1095 391 98 1128 419 175 58 129 67 
H-negative risk:  663 684 1128 1095 419 391 98 93 129 175 67 58 
New BC onsets:  0
BC status:  4889 111 
BC subtype:  4889 84 27 

clinical_engagement 
diagnosis 
demography 
86 new agents 
12 dtreferralsatt12 smreferralsatt266 
disease_progression 
H-positive risk:  678 667 93 1087 390 99 1137 422 171 61 131 64 
H-negative risk:  667 678 1137 1087 422 390 99 93 131 171 64 61 
New BC onsets:  0
BC status:  4894 106 
BC subtype:  4894 80 26 

clinical_engagement 
diagnosis 
demography 
81 new agents 
14 dtreferralsatt14 smreferralsatt267 
disease_progression 
H-positive risk:  672 670 95 1079 393 100 1135 424 171 61 133 67 
H-negative risk:  670 672 1135 1079 424 393 100 95 133 171 67 61 
New BC onsets:  0
BC status:  4894 106 
BC subtype:  4894 82 24 

clinical_engagement 
diagnosis 
demography 
77 new agents 
12 dtreferralsatt12 smreferralsatt268 
disease_progression 
H-positive risk:  669 662 96 1086 392 100 1138 423 168 63 135 68 
H-negative risk:  662 669 1138 1086 423 392 100 96 135 168 68 63 
New BC onsets:  0
BC status:  4894 106 
BC subtype:  4894 81 25 

clinical_engagement 
diagnosis 
demography 
87 new agents 
5 dtreferralsatt5 smreferralsatt269 
disease_progression 
H-positive risk:  671 662 99 1093 385 102 1136 419 167 63 136 67 
H-negative risk:  662 671 1136 1093 419 385 102 99 136 167 67 63 
New BC onsets:  0
BC status:  4896 104 
BC subtype:  4896 80 24 

clinical_engagement 
diagnosis 
demography 
72 new agents 
11 dtreferralsatt11 smreferralsatt270 
disease_progression 
H-positive risk:  668 671 100 1086 391 101 1130 420 166 62 137 68 
H-negative risk:  671 668 1130 1086 420 391 101 100 137 166 68 62 
New BC onsets:  0
BC status:  4896 104 
BC subtype:  4896 82 22 

clinical_engagement 
diagnosis 
demography 
75 new agents 
5 dtreferralsatt5 smreferralsatt271 
disease_progression 
H-positive risk:  665 670 98 1093 391 103 1128 419 162 61 139 71 
H-negative risk:  670 665 1128 1093 419 391 103 98 139 162 71 61 
New BC onsets:  0
BC status:  4896 104 
BC subtype:  4896 82 22 

clinical_engagement 
diagnosis 
demography 
71 new agents 
9 dtreferralsatt9 smreferralsatt272 
disease_progression 
H-positive risk:  668 668 96 1098 389 105 1123 422 163 62 137 69 
H-negative risk:  668 668 1123 1098 422 389 105 96 137 163 69 62 
New BC onsets:  0
BC status:  4896 104 
BC subtype:  4896 81 23 

clinical_engagement 
diagnosis 
demography 
63 new agents 
16 dtreferralsatt16 smreferralsatt273 
disease_progression 
H-positive risk:  670 670 100 1093 392 103 1110 431 165 62 136 68 
H-negative risk:  670 670 1110 1093 431 392 103 100 136 165 68 62 
New BC onsets:  0
BC status:  4895 105 
BC subtype:  4895 82 23 

clinical_engagement 
diagnosis 
demography 
68 new agents 
12 dtreferralsatt12 smreferralsatt274 
disease_progression 
H-positive risk:  671 671 100 1088 403 103 1109 429 166 60 135 65 
H-negative risk:  671 671 1109 1088 429 403 103 100 135 166 65 60 
New BC onsets:  0
BC status:  4895 105 
BC subtype:  4895 85 20 

clinical_engagement 
diagnosis 
demography 
73 new agents 
8 dtreferralsatt8 smreferralsatt275 
disease_progression 
H-positive risk:  667 673 103 1086 402 100 1111 433 166 58 136 65 
H-negative risk:  673 667 1111 1086 433 402 100 103 136 166 65 58 
New BC onsets:  0
BC status:  4898 102 
BC subtype:  4898 81 21 

clinical_engagement 
diagnosis 
demography 
67 new agents 
10 dtreferralsatt10 smreferralsatt276 
disease_progression 
H-positive risk:  662 665 102 1082 405 100 1124 431 166 58 140 65 
H-negative risk:  665 662 1124 1082 431 405 100 102 140 166 65 58 
New BC onsets:  0
BC status:  4900 100 
BC subtype:  4900 79 21 

clinical_engagement 
diagnosis 
demography 
74 new agents 
12 dtreferralsatt12 smreferralsatt277 
disease_progression 
H-positive risk:  665 670 104 1072 403 98 1125 434 167 59 137 66 
H-negative risk:  670 665 1125 1072 434 403 98 104 137 167 66 59 
New BC onsets:  0
BC status:  4899 101 
BC subtype:  4899 78 23 

clinical_engagement 
diagnosis 
demography 
98 new agents 
4 dtreferralsatt4 smreferralsatt278 
disease_progression 
H-positive risk:  669 668 104 1068 407 95 1125 434 171 58 133 68 
H-negative risk:  668 669 1125 1068 434 407 95 104 133 171 68 58 
New BC onsets:  0
BC status:  4898 102 
BC subtype:  4898 79 23 

clinical_engagement 
diagnosis 
demography 
74 new agents 
6 dtreferralsatt6 smreferralsatt279 
disease_progression 
H-positive risk:  669 670 100 1071 406 96 1125 437 170 56 134 66 
H-negative risk:  670 669 1125 1071 437 406 96 100 134 170 66 56 
New BC onsets:  0
BC status:  4899 101 
BC subtype:  4899 79 22 

clinical_engagement 
diagnosis 
demography 
85 new agents 
11 dtreferralsatt11 smreferralsatt280 
disease_progression 
H-positive risk:  672 674 100 1065 407 99 1127 434 168 55 135 64 
H-negative risk:  674 672 1127 1065 434 407 99 100 135 168 64 55 
New BC onsets:  0
BC status:  4897 103 
BC subtype:  4897 81 22 

clinical_engagement 
diagnosis 
demography 
71 new agents 
12 dtreferralsatt12 smreferralsatt281 
disease_progression 
H-positive risk:  666 679 101 1060 399 96 1129 443 172 57 130 68 
H-negative risk:  679 666 1129 1060 443 399 96 101 130 172 68 57 
New BC onsets:  0
BC status:  4895 105 
BC subtype:  4895 83 22 

clinical_engagement 
diagnosis 
demography 
90 new agents 
7 dtreferralsatt7 smreferralsatt282 
disease_progression 
H-positive risk:  672 679 101 1057 403 98 1128 434 174 56 130 68 
H-negative risk:  679 672 1128 1057 434 403 98 101 130 174 68 56 
New BC onsets:  0
BC status:  4895 105 
BC subtype:  4895 82 23 

clinical_engagement 
diagnosis 
demography 
78 new agents 
9 dtreferralsatt9 smreferralsatt283 
disease_progression 
H-positive risk:  678 676 101 1064 398 95 1121 427 181 57 128 74 
H-negative risk:  676 678 1121 1064 427 398 95 101 128 181 74 57 
New BC onsets:  0
BC status:  4895 105 
BC subtype:  4895 82 23 

clinical_engagement 
diagnosis 
demography 
79 new agents 
9 dtreferralsatt9 smreferralsatt284 
disease_progression 
H-positive risk:  678 682 103 1064 397 95 1125 418 179 57 128 74 
H-negative risk:  682 678 1125 1064 418 397 95 103 128 179 74 57 
New BC onsets:  0
BC status:  4897 103 
BC subtype:  4897 81 22 

clinical_engagement 
diagnosis 
demography 
82 new agents 
13 dtreferralsatt13 smreferralsatt285 
disease_progression 
H-positive risk:  679 678 103 1075 396 94 1123 417 180 52 129 74 
H-negative risk:  678 679 1123 1075 417 396 94 103 129 180 74 52 
New BC onsets:  0
BC status:  4896 104 
BC subtype:  4896 78 26 

clinical_engagement 
diagnosis 
demography 
65 new agents 
10 dtreferralsatt10 smreferralsatt286 
disease_progression 
H-positive risk:  679 680 102 1070 398 96 1114 426 175 54 133 73 
H-negative risk:  680 679 1114 1070 426 398 96 102 133 175 73 54 
New BC onsets:  0
BC status:  4893 107 
BC subtype:  4893 82 25 

clinical_engagement 
diagnosis 
demography 
73 new agents 
12 dtreferralsatt12 smreferralsatt287 
disease_progression 
H-positive risk:  683 684 98 1062 401 96 1115 424 177 57 132 71 
H-negative risk:  684 683 1115 1062 424 401 96 98 132 177 71 57 
New BC onsets:  0
BC status:  4892 108 
BC subtype:  4892 82 26 

clinical_engagement 
diagnosis 
demography 
63 new agents 
15 dtreferralsatt15 smreferralsatt288 
disease_progression 
H-positive risk:  684 683 96 1056 407 99 1115 427 177 57 132 67 
H-negative risk:  683 684 1115 1056 427 407 99 96 132 177 67 57 
New BC onsets:  0
BC status:  4894 106 
BC subtype:  4894 81 25 

clinical_engagement 
diagnosis 
demography 
90 new agents 
6 dtreferralsatt6 smreferralsatt289 
disease_progression 
H-positive risk:  684 697 95 1052 412 99 1116 419 173 56 131 66 
H-negative risk:  697 684 1116 1052 419 412 99 95 131 173 66 56 
New BC onsets:  0
BC status:  4890 110 
BC subtype:  4890 84 26 

clinical_engagement 
diagnosis 
demography 
75 new agents 
12 dtreferralsatt12 smreferralsatt290 
disease_progression 
H-positive risk:  679 692 96 1057 410 101 1114 425 171 57 135 63 
H-negative risk:  692 679 1114 1057 425 410 101 96 135 171 63 57 
New BC onsets:  0
BC status:  4889 111 
BC subtype:  4889 86 25 

clinical_engagement 
diagnosis 
demography 
66 new agents 
4 dtreferralsatt4 smreferralsatt291 
disease_progression 
H-positive risk:  666 693 95 1067 408 105 1111 429 168 60 133 65 
H-negative risk:  693 666 1111 1067 429 408 105 95 133 168 65 60 
New BC onsets:  0
BC status:  4887 113 
BC subtype:  4887 87 26 

clinical_engagement 
diagnosis 
demography 
68 new agents 
12 dtreferralsatt12 smreferralsatt292 
disease_progression 
H-positive risk:  667 688 96 1066 411 105 1099 439 168 59 137 65 
H-negative risk:  688 667 1099 1066 439 411 105 96 137 168 65 59 
New BC onsets:  0
BC status:  4885 115 
BC subtype:  4885 88 27 

clinical_engagement 
diagnosis 
demography 
70 new agents 
12 dtreferralsatt12 smreferralsatt293 
disease_progression 
H-positive risk:  671 687 96 1064 411 108 1097 435 168 58 139 66 
H-negative risk:  687 671 1097 1064 435 411 108 96 139 168 66 58 
New BC onsets:  0
BC status:  4883 117 
BC subtype:  4883 90 27 

clinical_engagement 
diagnosis 
demography 
85 new agents 
10 dtreferralsatt10 smreferralsatt294 
disease_progression 
H-positive risk:  677 687 93 1057 409 104 1096 441 172 56 140 68 
H-negative risk:  687 677 1096 1057 441 409 104 93 140 172 68 56 
New BC onsets:  0
BC status:  4883 117 
BC subtype:  4883 90 27 

clinical_engagement 
diagnosis 
demography 
72 new agents 
12 dtreferralsatt12 smreferralsatt295 
disease_progression 
H-positive risk:  676 694 94 1048 411 105 1088 447 171 55 141 70 
H-negative risk:  694 676 1088 1048 447 411 105 94 141 171 70 55 
New BC onsets:  0
BC status:  4884 116 
BC subtype:  4884 90 26 

clinical_engagement 
diagnosis 
demography 
96 new agents 
6 dtreferralsatt6 smreferralsatt296 
disease_progression 
H-positive risk:  680 693 93 1049 413 105 1078 456 174 52 137 70 
H-negative risk:  693 680 1078 1049 456 413 105 93 137 174 70 52 
New BC onsets:  0
BC status:  4885 115 
BC subtype:  4885 91 24 

clinical_engagement 
diagnosis 
demography 
80 new agents 
12 dtreferralsatt12 smreferralsatt297 
disease_progression 
H-positive risk:  680 692 92 1047 414 109 1083 451 172 51 138 71 
H-negative risk:  692 680 1083 1047 451 414 109 92 138 172 71 51 
New BC onsets:  0
BC status:  4884 116 
BC subtype:  4884 90 26 

clinical_engagement 
diagnosis 
demography 
82 new agents 
6 dtreferralsatt6 smreferralsatt298 
disease_progression 
H-positive risk:  680 702 93 1039 409 113 1084 453 172 47 138 70 
H-negative risk:  702 680 1084 1039 453 409 113 93 138 172 70 47 
New BC onsets:  0
BC status:  4885 115 
BC subtype:  4885 90 25 

clinical_engagement 
diagnosis 
demography 
69 new agents 
9 dtreferralsatt9 smreferralsatt299 
disease_progression 
H-positive risk:  677 703 94 1041 410 111 1080 456 170 50 138 70 
H-negative risk:  703 677 1080 1041 456 410 111 94 138 170 70 50 
New BC onsets:  0
BC status:  4883 117 
BC subtype:  4883 92 25 

clinical_engagement 
diagnosis 
demography 
72 new agents 
11 dtreferralsatt11 smreferralsatt300 
disease_progression 
H-positive risk:  677 701 90 1032 415 114 1078 462 168 53 141 69 
H-negative risk:  701 677 1078 1032 462 415 114 90 141 168 69 53 
New BC onsets:  0
BC status:  4877 123 
BC subtype:  4877 96 27 

clinical_engagement 
diagnosis 
demography 
83 new agents 
9 dtreferralsatt9 smreferralsattTime difference of 18.03535 mins
This is task 5
date
