date
Note that the current default version of R is 3.6.1.
Loading required package: network
network: Classes for Relational Data
Version 1.15 created on 2019-04-01.
copyright (c) 2005, Carter T. Butts, University of California-Irvine
                    Mark S. Handcock, University of California -- Los Angeles
                    David R. Hunter, Penn State University
                    Martina Morris, University of Washington
                    Skye Bender-deMoll, University of Washington
 For citation information, type citation("network").
 Type help("network-package") to get started.


networkDynamic: version 0.10.0, created on 2019-04-04
Copyright (c) 2019, Carter T. Butts, University of California -- Irvine
                    Ayn Leslie-Cook, University of Washington
                    Pavel N. Krivitsky, University of Wollongong
                    Skye Bender-deMoll, University of Washington
                    with contributions from
                    Zack Almquist, University of California -- Irvine
                    David R. Hunter, Penn State University
                    Li Wang
                    Kirk Li, University of Washington
                    Steven M. Goodreau, University of Washington
                    Jeffrey Horner
                    Martina Morris, University of Washington
Based on "statnet" project software (statnet.org).
For license and citation information see statnet.org/attribution
or type citation("networkDynamic").

Loading required package: statnet.common

Attaching package: 'statnet.common'

The following object is masked from 'package:base':

    order

sna: Tools for Social Network Analysis
Version 2.4 created on 2016-07-23.
copyright (c) 2005, Carter T. Butts, University of California-Irvine
 For citation information, type citation("sna").
 Type help(package="sna") to get started.


ergm: version 3.10.4, created on 2019-06-10
Copyright (c) 2019, Mark S. Handcock, University of California -- Los Angeles
                    David R. Hunter, Penn State University
                    Carter T. Butts, University of California -- Irvine
                    Steven M. Goodreau, University of Washington
                    Pavel N. Krivitsky, University of Wollongong
                    Martina Morris, University of Washington
                    with contributions from
                    Li Wang
                    Kirk Li, University of Washington
                    Skye Bender-deMoll, University of Washington
                    Chad Klumb
Based on "statnet" project software (statnet.org).
For license and citation information see statnet.org/attribution
or type citation("ergm").

NOTE: Versions before 3.6.1 had a bug in the implementation of the bd()
constriant which distorted the sampled distribution somewhat. In
addition, Sampson's Monks datasets had mislabeled vertices. See the
NEWS and the documentation for more details.

NOTE: Some common term arguments pertaining to vertex attribute and
level selection have changed in 3.10.0. See terms help for more
details. Use 'options(ergm.term=list(version="3.9.4"))' to use old
behavior.


tergm: version 3.6.1, created on 2019-06-12
Copyright (c) 2019, Pavel N. Krivitsky, University of Wollongong
                    Mark S. Handcock, University of California -- Los Angeles
                    with contributions from
                    David R. Hunter, Penn State University
                    Steven M. Goodreau, University of Washington
                    Martina Morris, University of Washington
                    Nicole Bohme Carnegie, New York University
                    Carter T. Butts, University of California -- Irvine
                    Ayn Leslie-Cook, University of Washington
                    Skye Bender-deMoll
                    Li Wang
                    Kirk Li, University of Washington
Based on "statnet" project software (statnet.org).
For license and citation information see statnet.org/attribution
or type citation("tergm").

Starting maximum pseudolikelihood estimation (MPLE):
Evaluating the predictor and response matrix.
Maximizing the pseudolikelihood.
Finished MPLE.
Starting Monte Carlo maximum likelihood estimation (MCMLE):
Iteration 1 of at most 500:
Optimizing with step length 0.465884879949225.
The log-likelihood improved by 2.598.
Iteration 2 of at most 500:
Optimizing with step length 1.
The log-likelihood improved by 2.115.
Step length converged once. Increasing MCMC sample size.
Iteration 3 of at most 500:
Optimizing with step length 1.
The log-likelihood improved by 0.2152.
Step length converged twice. Stopping.
Finished MCMLE.
This model was fit using MCMC.  To examine model diagnostics and check
for degeneracy, use the mcmc.diagnostics() function.
 degree0  degree1  degree2  degree3  degree4  degree5  degree6  degree7 
       2       15     1225     1054      803      356      382      350 
 degree8  degree9 degree10 degree11 degree12 degree13 degree14 degree15 
     277      213      127       85       59       30       14        4 
degree16 degree17 
       1        3 
1 
disease_progression 
H-positive risk:  866 873 129 859 443 121 913 465 120 55 110 46 
H-negative risk:  873 866 913 859 465 443 121 129 110 120 46 55 
New BC onsets:  0
BC status:  4999 1 
BC subtype:  4999 1 

clinical_engagement 
diagnosis 
demography 
63 new agents 
1 dtreferralsatt1 smreferralsatt2 
disease_progression 
H-positive risk:  868 880 132 852 439 123 916 464 119 54 108 45 
H-negative risk:  880 868 916 852 464 439 123 132 108 119 45 54 
New BC onsets:  0
BC status:  4995 5 
BC subtype:  4995 4 1 

clinical_engagement 
diagnosis 
demography 
57 new agents 
2 dtreferralsatt2 smreferralsatt3 
disease_progression 
H-positive risk:  870 885 133 854 439 122 914 456 119 52 110 46 
H-negative risk:  885 870 914 854 456 439 122 133 110 119 46 52 
New BC onsets:  0
BC status:  4992 8 
BC subtype:  4992 7 1 

clinical_engagement 
diagnosis 
demography 
71 new agents 
6 dtreferralsatt6 smreferralsatt4 
disease_progression 
H-positive risk:  876 887 136 850 435 123 916 452 121 52 107 45 
H-negative risk:  887 876 916 850 452 435 123 136 107 121 45 52 
New BC onsets:  0
BC status:  4992 8 
BC subtype:  4992 7 1 

clinical_engagement 
diagnosis 
demography 
58 new agents 
7 dtreferralsatt7 smreferralsatt5 
disease_progression 
H-positive risk:  878 893 135 855 434 124 914 446 121 51 105 44 
H-negative risk:  893 878 914 855 446 434 124 135 105 121 44 51 
New BC onsets:  0
BC status:  4990 10 
BC subtype:  4990 9 1 

clinical_engagement 
diagnosis 
demography 
64 new agents 
6 dtreferralsatt6 smreferralsatt6 
disease_progression 
H-positive risk:  891 890 135 850 430 125 907 448 120 53 107 44 
H-negative risk:  890 891 907 850 448 430 125 135 107 120 44 53 
New BC onsets:  0
BC status:  4987 13 
BC subtype:  4987 11 2 

clinical_engagement 
diagnosis 
demography 
48 new agents 
4 dtreferralsatt4 smreferralsatt7 
disease_progression 
H-positive risk:  894 896 137 849 424 125 908 447 118 53 105 44 
H-negative risk:  896 894 908 849 447 424 125 137 105 118 44 53 
New BC onsets:  0
BC status:  4987 13 
BC subtype:  4987 11 2 

clinical_engagement 
diagnosis 
demography 
60 new agents 
6 dtreferralsatt6 smreferralsatt8 
disease_progression 
H-positive risk:  901 898 137 843 422 123 906 449 117 52 108 44 
H-negative risk:  898 901 906 843 449 422 123 137 108 117 44 52 
New BC onsets:  0
BC status:  4986 14 
BC subtype:  4986 13 1 

clinical_engagement 
diagnosis 
demography 
58 new agents 
3 dtreferralsatt3 smreferralsatt9 
disease_progression 
H-positive risk:  909 901 139 844 416 121 909 447 117 50 104 43 
H-negative risk:  901 909 909 844 447 416 121 139 104 117 43 50 
New BC onsets:  0
BC status:  4983 17 
BC subtype:  4983 15 2 

clinical_engagement 
diagnosis 
demography 
72 new agents 
6 dtreferralsatt6 smreferralsatt10 
disease_progression 
H-positive risk:  907 910 143 845 406 120 905 446 119 52 103 44 
H-negative risk:  910 907 905 845 446 406 120 143 103 119 44 52 
New BC onsets:  0
BC status:  4980 20 
BC subtype:  4980 18 2 

clinical_engagement 
diagnosis 
demography 
41 new agents 
8 dtreferralsatt8 smreferralsatt11 
disease_progression 
H-positive risk:  907 918 145 847 404 121 901 441 118 52 103 43 
H-negative risk:  918 907 901 847 441 404 121 145 103 118 43 52 
New BC onsets:  0
BC status:  4980 20 
BC subtype:  4980 17 3 

clinical_engagement 
diagnosis 
demography 
49 new agents 
7 dtreferralsatt7 smreferralsatt12 
disease_progression 
H-positive risk:  911 927 145 850 402 121 895 434 118 51 102 44 
H-negative risk:  927 911 895 850 434 402 121 145 102 118 44 51 
New BC onsets:  0
BC status:  4978 22 
BC subtype:  4978 18 4 

clinical_engagement 
diagnosis 
demography 
59 new agents 
4 dtreferralsatt4 smreferralsatt13 
disease_progression 
H-positive risk:  844 837 136 944 409 111 963 426 123 49 114 44 
H-negative risk:  837 844 963 944 426 409 111 136 114 123 44 49 
New BC onsets:  0
BC status:  4977 23 
BC subtype:  4977 19 4 

clinical_engagement 
diagnosis 
demography 
218 new agents 
7 dtreferralsatt7 smreferralsatt14 
disease_progression 
H-positive risk:  871 863 145 899 423 116 907 455 118 49 104 50 
H-negative risk:  863 871 907 899 455 423 116 145 104 118 50 49 
New BC onsets:  0
BC status:  4975 25 
BC subtype:  4975 21 4 

clinical_engagement 
diagnosis 
demography 
59 new agents 
3 dtreferralsatt3 smreferralsatt15 
disease_progression 
H-positive risk:  879 863 144 905 421 119 899 451 120 48 104 47 
H-negative risk:  863 879 899 905 451 421 119 144 104 120 47 48 
New BC onsets:  0
BC status:  4974 26 
BC subtype:  4974 21 5 

clinical_engagement 
diagnosis 
demography 
63 new agents 
10 dtreferralsatt10 smreferralsatt16 
disease_progression 
H-positive risk:  883 870 139 902 418 121 896 451 120 47 106 47 
H-negative risk:  870 883 896 902 451 418 121 139 106 120 47 47 
New BC onsets:  0
BC status:  4972 28 
BC subtype:  4972 22 6 

clinical_engagement 
diagnosis 
demography 
69 new agents 
7 dtreferralsatt7 smreferralsatt17 
disease_progression 
H-positive risk:  892 876 139 901 417 122 895 441 119 47 104 47 
H-negative risk:  876 892 895 901 441 417 122 139 104 119 47 47 
New BC onsets:  0
BC status:  4969 31 
BC subtype:  4969 25 6 

clinical_engagement 
diagnosis 
demography 
66 new agents 
11 dtreferralsatt11 smreferralsatt18 
disease_progression 
H-positive risk:  897 877 142 909 416 120 884 438 117 47 105 48 
H-negative risk:  877 897 884 909 438 416 120 142 105 117 48 47 
New BC onsets:  0
BC status:  4967 33 
BC subtype:  4967 27 6 

clinical_engagement 
diagnosis 
demography 
64 new agents 
12 dtreferralsatt12 smreferralsatt19 
disease_progression 
H-positive risk:  901 892 142 908 413 122 878 431 115 48 102 48 
H-negative risk:  892 901 878 908 431 413 122 142 102 115 48 48 
New BC onsets:  0
BC status:  4963 37 
BC subtype:  4963 31 6 

clinical_engagement 
diagnosis 
demography 
51 new agents 
12 dtreferralsatt12 smreferralsatt20 
disease_progression 
H-positive risk:  900 901 141 905 412 121 873 431 114 49 104 49 
H-negative risk:  901 900 873 905 431 412 121 141 104 114 49 49 
New BC onsets:  0
BC status:  4961 39 
BC subtype:  4961 31 8 

clinical_engagement 
diagnosis 
demography 
73 new agents 
7 dtreferralsatt7 smreferralsatt21 
disease_progression 
H-positive risk:  908 909 144 905 407 121 873 419 112 49 105 48 
H-negative risk:  909 908 873 905 419 407 121 144 105 112 48 49 
New BC onsets:  0
BC status:  4959 41 
BC subtype:  4959 33 8 

clinical_engagement 
diagnosis 
demography 
61 new agents 
9 dtreferralsatt9 smreferralsatt22 
disease_progression 
H-positive risk:  909 918 144 907 403 119 872 416 112 49 104 47 
H-negative risk:  918 909 872 907 416 403 119 144 104 112 47 49 
New BC onsets:  0
BC status:  4958 42 
BC subtype:  4958 33 9 

clinical_engagement 
diagnosis 
demography 
60 new agents 
12 dtreferralsatt12 smreferralsatt23 
disease_progression 
H-positive risk:  909 922 146 903 406 120 872 414 111 48 104 45 
H-negative risk:  922 909 872 903 414 406 120 146 104 111 45 48 
New BC onsets:  0
BC status:  4955 45 
BC subtype:  4955 36 9 

clinical_engagement 
diagnosis 
demography 
46 new agents 
10 dtreferralsatt10 smreferralsatt24 
disease_progression 
H-positive risk:  910 922 146 904 407 121 869 412 111 48 105 45 
H-negative risk:  922 910 869 904 412 407 121 146 105 111 45 48 
New BC onsets:  0
BC status:  4955 45 
BC subtype:  4955 37 8 

clinical_engagement 
diagnosis 
demography 
78 new agents 
15 dtreferralsatt15 smreferralsatt25 
disease_progression 
H-positive risk:  842 858 140 974 400 114 943 405 115 50 113 46 
H-negative risk:  858 842 943 974 405 400 114 140 113 115 46 50 
New BC onsets:  0
BC status:  4953 47 
BC subtype:  4953 39 8 

clinical_engagement 
diagnosis 
demography 
187 new agents 
9 dtreferralsatt9 smreferralsatt26 
disease_progression 
H-positive risk:  868 880 144 941 401 121 898 430 105 53 115 44 
H-negative risk:  880 868 898 941 430 401 121 144 115 105 44 53 
New BC onsets:  0
BC status:  4951 49 
BC subtype:  4951 41 8 

clinical_engagement 
diagnosis 
demography 
59 new agents 
13 dtreferralsatt13 smreferralsatt27 
disease_progression 
H-positive risk:  865 885 144 934 401 119 898 436 107 52 115 44 
H-negative risk:  885 865 898 934 436 401 119 144 115 107 44 52 
New BC onsets:  0
BC status:  4944 56 
BC subtype:  4944 47 9 

clinical_engagement 
diagnosis 
demography 
48 new agents 
6 dtreferralsatt6 smreferralsatt28 
disease_progression 
H-positive risk:  864 894 144 931 403 118 900 428 108 51 114 45 
H-negative risk:  894 864 900 931 428 403 118 144 114 108 45 51 
New BC onsets:  0
BC status:  4945 55 
BC subtype:  4945 45 10 

clinical_engagement 
diagnosis 
demography 
69 new agents 
7 dtreferralsatt7 smreferralsatt29 
disease_progression 
H-positive risk:  867 901 144 931 405 116 898 423 109 50 112 44 
H-negative risk:  901 867 898 931 423 405 116 144 112 109 44 50 
New BC onsets:  0
BC status:  4941 59 
BC subtype:  4941 49 10 

clinical_engagement 
diagnosis 
demography 
72 new agents 
8 dtreferralsatt8 smreferralsatt30 
disease_progression 
H-positive risk:  865 905 145 921 403 117 906 426 109 47 114 42 
H-negative risk:  905 865 906 921 426 403 117 145 114 109 42 47 
New BC onsets:  0
BC status:  4939 61 
BC subtype:  4939 51 10 

clinical_engagement 
diagnosis 
demography 
66 new agents 
12 dtreferralsatt12 smreferralsatt31 
disease_progression 
H-positive risk:  872 911 148 920 396 118 896 428 108 45 119 39 
H-negative risk:  911 872 896 920 428 396 118 148 119 108 39 45 
New BC onsets:  0
BC status:  4936 64 
BC subtype:  4936 52 12 

clinical_engagement 
diagnosis 
demography 
70 new agents 
10 dtreferralsatt10 smreferralsatt32 
disease_progression 
H-positive risk:  873 920 151 914 399 118 894 420 109 43 119 40 
H-negative risk:  920 873 894 914 420 399 118 151 119 109 40 43 
New BC onsets:  0
BC status:  4932 68 
BC subtype:  4932 56 12 

clinical_engagement 
diagnosis 
demography 
61 new agents 
7 dtreferralsatt7 smreferralsatt33 
disease_progression 
H-positive risk:  877 929 153 909 397 118 894 411 108 43 120 41 
H-negative risk:  929 877 894 909 411 397 118 153 120 108 41 43 
New BC onsets:  0
BC status:  4932 68 
BC subtype:  4932 56 12 

clinical_engagement 
diagnosis 
demography 
63 new agents 
7 dtreferralsatt7 smreferralsatt34 
disease_progression 
H-positive risk:  880 936 154 909 391 119 898 403 107 44 118 41 
H-negative risk:  936 880 898 909 403 391 119 154 118 107 41 44 
New BC onsets:  0
BC status:  4926 74 
BC subtype:  4926 62 12 

clinical_engagement 
diagnosis 
demography 
53 new agents 
7 dtreferralsatt7 smreferralsatt35 
disease_progression 
H-positive risk:  881 937 153 905 388 119 906 403 105 45 117 41 
H-negative risk:  937 881 906 905 403 388 119 153 117 105 41 45 
New BC onsets:  0
BC status:  4928 72 
BC subtype:  4928 61 11 

clinical_engagement 
diagnosis 
demography 
66 new agents 
9 dtreferralsatt9 smreferralsatt36 
disease_progression 
H-positive risk:  885 945 152 910 381 119 903 393 107 45 119 41 
H-negative risk:  945 885 903 910 393 381 119 152 119 107 41 45 
New BC onsets:  0
BC status:  4925 75 
BC subtype:  4925 65 10 

clinical_engagement 
diagnosis 
demography 
55 new agents 
8 dtreferralsatt8 smreferralsatt37 
disease_progression 
H-positive risk:  820 869 139 988 379 110 973 388 118 46 129 41 
H-negative risk:  869 820 973 988 388 379 110 139 129 118 41 46 
New BC onsets:  0
BC status:  4921 79 
BC subtype:  4921 69 10 

clinical_engagement 
diagnosis 
demography 
178 new agents 
13 dtreferralsatt13 smreferralsatt38 
disease_progression 
H-positive risk:  836 883 144 958 392 109 950 393 118 46 131 40 
H-negative risk:  883 836 950 958 393 392 109 144 131 118 40 46 
New BC onsets:  0
BC status:  4917 83 
BC subtype:  4917 73 10 

clinical_engagement 
diagnosis 
demography 
69 new agents 
12 dtreferralsatt12 smreferralsatt39 
disease_progression 
H-positive risk:  845 889 147 950 387 109 948 392 117 46 129 41 
H-negative risk:  889 845 948 950 392 387 109 147 129 117 41 46 
New BC onsets:  0
BC status:  4915 85 
BC subtype:  4915 75 10 

clinical_engagement 
diagnosis 
demography 
44 new agents 
9 dtreferralsatt9 smreferralsatt40 
disease_progression 
H-positive risk:  845 887 148 956 379 107 949 396 118 47 128 40 
H-negative risk:  887 845 949 956 396 379 107 148 128 118 40 47 
New BC onsets:  0
BC status:  4914 86 
BC subtype:  4914 75 11 

clinical_engagement 
diagnosis 
demography 
67 new agents 
10 dtreferralsatt10 smreferralsatt41 
disease_progression 
H-positive risk:  849 895 150 948 377 109 951 386 117 49 128 41 
H-negative risk:  895 849 951 948 386 377 109 150 128 117 41 49 
New BC onsets:  0
BC status:  4912 88 
BC subtype:  4912 77 11 

clinical_engagement 
diagnosis 
demography 
73 new agents 
14 dtreferralsatt14 smreferralsatt42 
disease_progression 
H-positive risk:  858 901 148 950 372 112 945 382 115 49 129 39 
H-negative risk:  901 858 945 950 382 372 112 148 129 115 39 49 
New BC onsets:  0
BC status:  4913 87 
BC subtype:  4913 76 11 

clinical_engagement 
diagnosis 
demography 
73 new agents 
14 dtreferralsatt14 smreferralsatt43 
disease_progression 
H-positive risk:  859 901 146 950 367 113 948 382 114 47 133 40 
H-negative risk:  901 859 948 950 382 367 113 146 133 114 40 47 
New BC onsets:  0
BC status:  4914 86 
BC subtype:  4914 75 11 

clinical_engagement 
diagnosis 
demography 
66 new agents 
11 dtreferralsatt11 smreferralsatt44 
disease_progression 
H-positive risk:  868 899 146 942 365 113 954 373 115 47 135 43 
H-negative risk:  899 868 954 942 373 365 113 146 135 115 43 47 
New BC onsets:  0
BC status:  4913 87 
BC subtype:  4913 76 11 

clinical_engagement 
diagnosis 
demography 
67 new agents 
10 dtreferralsatt10 smreferralsatt45 
disease_progression 
H-positive risk:  874 904 144 941 363 113 949 368 117 46 139 42 
H-negative risk:  904 874 949 941 368 363 113 144 139 117 42 46 
New BC onsets:  0
BC status:  4911 89 
BC subtype:  4911 78 11 

clinical_engagement 
diagnosis 
demography 
69 new agents 
15 dtreferralsatt15 smreferralsatt46 
disease_progression 
H-positive risk:  880 904 145 946 360 112 946 363 117 48 137 42 
H-negative risk:  904 880 946 946 363 360 112 145 137 117 42 48 
New BC onsets:  0
BC status:  4911 89 
BC subtype:  4911 79 10 

clinical_engagement 
diagnosis 
demography 
62 new agents 
16 dtreferralsatt16 smreferralsatt47 
disease_progression 
H-positive risk:  885 915 146 939 361 112 943 358 112 52 135 42 
H-negative risk:  915 885 943 939 358 361 112 146 135 112 42 52 
New BC onsets:  0
BC status:  4913 87 
BC subtype:  4913 77 10 

clinical_engagement 
diagnosis 
demography 
68 new agents 
15 dtreferralsatt15 smreferralsatt48 
disease_progression 
H-positive risk:  888 915 144 940 360 111 945 355 112 53 136 41 
H-negative risk:  915 888 945 940 355 360 111 144 136 112 41 53 
New BC onsets:  0
BC status:  4909 91 
BC subtype:  4909 81 10 

clinical_engagement 
diagnosis 
demography 
55 new agents 
9 dtreferralsatt9 smreferralsatt49 
disease_progression 
H-positive risk:  834 845 133 1024 352 99 992 354 122 50 149 46 
H-negative risk:  845 834 992 1024 354 352 99 133 149 122 46 50 
New BC onsets:  0
BC status:  4907 93 
BC subtype:  4907 83 10 

clinical_engagement 
diagnosis 
demography 
131 new agents 
12 dtreferralsatt12 smreferralsatt50 
disease_progression 
H-positive risk:  840 851 135 1009 362 99 949 383 116 62 144 50 
H-negative risk:  851 840 949 1009 383 362 99 135 144 116 50 62 
New BC onsets:  0
BC status:  4905 95 
BC subtype:  4905 85 10 

clinical_engagement 
diagnosis 
demography 
73 new agents 
11 dtreferralsatt11 smreferralsatt51 
disease_progression 
H-positive risk:  844 856 135 994 373 97 951 381 118 61 140 50 
H-negative risk:  856 844 951 994 381 373 97 135 140 118 50 61 
New BC onsets:  0
BC status:  4901 99 
BC subtype:  4901 85 14 

clinical_engagement 
diagnosis 
demography 
80 new agents 
9 dtreferralsatt9 smreferralsatt52 
disease_progression 
H-positive risk:  835 859 134 990 372 99 957 376 122 63 144 49 
H-negative risk:  859 835 957 990 376 372 99 134 144 122 49 63 
New BC onsets:  0
BC status:  4898 102 
BC subtype:  4898 86 16 

clinical_engagement 
diagnosis 
demography 
68 new agents 
17 dtreferralsatt17 smreferralsatt53 
disease_progression 
H-positive risk:  839 869 136 987 367 102 954 372 122 59 145 48 
H-negative risk:  869 839 954 987 372 367 102 136 145 122 48 59 
New BC onsets:  0
BC status:  4896 104 
BC subtype:  4896 87 17 

clinical_engagement 
diagnosis 
demography 
52 new agents 
6 dtreferralsatt6 smreferralsatt54 
disease_progression 
H-positive risk:  838 862 135 998 364 102 952 375 122 59 145 48 
H-negative risk:  862 838 952 998 375 364 102 135 145 122 48 59 
New BC onsets:  0
BC status:  4896 104 
BC subtype:  4896 86 18 

clinical_engagement 
diagnosis 
demography 
66 new agents 
12 dtreferralsatt12 smreferralsatt55 
disease_progression 
H-positive risk:  832 867 136 991 367 101 958 370 124 60 144 50 
H-negative risk:  867 832 958 991 370 367 101 136 144 124 50 60 
New BC onsets:  0
BC status:  4894 106 
BC subtype:  4894 88 18 

clinical_engagement 
diagnosis 
demography 
71 new agents 
9 dtreferralsatt9 smreferralsatt56 
disease_progression 
H-positive risk:  844 866 136 994 364 100 950 372 122 60 140 52 
H-negative risk:  866 844 950 994 372 364 100 136 140 122 52 60 
New BC onsets:  0
BC status:  4896 104 
BC subtype:  4896 87 17 

clinical_engagement 
diagnosis 
demography 
62 new agents 
11 dtreferralsatt11 smreferralsatt57 
disease_progression 
H-positive risk:  840 868 136 1000 361 101 951 367 124 61 139 52 
H-negative risk:  868 840 951 1000 367 361 101 136 139 124 52 61 
New BC onsets:  0
BC status:  4892 108 
BC subtype:  4892 89 19 

clinical_engagement 
diagnosis 
demography 
65 new agents 
10 dtreferralsatt10 smreferralsatt58 
disease_progression 
H-positive risk:  846 872 138 990 366 101 951 361 126 60 137 52 
H-negative risk:  872 846 951 990 361 366 101 138 137 126 52 60 
New BC onsets:  0
BC status:  4893 107 
BC subtype:  4893 88 19 

clinical_engagement 
diagnosis 
demography 
61 new agents 
12 dtreferralsatt12 smreferralsatt59 
disease_progression 
H-positive risk:  850 872 141 987 362 101 948 363 129 60 133 54 
H-negative risk:  872 850 948 987 363 362 101 141 133 129 54 60 
New BC onsets:  0
BC status:  4893 107 
BC subtype:  4893 87 20 

clinical_engagement 
diagnosis 
demography 
76 new agents 
12 dtreferralsatt12 smreferralsatt60 
disease_progression 
H-positive risk:  854 870 139 996 356 103 941 362 131 60 133 55 
H-negative risk:  870 854 941 996 362 356 103 139 133 131 55 60 
New BC onsets:  0
BC status:  4890 110 
BC subtype:  4890 87 23 

clinical_engagement 
diagnosis 
demography 
61 new agents 
9 dtreferralsatt9 smreferralsatt61 
disease_progression 
H-positive risk:  799 826 137 1041 356 97 993 359 137 58 142 55 
H-negative risk:  826 799 993 1041 359 356 97 137 142 137 55 58 
New BC onsets:  0
BC status:  4888 112 
BC subtype:  4888 90 22 

clinical_engagement 
diagnosis 
demography 
115 new agents 
11 dtreferralsatt11 smreferralsatt62 
disease_progression 
H-positive risk:  805 838 141 1016 380 98 978 353 135 56 136 64 
H-negative risk:  838 805 978 1016 353 380 98 141 136 135 64 56 
New BC onsets:  0
BC status:  4885 115 
BC subtype:  4885 91 24 

clinical_engagement 
diagnosis 
demography 
89 new agents 
9 dtreferralsatt9 smreferralsatt63 
disease_progression 
H-positive risk:  807 841 142 1013 385 103 974 351 131 58 131 64 
H-negative risk:  841 807 974 1013 351 385 103 142 131 131 64 58 
New BC onsets:  0
BC status:  4885 115 
BC subtype:  4885 91 24 

clinical_engagement 
diagnosis 
demography 
74 new agents 
7 dtreferralsatt7 smreferralsatt64 
disease_progression 
H-positive risk:  810 836 142 1009 386 106 973 353 130 59 133 63 
H-negative risk:  836 810 973 1009 353 386 106 142 133 130 63 59 
New BC onsets:  0
BC status:  4887 113 
BC subtype:  4887 90 23 

clinical_engagement 
diagnosis 
demography 
56 new agents 
11 dtreferralsatt11 smreferralsatt65 
disease_progression 
H-positive risk:  806 832 139 1010 393 108 977 349 130 59 135 62 
H-negative risk:  832 806 977 1010 349 393 108 139 135 130 62 59 
New BC onsets:  0
BC status:  4885 115 
BC subtype:  4885 89 26 

clinical_engagement 
diagnosis 
demography 
52 new agents 
10 dtreferralsatt10 smreferralsatt66 
disease_progression 
H-positive risk:  806 834 137 1013 390 109 972 348 128 59 141 63 
H-negative risk:  834 806 972 1013 348 390 109 137 141 128 63 59 
New BC onsets:  0
BC status:  4886 114 
BC subtype:  4886 88 26 

clinical_engagement 
diagnosis 
demography 
62 new agents 
18 dtreferralsatt18 smreferralsatt67 
disease_progression 
H-positive risk:  811 837 138 1012 396 108 965 342 129 59 140 63 
H-negative risk:  837 811 965 1012 342 396 108 138 140 129 63 59 
New BC onsets:  0
BC status:  4889 111 
BC subtype:  4889 85 26 

clinical_engagement 
diagnosis 
demography 
67 new agents 
18 dtreferralsatt18 smreferralsatt68 
disease_progression 
H-positive risk:  812 839 138 1005 402 108 964 343 127 59 143 60 
H-negative risk:  839 812 964 1005 343 402 108 138 143 127 60 59 
New BC onsets:  0
BC status:  4889 111 
BC subtype:  4889 85 26 

clinical_engagement 
diagnosis 
demography 
79 new agents 
13 dtreferralsatt13 smreferralsatt69 
disease_progression 
H-positive risk:  816 836 140 1008 403 109 964 335 124 59 142 64 
H-negative risk:  836 816 964 1008 335 403 109 140 142 124 64 59 
New BC onsets:  0
BC status:  4889 111 
BC subtype:  4889 85 26 

clinical_engagement 
diagnosis 
demography 
58 new agents 
15 dtreferralsatt15 smreferralsatt70 
disease_progression 
H-positive risk:  820 836 140 1008 404 108 962 331 125 61 140 65 
H-negative risk:  836 820 962 1008 331 404 108 140 140 125 65 61 
New BC onsets:  0
BC status:  4889 111 
BC subtype:  4889 85 26 

clinical_engagement 
diagnosis 
demography 
74 new agents 
9 dtreferralsatt9 smreferralsatt71 
disease_progression 
H-positive risk:  825 828 142 1003 405 111 966 330 128 61 136 65 
H-negative risk:  828 825 966 1003 330 405 111 142 136 128 65 61 
New BC onsets:  0
BC status:  4889 111 
BC subtype:  4889 86 25 

clinical_engagement 
diagnosis 
demography 
69 new agents 
14 dtreferralsatt14 smreferralsatt72 
disease_progression 
H-positive risk:  828 826 143 1004 398 113 975 322 131 61 136 63 
H-negative risk:  826 828 975 1004 322 398 113 143 136 131 63 61 
New BC onsets:  0
BC status:  4889 111 
BC subtype:  4889 86 25 

clinical_engagement 
diagnosis 
demography 
73 new agents 
10 dtreferralsatt10 smreferralsatt73 
disease_progression 
H-positive risk:  782 779 135 1058 398 110 1015 322 136 60 141 64 
H-negative risk:  779 782 1015 1058 322 398 110 135 141 136 64 60 
New BC onsets:  0
BC status:  4892 108 
BC subtype:  4892 84 24 

clinical_engagement 
diagnosis 
demography 
125 new agents 
11 dtreferralsatt11 smreferralsatt74 
disease_progression 
H-positive risk:  781 782 135 1034 416 115 1000 337 134 62 142 62 
H-negative risk:  782 781 1000 1034 337 416 115 135 142 134 62 62 
New BC onsets:  0
BC status:  4898 102 
BC subtype:  4898 80 22 

clinical_engagement 
diagnosis 
demography 
79 new agents 
7 dtreferralsatt7 smreferralsatt75 
disease_progression 
H-positive risk:  787 784 134 1042 407 115 999 336 132 62 137 65 
H-negative risk:  784 787 999 1042 336 407 115 134 137 132 65 62 
New BC onsets:  0
BC status:  4897 103 
BC subtype:  4897 81 22 

clinical_engagement 
diagnosis 
demography 
70 new agents 
13 dtreferralsatt13 smreferralsatt76 
disease_progression 
H-positive risk:  789 789 133 1042 403 114 1002 334 131 62 138 63 
H-negative risk:  789 789 1002 1042 334 403 114 133 138 131 63 62 
New BC onsets:  0
BC status:  4901 99 
BC subtype:  4901 77 22 

clinical_engagement 
diagnosis 
demography 
78 new agents 
13 dtreferralsatt13 smreferralsatt77 
disease_progression 
H-positive risk:  786 786 135 1053 402 113 990 343 132 60 138 62 
H-negative risk:  786 786 990 1053 343 402 113 135 138 132 62 60 
New BC onsets:  0
BC status:  4903 97 
BC subtype:  4903 75 22 

clinical_engagement 
diagnosis 
demography 
72 new agents 
7 dtreferralsatt7 smreferralsatt78 
disease_progression 
H-positive risk:  790 785 135 1060 392 113 989 345 135 58 136 62 
H-negative risk:  785 790 989 1060 345 392 113 135 136 135 62 58 
New BC onsets:  0
BC status:  4901 99 
BC subtype:  4901 76 23 

clinical_engagement 
diagnosis 
demography 
81 new agents 
11 dtreferralsatt11 smreferralsatt79 
disease_progression 
H-positive risk:  780 792 137 1062 385 113 994 345 134 60 135 63 
H-negative risk:  792 780 994 1062 345 385 113 137 135 134 63 60 
New BC onsets:  0
BC status:  4901 99 
BC subtype:  4901 75 24 

clinical_engagement 
diagnosis 
demography 
68 new agents 
3 dtreferralsatt3 smreferralsatt80 
disease_progression 
H-positive risk:  779 795 136 1059 383 113 1001 342 132 62 134 64 
H-negative risk:  795 779 1001 1059 342 383 113 136 134 132 64 62 
New BC onsets:  0
BC status:  4900 100 
BC subtype:  4900 77 23 

clinical_engagement 
diagnosis 
demography 
66 new agents 
17 dtreferralsatt17 smreferralsatt81 
disease_progression 
H-positive risk:  788 796 136 1064 379 112 996 341 131 60 133 64 
H-negative risk:  796 788 996 1064 341 379 112 136 133 131 64 60 
New BC onsets:  0
BC status:  4900 100 
BC subtype:  4900 76 24 

clinical_engagement 
diagnosis 
demography 
87 new agents 
10 dtreferralsatt10 smreferralsatt82 
disease_progression 
H-positive risk:  786 801 135 1065 379 112 1002 341 127 56 132 64 
H-negative risk:  801 786 1002 1065 341 379 112 135 132 127 64 56 
New BC onsets:  0
BC status:  4905 95 
BC subtype:  4905 72 23 

clinical_engagement 
diagnosis 
demography 
65 new agents 
14 dtreferralsatt14 smreferralsatt83 
disease_progression 
H-positive risk:  786 796 133 1077 377 112 996 340 128 57 133 65 
H-negative risk:  796 786 996 1077 340 377 112 133 133 128 65 57 
New BC onsets:  0
BC status:  4904 96 
BC subtype:  4904 73 23 

clinical_engagement 
diagnosis 
demography 
76 new agents 
12 dtreferralsatt12 smreferralsatt84 
disease_progression 
H-positive risk:  789 797 134 1078 375 115 997 337 131 57 128 62 
H-negative risk:  797 789 997 1078 337 375 115 134 128 131 62 57 
New BC onsets:  0
BC status:  4908 92 
BC subtype:  4908 70 22 

clinical_engagement 
diagnosis 
demography 
75 new agents 
13 dtreferralsatt13 smreferralsatt85 
disease_progression 
H-positive risk:  747 755 130 1115 373 111 1036 336 139 58 138 62 
H-negative risk:  755 747 1036 1115 336 373 111 130 138 139 62 58 
New BC onsets:  0
BC status:  4906 94 
BC subtype:  4906 72 22 

clinical_engagement 
diagnosis 
demography 
113 new agents 
11 dtreferralsatt11 smreferralsatt86 
disease_progression 
H-positive risk:  750 760 129 1096 386 112 1031 332 137 58 141 68 
H-negative risk:  760 750 1031 1096 332 386 112 129 141 137 68 58 
New BC onsets:  0
BC status:  4907 93 
BC subtype:  4907 71 22 

clinical_engagement 
diagnosis 
demography 
75 new agents 
13 dtreferralsatt13 smreferralsatt87 
disease_progression 
H-positive risk:  753 757 130 1088 397 111 1030 335 138 58 138 65 
H-negative risk:  757 753 1030 1088 335 397 111 130 138 138 65 58 
New BC onsets:  0
BC status:  4907 93 
BC subtype:  4907 71 22 

clinical_engagement 
diagnosis 
demography 
61 new agents 
10 dtreferralsatt10 smreferralsatt88 
disease_progression 
H-positive risk:  755 754 127 1102 389 112 1022 338 143 57 139 62 
H-negative risk:  754 755 1022 1102 338 389 112 127 139 143 62 57 
New BC onsets:  0
BC status:  4908 92 
BC subtype:  4908 71 21 

clinical_engagement 
diagnosis 
demography 
79 new agents 
13 dtreferralsatt13 smreferralsatt89 
disease_progression 
H-positive risk:  761 751 127 1099 393 114 1017 337 141 58 140 62 
H-negative risk:  751 761 1017 1099 337 393 114 127 140 141 62 58 
New BC onsets:  0
BC status:  4912 88 
BC subtype:  4912 71 17 

clinical_engagement 
diagnosis 
demography 
71 new agents 
17 dtreferralsatt17 smreferralsatt90 
disease_progression 
H-positive risk:  765 747 124 1102 392 118 1018 339 137 58 139 61 
H-negative risk:  747 765 1018 1102 339 392 118 124 139 137 61 58 
New BC onsets:  0
BC status:  4913 87 
BC subtype:  4913 69 18 

clinical_engagement 
diagnosis 
demography 
77 new agents 
11 dtreferralsatt11 smreferralsatt91 
disease_progression 
H-positive risk:  776 747 123 1096 386 119 1021 331 143 57 139 62 
H-negative risk:  747 776 1021 1096 331 386 119 123 139 143 62 57 
New BC onsets:  0
BC status:  4910 90 
BC subtype:  4910 68 22 

clinical_engagement 
diagnosis 
demography 
65 new agents 
8 dtreferralsatt8 smreferralsatt92 
disease_progression 
H-positive risk:  777 741 122 1094 383 118 1033 331 143 57 141 60 
H-negative risk:  741 777 1033 1094 331 383 118 122 141 143 60 57 
New BC onsets:  0
BC status:  4908 92 
BC subtype:  4908 69 23 

clinical_engagement 
diagnosis 
demography 
58 new agents 
6 dtreferralsatt6 smreferralsatt93 
disease_progression 
H-positive risk:  774 738 124 1099 380 119 1035 328 144 56 143 60 
H-negative risk:  738 774 1035 1099 328 380 119 124 143 144 60 56 
New BC onsets:  0
BC status:  4910 90 
BC subtype:  4910 66 24 

clinical_engagement 
diagnosis 
demography 
68 new agents 
11 dtreferralsatt11 smreferralsatt94 
disease_progression 
H-positive risk:  772 738 123 1100 377 120 1042 328 143 57 142 58 
H-negative risk:  738 772 1042 1100 328 377 120 123 142 143 58 57 
New BC onsets:  0
BC status:  4912 88 
BC subtype:  4912 65 23 

clinical_engagement 
diagnosis 
demography 
76 new agents 
8 dtreferralsatt8 smreferralsatt95 
disease_progression 
H-positive risk:  774 748 121 1099 374 117 1039 328 143 56 141 60 
H-negative risk:  748 774 1039 1099 328 374 117 121 141 143 60 56 
New BC onsets:  0
BC status:  4914 86 
BC subtype:  4914 64 22 

clinical_engagement 
diagnosis 
demography 
73 new agents 
12 dtreferralsatt12 smreferralsatt96 
disease_progression 
H-positive risk:  775 756 120 1094 373 117 1036 330 140 54 144 61 
H-negative risk:  756 775 1036 1094 330 373 117 120 144 140 61 54 
New BC onsets:  0
BC status:  4909 91 
BC subtype:  4909 69 22 

clinical_engagement 
diagnosis 
demography 
71 new agents 
7 dtreferralsatt7 smreferralsatt97 
disease_progression 
H-positive risk:  735 716 116 1126 370 113 1083 334 145 53 150 59 
H-negative risk:  716 735 1083 1126 334 370 113 116 150 145 59 53 
New BC onsets:  0
BC status:  4907 93 
BC subtype:  4907 71 22 

clinical_engagement 
diagnosis 
demography 
104 new agents 
14 dtreferralsatt14 smreferralsatt98 
disease_progression 
H-positive risk:  727 708 115 1128 366 112 1083 347 149 52 152 61 
H-negative risk:  708 727 1083 1128 347 366 112 115 152 149 61 52 
New BC onsets:  0
BC status:  4910 90 
BC subtype:  4910 68 22 

clinical_engagement 
diagnosis 
demography 
75 new agents 
7 dtreferralsatt7 smreferralsatt99 
disease_progression 
H-positive risk:  732 708 115 1133 361 109 1077 354 153 53 147 58 
H-negative risk:  708 732 1077 1133 354 361 109 115 147 153 58 53 
New BC onsets:  0
BC status:  4913 87 
BC subtype:  4913 66 21 

clinical_engagement 
diagnosis 
demography 
59 new agents 
14 dtreferralsatt14 smreferralsatt100 
disease_progression 
H-positive risk:  730 705 113 1137 365 108 1078 358 154 48 146 58 
H-negative risk:  705 730 1078 1137 358 365 108 113 146 154 58 48 
New BC onsets:  0
BC status:  4910 90 
BC subtype:  4910 67 23 

clinical_engagement 
diagnosis 
demography 
83 new agents 
13 dtreferralsatt13 smreferralsatt101 
disease_progression 
H-positive risk:  725 705 112 1141 365 108 1078 356 159 50 146 55 
H-negative risk:  705 725 1078 1141 356 365 108 112 146 159 55 50 
New BC onsets:  0
BC status:  4911 89 
BC subtype:  4911 66 23 

clinical_engagement 
diagnosis 
demography 
80 new agents 
11 dtreferralsatt11 smreferralsatt102 
disease_progression 
H-positive risk:  729 709 110 1134 361 108 1077 357 158 48 151 58 
H-negative risk:  709 729 1077 1134 357 361 108 110 151 158 58 48 
New BC onsets:  0
BC status:  4909 91 
BC subtype:  4909 69 22 

clinical_engagement 
diagnosis 
demography 
76 new agents 
12 dtreferralsatt12 smreferralsatt103 
disease_progression 
H-positive risk:  722 710 108 1130 360 108 1087 361 156 46 156 56 
H-negative risk:  710 722 1087 1130 361 360 108 108 156 156 56 46 
New BC onsets:  0
BC status:  4910 90 
BC subtype:  4910 68 22 

clinical_engagement 
diagnosis 
demography 
67 new agents 
9 dtreferralsatt9 smreferralsatt104 
disease_progression 
H-positive risk:  720 705 109 1138 359 105 1087 359 159 44 154 61 
H-negative risk:  705 720 1087 1138 359 359 105 109 154 159 61 44 
New BC onsets:  0
BC status:  4910 90 
BC subtype:  4910 68 22 

clinical_engagement 
diagnosis 
demography 
59 new agents 
11 dtreferralsatt11 smreferralsatt105 
disease_progression 
H-positive risk:  716 701 108 1139 354 105 1097 363 160 45 151 61 
H-negative risk:  701 716 1097 1139 363 354 105 108 151 160 61 45 
New BC onsets:  0
BC status:  4907 93 
BC subtype:  4907 71 22 

clinical_engagement 
diagnosis 
demography 
73 new agents 
6 dtreferralsatt6 smreferralsatt106 
disease_progression 
H-positive risk:  714 709 110 1141 354 106 1096 366 161 40 146 57 
H-negative risk:  709 714 1096 1141 366 354 106 110 146 161 57 40 
New BC onsets:  0
BC status:  4907 93 
BC subtype:  4907 72 21 

clinical_engagement 
diagnosis 
demography 
72 new agents 
10 dtreferralsatt10 smreferralsatt107 
disease_progression 
H-positive risk:  714 722 110 1137 356 107 1086 366 161 39 148 54 
H-negative risk:  722 714 1086 1137 366 356 107 110 148 161 54 39 
New BC onsets:  0
BC status:  4907 93 
BC subtype:  4907 72 21 

clinical_engagement 
diagnosis 
demography 
66 new agents 
11 dtreferralsatt11 smreferralsatt108 
disease_progression 
H-positive risk:  718 721 111 1138 359 106 1083 365 158 41 147 53 
H-negative risk:  721 718 1083 1138 365 359 106 111 147 158 53 41 
New BC onsets:  0
BC status:  4907 93 
BC subtype:  4907 74 19 

clinical_engagement 
diagnosis 
demography 
81 new agents 
10 dtreferralsatt10 smreferralsatt109 
disease_progression 
H-positive risk:  676 673 103 1181 368 99 1131 359 163 41 156 50 
H-negative risk:  673 676 1131 1181 359 368 99 103 156 163 50 41 
New BC onsets:  0
BC status:  4906 94 
BC subtype:  4906 76 18 

clinical_engagement 
diagnosis 
demography 
96 new agents 
6 dtreferralsatt6 smreferralsatt110 
disease_progression 
H-positive risk:  682 673 99 1175 363 94 1132 361 163 46 158 54 
H-negative risk:  673 682 1132 1175 361 363 94 99 158 163 54 46 
New BC onsets:  0
BC status:  4905 95 
BC subtype:  4905 77 18 

clinical_engagement 
diagnosis 
demography 
61 new agents 
9 dtreferralsatt9 smreferralsatt111 
disease_progression 
H-positive risk:  686 673 97 1175 366 94 1126 367 162 48 156 50 
H-negative risk:  673 686 1126 1175 367 366 94 97 156 162 50 48 
New BC onsets:  0
BC status:  4902 98 
BC subtype:  4902 79 19 

clinical_engagement 
diagnosis 
demography 
81 new agents 
11 dtreferralsatt11 smreferralsatt112 
disease_progression 
H-positive risk:  687 679 99 1170 364 98 1118 363 163 49 159 51 
H-negative risk:  679 687 1118 1170 363 364 98 99 159 163 51 49 
New BC onsets:  0
BC status:  4901 99 
BC subtype:  4901 80 19 

clinical_engagement 
diagnosis 
demography 
75 new agents 
6 dtreferralsatt6 smreferralsatt113 
disease_progression 
H-positive risk:  691 680 97 1173 365 102 1113 359 161 48 157 54 
H-negative risk:  680 691 1113 1173 359 365 102 97 157 161 54 48 
New BC onsets:  0
BC status:  4900 100 
BC subtype:  4900 80 20 

clinical_engagement 
diagnosis 
demography 
74 new agents 
12 dtreferralsatt12 smreferralsatt114 
disease_progression 
H-positive risk:  698 689 97 1176 363 103 1099 363 159 45 157 51 
H-negative risk:  689 698 1099 1176 363 363 103 97 157 159 51 45 
New BC onsets:  0
BC status:  4900 100 
BC subtype:  4900 80 20 

clinical_engagement 
diagnosis 
demography 
70 new agents 
9 dtreferralsatt9 smreferralsatt115 
disease_progression 
H-positive risk:  702 680 97 1181 361 103 1097 364 162 46 158 49 
H-negative risk:  680 702 1097 1181 364 361 103 97 158 162 49 46 
New BC onsets:  0
BC status:  4899 101 
BC subtype:  4899 80 21 

clinical_engagement 
diagnosis 
demography 
84 new agents 
15 dtreferralsatt15 smreferralsatt116 
disease_progression 
H-positive risk:  707 682 100 1179 360 104 1096 362 161 45 156 48 
H-negative risk:  682 707 1096 1179 362 360 104 100 156 161 48 45 
New BC onsets:  0
BC status:  4900 100 
BC subtype:  4900 81 19 

clinical_engagement 
diagnosis 
demography 
65 new agents 
12 dtreferralsatt12 smreferralsatt117 
disease_progression 
H-positive risk:  706 678 99 1185 357 105 1101 359 160 48 155 47 
H-negative risk:  678 706 1101 1185 359 357 105 99 155 160 47 48 
New BC onsets:  0
BC status:  4898 102 
BC subtype:  4898 83 19 

clinical_engagement 
diagnosis 
demography 
69 new agents 
8 dtreferralsatt8 smreferralsatt118 
disease_progression 
H-positive risk:  710 683 99 1184 358 105 1097 355 162 46 155 46 
H-negative risk:  683 710 1097 1184 355 358 105 99 155 162 46 46 
New BC onsets:  0
BC status:  4897 103 
BC subtype:  4897 85 18 

clinical_engagement 
diagnosis 
demography 
74 new agents 
15 dtreferralsatt15 smreferralsatt119 
disease_progression 
H-positive risk:  706 689 101 1178 359 106 1090 362 162 47 155 45 
H-negative risk:  689 706 1090 1178 362 359 106 101 155 162 45 47 
New BC onsets:  0
BC status:  4897 103 
BC subtype:  4897 84 19 

clinical_engagement 
diagnosis 
demography 
69 new agents 
9 dtreferralsatt9 smreferralsatt120 
disease_progression 
H-positive risk:  706 689 103 1181 354 103 1092 364 156 51 154 47 
H-negative risk:  689 706 1092 1181 364 354 103 103 154 156 47 51 
New BC onsets:  0
BC status:  4894 106 
BC subtype:  4894 86 20 

clinical_engagement 
diagnosis 
demography 
67 new agents 
10 dtreferralsatt10 smreferralsatt121 
disease_progression 
H-positive risk:  667 663 95 1209 347 97 1142 360 159 50 164 47 
H-negative risk:  663 667 1142 1209 360 347 97 95 164 159 47 50 
New BC onsets:  0
BC status:  4893 107 
BC subtype:  4893 87 20 

clinical_engagement 
diagnosis 
demography 
108 new agents 
6 dtreferralsatt6 smreferralsatt122 
disease_progression 
H-positive risk:  666 662 92 1186 356 95 1142 374 159 53 164 51 
H-negative risk:  662 666 1142 1186 374 356 95 92 164 159 51 53 
New BC onsets:  0
BC status:  4893 107 
BC subtype:  4893 87 20 

clinical_engagement 
diagnosis 
demography 
82 new agents 
11 dtreferralsatt11 smreferralsatt123 
disease_progression 
H-positive risk:  668 663 90 1185 364 96 1141 369 156 55 164 49 
H-negative risk:  663 668 1141 1185 369 364 96 90 164 156 49 55 
New BC onsets:  0
BC status:  4895 105 
BC subtype:  4895 84 21 

clinical_engagement 
diagnosis 
demography 
57 new agents 
6 dtreferralsatt6 smreferralsatt124 
disease_progression 
H-positive risk:  669 659 88 1187 364 97 1143 374 152 56 162 49 
H-negative risk:  659 669 1143 1187 374 364 97 88 162 152 49 56 
New BC onsets:  0
BC status:  4898 102 
BC subtype:  4898 81 21 

clinical_engagement 
diagnosis 
demography 
61 new agents 
12 dtreferralsatt12 smreferralsatt125 
disease_progression 
H-positive risk:  670 655 90 1182 365 96 1149 377 151 53 163 49 
H-negative risk:  655 670 1149 1182 377 365 96 90 163 151 49 53 
New BC onsets:  0
BC status:  4898 102 
BC subtype:  4898 81 21 

clinical_engagement 
diagnosis 
demography 
62 new agents 
10 dtreferralsatt10 smreferralsatt126 
disease_progression 
H-positive risk:  667 656 90 1179 370 93 1149 380 154 49 163 50 
H-negative risk:  656 667 1149 1179 380 370 93 90 163 154 50 49 
New BC onsets:  0
BC status:  4900 100 
BC subtype:  4900 81 19 

clinical_engagement 
diagnosis 
demography 
67 new agents 
14 dtreferralsatt14 smreferralsatt127 
disease_progression 
H-positive risk:  667 656 92 1178 365 96 1152 376 154 53 160 51 
H-negative risk:  656 667 1152 1178 376 365 96 92 160 154 51 53 
New BC onsets:  0
BC status:  4901 99 
BC subtype:  4901 80 19 

clinical_engagement 
diagnosis 
demography 
82 new agents 
13 dtreferralsatt13 smreferralsatt128 
disease_progression 
H-positive risk:  660 664 94 1176 355 96 1153 377 157 54 163 51 
H-negative risk:  664 660 1153 1176 377 355 96 94 163 157 51 54 
New BC onsets:  0
BC status:  4904 96 
BC subtype:  4904 77 19 

clinical_engagement 
diagnosis 
demography 
70 new agents 
12 dtreferralsatt12 smreferralsatt129 
disease_progression 
H-positive risk:  657 671 92 1168 359 98 1147 383 155 55 163 52 
H-negative risk:  671 657 1147 1168 383 359 98 92 163 155 52 55 
New BC onsets:  0
BC status:  4905 95 
BC subtype:  4905 75 20 

clinical_engagement 
diagnosis 
demography 
78 new agents 
8 dtreferralsatt8 smreferralsatt130 
disease_progression 
H-positive risk:  664 669 92 1164 367 95 1148 378 156 55 164 48 
H-negative risk:  669 664 1148 1164 378 367 95 92 164 156 48 55 
New BC onsets:  0
BC status:  4906 94 
BC subtype:  4906 74 20 

clinical_engagement 
diagnosis 
demography 
81 new agents 
13 dtreferralsatt13 smreferralsatt131 
disease_progression 
H-positive risk:  673 668 93 1165 367 96 1146 377 155 54 162 44 
H-negative risk:  668 673 1146 1165 377 367 96 93 162 155 44 54 
New BC onsets:  0
BC status:  4906 94 
BC subtype:  4906 72 22 

clinical_engagement 
diagnosis 
demography 
80 new agents 
11 dtreferralsatt11 smreferralsatt132 
disease_progression 
H-positive risk:  666 665 95 1167 372 98 1142 375 158 56 162 44 
H-negative risk:  665 666 1142 1167 375 372 98 95 162 158 44 56 
New BC onsets:  0
BC status:  4902 98 
BC subtype:  4902 75 23 

clinical_engagement 
diagnosis 
demography 
63 new agents 
5 dtreferralsatt5 smreferralsatt133 
disease_progression 
H-positive risk:  658 666 96 1167 372 98 1145 377 159 55 162 45 
H-negative risk:  666 658 1145 1167 377 372 98 96 162 159 45 55 
New BC onsets:  0
BC status:  4900 100 
BC subtype:  4900 78 22 

clinical_engagement 
diagnosis 
demography 
98 new agents 
7 dtreferralsatt7 smreferralsatt134 
disease_progression 
H-positive risk:  657 664 96 1153 387 100 1136 380 160 57 163 47 
H-negative risk:  664 657 1136 1153 380 387 100 96 163 160 47 57 
New BC onsets:  0
BC status:  4900 100 
BC subtype:  4900 78 22 

clinical_engagement 
diagnosis 
demography 
82 new agents 
11 dtreferralsatt11 smreferralsatt135 
disease_progression 
H-positive risk:  661 667 98 1147 390 99 1134 375 158 58 166 47 
H-negative risk:  667 661 1134 1147 375 390 99 98 166 158 47 58 
New BC onsets:  0
BC status:  4900 100 
BC subtype:  4900 78 22 

clinical_engagement 
diagnosis 
demography 
86 new agents 
8 dtreferralsatt8 smreferralsatt136 
disease_progression 
H-positive risk:  666 669 99 1143 381 96 1134 376 161 61 165 49 
H-negative risk:  669 666 1134 1143 376 381 96 99 165 161 49 61 
New BC onsets:  0
BC status:  4900 100 
BC subtype:  4900 77 23 

clinical_engagement 
diagnosis 
demography 
81 new agents 
10 dtreferralsatt10 smreferralsatt137 
disease_progression 
H-positive risk:  666 675 101 1140 380 95 1131 373 158 64 166 51 
H-negative risk:  675 666 1131 1140 373 380 95 101 166 158 51 64 
New BC onsets:  0
BC status:  4898 102 
BC subtype:  4898 78 24 

clinical_engagement 
diagnosis 
demography 
69 new agents 
19 dtreferralsatt19 smreferralsatt138 
disease_progression 
H-positive risk:  661 669 101 1150 384 95 1140 360 158 66 165 51 
H-negative risk:  669 661 1140 1150 360 384 95 101 165 158 51 66 
New BC onsets:  0
BC status:  4893 107 
BC subtype:  4893 82 25 

clinical_engagement 
diagnosis 
demography 
74 new agents 
11 dtreferralsatt11 smreferralsatt139 
disease_progression 
H-positive risk:  666 670 98 1155 374 93 1143 355 160 66 165 55 
H-negative risk:  670 666 1143 1155 355 374 93 98 165 160 55 66 
New BC onsets:  0
BC status:  4893 107 
BC subtype:  4893 82 25 

clinical_engagement 
diagnosis 
demography 
89 new agents 
9 dtreferralsatt9 smreferralsatt140 
disease_progression 
H-positive risk:  669 667 101 1158 381 94 1144 350 156 65 163 52 
H-negative risk:  667 669 1144 1158 350 381 94 101 163 156 52 65 
New BC onsets:  0
BC status:  4894 106 
BC subtype:  4894 82 24 

clinical_engagement 
diagnosis 
demography 
73 new agents 
11 dtreferralsatt11 smreferralsatt141 
disease_progression 
H-positive risk:  665 667 99 1168 379 93 1144 347 154 68 164 52 
H-negative risk:  667 665 1144 1168 347 379 93 99 164 154 52 68 
New BC onsets:  0
BC status:  4897 103 
BC subtype:  4897 80 23 

clinical_engagement 
diagnosis 
demography 
71 new agents 
10 dtreferralsatt10 smreferralsatt142 
disease_progression 
H-positive risk:  670 660 95 1180 375 92 1149 345 154 66 166 48 
H-negative risk:  660 670 1149 1180 345 375 92 95 166 154 48 66 
New BC onsets:  0
BC status:  4897 103 
BC subtype:  4897 80 23 

clinical_engagement 
diagnosis 
demography 
67 new agents 
16 dtreferralsatt16 smreferralsatt143 
disease_progression 
H-positive risk:  661 666 92 1177 371 91 1157 351 154 64 168 48 
H-negative risk:  666 661 1157 1177 351 371 91 92 168 154 48 64 
New BC onsets:  0
BC status:  4895 105 
BC subtype:  4895 80 25 

clinical_engagement 
diagnosis 
demography 
71 new agents 
14 dtreferralsatt14 smreferralsatt144 
disease_progression 
H-positive risk:  667 675 91 1163 373 90 1162 348 151 67 169 44 
H-negative risk:  675 667 1162 1163 348 373 90 91 169 151 44 67 
New BC onsets:  0
BC status:  4890 110 
BC subtype:  4890 83 27 

clinical_engagement 
diagnosis 
demography 
74 new agents 
16 dtreferralsatt16 smreferralsatt145 
disease_progression 
H-positive risk:  667 680 90 1166 364 90 1171 341 149 68 171 43 
H-negative risk:  680 667 1171 1166 341 364 90 90 171 149 43 68 
New BC onsets:  0
BC status:  4892 108 
BC subtype:  4892 81 27 

clinical_engagement 
diagnosis 
demography 
84 new agents 
8 dtreferralsatt8 smreferralsatt146 
disease_progression 
H-positive risk:  664 677 92 1159 376 90 1165 348 148 69 172 40 
H-negative risk:  677 664 1165 1159 348 376 90 92 172 148 40 69 
New BC onsets:  0
BC status:  4894 106 
BC subtype:  4894 79 27 

clinical_engagement 
diagnosis 
demography 
61 new agents 
15 dtreferralsatt15 smreferralsatt147 
disease_progression 
H-positive risk:  670 678 92 1158 378 88 1159 347 149 66 175 40 
H-negative risk:  678 670 1159 1158 347 378 88 92 175 149 40 66 
New BC onsets:  0
BC status:  4895 105 
BC subtype:  4895 78 27 

clinical_engagement 
diagnosis 
demography 
77 new agents 
15 dtreferralsatt15 smreferralsatt148 
disease_progression 
H-positive risk:  664 674 92 1158 378 87 1171 353 146 67 174 36 
H-negative risk:  674 664 1171 1158 353 378 87 92 174 146 36 67 
New BC onsets:  0
BC status:  4897 103 
BC subtype:  4897 76 27 

clinical_engagement 
diagnosis 
demography 
75 new agents 
10 dtreferralsatt10 smreferralsatt149 
disease_progression 
H-positive risk:  666 667 92 1167 371 84 1168 359 150 67 173 36 
H-negative risk:  667 666 1168 1167 359 371 84 92 173 150 36 67 
New BC onsets:  0
BC status:  4894 106 
BC subtype:  4894 78 28 

clinical_engagement 
diagnosis 
demography 
62 new agents 
7 dtreferralsatt7 smreferralsatt150 
disease_progression 
H-positive risk:  660 656 91 1169 385 86 1164 362 149 69 173 36 
H-negative risk:  656 660 1164 1169 362 385 86 91 173 149 36 69 
New BC onsets:  0
BC status:  4893 107 
BC subtype:  4893 80 27 

clinical_engagement 
diagnosis 
demography 
80 new agents 
9 dtreferralsatt9 smreferralsatt151 
disease_progression 
H-positive risk:  664 656 92 1163 385 88 1165 363 149 67 172 36 
H-negative risk:  656 664 1165 1163 363 385 88 92 172 149 36 67 
New BC onsets:  0
BC status:  4890 110 
BC subtype:  4890 83 27 

clinical_engagement 
diagnosis 
demography 
71 new agents 
15 dtreferralsatt15 smreferralsatt152 
disease_progression 
H-positive risk:  665 658 92 1159 387 88 1168 357 152 68 172 34 
H-negative risk:  658 665 1168 1159 357 387 88 92 172 152 34 68 
New BC onsets:  0
BC status:  4887 113 
BC subtype:  4887 83 30 

clinical_engagement 
diagnosis 
demography 
66 new agents 
15 dtreferralsatt15 smreferralsatt153 
disease_progression 
H-positive risk:  668 660 91 1154 389 89 1162 361 151 68 174 33 
H-negative risk:  660 668 1162 1154 361 389 89 91 174 151 33 68 
New BC onsets:  0
BC status:  4884 116 
BC subtype:  4884 86 30 

clinical_engagement 
diagnosis 
demography 
83 new agents 
17 dtreferralsatt17 smreferralsatt154 
disease_progression 
H-positive risk:  674 663 91 1145 394 88 1158 370 152 65 165 35 
H-negative risk:  663 674 1158 1145 370 394 88 91 165 152 35 65 
New BC onsets:  0
BC status:  4886 114 
BC subtype:  4886 83 31 

clinical_engagement 
diagnosis 
demography 
68 new agents 
3 dtreferralsatt3 smreferralsatt155 
disease_progression 
H-positive risk:  677 667 89 1144 392 89 1155 373 150 61 165 38 
H-negative risk:  667 677 1155 1144 373 392 89 89 165 150 38 61 
New BC onsets:  0
BC status:  4893 107 
BC subtype:  4893 78 29 

clinical_engagement 
diagnosis 
demography 
67 new agents 
11 dtreferralsatt11 smreferralsatt156 
disease_progression 
H-positive risk:  681 669 89 1139 394 91 1155 368 151 59 164 40 
H-negative risk:  669 681 1155 1139 368 394 91 89 164 151 40 59 
New BC onsets:  0
BC status:  4892 108 
BC subtype:  4892 79 29 

clinical_engagement 
diagnosis 
demography 
88 new agents 
14 dtreferralsatt14 smreferralsatt157 
disease_progression 
H-positive risk:  674 672 89 1136 396 90 1166 366 151 58 162 40 
H-negative risk:  672 674 1166 1136 366 396 90 89 162 151 40 58 
New BC onsets:  0
BC status:  4894 106 
BC subtype:  4894 78 28 

clinical_engagement 
diagnosis 
demography 
67 new agents 
11 dtreferralsatt11 smreferralsatt158 
disease_progression 
H-positive risk:  674 673 90 1128 406 87 1158 374 154 53 160 43 
H-negative risk:  673 674 1158 1128 374 406 87 90 160 154 43 53 
New BC onsets:  0
BC status:  4893 107 
BC subtype:  4893 79 28 

clinical_engagement 
diagnosis 
demography 
72 new agents 
9 dtreferralsatt9 smreferralsatt159 
disease_progression 
H-positive risk:  673 667 89 1117 419 84 1158 382 157 55 155 44 
H-negative risk:  667 673 1158 1117 382 419 84 89 155 157 44 55 
New BC onsets:  0
BC status:  4892 108 
BC subtype:  4892 80 28 

clinical_engagement 
diagnosis 
demography 
69 new agents 
11 dtreferralsatt11 smreferralsatt160 
disease_progression 
H-positive risk:  674 677 90 1111 413 84 1162 379 158 57 154 41 
H-negative risk:  677 674 1162 1111 379 413 84 90 154 158 41 57 
New BC onsets:  0
BC status:  4890 110 
BC subtype:  4890 82 28 

clinical_engagement 
diagnosis 
demography 
82 new agents 
18 dtreferralsatt18 smreferralsatt161 
disease_progression 
H-positive risk:  672 675 90 1117 408 84 1159 380 157 59 157 42 
H-negative risk:  675 672 1159 1117 380 408 84 90 157 157 42 59 
New BC onsets:  0
BC status:  4893 107 
BC subtype:  4893 79 28 

clinical_engagement 
diagnosis 
demography 
77 new agents 
13 dtreferralsatt13 smreferralsatt162 
disease_progression 
H-positive risk:  675 677 94 1123 406 84 1159 372 156 61 154 39 
H-negative risk:  677 675 1159 1123 372 406 84 94 154 156 39 61 
New BC onsets:  0
BC status:  4898 102 
BC subtype:  4898 75 27 

clinical_engagement 
diagnosis 
demography 
74 new agents 
11 dtreferralsatt11 smreferralsatt163 
disease_progression 
H-positive risk:  678 678 94 1124 400 85 1162 371 155 61 153 39 
H-negative risk:  678 678 1162 1124 371 400 85 94 153 155 39 61 
New BC onsets:  0
BC status:  4899 101 
BC subtype:  4899 74 27 

clinical_engagement 
diagnosis 
demography 
71 new agents 
8 dtreferralsatt8 smreferralsatt164 
disease_progression 
H-positive risk:  668 678 95 1128 404 85 1159 375 155 61 155 37 
H-negative risk:  678 668 1159 1128 375 404 85 95 155 155 37 61 
New BC onsets:  0
BC status:  4896 104 
BC subtype:  4896 75 29 

clinical_engagement 
diagnosis 
demography 
98 new agents 
16 dtreferralsatt16 smreferralsatt165 
disease_progression 
H-positive risk:  677 673 93 1145 393 84 1154 375 157 59 153 37 
H-negative risk:  673 677 1154 1145 375 393 84 93 153 157 37 59 
New BC onsets:  0
BC status:  4895 105 
BC subtype:  4895 74 31 

clinical_engagement 
diagnosis 
demography 
72 new agents 
14 dtreferralsatt14 smreferralsatt166 
disease_progression 
H-positive risk:  681 663 93 1157 390 83 1148 373 159 59 155 39 
H-negative risk:  663 681 1148 1157 373 390 83 93 155 159 39 59 
New BC onsets:  0
BC status:  4895 105 
BC subtype:  4895 74 31 

clinical_engagement 
diagnosis 
demography 
73 new agents 
16 dtreferralsatt16 smreferralsatt167 
disease_progression 
H-positive risk:  688 663 92 1159 389 83 1138 375 162 57 155 39 
H-negative risk:  663 688 1138 1159 375 389 83 92 155 162 39 57 
New BC onsets:  0
BC status:  4894 106 
BC subtype:  4894 75 31 

clinical_engagement 
diagnosis 
demography 
58 new agents 
9 dtreferralsatt9 smreferralsatt168 
disease_progression 
H-positive risk:  685 662 93 1155 391 82 1151 370 160 58 156 37 
H-negative risk:  662 685 1151 1155 370 391 82 93 156 160 37 58 
New BC onsets:  0
BC status:  4892 108 
BC subtype:  4892 77 31 

clinical_engagement 
diagnosis 
demography 
82 new agents 
8 dtreferralsatt8 smreferralsatt169 
disease_progression 
H-positive risk:  686 666 95 1150 383 85 1150 376 158 58 156 37 
H-negative risk:  666 686 1150 1150 376 383 85 95 156 158 37 58 
New BC onsets:  0
BC status:  4893 107 
BC subtype:  4893 76 31 

clinical_engagement 
diagnosis 
demography 
89 new agents 
13 dtreferralsatt13 smreferralsatt170 
disease_progression 
H-positive risk:  693 666 92 1139 394 86 1132 384 156 61 160 37 
H-negative risk:  666 693 1132 1139 384 394 86 92 160 156 37 61 
New BC onsets:  0
BC status:  4890 110 
BC subtype:  4890 74 36 

clinical_engagement 
diagnosis 
demography 
83 new agents 
11 dtreferralsatt11 smreferralsatt171 
disease_progression 
H-positive risk:  692 669 89 1128 401 88 1143 379 154 60 161 36 
H-negative risk:  669 692 1143 1128 379 401 88 89 161 154 36 60 
New BC onsets:  0
BC status:  4891 109 
BC subtype:  4891 76 33 

clinical_engagement 
diagnosis 
demography 
69 new agents 
12 dtreferralsatt12 smreferralsatt172 
disease_progression 
H-positive risk:  695 662 88 1138 400 89 1142 379 154 60 159 34 
H-negative risk:  662 695 1142 1138 379 400 89 88 159 154 34 60 
New BC onsets:  0
BC status:  4894 106 
BC subtype:  4894 75 31 

clinical_engagement 
diagnosis 
demography 
75 new agents 
12 dtreferralsatt12 smreferralsatt173 
disease_progression 
H-positive risk:  701 662 87 1134 398 88 1144 378 155 60 159 34 
H-negative risk:  662 701 1144 1134 378 398 88 87 159 155 34 60 
New BC onsets:  0
BC status:  4894 106 
BC subtype:  4894 75 31 

clinical_engagement 
diagnosis 
demography 
71 new agents 
15 dtreferralsatt15 smreferralsatt174 
disease_progression 
H-positive risk:  699 664 88 1131 404 89 1142 372 156 57 162 36 
H-negative risk:  664 699 1142 1131 372 404 89 88 162 156 36 57 
New BC onsets:  0
BC status:  4893 107 
BC subtype:  4893 76 31 

clinical_engagement 
diagnosis 
demography 
78 new agents 
12 dtreferralsatt12 smreferralsatt175 
disease_progression 
H-positive risk:  701 666 86 1125 405 90 1141 375 155 58 163 35 
H-negative risk:  666 701 1141 1125 375 405 90 86 163 155 35 58 
New BC onsets:  0
BC status:  4893 107 
BC subtype:  4893 76 31 

clinical_engagement 
diagnosis 
demography 
75 new agents 
10 dtreferralsatt10 smreferralsatt176 
disease_progression 
H-positive risk:  704 668 88 1124 409 90 1142 373 154 52 160 36 
H-negative risk:  668 704 1142 1124 373 409 90 88 160 154 36 52 
New BC onsets:  0
BC status:  4894 106 
BC subtype:  4894 75 31 

clinical_engagement 
diagnosis 
demography 
71 new agents 
9 dtreferralsatt9 smreferralsatt177 
disease_progression 
H-positive risk:  702 669 92 1124 408 91 1142 372 155 51 158 36 
H-negative risk:  669 702 1142 1124 372 408 91 92 158 155 36 51 
New BC onsets:  0
BC status:  4892 108 
BC subtype:  4892 77 31 

clinical_engagement 
diagnosis 
demography 
70 new agents 
11 dtreferralsatt11 smreferralsatt178 
disease_progression 
H-positive risk:  714 664 90 1122 408 92 1146 364 155 52 157 36 
H-negative risk:  664 714 1146 1122 364 408 92 90 157 155 36 52 
New BC onsets:  0
BC status:  4894 106 
BC subtype:  4894 76 30 

clinical_engagement 
diagnosis 
demography 
64 new agents 
9 dtreferralsatt9 smreferralsatt179 
disease_progression 
H-positive risk:  710 667 91 1120 405 92 1143 372 154 51 160 35 
H-negative risk:  667 710 1143 1120 372 405 92 91 160 154 35 51 
New BC onsets:  0
BC status:  4897 103 
BC subtype:  4897 74 29 

clinical_engagement 
diagnosis 
demography 
68 new agents 
13 dtreferralsatt13 smreferralsatt180 
disease_progression 
H-positive risk:  715 669 90 1112 407 91 1144 375 153 50 158 36 
H-negative risk:  669 715 1144 1112 375 407 91 90 158 153 36 50 
New BC onsets:  0
BC status:  4894 106 
BC subtype:  4894 75 31 

clinical_engagement 
diagnosis 
demography 
80 new agents 
3 dtreferralsatt3 smreferralsatt181 
disease_progression 
H-positive risk:  715 678 92 1109 408 88 1136 374 158 46 159 37 
H-negative risk:  678 715 1136 1109 374 408 88 92 159 158 37 46 
New BC onsets:  0
BC status:  4892 108 
BC subtype:  4892 76 32 

clinical_engagement 
diagnosis 
demography 
94 new agents 
12 dtreferralsatt12 smreferralsatt182 
disease_progression 
H-positive risk:  715 679 90 1111 406 86 1129 380 162 45 158 39 
H-negative risk:  679 715 1129 1111 380 406 86 90 158 162 39 45 
New BC onsets:  0
BC status:  4889 111 
BC subtype:  4889 81 30 

clinical_engagement 
diagnosis 
demography 
75 new agents 
10 dtreferralsatt10 smreferralsatt183 
disease_progression 
H-positive risk:  708 676 89 1110 409 88 1132 379 161 47 162 39 
H-negative risk:  676 708 1132 1110 379 409 88 89 162 161 39 47 
New BC onsets:  0
BC status:  4889 111 
BC subtype:  4889 82 29 

clinical_engagement 
diagnosis 
demography 
69 new agents 
8 dtreferralsatt8 smreferralsatt184 
disease_progression 
H-positive risk:  712 682 90 1110 409 86 1129 374 162 45 160 41 
H-negative risk:  682 712 1129 1110 374 409 86 90 160 162 41 45 
New BC onsets:  0
BC status:  4886 114 
BC subtype:  4886 83 31 

clinical_engagement 
diagnosis 
demography 
84 new agents 
8 dtreferralsatt8 smreferralsatt185 
disease_progression 
H-positive risk:  715 687 89 1106 406 86 1128 382 163 40 159 39 
H-negative risk:  687 715 1128 1106 382 406 86 89 159 163 39 40 
New BC onsets:  0
BC status:  4882 118 
BC subtype:  4882 87 31 

clinical_engagement 
diagnosis 
demography 
73 new agents 
4 dtreferralsatt4 smreferralsatt186 
disease_progression 
H-positive risk:  711 692 88 1109 408 83 1131 375 168 37 157 41 
H-negative risk:  692 711 1131 1109 375 408 83 88 157 168 41 37 
New BC onsets:  0
BC status:  4883 117 
BC subtype:  4883 86 31 

clinical_engagement 
diagnosis 
demography 
73 new agents 
4 dtreferralsatt4 smreferralsatt187 
disease_progression 
H-positive risk:  704 695 92 1110 410 85 1128 372 168 36 155 45 
H-negative risk:  695 704 1128 1110 372 410 85 92 155 168 45 36 
New BC onsets:  0
BC status:  4883 117 
BC subtype:  4883 87 30 

clinical_engagement 
diagnosis 
demography 
70 new agents 
8 dtreferralsatt8 smreferralsatt188 
disease_progression 
H-positive risk:  707 696 88 1114 409 83 1114 377 171 35 162 44 
H-negative risk:  696 707 1114 1114 377 409 83 88 162 171 44 35 
New BC onsets:  0
BC status:  4887 113 
BC subtype:  4887 84 29 

clinical_engagement 
diagnosis 
demography 
66 new agents 
16 dtreferralsatt16 smreferralsatt189 
disease_progression 
H-positive risk:  708 701 87 1113 408 85 1107 377 171 37 163 43 
H-negative risk:  701 708 1107 1113 377 408 85 87 163 171 43 37 
New BC onsets:  0
BC status:  4889 111 
BC subtype:  4889 82 29 

clinical_engagement 
diagnosis 
demography 
80 new agents 
9 dtreferralsatt9 smreferralsatt190 
disease_progression 
H-positive risk:  699 694 88 1110 415 85 1121 370 175 36 162 45 
H-negative risk:  694 699 1121 1110 370 415 85 88 162 175 45 36 
New BC onsets:  0
BC status:  4890 110 
BC subtype:  4890 83 27 

clinical_engagement 
diagnosis 
demography 
76 new agents 
10 dtreferralsatt10 smreferralsatt191 
disease_progression 
H-positive risk:  700 692 88 1108 407 84 1123 376 179 37 156 50 
H-negative risk:  692 700 1123 1108 376 407 84 88 156 179 50 37 
New BC onsets:  0
BC status:  4887 113 
BC subtype:  4887 86 27 

clinical_engagement 
diagnosis 
demography 
70 new agents 
15 dtreferralsatt15 smreferralsatt192 
disease_progression 
H-positive risk:  701 689 86 1113 396 81 1128 379 177 42 158 50 
H-negative risk:  689 701 1128 1113 379 396 81 86 158 177 50 42 
New BC onsets:  0
BC status:  4888 112 
BC subtype:  4888 85 27 

clinical_engagement 
diagnosis 
demography 
65 new agents 
11 dtreferralsatt11 smreferralsatt193 
disease_progression 
H-positive risk:  696 689 88 1111 395 80 1124 386 178 44 159 50 
H-negative risk:  689 696 1124 1111 386 395 80 88 159 178 50 44 
New BC onsets:  0
BC status:  4887 113 
BC subtype:  4887 86 27 

clinical_engagement 
diagnosis 
demography 
82 new agents 
12 dtreferralsatt12 smreferralsatt194 
disease_progression 
H-positive risk:  696 687 90 1111 399 81 1109 391 178 49 155 54 
H-negative risk:  687 696 1109 1111 391 399 81 90 155 178 54 49 
New BC onsets:  0
BC status:  4887 113 
BC subtype:  4887 87 26 

clinical_engagement 
diagnosis 
demography 
102 new agents 
11 dtreferralsatt11 smreferralsatt195 
disease_progression 
H-positive risk:  686 681 90 1122 396 85 1108 386 179 53 160 54 
H-negative risk:  681 686 1108 1122 386 396 85 90 160 179 54 53 
New BC onsets:  0
BC status:  4886 114 
BC subtype:  4886 89 25 

clinical_engagement 
diagnosis 
demography 
75 new agents 
13 dtreferralsatt13 smreferralsatt196 
disease_progression 
H-positive risk:  678 686 91 1118 393 85 1113 384 180 54 162 56 
H-negative risk:  686 678 1113 1118 384 393 85 91 162 180 56 54 
New BC onsets:  0
BC status:  4888 112 
BC subtype:  4888 88 24 

clinical_engagement 
diagnosis 
demography 
76 new agents 
9 dtreferralsatt9 smreferralsatt197 
disease_progression 
H-positive risk:  677 688 94 1119 397 84 1114 380 174 53 162 58 
H-negative risk:  688 677 1114 1119 380 397 84 94 162 174 58 53 
New BC onsets:  0
BC status:  4887 113 
BC subtype:  4887 90 23 

clinical_engagement 
diagnosis 
demography 
62 new agents 
11 dtreferralsatt11 smreferralsatt198 
disease_progression 
H-positive risk:  669 686 94 1113 410 81 1122 380 175 54 160 56 
H-negative risk:  686 669 1122 1113 380 410 81 94 160 175 56 54 
New BC onsets:  0
BC status:  4885 115 
BC subtype:  4885 92 23 

clinical_engagement 
diagnosis 
demography 
64 new agents 
10 dtreferralsatt10 smreferralsatt199 
disease_progression 
H-positive risk:  671 682 94 1112 402 81 1127 381 175 57 161 57 
H-negative risk:  682 671 1127 1112 381 402 81 94 161 175 57 57 
New BC onsets:  0
BC status:  4891 109 
BC subtype:  4891 87 22 

clinical_engagement 
diagnosis 
demography 
66 new agents 
12 dtreferralsatt12 smreferralsatt200 
disease_progression 
H-positive risk:  673 683 93 1103 405 84 1113 391 177 56 161 61 
H-negative risk:  683 673 1113 1103 391 405 84 93 161 177 61 56 
New BC onsets:  0
BC status:  4891 109 
BC subtype:  4891 87 22 

clinical_engagement 
diagnosis 
demography 
85 new agents 
8 dtreferralsatt8 smreferralsatt201 
disease_progression 
H-positive risk:  669 686 91 1095 405 86 1125 387 177 59 160 60 
H-negative risk:  686 669 1125 1095 387 405 86 91 160 177 60 59 
New BC onsets:  0
BC status:  4888 112 
BC subtype:  4888 90 22 

clinical_engagement 
diagnosis 
demography 
69 new agents 
10 dtreferralsatt10 smreferralsatt202 
disease_progression 
H-positive risk:  663 689 91 1092 405 84 1133 387 176 59 161 60 
H-negative risk:  689 663 1133 1092 387 405 84 91 161 176 60 59 
New BC onsets:  0
BC status:  4889 111 
BC subtype:  4889 89 22 

clinical_engagement 
diagnosis 
demography 
77 new agents 
13 dtreferralsatt13 smreferralsatt203 
disease_progression 
H-positive risk:  668 676 91 1107 404 86 1127 387 171 62 162 59 
H-negative risk:  676 668 1127 1107 387 404 86 91 162 171 59 62 
New BC onsets:  0
BC status:  4887 113 
BC subtype:  4887 90 23 

clinical_engagement 
diagnosis 
demography 
59 new agents 
10 dtreferralsatt10 smreferralsatt204 
disease_progression 
H-positive risk:  660 680 93 1108 404 84 1130 387 171 61 163 59 
H-negative risk:  680 660 1130 1108 387 404 84 93 163 171 59 61 
New BC onsets:  0
BC status:  4886 114 
BC subtype:  4886 90 24 

clinical_engagement 
diagnosis 
demography 
57 new agents 
13 dtreferralsatt13 smreferralsatt205 
disease_progression 
H-positive risk:  662 679 90 1103 409 82 1133 392 170 61 160 59 
H-negative risk:  679 662 1133 1103 392 409 82 90 160 170 59 61 
New BC onsets:  0
BC status:  4884 116 
BC subtype:  4884 91 25 

clinical_engagement 
diagnosis 
demography 
85 new agents 
15 dtreferralsatt15 smreferralsatt206 
disease_progression 
H-positive risk:  664 680 90 1102 410 82 1130 388 167 63 160 64 
H-negative risk:  680 664 1130 1102 388 410 82 90 160 167 64 63 
New BC onsets:  0
BC status:  4886 114 
BC subtype:  4886 89 25 

clinical_engagement 
diagnosis 
demography 
82 new agents 
9 dtreferralsatt9 smreferralsatt207 
disease_progression 
H-positive risk:  670 678 90 1094 412 79 1139 383 167 63 158 67 
H-negative risk:  678 670 1139 1094 383 412 79 90 158 167 67 63 
New BC onsets:  0
BC status:  4892 108 
BC subtype:  4892 87 21 

clinical_engagement 
diagnosis 
demography 
84 new agents 
5 dtreferralsatt5 smreferralsatt208 
disease_progression 
H-positive risk:  661 676 90 1095 408 80 1147 387 165 65 161 65 
H-negative risk:  676 661 1147 1095 387 408 80 90 161 165 65 65 
New BC onsets:  0
BC status:  4894 106 
BC subtype:  4894 85 21 

clinical_engagement 
diagnosis 
demography 
70 new agents 
5 dtreferralsatt5 smreferralsatt209 
disease_progression 
H-positive risk:  657 668 87 1099 407 82 1150 390 160 68 167 65 
H-negative risk:  668 657 1150 1099 390 407 82 87 167 160 65 68 
New BC onsets:  0
BC status:  4893 107 
BC subtype:  4893 86 21 

clinical_engagement 
diagnosis 
demography 
88 new agents 
13 dtreferralsatt13 smreferralsatt210 
disease_progression 
H-positive risk:  663 675 88 1094 410 83 1140 392 160 65 165 65 
H-negative risk:  675 663 1140 1094 392 410 83 88 165 160 65 65 
New BC onsets:  0
BC status:  4895 105 
BC subtype:  4895 83 22 

clinical_engagement 
diagnosis 
demography 
66 new agents 
5 dtreferralsatt5 smreferralsatt211 
disease_progression 
H-positive risk:  659 672 87 1088 424 81 1153 383 160 63 165 65 
H-negative risk:  672 659 1153 1088 383 424 81 87 165 160 65 63 
New BC onsets:  0
BC status:  4895 105 
BC subtype:  4895 83 22 

clinical_engagement 
diagnosis 
demography 
64 new agents 
9 dtreferralsatt9 smreferralsatt212 
disease_progression 
H-positive risk:  657 669 86 1080 427 82 1149 390 161 67 166 66 
H-negative risk:  669 657 1149 1080 390 427 82 86 166 161 66 67 
New BC onsets:  0
BC status:  4897 103 
BC subtype:  4897 81 22 

clinical_engagement 
diagnosis 
demography 
86 new agents 
12 dtreferralsatt12 smreferralsatt213 
disease_progression 
H-positive risk:  660 673 84 1080 420 83 1152 392 161 68 164 63 
H-negative risk:  673 660 1152 1080 392 420 83 84 164 161 63 68 
New BC onsets:  0
BC status:  4898 102 
BC subtype:  4898 81 21 

clinical_engagement 
diagnosis 
demography 
77 new agents 
14 dtreferralsatt14 smreferralsatt214 
disease_progression 
H-positive risk:  665 669 87 1077 419 82 1146 402 161 66 164 62 
H-negative risk:  669 665 1146 1077 402 419 82 87 164 161 62 66 
New BC onsets:  0
BC status:  4899 101 
BC subtype:  4899 80 21 

clinical_engagement 
diagnosis 
demography 
70 new agents 
5 dtreferralsatt5 smreferralsatt215 
disease_progression 
H-positive risk:  666 667 85 1071 419 82 1146 407 157 69 170 61 
H-negative risk:  667 666 1146 1071 407 419 82 85 170 157 61 69 
New BC onsets:  0
BC status:  4897 103 
BC subtype:  4897 82 21 

clinical_engagement 
diagnosis 
demography 
85 new agents 
7 dtreferralsatt7 smreferralsatt216 
disease_progression 
H-positive risk:  672 676 87 1072 412 84 1133 407 155 72 171 59 
H-negative risk:  676 672 1133 1072 407 412 84 87 171 155 59 72 
New BC onsets:  0
BC status:  4898 102 
BC subtype:  4898 82 20 

clinical_engagement 
diagnosis 
demography 
65 new agents 
12 dtreferralsatt12 smreferralsatt217 
disease_progression 
H-positive risk:  664 674 88 1073 416 83 1121 422 155 74 168 62 
H-negative risk:  674 664 1121 1073 422 416 83 88 168 155 62 74 
New BC onsets:  0
BC status:  4898 102 
BC subtype:  4898 82 20 

clinical_engagement 
diagnosis 
demography 
79 new agents 
9 dtreferralsatt9 smreferralsatt218 
disease_progression 
H-positive risk:  664 680 89 1073 411 85 1125 419 151 74 167 62 
H-negative risk:  680 664 1125 1073 419 411 85 89 167 151 62 74 
New BC onsets:  0
BC status:  4898 102 
BC subtype:  4898 83 19 

clinical_engagement 
diagnosis 
demography 
82 new agents 
8 dtreferralsatt8 smreferralsatt219 
disease_progression 
H-positive risk:  668 679 90 1076 415 83 1119 417 152 71 168 62 
H-negative risk:  679 668 1119 1076 417 415 83 90 168 152 62 71 
New BC onsets:  0
BC status:  4900 100 
BC subtype:  4900 81 19 

clinical_engagement 
diagnosis 
demography 
73 new agents 
13 dtreferralsatt13 smreferralsatt220 
disease_progression 
H-positive risk:  668 679 89 1079 421 82 1105 425 156 68 168 60 
H-negative risk:  679 668 1105 1079 425 421 82 89 168 156 60 68 
New BC onsets:  0
BC status:  4896 104 
BC subtype:  4896 85 19 

clinical_engagement 
diagnosis 
demography 
86 new agents 
13 dtreferralsatt13 smreferralsatt221 
disease_progression 
H-positive risk:  671 681 91 1075 424 78 1097 427 155 73 165 63 
H-negative risk:  681 671 1097 1075 427 424 78 91 165 155 63 73 
New BC onsets:  0
BC status:  4896 104 
BC subtype:  4896 87 17 

clinical_engagement 
diagnosis 
demography 
73 new agents 
11 dtreferralsatt11 smreferralsatt222 
disease_progression 
H-positive risk:  682 672 93 1077 430 79 1100 421 152 72 160 62 
H-negative risk:  672 682 1100 1077 421 430 79 93 160 152 62 72 
New BC onsets:  0
BC status:  4897 103 
BC subtype:  4897 88 15 

clinical_engagement 
diagnosis 
demography 
76 new agents 
8 dtreferralsatt8 smreferralsatt223 
disease_progression 
H-positive risk:  687 669 93 1078 431 78 1109 421 147 68 158 61 
H-negative risk:  669 687 1109 1078 421 431 78 93 158 147 61 68 
New BC onsets:  0
BC status:  4896 104 
BC subtype:  4896 90 14 

clinical_engagement 
diagnosis 
demography 
83 new agents 
8 dtreferralsatt8 smreferralsatt224 
disease_progression 
H-positive risk:  688 678 95 1066 428 76 1116 417 150 68 158 60 
H-negative risk:  678 688 1116 1066 417 428 76 95 158 150 60 68 
New BC onsets:  0
BC status:  4898 102 
BC subtype:  4898 88 14 

clinical_engagement 
diagnosis 
demography 
90 new agents 
10 dtreferralsatt10 smreferralsatt225 
disease_progression 
H-positive risk:  700 670 96 1064 431 77 1108 415 155 68 158 58 
H-negative risk:  670 700 1108 1064 415 431 77 96 158 155 58 68 
New BC onsets:  0
BC status:  4897 103 
BC subtype:  4897 89 14 

clinical_engagement 
diagnosis 
demography 
69 new agents 
13 dtreferralsatt13 smreferralsatt226 
disease_progression 
H-positive risk:  701 672 96 1061 423 76 1111 419 152 69 161 59 
H-negative risk:  672 701 1111 1061 419 423 76 96 161 152 59 69 
New BC onsets:  0
BC status:  4902 98 
BC subtype:  4902 85 13 

clinical_engagement 
diagnosis 
demography 
75 new agents 
11 dtreferralsatt11 smreferralsatt227 
disease_progression 
H-positive risk:  706 672 96 1065 420 76 1106 417 155 67 160 60 
H-negative risk:  672 706 1106 1065 417 420 76 96 160 155 60 67 
New BC onsets:  0
BC status:  4899 101 
BC subtype:  4899 86 15 

clinical_engagement 
diagnosis 
demography 
69 new agents 
9 dtreferralsatt9 smreferralsatt228 
disease_progression 
H-positive risk:  713 679 98 1061 421 76 1101 417 152 64 159 59 
H-negative risk:  679 713 1101 1061 417 421 76 98 159 152 59 64 
New BC onsets:  0
BC status:  4901 99 
BC subtype:  4901 84 15 

clinical_engagement 
diagnosis 
demography 
88 new agents 
12 dtreferralsatt12 smreferralsatt229 
disease_progression 
H-positive risk:  719 682 96 1034 442 73 1098 424 151 60 162 59 
H-negative risk:  682 719 1098 1034 424 442 73 96 162 151 59 60 
New BC onsets:  0
BC status:  4902 98 
BC subtype:  4902 85 13 

clinical_engagement 
diagnosis 
demography 
86 new agents 
7 dtreferralsatt7 smreferralsatt230 
disease_progression 
H-positive risk:  719 682 99 1032 450 72 1105 412 153 59 162 55 
H-negative risk:  682 719 1105 1032 412 450 72 99 162 153 55 59 
New BC onsets:  0
BC status:  4899 101 
BC subtype:  4899 88 13 

clinical_engagement 
diagnosis 
demography 
72 new agents 
12 dtreferralsatt12 smreferralsatt231 
disease_progression 
H-positive risk:  722 683 99 1034 451 73 1094 417 150 58 163 56 
H-negative risk:  683 722 1094 1034 417 451 73 99 163 150 56 58 
New BC onsets:  0
BC status:  4898 102 
BC subtype:  4898 88 14 

clinical_engagement 
diagnosis 
demography 
85 new agents 
10 dtreferralsatt10 smreferralsatt232 
disease_progression 
H-positive risk:  724 681 97 1036 449 73 1088 423 146 61 165 57 
H-negative risk:  681 724 1088 1036 423 449 73 97 165 146 57 61 
New BC onsets:  0
BC status:  4895 105 
BC subtype:  4895 90 15 

clinical_engagement 
diagnosis 
demography 
75 new agents 
10 dtreferralsatt10 smreferralsatt233 
disease_progression 
H-positive risk:  726 690 99 1025 446 76 1090 424 144 59 163 58 
H-negative risk:  690 726 1090 1025 424 446 76 99 163 144 58 59 
New BC onsets:  0
BC status:  4896 104 
BC subtype:  4896 89 15 

clinical_engagement 
diagnosis 
demography 
83 new agents 
12 dtreferralsatt12 smreferralsatt234 
disease_progression 
H-positive risk:  723 696 97 1023 445 77 1087 430 142 61 161 58 
H-negative risk:  696 723 1087 1023 430 445 77 97 161 142 58 61 
New BC onsets:  0
BC status:  4901 99 
BC subtype:  4901 84 15 

clinical_engagement 
diagnosis 
demography 
56 new agents 
11 dtreferralsatt11 smreferralsatt235 
disease_progression 
H-positive risk:  717 683 97 1028 447 74 1095 432 147 63 161 56 
H-negative risk:  683 717 1095 1028 432 447 74 97 161 147 56 63 
New BC onsets:  0
BC status:  4900 100 
BC subtype:  4900 85 15 

clinical_engagement 
diagnosis 
demography 
80 new agents 
10 dtreferralsatt10 smreferralsatt236 
disease_progression 
H-positive risk:  712 682 96 1036 441 75 1095 435 147 63 161 57 
H-negative risk:  682 712 1095 1036 435 441 75 96 161 147 57 63 
New BC onsets:  0
BC status:  4904 96 
BC subtype:  4904 84 12 

clinical_engagement 
diagnosis 
demography 
77 new agents 
7 dtreferralsatt7 smreferralsatt237 
disease_progression 
H-positive risk:  706 679 97 1032 433 76 1111 434 150 64 163 55 
H-negative risk:  679 706 1111 1032 434 433 76 97 163 150 55 64 
New BC onsets:  0
BC status:  4905 95 
BC subtype:  4905 83 12 

clinical_engagement 
diagnosis 
demography 
73 new agents 
18 dtreferralsatt18 smreferralsatt238 
disease_progression 
H-positive risk:  710 671 98 1037 437 77 1104 436 146 63 162 59 
H-negative risk:  671 710 1104 1037 436 437 77 98 162 146 59 63 
New BC onsets:  0
BC status:  4907 93 
BC subtype:  4907 81 12 

clinical_engagement 
diagnosis 
demography 
74 new agents 
12 dtreferralsatt12 smreferralsatt239 
disease_progression 
H-positive risk:  712 666 95 1040 436 74 1115 437 143 65 159 58 
H-negative risk:  666 712 1115 1040 437 436 74 95 159 143 58 65 
New BC onsets:  0
BC status:  4908 92 
BC subtype:  4908 82 10 

clinical_engagement 
diagnosis 
demography 
80 new agents 
8 dtreferralsatt8 smreferralsatt240 
disease_progression 
H-positive risk:  716 671 99 1042 435 73 1101 441 144 64 157 57 
H-negative risk:  671 716 1101 1042 441 435 73 99 157 144 57 64 
New BC onsets:  0
BC status:  4909 91 
BC subtype:  4909 80 11 

clinical_engagement 
diagnosis 
demography 
75 new agents 
10 dtreferralsatt10 smreferralsatt241 
disease_progression 
H-positive risk:  717 673 101 1026 442 75 1090 457 147 60 153 59 
H-negative risk:  673 717 1090 1026 457 442 75 101 153 147 59 60 
New BC onsets:  0
BC status:  4907 93 
BC subtype:  4907 81 12 

clinical_engagement 
diagnosis 
demography 
86 new agents 
12 dtreferralsatt12 smreferralsatt242 
disease_progression 
H-positive risk:  719 670 104 1031 440 74 1091 453 146 60 151 61 
H-negative risk:  670 719 1091 1031 453 440 74 104 151 146 61 60 
New BC onsets:  0
BC status:  4905 95 
BC subtype:  4905 81 14 

clinical_engagement 
diagnosis 
demography 
79 new agents 
11 dtreferralsatt11 smreferralsatt243 
disease_progression 
H-positive risk:  723 668 108 1016 451 75 1086 458 146 59 150 60 
H-negative risk:  668 723 1086 1016 458 451 75 108 150 146 60 59 
New BC onsets:  0
BC status:  4904 96 
BC subtype:  4904 82 14 

clinical_engagement 
diagnosis 
demography 
89 new agents 
11 dtreferralsatt11 smreferralsatt244 
disease_progression 
H-positive risk:  726 680 107 1017 441 77 1085 454 148 55 150 60 
H-negative risk:  680 726 1085 1017 454 441 77 107 150 148 60 55 
New BC onsets:  0
BC status:  4902 98 
BC subtype:  4902 83 15 

clinical_engagement 
diagnosis 
demography 
71 new agents 
6 dtreferralsatt6 smreferralsatt245 
disease_progression 
H-positive risk:  722 675 106 1019 440 76 1081 455 153 58 150 65 
H-negative risk:  675 722 1081 1019 455 440 76 106 150 153 65 58 
New BC onsets:  0
BC status:  4903 97 
BC subtype:  4903 82 15 

clinical_engagement 
diagnosis 
demography 
80 new agents 
12 dtreferralsatt12 smreferralsatt246 
disease_progression 
H-positive risk:  721 669 108 1030 438 76 1087 449 154 56 149 63 
H-negative risk:  669 721 1087 1030 449 438 76 108 149 154 63 56 
New BC onsets:  0
BC status:  4904 96 
BC subtype:  4904 81 15 

clinical_engagement 
diagnosis 
demography 
78 new agents 
15 dtreferralsatt15 smreferralsatt247 
disease_progression 
H-positive risk:  717 662 109 1028 435 76 1090 459 156 58 150 60 
H-negative risk:  662 717 1090 1028 459 435 76 109 150 156 60 58 
New BC onsets:  0
BC status:  4902 98 
BC subtype:  4902 83 15 

clinical_engagement 
diagnosis 
demography 
77 new agents 
13 dtreferralsatt13 smreferralsatt248 
disease_progression 
H-positive risk:  725 659 105 1036 427 75 1084 458 160 57 153 61 
H-negative risk:  659 725 1084 1036 458 427 75 105 153 160 61 57 
New BC onsets:  0
BC status:  4902 98 
BC subtype:  4902 83 15 

clinical_engagement 
diagnosis 
demography 
73 new agents 
3 dtreferralsatt3 smreferralsatt249 
disease_progression 
H-positive risk:  715 653 106 1047 423 71 1084 464 165 56 152 64 
H-negative risk:  653 715 1084 1047 464 423 71 106 152 165 64 56 
New BC onsets:  0
BC status:  4904 96 
BC subtype:  4904 82 14 

clinical_engagement 
diagnosis 
demography 
87 new agents 
9 dtreferralsatt9 smreferralsatt250 
disease_progression 
H-positive risk:  720 659 106 1052 413 71 1077 464 165 57 153 63 
H-negative risk:  659 720 1077 1052 464 413 71 106 153 165 63 57 
New BC onsets:  0
BC status:  4907 93 
BC subtype:  4907 77 16 

clinical_engagement 
diagnosis 
demography 
70 new agents 
10 dtreferralsatt10 smreferralsatt251 
disease_progression 
H-positive risk:  715 657 108 1056 415 71 1081 465 162 57 149 64 
H-negative risk:  657 715 1081 1056 465 415 71 108 149 162 64 57 
New BC onsets:  0
BC status:  4913 87 
BC subtype:  4913 71 16 

clinical_engagement 
diagnosis 
demography 
74 new agents 
8 dtreferralsatt8 smreferralsatt252 
disease_progression 
H-positive risk:  717 668 110 1043 420 71 1073 469 161 57 144 67 
H-negative risk:  668 717 1073 1043 469 420 71 110 144 161 67 57 
New BC onsets:  0
BC status:  4913 87 
BC subtype:  4913 70 17 

clinical_engagement 
diagnosis 
demography 
76 new agents 
9 dtreferralsatt9 smreferralsatt253 
disease_progression 
H-positive risk:  715 665 108 1049 428 72 1073 459 161 55 148 67 
H-negative risk:  665 715 1073 1049 459 428 72 108 148 161 67 55 
New BC onsets:  0
BC status:  4909 91 
BC subtype:  4909 73 18 

clinical_engagement 
diagnosis 
demography 
68 new agents 
6 dtreferralsatt6 smreferralsatt254 
disease_progression 
H-positive risk:  715 664 103 1054 421 72 1081 458 157 55 152 68 
H-negative risk:  664 715 1081 1054 458 421 72 103 152 157 68 55 
New BC onsets:  0
BC status:  4908 92 
BC subtype:  4908 74 18 

clinical_engagement 
diagnosis 
demography 
82 new agents 
10 dtreferralsatt10 smreferralsatt255 
disease_progression 
H-positive risk:  717 665 102 1052 422 70 1078 458 159 54 154 69 
H-negative risk:  665 717 1078 1052 458 422 70 102 154 159 69 54 
New BC onsets:  0
BC status:  4904 96 
BC subtype:  4904 77 19 

clinical_engagement 
diagnosis 
demography 
74 new agents 
9 dtreferralsatt9 smreferralsatt256 
disease_progression 
H-positive risk:  710 659 101 1059 422 71 1086 461 161 50 153 67 
H-negative risk:  659 710 1086 1059 461 422 71 101 153 161 67 50 
New BC onsets:  0
BC status:  4907 93 
BC subtype:  4907 74 19 

clinical_engagement 
diagnosis 
demography 
83 new agents 
15 dtreferralsatt15 smreferralsatt257 
disease_progression 
H-positive risk:  709 664 104 1052 429 74 1086 450 160 51 156 65 
H-negative risk:  664 709 1086 1052 450 429 74 104 156 160 65 51 
New BC onsets:  0
BC status:  4905 95 
BC subtype:  4905 76 19 

clinical_engagement 
diagnosis 
demography 
73 new agents 
14 dtreferralsatt14 smreferralsatt258 
disease_progression 
H-positive risk:  700 667 108 1060 422 80 1088 449 156 51 156 63 
H-negative risk:  667 700 1088 1060 449 422 80 108 156 156 63 51 
New BC onsets:  0
BC status:  4902 98 
BC subtype:  4902 76 22 

clinical_engagement 
diagnosis 
demography 
67 new agents 
12 dtreferralsatt12 smreferralsatt259 
disease_progression 
H-positive risk:  696 669 110 1063 417 81 1087 455 154 52 153 63 
H-negative risk:  669 696 1087 1063 455 417 81 110 153 154 63 52 
New BC onsets:  0
BC status:  4904 96 
BC subtype:  4904 75 21 

clinical_engagement 
diagnosis 
demography 
75 new agents 
8 dtreferralsatt8 smreferralsatt260 
disease_progression 
H-positive risk:  693 667 110 1069 418 82 1087 449 155 53 155 62 
H-negative risk:  667 693 1087 1069 449 418 82 110 155 155 62 53 
New BC onsets:  0
BC status:  4901 99 
BC subtype:  4901 75 24 

clinical_engagement 
diagnosis 
demography 
95 new agents 
19 dtreferralsatt19 smreferralsatt261 
disease_progression 
H-positive risk:  700 661 111 1067 417 86 1084 444 156 52 159 63 
H-negative risk:  661 700 1084 1067 444 417 86 111 159 156 63 52 
New BC onsets:  0
BC status:  4903 97 
BC subtype:  4903 72 25 

clinical_engagement 
diagnosis 
demography 
77 new agents 
10 dtreferralsatt10 smreferralsatt262 
disease_progression 
H-positive risk:  700 658 109 1064 417 90 1095 437 152 56 160 62 
H-negative risk:  658 700 1095 1064 437 417 90 109 160 152 62 56 
New BC onsets:  0
BC status:  4904 96 
BC subtype:  4904 71 25 

clinical_engagement 
diagnosis 
demography 
76 new agents 
15 dtreferralsatt15 smreferralsatt263 
disease_progression 
H-positive risk:  705 654 108 1073 416 90 1089 437 153 54 155 66 
H-negative risk:  654 705 1089 1073 437 416 90 108 155 153 66 54 
New BC onsets:  0
BC status:  4903 97 
BC subtype:  4903 73 24 

clinical_engagement 
diagnosis 
demography 
66 new agents 
8 dtreferralsatt8 smreferralsatt264 
disease_progression 
H-positive risk:  700 656 108 1078 417 89 1088 441 152 54 155 62 
H-negative risk:  656 700 1088 1078 441 417 89 108 155 152 62 54 
New BC onsets:  0
BC status:  4903 97 
BC subtype:  4903 73 24 

clinical_engagement 
diagnosis 
demography 
62 new agents 
13 dtreferralsatt13 smreferralsatt265 
disease_progression 
H-positive risk:  704 650 107 1079 420 90 1079 445 150 53 159 64 
H-negative risk:  650 704 1079 1079 445 420 90 107 159 150 64 53 
New BC onsets:  0
BC status:  4904 96 
BC subtype:  4904 72 24 

clinical_engagement 
diagnosis 
demography 
86 new agents 
10 dtreferralsatt10 smreferralsatt266 
disease_progression 
H-positive risk:  703 644 107 1090 425 91 1077 443 145 53 160 62 
H-negative risk:  644 703 1077 1090 443 425 91 107 160 145 62 53 
New BC onsets:  0
BC status:  4900 100 
BC subtype:  4900 76 24 

clinical_engagement 
diagnosis 
demography 
79 new agents 
15 dtreferralsatt15 smreferralsatt267 
disease_progression 
H-positive risk:  699 647 105 1092 430 92 1080 437 147 55 158 58 
H-negative risk:  647 699 1080 1092 437 430 92 105 158 147 58 55 
New BC onsets:  0
BC status:  4900 100 
BC subtype:  4900 77 23 

clinical_engagement 
diagnosis 
demography 
71 new agents 
10 dtreferralsatt10 smreferralsatt268 
disease_progression 
H-positive risk:  698 648 107 1101 428 89 1076 431 148 57 157 60 
H-negative risk:  648 698 1076 1101 431 428 89 107 157 148 60 57 
New BC onsets:  0
BC status:  4901 99 
BC subtype:  4901 76 23 

clinical_engagement 
diagnosis 
demography 
63 new agents 
15 dtreferralsatt15 smreferralsatt269 
disease_progression 
H-positive risk:  703 644 104 1099 438 89 1068 423 154 56 160 62 
H-negative risk:  644 703 1068 1099 423 438 89 104 160 154 62 56 
New BC onsets:  0
BC status:  4901 99 
BC subtype:  4901 77 22 

clinical_engagement 
diagnosis 
demography 
74 new agents 
13 dtreferralsatt13 smreferralsatt270 
disease_progression 
H-positive risk:  704 640 101 1094 443 89 1072 424 151 59 163 60 
H-negative risk:  640 704 1072 1094 424 443 89 101 163 151 60 59 
New BC onsets:  0
BC status:  4898 102 
BC subtype:  4898 78 24 

clinical_engagement 
diagnosis 
demography 
81 new agents 
7 dtreferralsatt7 smreferralsatt271 
disease_progression 
H-positive risk:  700 642 104 1091 435 90 1079 429 152 56 163 59 
H-negative risk:  642 700 1079 1091 429 435 90 104 163 152 59 56 
New BC onsets:  0
BC status:  4895 105 
BC subtype:  4895 79 26 

clinical_engagement 
diagnosis 
demography 
74 new agents 
11 dtreferralsatt11 smreferralsatt272 
disease_progression 
H-positive risk:  707 638 104 1094 430 91 1067 433 151 59 167 59 
H-negative risk:  638 707 1067 1094 433 430 91 104 167 151 59 59 
New BC onsets:  0
BC status:  4898 102 
BC subtype:  4898 76 26 

clinical_engagement 
diagnosis 
demography 
81 new agents 
6 dtreferralsatt6 smreferralsatt273 
disease_progression 
H-positive risk:  706 636 104 1098 428 89 1078 425 153 57 167 59 
H-negative risk:  636 706 1078 1098 425 428 89 104 167 153 59 57 
New BC onsets:  0
BC status:  4897 103 
BC subtype:  4897 77 26 

clinical_engagement 
diagnosis 
demography 
78 new agents 
11 dtreferralsatt11 smreferralsatt274 
disease_progression 
H-positive risk:  704 643 103 1092 422 89 1081 430 152 60 166 58 
H-negative risk:  643 704 1081 1092 430 422 89 103 166 152 58 60 
New BC onsets:  0
BC status:  4898 102 
BC subtype:  4898 77 25 

clinical_engagement 
diagnosis 
demography 
66 new agents 
10 dtreferralsatt10 smreferralsatt275 
disease_progression 
H-positive risk:  705 649 105 1090 422 88 1084 424 152 59 167 55 
H-negative risk:  649 705 1084 1090 424 422 88 105 167 152 55 59 
New BC onsets:  0
BC status:  4897 103 
BC subtype:  4897 79 24 

clinical_engagement 
diagnosis 
demography 
64 new agents 
15 dtreferralsatt15 smreferralsatt276 
disease_progression 
H-positive risk:  707 657 103 1078 428 91 1084 422 151 59 163 57 
H-negative risk:  657 707 1084 1078 422 428 91 103 163 151 57 59 
New BC onsets:  0
BC status:  4894 106 
BC subtype:  4894 83 23 

clinical_engagement 
diagnosis 
demography 
71 new agents 
11 dtreferralsatt11 smreferralsatt277 
disease_progression 
H-positive risk:  705 653 103 1092 423 92 1091 412 151 59 162 57 
H-negative risk:  653 705 1091 1092 412 423 92 103 162 151 57 59 
New BC onsets:  0
BC status:  4899 101 
BC subtype:  4899 78 23 

clinical_engagement 
diagnosis 
demography 
92 new agents 
12 dtreferralsatt12 smreferralsatt278 
disease_progression 
H-positive risk:  707 658 102 1085 426 96 1091 401 151 59 165 59 
H-negative risk:  658 707 1091 1085 401 426 96 102 165 151 59 59 
New BC onsets:  0
BC status:  4901 99 
BC subtype:  4901 77 22 

clinical_engagement 
diagnosis 
demography 
80 new agents 
13 dtreferralsatt13 smreferralsatt279 
disease_progression 
H-positive risk:  708 658 103 1085 425 96 1083 401 153 60 166 62 
H-negative risk:  658 708 1083 1085 401 425 96 103 166 153 62 60 
New BC onsets:  0
BC status:  4901 99 
BC subtype:  4901 77 22 

clinical_engagement 
diagnosis 
demography 
70 new agents 
9 dtreferralsatt9 smreferralsatt280 
disease_progression 
H-positive risk:  714 661 104 1076 427 96 1079 399 151 62 165 66 
H-negative risk:  661 714 1079 1076 399 427 96 104 165 151 66 62 
New BC onsets:  0
BC status:  4899 101 
BC subtype:  4899 79 22 

clinical_engagement 
diagnosis 
demography 
63 new agents 
17 dtreferralsatt17 smreferralsatt281 
disease_progression 
H-positive risk:  705 665 106 1072 425 97 1088 401 146 66 160 69 
H-negative risk:  665 705 1088 1072 401 425 97 106 160 146 69 66 
New BC onsets:  0
BC status:  4900 100 
BC subtype:  4900 78 22 

clinical_engagement 
diagnosis 
demography 
81 new agents 
13 dtreferralsatt13 smreferralsatt282 
disease_progression 
H-positive risk:  703 657 106 1075 427 95 1090 407 145 65 158 72 
H-negative risk:  657 703 1090 1075 407 427 95 106 158 145 72 65 
New BC onsets:  0
BC status:  4897 103 
BC subtype:  4897 80 23 

clinical_engagement 
diagnosis 
demography 
64 new agents 
11 dtreferralsatt11 smreferralsatt283 
disease_progression 
H-positive risk:  711 653 106 1066 440 94 1079 416 144 60 159 72 
H-negative risk:  653 711 1079 1066 416 440 94 106 159 144 72 60 
New BC onsets:  0
BC status:  4896 104 
BC subtype:  4896 80 24 

clinical_engagement 
diagnosis 
demography 
71 new agents 
9 dtreferralsatt9 smreferralsatt284 
disease_progression 
H-positive risk:  710 653 105 1064 441 94 1071 425 145 59 158 75 
H-negative risk:  653 710 1071 1064 425 441 94 105 158 145 75 59 
New BC onsets:  0
BC status:  4897 103 
BC subtype:  4897 78 25 

clinical_engagement 
diagnosis 
demography 
66 new agents 
4 dtreferralsatt4 smreferralsatt285 
disease_progression 
H-positive risk:  710 655 103 1058 451 94 1069 420 144 63 159 74 
H-negative risk:  655 710 1069 1058 420 451 94 103 159 144 74 63 
New BC onsets:  0
BC status:  4897 103 
BC subtype:  4897 78 25 

clinical_engagement 
diagnosis 
demography 
71 new agents 
7 dtreferralsatt7 smreferralsatt286 
disease_progression 
H-positive risk:  702 656 104 1064 458 93 1067 418 141 65 158 74 
H-negative risk:  656 702 1067 1064 418 458 93 104 158 141 74 65 
New BC onsets:  0
BC status:  4896 104 
BC subtype:  4896 77 27 

clinical_engagement 
diagnosis 
demography 
72 new agents 
9 dtreferralsatt9 smreferralsatt287 
disease_progression 
H-positive risk:  697 657 104 1061 454 95 1075 419 140 63 160 75 
H-negative risk:  657 697 1075 1061 419 454 95 104 160 140 75 63 
New BC onsets:  0
BC status:  4896 104 
BC subtype:  4896 77 27 

clinical_engagement 
diagnosis 
demography 
82 new agents 
6 dtreferralsatt6 smreferralsatt288 
disease_progression 
H-positive risk:  697 655 107 1069 451 94 1073 414 138 64 162 76 
H-negative risk:  655 697 1073 1069 414 451 94 107 162 138 76 64 
New BC onsets:  0
BC status:  4896 104 
BC subtype:  4896 77 27 

clinical_engagement 
diagnosis 
demography 
78 new agents 
14 dtreferralsatt14 smreferralsatt289 
disease_progression 
H-positive risk:  694 663 106 1071 442 93 1078 415 141 62 161 74 
H-negative risk:  663 694 1078 1071 415 442 93 106 161 141 74 62 
New BC onsets:  0
BC status:  4898 102 
BC subtype:  4898 76 26 

clinical_engagement 
diagnosis 
demography 
88 new agents 
12 dtreferralsatt12 smreferralsatt290 
disease_progression 
H-positive risk:  702 660 107 1080 433 93 1073 419 138 61 161 73 
H-negative risk:  660 702 1073 1080 419 433 93 107 161 138 73 61 
New BC onsets:  0
BC status:  4904 96 
BC subtype:  4904 73 23 

clinical_engagement 
diagnosis 
demography 
81 new agents 
12 dtreferralsatt12 smreferralsatt291 
disease_progression 
H-positive risk:  703 664 108 1077 425 92 1073 423 137 65 162 71 
H-negative risk:  664 703 1073 1077 423 425 92 108 162 137 71 65 
New BC onsets:  0
BC status:  4905 95 
BC subtype:  4905 74 21 

clinical_engagement 
diagnosis 
demography 
78 new agents 
14 dtreferralsatt14 smreferralsatt292 
disease_progression 
H-positive risk:  709 657 107 1094 419 93 1066 423 140 63 163 66 
H-negative risk:  657 709 1066 1094 423 419 93 107 163 140 66 63 
New BC onsets:  0
BC status:  4905 95 
BC subtype:  4905 75 20 

clinical_engagement 
diagnosis 
demography 
76 new agents 
11 dtreferralsatt11 smreferralsatt293 
disease_progression 
H-positive risk:  698 656 106 1103 416 93 1077 421 141 64 163 62 
H-negative risk:  656 698 1077 1103 421 416 93 106 163 141 62 64 
New BC onsets:  0
BC status:  4902 98 
BC subtype:  4902 78 20 

clinical_engagement 
diagnosis 
demography 
79 new agents 
12 dtreferralsatt12 smreferralsatt294 
disease_progression 
H-positive risk:  683 661 110 1106 419 91 1089 418 139 60 162 62 
H-negative risk:  661 683 1089 1106 418 419 91 110 162 139 62 60 
New BC onsets:  0
BC status:  4902 98 
BC subtype:  4902 78 20 

clinical_engagement 
diagnosis 
demography 
79 new agents 
15 dtreferralsatt15 smreferralsatt295 
disease_progression 
H-positive risk:  693 666 111 1101 419 95 1080 416 137 57 161 64 
H-negative risk:  666 693 1080 1101 416 419 95 111 161 137 64 57 
New BC onsets:  0
BC status:  4903 97 
BC subtype:  4903 77 20 

clinical_engagement 
diagnosis 
demography 
91 new agents 
8 dtreferralsatt8 smreferralsatt296 
disease_progression 
H-positive risk:  697 670 112 1107 415 94 1079 405 138 57 162 64 
H-negative risk:  670 697 1079 1107 405 415 94 112 162 138 64 57 
New BC onsets:  0
BC status:  4907 93 
BC subtype:  4907 74 19 

clinical_engagement 
diagnosis 
demography 
92 new agents 
12 dtreferralsatt12 smreferralsatt297 
disease_progression 
H-positive risk:  701 676 117 1109 404 94 1071 412 132 61 158 65 
H-negative risk:  676 701 1071 1109 412 404 94 117 158 132 65 61 
New BC onsets:  0
BC status:  4909 91 
BC subtype:  4909 72 19 

clinical_engagement 
diagnosis 
demography 
70 new agents 
11 dtreferralsatt11 smreferralsatt298 
disease_progression 
H-positive risk:  687 684 114 1114 404 94 1077 409 131 64 157 65 
H-negative risk:  684 687 1077 1114 409 404 94 114 157 131 65 64 
New BC onsets:  0
BC status:  4907 93 
BC subtype:  4907 74 19 

clinical_engagement 
diagnosis 
demography 
84 new agents 
15 dtreferralsatt15 smreferralsatt299 
disease_progression 
H-positive risk:  689 679 113 1110 409 93 1081 415 134 59 153 65 
H-negative risk:  679 689 1081 1110 415 409 93 113 153 134 65 59 
New BC onsets:  0
BC status:  4907 93 
BC subtype:  4907 74 19 

clinical_engagement 
diagnosis 
demography 
81 new agents 
8 dtreferralsatt8 smreferralsatt300 
disease_progression 
H-positive risk:  692 668 111 1120 408 94 1084 415 136 56 154 62 
H-negative risk:  668 692 1084 1120 415 408 94 111 154 136 62 56 
New BC onsets:  0
BC status:  4903 97 
BC subtype:  4903 76 21 

clinical_engagement 
diagnosis 
demography 
60 new agents 
13 dtreferralsatt13 smreferralsattTime difference of 17.23323 mins
This is task 23
date
