date
Note that the current default version of R is 3.6.1.
Loading required package: network
network: Classes for Relational Data
Version 1.15 created on 2019-04-01.
copyright (c) 2005, Carter T. Butts, University of California-Irvine
                    Mark S. Handcock, University of California -- Los Angeles
                    David R. Hunter, Penn State University
                    Martina Morris, University of Washington
                    Skye Bender-deMoll, University of Washington
 For citation information, type citation("network").
 Type help("network-package") to get started.


networkDynamic: version 0.10.0, created on 2019-04-04
Copyright (c) 2019, Carter T. Butts, University of California -- Irvine
                    Ayn Leslie-Cook, University of Washington
                    Pavel N. Krivitsky, University of Wollongong
                    Skye Bender-deMoll, University of Washington
                    with contributions from
                    Zack Almquist, University of California -- Irvine
                    David R. Hunter, Penn State University
                    Li Wang
                    Kirk Li, University of Washington
                    Steven M. Goodreau, University of Washington
                    Jeffrey Horner
                    Martina Morris, University of Washington
Based on "statnet" project software (statnet.org).
For license and citation information see statnet.org/attribution
or type citation("networkDynamic").

Loading required package: statnet.common

Attaching package: 'statnet.common'

The following object is masked from 'package:base':

    order

sna: Tools for Social Network Analysis
Version 2.4 created on 2016-07-23.
copyright (c) 2005, Carter T. Butts, University of California-Irvine
 For citation information, type citation("sna").
 Type help(package="sna") to get started.


ergm: version 3.10.4, created on 2019-06-10
Copyright (c) 2019, Mark S. Handcock, University of California -- Los Angeles
                    David R. Hunter, Penn State University
                    Carter T. Butts, University of California -- Irvine
                    Steven M. Goodreau, University of Washington
                    Pavel N. Krivitsky, University of Wollongong
                    Martina Morris, University of Washington
                    with contributions from
                    Li Wang
                    Kirk Li, University of Washington
                    Skye Bender-deMoll, University of Washington
                    Chad Klumb
Based on "statnet" project software (statnet.org).
For license and citation information see statnet.org/attribution
or type citation("ergm").

NOTE: Versions before 3.6.1 had a bug in the implementation of the bd()
constriant which distorted the sampled distribution somewhat. In
addition, Sampson's Monks datasets had mislabeled vertices. See the
NEWS and the documentation for more details.

NOTE: Some common term arguments pertaining to vertex attribute and
level selection have changed in 3.10.0. See terms help for more
details. Use 'options(ergm.term=list(version="3.9.4"))' to use old
behavior.


tergm: version 3.6.1, created on 2019-06-12
Copyright (c) 2019, Pavel N. Krivitsky, University of Wollongong
                    Mark S. Handcock, University of California -- Los Angeles
                    with contributions from
                    David R. Hunter, Penn State University
                    Steven M. Goodreau, University of Washington
                    Martina Morris, University of Washington
                    Nicole Bohme Carnegie, New York University
                    Carter T. Butts, University of California -- Irvine
                    Ayn Leslie-Cook, University of Washington
                    Skye Bender-deMoll
                    Li Wang
                    Kirk Li, University of Washington
Based on "statnet" project software (statnet.org).
For license and citation information see statnet.org/attribution
or type citation("tergm").

Starting maximum pseudolikelihood estimation (MPLE):
Evaluating the predictor and response matrix.
Maximizing the pseudolikelihood.
Finished MPLE.
Starting Monte Carlo maximum likelihood estimation (MCMLE):
Iteration 1 of at most 500:
Optimizing with step length 0.684906908036085.
The log-likelihood improved by 3.997.
Iteration 2 of at most 500:
Optimizing with step length 1.
The log-likelihood improved by 0.4262.
Step length converged once. Increasing MCMC sample size.
Iteration 3 of at most 500:
Optimizing with step length 1.
The log-likelihood improved by 0.05727.
Step length converged twice. Stopping.
Finished MCMLE.
This model was fit using MCMC.  To examine model diagnostics and check
for degeneracy, use the mcmc.diagnostics() function.
 degree0  degree1  degree2  degree3  degree4  degree5  degree6  degree7 
       6       22     1289     1001      808      356      348      365 
 degree8  degree9 degree10 degree11 degree12 degree13 degree14 degree15 
     308      199      124       83       45       16       18        8 
degree16 degree18 
       3        1 
1 
disease_progression 
H-positive risk:  865 884 120 866 434 127 860 463 134 58 126 63 
H-negative risk:  884 865 860 866 463 434 127 120 126 134 63 58 
New BC onsets:  0
BC status:  4999 1 
BC subtype:  4999 1 

clinical_engagement 
diagnosis 
demography 
47 new agents 
1 dtreferralsatt1 smreferralsatt2 
disease_progression 
H-positive risk:  868 890 119 871 428 126 854 464 133 58 125 64 
H-negative risk:  890 868 854 871 464 428 126 119 125 133 64 58 
New BC onsets:  0
BC status:  4994 6 
BC subtype:  4994 5 1 

clinical_engagement 
diagnosis 
demography 
71 new agents 
2 dtreferralsatt2 smreferralsatt3 
disease_progression 
H-positive risk:  876 897 118 864 424 127 857 459 131 57 126 64 
H-negative risk:  897 876 857 864 459 424 127 118 126 131 64 57 
New BC onsets:  0
BC status:  4988 12 
BC subtype:  4988 11 1 

clinical_engagement 
diagnosis 
demography 
64 new agents 
4 dtreferralsatt4 smreferralsatt4 
disease_progression 
H-positive risk:  888 900 118 867 412 129 856 451 134 57 126 62 
H-negative risk:  900 888 856 867 451 412 129 118 126 134 62 57 
New BC onsets:  0
BC status:  4987 13 
BC subtype:  4987 12 1 

clinical_engagement 
diagnosis 
demography 
59 new agents 
2 dtreferralsatt2 smreferralsatt5 
disease_progression 
H-positive risk:  887 905 118 867 410 130 856 447 136 58 125 61 
H-negative risk:  905 887 856 867 447 410 130 118 125 136 61 58 
New BC onsets:  0
BC status:  4987 13 
BC subtype:  4987 12 1 

clinical_engagement 
diagnosis 
demography 
50 new agents 
2 dtreferralsatt2 smreferralsatt6 
disease_progression 
H-positive risk:  887 909 118 873 404 132 854 449 133 56 126 59 
H-negative risk:  909 887 854 873 449 404 132 118 126 133 59 56 
New BC onsets:  0
BC status:  4983 17 
BC subtype:  4983 15 2 

clinical_engagement 
diagnosis 
demography 
61 new agents 
6 dtreferralsatt6 smreferralsatt7 
disease_progression 
H-positive risk:  898 915 120 866 400 132 852 448 132 55 124 58 
H-negative risk:  915 898 852 866 448 400 132 120 124 132 58 55 
New BC onsets:  0
BC status:  4978 22 
BC subtype:  4978 18 4 

clinical_engagement 
diagnosis 
demography 
58 new agents 
5 dtreferralsatt5 smreferralsatt8 
disease_progression 
H-positive risk:  903 919 123 870 391 133 852 440 132 56 124 57 
H-negative risk:  919 903 852 870 440 391 133 123 124 132 57 56 
New BC onsets:  0
BC status:  4976 24 
BC subtype:  4976 20 4 

clinical_engagement 
diagnosis 
demography 
64 new agents 
5 dtreferralsatt5 smreferralsatt9 
disease_progression 
H-positive risk:  906 921 124 871 391 130 853 437 133 56 123 55 
H-negative risk:  921 906 853 871 437 391 130 124 123 133 55 56 
New BC onsets:  0
BC status:  4973 27 
BC subtype:  4973 22 5 

clinical_engagement 
diagnosis 
demography 
68 new agents 
3 dtreferralsatt3 smreferralsatt10 
disease_progression 
H-positive risk:  908 928 126 871 391 128 855 431 130 55 124 53 
H-negative risk:  928 908 855 871 431 391 128 126 124 130 53 55 
New BC onsets:  0
BC status:  4975 25 
BC subtype:  4975 20 5 

clinical_engagement 
diagnosis 
demography 
70 new agents 
5 dtreferralsatt5 smreferralsatt11 
disease_progression 
H-positive risk:  920 929 127 872 388 129 857 422 127 57 119 53 
H-negative risk:  929 920 857 872 422 388 129 127 119 127 53 57 
New BC onsets:  0
BC status:  4974 26 
BC subtype:  4974 20 6 

clinical_engagement 
diagnosis 
demography 
46 new agents 
9 dtreferralsatt9 smreferralsatt12 
disease_progression 
H-positive risk:  921 935 129 868 391 127 854 419 127 57 121 51 
H-negative risk:  935 921 854 868 419 391 127 129 121 127 51 57 
New BC onsets:  0
BC status:  4974 26 
BC subtype:  4974 20 6 

clinical_engagement 
diagnosis 
demography 
66 new agents 
9 dtreferralsatt9 smreferralsatt13 
disease_progression 
H-positive risk:  848 863 116 939 385 116 935 416 139 58 135 50 
H-negative risk:  863 848 935 939 416 385 116 116 135 139 50 58 
New BC onsets:  0
BC status:  4969 31 
BC subtype:  4969 24 7 

clinical_engagement 
diagnosis 
demography 
222 new agents 
9 dtreferralsatt9 smreferralsatt14 
disease_progression 
H-positive risk:  881 898 124 894 412 120 881 418 129 61 118 64 
H-negative risk:  898 881 881 894 418 412 120 124 118 129 64 61 
New BC onsets:  0
BC status:  4969 31 
BC subtype:  4969 24 7 

clinical_engagement 
diagnosis 
demography 
77 new agents 
12 dtreferralsatt12 smreferralsatt15 
disease_progression 
H-positive risk:  888 909 125 893 405 120 877 409 129 61 120 64 
H-negative risk:  909 888 877 893 409 405 120 125 120 129 64 61 
New BC onsets:  0
BC status:  4968 32 
BC subtype:  4968 24 8 

clinical_engagement 
diagnosis 
demography 
73 new agents 
9 dtreferralsatt9 smreferralsatt16 
disease_progression 
H-positive risk:  892 908 127 896 409 122 874 398 130 61 120 63 
H-negative risk:  908 892 874 896 398 409 122 127 120 130 63 61 
New BC onsets:  0
BC status:  4965 35 
BC subtype:  4965 26 9 

clinical_engagement 
diagnosis 
demography 
55 new agents 
11 dtreferralsatt11 smreferralsatt17 
disease_progression 
H-positive risk:  895 910 127 898 404 123 873 397 130 61 119 63 
H-negative risk:  910 895 873 898 397 404 123 127 119 130 63 61 
New BC onsets:  0
BC status:  4963 37 
BC subtype:  4963 27 10 

clinical_engagement 
diagnosis 
demography 
69 new agents 
16 dtreferralsatt16 smreferralsatt18 
disease_progression 
H-positive risk:  893 917 127 895 399 124 878 399 127 62 117 62 
H-negative risk:  917 893 878 895 399 399 124 127 117 127 62 62 
New BC onsets:  0
BC status:  4963 37 
BC subtype:  4963 27 10 

clinical_engagement 
diagnosis 
demography 
77 new agents 
13 dtreferralsatt13 smreferralsatt19 
disease_progression 
H-positive risk:  892 926 129 901 398 123 872 393 127 61 118 60 
H-negative risk:  926 892 872 901 393 398 123 129 118 127 60 61 
New BC onsets:  0
BC status:  4961 39 
BC subtype:  4961 27 12 

clinical_engagement 
diagnosis 
demography 
66 new agents 
10 dtreferralsatt10 smreferralsatt20 
disease_progression 
H-positive risk:  888 934 132 907 397 124 870 386 125 61 116 60 
H-negative risk:  934 888 870 907 386 397 124 132 116 125 60 61 
New BC onsets:  0
BC status:  4958 42 
BC subtype:  4958 29 13 

clinical_engagement 
diagnosis 
demography 
55 new agents 
7 dtreferralsatt7 smreferralsatt21 
disease_progression 
H-positive risk:  895 937 131 900 400 124 866 383 124 63 118 59 
H-negative risk:  937 895 866 900 383 400 124 131 118 124 59 63 
New BC onsets:  0
BC status:  4958 42 
BC subtype:  4958 29 13 

clinical_engagement 
diagnosis 
demography 
67 new agents 
12 dtreferralsatt12 smreferralsatt22 
disease_progression 
H-positive risk:  902 943 133 895 399 125 864 377 121 64 118 59 
H-negative risk:  943 902 864 895 377 399 125 133 118 121 59 64 
New BC onsets:  0
BC status:  4959 41 
BC subtype:  4959 27 14 

clinical_engagement 
diagnosis 
demography 
54 new agents 
10 dtreferralsatt10 smreferralsatt23 
disease_progression 
H-positive risk:  901 941 134 894 400 125 870 378 119 62 118 58 
H-negative risk:  941 901 870 894 378 400 125 134 118 119 58 62 
New BC onsets:  0
BC status:  4960 40 
BC subtype:  4960 27 13 

clinical_engagement 
diagnosis 
demography 
55 new agents 
11 dtreferralsatt11 smreferralsatt24 
disease_progression 
H-positive risk:  905 945 134 886 392 126 871 382 118 62 120 59 
H-negative risk:  945 905 871 886 382 392 126 134 120 118 59 62 
New BC onsets:  0
BC status:  4961 39 
BC subtype:  4961 27 12 

clinical_engagement 
diagnosis 
demography 
71 new agents 
10 dtreferralsatt10 smreferralsatt25 
disease_progression 
H-positive risk:  844 867 131 969 384 124 936 378 124 60 125 58 
H-negative risk:  867 844 936 969 378 384 124 131 125 124 58 60 
New BC onsets:  0
BC status:  4961 39 
BC subtype:  4961 27 12 

clinical_engagement 
diagnosis 
demography 
186 new agents 
16 dtreferralsatt16 smreferralsatt26 
disease_progression 
H-positive risk:  870 882 135 931 403 125 918 370 124 59 119 64 
H-negative risk:  882 870 918 931 370 403 125 135 119 124 64 59 
New BC onsets:  0
BC status:  4956 44 
BC subtype:  4956 32 12 

clinical_engagement 
diagnosis 
demography 
61 new agents 
14 dtreferralsatt14 smreferralsatt27 
disease_progression 
H-positive risk:  866 883 135 935 400 124 927 364 123 59 120 64 
H-negative risk:  883 866 927 935 364 400 124 135 120 123 64 59 
New BC onsets:  0
BC status:  4955 45 
BC subtype:  4955 33 12 

clinical_engagement 
diagnosis 
demography 
62 new agents 
16 dtreferralsatt16 smreferralsatt28 
disease_progression 
H-positive risk:  870 888 136 929 392 127 934 365 122 58 116 63 
H-negative risk:  888 870 934 929 365 392 127 136 116 122 63 58 
New BC onsets:  0
BC status:  4954 46 
BC subtype:  4954 34 12 

clinical_engagement 
diagnosis 
demography 
59 new agents 
10 dtreferralsatt10 smreferralsatt29 
disease_progression 
H-positive risk:  876 883 137 926 390 128 936 367 120 55 119 63 
H-negative risk:  883 876 936 926 367 390 128 137 119 120 63 55 
New BC onsets:  0
BC status:  4949 51 
BC subtype:  4949 37 14 

clinical_engagement 
diagnosis 
demography 
52 new agents 
10 dtreferralsatt10 smreferralsatt30 
disease_progression 
H-positive risk:  883 885 137 929 386 128 934 364 122 54 118 60 
H-negative risk:  885 883 934 929 364 386 128 137 118 122 60 54 
New BC onsets:  0
BC status:  4949 51 
BC subtype:  4949 37 14 

clinical_engagement 
diagnosis 
demography 
61 new agents 
12 dtreferralsatt12 smreferralsatt31 
disease_progression 
H-positive risk:  890 881 136 921 386 129 936 370 123 55 115 58 
H-negative risk:  881 890 936 921 370 386 129 136 115 123 58 55 
New BC onsets:  0
BC status:  4949 51 
BC subtype:  4949 38 13 

clinical_engagement 
diagnosis 
demography 
67 new agents 
10 dtreferralsatt10 smreferralsatt32 
disease_progression 
H-positive risk:  890 891 132 924 383 128 934 362 125 55 116 60 
H-negative risk:  891 890 934 924 362 383 128 132 116 125 60 55 
New BC onsets:  0
BC status:  4949 51 
BC subtype:  4949 39 12 

clinical_engagement 
diagnosis 
demography 
56 new agents 
10 dtreferralsatt10 smreferralsatt33 
disease_progression 
H-positive risk:  891 890 133 924 386 127 932 363 124 54 116 60 
H-negative risk:  890 891 932 924 363 386 127 133 116 124 60 54 
New BC onsets:  0
BC status:  4949 51 
BC subtype:  4949 38 13 

clinical_engagement 
diagnosis 
demography 
79 new agents 
9 dtreferralsatt9 smreferralsatt34 
disease_progression 
H-positive risk:  894 891 130 923 387 130 934 357 123 55 117 59 
H-negative risk:  891 894 934 923 357 387 130 130 117 123 59 55 
New BC onsets:  0
BC status:  4945 55 
BC subtype:  4945 40 15 

clinical_engagement 
diagnosis 
demography 
57 new agents 
11 dtreferralsatt11 smreferralsatt35 
disease_progression 
H-positive risk:  897 890 129 922 387 133 929 357 123 54 121 58 
H-negative risk:  890 897 929 922 357 387 133 129 121 123 58 54 
New BC onsets:  0
BC status:  4940 60 
BC subtype:  4940 45 15 

clinical_engagement 
diagnosis 
demography 
82 new agents 
10 dtreferralsatt10 smreferralsatt36 
disease_progression 
H-positive risk:  897 889 128 921 382 136 934 355 121 54 122 61 
H-negative risk:  889 897 934 921 355 382 136 128 122 121 61 54 
New BC onsets:  0
BC status:  4935 65 
BC subtype:  4935 50 15 

clinical_engagement 
diagnosis 
demography 
82 new agents 
13 dtreferralsatt13 smreferralsatt37 
disease_progression 
H-positive risk:  836 824 124 982 378 125 1000 353 131 53 132 62 
H-negative risk:  824 836 1000 982 353 378 125 124 132 131 62 53 
New BC onsets:  0
BC status:  4932 68 
BC subtype:  4932 51 17 

clinical_engagement 
diagnosis 
demography 
145 new agents 
12 dtreferralsatt12 smreferralsatt38 
disease_progression 
H-positive risk:  843 835 128 947 397 125 968 369 123 66 133 66 
H-negative risk:  835 843 968 947 369 397 125 128 133 123 66 66 
New BC onsets:  0
BC status:  4930 70 
BC subtype:  4930 50 20 

clinical_engagement 
diagnosis 
demography 
73 new agents 
3 dtreferralsatt3 smreferralsatt39 
disease_progression 
H-positive risk:  846 845 128 936 402 123 965 373 122 64 131 65 
H-negative risk:  845 846 965 936 373 402 123 128 131 122 65 64 
New BC onsets:  0
BC status:  4928 72 
BC subtype:  4928 52 20 

clinical_engagement 
diagnosis 
demography 
62 new agents 
8 dtreferralsatt8 smreferralsatt40 
disease_progression 
H-positive risk:  852 846 126 938 398 122 966 371 122 62 130 67 
H-negative risk:  846 852 966 938 371 398 122 126 130 122 67 62 
New BC onsets:  0
BC status:  4925 75 
BC subtype:  4925 54 21 

clinical_engagement 
diagnosis 
demography 
67 new agents 
12 dtreferralsatt12 smreferralsatt41 
disease_progression 
H-positive risk:  846 858 127 931 397 120 968 375 122 62 126 68 
H-negative risk:  858 846 968 931 375 397 120 127 126 122 68 62 
New BC onsets:  0
BC status:  4927 73 
BC subtype:  4927 51 22 

clinical_engagement 
diagnosis 
demography 
56 new agents 
10 dtreferralsatt10 smreferralsatt42 
disease_progression 
H-positive risk:  847 865 130 921 396 121 963 378 122 61 126 70 
H-negative risk:  865 847 963 921 378 396 121 130 126 122 70 61 
New BC onsets:  0
BC status:  4925 75 
BC subtype:  4925 53 22 

clinical_engagement 
diagnosis 
demography 
58 new agents 
4 dtreferralsatt4 smreferralsatt43 
disease_progression 
H-positive risk:  844 857 130 923 398 122 975 374 124 63 124 66 
H-negative risk:  857 844 975 923 374 398 122 130 124 124 66 63 
New BC onsets:  0
BC status:  4925 75 
BC subtype:  4925 54 21 

clinical_engagement 
diagnosis 
demography 
63 new agents 
13 dtreferralsatt13 smreferralsatt44 
disease_progression 
H-positive risk:  845 859 127 922 393 124 976 378 121 63 127 65 
H-negative risk:  859 845 976 922 378 393 124 127 127 121 65 63 
New BC onsets:  0
BC status:  4925 75 
BC subtype:  4925 55 20 

clinical_engagement 
diagnosis 
demography 
78 new agents 
11 dtreferralsatt11 smreferralsatt45 
disease_progression 
H-positive risk:  849 859 130 919 393 122 985 373 121 60 126 63 
H-negative risk:  859 849 985 919 373 393 122 130 126 121 63 60 
New BC onsets:  0
BC status:  4924 76 
BC subtype:  4924 56 20 

clinical_engagement 
diagnosis 
demography 
54 new agents 
15 dtreferralsatt15 smreferralsatt46 
disease_progression 
H-positive risk:  849 865 130 917 394 119 987 368 122 61 123 65 
H-negative risk:  865 849 987 917 368 394 119 130 123 122 65 61 
New BC onsets:  0
BC status:  4919 81 
BC subtype:  4919 60 21 

clinical_engagement 
diagnosis 
demography 
65 new agents 
15 dtreferralsatt15 smreferralsatt47 
disease_progression 
H-positive risk:  843 873 131 915 392 118 991 367 120 61 125 64 
H-negative risk:  873 843 991 915 367 392 118 131 125 120 64 61 
New BC onsets:  0
BC status:  4920 80 
BC subtype:  4920 60 20 

clinical_engagement 
diagnosis 
demography 
72 new agents 
13 dtreferralsatt13 smreferralsatt48 
disease_progression 
H-positive risk:  848 876 132 915 390 120 986 363 121 60 125 64 
H-negative risk:  876 848 986 915 363 390 120 132 125 121 64 60 
New BC onsets:  0
BC status:  4919 81 
BC subtype:  4919 62 19 

clinical_engagement 
diagnosis 
demography 
68 new agents 
13 dtreferralsatt13 smreferralsatt49 
disease_progression 
H-positive risk:  789 821 129 976 390 106 1037 362 134 61 131 64 
H-negative risk:  821 789 1037 976 362 390 106 129 131 134 64 61 
New BC onsets:  0
BC status:  4920 80 
BC subtype:  4920 61 19 

clinical_engagement 
diagnosis 
demography 
150 new agents 
13 dtreferralsatt13 smreferralsatt50 
disease_progression 
H-positive risk:  802 835 130 941 408 107 1024 374 131 59 131 58 
H-negative risk:  835 802 1024 941 374 408 107 130 131 131 58 59 
New BC onsets:  0
BC status:  4921 79 
BC subtype:  4921 59 20 

clinical_engagement 
diagnosis 
demography 
71 new agents 
10 dtreferralsatt10 smreferralsatt51 
disease_progression 
H-positive risk:  803 840 131 954 402 109 1020 363 132 57 135 54 
H-negative risk:  840 803 1020 954 363 402 109 131 135 132 54 57 
New BC onsets:  0
BC status:  4923 77 
BC subtype:  4923 58 19 

clinical_engagement 
diagnosis 
demography 
62 new agents 
13 dtreferralsatt13 smreferralsatt52 
disease_progression 
H-positive risk:  806 838 131 959 387 108 1026 358 135 56 140 56 
H-negative risk:  838 806 1026 959 358 387 108 131 140 135 56 56 
New BC onsets:  0
BC status:  4918 82 
BC subtype:  4918 63 19 

clinical_engagement 
diagnosis 
demography 
74 new agents 
9 dtreferralsatt9 smreferralsatt53 
disease_progression 
H-positive risk:  818 841 131 954 391 108 1019 359 132 55 137 55 
H-negative risk:  841 818 1019 954 359 391 108 131 137 132 55 55 
New BC onsets:  0
BC status:  4918 82 
BC subtype:  4918 63 19 

clinical_engagement 
diagnosis 
demography 
70 new agents 
6 dtreferralsatt6 smreferralsatt54 
disease_progression 
H-positive risk:  825 842 132 958 384 107 1014 355 134 57 135 57 
H-negative risk:  842 825 1014 958 355 384 107 132 135 134 57 57 
New BC onsets:  0
BC status:  4915 85 
BC subtype:  4915 66 19 

clinical_engagement 
diagnosis 
demography 
51 new agents 
11 dtreferralsatt11 smreferralsatt55 
disease_progression 
H-positive risk:  824 845 131 950 386 106 1019 352 134 58 134 61 
H-negative risk:  845 824 1019 950 352 386 106 131 134 134 61 58 
New BC onsets:  0
BC status:  4916 84 
BC subtype:  4916 66 18 

clinical_engagement 
diagnosis 
demography 
67 new agents 
10 dtreferralsatt10 smreferralsatt56 
disease_progression 
H-positive risk:  823 853 130 957 381 105 1018 346 134 58 134 61 
H-negative risk:  853 823 1018 957 346 381 105 130 134 134 61 58 
New BC onsets:  0
BC status:  4916 84 
BC subtype:  4916 65 19 

clinical_engagement 
diagnosis 
demography 
85 new agents 
4 dtreferralsatt4 smreferralsatt57 
disease_progression 
H-positive risk:  822 854 131 956 376 104 1024 343 134 59 134 63 
H-negative risk:  854 822 1024 956 343 376 104 131 134 134 63 59 
New BC onsets:  0
BC status:  4914 86 
BC subtype:  4914 67 19 

clinical_engagement 
diagnosis 
demography 
70 new agents 
12 dtreferralsatt12 smreferralsatt58 
disease_progression 
H-positive risk:  827 853 131 957 374 107 1019 347 133 58 132 62 
H-negative risk:  853 827 1019 957 347 374 107 131 132 133 62 58 
New BC onsets:  0
BC status:  4914 86 
BC subtype:  4914 67 19 

clinical_engagement 
diagnosis 
demography 
52 new agents 
6 dtreferralsatt6 smreferralsatt59 
disease_progression 
H-positive risk:  829 859 130 951 372 108 1020 346 133 55 135 62 
H-negative risk:  859 829 1020 951 346 372 108 130 135 133 62 55 
New BC onsets:  0
BC status:  4912 88 
BC subtype:  4912 69 19 

clinical_engagement 
diagnosis 
demography 
86 new agents 
18 dtreferralsatt18 smreferralsatt60 
disease_progression 
H-positive risk:  833 859 129 956 366 110 1021 349 133 52 131 61 
H-negative risk:  859 833 1021 956 349 366 110 129 131 133 61 52 
New BC onsets:  0
BC status:  4913 87 
BC subtype:  4913 68 19 

clinical_engagement 
diagnosis 
demography 
72 new agents 
9 dtreferralsatt9 smreferralsatt61 
disease_progression 
H-positive risk:  785 815 125 1006 367 104 1068 343 140 52 138 57 
H-negative risk:  815 785 1068 1006 343 367 104 125 138 140 57 52 
New BC onsets:  0
BC status:  4912 88 
BC subtype:  4912 68 20 

clinical_engagement 
diagnosis 
demography 
122 new agents 
10 dtreferralsatt10 smreferralsatt62 
disease_progression 
H-positive risk:  786 821 128 999 382 99 1048 357 143 47 131 59 
H-negative risk:  821 786 1048 999 357 382 99 128 131 143 59 47 
New BC onsets:  0
BC status:  4909 91 
BC subtype:  4909 72 19 

clinical_engagement 
diagnosis 
demography 
60 new agents 
8 dtreferralsatt8 smreferralsatt63 
disease_progression 
H-positive risk:  791 814 128 997 381 102 1042 364 140 49 132 60 
H-negative risk:  814 791 1042 997 364 381 102 128 132 140 60 49 
New BC onsets:  0
BC status:  4908 92 
BC subtype:  4908 73 19 

clinical_engagement 
diagnosis 
demography 
66 new agents 
10 dtreferralsatt10 smreferralsatt64 
disease_progression 
H-positive risk:  793 811 129 993 381 103 1041 374 142 47 126 60 
H-negative risk:  811 793 1041 993 374 381 103 129 126 142 60 47 
New BC onsets:  0
BC status:  4907 93 
BC subtype:  4907 74 19 

clinical_engagement 
diagnosis 
demography 
64 new agents 
13 dtreferralsatt13 smreferralsatt65 
disease_progression 
H-positive risk:  792 814 129 993 380 105 1036 375 144 48 125 59 
H-negative risk:  814 792 1036 993 375 380 105 129 125 144 59 48 
New BC onsets:  0
BC status:  4907 93 
BC subtype:  4907 74 19 

clinical_engagement 
diagnosis 
demography 
67 new agents 
12 dtreferralsatt12 smreferralsatt66 
disease_progression 
H-positive risk:  793 816 130 987 382 105 1033 372 147 49 127 59 
H-negative risk:  816 793 1033 987 372 382 105 130 127 147 59 49 
New BC onsets:  0
BC status:  4906 94 
BC subtype:  4906 76 18 

clinical_engagement 
diagnosis 
demography 
63 new agents 
14 dtreferralsatt14 smreferralsatt67 
disease_progression 
H-positive risk:  795 820 132 982 376 105 1037 375 143 47 128 60 
H-negative risk:  820 795 1037 982 375 376 105 132 128 143 60 47 
New BC onsets:  0
BC status:  4903 97 
BC subtype:  4903 79 18 

clinical_engagement 
diagnosis 
demography 
66 new agents 
11 dtreferralsatt11 smreferralsatt68 
disease_progression 
H-positive risk:  796 827 134 985 370 106 1031 380 142 46 126 57 
H-negative risk:  827 796 1031 985 380 370 106 134 126 142 57 46 
New BC onsets:  0
BC status:  4899 101 
BC subtype:  4899 83 18 

clinical_engagement 
diagnosis 
demography 
80 new agents 
9 dtreferralsatt9 smreferralsatt69 
disease_progression 
H-positive risk:  789 818 139 975 372 109 1040 383 141 51 127 56 
H-negative risk:  818 789 1040 975 383 372 109 139 127 141 56 51 
New BC onsets:  0
BC status:  4904 96 
BC subtype:  4904 80 16 

clinical_engagement 
diagnosis 
demography 
68 new agents 
9 dtreferralsatt9 smreferralsatt70 
disease_progression 
H-positive risk:  799 817 138 979 364 108 1034 380 138 53 132 58 
H-negative risk:  817 799 1034 979 380 364 108 138 132 138 58 53 
New BC onsets:  0
BC status:  4905 95 
BC subtype:  4905 81 14 

clinical_engagement 
diagnosis 
demography 
68 new agents 
9 dtreferralsatt9 smreferralsatt71 
disease_progression 
H-positive risk:  807 815 136 985 363 108 1024 386 137 52 131 56 
H-negative risk:  815 807 1024 985 386 363 108 136 131 137 56 52 
New BC onsets:  0
BC status:  4905 95 
BC subtype:  4905 81 14 

clinical_engagement 
diagnosis 
demography 
72 new agents 
9 dtreferralsatt9 smreferralsatt72 
disease_progression 
H-positive risk:  813 818 136 990 359 106 1024 383 135 50 129 57 
H-negative risk:  818 813 1024 990 383 359 106 136 129 135 57 50 
New BC onsets:  0
BC status:  4903 97 
BC subtype:  4903 82 15 

clinical_engagement 
diagnosis 
demography 
66 new agents 
13 dtreferralsatt13 smreferralsatt73 
disease_progression 
H-positive risk:  748 767 127 1045 362 99 1092 374 139 50 141 56 
H-negative risk:  767 748 1092 1045 374 362 99 127 141 139 56 50 
New BC onsets:  0
BC status:  4906 94 
BC subtype:  4906 80 14 

clinical_engagement 
diagnosis 
demography 
119 new agents 
12 dtreferralsatt12 smreferralsatt74 
disease_progression 
H-positive risk:  753 786 124 1024 372 101 1073 389 130 51 138 59 
H-negative risk:  786 753 1073 1024 389 372 101 124 138 130 59 51 
New BC onsets:  0
BC status:  4904 96 
BC subtype:  4904 81 15 

clinical_engagement 
diagnosis 
demography 
76 new agents 
7 dtreferralsatt7 smreferralsatt75 
disease_progression 
H-positive risk:  757 786 126 1014 377 103 1070 392 128 52 138 57 
H-negative risk:  786 757 1070 1014 392 377 103 126 138 128 57 52 
New BC onsets:  0
BC status:  4905 95 
BC subtype:  4905 81 14 

clinical_engagement 
diagnosis 
demography 
59 new agents 
11 dtreferralsatt11 smreferralsatt76 
disease_progression 
H-positive risk:  752 788 128 1016 372 104 1071 389 129 55 137 59 
H-negative risk:  788 752 1071 1016 389 372 104 128 137 129 59 55 
New BC onsets:  0
BC status:  4904 96 
BC subtype:  4904 82 14 

clinical_engagement 
diagnosis 
demography 
69 new agents 
10 dtreferralsatt10 smreferralsatt77 
disease_progression 
H-positive risk:  751 791 129 1021 371 102 1062 389 129 56 138 61 
H-negative risk:  791 751 1062 1021 389 371 102 129 138 129 61 56 
New BC onsets:  0
BC status:  4904 96 
BC subtype:  4904 83 13 

clinical_engagement 
diagnosis 
demography 
58 new agents 
15 dtreferralsatt15 smreferralsatt78 
disease_progression 
H-positive risk:  746 792 128 1022 371 105 1069 386 129 56 139 57 
H-negative risk:  792 746 1069 1022 386 371 105 128 139 129 57 56 
New BC onsets:  0
BC status:  4901 99 
BC subtype:  4901 86 13 

clinical_engagement 
diagnosis 
demography 
64 new agents 
9 dtreferralsatt9 smreferralsatt79 
disease_progression 
H-positive risk:  750 789 128 1027 374 108 1067 375 131 55 137 59 
H-negative risk:  789 750 1067 1027 375 374 108 128 137 131 59 55 
New BC onsets:  0
BC status:  4901 99 
BC subtype:  4901 86 13 

clinical_engagement 
diagnosis 
demography 
58 new agents 
7 dtreferralsatt7 smreferralsatt80 
disease_progression 
H-positive risk:  750 796 127 1035 369 109 1062 376 129 54 135 58 
H-negative risk:  796 750 1062 1035 376 369 109 127 135 129 58 54 
New BC onsets:  0
BC status:  4899 101 
BC subtype:  4899 88 13 

clinical_engagement 
diagnosis 
demography 
67 new agents 
15 dtreferralsatt15 smreferralsatt81 
disease_progression 
H-positive risk:  756 795 126 1036 367 107 1055 378 131 54 138 57 
H-negative risk:  795 756 1055 1036 378 367 107 126 138 131 57 54 
New BC onsets:  0
BC status:  4896 104 
BC subtype:  4896 90 14 

clinical_engagement 
diagnosis 
demography 
70 new agents 
9 dtreferralsatt9 smreferralsatt82 
disease_progression 
H-positive risk:  758 795 130 1034 368 106 1054 384 131 50 136 54 
H-negative risk:  795 758 1054 1034 384 368 106 130 136 131 54 50 
New BC onsets:  0
BC status:  4895 105 
BC subtype:  4895 91 14 

clinical_engagement 
diagnosis 
demography 
66 new agents 
10 dtreferralsatt10 smreferralsatt83 
disease_progression 
H-positive risk:  765 799 129 1028 371 106 1050 380 130 50 138 54 
H-negative risk:  799 765 1050 1028 380 371 106 129 138 130 54 50 
New BC onsets:  0
BC status:  4896 104 
BC subtype:  4896 90 14 

clinical_engagement 
diagnosis 
demography 
63 new agents 
8 dtreferralsatt8 smreferralsatt84 
disease_progression 
H-positive risk:  762 802 125 1022 374 110 1054 378 128 53 140 52 
H-negative risk:  802 762 1054 1022 378 374 110 125 140 128 52 53 
New BC onsets:  0
BC status:  4896 104 
BC subtype:  4896 88 16 

clinical_engagement 
diagnosis 
demography 
72 new agents 
11 dtreferralsatt11 smreferralsatt85 
disease_progression 
H-positive risk:  736 750 112 1083 374 104 1083 374 134 50 149 51 
H-negative risk:  750 736 1083 1083 374 374 104 112 149 134 51 50 
New BC onsets:  0
BC status:  4897 103 
BC subtype:  4897 86 17 

clinical_engagement 
diagnosis 
demography 
105 new agents 
12 dtreferralsatt12 smreferralsatt86 
disease_progression 
H-positive risk:  741 754 112 1074 391 105 1066 379 131 49 153 45 
H-negative risk:  754 741 1066 1074 379 391 105 112 153 131 45 49 
New BC onsets:  0
BC status:  4897 103 
BC subtype:  4897 86 17 

clinical_engagement 
diagnosis 
demography 
86 new agents 
7 dtreferralsatt7 smreferralsatt87 
disease_progression 
H-positive risk:  736 762 116 1062 387 105 1072 377 135 50 153 45 
H-negative risk:  762 736 1072 1062 377 387 105 116 153 135 45 50 
New BC onsets:  0
BC status:  4896 104 
BC subtype:  4896 87 17 

clinical_engagement 
diagnosis 
demography 
66 new agents 
6 dtreferralsatt6 smreferralsatt88 
disease_progression 
H-positive risk:  740 763 112 1061 385 105 1066 381 135 50 157 45 
H-negative risk:  763 740 1066 1061 381 385 105 112 157 135 45 50 
New BC onsets:  0
BC status:  4894 106 
BC subtype:  4894 87 19 

clinical_engagement 
diagnosis 
demography 
72 new agents 
15 dtreferralsatt15 smreferralsatt89 
disease_progression 
H-positive risk:  747 761 111 1064 379 106 1066 375 137 50 161 43 
H-negative risk:  761 747 1066 1064 375 379 106 111 161 137 43 50 
New BC onsets:  0
BC status:  4893 107 
BC subtype:  4893 88 19 

clinical_engagement 
diagnosis 
demography 
75 new agents 
5 dtreferralsatt5 smreferralsatt90 
disease_progression 
H-positive risk:  757 761 110 1062 381 105 1054 378 138 52 158 44 
H-negative risk:  761 757 1054 1062 378 381 105 110 158 138 44 52 
New BC onsets:  0
BC status:  4893 107 
BC subtype:  4893 88 19 

clinical_engagement 
diagnosis 
demography 
77 new agents 
7 dtreferralsatt7 smreferralsatt91 
disease_progression 
H-positive risk:  762 762 105 1059 381 104 1056 373 137 54 164 43 
H-negative risk:  762 762 1056 1059 373 381 104 105 164 137 43 54 
New BC onsets:  0
BC status:  4896 104 
BC subtype:  4896 84 20 

clinical_engagement 
diagnosis 
demography 
82 new agents 
6 dtreferralsatt6 smreferralsatt92 
disease_progression 
H-positive risk:  753 771 105 1062 378 104 1060 367 140 52 163 45 
H-negative risk:  771 753 1060 1062 367 378 104 105 163 140 45 52 
New BC onsets:  0
BC status:  4898 102 
BC subtype:  4898 81 21 

clinical_engagement 
diagnosis 
demography 
67 new agents 
13 dtreferralsatt13 smreferralsatt93 
disease_progression 
H-positive risk:  748 770 106 1052 387 104 1064 365 141 54 163 46 
H-negative risk:  770 748 1064 1052 365 387 104 106 163 141 46 54 
New BC onsets:  0
BC status:  4898 102 
BC subtype:  4898 80 22 

clinical_engagement 
diagnosis 
demography 
58 new agents 
8 dtreferralsatt8 smreferralsatt94 
disease_progression 
H-positive risk:  748 772 104 1053 388 102 1069 359 144 52 160 49 
H-negative risk:  772 748 1069 1053 359 388 102 104 160 144 49 52 
New BC onsets:  0
BC status:  4899 101 
BC subtype:  4899 77 24 

clinical_engagement 
diagnosis 
demography 
65 new agents 
14 dtreferralsatt14 smreferralsatt95 
disease_progression 
H-positive risk:  746 772 106 1051 389 100 1077 354 144 52 159 50 
H-negative risk:  772 746 1077 1051 354 389 100 106 159 144 50 52 
New BC onsets:  0
BC status:  4897 103 
BC subtype:  4897 80 23 

clinical_engagement 
diagnosis 
demography 
62 new agents 
11 dtreferralsatt11 smreferralsatt96 
disease_progression 
H-positive risk:  739 766 109 1048 393 102 1085 355 144 52 158 49 
H-negative risk:  766 739 1085 1048 355 393 102 109 158 144 49 52 
New BC onsets:  0
BC status:  4896 104 
BC subtype:  4896 81 23 

clinical_engagement 
diagnosis 
demography 
62 new agents 
14 dtreferralsatt14 smreferralsatt97 
disease_progression 
H-positive risk:  687 726 103 1084 387 92 1146 355 150 54 166 50 
H-negative risk:  726 687 1146 1084 355 387 92 103 166 150 50 54 
New BC onsets:  0
BC status:  4897 103 
BC subtype:  4897 80 23 

clinical_engagement 
diagnosis 
demography 
115 new agents 
11 dtreferralsatt11 smreferralsatt98 
disease_progression 
H-positive risk:  686 726 104 1077 399 91 1133 368 146 56 160 54 
H-negative risk:  726 686 1133 1077 368 399 91 104 160 146 54 56 
New BC onsets:  0
BC status:  4897 103 
BC subtype:  4897 79 24 

clinical_engagement 
diagnosis 
demography 
70 new agents 
10 dtreferralsatt10 smreferralsatt99 
disease_progression 
H-positive risk:  694 725 102 1072 401 89 1136 361 148 54 163 55 
H-negative risk:  725 694 1136 1072 361 401 89 102 163 148 55 54 
New BC onsets:  0
BC status:  4895 105 
BC subtype:  4895 81 24 

clinical_engagement 
diagnosis 
demography 
81 new agents 
7 dtreferralsatt7 smreferralsatt100 
disease_progression 
H-positive risk:  695 729 101 1065 405 89 1133 362 150 54 164 53 
H-negative risk:  729 695 1133 1065 362 405 89 101 164 150 53 54 
New BC onsets:  0
BC status:  4894 106 
BC subtype:  4894 82 24 

clinical_engagement 
diagnosis 
demography 
78 new agents 
6 dtreferralsatt6 smreferralsatt101 
disease_progression 
H-positive risk:  704 726 105 1062 402 93 1127 364 148 54 161 54 
H-negative risk:  726 704 1127 1062 364 402 93 105 161 148 54 54 
New BC onsets:  0
BC status:  4895 105 
BC subtype:  4895 81 24 

clinical_engagement 
diagnosis 
demography 
78 new agents 
8 dtreferralsatt8 smreferralsatt102 
disease_progression 
H-positive risk:  706 722 103 1068 403 95 1130 364 146 51 161 51 
H-negative risk:  722 706 1130 1068 364 403 95 103 161 146 51 51 
New BC onsets:  0
BC status:  4896 104 
BC subtype:  4896 80 24 

clinical_engagement 
diagnosis 
demography 
54 new agents 
16 dtreferralsatt16 smreferralsatt103 
disease_progression 
H-positive risk:  711 721 103 1071 402 94 1127 367 145 48 161 50 
H-negative risk:  721 711 1127 1071 367 402 94 103 161 145 50 48 
New BC onsets:  0
BC status:  4897 103 
BC subtype:  4897 79 24 

clinical_engagement 
diagnosis 
demography 
73 new agents 
11 dtreferralsatt11 smreferralsatt104 
disease_progression 
H-positive risk:  707 727 107 1079 399 91 1121 370 141 47 161 50 
H-negative risk:  727 707 1121 1079 370 399 91 107 161 141 50 47 
New BC onsets:  0
BC status:  4896 104 
BC subtype:  4896 80 24 

clinical_engagement 
diagnosis 
demography 
64 new agents 
15 dtreferralsatt15 smreferralsatt105 
disease_progression 
H-positive risk:  702 717 107 1094 397 92 1124 366 139 49 159 54 
H-negative risk:  717 702 1124 1094 366 397 92 107 159 139 54 49 
New BC onsets:  0
BC status:  4896 104 
BC subtype:  4896 80 24 

clinical_engagement 
diagnosis 
demography 
72 new agents 
12 dtreferralsatt12 smreferralsatt106 
disease_progression 
H-positive risk:  705 717 108 1086 400 90 1116 370 140 52 160 56 
H-negative risk:  717 705 1116 1086 370 400 90 108 160 140 56 52 
New BC onsets:  0
BC status:  4896 104 
BC subtype:  4896 81 23 

clinical_engagement 
diagnosis 
demography 
74 new agents 
13 dtreferralsatt13 smreferralsatt107 
disease_progression 
H-positive risk:  712 714 105 1087 394 92 1112 376 144 51 158 55 
H-negative risk:  714 712 1112 1087 376 394 92 105 158 144 55 51 
New BC onsets:  0
BC status:  4896 104 
BC subtype:  4896 81 23 

clinical_engagement 
diagnosis 
demography 
68 new agents 
12 dtreferralsatt12 smreferralsatt108 
disease_progression 
H-positive risk:  718 707 108 1091 392 88 1104 384 145 50 153 60 
H-negative risk:  707 718 1104 1091 384 392 88 108 153 145 60 50 
New BC onsets:  0
BC status:  4894 106 
BC subtype:  4894 83 23 

clinical_engagement 
diagnosis 
demography 
70 new agents 
6 dtreferralsatt6 smreferralsatt109 
disease_progression 
H-positive risk:  672 663 103 1137 387 81 1151 381 156 50 160 59 
H-negative risk:  663 672 1151 1137 381 387 81 103 160 156 59 50 
New BC onsets:  0
BC status:  4893 107 
BC subtype:  4893 84 23 

clinical_engagement 
diagnosis 
demography 
102 new agents 
7 dtreferralsatt7 smreferralsatt110 
disease_progression 
H-positive risk:  678 666 101 1120 384 84 1137 396 150 59 168 57 
H-negative risk:  666 678 1137 1120 396 384 84 101 168 150 57 59 
New BC onsets:  0
BC status:  4893 107 
BC subtype:  4893 84 23 

clinical_engagement 
diagnosis 
demography 
63 new agents 
7 dtreferralsatt7 smreferralsatt111 
disease_progression 
H-positive risk:  674 670 102 1123 377 86 1128 405 150 60 168 57 
H-negative risk:  670 674 1128 1123 405 377 86 102 168 150 57 60 
New BC onsets:  0
BC status:  4892 108 
BC subtype:  4892 86 22 

clinical_engagement 
diagnosis 
demography 
69 new agents 
9 dtreferralsatt9 smreferralsatt112 
disease_progression 
H-positive risk:  668 665 103 1127 384 86 1132 402 151 59 167 56 
H-negative risk:  665 668 1132 1127 402 384 86 103 167 151 56 59 
New BC onsets:  0
BC status:  4889 111 
BC subtype:  4889 88 23 

clinical_engagement 
diagnosis 
demography 
86 new agents 
11 dtreferralsatt11 smreferralsatt113 
disease_progression 
H-positive risk:  678 660 104 1124 386 86 1126 399 151 61 168 57 
H-negative risk:  660 678 1126 1124 399 386 86 104 168 151 57 61 
New BC onsets:  0
BC status:  4888 112 
BC subtype:  4888 88 24 

clinical_engagement 
diagnosis 
demography 
71 new agents 
9 dtreferralsatt9 smreferralsatt114 
disease_progression 
H-positive risk:  681 669 103 1114 389 84 1116 407 152 59 167 59 
H-negative risk:  669 681 1116 1114 407 389 84 103 167 152 59 59 
New BC onsets:  0
BC status:  4886 114 
BC subtype:  4886 88 26 

clinical_engagement 
diagnosis 
demography 
80 new agents 
9 dtreferralsatt9 smreferralsatt115 
disease_progression 
H-positive risk:  680 684 102 1117 377 82 1118 405 150 59 167 59 
H-negative risk:  684 680 1118 1117 405 377 82 102 167 150 59 59 
New BC onsets:  0
BC status:  4891 109 
BC subtype:  4891 84 25 

clinical_engagement 
diagnosis 
demography 
68 new agents 
13 dtreferralsatt13 smreferralsatt116 
disease_progression 
H-positive risk:  677 679 102 1118 384 81 1111 407 150 64 169 58 
H-negative risk:  679 677 1111 1118 407 384 81 102 169 150 58 64 
New BC onsets:  0
BC status:  4894 106 
BC subtype:  4894 83 23 

clinical_engagement 
diagnosis 
demography 
91 new agents 
14 dtreferralsatt14 smreferralsatt117 
disease_progression 
H-positive risk:  681 679 101 1115 389 84 1118 392 151 64 170 56 
H-negative risk:  679 681 1118 1115 392 389 84 101 170 151 56 64 
New BC onsets:  0
BC status:  4897 103 
BC subtype:  4897 79 24 

clinical_engagement 
diagnosis 
demography 
66 new agents 
6 dtreferralsatt6 smreferralsatt118 
disease_progression 
H-positive risk:  680 677 100 1114 391 84 1115 395 153 63 173 55 
H-negative risk:  677 680 1115 1114 395 391 84 100 173 153 55 63 
New BC onsets:  0
BC status:  4896 104 
BC subtype:  4896 80 24 

clinical_engagement 
diagnosis 
demography 
70 new agents 
16 dtreferralsatt16 smreferralsatt119 
disease_progression 
H-positive risk:  680 677 101 1116 393 84 1117 394 150 64 170 54 
H-negative risk:  677 680 1117 1116 394 393 84 101 170 150 54 64 
New BC onsets:  0
BC status:  4895 105 
BC subtype:  4895 81 24 

clinical_engagement 
diagnosis 
demography 
82 new agents 
10 dtreferralsatt10 smreferralsatt120 
disease_progression 
H-positive risk:  677 680 101 1112 395 82 1122 389 150 68 171 53 
H-negative risk:  680 677 1122 1112 389 395 82 101 171 150 53 68 
New BC onsets:  0
BC status:  4894 106 
BC subtype:  4894 79 27 

clinical_engagement 
diagnosis 
demography 
71 new agents 
9 dtreferralsatt9 smreferralsatt121 
disease_progression 
H-positive risk:  647 649 93 1146 389 76 1155 391 158 66 176 54 
H-negative risk:  649 647 1155 1146 391 389 76 93 176 158 54 66 
New BC onsets:  0
BC status:  4895 105 
BC subtype:  4895 78 27 

clinical_engagement 
diagnosis 
demography 
90 new agents 
9 dtreferralsatt9 smreferralsatt122 
disease_progression 
H-positive risk:  648 640 90 1129 398 78 1155 411 158 62 178 53 
H-negative risk:  640 648 1155 1129 411 398 78 90 178 158 53 62 
New BC onsets:  0
BC status:  4896 104 
BC subtype:  4896 77 27 

clinical_engagement 
diagnosis 
demography 
75 new agents 
8 dtreferralsatt8 smreferralsatt123 
disease_progression 
H-positive risk:  649 639 89 1132 395 79 1157 414 155 60 174 57 
H-negative risk:  639 649 1157 1132 414 395 79 89 174 155 57 60 
New BC onsets:  0
BC status:  4896 104 
BC subtype:  4896 77 27 

clinical_engagement 
diagnosis 
demography 
81 new agents 
10 dtreferralsatt10 smreferralsatt124 
disease_progression 
H-positive risk:  643 644 87 1141 392 78 1160 416 153 59 171 56 
H-negative risk:  644 643 1160 1141 416 392 78 87 171 153 56 59 
New BC onsets:  0
BC status:  4899 101 
BC subtype:  4899 75 26 

clinical_engagement 
diagnosis 
demography 
68 new agents 
8 dtreferralsatt8 smreferralsatt125 
disease_progression 
H-positive risk:  644 647 87 1148 386 78 1155 416 153 59 173 54 
H-negative risk:  647 644 1155 1148 416 386 78 87 173 153 54 59 
New BC onsets:  0
BC status:  4900 100 
BC subtype:  4900 74 26 

clinical_engagement 
diagnosis 
demography 
62 new agents 
9 dtreferralsatt9 smreferralsatt126 
disease_progression 
H-positive risk:  648 644 88 1152 382 77 1161 409 152 60 174 53 
H-negative risk:  644 648 1161 1152 409 382 77 88 174 152 53 60 
New BC onsets:  0
BC status:  4898 102 
BC subtype:  4898 75 27 

clinical_engagement 
diagnosis 
demography 
89 new agents 
15 dtreferralsatt15 smreferralsatt127 
disease_progression 
H-positive risk:  657 641 87 1172 373 75 1148 409 151 58 176 53 
H-negative risk:  641 657 1148 1172 409 373 75 87 176 151 53 58 
New BC onsets:  0
BC status:  4899 101 
BC subtype:  4899 74 27 

clinical_engagement 
diagnosis 
demography 
87 new agents 
7 dtreferralsatt7 smreferralsatt128 
disease_progression 
H-positive risk:  657 639 87 1169 378 77 1151 406 149 57 175 55 
H-negative risk:  639 657 1151 1169 406 378 77 87 175 149 55 57 
New BC onsets:  0
BC status:  4902 98 
BC subtype:  4902 72 26 

clinical_engagement 
diagnosis 
demography 
71 new agents 
13 dtreferralsatt13 smreferralsatt129 
disease_progression 
H-positive risk:  660 645 86 1177 373 79 1144 409 145 56 173 53 
H-negative risk:  645 660 1144 1177 409 373 79 86 173 145 53 56 
New BC onsets:  0
BC status:  4902 98 
BC subtype:  4902 72 26 

clinical_engagement 
diagnosis 
demography 
63 new agents 
10 dtreferralsatt10 smreferralsatt130 
disease_progression 
H-positive risk:  666 645 86 1174 376 80 1141 411 143 53 174 51 
H-negative risk:  645 666 1141 1174 411 376 80 86 174 143 51 53 
New BC onsets:  0
BC status:  4901 99 
BC subtype:  4901 73 26 

clinical_engagement 
diagnosis 
demography 
72 new agents 
15 dtreferralsatt15 smreferralsatt131 
disease_progression 
H-positive risk:  670 641 83 1179 376 80 1136 409 146 53 178 49 
H-negative risk:  641 670 1136 1179 409 376 80 83 178 146 49 53 
New BC onsets:  0
BC status:  4898 102 
BC subtype:  4898 75 27 

clinical_engagement 
diagnosis 
demography 
70 new agents 
11 dtreferralsatt11 smreferralsatt132 
disease_progression 
H-positive risk:  675 640 85 1177 375 82 1138 407 142 51 179 49 
H-negative risk:  640 675 1138 1177 407 375 82 85 179 142 49 51 
New BC onsets:  0
BC status:  4898 102 
BC subtype:  4898 74 28 

clinical_engagement 
diagnosis 
demography 
80 new agents 
7 dtreferralsatt7 smreferralsatt133 
disease_progression 
H-positive risk:  676 642 85 1180 366 82 1144 410 142 51 172 50 
H-negative risk:  642 676 1144 1180 410 366 82 85 172 142 50 51 
New BC onsets:  0
BC status:  4897 103 
BC subtype:  4897 76 27 

clinical_engagement 
diagnosis 
demography 
94 new agents 
9 dtreferralsatt9 smreferralsatt134 
disease_progression 
H-positive risk:  666 644 86 1180 376 80 1141 417 143 51 165 51 
H-negative risk:  644 666 1141 1180 417 376 80 86 165 143 51 51 
New BC onsets:  0
BC status:  4890 110 
BC subtype:  4890 81 29 

clinical_engagement 
diagnosis 
demography 
88 new agents 
12 dtreferralsatt12 smreferralsatt135 
disease_progression 
H-positive risk:  669 643 87 1190 375 80 1125 420 142 53 166 50 
H-negative risk:  643 669 1125 1190 420 375 80 87 166 142 50 53 
New BC onsets:  0
BC status:  4889 111 
BC subtype:  4889 83 28 

clinical_engagement 
diagnosis 
demography 
70 new agents 
7 dtreferralsatt7 smreferralsatt136 
disease_progression 
H-positive risk:  669 646 85 1193 376 77 1125 415 144 52 166 52 
H-negative risk:  646 669 1125 1193 415 376 77 85 166 144 52 52 
New BC onsets:  0
BC status:  4889 111 
BC subtype:  4889 83 28 

clinical_engagement 
diagnosis 
demography 
63 new agents 
7 dtreferralsatt7 smreferralsatt137 
disease_progression 
H-positive risk:  674 646 87 1191 372 77 1125 415 145 51 166 51 
H-negative risk:  646 674 1125 1191 415 372 77 87 166 145 51 51 
New BC onsets:  0
BC status:  4889 111 
BC subtype:  4889 82 29 

clinical_engagement 
diagnosis 
demography 
78 new agents 
17 dtreferralsatt17 smreferralsatt138 
disease_progression 
H-positive risk:  670 643 87 1188 371 82 1126 415 147 50 168 53 
H-negative risk:  643 670 1126 1188 415 371 82 87 168 147 53 50 
New BC onsets:  0
BC status:  4888 112 
BC subtype:  4888 85 27 

clinical_engagement 
diagnosis 
demography 
71 new agents 
13 dtreferralsatt13 smreferralsatt139 
disease_progression 
H-positive risk:  668 633 88 1190 379 81 1127 421 143 52 168 50 
H-negative risk:  633 668 1127 1190 421 379 81 88 168 143 50 52 
New BC onsets:  0
BC status:  4892 108 
BC subtype:  4892 81 27 

clinical_engagement 
diagnosis 
demography 
73 new agents 
14 dtreferralsatt14 smreferralsatt140 
disease_progression 
H-positive risk:  663 638 91 1192 381 84 1123 416 142 50 168 52 
H-negative risk:  638 663 1123 1192 416 381 84 91 168 142 52 50 
New BC onsets:  0
BC status:  4895 105 
BC subtype:  4895 80 25 

clinical_engagement 
diagnosis 
demography 
79 new agents 
11 dtreferralsatt11 smreferralsatt141 
disease_progression 
H-positive risk:  658 651 88 1191 377 83 1128 413 142 50 166 53 
H-negative risk:  651 658 1128 1191 413 377 83 88 166 142 53 50 
New BC onsets:  0
BC status:  4898 102 
BC subtype:  4898 78 24 

clinical_engagement 
diagnosis 
demography 
67 new agents 
10 dtreferralsatt10 smreferralsatt142 
disease_progression 
H-positive risk:  664 650 86 1199 371 84 1130 404 142 50 166 54 
H-negative risk:  650 664 1130 1199 404 371 84 86 166 142 54 50 
New BC onsets:  0
BC status:  4899 101 
BC subtype:  4899 76 25 

clinical_engagement 
diagnosis 
demography 
66 new agents 
9 dtreferralsatt9 smreferralsatt143 
disease_progression 
H-positive risk:  664 653 87 1202 371 84 1130 401 141 49 165 53 
H-negative risk:  653 664 1130 1202 401 371 84 87 165 141 53 49 
New BC onsets:  0
BC status:  4895 105 
BC subtype:  4895 79 26 

clinical_engagement 
diagnosis 
demography 
69 new agents 
16 dtreferralsatt16 smreferralsatt144 
disease_progression 
H-positive risk:  666 653 84 1199 371 83 1135 402 143 47 164 53 
H-negative risk:  653 666 1135 1199 402 371 83 84 164 143 53 47 
New BC onsets:  0
BC status:  4894 106 
BC subtype:  4894 80 26 

clinical_engagement 
diagnosis 
demography 
99 new agents 
9 dtreferralsatt9 smreferralsatt145 
disease_progression 
H-positive risk:  664 654 85 1201 374 85 1140 388 147 45 164 53 
H-negative risk:  654 664 1140 1201 388 374 85 85 164 147 53 45 
New BC onsets:  0
BC status:  4894 106 
BC subtype:  4894 79 27 

clinical_engagement 
diagnosis 
demography 
90 new agents 
16 dtreferralsatt16 smreferralsatt146 
disease_progression 
H-positive risk:  660 651 85 1190 385 89 1129 397 146 45 170 53 
H-negative risk:  651 660 1129 1190 397 385 89 85 170 146 53 45 
New BC onsets:  0
BC status:  4893 107 
BC subtype:  4893 80 27 

clinical_engagement 
diagnosis 
demography 
65 new agents 
15 dtreferralsatt15 smreferralsatt147 
disease_progression 
H-positive risk:  654 653 87 1181 392 90 1122 401 144 48 175 53 
H-negative risk:  653 654 1122 1181 401 392 90 87 175 144 53 48 
New BC onsets:  0
BC status:  4893 107 
BC subtype:  4893 80 27 

clinical_engagement 
diagnosis 
demography 
89 new agents 
7 dtreferralsatt7 smreferralsatt148 
disease_progression 
H-positive risk:  650 664 84 1175 386 92 1127 402 144 46 176 54 
H-negative risk:  664 650 1127 1175 402 386 92 84 176 144 54 46 
New BC onsets:  0
BC status:  4888 112 
BC subtype:  4888 84 28 

clinical_engagement 
diagnosis 
demography 
76 new agents 
7 dtreferralsatt7 smreferralsatt149 
disease_progression 
H-positive risk:  649 663 85 1167 397 92 1130 400 146 44 174 53 
H-negative risk:  663 649 1130 1167 400 397 92 85 174 146 53 44 
New BC onsets:  0
BC status:  4888 112 
BC subtype:  4888 86 26 

clinical_engagement 
diagnosis 
demography 
64 new agents 
8 dtreferralsatt8 smreferralsatt150 
disease_progression 
H-positive risk:  650 656 86 1168 399 91 1131 398 151 40 176 54 
H-negative risk:  656 650 1131 1168 398 399 91 86 176 151 54 40 
New BC onsets:  0
BC status:  4884 116 
BC subtype:  4884 89 27 

clinical_engagement 
diagnosis 
demography 
82 new agents 
11 dtreferralsatt11 smreferralsatt151 
disease_progression 
H-positive risk:  655 661 85 1164 392 91 1130 398 154 40 176 54 
H-negative risk:  661 655 1130 1164 398 392 91 85 176 154 54 40 
New BC onsets:  0
BC status:  4888 112 
BC subtype:  4888 87 25 

clinical_engagement 
diagnosis 
demography 
74 new agents 
9 dtreferralsatt9 smreferralsatt152 
disease_progression 
H-positive risk:  658 663 85 1159 387 89 1121 409 158 39 176 56 
H-negative risk:  663 658 1121 1159 409 387 89 85 176 158 56 39 
New BC onsets:  0
BC status:  4890 110 
BC subtype:  4890 85 25 

clinical_engagement 
diagnosis 
demography 
81 new agents 
13 dtreferralsatt13 smreferralsatt153 
disease_progression 
H-positive risk:  657 666 83 1158 387 90 1118 410 155 38 181 57 
H-negative risk:  666 657 1118 1158 410 387 90 83 181 155 57 38 
New BC onsets:  0
BC status:  4888 112 
BC subtype:  4888 87 25 

clinical_engagement 
diagnosis 
demography 
79 new agents 
4 dtreferralsatt4 smreferralsatt154 
disease_progression 
H-positive risk:  659 664 81 1158 390 90 1120 408 154 39 182 55 
H-negative risk:  664 659 1120 1158 408 390 90 81 182 154 55 39 
New BC onsets:  0
BC status:  4888 112 
BC subtype:  4888 87 25 

clinical_engagement 
diagnosis 
demography 
82 new agents 
5 dtreferralsatt5 smreferralsatt155 
disease_progression 
H-positive risk:  659 660 85 1156 385 90 1121 410 155 43 181 55 
H-negative risk:  660 659 1121 1156 410 385 90 85 181 155 55 43 
New BC onsets:  0
BC status:  4892 108 
BC subtype:  4892 84 24 

clinical_engagement 
diagnosis 
demography 
76 new agents 
9 dtreferralsatt9 smreferralsatt156 
disease_progression 
H-positive risk:  659 669 85 1153 378 90 1126 414 153 41 178 54 
H-negative risk:  669 659 1126 1153 414 378 90 85 178 153 54 41 
New BC onsets:  0
BC status:  4896 104 
BC subtype:  4896 82 22 

clinical_engagement 
diagnosis 
demography 
74 new agents 
10 dtreferralsatt10 smreferralsatt157 
disease_progression 
H-positive risk:  651 662 86 1151 383 92 1140 412 151 41 177 54 
H-negative risk:  662 651 1140 1151 412 383 92 86 177 151 54 41 
New BC onsets:  0
BC status:  4895 105 
BC subtype:  4895 84 21 

clinical_engagement 
diagnosis 
demography 
89 new agents 
14 dtreferralsatt14 smreferralsatt158 
disease_progression 
H-positive risk:  652 646 87 1152 386 91 1135 424 150 45 178 54 
H-negative risk:  646 652 1135 1152 424 386 91 87 178 150 54 45 
New BC onsets:  0
BC status:  4891 109 
BC subtype:  4891 87 22 

clinical_engagement 
diagnosis 
demography 
86 new agents 
16 dtreferralsatt16 smreferralsatt159 
disease_progression 
H-positive risk:  653 653 87 1149 387 94 1124 421 151 47 175 59 
H-negative risk:  653 653 1124 1149 421 387 94 87 175 151 59 47 
New BC onsets:  0
BC status:  4892 108 
BC subtype:  4892 85 23 

clinical_engagement 
diagnosis 
demography 
86 new agents 
7 dtreferralsatt7 smreferralsatt160 
disease_progression 
H-positive risk:  653 653 87 1149 382 99 1139 412 151 42 169 64 
H-negative risk:  653 653 1139 1149 412 382 99 87 169 151 64 42 
New BC onsets:  0
BC status:  4891 109 
BC subtype:  4891 87 22 

clinical_engagement 
diagnosis 
demography 
77 new agents 
7 dtreferralsatt7 smreferralsatt161 
disease_progression 
H-positive risk:  661 642 85 1151 389 100 1132 410 150 45 169 66 
H-negative risk:  642 661 1132 1151 410 389 100 85 169 150 66 45 
New BC onsets:  0
BC status:  4888 112 
BC subtype:  4888 89 23 

clinical_engagement 
diagnosis 
demography 
95 new agents 
9 dtreferralsatt9 smreferralsatt162 
disease_progression 
H-positive risk:  663 644 88 1155 386 99 1124 416 149 44 164 68 
H-negative risk:  644 663 1124 1155 416 386 99 88 164 149 68 44 
New BC onsets:  0
BC status:  4892 108 
BC subtype:  4892 86 22 

clinical_engagement 
diagnosis 
demography 
82 new agents 
6 dtreferralsatt6 smreferralsatt163 
disease_progression 
H-positive risk:  657 646 88 1155 383 100 1131 418 141 50 161 70 
H-negative risk:  646 657 1131 1155 418 383 100 88 161 141 70 50 
New BC onsets:  0
BC status:  4894 106 
BC subtype:  4894 83 23 

clinical_engagement 
diagnosis 
demography 
67 new agents 
7 dtreferralsatt7 smreferralsatt164 
disease_progression 
H-positive risk:  658 647 91 1159 384 99 1125 416 142 48 162 69 
H-negative risk:  647 658 1125 1159 416 384 99 91 162 142 69 48 
New BC onsets:  0
BC status:  4895 105 
BC subtype:  4895 84 21 

clinical_engagement 
diagnosis 
demography 
58 new agents 
13 dtreferralsatt13 smreferralsatt165 
disease_progression 
H-positive risk:  653 650 91 1161 390 98 1122 417 141 48 163 66 
H-negative risk:  650 653 1122 1161 417 390 98 91 163 141 66 48 
New BC onsets:  0
BC status:  4895 105 
BC subtype:  4895 84 21 

clinical_engagement 
diagnosis 
demography 
62 new agents 
19 dtreferralsatt19 smreferralsatt166 
disease_progression 
H-positive risk:  649 656 91 1157 381 99 1132 414 141 50 163 67 
H-negative risk:  656 649 1132 1157 414 381 99 91 163 141 67 50 
New BC onsets:  0
BC status:  4896 104 
BC subtype:  4896 82 22 

clinical_engagement 
diagnosis 
demography 
84 new agents 
5 dtreferralsatt5 smreferralsatt167 
disease_progression 
H-positive risk:  650 660 91 1157 386 98 1124 411 143 51 165 64 
H-negative risk:  660 650 1124 1157 411 386 98 91 165 143 64 51 
New BC onsets:  0
BC status:  4895 105 
BC subtype:  4895 82 23 

clinical_engagement 
diagnosis 
demography 
67 new agents 
17 dtreferralsatt17 smreferralsatt168 
disease_progression 
H-positive risk:  647 663 89 1154 383 99 1136 409 142 50 162 66 
H-negative risk:  663 647 1136 1154 409 383 99 89 162 142 66 50 
New BC onsets:  0
BC status:  4895 105 
BC subtype:  4895 82 23 

clinical_engagement 
diagnosis 
demography 
70 new agents 
13 dtreferralsatt13 smreferralsatt169 
disease_progression 
H-positive risk:  648 663 88 1151 388 100 1136 404 144 50 163 65 
H-negative risk:  663 648 1136 1151 404 388 100 88 163 144 65 50 
New BC onsets:  0
BC status:  4896 104 
BC subtype:  4896 82 22 

clinical_engagement 
diagnosis 
demography 
68 new agents 
14 dtreferralsatt14 smreferralsatt170 
disease_progression 
H-positive risk:  649 650 87 1153 398 99 1131 410 142 53 162 66 
H-negative risk:  650 649 1131 1153 410 398 99 87 162 142 66 53 
New BC onsets:  0
BC status:  4895 105 
BC subtype:  4895 82 23 

clinical_engagement 
diagnosis 
demography 
87 new agents 
4 dtreferralsatt4 smreferralsatt171 
disease_progression 
H-positive risk:  645 647 87 1155 392 100 1141 409 144 53 162 65 
H-negative risk:  647 645 1141 1155 409 392 100 87 162 144 65 53 
New BC onsets:  0
BC status:  4895 105 
BC subtype:  4895 82 23 

clinical_engagement 
diagnosis 
demography 
82 new agents 
12 dtreferralsatt12 smreferralsatt172 
disease_progression 
H-positive risk:  646 653 89 1151 392 99 1139 403 144 55 162 67 
H-negative risk:  653 646 1139 1151 403 392 99 89 162 144 67 55 
New BC onsets:  0
BC status:  4895 105 
BC subtype:  4895 83 22 

clinical_engagement 
diagnosis 
demography 
80 new agents 
11 dtreferralsatt11 smreferralsatt173 
disease_progression 
H-positive risk:  642 660 89 1150 390 96 1142 405 143 55 163 65 
H-negative risk:  660 642 1142 1150 405 390 96 89 163 143 65 55 
New BC onsets:  0
BC status:  4897 103 
BC subtype:  4897 81 22 

clinical_engagement 
diagnosis 
demography 
74 new agents 
11 dtreferralsatt11 smreferralsatt174 
disease_progression 
H-positive risk:  632 669 87 1150 388 96 1151 401 143 51 165 67 
H-negative risk:  669 632 1151 1150 401 388 96 87 165 143 67 51 
New BC onsets:  0
BC status:  4900 100 
BC subtype:  4900 80 20 

clinical_engagement 
diagnosis 
demography 
65 new agents 
4 dtreferralsatt4 smreferralsatt175 
disease_progression 
H-positive risk:  634 662 86 1157 390 96 1145 405 144 51 164 66 
H-negative risk:  662 634 1145 1157 405 390 96 86 164 144 66 51 
New BC onsets:  0
BC status:  4902 98 
BC subtype:  4902 79 19 

clinical_engagement 
diagnosis 
demography 
79 new agents 
7 dtreferralsatt7 smreferralsatt176 
disease_progression 
H-positive risk:  631 662 87 1155 385 96 1162 398 145 50 164 65 
H-negative risk:  662 631 1162 1155 398 385 96 87 164 145 65 50 
New BC onsets:  0
BC status:  4899 101 
BC subtype:  4899 83 18 

clinical_engagement 
diagnosis 
demography 
74 new agents 
6 dtreferralsatt6 smreferralsatt177 
disease_progression 
H-positive risk:  641 660 86 1151 383 97 1157 396 149 52 163 65 
H-negative risk:  660 641 1157 1151 396 383 97 86 163 149 65 52 
New BC onsets:  0
BC status:  4901 99 
BC subtype:  4901 82 17 

clinical_engagement 
diagnosis 
demography 
76 new agents 
5 dtreferralsatt5 smreferralsatt178 
disease_progression 
H-positive risk:  645 658 87 1147 387 96 1157 395 146 53 162 67 
H-negative risk:  658 645 1157 1147 395 387 96 87 162 146 67 53 
New BC onsets:  0
BC status:  4898 102 
BC subtype:  4898 84 18 

clinical_engagement 
diagnosis 
demography 
67 new agents 
15 dtreferralsatt15 smreferralsatt179 
disease_progression 
H-positive risk:  644 656 89 1151 390 95 1157 394 147 51 160 66 
H-negative risk:  656 644 1157 1151 394 390 95 89 160 147 66 51 
New BC onsets:  0
BC status:  4899 101 
BC subtype:  4899 83 18 

clinical_engagement 
diagnosis 
demography 
78 new agents 
12 dtreferralsatt12 smreferralsatt180 
disease_progression 
H-positive risk:  643 659 90 1147 385 97 1152 403 149 51 161 63 
H-negative risk:  659 643 1152 1147 403 385 97 90 161 149 63 51 
New BC onsets:  0
BC status:  4899 101 
BC subtype:  4899 84 17 

clinical_engagement 
diagnosis 
demography 
89 new agents 
9 dtreferralsatt9 smreferralsatt181 
disease_progression 
H-positive risk:  644 671 88 1133 384 94 1159 407 149 48 159 64 
H-negative risk:  671 644 1159 1133 407 384 94 88 159 149 64 48 
New BC onsets:  0
BC status:  4899 101 
BC subtype:  4899 85 16 

clinical_engagement 
diagnosis 
demography 
92 new agents 
9 dtreferralsatt9 smreferralsatt182 
disease_progression 
H-positive risk:  643 673 89 1112 402 95 1156 409 149 48 161 63 
H-negative risk:  673 643 1156 1112 409 402 95 89 161 149 63 48 
New BC onsets:  0
BC status:  4901 99 
BC subtype:  4901 82 17 

clinical_engagement 
diagnosis 
demography 
68 new agents 
13 dtreferralsatt13 smreferralsatt183 
disease_progression 
H-positive risk:  634 678 90 1094 406 94 1171 408 152 49 162 62 
H-negative risk:  678 634 1171 1094 408 406 94 90 162 152 62 49 
New BC onsets:  0
BC status:  4901 99 
BC subtype:  4901 82 17 

clinical_engagement 
diagnosis 
demography 
70 new agents 
11 dtreferralsatt11 smreferralsatt184 
disease_progression 
H-positive risk:  634 682 90 1090 413 95 1165 408 152 48 162 61 
H-negative risk:  682 634 1165 1090 408 413 95 90 162 152 61 48 
New BC onsets:  0
BC status:  4902 98 
BC subtype:  4902 81 17 

clinical_engagement 
diagnosis 
demography 
95 new agents 
13 dtreferralsatt13 smreferralsatt185 
disease_progression 
H-positive risk:  630 693 91 1075 414 94 1171 411 153 48 160 60 
H-negative risk:  693 630 1171 1075 411 414 94 91 160 153 60 48 
New BC onsets:  0
BC status:  4901 99 
BC subtype:  4901 82 17 

clinical_engagement 
diagnosis 
demography 
82 new agents 
13 dtreferralsatt13 smreferralsatt186 
disease_progression 
H-positive risk:  629 696 90 1079 416 91 1169 403 156 53 159 59 
H-negative risk:  696 629 1169 1079 403 416 91 90 159 156 59 53 
New BC onsets:  0
BC status:  4897 103 
BC subtype:  4897 86 17 

clinical_engagement 
diagnosis 
demography 
70 new agents 
7 dtreferralsatt7 smreferralsatt187 
disease_progression 
H-positive risk:  622 693 89 1089 411 93 1176 403 154 53 158 59 
H-negative risk:  693 622 1176 1089 403 411 93 89 158 154 59 53 
New BC onsets:  0
BC status:  4897 103 
BC subtype:  4897 87 16 

clinical_engagement 
diagnosis 
demography 
85 new agents 
10 dtreferralsatt10 smreferralsatt188 
disease_progression 
H-positive risk:  621 693 92 1094 411 93 1168 398 157 53 160 60 
H-negative risk:  693 621 1168 1094 398 411 93 92 160 157 60 53 
New BC onsets:  0
BC status:  4900 100 
BC subtype:  4900 84 16 

clinical_engagement 
diagnosis 
demography 
81 new agents 
10 dtreferralsatt10 smreferralsatt189 
disease_progression 
H-positive risk:  618 692 91 1088 409 93 1177 400 159 53 158 62 
H-negative risk:  692 618 1177 1088 400 409 93 91 158 159 62 53 
New BC onsets:  0
BC status:  4897 103 
BC subtype:  4897 87 16 

clinical_engagement 
diagnosis 
demography 
70 new agents 
9 dtreferralsatt9 smreferralsatt190 
disease_progression 
H-positive risk:  613 687 92 1083 419 90 1172 405 166 53 156 64 
H-negative risk:  687 613 1172 1083 405 419 90 92 156 166 64 53 
New BC onsets:  0
BC status:  4897 103 
BC subtype:  4897 87 16 

clinical_engagement 
diagnosis 
demography 
74 new agents 
16 dtreferralsatt16 smreferralsatt191 
disease_progression 
H-positive risk:  614 691 95 1072 421 87 1181 399 166 54 155 65 
H-negative risk:  691 614 1181 1072 399 421 87 95 155 166 65 54 
New BC onsets:  0
BC status:  4897 103 
BC subtype:  4897 89 14 

clinical_engagement 
diagnosis 
demography 
76 new agents 
10 dtreferralsatt10 smreferralsatt192 
disease_progression 
H-positive risk:  614 684 94 1079 424 87 1175 400 163 56 157 67 
H-negative risk:  684 614 1175 1079 400 424 87 94 157 163 67 56 
New BC onsets:  0
BC status:  4896 104 
BC subtype:  4896 91 13 

clinical_engagement 
diagnosis 
demography 
72 new agents 
14 dtreferralsatt14 smreferralsatt193 
disease_progression 
H-positive risk:  613 680 95 1090 424 86 1166 408 161 59 158 60 
H-negative risk:  680 613 1166 1090 408 424 86 95 158 161 60 59 
New BC onsets:  0
BC status:  4895 105 
BC subtype:  4895 91 14 

clinical_engagement 
diagnosis 
demography 
74 new agents 
13 dtreferralsatt13 smreferralsatt194 
disease_progression 
H-positive risk:  615 685 94 1075 430 88 1142 429 163 59 156 64 
H-negative risk:  685 615 1142 1075 429 430 88 94 156 163 64 59 
New BC onsets:  0
BC status:  4897 103 
BC subtype:  4897 88 15 

clinical_engagement 
diagnosis 
demography 
70 new agents 
10 dtreferralsatt10 smreferralsatt195 
disease_progression 
H-positive risk:  607 692 94 1068 442 91 1137 431 162 57 152 67 
H-negative risk:  692 607 1137 1068 431 442 91 94 152 162 67 57 
New BC onsets:  0
BC status:  4901 99 
BC subtype:  4901 84 15 

clinical_engagement 
diagnosis 
demography 
79 new agents 
14 dtreferralsatt14 smreferralsatt196 
disease_progression 
H-positive risk:  610 687 94 1066 440 90 1133 440 160 59 154 67 
H-negative risk:  687 610 1133 1066 440 440 90 94 154 160 67 59 
New BC onsets:  0
BC status:  4901 99 
BC subtype:  4901 85 14 

clinical_engagement 
diagnosis 
demography 
71 new agents 
7 dtreferralsatt7 smreferralsatt197 
disease_progression 
H-positive risk:  603 680 97 1073 439 93 1139 443 153 59 153 68 
H-negative risk:  680 603 1139 1073 443 439 93 97 153 153 68 59 
New BC onsets:  0
BC status:  4902 98 
BC subtype:  4902 84 14 

clinical_engagement 
diagnosis 
demography 
76 new agents 
8 dtreferralsatt8 smreferralsatt198 
disease_progression 
H-positive risk:  597 681 96 1077 433 97 1144 444 154 61 149 67 
H-negative risk:  681 597 1144 1077 444 433 97 96 149 154 67 61 
New BC onsets:  0
BC status:  4901 99 
BC subtype:  4901 85 14 

clinical_engagement 
diagnosis 
demography 
77 new agents 
11 dtreferralsatt11 smreferralsatt199 
disease_progression 
H-positive risk:  589 685 100 1072 427 100 1154 445 154 60 149 65 
H-negative risk:  685 589 1154 1072 445 427 100 100 149 154 65 60 
New BC onsets:  0
BC status:  4901 99 
BC subtype:  4901 87 12 

clinical_engagement 
diagnosis 
demography 
77 new agents 
13 dtreferralsatt13 smreferralsatt200 
disease_progression 
H-positive risk:  590 680 98 1071 431 101 1158 446 157 58 149 61 
H-negative risk:  680 590 1158 1071 446 431 101 98 149 157 61 58 
New BC onsets:  0
BC status:  4900 100 
BC subtype:  4900 88 12 

clinical_engagement 
diagnosis 
demography 
75 new agents 
7 dtreferralsatt7 smreferralsatt201 
disease_progression 
H-positive risk:  588 680 100 1076 436 100 1156 442 156 57 147 62 
H-negative risk:  680 588 1156 1076 442 436 100 100 147 156 62 57 
New BC onsets:  0
BC status:  4899 101 
BC subtype:  4899 87 14 

clinical_engagement 
diagnosis 
demography 
66 new agents 
16 dtreferralsatt16 smreferralsatt202 
disease_progression 
H-positive risk:  589 684 98 1072 440 98 1160 437 157 57 147 61 
H-negative risk:  684 589 1160 1072 437 440 98 98 147 157 61 57 
New BC onsets:  0
BC status:  4898 102 
BC subtype:  4898 89 13 

clinical_engagement 
diagnosis 
demography 
82 new agents 
6 dtreferralsatt6 smreferralsatt203 
disease_progression 
H-positive risk:  601 685 97 1076 439 98 1151 431 158 59 146 59 
H-negative risk:  685 601 1151 1076 431 439 98 97 146 158 59 59 
New BC onsets:  0
BC status:  4897 103 
BC subtype:  4897 90 13 

clinical_engagement 
diagnosis 
demography 
78 new agents 
12 dtreferralsatt12 smreferralsatt204 
disease_progression 
H-positive risk:  597 696 99 1061 444 98 1158 427 158 59 146 57 
H-negative risk:  696 597 1158 1061 427 444 98 99 146 158 57 59 
New BC onsets:  0
BC status:  4898 102 
BC subtype:  4898 87 15 

clinical_engagement 
diagnosis 
demography 
74 new agents 
11 dtreferralsatt11 smreferralsatt205 
disease_progression 
H-positive risk:  600 692 96 1070 441 94 1157 427 158 56 149 60 
H-negative risk:  692 600 1157 1070 427 441 94 96 149 158 60 56 
New BC onsets:  0
BC status:  4892 108 
BC subtype:  4892 93 15 

clinical_engagement 
diagnosis 
demography 
87 new agents 
10 dtreferralsatt10 smreferralsatt206 
disease_progression 
H-positive risk:  599 683 100 1069 443 95 1163 424 159 57 147 61 
H-negative risk:  683 599 1163 1069 424 443 95 100 147 159 61 57 
New BC onsets:  0
BC status:  4896 104 
BC subtype:  4896 90 14 

clinical_engagement 
diagnosis 
demography 
83 new agents 
8 dtreferralsatt8 smreferralsatt207 
disease_progression 
H-positive risk:  603 687 98 1073 446 92 1150 422 163 57 147 62 
H-negative risk:  687 603 1150 1073 422 446 92 98 147 163 62 57 
New BC onsets:  0
BC status:  4896 104 
BC subtype:  4896 90 14 

clinical_engagement 
diagnosis 
demography 
79 new agents 
9 dtreferralsatt9 smreferralsatt208 
disease_progression 
H-positive risk:  600 692 98 1081 444 93 1144 421 162 58 144 63 
H-negative risk:  692 600 1144 1081 421 444 93 98 144 162 63 58 
New BC onsets:  0
BC status:  4898 102 
BC subtype:  4898 90 12 

clinical_engagement 
diagnosis 
demography 
82 new agents 
15 dtreferralsatt15 smreferralsatt209 
disease_progression 
H-positive risk:  600 693 96 1085 436 92 1158 414 162 57 145 62 
H-negative risk:  693 600 1158 1085 414 436 92 96 145 162 62 57 
New BC onsets:  0
BC status:  4896 104 
BC subtype:  4896 92 12 

clinical_engagement 
diagnosis 
demography 
65 new agents 
8 dtreferralsatt8 smreferralsatt210 
disease_progression 
H-positive risk:  598 689 96 1088 438 94 1158 414 164 56 143 62 
H-negative risk:  689 598 1158 1088 414 438 94 96 143 164 62 56 
New BC onsets:  0
BC status:  4898 102 
BC subtype:  4898 91 11 

clinical_engagement 
diagnosis 
demography 
74 new agents 
9 dtreferralsatt9 smreferralsatt211 
disease_progression 
H-positive risk:  599 686 98 1080 445 94 1164 414 164 55 143 58 
H-negative risk:  686 599 1164 1080 414 445 94 98 143 164 58 55 
New BC onsets:  0
BC status:  4897 103 
BC subtype:  4897 91 12 

clinical_engagement 
diagnosis 
demography 
79 new agents 
3 dtreferralsatt3 smreferralsatt212 
disease_progression 
H-positive risk:  608 686 98 1072 444 92 1166 412 163 56 145 58 
H-negative risk:  686 608 1166 1072 412 444 92 98 145 163 58 56 
New BC onsets:  0
BC status:  4898 102 
BC subtype:  4898 92 10 

clinical_engagement 
diagnosis 
demography 
92 new agents 
14 dtreferralsatt14 smreferralsatt213 
disease_progression 
H-positive risk:  618 687 96 1074 445 93 1159 403 167 54 145 59 
H-negative risk:  687 618 1159 1074 403 445 93 96 145 167 59 54 
New BC onsets:  0
BC status:  4901 99 
BC subtype:  4901 90 9 

clinical_engagement 
diagnosis 
demography 
60 new agents 
10 dtreferralsatt10 smreferralsatt214 
disease_progression 
H-positive risk:  615 688 100 1069 447 96 1160 403 165 55 142 60 
H-negative risk:  688 615 1160 1069 403 447 96 100 142 165 60 55 
New BC onsets:  0
BC status:  4901 99 
BC subtype:  4901 89 10 

clinical_engagement 
diagnosis 
demography 
52 new agents 
14 dtreferralsatt14 smreferralsatt215 
disease_progression 
H-positive risk:  610 685 96 1067 452 98 1162 408 164 54 144 60 
H-negative risk:  685 610 1162 1067 408 452 98 96 144 164 60 54 
New BC onsets:  0
BC status:  4901 99 
BC subtype:  4901 89 10 

clinical_engagement 
diagnosis 
demography 
79 new agents 
13 dtreferralsatt13 smreferralsatt216 
disease_progression 
H-positive risk:  615 679 98 1069 448 98 1160 411 163 53 144 62 
H-negative risk:  679 615 1160 1069 411 448 98 98 144 163 62 53 
New BC onsets:  0
BC status:  4901 99 
BC subtype:  4901 88 11 

clinical_engagement 
diagnosis 
demography 
95 new agents 
7 dtreferralsatt7 smreferralsatt217 
disease_progression 
H-positive risk:  621 685 98 1065 447 95 1145 420 165 50 145 64 
H-negative risk:  685 621 1145 1065 420 447 95 98 145 165 64 50 
New BC onsets:  0
BC status:  4901 99 
BC subtype:  4901 88 11 

clinical_engagement 
diagnosis 
demography 
96 new agents 
8 dtreferralsatt8 smreferralsatt218 
disease_progression 
H-positive risk:  630 692 97 1063 441 94 1158 408 162 47 147 61 
H-negative risk:  692 630 1158 1063 408 441 94 97 147 162 61 47 
New BC onsets:  0
BC status:  4899 101 
BC subtype:  4899 89 12 

clinical_engagement 
diagnosis 
demography 
62 new agents 
5 dtreferralsatt5 smreferralsatt219 
disease_progression 
H-positive risk:  630 682 95 1063 447 93 1150 421 161 49 147 62 
H-negative risk:  682 630 1150 1063 421 447 93 95 147 161 62 49 
New BC onsets:  0
BC status:  4899 101 
BC subtype:  4899 89 12 

clinical_engagement 
diagnosis 
demography 
94 new agents 
16 dtreferralsatt16 smreferralsatt220 
disease_progression 
H-positive risk:  645 677 96 1065 447 92 1147 415 158 50 146 62 
H-negative risk:  677 645 1147 1065 415 447 92 96 146 158 62 50 
New BC onsets:  0
BC status:  4899 101 
BC subtype:  4899 90 11 

clinical_engagement 
diagnosis 
demography 
95 new agents 
6 dtreferralsatt6 smreferralsatt221 
disease_progression 
H-positive risk:  642 679 92 1076 446 90 1139 417 160 51 150 58 
H-negative risk:  679 642 1139 1076 417 446 90 92 150 160 58 51 
New BC onsets:  0
BC status:  4900 100 
BC subtype:  4900 88 12 

clinical_engagement 
diagnosis 
demography 
84 new agents 
10 dtreferralsatt10 smreferralsatt222 
disease_progression 
H-positive risk:  641 675 92 1074 448 93 1144 415 162 51 148 57 
H-negative risk:  675 641 1144 1074 415 448 93 92 148 162 57 51 
New BC onsets:  0
BC status:  4901 99 
BC subtype:  4901 86 13 

clinical_engagement 
diagnosis 
demography 
88 new agents 
9 dtreferralsatt9 smreferralsatt223 
disease_progression 
H-positive risk:  646 672 95 1074 448 97 1144 409 162 52 146 55 
H-negative risk:  672 646 1144 1074 409 448 97 95 146 162 55 52 
New BC onsets:  0
BC status:  4901 99 
BC subtype:  4901 86 13 

clinical_engagement 
diagnosis 
demography 
65 new agents 
6 dtreferralsatt6 smreferralsatt224 
disease_progression 
H-positive risk:  644 676 91 1076 444 96 1147 407 167 51 147 54 
H-negative risk:  676 644 1147 1076 407 444 96 91 147 167 54 51 
New BC onsets:  0
BC status:  4902 98 
BC subtype:  4902 85 13 

clinical_engagement 
diagnosis 
demography 
70 new agents 
12 dtreferralsatt12 smreferralsatt225 
disease_progression 
H-positive risk:  647 674 94 1076 443 95 1139 414 168 51 144 55 
H-negative risk:  674 647 1139 1076 414 443 95 94 144 168 55 51 
New BC onsets:  0
BC status:  4903 97 
BC subtype:  4903 83 14 

clinical_engagement 
diagnosis 
demography 
77 new agents 
16 dtreferralsatt16 smreferralsatt226 
disease_progression 
H-positive risk:  649 682 95 1072 447 93 1136 407 165 53 147 54 
H-negative risk:  682 649 1136 1072 407 447 93 95 147 165 54 53 
New BC onsets:  0
BC status:  4900 100 
BC subtype:  4900 87 13 

clinical_engagement 
diagnosis 
demography 
83 new agents 
9 dtreferralsatt9 smreferralsatt227 
disease_progression 
H-positive risk:  654 683 92 1072 446 96 1141 401 160 54 149 52 
H-negative risk:  683 654 1141 1072 401 446 96 92 149 160 52 54 
New BC onsets:  0
BC status:  4899 101 
BC subtype:  4899 89 12 

clinical_engagement 
diagnosis 
demography 
62 new agents 
9 dtreferralsatt9 smreferralsatt228 
disease_progression 
H-positive risk:  656 681 93 1074 447 93 1141 401 159 54 151 50 
H-negative risk:  681 656 1141 1074 401 447 93 93 151 159 50 54 
New BC onsets:  0
BC status:  4899 101 
BC subtype:  4899 89 12 

clinical_engagement 
diagnosis 
demography 
76 new agents 
12 dtreferralsatt12 smreferralsatt229 
disease_progression 
H-positive risk:  658 688 94 1061 454 95 1127 410 157 55 152 49 
H-negative risk:  688 658 1127 1061 410 454 95 94 152 157 49 55 
New BC onsets:  0
BC status:  4900 100 
BC subtype:  4900 87 13 

clinical_engagement 
diagnosis 
demography 
89 new agents 
5 dtreferralsatt5 smreferralsatt230 
disease_progression 
H-positive risk:  655 686 92 1083 447 94 1118 410 157 59 153 46 
H-negative risk:  686 655 1118 1083 410 447 94 92 153 157 46 59 
New BC onsets:  0
BC status:  4899 101 
BC subtype:  4899 88 13 

clinical_engagement 
diagnosis 
demography 
75 new agents 
12 dtreferralsatt12 smreferralsatt231 
disease_progression 
H-positive risk:  654 687 93 1088 442 96 1111 411 159 60 152 47 
H-negative risk:  687 654 1111 1088 411 442 96 93 152 159 47 60 
New BC onsets:  0
BC status:  4904 96 
BC subtype:  4904 83 13 

clinical_engagement 
diagnosis 
demography 
77 new agents 
10 dtreferralsatt10 smreferralsatt232 
disease_progression 
H-positive risk:  658 686 91 1100 429 99 1101 419 156 58 155 48 
H-negative risk:  686 658 1101 1100 419 429 99 91 155 156 48 58 
New BC onsets:  0
BC status:  4904 96 
BC subtype:  4904 82 14 

clinical_engagement 
diagnosis 
demography 
62 new agents 
11 dtreferralsatt11 smreferralsatt233 
disease_progression 
H-positive risk:  654 674 92 1101 432 99 1109 422 154 62 153 48 
H-negative risk:  674 654 1109 1101 422 432 99 92 153 154 48 62 
New BC onsets:  0
BC status:  4905 95 
BC subtype:  4905 81 14 

clinical_engagement 
diagnosis 
demography 
57 new agents 
10 dtreferralsatt10 smreferralsatt234 
disease_progression 
H-positive risk:  655 680 94 1093 431 101 1103 424 157 62 153 47 
H-negative risk:  680 655 1103 1093 424 431 101 94 153 157 47 62 
New BC onsets:  0
BC status:  4906 94 
BC subtype:  4906 80 14 

clinical_engagement 
diagnosis 
demography 
62 new agents 
12 dtreferralsatt12 smreferralsatt235 
disease_progression 
H-positive risk:  658 672 94 1098 427 104 1103 426 158 60 153 47 
H-negative risk:  672 658 1103 1098 426 427 104 94 153 158 47 60 
New BC onsets:  0
BC status:  4906 94 
BC subtype:  4906 80 14 

clinical_engagement 
diagnosis 
demography 
67 new agents 
8 dtreferralsatt8 smreferralsatt236 
disease_progression 
H-positive risk:  658 667 96 1098 426 104 1102 426 158 61 152 52 
H-negative risk:  667 658 1102 1098 426 426 104 96 152 158 52 61 
New BC onsets:  0
BC status:  4909 91 
BC subtype:  4909 77 14 

clinical_engagement 
diagnosis 
demography 
74 new agents 
9 dtreferralsatt9 smreferralsatt237 
disease_progression 
H-positive risk:  656 671 96 1093 428 106 1111 419 158 60 152 50 
H-negative risk:  671 656 1111 1093 419 428 106 96 152 158 50 60 
New BC onsets:  0
BC status:  4911 89 
BC subtype:  4911 76 13 

clinical_engagement 
diagnosis 
demography 
76 new agents 
13 dtreferralsatt13 smreferralsatt238 
disease_progression 
H-positive risk:  664 674 98 1084 429 107 1103 418 158 60 153 52 
H-negative risk:  674 664 1103 1084 418 429 107 98 153 158 52 60 
New BC onsets:  0
BC status:  4915 85 
BC subtype:  4915 72 13 

clinical_engagement 
diagnosis 
demography 
60 new agents 
9 dtreferralsatt9 smreferralsatt239 
disease_progression 
H-positive risk:  663 677 98 1090 425 107 1101 418 158 58 151 54 
H-negative risk:  677 663 1101 1090 418 425 107 98 151 158 54 58 
New BC onsets:  0
BC status:  4916 84 
BC subtype:  4916 71 13 

clinical_engagement 
diagnosis 
demography 
76 new agents 
10 dtreferralsatt10 smreferralsatt240 
disease_progression 
H-positive risk:  662 672 96 1096 418 108 1096 424 157 58 154 59 
H-negative risk:  672 662 1096 1096 424 418 108 96 154 157 59 58 
New BC onsets:  0
BC status:  4917 83 
BC subtype:  4917 69 14 

clinical_engagement 
diagnosis 
demography 
77 new agents 
11 dtreferralsatt11 smreferralsatt241 
disease_progression 
H-positive risk:  661 667 97 1094 424 109 1091 437 151 58 149 62 
H-negative risk:  667 661 1091 1094 437 424 109 97 149 151 62 58 
New BC onsets:  0
BC status:  4917 83 
BC subtype:  4917 68 15 

clinical_engagement 
diagnosis 
demography 
85 new agents 
12 dtreferralsatt12 smreferralsatt242 
disease_progression 
H-positive risk:  661 658 98 1101 418 110 1100 432 151 57 151 63 
H-negative risk:  658 661 1100 1101 432 418 110 98 151 151 63 57 
New BC onsets:  0
BC status:  4919 81 
BC subtype:  4919 66 15 

clinical_engagement 
diagnosis 
demography 
95 new agents 
10 dtreferralsatt10 smreferralsatt243 
disease_progression 
H-positive risk:  667 670 98 1092 413 111 1099 429 153 57 146 65 
H-negative risk:  670 667 1099 1092 429 413 111 98 146 153 65 57 
New BC onsets:  0
BC status:  4916 84 
BC subtype:  4916 66 18 

clinical_engagement 
diagnosis 
demography 
84 new agents 
11 dtreferralsatt11 smreferralsatt244 
disease_progression 
H-positive risk:  671 666 100 1096 405 115 1109 419 152 60 141 66 
H-negative risk:  666 671 1109 1096 419 405 115 100 141 152 66 60 
New BC onsets:  0
BC status:  4914 86 
BC subtype:  4914 69 17 

clinical_engagement 
diagnosis 
demography 
89 new agents 
12 dtreferralsatt12 smreferralsatt245 
disease_progression 
H-positive risk:  675 674 100 1087 403 115 1103 422 153 60 144 64 
H-negative risk:  674 675 1103 1087 422 403 115 100 144 153 64 60 
New BC onsets:  0
BC status:  4915 85 
BC subtype:  4915 67 18 

clinical_engagement 
diagnosis 
demography 
80 new agents 
8 dtreferralsatt8 smreferralsatt246 
disease_progression 
H-positive risk:  673 673 99 1095 403 112 1105 412 156 63 147 62 
H-negative risk:  673 673 1105 1095 412 403 112 99 147 156 62 63 
New BC onsets:  0
BC status:  4913 87 
BC subtype:  4913 69 18 

clinical_engagement 
diagnosis 
demography 
70 new agents 
9 dtreferralsatt9 smreferralsatt247 
disease_progression 
H-positive risk:  670 668 101 1098 402 113 1108 404 159 64 153 60 
H-negative risk:  668 670 1108 1098 404 402 113 101 153 159 60 64 
New BC onsets:  0
BC status:  4914 86 
BC subtype:  4914 68 18 

clinical_engagement 
diagnosis 
demography 
85 new agents 
8 dtreferralsatt8 smreferralsatt248 
disease_progression 
H-positive risk:  671 672 103 1099 402 114 1103 400 159 66 152 59 
H-negative risk:  672 671 1103 1099 400 402 114 103 152 159 59 66 
New BC onsets:  0
BC status:  4914 86 
BC subtype:  4914 68 18 

clinical_engagement 
diagnosis 
demography 
78 new agents 
5 dtreferralsatt5 smreferralsatt249 
disease_progression 
H-positive risk:  679 669 101 1101 401 115 1095 400 162 65 157 55 
H-negative risk:  669 679 1095 1101 400 401 115 101 157 162 55 65 
New BC onsets:  0
BC status:  4916 84 
BC subtype:  4916 67 17 

clinical_engagement 
diagnosis 
demography 
81 new agents 
11 dtreferralsatt11 smreferralsatt250 
disease_progression 
H-positive risk:  690 669 103 1093 398 117 1096 402 161 63 153 55 
H-negative risk:  669 690 1096 1093 402 398 117 103 153 161 55 63 
New BC onsets:  0
BC status:  4916 84 
BC subtype:  4916 67 17 

clinical_engagement 
diagnosis 
demography 
68 new agents 
13 dtreferralsatt13 smreferralsatt251 
disease_progression 
H-positive risk:  689 677 104 1091 390 118 1092 402 164 65 152 56 
H-negative risk:  677 689 1092 1091 402 390 118 104 152 164 56 65 
New BC onsets:  0
BC status:  4910 90 
BC subtype:  4910 70 20 

clinical_engagement 
diagnosis 
demography 
60 new agents 
9 dtreferralsatt9 smreferralsatt252 
disease_progression 
H-positive risk:  687 676 104 1091 396 116 1088 403 162 69 154 54 
H-negative risk:  676 687 1088 1091 403 396 116 104 154 162 54 69 
New BC onsets:  0
BC status:  4908 92 
BC subtype:  4908 70 22 

clinical_engagement 
diagnosis 
demography 
74 new agents 
12 dtreferralsatt12 smreferralsatt253 
disease_progression 
H-positive risk:  686 679 105 1078 404 115 1086 403 164 69 153 58 
H-negative risk:  679 686 1086 1078 403 404 115 105 153 164 58 69 
New BC onsets:  0
BC status:  4909 91 
BC subtype:  4909 70 21 

clinical_engagement 
diagnosis 
demography 
95 new agents 
13 dtreferralsatt13 smreferralsatt254 
disease_progression 
H-positive risk:  689 680 109 1076 403 116 1097 390 164 67 152 57 
H-negative risk:  680 689 1097 1076 390 403 116 109 152 164 57 67 
New BC onsets:  0
BC status:  4904 96 
BC subtype:  4904 70 26 

clinical_engagement 
diagnosis 
demography 
81 new agents 
14 dtreferralsatt14 smreferralsatt255 
disease_progression 
H-positive risk:  694 680 112 1082 396 114 1094 386 166 67 153 56 
H-negative risk:  680 694 1094 1082 386 396 114 112 153 166 56 67 
New BC onsets:  0
BC status:  4904 96 
BC subtype:  4904 69 27 

clinical_engagement 
diagnosis 
demography 
80 new agents 
13 dtreferralsatt13 smreferralsatt256 
disease_progression 
H-positive risk:  696 673 114 1084 399 118 1101 373 166 71 152 53 
H-negative risk:  673 696 1101 1084 373 399 118 114 152 166 53 71 
New BC onsets:  0
BC status:  4907 93 
BC subtype:  4907 69 24 

clinical_engagement 
diagnosis 
demography 
76 new agents 
11 dtreferralsatt11 smreferralsatt257 
disease_progression 
H-positive risk:  693 670 113 1094 399 116 1103 376 163 70 150 53 
H-negative risk:  670 693 1103 1094 376 399 116 113 150 163 53 70 
New BC onsets:  0
BC status:  4907 93 
BC subtype:  4907 70 23 

clinical_engagement 
diagnosis 
demography 
77 new agents 
10 dtreferralsatt10 smreferralsatt258 
disease_progression 
H-positive risk:  701 671 113 1093 394 116 1104 374 165 67 149 53 
H-negative risk:  671 701 1104 1093 374 394 116 113 149 165 53 67 
New BC onsets:  0
BC status:  4903 97 
BC subtype:  4903 71 26 

clinical_engagement 
diagnosis 
demography 
71 new agents 
10 dtreferralsatt10 smreferralsatt259 
disease_progression 
H-positive risk:  702 671 114 1089 388 118 1108 373 167 67 152 51 
H-negative risk:  671 702 1108 1089 373 388 118 114 152 167 51 67 
New BC onsets:  0
BC status:  4905 95 
BC subtype:  4905 70 25 

clinical_engagement 
diagnosis 
demography 
70 new agents 
13 dtreferralsatt13 smreferralsatt260 
disease_progression 
H-positive risk:  703 675 108 1085 394 113 1107 371 169 65 159 51 
H-negative risk:  675 703 1107 1085 371 394 113 108 159 169 51 65 
New BC onsets:  0
BC status:  4904 96 
BC subtype:  4904 72 24 

clinical_engagement 
diagnosis 
demography 
63 new agents 
8 dtreferralsatt8 smreferralsatt261 
disease_progression 
H-positive risk:  698 674 109 1084 389 113 1120 371 170 65 156 51 
H-negative risk:  674 698 1120 1084 371 389 113 109 156 170 51 65 
New BC onsets:  0
BC status:  4902 98 
BC subtype:  4902 74 24 

clinical_engagement 
diagnosis 
demography 
78 new agents 
13 dtreferralsatt13 smreferralsatt262 
disease_progression 
H-positive risk:  702 668 110 1101 378 110 1114 373 171 66 155 52 
H-negative risk:  668 702 1114 1101 373 378 110 110 155 171 52 66 
New BC onsets:  0
BC status:  4897 103 
BC subtype:  4897 76 27 

clinical_engagement 
diagnosis 
demography 
66 new agents 
7 dtreferralsatt7 smreferralsatt263 
disease_progression 
H-positive risk:  699 657 109 1100 381 110 1120 376 171 66 158 53 
H-negative risk:  657 699 1120 1100 376 381 110 109 158 171 53 66 
New BC onsets:  0
BC status:  4895 105 
BC subtype:  4895 78 27 

clinical_engagement 
diagnosis 
demography 
62 new agents 
14 dtreferralsatt14 smreferralsatt264 
disease_progression 
H-positive risk:  696 660 108 1098 382 110 1115 380 170 66 160 55 
H-negative risk:  660 696 1115 1098 380 382 110 108 160 170 55 66 
New BC onsets:  0
BC status:  4896 104 
BC subtype:  4896 76 28 

clinical_engagement 
diagnosis 
demography 
90 new agents 
13 dtreferralsatt13 smreferralsatt265 
disease_progression 
H-positive risk:  699 656 110 1093 377 108 1119 385 172 66 157 58 
H-negative risk:  656 699 1119 1093 385 377 108 110 157 172 58 66 
New BC onsets:  0
BC status:  4893 107 
BC subtype:  4893 77 30 

clinical_engagement 
diagnosis 
demography 
84 new agents 
13 dtreferralsatt13 smreferralsatt266 
disease_progression 
H-positive risk:  689 656 109 1095 382 108 1118 386 174 67 158 58 
H-negative risk:  656 689 1118 1095 386 382 108 109 158 174 58 67 
New BC onsets:  0
BC status:  4893 107 
BC subtype:  4893 79 28 

clinical_engagement 
diagnosis 
demography 
84 new agents 
12 dtreferralsatt12 smreferralsatt267 
disease_progression 
H-positive risk:  687 663 109 1089 384 109 1125 377 177 68 156 56 
H-negative risk:  663 687 1125 1089 377 384 109 109 156 177 56 68 
New BC onsets:  0
BC status:  4894 106 
BC subtype:  4894 78 28 

clinical_engagement 
diagnosis 
demography 
81 new agents 
7 dtreferralsatt7 smreferralsatt268 
disease_progression 
H-positive risk:  680 665 109 1091 391 107 1122 379 179 68 153 56 
H-negative risk:  665 680 1122 1091 379 391 107 109 153 179 56 68 
New BC onsets:  0
BC status:  4897 103 
BC subtype:  4897 74 29 

clinical_engagement 
diagnosis 
demography 
80 new agents 
7 dtreferralsatt7 smreferralsatt269 
disease_progression 
H-positive risk:  683 669 110 1090 392 109 1120 373 177 67 153 57 
H-negative risk:  669 683 1120 1090 373 392 109 110 153 177 57 67 
New BC onsets:  0
BC status:  4899 101 
BC subtype:  4899 72 29 

clinical_engagement 
diagnosis 
demography 
68 new agents 
14 dtreferralsatt14 smreferralsatt270 
disease_progression 
H-positive risk:  682 667 109 1084 395 109 1126 374 179 65 152 58 
H-negative risk:  667 682 1126 1084 374 395 109 109 152 179 58 65 
New BC onsets:  0
BC status:  4899 101 
BC subtype:  4899 72 29 

clinical_engagement 
diagnosis 
demography 
89 new agents 
11 dtreferralsatt11 smreferralsatt271 
disease_progression 
H-positive risk:  685 668 110 1087 398 109 1119 371 173 64 158 58 
H-negative risk:  668 685 1119 1087 371 398 109 110 158 173 58 64 
New BC onsets:  0
BC status:  4896 104 
BC subtype:  4896 77 27 

clinical_engagement 
diagnosis 
demography 
72 new agents 
15 dtreferralsatt15 smreferralsatt272 
disease_progression 
H-positive risk:  684 671 111 1098 390 107 1115 376 168 63 158 59 
H-negative risk:  671 684 1115 1098 376 390 107 111 158 168 59 63 
New BC onsets:  0
BC status:  4895 105 
BC subtype:  4895 74 31 

clinical_engagement 
diagnosis 
demography 
79 new agents 
10 dtreferralsatt10 smreferralsatt273 
disease_progression 
H-positive risk:  682 669 109 1106 388 105 1116 378 167 64 158 58 
H-negative risk:  669 682 1116 1106 378 388 105 109 158 167 58 64 
New BC onsets:  0
BC status:  4898 102 
BC subtype:  4898 71 31 

clinical_engagement 
diagnosis 
demography 
60 new agents 
14 dtreferralsatt14 smreferralsatt274 
disease_progression 
H-positive risk:  681 672 106 1099 388 107 1114 387 166 63 158 59 
H-negative risk:  672 681 1114 1099 387 388 107 106 158 166 59 63 
New BC onsets:  0
BC status:  4900 100 
BC subtype:  4900 69 31 

clinical_engagement 
diagnosis 
demography 
80 new agents 
15 dtreferralsatt15 smreferralsatt275 
disease_progression 
H-positive risk:  687 667 107 1097 395 106 1115 380 163 65 161 57 
H-negative risk:  667 687 1115 1097 380 395 106 107 161 163 57 65 
New BC onsets:  0
BC status:  4901 99 
BC subtype:  4901 69 30 

clinical_engagement 
diagnosis 
demography 
66 new agents 
7 dtreferralsatt7 smreferralsatt276 
disease_progression 
H-positive risk:  685 666 109 1098 398 105 1120 376 161 67 158 57 
H-negative risk:  666 685 1120 1098 376 398 105 109 158 161 57 67 
New BC onsets:  0
BC status:  4898 102 
BC subtype:  4898 73 29 

clinical_engagement 
diagnosis 
demography 
82 new agents 
9 dtreferralsatt9 smreferralsatt277 
disease_progression 
H-positive risk:  684 662 110 1103 393 107 1124 379 160 66 157 55 
H-negative risk:  662 684 1124 1103 379 393 107 110 157 160 55 66 
New BC onsets:  0
BC status:  4901 99 
BC subtype:  4901 71 28 

clinical_engagement 
diagnosis 
demography 
82 new agents 
12 dtreferralsatt12 smreferralsatt278 
disease_progression 
H-positive risk:  689 666 108 1104 389 109 1116 382 159 67 155 56 
H-negative risk:  666 689 1116 1104 382 389 109 108 155 159 56 67 
New BC onsets:  0
BC status:  4900 100 
BC subtype:  4900 74 26 

clinical_engagement 
diagnosis 
demography 
86 new agents 
13 dtreferralsatt13 smreferralsatt279 
disease_progression 
H-positive risk:  687 666 108 1101 393 110 1105 392 161 66 156 55 
H-negative risk:  666 687 1105 1101 392 393 110 108 156 161 55 66 
New BC onsets:  0
BC status:  4901 99 
BC subtype:  4901 73 26 

clinical_engagement 
diagnosis 
demography 
76 new agents 
9 dtreferralsatt9 smreferralsatt280 
disease_progression 
H-positive risk:  690 672 107 1104 390 109 1096 397 159 66 155 55 
H-negative risk:  672 690 1096 1104 397 390 109 107 155 159 55 66 
New BC onsets:  0
BC status:  4899 101 
BC subtype:  4899 76 25 

clinical_engagement 
diagnosis 
demography 
68 new agents 
10 dtreferralsatt10 smreferralsatt281 
disease_progression 
H-positive risk:  695 670 105 1103 396 110 1086 398 160 64 158 55 
H-negative risk:  670 695 1086 1103 398 396 110 105 158 160 55 64 
New BC onsets:  0
BC status:  4900 100 
BC subtype:  4900 75 25 

clinical_engagement 
diagnosis 
demography 
82 new agents 
4 dtreferralsatt4 smreferralsatt282 
disease_progression 
H-positive risk:  694 675 107 1098 394 109 1084 399 162 65 156 57 
H-negative risk:  675 694 1084 1098 399 394 109 107 156 162 57 65 
New BC onsets:  0
BC status:  4896 104 
BC subtype:  4896 79 25 

clinical_engagement 
diagnosis 
demography 
68 new agents 
11 dtreferralsatt11 smreferralsatt283 
disease_progression 
H-positive risk:  688 671 106 1104 389 108 1081 409 164 64 158 58 
H-negative risk:  671 688 1081 1104 409 389 108 106 158 164 58 64 
New BC onsets:  0
BC status:  4895 105 
BC subtype:  4895 81 24 

clinical_engagement 
diagnosis 
demography 
91 new agents 
8 dtreferralsatt8 smreferralsatt284 
disease_progression 
H-positive risk:  684 671 102 1103 391 106 1087 408 165 63 159 61 
H-negative risk:  671 684 1087 1103 408 391 106 102 159 165 61 63 
New BC onsets:  0
BC status:  4899 101 
BC subtype:  4899 77 24 

clinical_engagement 
diagnosis 
demography 
77 new agents 
8 dtreferralsatt8 smreferralsatt285 
disease_progression 
H-positive risk:  691 670 101 1103 381 107 1091 411 167 59 156 63 
H-negative risk:  670 691 1091 1103 411 381 107 101 156 167 63 59 
New BC onsets:  0
BC status:  4902 98 
BC subtype:  4902 71 27 

clinical_engagement 
diagnosis 
demography 
88 new agents 
13 dtreferralsatt13 smreferralsatt286 
disease_progression 
H-positive risk:  687 678 100 1094 392 108 1086 413 165 58 156 63 
H-negative risk:  678 687 1086 1094 413 392 108 100 156 165 63 58 
New BC onsets:  0
BC status:  4903 97 
BC subtype:  4903 70 27 

clinical_engagement 
diagnosis 
demography 
66 new agents 
8 dtreferralsatt8 smreferralsatt287 
disease_progression 
H-positive risk:  687 677 98 1097 393 106 1089 410 163 60 155 65 
H-negative risk:  677 687 1089 1097 410 393 106 98 155 163 65 60 
New BC onsets:  0
BC status:  4901 99 
BC subtype:  4901 72 27 

clinical_engagement 
diagnosis 
demography 
63 new agents 
10 dtreferralsatt10 smreferralsatt288 
disease_progression 
H-positive risk:  685 683 99 1095 400 104 1085 414 159 60 155 61 
H-negative risk:  683 685 1085 1095 414 400 104 99 155 159 61 60 
New BC onsets:  0
BC status:  4899 101 
BC subtype:  4899 72 29 

clinical_engagement 
diagnosis 
demography 
69 new agents 
5 dtreferralsatt5 smreferralsatt289 
disease_progression 
H-positive risk:  687 684 96 1096 398 103 1090 405 160 61 159 61 
H-negative risk:  684 687 1090 1096 405 398 103 96 159 160 61 61 
New BC onsets:  0
BC status:  4895 105 
BC subtype:  4895 77 28 

clinical_engagement 
diagnosis 
demography 
85 new agents 
11 dtreferralsatt11 smreferralsatt290 
disease_progression 
H-positive risk:  690 687 94 1098 395 102 1091 407 155 62 160 59 
H-negative risk:  687 690 1091 1098 407 395 102 94 160 155 59 62 
New BC onsets:  0
BC status:  4896 104 
BC subtype:  4896 78 26 

clinical_engagement 
diagnosis 
demography 
71 new agents 
9 dtreferralsatt9 smreferralsatt291 
disease_progression 
H-positive risk:  683 678 95 1095 408 102 1104 402 156 64 158 55 
H-negative risk:  678 683 1104 1095 402 408 102 95 158 156 55 64 
New BC onsets:  0
BC status:  4892 108 
BC subtype:  4892 82 26 

clinical_engagement 
diagnosis 
demography 
85 new agents 
6 dtreferralsatt6 smreferralsatt292 
disease_progression 
H-positive risk:  686 686 97 1084 402 100 1110 399 157 62 159 58 
H-negative risk:  686 686 1110 1084 399 402 100 97 159 157 58 62 
New BC onsets:  0
BC status:  4891 109 
BC subtype:  4891 80 29 

clinical_engagement 
diagnosis 
demography 
71 new agents 
14 dtreferralsatt14 smreferralsatt293 
disease_progression 
H-positive risk:  688 679 97 1090 400 102 1110 401 153 64 159 57 
H-negative risk:  679 688 1110 1090 401 400 102 97 159 153 57 64 
New BC onsets:  0
BC status:  4890 110 
BC subtype:  4890 81 29 

clinical_engagement 
diagnosis 
demography 
78 new agents 
11 dtreferralsatt11 smreferralsatt294 
disease_progression 
H-positive risk:  691 682 97 1092 394 103 1114 401 152 64 157 53 
H-negative risk:  682 691 1114 1092 401 394 103 97 157 152 53 64 
New BC onsets:  0
BC status:  4896 104 
BC subtype:  4896 78 26 

clinical_engagement 
diagnosis 
demography 
77 new agents 
15 dtreferralsatt15 smreferralsatt295 
disease_progression 
H-positive risk:  690 686 97 1098 393 104 1107 397 155 65 156 52 
H-negative risk:  686 690 1107 1098 397 393 104 97 156 155 52 65 
New BC onsets:  0
BC status:  4896 104 
BC subtype:  4896 77 27 

clinical_engagement 
diagnosis 
demography 
63 new agents 
12 dtreferralsatt12 smreferralsatt296 
disease_progression 
H-positive risk:  688 678 99 1094 393 104 1114 400 157 63 159 51 
H-negative risk:  678 688 1114 1094 400 393 104 99 159 157 51 63 
New BC onsets:  0
BC status:  4893 107 
BC subtype:  4893 79 28 

clinical_engagement 
diagnosis 
demography 
77 new agents 
8 dtreferralsatt8 smreferralsatt297 
disease_progression 
H-positive risk:  688 681 101 1102 382 104 1108 398 157 68 159 52 
H-negative risk:  681 688 1108 1102 398 382 104 101 159 157 52 68 
New BC onsets:  0
BC status:  4891 109 
BC subtype:  4891 80 29 

clinical_engagement 
diagnosis 
demography 
73 new agents 
7 dtreferralsatt7 smreferralsatt298 
disease_progression 
H-positive risk:  687 687 99 1105 375 108 1108 397 155 69 159 51 
H-negative risk:  687 687 1108 1105 397 375 108 99 159 155 51 69 
New BC onsets:  0
BC status:  4891 109 
BC subtype:  4891 80 29 

clinical_engagement 
diagnosis 
demography 
82 new agents 
10 dtreferralsatt10 smreferralsatt299 
disease_progression 
H-positive risk:  688 692 98 1101 368 108 1119 396 151 67 164 48 
H-negative risk:  692 688 1119 1101 396 368 108 98 164 151 48 67 
New BC onsets:  0
BC status:  4893 107 
BC subtype:  4893 79 28 

clinical_engagement 
diagnosis 
demography 
69 new agents 
8 dtreferralsatt8 smreferralsatt300 
disease_progression 
H-positive risk:  693 692 100 1095 368 108 1118 395 151 67 164 49 
H-negative risk:  692 693 1118 1095 395 368 108 100 164 151 49 67 
New BC onsets:  0
BC status:  4893 107 
BC subtype:  4893 79 28 

clinical_engagement 
diagnosis 
demography 
72 new agents 
13 dtreferralsatt13 smreferralsattTime difference of 16.50823 mins
This is task 8
date
