date
Note that the current default version of R is 3.6.1.
Loading required package: network
network: Classes for Relational Data
Version 1.15 created on 2019-04-01.
copyright (c) 2005, Carter T. Butts, University of California-Irvine
                    Mark S. Handcock, University of California -- Los Angeles
                    David R. Hunter, Penn State University
                    Martina Morris, University of Washington
                    Skye Bender-deMoll, University of Washington
 For citation information, type citation("network").
 Type help("network-package") to get started.


networkDynamic: version 0.10.0, created on 2019-04-04
Copyright (c) 2019, Carter T. Butts, University of California -- Irvine
                    Ayn Leslie-Cook, University of Washington
                    Pavel N. Krivitsky, University of Wollongong
                    Skye Bender-deMoll, University of Washington
                    with contributions from
                    Zack Almquist, University of California -- Irvine
                    David R. Hunter, Penn State University
                    Li Wang
                    Kirk Li, University of Washington
                    Steven M. Goodreau, University of Washington
                    Jeffrey Horner
                    Martina Morris, University of Washington
Based on "statnet" project software (statnet.org).
For license and citation information see statnet.org/attribution
or type citation("networkDynamic").

Loading required package: statnet.common

Attaching package: 'statnet.common'

The following object is masked from 'package:base':

    order

sna: Tools for Social Network Analysis
Version 2.4 created on 2016-07-23.
copyright (c) 2005, Carter T. Butts, University of California-Irvine
 For citation information, type citation("sna").
 Type help(package="sna") to get started.


ergm: version 3.10.4, created on 2019-06-10
Copyright (c) 2019, Mark S. Handcock, University of California -- Los Angeles
                    David R. Hunter, Penn State University
                    Carter T. Butts, University of California -- Irvine
                    Steven M. Goodreau, University of Washington
                    Pavel N. Krivitsky, University of Wollongong
                    Martina Morris, University of Washington
                    with contributions from
                    Li Wang
                    Kirk Li, University of Washington
                    Skye Bender-deMoll, University of Washington
                    Chad Klumb
Based on "statnet" project software (statnet.org).
For license and citation information see statnet.org/attribution
or type citation("ergm").

NOTE: Versions before 3.6.1 had a bug in the implementation of the bd()
constriant which distorted the sampled distribution somewhat. In
addition, Sampson's Monks datasets had mislabeled vertices. See the
NEWS and the documentation for more details.

NOTE: Some common term arguments pertaining to vertex attribute and
level selection have changed in 3.10.0. See terms help for more
details. Use 'options(ergm.term=list(version="3.9.4"))' to use old
behavior.


tergm: version 3.6.1, created on 2019-06-12
Copyright (c) 2019, Pavel N. Krivitsky, University of Wollongong
                    Mark S. Handcock, University of California -- Los Angeles
                    with contributions from
                    David R. Hunter, Penn State University
                    Steven M. Goodreau, University of Washington
                    Martina Morris, University of Washington
                    Nicole Bohme Carnegie, New York University
                    Carter T. Butts, University of California -- Irvine
                    Ayn Leslie-Cook, University of Washington
                    Skye Bender-deMoll
                    Li Wang
                    Kirk Li, University of Washington
Based on "statnet" project software (statnet.org).
For license and citation information see statnet.org/attribution
or type citation("tergm").

Starting maximum pseudolikelihood estimation (MPLE):
Evaluating the predictor and response matrix.
Maximizing the pseudolikelihood.
Finished MPLE.
Starting Monte Carlo maximum likelihood estimation (MCMLE):
Iteration 1 of at most 500:
Optimizing with step length 0.54419930320701.
The log-likelihood improved by 3.99.
Iteration 2 of at most 500:
Optimizing with step length 0.762661708815638.
The log-likelihood improved by 2.438.
Iteration 3 of at most 500:
Optimizing with step length 1.
The log-likelihood improved by 1.047.
Step length converged once. Increasing MCMC sample size.
Iteration 4 of at most 500:
Optimizing with step length 1.
The log-likelihood improved by 0.2316.
Step length converged twice. Stopping.
Finished MCMLE.
This model was fit using MCMC.  To examine model diagnostics and check
for degeneracy, use the mcmc.diagnostics() function.
 degree0  degree1  degree2  degree3  degree4  degree5  degree6  degree7 
       2       27     1300     1047      799      321      346      350 
 degree8  degree9 degree10 degree11 degree12 degree13 degree14 degree15 
     276      217      145       81       47       20       12        5 
degree16 degree17 degree18 
       2        2        1 
1 
disease_progression 
H-positive risk:  914 824 132 856 424 116 856 479 151 61 124 63 
H-negative risk:  824 914 856 856 479 424 116 132 124 151 63 61 
New BC onsets:  0
BC status:  4998 2 
BC subtype:  4998 2 

clinical_engagement 
diagnosis 
demography 
55 new agents 
0 dtreferralsatt0 smreferralsatt2 
disease_progression 
H-positive risk:  915 830 133 859 419 119 859 471 150 60 123 62 
H-negative risk:  830 915 859 859 471 419 119 133 123 150 62 60 
New BC onsets:  0
BC status:  4996 4 
BC subtype:  4996 4 

clinical_engagement 
diagnosis 
demography 
65 new agents 
3 dtreferralsatt3 smreferralsatt3 
disease_progression 
H-positive risk:  921 837 134 863 420 119 853 465 148 55 123 62 
H-negative risk:  837 921 853 863 465 420 119 134 123 148 62 55 
New BC onsets:  0
BC status:  4994 6 
BC subtype:  4994 6 

clinical_engagement 
diagnosis 
demography 
69 new agents 
1 dtreferralsatt1 smreferralsatt4 
disease_progression 
H-positive risk:  933 845 134 865 410 122 857 453 145 56 121 59 
H-negative risk:  845 933 857 865 453 410 122 134 121 145 59 56 
New BC onsets:  0
BC status:  4991 9 
BC subtype:  4991 8 1 

clinical_engagement 
diagnosis 
demography 
49 new agents 
2 dtreferralsatt2 smreferralsatt5 
disease_progression 
H-positive risk:  937 850 136 865 408 123 852 447 145 56 121 60 
H-negative risk:  850 937 852 865 447 408 123 136 121 145 60 56 
New BC onsets:  0
BC status:  4991 9 
BC subtype:  4991 8 1 

clinical_engagement 
diagnosis 
demography 
65 new agents 
4 dtreferralsatt4 smreferralsatt6 
disease_progression 
H-positive risk:  946 850 137 860 407 122 853 444 145 58 119 59 
H-negative risk:  850 946 853 860 444 407 122 137 119 145 59 58 
New BC onsets:  0
BC status:  4987 13 
BC subtype:  4987 12 1 

clinical_engagement 
diagnosis 
demography 
54 new agents 
5 dtreferralsatt5 smreferralsatt7 
disease_progression 
H-positive risk:  950 854 137 852 410 123 846 442 146 60 120 60 
H-negative risk:  854 950 846 852 442 410 123 137 120 146 60 60 
New BC onsets:  0
BC status:  4985 15 
BC subtype:  4985 12 3 

clinical_engagement 
diagnosis 
demography 
61 new agents 
6 dtreferralsatt6 smreferralsatt8 
disease_progression 
H-positive risk:  962 861 138 842 408 123 846 437 145 59 120 59 
H-negative risk:  861 962 846 842 437 408 123 138 120 145 59 59 
New BC onsets:  0
BC status:  4986 14 
BC subtype:  4986 12 2 

clinical_engagement 
diagnosis 
demography 
55 new agents 
9 dtreferralsatt9 smreferralsatt9 
disease_progression 
H-positive risk:  964 867 141 845 401 122 846 432 145 57 121 59 
H-negative risk:  867 964 846 845 432 401 122 141 121 145 59 57 
New BC onsets:  0
BC status:  4983 17 
BC subtype:  4983 13 4 

clinical_engagement 
diagnosis 
demography 
45 new agents 
4 dtreferralsatt4 smreferralsatt10 
disease_progression 
H-positive risk:  969 873 142 842 397 122 848 426 144 57 123 57 
H-negative risk:  873 969 848 842 426 397 122 142 123 144 57 57 
New BC onsets:  0
BC status:  4981 19 
BC subtype:  4981 15 4 

clinical_engagement 
diagnosis 
demography 
49 new agents 
8 dtreferralsatt8 smreferralsatt11 
disease_progression 
H-positive risk:  977 876 143 832 397 122 849 424 144 57 122 57 
H-negative risk:  876 977 849 832 424 397 122 143 122 144 57 57 
New BC onsets:  0
BC status:  4981 19 
BC subtype:  4981 15 4 

clinical_engagement 
diagnosis 
demography 
50 new agents 
13 dtreferralsatt13 smreferralsatt12 
disease_progression 
H-positive risk:  983 876 145 823 395 122 852 421 144 58 124 57 
H-negative risk:  876 983 852 823 421 395 122 145 124 144 57 58 
New BC onsets:  0
BC status:  4977 23 
BC subtype:  4977 18 5 

clinical_engagement 
diagnosis 
demography 
64 new agents 
6 dtreferralsatt6 smreferralsatt13 
disease_progression 
H-positive risk:  905 813 132 906 388 113 927 410 155 56 136 59 
H-negative risk:  813 905 927 906 410 388 113 132 136 155 59 56 
New BC onsets:  0
BC status:  4977 23 
BC subtype:  4977 18 5 

clinical_engagement 
diagnosis 
demography 
232 new agents 
5 dtreferralsatt5 smreferralsatt14 
disease_progression 
H-positive risk:  937 848 134 867 403 117 895 404 146 59 120 70 
H-negative risk:  848 937 895 867 404 403 117 134 120 146 70 59 
New BC onsets:  0
BC status:  4971 29 
BC subtype:  4971 24 5 

clinical_engagement 
diagnosis 
demography 
64 new agents 
6 dtreferralsatt6 smreferralsatt15 
disease_progression 
H-positive risk:  939 849 133 867 402 117 897 402 145 61 118 70 
H-negative risk:  849 939 897 867 402 402 117 133 118 145 70 61 
New BC onsets:  0
BC status:  4971 29 
BC subtype:  4971 24 5 

clinical_engagement 
diagnosis 
demography 
57 new agents 
8 dtreferralsatt8 smreferralsatt16 
disease_progression 
H-positive risk:  940 853 135 863 399 117 903 396 146 60 118 70 
H-negative risk:  853 940 903 863 396 399 117 135 118 146 70 60 
New BC onsets:  0
BC status:  4970 30 
BC subtype:  4970 25 5 

clinical_engagement 
diagnosis 
demography 
51 new agents 
9 dtreferralsatt9 smreferralsatt17 
disease_progression 
H-positive risk:  935 859 135 865 397 118 905 394 148 60 116 68 
H-negative risk:  859 935 905 865 394 397 118 135 116 148 68 60 
New BC onsets:  0
BC status:  4967 33 
BC subtype:  4967 28 5 

clinical_engagement 
diagnosis 
demography 
53 new agents 
6 dtreferralsatt6 smreferralsatt18 
disease_progression 
H-positive risk:  934 864 137 862 394 121 911 396 143 59 113 66 
H-negative risk:  864 934 911 862 396 394 121 137 113 143 66 59 
New BC onsets:  0
BC status:  4964 36 
BC subtype:  4964 31 5 

clinical_engagement 
diagnosis 
demography 
70 new agents 
14 dtreferralsatt14 smreferralsatt19 
disease_progression 
H-positive risk:  933 865 135 867 395 123 914 391 143 59 112 63 
H-negative risk:  865 933 914 867 391 395 123 135 112 143 63 59 
New BC onsets:  0
BC status:  4963 37 
BC subtype:  4963 32 5 

clinical_engagement 
diagnosis 
demography 
55 new agents 
7 dtreferralsatt7 smreferralsatt20 
disease_progression 
H-positive risk:  930 873 138 876 388 124 905 390 141 61 109 65 
H-negative risk:  873 930 905 876 390 388 124 138 109 141 65 61 
New BC onsets:  0
BC status:  4957 43 
BC subtype:  4957 36 7 

clinical_engagement 
diagnosis 
demography 
55 new agents 
13 dtreferralsatt13 smreferralsatt21 
disease_progression 
H-positive risk:  940 875 137 875 382 124 907 390 138 62 109 61 
H-negative risk:  875 940 907 875 390 382 124 137 109 138 61 62 
New BC onsets:  0
BC status:  4956 44 
BC subtype:  4956 37 7 

clinical_engagement 
diagnosis 
demography 
65 new agents 
6 dtreferralsatt6 smreferralsatt22 
disease_progression 
H-positive risk:  948 883 137 871 383 124 900 383 141 61 108 61 
H-negative risk:  883 948 900 871 383 383 124 137 108 141 61 61 
New BC onsets:  0
BC status:  4954 46 
BC subtype:  4954 38 8 

clinical_engagement 
diagnosis 
demography 
58 new agents 
15 dtreferralsatt15 smreferralsatt23 
disease_progression 
H-positive risk:  952 891 137 870 378 122 898 377 142 62 110 61 
H-negative risk:  891 952 898 870 377 378 122 137 110 142 61 62 
New BC onsets:  0
BC status:  4951 49 
BC subtype:  4951 39 10 

clinical_engagement 
diagnosis 
demography 
47 new agents 
8 dtreferralsatt8 smreferralsatt24 
disease_progression 
H-positive risk:  954 892 136 875 379 122 902 370 142 62 106 60 
H-negative risk:  892 954 902 875 370 379 122 136 106 142 60 62 
New BC onsets:  0
BC status:  4950 50 
BC subtype:  4950 40 10 

clinical_engagement 
diagnosis 
demography 
61 new agents 
6 dtreferralsatt6 smreferralsatt25 
disease_progression 
H-positive risk:  876 824 126 944 380 107 986 366 153 61 118 59 
H-negative risk:  824 876 986 944 366 380 107 126 118 153 59 61 
New BC onsets:  0
BC status:  4948 52 
BC subtype:  4948 41 11 

clinical_engagement 
diagnosis 
demography 
179 new agents 
14 dtreferralsatt14 smreferralsatt26 
disease_progression 
H-positive risk:  902 849 127 896 402 109 968 359 142 70 112 64 
H-negative risk:  849 902 968 896 359 402 109 127 112 142 64 70 
New BC onsets:  0
BC status:  4942 58 
BC subtype:  4942 47 11 

clinical_engagement 
diagnosis 
demography 
84 new agents 
13 dtreferralsatt13 smreferralsatt27 
disease_progression 
H-positive risk:  909 863 127 888 394 110 963 363 138 68 114 63 
H-negative risk:  863 909 963 888 363 394 110 127 114 138 63 68 
New BC onsets:  0
BC status:  4939 61 
BC subtype:  4939 48 13 

clinical_engagement 
diagnosis 
demography 
66 new agents 
9 dtreferralsatt9 smreferralsatt28 
disease_progression 
H-positive risk:  917 861 126 890 388 115 959 364 135 68 115 62 
H-negative risk:  861 917 959 890 364 388 115 126 115 135 62 68 
New BC onsets:  0
BC status:  4939 61 
BC subtype:  4939 48 13 

clinical_engagement 
diagnosis 
demography 
51 new agents 
13 dtreferralsatt13 smreferralsatt29 
disease_progression 
H-positive risk:  921 863 127 884 384 115 960 368 137 65 114 62 
H-negative risk:  863 921 960 884 368 384 115 127 114 137 62 65 
New BC onsets:  0
BC status:  4940 60 
BC subtype:  4940 49 11 

clinical_engagement 
diagnosis 
demography 
56 new agents 
5 dtreferralsatt5 smreferralsatt30 
disease_progression 
H-positive risk:  926 870 126 885 380 115 953 367 139 66 112 61 
H-negative risk:  870 926 953 885 367 380 115 126 112 139 61 66 
New BC onsets:  0
BC status:  4939 61 
BC subtype:  4939 50 11 

clinical_engagement 
diagnosis 
demography 
52 new agents 
8 dtreferralsatt8 smreferralsatt31 
disease_progression 
H-positive risk:  925 873 126 876 381 117 951 376 139 66 114 56 
H-negative risk:  873 925 951 876 376 381 117 126 114 139 56 66 
New BC onsets:  0
BC status:  4940 60 
BC subtype:  4940 49 11 

clinical_engagement 
diagnosis 
demography 
82 new agents 
22 dtreferralsatt22 smreferralsatt32 
disease_progression 
H-positive risk:  928 879 130 877 371 119 945 371 138 65 118 59 
H-negative risk:  879 928 945 877 371 371 119 130 118 138 59 65 
New BC onsets:  0
BC status:  4936 64 
BC subtype:  4936 52 12 

clinical_engagement 
diagnosis 
demography 
67 new agents 
5 dtreferralsatt5 smreferralsatt33 
disease_progression 
H-positive risk:  939 876 131 874 367 121 942 373 136 62 120 59 
H-negative risk:  876 939 942 874 373 367 121 131 120 136 59 62 
New BC onsets:  0
BC status:  4935 65 
BC subtype:  4935 52 13 

clinical_engagement 
diagnosis 
demography 
60 new agents 
17 dtreferralsatt17 smreferralsatt34 
disease_progression 
H-positive risk:  937 881 132 874 367 120 935 379 134 64 119 58 
H-negative risk:  881 937 935 874 379 367 120 132 119 134 58 64 
New BC onsets:  0
BC status:  4933 67 
BC subtype:  4933 54 13 

clinical_engagement 
diagnosis 
demography 
66 new agents 
13 dtreferralsatt13 smreferralsatt35 
disease_progression 
H-positive risk:  943 884 132 877 359 122 931 375 132 67 118 60 
H-negative risk:  884 943 931 877 375 359 122 132 118 132 60 67 
New BC onsets:  0
BC status:  4931 69 
BC subtype:  4931 56 13 

clinical_engagement 
diagnosis 
demography 
71 new agents 
8 dtreferralsatt8 smreferralsatt36 
disease_progression 
H-positive risk:  948 883 134 874 351 123 930 375 134 65 124 59 
H-negative risk:  883 948 930 874 375 351 123 134 124 134 59 65 
New BC onsets:  0
BC status:  4930 70 
BC subtype:  4930 57 13 

clinical_engagement 
diagnosis 
demography 
56 new agents 
13 dtreferralsatt13 smreferralsatt37 
disease_progression 
H-positive risk:  874 810 120 952 348 113 1008 370 145 63 140 57 
H-negative risk:  810 874 1008 952 370 348 113 120 140 145 57 63 
New BC onsets:  0
BC status:  4930 70 
BC subtype:  4930 56 14 

clinical_engagement 
diagnosis 
demography 
163 new agents 
11 dtreferralsatt11 smreferralsatt38 
disease_progression 
H-positive risk:  887 823 119 935 356 118 984 379 146 60 138 55 
H-negative risk:  823 887 984 935 379 356 118 119 138 146 55 60 
New BC onsets:  0
BC status:  4930 70 
BC subtype:  4930 56 14 

clinical_engagement 
diagnosis 
demography 
77 new agents 
8 dtreferralsatt8 smreferralsatt39 
disease_progression 
H-positive risk:  886 826 120 933 358 121 979 383 143 60 134 57 
H-negative risk:  826 886 979 933 383 358 121 120 134 143 57 60 
New BC onsets:  0
BC status:  4928 72 
BC subtype:  4928 58 14 

clinical_engagement 
diagnosis 
demography 
69 new agents 
7 dtreferralsatt7 smreferralsatt40 
disease_progression 
H-positive risk:  900 828 118 933 358 123 969 379 143 59 133 57 
H-negative risk:  828 900 969 933 379 358 123 118 133 143 57 59 
New BC onsets:  0
BC status:  4925 75 
BC subtype:  4925 61 14 

clinical_engagement 
diagnosis 
demography 
59 new agents 
6 dtreferralsatt6 smreferralsatt41 
disease_progression 
H-positive risk:  907 831 118 933 362 124 963 375 141 59 132 55 
H-negative risk:  831 907 963 933 375 362 124 118 132 141 55 59 
New BC onsets:  0
BC status:  4924 76 
BC subtype:  4924 62 14 

clinical_engagement 
diagnosis 
demography 
69 new agents 
10 dtreferralsatt10 smreferralsatt42 
disease_progression 
H-positive risk:  904 843 117 926 359 124 966 371 142 61 132 55 
H-negative risk:  843 904 966 926 371 359 124 117 132 142 55 61 
New BC onsets:  0
BC status:  4925 75 
BC subtype:  4925 62 13 

clinical_engagement 
diagnosis 
demography 
74 new agents 
11 dtreferralsatt11 smreferralsatt43 
disease_progression 
H-positive risk:  898 854 119 933 347 123 955 377 146 61 133 54 
H-negative risk:  854 898 955 933 377 347 123 119 133 146 54 61 
New BC onsets:  0
BC status:  4920 80 
BC subtype:  4920 67 13 

clinical_engagement 
diagnosis 
demography 
64 new agents 
10 dtreferralsatt10 smreferralsatt44 
disease_progression 
H-positive risk:  906 856 119 932 342 120 954 379 144 60 133 55 
H-negative risk:  856 906 954 932 379 342 120 119 133 144 55 60 
New BC onsets:  0
BC status:  4922 78 
BC subtype:  4922 65 13 

clinical_engagement 
diagnosis 
demography 
65 new agents 
8 dtreferralsatt8 smreferralsatt45 
disease_progression 
H-positive risk:  917 853 120 933 339 120 956 375 143 60 133 51 
H-negative risk:  853 917 956 933 375 339 120 120 133 143 51 60 
New BC onsets:  0
BC status:  4919 81 
BC subtype:  4919 67 14 

clinical_engagement 
diagnosis 
demography 
64 new agents 
9 dtreferralsatt9 smreferralsatt46 
disease_progression 
H-positive risk:  913 850 119 933 335 119 974 369 144 59 134 51 
H-negative risk:  850 913 974 933 369 335 119 119 134 144 51 59 
New BC onsets:  0
BC status:  4919 81 
BC subtype:  4919 66 15 

clinical_engagement 
diagnosis 
demography 
72 new agents 
8 dtreferralsatt8 smreferralsatt47 
disease_progression 
H-positive risk:  914 859 118 928 328 120 975 370 145 58 134 51 
H-negative risk:  859 914 975 928 370 328 120 118 134 145 51 58 
New BC onsets:  0
BC status:  4919 81 
BC subtype:  4919 65 16 

clinical_engagement 
diagnosis 
demography 
63 new agents 
15 dtreferralsatt15 smreferralsatt48 
disease_progression 
H-positive risk:  913 861 120 938 325 118 972 369 146 57 131 50 
H-negative risk:  861 913 972 938 369 325 118 120 131 146 50 57 
New BC onsets:  0
BC status:  4918 82 
BC subtype:  4918 65 17 

clinical_engagement 
diagnosis 
demography 
71 new agents 
14 dtreferralsatt14 smreferralsatt49 
disease_progression 
H-positive risk:  862 809 112 987 318 112 1024 370 157 59 139 51 
H-negative risk:  809 862 1024 987 370 318 112 112 139 157 51 59 
New BC onsets:  0
BC status:  4917 83 
BC subtype:  4917 64 19 

clinical_engagement 
diagnosis 
demography 
129 new agents 
7 dtreferralsatt7 smreferralsatt50 
disease_progression 
H-positive risk:  873 822 116 948 341 113 1005 377 147 72 139 47 
H-negative risk:  822 873 1005 948 377 341 113 116 139 147 47 72 
New BC onsets:  0
BC status:  4918 82 
BC subtype:  4918 66 16 

clinical_engagement 
diagnosis 
demography 
62 new agents 
9 dtreferralsatt9 smreferralsatt51 
disease_progression 
H-positive risk:  878 824 116 936 353 112 994 382 150 72 134 49 
H-negative risk:  824 878 994 936 382 353 112 116 134 150 49 72 
New BC onsets:  0
BC status:  4917 83 
BC subtype:  4917 66 17 

clinical_engagement 
diagnosis 
demography 
71 new agents 
9 dtreferralsatt9 smreferralsatt52 
disease_progression 
H-positive risk:  874 823 116 938 355 111 988 390 151 71 133 50 
H-negative risk:  823 874 988 938 390 355 111 116 133 151 50 71 
New BC onsets:  0
BC status:  4920 80 
BC subtype:  4920 62 18 

clinical_engagement 
diagnosis 
demography 
79 new agents 
12 dtreferralsatt12 smreferralsatt53 
disease_progression 
H-positive risk:  870 827 115 927 361 112 992 385 153 73 134 51 
H-negative risk:  827 870 992 927 385 361 112 115 134 153 51 73 
New BC onsets:  0
BC status:  4918 82 
BC subtype:  4918 63 19 

clinical_engagement 
diagnosis 
demography 
60 new agents 
8 dtreferralsatt8 smreferralsatt54 
disease_progression 
H-positive risk:  873 828 115 939 352 112 993 383 152 74 129 50 
H-negative risk:  828 873 993 939 383 352 112 115 129 152 50 74 
New BC onsets:  0
BC status:  4918 82 
BC subtype:  4918 64 18 

clinical_engagement 
diagnosis 
demography 
45 new agents 
9 dtreferralsatt9 smreferralsatt55 
disease_progression 
H-positive risk:  870 828 117 946 355 111 993 375 156 71 130 48 
H-negative risk:  828 870 993 946 375 355 111 117 130 156 48 71 
New BC onsets:  0
BC status:  4919 81 
BC subtype:  4919 64 17 

clinical_engagement 
diagnosis 
demography 
67 new agents 
5 dtreferralsatt5 smreferralsatt56 
disease_progression 
H-positive risk:  876 834 116 936 352 115 992 372 158 68 134 47 
H-negative risk:  834 876 992 936 372 352 115 116 134 158 47 68 
New BC onsets:  0
BC status:  4918 82 
BC subtype:  4918 64 18 

clinical_engagement 
diagnosis 
demography 
75 new agents 
9 dtreferralsatt9 smreferralsatt57 
disease_progression 
H-positive risk:  877 834 117 937 355 116 993 372 156 65 134 44 
H-negative risk:  834 877 993 937 372 355 116 117 134 156 44 65 
New BC onsets:  0
BC status:  4917 83 
BC subtype:  4917 65 18 

clinical_engagement 
diagnosis 
demography 
68 new agents 
10 dtreferralsatt10 smreferralsatt58 
disease_progression 
H-positive risk:  877 837 116 943 352 118 990 366 156 63 134 48 
H-negative risk:  837 877 990 943 366 352 118 116 134 156 48 63 
New BC onsets:  0
BC status:  4916 84 
BC subtype:  4916 66 18 

clinical_engagement 
diagnosis 
demography 
68 new agents 
9 dtreferralsatt9 smreferralsatt59 
disease_progression 
H-positive risk:  885 842 117 943 343 119 989 365 152 62 134 49 
H-negative risk:  842 885 989 943 365 343 119 117 134 152 49 62 
New BC onsets:  0
BC status:  4916 84 
BC subtype:  4916 66 18 

clinical_engagement 
diagnosis 
demography 
54 new agents 
12 dtreferralsatt12 smreferralsatt60 
disease_progression 
H-positive risk:  885 845 115 941 342 117 987 368 153 60 136 51 
H-negative risk:  845 885 987 941 368 342 117 115 136 153 51 60 
New BC onsets:  0
BC status:  4912 88 
BC subtype:  4912 70 18 

clinical_engagement 
diagnosis 
demography 
63 new agents 
10 dtreferralsatt10 smreferralsatt61 
disease_progression 
H-positive risk:  831 796 111 1000 348 111 1031 368 156 56 142 50 
H-negative risk:  796 831 1031 1000 368 348 111 111 142 156 50 56 
New BC onsets:  0
BC status:  4912 88 
BC subtype:  4912 71 17 

clinical_engagement 
diagnosis 
demography 
116 new agents 
12 dtreferralsatt12 smreferralsatt62 
disease_progression 
H-positive risk:  843 801 113 993 351 110 995 389 153 61 136 55 
H-negative risk:  801 843 995 993 389 351 110 113 136 153 55 61 
New BC onsets:  0
BC status:  4911 89 
BC subtype:  4911 74 15 

clinical_engagement 
diagnosis 
demography 
96 new agents 
16 dtreferralsatt16 smreferralsatt63 
disease_progression 
H-positive risk:  857 791 114 981 353 113 995 393 148 62 135 58 
H-negative risk:  791 857 995 981 393 353 113 114 135 148 58 62 
New BC onsets:  0
BC status:  4911 89 
BC subtype:  4911 74 15 

clinical_engagement 
diagnosis 
demography 
76 new agents 
11 dtreferralsatt11 smreferralsatt64 
disease_progression 
H-positive risk:  853 795 116 979 352 115 995 392 146 62 136 59 
H-negative risk:  795 853 995 979 392 352 115 116 136 146 59 62 
New BC onsets:  0
BC status:  4908 92 
BC subtype:  4908 76 16 

clinical_engagement 
diagnosis 
demography 
70 new agents 
15 dtreferralsatt15 smreferralsatt65 
disease_progression 
H-positive risk:  849 793 117 983 352 118 999 388 144 61 140 56 
H-negative risk:  793 849 999 983 388 352 118 117 140 144 56 61 
New BC onsets:  0
BC status:  4904 96 
BC subtype:  4904 80 16 

clinical_engagement 
diagnosis 
demography 
85 new agents 
12 dtreferralsatt12 smreferralsatt66 
disease_progression 
H-positive risk:  854 792 120 990 341 118 999 389 142 57 142 56 
H-negative risk:  792 854 999 990 389 341 118 120 142 142 56 57 
New BC onsets:  0
BC status:  4907 93 
BC subtype:  4907 78 15 

clinical_engagement 
diagnosis 
demography 
61 new agents 
5 dtreferralsatt5 smreferralsatt67 
disease_progression 
H-positive risk:  856 791 121 988 346 116 991 387 146 58 142 58 
H-negative risk:  791 856 991 988 387 346 116 121 142 146 58 58 
New BC onsets:  0
BC status:  4905 95 
BC subtype:  4905 80 15 

clinical_engagement 
diagnosis 
demography 
77 new agents 
11 dtreferralsatt11 smreferralsatt68 
disease_progression 
H-positive risk:  866 781 122 998 345 115 992 380 145 58 142 56 
H-negative risk:  781 866 992 998 380 345 115 122 142 145 56 58 
New BC onsets:  0
BC status:  4904 96 
BC subtype:  4904 81 15 

clinical_engagement 
diagnosis 
demography 
70 new agents 
12 dtreferralsatt12 smreferralsatt69 
disease_progression 
H-positive risk:  867 776 121 1006 345 116 991 372 147 58 145 56 
H-negative risk:  776 867 991 1006 372 345 116 121 145 147 56 58 
New BC onsets:  0
BC status:  4904 96 
BC subtype:  4904 81 15 

clinical_engagement 
diagnosis 
demography 
60 new agents 
13 dtreferralsatt13 smreferralsatt70 
disease_progression 
H-positive risk:  868 775 120 1004 346 117 995 374 145 57 142 57 
H-negative risk:  775 868 995 1004 374 346 117 120 142 145 57 57 
New BC onsets:  0
BC status:  4905 95 
BC subtype:  4905 81 14 

clinical_engagement 
diagnosis 
demography 
66 new agents 
8 dtreferralsatt8 smreferralsatt71 
disease_progression 
H-positive risk:  872 774 120 1008 339 119 995 371 148 55 141 58 
H-negative risk:  774 872 995 1008 371 339 119 120 141 148 58 55 
New BC onsets:  0
BC status:  4905 95 
BC subtype:  4905 80 15 

clinical_engagement 
diagnosis 
demography 
59 new agents 
11 dtreferralsatt11 smreferralsatt72 
disease_progression 
H-positive risk:  876 780 121 1004 338 117 992 373 148 53 141 57 
H-negative risk:  780 876 992 1004 373 338 117 121 141 148 57 53 
New BC onsets:  0
BC status:  4904 96 
BC subtype:  4904 80 16 

clinical_engagement 
diagnosis 
demography 
63 new agents 
15 dtreferralsatt15 smreferralsatt73 
disease_progression 
H-positive risk:  823 731 112 1061 337 109 1045 366 155 53 152 56 
H-negative risk:  731 823 1045 1061 366 337 109 112 152 155 56 53 
New BC onsets:  0
BC status:  4902 98 
BC subtype:  4902 82 16 

clinical_engagement 
diagnosis 
demography 
108 new agents 
8 dtreferralsatt8 smreferralsatt74 
disease_progression 
H-positive risk:  819 736 110 1048 349 109 1032 387 150 57 142 61 
H-negative risk:  736 819 1032 1048 387 349 109 110 142 150 61 57 
New BC onsets:  0
BC status:  4905 95 
BC subtype:  4905 80 15 

clinical_engagement 
diagnosis 
demography 
74 new agents 
11 dtreferralsatt11 smreferralsatt75 
disease_progression 
H-positive risk:  822 745 112 1042 349 105 1016 397 152 57 143 60 
H-negative risk:  745 822 1016 1042 397 349 105 112 143 152 60 57 
New BC onsets:  0
BC status:  4904 96 
BC subtype:  4904 81 15 

clinical_engagement 
diagnosis 
demography 
64 new agents 
13 dtreferralsatt13 smreferralsatt76 
disease_progression 
H-positive risk:  820 749 112 1037 344 103 1018 400 155 57 143 62 
H-negative risk:  749 820 1018 1037 400 344 103 112 143 155 62 57 
New BC onsets:  0
BC status:  4907 93 
BC subtype:  4907 78 15 

clinical_engagement 
diagnosis 
demography 
72 new agents 
10 dtreferralsatt10 smreferralsatt77 
disease_progression 
H-positive risk:  825 741 111 1041 343 104 1018 402 157 57 140 61 
H-negative risk:  741 825 1018 1041 402 343 104 111 140 157 61 57 
New BC onsets:  0
BC status:  4903 97 
BC subtype:  4903 81 16 

clinical_engagement 
diagnosis 
demography 
59 new agents 
5 dtreferralsatt5 smreferralsatt78 
disease_progression 
H-positive risk:  832 740 110 1043 341 104 1020 404 153 54 140 59 
H-negative risk:  740 832 1020 1043 404 341 104 110 140 153 59 54 
New BC onsets:  0
BC status:  4899 101 
BC subtype:  4899 84 17 

clinical_engagement 
diagnosis 
demography 
48 new agents 
11 dtreferralsatt11 smreferralsatt79 
disease_progression 
H-positive risk:  832 741 112 1045 338 105 1015 407 153 55 138 59 
H-negative risk:  741 832 1015 1045 407 338 105 112 138 153 59 55 
New BC onsets:  0
BC status:  4898 102 
BC subtype:  4898 85 17 

clinical_engagement 
diagnosis 
demography 
77 new agents 
10 dtreferralsatt10 smreferralsatt80 
disease_progression 
H-positive risk:  832 743 111 1054 341 105 1008 402 149 58 138 59 
H-negative risk:  743 832 1008 1054 402 341 105 111 138 149 59 58 
New BC onsets:  0
BC status:  4897 103 
BC subtype:  4897 85 18 

clinical_engagement 
diagnosis 
demography 
76 new agents 
12 dtreferralsatt12 smreferralsatt81 
disease_progression 
H-positive risk:  828 744 112 1056 339 105 1017 400 149 57 137 56 
H-negative risk:  744 828 1017 1056 400 339 105 112 137 149 56 57 
New BC onsets:  0
BC status:  4897 103 
BC subtype:  4897 85 18 

clinical_engagement 
diagnosis 
demography 
72 new agents 
13 dtreferralsatt13 smreferralsatt82 
disease_progression 
H-positive risk:  834 749 115 1048 338 106 1021 394 149 54 135 57 
H-negative risk:  749 834 1021 1048 394 338 106 115 135 149 57 54 
New BC onsets:  0
BC status:  4895 105 
BC subtype:  4895 87 18 

clinical_engagement 
diagnosis 
demography 
76 new agents 
9 dtreferralsatt9 smreferralsatt83 
disease_progression 
H-positive risk:  836 753 114 1059 333 106 1007 401 146 56 136 53 
H-negative risk:  753 836 1007 1059 401 333 106 114 136 146 53 56 
New BC onsets:  0
BC status:  4894 106 
BC subtype:  4894 87 19 

clinical_engagement 
diagnosis 
demography 
77 new agents 
13 dtreferralsatt13 smreferralsatt84 
disease_progression 
H-positive risk:  833 751 114 1057 330 108 1005 408 146 58 139 51 
H-negative risk:  751 833 1005 1057 408 330 108 114 139 146 51 58 
New BC onsets:  0
BC status:  4897 103 
BC subtype:  4897 83 20 

clinical_engagement 
diagnosis 
demography 
73 new agents 
8 dtreferralsatt8 smreferralsatt85 
disease_progression 
H-positive risk:  774 709 105 1096 333 100 1063 406 152 63 148 51 
H-negative risk:  709 774 1063 1096 406 333 100 105 148 152 51 63 
New BC onsets:  0
BC status:  4895 105 
BC subtype:  4895 83 22 

clinical_engagement 
diagnosis 
demography 
119 new agents 
10 dtreferralsatt10 smreferralsatt86 
disease_progression 
H-positive risk:  783 714 107 1090 333 100 1045 423 150 59 143 53 
H-negative risk:  714 783 1045 1090 423 333 100 107 143 150 53 59 
New BC onsets:  0
BC status:  4894 106 
BC subtype:  4894 82 24 

clinical_engagement 
diagnosis 
demography 
89 new agents 
10 dtreferralsatt10 smreferralsatt87 
disease_progression 
H-positive risk:  787 717 106 1089 337 96 1041 422 151 59 143 52 
H-negative risk:  717 787 1041 1089 422 337 96 106 143 151 52 59 
New BC onsets:  0
BC status:  4892 108 
BC subtype:  4892 84 24 

clinical_engagement 
diagnosis 
demography 
72 new agents 
13 dtreferralsatt13 smreferralsatt88 
disease_progression 
H-positive risk:  785 725 107 1083 336 92 1044 417 153 58 144 56 
H-negative risk:  725 785 1044 1083 417 336 92 107 144 153 56 58 
New BC onsets:  0
BC status:  4889 111 
BC subtype:  4889 87 24 

clinical_engagement 
diagnosis 
demography 
64 new agents 
9 dtreferralsatt9 smreferralsatt89 
disease_progression 
H-positive risk:  786 725 107 1081 340 87 1045 414 157 57 145 56 
H-negative risk:  725 786 1045 1081 414 340 87 107 145 157 56 57 
New BC onsets:  0
BC status:  4884 116 
BC subtype:  4884 92 24 

clinical_engagement 
diagnosis 
demography 
60 new agents 
9 dtreferralsatt9 smreferralsatt90 
disease_progression 
H-positive risk:  780 723 107 1083 339 89 1050 418 158 56 142 55 
H-negative risk:  723 780 1050 1083 418 339 89 107 142 158 55 56 
New BC onsets:  0
BC status:  4888 112 
BC subtype:  4888 87 25 

clinical_engagement 
diagnosis 
demography 
69 new agents 
11 dtreferralsatt11 smreferralsatt91 
disease_progression 
H-positive risk:  790 724 110 1081 331 87 1045 425 155 56 140 56 
H-negative risk:  724 790 1045 1081 425 331 87 110 140 155 56 56 
New BC onsets:  0
BC status:  4887 113 
BC subtype:  4887 87 26 

clinical_engagement 
diagnosis 
demography 
68 new agents 
9 dtreferralsatt9 smreferralsatt92 
disease_progression 
H-positive risk:  795 733 110 1072 337 87 1043 423 154 55 137 54 
H-negative risk:  733 795 1043 1072 423 337 87 110 137 154 54 55 
New BC onsets:  0
BC status:  4887 113 
BC subtype:  4887 88 25 

clinical_engagement 
diagnosis 
demography 
65 new agents 
14 dtreferralsatt14 smreferralsatt93 
disease_progression 
H-positive risk:  798 740 110 1064 337 87 1036 425 155 55 138 55 
H-negative risk:  740 798 1036 1064 425 337 87 110 138 155 55 55 
New BC onsets:  0
BC status:  4889 111 
BC subtype:  4889 86 25 

clinical_engagement 
diagnosis 
demography 
65 new agents 
11 dtreferralsatt11 smreferralsatt94 
disease_progression 
H-positive risk:  797 727 110 1069 336 92 1038 429 153 55 140 54 
H-negative risk:  727 797 1038 1069 429 336 92 110 140 153 54 55 
New BC onsets:  0
BC status:  4886 114 
BC subtype:  4886 88 26 

clinical_engagement 
diagnosis 
demography 
63 new agents 
10 dtreferralsatt10 smreferralsatt95 
disease_progression 
H-positive risk:  794 727 109 1074 331 94 1041 429 152 54 141 54 
H-negative risk:  727 794 1041 1074 429 331 94 109 141 152 54 54 
New BC onsets:  0
BC status:  4884 116 
BC subtype:  4884 90 26 

clinical_engagement 
diagnosis 
demography 
70 new agents 
12 dtreferralsatt12 smreferralsatt96 
disease_progression 
H-positive risk:  801 730 109 1073 332 95 1029 430 151 56 141 53 
H-negative risk:  730 801 1029 1073 430 332 95 109 141 151 53 56 
New BC onsets:  0
BC status:  4886 114 
BC subtype:  4886 87 27 

clinical_engagement 
diagnosis 
demography 
73 new agents 
14 dtreferralsatt14 smreferralsatt97 
disease_progression 
H-positive risk:  755 695 104 1110 335 92 1078 423 151 59 146 52 
H-negative risk:  695 755 1078 1110 423 335 92 104 146 151 52 59 
New BC onsets:  0
BC status:  4884 116 
BC subtype:  4884 89 27 

clinical_engagement 
diagnosis 
demography 
98 new agents 
10 dtreferralsatt10 smreferralsatt98 
disease_progression 
H-positive risk:  753 692 101 1108 343 91 1077 425 153 59 147 51 
H-negative risk:  692 753 1077 1108 425 343 91 101 147 153 51 59 
New BC onsets:  0
BC status:  4884 116 
BC subtype:  4884 89 27 

clinical_engagement 
diagnosis 
demography 
82 new agents 
10 dtreferralsatt10 smreferralsatt99 
disease_progression 
H-positive risk:  744 699 102 1102 346 90 1080 425 157 58 146 51 
H-negative risk:  699 744 1080 1102 425 346 90 102 146 157 51 58 
New BC onsets:  0
BC status:  4890 110 
BC subtype:  4890 83 27 

clinical_engagement 
diagnosis 
demography 
67 new agents 
8 dtreferralsatt8 smreferralsatt100 
disease_progression 
H-positive risk:  734 696 103 1096 346 95 1081 439 157 57 146 50 
H-negative risk:  696 734 1081 1096 439 346 95 103 146 157 50 57 
New BC onsets:  0
BC status:  4894 106 
BC subtype:  4894 79 27 

clinical_engagement 
diagnosis 
demography 
82 new agents 
10 dtreferralsatt10 smreferralsatt101 
disease_progression 
H-positive risk:  735 697 104 1105 351 95 1082 426 154 59 147 45 
H-negative risk:  697 735 1082 1105 426 351 95 104 147 154 45 59 
New BC onsets:  0
BC status:  4895 105 
BC subtype:  4895 78 27 

clinical_engagement 
diagnosis 
demography 
80 new agents 
13 dtreferralsatt13 smreferralsatt102 
disease_progression 
H-positive risk:  738 693 104 1115 354 93 1083 419 151 59 143 48 
H-negative risk:  693 738 1083 1115 419 354 93 104 143 151 48 59 
New BC onsets:  0
BC status:  4897 103 
BC subtype:  4897 76 27 

clinical_engagement 
diagnosis 
demography 
75 new agents 
6 dtreferralsatt6 smreferralsatt103 
disease_progression 
H-positive risk:  740 692 103 1114 354 93 1084 417 152 58 145 48 
H-negative risk:  692 740 1084 1114 417 354 93 103 145 152 48 58 
New BC onsets:  0
BC status:  4901 99 
BC subtype:  4901 73 26 

clinical_engagement 
diagnosis 
demography 
68 new agents 
8 dtreferralsatt8 smreferralsatt104 
disease_progression 
H-positive risk:  739 691 103 1126 353 91 1084 408 153 56 146 50 
H-negative risk:  691 739 1084 1126 408 353 91 103 146 153 50 56 
New BC onsets:  0
BC status:  4898 102 
BC subtype:  4898 74 28 

clinical_engagement 
diagnosis 
demography 
65 new agents 
14 dtreferralsatt14 smreferralsatt105 
disease_progression 
H-positive risk:  732 688 105 1130 352 93 1085 409 154 56 147 49 
H-negative risk:  688 732 1085 1130 409 352 93 105 147 154 49 56 
New BC onsets:  0
BC status:  4903 97 
BC subtype:  4903 69 28 

clinical_engagement 
diagnosis 
demography 
62 new agents 
12 dtreferralsatt12 smreferralsatt106 
disease_progression 
H-positive risk:  734 684 107 1131 356 92 1080 409 152 56 150 49 
H-negative risk:  684 734 1080 1131 409 356 92 107 150 152 49 56 
New BC onsets:  0
BC status:  4900 100 
BC subtype:  4900 72 28 

clinical_engagement 
diagnosis 
demography 
77 new agents 
10 dtreferralsatt10 smreferralsatt107 
disease_progression 
H-positive risk:  734 684 111 1144 355 92 1077 396 155 59 145 48 
H-negative risk:  684 734 1077 1144 396 355 92 111 145 155 48 59 
New BC onsets:  0
BC status:  4899 101 
BC subtype:  4899 73 28 

clinical_engagement 
diagnosis 
demography 
63 new agents 
7 dtreferralsatt7 smreferralsatt108 
disease_progression 
H-positive risk:  729 687 109 1143 354 92 1072 402 155 61 146 50 
H-negative risk:  687 729 1072 1143 402 354 92 109 146 155 50 61 
New BC onsets:  0
BC status:  4901 99 
BC subtype:  4901 70 29 

clinical_engagement 
diagnosis 
demography 
60 new agents 
11 dtreferralsatt11 smreferralsatt109 
disease_progression 
H-positive risk:  675 656 102 1174 354 84 1131 399 162 61 153 49 
H-negative risk:  656 675 1131 1174 399 354 84 102 153 162 49 61 
New BC onsets:  0
BC status:  4902 98 
BC subtype:  4902 69 29 

clinical_engagement 
diagnosis 
demography 
106 new agents 
8 dtreferralsatt8 smreferralsatt110 
disease_progression 
H-positive risk:  676 661 100 1150 372 84 1125 411 158 60 150 53 
H-negative risk:  661 676 1125 1150 411 372 84 100 150 158 53 60 
New BC onsets:  0
BC status:  4902 98 
BC subtype:  4902 69 29 

clinical_engagement 
diagnosis 
demography 
57 new agents 
10 dtreferralsatt10 smreferralsatt111 
disease_progression 
H-positive risk:  672 665 100 1140 375 84 1134 403 163 63 148 53 
H-negative risk:  665 672 1134 1140 403 375 84 100 148 163 53 63 
New BC onsets:  0
BC status:  4900 100 
BC subtype:  4900 71 29 

clinical_engagement 
diagnosis 
demography 
68 new agents 
17 dtreferralsatt17 smreferralsatt112 
disease_progression 
H-positive risk:  674 667 99 1142 375 85 1130 402 160 65 147 54 
H-negative risk:  667 674 1130 1142 402 375 85 99 147 160 54 65 
New BC onsets:  0
BC status:  4900 100 
BC subtype:  4900 72 28 

clinical_engagement 
diagnosis 
demography 
62 new agents 
16 dtreferralsatt16 smreferralsatt113 
disease_progression 
H-positive risk:  670 666 99 1150 373 87 1129 400 159 64 148 55 
H-negative risk:  666 670 1129 1150 400 373 87 99 148 159 55 64 
New BC onsets:  0
BC status:  4901 99 
BC subtype:  4901 72 27 

clinical_engagement 
diagnosis 
demography 
70 new agents 
12 dtreferralsatt12 smreferralsatt114 
disease_progression 
H-positive risk:  670 660 99 1152 371 86 1142 393 162 64 144 57 
H-negative risk:  660 670 1142 1152 393 371 86 99 144 162 57 64 
New BC onsets:  0
BC status:  4899 101 
BC subtype:  4899 74 27 

clinical_engagement 
diagnosis 
demography 
73 new agents 
10 dtreferralsatt10 smreferralsatt115 
disease_progression 
H-positive risk:  678 656 101 1158 369 87 1138 389 160 63 143 58 
H-negative risk:  656 678 1138 1158 389 369 87 101 143 160 58 63 
New BC onsets:  0
BC status:  4897 103 
BC subtype:  4897 76 27 

clinical_engagement 
diagnosis 
demography 
58 new agents 
17 dtreferralsatt17 smreferralsatt116 
disease_progression 
H-positive risk:  675 658 97 1154 376 88 1136 387 158 62 151 58 
H-negative risk:  658 675 1136 1154 387 376 88 97 151 158 58 62 
New BC onsets:  0
BC status:  4898 102 
BC subtype:  4898 75 27 

clinical_engagement 
diagnosis 
demography 
59 new agents 
9 dtreferralsatt9 smreferralsatt117 
disease_progression 
H-positive risk:  676 660 98 1159 376 88 1139 383 156 61 149 55 
H-negative risk:  660 676 1139 1159 383 376 88 98 149 156 55 61 
New BC onsets:  0
BC status:  4891 109 
BC subtype:  4891 82 27 

clinical_engagement 
diagnosis 
demography 
70 new agents 
11 dtreferralsatt11 smreferralsatt118 
disease_progression 
H-positive risk:  681 664 102 1154 379 89 1134 381 159 58 148 51 
H-negative risk:  664 681 1134 1154 381 379 89 102 148 159 51 58 
New BC onsets:  0
BC status:  4891 109 
BC subtype:  4891 82 27 

clinical_engagement 
diagnosis 
demography 
68 new agents 
14 dtreferralsatt14 smreferralsatt119 
disease_progression 
H-positive risk:  683 672 105 1143 384 88 1137 376 156 56 148 52 
H-negative risk:  672 683 1137 1143 376 384 88 105 148 156 52 56 
New BC onsets:  0
BC status:  4894 106 
BC subtype:  4894 81 25 

clinical_engagement 
diagnosis 
demography 
87 new agents 
11 dtreferralsatt11 smreferralsatt120 
disease_progression 
H-positive risk:  693 680 106 1142 382 89 1132 364 159 56 146 51 
H-negative risk:  680 693 1132 1142 364 382 89 106 146 159 51 56 
New BC onsets:  0
BC status:  4896 104 
BC subtype:  4896 79 25 

clinical_engagement 
diagnosis 
demography 
71 new agents 
9 dtreferralsatt9 smreferralsatt121 
disease_progression 
H-positive risk:  665 648 93 1168 377 88 1173 365 160 55 157 51 
H-negative risk:  648 665 1173 1168 365 377 88 93 157 160 51 55 
New BC onsets:  0
BC status:  4897 103 
BC subtype:  4897 80 23 

clinical_engagement 
diagnosis 
demography 
97 new agents 
10 dtreferralsatt10 smreferralsatt122 
disease_progression 
H-positive risk:  659 646 93 1158 393 87 1165 382 157 53 151 56 
H-negative risk:  646 659 1165 1158 382 393 87 93 151 157 56 53 
New BC onsets:  0
BC status:  4900 100 
BC subtype:  4900 79 21 

clinical_engagement 
diagnosis 
demography 
66 new agents 
9 dtreferralsatt9 smreferralsatt123 
disease_progression 
H-positive risk:  661 643 94 1154 393 86 1165 384 157 55 155 53 
H-negative risk:  643 661 1165 1154 384 393 86 94 155 157 53 55 
New BC onsets:  0
BC status:  4900 100 
BC subtype:  4900 78 22 

clinical_engagement 
diagnosis 
demography 
70 new agents 
13 dtreferralsatt13 smreferralsatt124 
disease_progression 
H-positive risk:  658 639 95 1154 395 86 1157 389 158 55 161 53 
H-negative risk:  639 658 1157 1154 389 395 86 95 161 158 53 55 
New BC onsets:  0
BC status:  4903 97 
BC subtype:  4903 75 22 

clinical_engagement 
diagnosis 
demography 
73 new agents 
11 dtreferralsatt11 smreferralsatt125 
disease_progression 
H-positive risk:  657 647 95 1158 391 86 1155 388 157 53 159 54 
H-negative risk:  647 657 1155 1158 388 391 86 95 159 157 54 53 
New BC onsets:  0
BC status:  4904 96 
BC subtype:  4904 75 21 

clinical_engagement 
diagnosis 
demography 
87 new agents 
10 dtreferralsatt10 smreferralsatt126 
disease_progression 
H-positive risk:  646 656 97 1159 385 86 1162 388 156 52 157 56 
H-negative risk:  656 646 1162 1159 388 385 86 97 157 156 56 52 
New BC onsets:  0
BC status:  4900 100 
BC subtype:  4900 78 22 

clinical_engagement 
diagnosis 
demography 
75 new agents 
12 dtreferralsatt12 smreferralsatt127 
disease_progression 
H-positive risk:  651 658 97 1166 381 88 1157 385 152 54 154 57 
H-negative risk:  658 651 1157 1166 385 381 88 97 154 152 57 54 
New BC onsets:  0
BC status:  4896 104 
BC subtype:  4896 78 26 

clinical_engagement 
diagnosis 
demography 
70 new agents 
14 dtreferralsatt14 smreferralsatt128 
disease_progression 
H-positive risk:  655 657 95 1172 376 88 1160 382 150 55 155 55 
H-negative risk:  657 655 1160 1172 382 376 88 95 155 150 55 55 
New BC onsets:  0
BC status:  4892 108 
BC subtype:  4892 78 30 

clinical_engagement 
diagnosis 
demography 
81 new agents 
12 dtreferralsatt12 smreferralsatt129 
disease_progression 
H-positive risk:  652 660 93 1179 372 91 1157 380 151 54 157 54 
H-negative risk:  660 652 1157 1179 380 372 91 93 157 151 54 54 
New BC onsets:  0
BC status:  4895 105 
BC subtype:  4895 76 29 

clinical_engagement 
diagnosis 
demography 
77 new agents 
9 dtreferralsatt9 smreferralsatt130 
disease_progression 
H-positive risk:  650 657 95 1181 367 91 1168 375 152 52 159 53 
H-negative risk:  657 650 1168 1181 375 367 91 95 159 152 53 52 
New BC onsets:  0
BC status:  4892 108 
BC subtype:  4892 77 31 

clinical_engagement 
diagnosis 
demography 
59 new agents 
5 dtreferralsatt5 smreferralsatt131 
disease_progression 
H-positive risk:  642 655 95 1187 365 86 1173 377 154 52 162 52 
H-negative risk:  655 642 1173 1187 377 365 86 95 162 154 52 52 
New BC onsets:  0
BC status:  4891 109 
BC subtype:  4891 77 32 

clinical_engagement 
diagnosis 
demography 
65 new agents 
11 dtreferralsatt11 smreferralsatt132 
disease_progression 
H-positive risk:  639 658 95 1168 373 88 1183 375 154 52 161 54 
H-negative risk:  658 639 1183 1168 375 373 88 95 161 154 54 52 
New BC onsets:  0
BC status:  4893 107 
BC subtype:  4893 76 31 

clinical_engagement 
diagnosis 
demography 
77 new agents 
9 dtreferralsatt9 smreferralsatt133 
disease_progression 
H-positive risk:  640 657 95 1175 372 89 1175 376 155 52 160 54 
H-negative risk:  657 640 1175 1175 376 372 89 95 160 155 54 52 
New BC onsets:  0
BC status:  4893 107 
BC subtype:  4893 76 31 

clinical_engagement 
diagnosis 
demography 
89 new agents 
7 dtreferralsatt7 smreferralsatt134 
disease_progression 
H-positive risk:  636 661 99 1155 381 89 1176 382 153 54 160 54 
H-negative risk:  661 636 1176 1155 382 381 89 99 160 153 54 54 
New BC onsets:  0
BC status:  4892 108 
BC subtype:  4892 76 32 

clinical_engagement 
diagnosis 
demography 
72 new agents 
9 dtreferralsatt9 smreferralsatt135 
disease_progression 
H-positive risk:  637 659 98 1145 388 89 1171 390 154 56 161 52 
H-negative risk:  659 637 1171 1145 390 388 89 98 161 154 52 56 
New BC onsets:  0
BC status:  4893 107 
BC subtype:  4893 75 32 

clinical_engagement 
diagnosis 
demography 
74 new agents 
9 dtreferralsatt9 smreferralsatt136 
disease_progression 
H-positive risk:  639 661 97 1142 394 88 1171 386 152 57 161 52 
H-negative risk:  661 639 1171 1142 386 394 88 97 161 152 52 57 
New BC onsets:  0
BC status:  4893 107 
BC subtype:  4893 75 32 

clinical_engagement 
diagnosis 
demography 
76 new agents 
9 dtreferralsatt9 smreferralsatt137 
disease_progression 
H-positive risk:  646 660 96 1141 398 86 1166 385 150 56 162 54 
H-negative risk:  660 646 1166 1141 385 398 86 96 162 150 54 56 
New BC onsets:  0
BC status:  4893 107 
BC subtype:  4893 73 34 

clinical_engagement 
diagnosis 
demography 
86 new agents 
13 dtreferralsatt13 smreferralsatt138 
disease_progression 
H-positive risk:  643 665 97 1142 396 87 1174 376 152 56 162 50 
H-negative risk:  665 643 1174 1142 376 396 87 97 162 152 50 56 
New BC onsets:  0
BC status:  4892 108 
BC subtype:  4892 73 35 

clinical_engagement 
diagnosis 
demography 
70 new agents 
7 dtreferralsatt7 smreferralsatt139 
disease_progression 
H-positive risk:  634 666 98 1148 402 85 1170 373 157 53 163 51 
H-negative risk:  666 634 1170 1148 373 402 85 98 163 157 51 53 
New BC onsets:  0
BC status:  4892 108 
BC subtype:  4892 72 36 

clinical_engagement 
diagnosis 
demography 
79 new agents 
7 dtreferralsatt7 smreferralsatt140 
disease_progression 
H-positive risk:  639 657 100 1149 407 86 1163 372 160 52 165 50 
H-negative risk:  657 639 1163 1149 372 407 86 100 165 160 50 52 
New BC onsets:  0
BC status:  4894 106 
BC subtype:  4894 70 36 

clinical_engagement 
diagnosis 
demography 
76 new agents 
11 dtreferralsatt11 smreferralsatt141 
disease_progression 
H-positive risk:  639 659 98 1149 408 89 1161 367 158 56 164 52 
H-negative risk:  659 639 1161 1149 367 408 89 98 164 158 52 56 
New BC onsets:  0
BC status:  4897 103 
BC subtype:  4897 67 36 

clinical_engagement 
diagnosis 
demography 
75 new agents 
17 dtreferralsatt17 smreferralsatt142 
disease_progression 
H-positive risk:  649 666 98 1150 404 87 1154 368 154 57 162 51 
H-negative risk:  666 649 1154 1150 368 404 87 98 162 154 51 57 
New BC onsets:  0
BC status:  4901 99 
BC subtype:  4901 65 34 

clinical_engagement 
diagnosis 
demography 
75 new agents 
15 dtreferralsatt15 smreferralsatt143 
disease_progression 
H-positive risk:  652 666 95 1162 395 91 1152 365 153 56 160 53 
H-negative risk:  666 652 1152 1162 365 395 91 95 160 153 53 56 
New BC onsets:  0
BC status:  4900 100 
BC subtype:  4900 67 33 

clinical_engagement 
diagnosis 
demography 
80 new agents 
10 dtreferralsatt10 smreferralsatt144 
disease_progression 
H-positive risk:  646 675 95 1166 394 90 1147 358 154 56 160 59 
H-negative risk:  675 646 1147 1166 358 394 90 95 160 154 59 56 
New BC onsets:  0
BC status:  4902 98 
BC subtype:  4902 66 32 

clinical_engagement 
diagnosis 
demography 
82 new agents 
11 dtreferralsatt11 smreferralsatt145 
disease_progression 
H-positive risk:  652 681 95 1166 390 88 1144 361 155 54 155 59 
H-negative risk:  681 652 1144 1166 361 390 88 95 155 155 59 54 
New BC onsets:  0
BC status:  4904 96 
BC subtype:  4904 67 29 

clinical_engagement 
diagnosis 
demography 
95 new agents 
5 dtreferralsatt5 smreferralsatt146 
disease_progression 
H-positive risk:  648 679 95 1146 411 87 1147 364 156 57 153 57 
H-negative risk:  679 648 1147 1146 364 411 87 95 153 156 57 57 
New BC onsets:  0
BC status:  4903 97 
BC subtype:  4903 68 29 

clinical_engagement 
diagnosis 
demography 
83 new agents 
12 dtreferralsatt12 smreferralsatt147 
disease_progression 
H-positive risk:  650 679 94 1153 401 87 1144 369 157 56 152 58 
H-negative risk:  679 650 1144 1153 369 401 87 94 152 157 58 56 
New BC onsets:  0
BC status:  4902 98 
BC subtype:  4902 69 29 

clinical_engagement 
diagnosis 
demography 
64 new agents 
8 dtreferralsatt8 smreferralsatt148 
disease_progression 
H-positive risk:  658 676 92 1157 398 85 1147 363 156 56 152 60 
H-negative risk:  676 658 1147 1157 363 398 85 92 152 156 60 56 
New BC onsets:  0
BC status:  4901 99 
BC subtype:  4901 69 30 

clinical_engagement 
diagnosis 
demography 
72 new agents 
13 dtreferralsatt13 smreferralsatt149 
disease_progression 
H-positive risk:  658 679 92 1154 397 85 1152 361 153 56 155 58 
H-negative risk:  679 658 1152 1154 361 397 85 92 155 153 58 56 
New BC onsets:  0
BC status:  4904 96 
BC subtype:  4904 67 29 

clinical_engagement 
diagnosis 
demography 
78 new agents 
9 dtreferralsatt9 smreferralsatt150 
disease_progression 
H-positive risk:  658 679 95 1161 396 85 1147 354 156 57 152 60 
H-negative risk:  679 658 1147 1161 354 396 85 95 152 156 60 57 
New BC onsets:  0
BC status:  4901 99 
BC subtype:  4901 70 29 

clinical_engagement 
diagnosis 
demography 
74 new agents 
11 dtreferralsatt11 smreferralsatt151 
disease_progression 
H-positive risk:  657 680 95 1140 404 85 1155 355 160 58 155 56 
H-negative risk:  680 657 1155 1140 355 404 85 95 155 160 56 58 
New BC onsets:  0
BC status:  4898 102 
BC subtype:  4898 73 29 

clinical_engagement 
diagnosis 
demography 
81 new agents 
12 dtreferralsatt12 smreferralsatt152 
disease_progression 
H-positive risk:  660 686 94 1131 404 84 1155 355 161 59 156 55 
H-negative risk:  686 660 1155 1131 355 404 84 94 156 161 55 59 
New BC onsets:  0
BC status:  4899 101 
BC subtype:  4899 72 29 

clinical_engagement 
diagnosis 
demography 
73 new agents 
15 dtreferralsatt15 smreferralsatt153 
disease_progression 
H-positive risk:  664 697 92 1126 401 83 1150 358 161 61 150 57 
H-negative risk:  697 664 1150 1126 358 401 83 92 150 161 57 61 
New BC onsets:  0
BC status:  4900 100 
BC subtype:  4900 73 27 

clinical_engagement 
diagnosis 
demography 
79 new agents 
13 dtreferralsatt13 smreferralsatt154 
disease_progression 
H-positive risk:  666 688 93 1133 401 84 1142 363 161 61 149 59 
H-negative risk:  688 666 1142 1133 363 401 84 93 149 161 59 61 
New BC onsets:  0
BC status:  4899 101 
BC subtype:  4899 74 27 

clinical_engagement 
diagnosis 
demography 
79 new agents 
8 dtreferralsatt8 smreferralsatt155 
disease_progression 
H-positive risk:  666 693 93 1121 399 85 1142 368 162 60 153 58 
H-negative risk:  693 666 1142 1121 368 399 85 93 153 162 58 60 
New BC onsets:  0
BC status:  4902 98 
BC subtype:  4902 73 25 

clinical_engagement 
diagnosis 
demography 
66 new agents 
13 dtreferralsatt13 smreferralsatt156 
disease_progression 
H-positive risk:  670 696 92 1111 407 84 1145 366 159 59 151 60 
H-negative risk:  696 670 1145 1111 366 407 84 92 151 159 60 59 
New BC onsets:  0
BC status:  4904 96 
BC subtype:  4904 72 24 

clinical_engagement 
diagnosis 
demography 
84 new agents 
7 dtreferralsatt7 smreferralsatt157 
disease_progression 
H-positive risk:  671 689 91 1121 404 83 1149 368 158 60 153 53 
H-negative risk:  689 671 1149 1121 368 404 83 91 153 158 53 60 
New BC onsets:  0
BC status:  4906 94 
BC subtype:  4906 71 23 

clinical_engagement 
diagnosis 
demography 
100 new agents 
11 dtreferralsatt11 smreferralsatt158 
disease_progression 
H-positive risk:  671 689 92 1105 414 89 1147 372 154 60 151 56 
H-negative risk:  689 671 1147 1105 372 414 89 92 151 154 56 60 
New BC onsets:  0
BC status:  4906 94 
BC subtype:  4906 70 24 

clinical_engagement 
diagnosis 
demography 
74 new agents 
10 dtreferralsatt10 smreferralsatt159 
disease_progression 
H-positive risk:  670 683 87 1111 411 89 1147 381 154 60 153 54 
H-negative risk:  683 670 1147 1111 381 411 89 87 153 154 54 60 
New BC onsets:  0
BC status:  4906 94 
BC subtype:  4906 69 25 

clinical_engagement 
diagnosis 
demography 
78 new agents 
9 dtreferralsatt9 smreferralsatt160 
disease_progression 
H-positive risk:  674 688 87 1091 413 91 1149 381 159 61 150 56 
H-negative risk:  688 674 1149 1091 381 413 91 87 150 159 56 61 
New BC onsets:  0
BC status:  4909 91 
BC subtype:  4909 67 24 

clinical_engagement 
diagnosis 
demography 
78 new agents 
14 dtreferralsatt14 smreferralsatt161 
disease_progression 
H-positive risk:  674 690 86 1090 417 88 1160 372 157 60 149 57 
H-negative risk:  690 674 1160 1090 372 417 88 86 149 157 57 60 
New BC onsets:  0
BC status:  4909 91 
BC subtype:  4909 66 25 

clinical_engagement 
diagnosis 
demography 
81 new agents 
15 dtreferralsatt15 smreferralsatt162 
disease_progression 
H-positive risk:  679 691 87 1089 412 87 1157 376 160 57 148 57 
H-negative risk:  691 679 1157 1089 376 412 87 87 148 160 57 57 
New BC onsets:  0
BC status:  4908 92 
BC subtype:  4908 66 26 

clinical_engagement 
diagnosis 
demography 
71 new agents 
10 dtreferralsatt10 smreferralsatt163 
disease_progression 
H-positive risk:  678 692 85 1092 414 87 1145 378 164 57 153 55 
H-negative risk:  692 678 1145 1092 378 414 87 85 153 164 55 57 
New BC onsets:  0
BC status:  4908 92 
BC subtype:  4908 67 25 

clinical_engagement 
diagnosis 
demography 
77 new agents 
12 dtreferralsatt12 smreferralsatt164 
disease_progression 
H-positive risk:  674 701 85 1098 411 86 1140 376 162 58 155 54 
H-negative risk:  701 674 1140 1098 376 411 86 85 155 162 54 58 
New BC onsets:  0
BC status:  4907 93 
BC subtype:  4907 66 27 

clinical_engagement 
diagnosis 
demography 
86 new agents 
15 dtreferralsatt15 smreferralsatt165 
disease_progression 
H-positive risk:  670 709 87 1097 416 88 1134 368 160 59 156 56 
H-negative risk:  709 670 1134 1097 368 416 88 87 156 160 56 59 
New BC onsets:  0
BC status:  4907 93 
BC subtype:  4907 65 28 

clinical_engagement 
diagnosis 
demography 
70 new agents 
9 dtreferralsatt9 smreferralsatt166 
disease_progression 
H-positive risk:  664 707 86 1098 422 87 1135 365 163 59 156 58 
H-negative risk:  707 664 1135 1098 365 422 87 86 156 163 58 59 
New BC onsets:  0
BC status:  4906 94 
BC subtype:  4906 65 29 

clinical_engagement 
diagnosis 
demography 
69 new agents 
5 dtreferralsatt5 smreferralsatt167 
disease_progression 
H-positive risk:  671 703 88 1099 419 87 1123 375 163 59 157 56 
H-negative risk:  703 671 1123 1099 375 419 87 88 157 163 56 59 
New BC onsets:  0
BC status:  4903 97 
BC subtype:  4903 68 29 

clinical_engagement 
diagnosis 
demography 
63 new agents 
8 dtreferralsatt8 smreferralsatt168 
disease_progression 
H-positive risk:  670 699 88 1108 422 87 1116 375 164 58 157 56 
H-negative risk:  699 670 1116 1108 375 422 87 88 157 164 56 58 
New BC onsets:  0
BC status:  4900 100 
BC subtype:  4900 70 30 

clinical_engagement 
diagnosis 
demography 
66 new agents 
5 dtreferralsatt5 smreferralsatt169 
disease_progression 
H-positive risk:  673 694 86 1114 417 86 1121 370 164 59 158 58 
H-negative risk:  694 673 1121 1114 370 417 86 86 158 164 58 59 
New BC onsets:  0
BC status:  4902 98 
BC subtype:  4902 70 28 

clinical_engagement 
diagnosis 
demography 
97 new agents 
9 dtreferralsatt9 smreferralsatt170 
disease_progression 
H-positive risk:  673 687 86 1113 423 87 1117 371 162 63 158 60 
H-negative risk:  687 673 1117 1113 371 423 87 86 158 162 60 63 
New BC onsets:  0
BC status:  4903 97 
BC subtype:  4903 72 25 

clinical_engagement 
diagnosis 
demography 
76 new agents 
11 dtreferralsatt11 smreferralsatt171 
disease_progression 
H-positive risk:  682 690 83 1118 418 85 1109 366 162 64 165 58 
H-negative risk:  690 682 1109 1118 366 418 85 83 165 162 58 64 
New BC onsets:  0
BC status:  4905 95 
BC subtype:  4905 72 23 

clinical_engagement 
diagnosis 
demography 
73 new agents 
8 dtreferralsatt8 smreferralsatt172 
disease_progression 
H-positive risk:  685 694 82 1110 420 83 1109 364 161 66 166 60 
H-negative risk:  694 685 1109 1110 364 420 83 82 166 161 60 66 
New BC onsets:  0
BC status:  4906 94 
BC subtype:  4906 71 23 

clinical_engagement 
diagnosis 
demography 
70 new agents 
5 dtreferralsatt5 smreferralsatt173 
disease_progression 
H-positive risk:  682 696 83 1107 426 82 1110 362 160 68 168 56 
H-negative risk:  696 682 1110 1107 362 426 82 83 168 160 56 68 
New BC onsets:  0
BC status:  4908 92 
BC subtype:  4908 68 24 

clinical_engagement 
diagnosis 
demography 
68 new agents 
8 dtreferralsatt8 smreferralsatt174 
disease_progression 
H-positive risk:  686 700 81 1109 417 80 1098 371 163 70 171 54 
H-negative risk:  700 686 1098 1109 371 417 80 81 171 163 54 70 
New BC onsets:  0
BC status:  4908 92 
BC subtype:  4908 69 23 

clinical_engagement 
diagnosis 
demography 
80 new agents 
11 dtreferralsatt11 smreferralsatt175 
disease_progression 
H-positive risk:  686 706 82 1100 415 81 1103 371 164 68 169 55 
H-negative risk:  706 686 1103 1100 371 415 81 82 169 164 55 68 
New BC onsets:  0
BC status:  4903 97 
BC subtype:  4903 74 23 

clinical_engagement 
diagnosis 
demography 
94 new agents 
13 dtreferralsatt13 smreferralsatt176 
disease_progression 
H-positive risk:  687 709 81 1106 409 78 1111 365 162 69 168 55 
H-negative risk:  709 687 1111 1106 365 409 78 81 168 162 55 69 
New BC onsets:  0
BC status:  4902 98 
BC subtype:  4902 75 23 

clinical_engagement 
diagnosis 
demography 
71 new agents 
14 dtreferralsatt14 smreferralsatt177 
disease_progression 
H-positive risk:  692 707 81 1113 400 74 1105 369 164 70 169 56 
H-negative risk:  707 692 1105 1113 369 400 74 81 169 164 56 70 
New BC onsets:  0
BC status:  4900 100 
BC subtype:  4900 75 25 

clinical_engagement 
diagnosis 
demography 
76 new agents 
12 dtreferralsatt12 smreferralsatt178 
disease_progression 
H-positive risk:  693 703 83 1121 401 73 1095 371 166 70 169 55 
H-negative risk:  703 693 1095 1121 371 401 73 83 169 166 55 70 
New BC onsets:  0
BC status:  4898 102 
BC subtype:  4898 75 27 

clinical_engagement 
diagnosis 
demography 
69 new agents 
12 dtreferralsatt12 smreferralsatt179 
disease_progression 
H-positive risk:  690 702 85 1126 396 72 1105 365 163 71 168 57 
H-negative risk:  702 690 1105 1126 365 396 72 85 168 163 57 71 
New BC onsets:  0
BC status:  4896 104 
BC subtype:  4896 77 27 

clinical_engagement 
diagnosis 
demography 
83 new agents 
11 dtreferralsatt11 smreferralsatt180 
disease_progression 
H-positive risk:  705 693 87 1121 408 77 1093 360 161 69 171 55 
H-negative risk:  693 705 1093 1121 360 408 77 87 171 161 55 69 
New BC onsets:  0
BC status:  4896 104 
BC subtype:  4896 76 28 

clinical_engagement 
diagnosis 
demography 
70 new agents 
3 dtreferralsatt3 smreferralsatt181 
disease_progression 
H-positive risk:  711 690 87 1121 408 77 1088 364 157 69 176 52 
H-negative risk:  690 711 1088 1121 364 408 77 87 176 157 52 69 
New BC onsets:  0
BC status:  4900 100 
BC subtype:  4900 72 28 

clinical_engagement 
diagnosis 
demography 
69 new agents 
13 dtreferralsatt13 smreferralsatt182 
disease_progression 
H-positive risk:  708 686 84 1117 413 79 1088 369 155 70 179 52 
H-negative risk:  686 708 1088 1117 369 413 79 84 179 155 52 70 
New BC onsets:  0
BC status:  4900 100 
BC subtype:  4900 72 28 

clinical_engagement 
diagnosis 
demography 
82 new agents 
18 dtreferralsatt18 smreferralsatt183 
disease_progression 
H-positive risk:  717 691 85 1112 411 79 1080 371 151 71 180 52 
H-negative risk:  691 717 1080 1112 371 411 79 85 180 151 52 71 
New BC onsets:  0
BC status:  4901 99 
BC subtype:  4901 72 27 

clinical_engagement 
diagnosis 
demography 
85 new agents 
15 dtreferralsatt15 smreferralsatt184 
disease_progression 
H-positive risk:  717 694 87 1101 412 78 1091 368 146 74 179 53 
H-negative risk:  694 717 1091 1101 368 412 78 87 179 146 53 74 
New BC onsets:  0
BC status:  4902 98 
BC subtype:  4902 73 25 

clinical_engagement 
diagnosis 
demography 
66 new agents 
14 dtreferralsatt14 smreferralsatt185 
disease_progression 
H-positive risk:  719 690 87 1101 410 78 1095 370 143 75 178 54 
H-negative risk:  690 719 1095 1101 370 410 78 87 178 143 54 75 
New BC onsets:  0
BC status:  4899 101 
BC subtype:  4899 74 27 

clinical_engagement 
diagnosis 
demography 
78 new agents 
5 dtreferralsatt5 smreferralsatt186 
disease_progression 
H-positive risk:  718 692 88 1087 414 78 1110 365 140 75 179 54 
H-negative risk:  692 718 1110 1087 365 414 78 88 179 140 54 75 
New BC onsets:  0
BC status:  4899 101 
BC subtype:  4899 76 25 

clinical_engagement 
diagnosis 
demography 
83 new agents 
9 dtreferralsatt9 smreferralsatt187 
disease_progression 
H-positive risk:  723 681 86 1100 416 80 1101 365 138 77 180 53 
H-negative risk:  681 723 1101 1100 365 416 80 86 180 138 53 77 
New BC onsets:  0
BC status:  4900 100 
BC subtype:  4900 76 24 

clinical_engagement 
diagnosis 
demography 
76 new agents 
13 dtreferralsatt13 smreferralsatt188 
disease_progression 
H-positive risk:  724 680 84 1107 406 80 1104 364 136 77 183 55 
H-negative risk:  680 724 1104 1107 364 406 80 84 183 136 55 77 
New BC onsets:  0
BC status:  4899 101 
BC subtype:  4899 77 24 

clinical_engagement 
diagnosis 
demography 
80 new agents 
9 dtreferralsatt9 smreferralsatt189 
disease_progression 
H-positive risk:  719 677 85 1104 409 82 1114 356 143 74 180 57 
H-negative risk:  677 719 1114 1104 356 409 82 85 180 143 57 74 
New BC onsets:  0
BC status:  4897 103 
BC subtype:  4897 77 26 

clinical_engagement 
diagnosis 
demography 
77 new agents 
11 dtreferralsatt11 smreferralsatt190 
disease_progression 
H-positive risk:  709 683 84 1105 413 84 1122 350 142 70 180 58 
H-negative risk:  683 709 1122 1105 350 413 84 84 180 142 58 70 
New BC onsets:  0
BC status:  4900 100 
BC subtype:  4900 75 25 

clinical_engagement 
diagnosis 
demography 
88 new agents 
12 dtreferralsatt12 smreferralsatt191 
disease_progression 
H-positive risk:  707 694 84 1108 404 84 1128 347 143 70 176 55 
H-negative risk:  694 707 1128 1108 347 404 84 84 176 143 55 70 
New BC onsets:  0
BC status:  4895 105 
BC subtype:  4895 78 27 

clinical_engagement 
diagnosis 
demography 
71 new agents 
9 dtreferralsatt9 smreferralsatt192 
disease_progression 
H-positive risk:  697 698 83 1112 393 84 1139 352 142 69 178 53 
H-negative risk:  698 697 1139 1112 352 393 84 83 178 142 53 69 
New BC onsets:  0
BC status:  4896 104 
BC subtype:  4896 77 27 

clinical_engagement 
diagnosis 
demography 
69 new agents 
12 dtreferralsatt12 smreferralsatt193 
disease_progression 
H-positive risk:  695 703 87 1105 397 83 1132 363 140 67 177 51 
H-negative risk:  703 695 1132 1105 363 397 83 87 177 140 51 67 
New BC onsets:  0
BC status:  4898 102 
BC subtype:  4898 76 26 

clinical_engagement 
diagnosis 
demography 
75 new agents 
11 dtreferralsatt11 smreferralsatt194 
disease_progression 
H-positive risk:  689 705 86 1097 404 83 1128 371 143 60 180 54 
H-negative risk:  705 689 1128 1097 371 404 83 86 180 143 54 60 
New BC onsets:  0
BC status:  4896 104 
BC subtype:  4896 79 25 

clinical_engagement 
diagnosis 
demography 
105 new agents 
11 dtreferralsatt11 smreferralsatt195 
disease_progression 
H-positive risk:  694 706 89 1105 392 84 1122 371 140 63 178 56 
H-negative risk:  706 694 1122 1105 371 392 84 89 178 140 56 63 
New BC onsets:  0
BC status:  4893 107 
BC subtype:  4893 82 25 

clinical_engagement 
diagnosis 
demography 
71 new agents 
4 dtreferralsatt4 smreferralsatt196 
disease_progression 
H-positive risk:  690 704 91 1111 389 84 1128 370 143 61 170 59 
H-negative risk:  704 690 1128 1111 370 389 84 91 170 143 59 61 
New BC onsets:  0
BC status:  4896 104 
BC subtype:  4896 81 23 

clinical_engagement 
diagnosis 
demography 
86 new agents 
8 dtreferralsatt8 smreferralsatt197 
disease_progression 
H-positive risk:  693 703 87 1118 384 88 1126 372 145 59 169 56 
H-negative risk:  703 693 1126 1118 372 384 88 87 169 145 56 59 
New BC onsets:  0
BC status:  4897 103 
BC subtype:  4897 78 25 

clinical_engagement 
diagnosis 
demography 
66 new agents 
10 dtreferralsatt10 smreferralsatt198 
disease_progression 
H-positive risk:  690 718 87 1115 383 89 1117 375 143 60 167 56 
H-negative risk:  718 690 1117 1115 375 383 89 87 167 143 56 60 
New BC onsets:  0
BC status:  4897 103 
BC subtype:  4897 77 26 

clinical_engagement 
diagnosis 
demography 
71 new agents 
17 dtreferralsatt17 smreferralsatt199 
disease_progression 
H-positive risk:  688 717 88 1119 388 92 1111 371 143 59 168 56 
H-negative risk:  717 688 1111 1119 371 388 92 88 168 143 56 59 
New BC onsets:  0
BC status:  4898 102 
BC subtype:  4898 73 29 

clinical_engagement 
diagnosis 
demography 
65 new agents 
6 dtreferralsatt6 smreferralsatt200 
disease_progression 
H-positive risk:  691 718 90 1108 391 92 1115 368 141 61 167 58 
H-negative risk:  718 691 1115 1108 368 391 92 90 167 141 58 61 
New BC onsets:  0
BC status:  4899 101 
BC subtype:  4899 73 28 

clinical_engagement 
diagnosis 
demography 
75 new agents 
9 dtreferralsatt9 smreferralsatt201 
disease_progression 
H-positive risk:  692 730 90 1106 391 93 1110 366 141 57 166 58 
H-negative risk:  730 692 1110 1106 366 391 93 90 166 141 58 57 
New BC onsets:  0
BC status:  4900 100 
BC subtype:  4900 72 28 

clinical_engagement 
diagnosis 
demography 
70 new agents 
17 dtreferralsatt17 smreferralsatt202 
disease_progression 
H-positive risk:  691 724 88 1109 388 92 1108 371 143 57 170 59 
H-negative risk:  724 691 1108 1109 371 388 92 88 170 143 59 57 
New BC onsets:  0
BC status:  4899 101 
BC subtype:  4899 73 28 

clinical_engagement 
diagnosis 
demography 
79 new agents 
12 dtreferralsatt12 smreferralsatt203 
disease_progression 
H-positive risk:  693 723 86 1106 393 91 1109 374 139 55 174 57 
H-negative risk:  723 693 1109 1106 374 393 91 86 174 139 57 55 
New BC onsets:  0
BC status:  4897 103 
BC subtype:  4897 75 28 

clinical_engagement 
diagnosis 
demography 
83 new agents 
14 dtreferralsatt14 smreferralsatt204 
disease_progression 
H-positive risk:  689 715 87 1116 390 91 1107 375 138 58 177 57 
H-negative risk:  715 689 1107 1116 375 390 91 87 177 138 57 58 
New BC onsets:  0
BC status:  4898 102 
BC subtype:  4898 71 31 

clinical_engagement 
diagnosis 
demography 
66 new agents 
6 dtreferralsatt6 smreferralsatt205 
disease_progression 
H-positive risk:  685 721 87 1119 387 91 1109 374 135 58 175 59 
H-negative risk:  721 685 1109 1119 374 387 91 87 175 135 59 58 
New BC onsets:  0
BC status:  4902 98 
BC subtype:  4902 68 30 

clinical_engagement 
diagnosis 
demography 
81 new agents 
6 dtreferralsatt6 smreferralsatt206 
disease_progression 
H-positive risk:  678 714 86 1120 397 92 1102 389 132 59 170 61 
H-negative risk:  714 678 1102 1120 389 397 92 86 170 132 61 59 
New BC onsets:  0
BC status:  4899 101 
BC subtype:  4899 70 31 

clinical_engagement 
diagnosis 
demography 
75 new agents 
9 dtreferralsatt9 smreferralsatt207 
disease_progression 
H-positive risk:  679 721 87 1101 402 92 1100 394 133 59 174 58 
H-negative risk:  721 679 1100 1101 394 402 92 87 174 133 58 59 
New BC onsets:  0
BC status:  4899 101 
BC subtype:  4899 70 31 

clinical_engagement 
diagnosis 
demography 
67 new agents 
7 dtreferralsatt7 smreferralsatt208 
disease_progression 
H-positive risk:  683 722 85 1099 403 91 1106 386 135 56 176 58 
H-negative risk:  722 683 1106 1099 386 403 91 85 176 135 58 56 
New BC onsets:  0
BC status:  4896 104 
BC subtype:  4896 73 31 

clinical_engagement 
diagnosis 
demography 
77 new agents 
12 dtreferralsatt12 smreferralsatt209 
disease_progression 
H-positive risk:  678 722 90 1102 401 90 1108 384 134 58 176 57 
H-negative risk:  722 678 1108 1102 384 401 90 90 176 134 57 58 
New BC onsets:  0
BC status:  4897 103 
BC subtype:  4897 72 31 

clinical_engagement 
diagnosis 
demography 
72 new agents 
8 dtreferralsatt8 smreferralsatt210 
disease_progression 
H-positive risk:  672 719 88 1115 394 93 1106 384 134 58 179 58 
H-negative risk:  719 672 1106 1115 384 394 93 88 179 134 58 58 
New BC onsets:  0
BC status:  4900 100 
BC subtype:  4900 70 30 

clinical_engagement 
diagnosis 
demography 
76 new agents 
15 dtreferralsatt15 smreferralsatt211 
disease_progression 
H-positive risk:  674 715 91 1110 399 90 1102 383 137 58 183 58 
H-negative risk:  715 674 1102 1110 383 399 90 91 183 137 58 58 
New BC onsets:  0
BC status:  4899 101 
BC subtype:  4899 70 31 

clinical_engagement 
diagnosis 
demography 
91 new agents 
14 dtreferralsatt14 smreferralsatt212 
disease_progression 
H-positive risk:  685 717 91 1118 391 90 1094 388 136 56 177 57 
H-negative risk:  717 685 1094 1118 388 391 90 91 177 136 57 56 
New BC onsets:  0
BC status:  4899 101 
BC subtype:  4899 70 31 

clinical_engagement 
diagnosis 
demography 
82 new agents 
7 dtreferralsatt7 smreferralsatt213 
disease_progression 
H-positive risk:  683 711 92 1110 397 88 1104 388 139 55 177 56 
H-negative risk:  711 683 1104 1110 388 397 88 92 177 139 56 55 
New BC onsets:  0
BC status:  4901 99 
BC subtype:  4901 70 29 

clinical_engagement 
diagnosis 
demography 
72 new agents 
11 dtreferralsatt11 smreferralsatt214 
disease_progression 
H-positive risk:  687 710 89 1112 397 85 1108 381 138 55 180 58 
H-negative risk:  710 687 1108 1112 381 397 85 89 180 138 58 55 
New BC onsets:  0
BC status:  4901 99 
BC subtype:  4901 69 30 

clinical_engagement 
diagnosis 
demography 
69 new agents 
6 dtreferralsatt6 smreferralsatt215 
disease_progression 
H-positive risk:  696 705 89 1105 398 82 1111 383 138 55 179 59 
H-negative risk:  705 696 1111 1105 383 398 82 89 179 138 59 55 
New BC onsets:  0
BC status:  4904 96 
BC subtype:  4904 67 29 

clinical_engagement 
diagnosis 
demography 
75 new agents 
15 dtreferralsatt15 smreferralsatt216 
disease_progression 
H-positive risk:  698 703 88 1106 398 82 1115 380 137 58 180 55 
H-negative risk:  703 698 1115 1106 380 398 82 88 180 137 55 58 
New BC onsets:  0
BC status:  4904 96 
BC subtype:  4904 67 29 

clinical_engagement 
diagnosis 
demography 
75 new agents 
13 dtreferralsatt13 smreferralsatt217 
disease_progression 
H-positive risk:  704 702 88 1089 408 83 1104 397 137 58 177 53 
H-negative risk:  702 704 1104 1089 397 408 83 88 177 137 53 58 
New BC onsets:  0
BC status:  4899 101 
BC subtype:  4899 72 29 

clinical_engagement 
diagnosis 
demography 
83 new agents 
10 dtreferralsatt10 smreferralsatt218 
disease_progression 
H-positive risk:  697 699 87 1082 414 85 1114 395 138 57 181 51 
H-negative risk:  699 697 1114 1082 395 414 85 87 181 138 51 57 
New BC onsets:  0
BC status:  4895 105 
BC subtype:  4895 75 30 

clinical_engagement 
diagnosis 
demography 
68 new agents 
12 dtreferralsatt12 smreferralsatt219 
disease_progression 
H-positive risk:  706 697 89 1085 414 84 1103 402 135 56 177 52 
H-negative risk:  697 706 1103 1085 402 414 84 89 177 135 52 56 
New BC onsets:  0
BC status:  4893 107 
BC subtype:  4893 78 29 

clinical_engagement 
diagnosis 
demography 
67 new agents 
8 dtreferralsatt8 smreferralsatt220 
disease_progression 
H-positive risk:  702 698 89 1083 419 81 1106 404 137 56 176 49 
H-negative risk:  698 702 1106 1083 404 419 81 89 176 137 49 56 
New BC onsets:  0
BC status:  4889 111 
BC subtype:  4889 81 30 

clinical_engagement 
diagnosis 
demography 
66 new agents 
12 dtreferralsatt12 smreferralsatt221 
disease_progression 
H-positive risk:  704 705 89 1091 418 83 1095 397 138 57 174 49 
H-negative risk:  705 704 1095 1091 397 418 83 89 174 138 49 57 
New BC onsets:  0
BC status:  4888 112 
BC subtype:  4888 81 31 

clinical_engagement 
diagnosis 
demography 
83 new agents 
11 dtreferralsatt11 smreferralsatt222 
disease_progression 
H-positive risk:  702 713 85 1082 419 84 1095 394 139 57 178 52 
H-negative risk:  713 702 1095 1082 394 419 84 85 178 139 52 57 
New BC onsets:  0
BC status:  4893 107 
BC subtype:  4893 76 31 

clinical_engagement 
diagnosis 
demography 
58 new agents 
9 dtreferralsatt9 smreferralsatt223 
disease_progression 
H-positive risk:  694 711 85 1078 415 85 1102 403 136 58 181 52 
H-negative risk:  711 694 1102 1078 403 415 85 85 181 136 52 58 
New BC onsets:  0
BC status:  4891 109 
BC subtype:  4891 77 32 

clinical_engagement 
diagnosis 
demography 
75 new agents 
8 dtreferralsatt8 smreferralsatt224 
disease_progression 
H-positive risk:  695 714 81 1079 406 86 1103 401 137 60 185 53 
H-negative risk:  714 695 1103 1079 401 406 86 81 185 137 53 60 
New BC onsets:  0
BC status:  4893 107 
BC subtype:  4893 76 31 

clinical_engagement 
diagnosis 
demography 
88 new agents 
8 dtreferralsatt8 smreferralsatt225 
disease_progression 
H-positive risk:  692 719 83 1078 403 86 1097 407 138 59 183 55 
H-negative risk:  719 692 1097 1078 407 403 86 83 183 138 55 59 
New BC onsets:  0
BC status:  4894 106 
BC subtype:  4894 76 30 

clinical_engagement 
diagnosis 
demography 
75 new agents 
10 dtreferralsatt10 smreferralsatt226 
disease_progression 
H-positive risk:  692 721 80 1072 402 86 1092 414 137 61 187 56 
H-negative risk:  721 692 1092 1072 414 402 86 80 187 137 56 61 
New BC onsets:  0
BC status:  4893 107 
BC subtype:  4893 76 31 

clinical_engagement 
diagnosis 
demography 
70 new agents 
11 dtreferralsatt11 smreferralsatt227 
disease_progression 
H-positive risk:  697 711 78 1073 402 86 1091 420 135 64 186 57 
H-negative risk:  711 697 1091 1073 420 402 86 78 186 135 57 64 
New BC onsets:  0
BC status:  4893 107 
BC subtype:  4893 76 31 

clinical_engagement 
diagnosis 
demography 
71 new agents 
10 dtreferralsatt10 smreferralsatt228 
disease_progression 
H-positive risk:  696 715 74 1080 401 86 1088 420 135 63 184 58 
H-negative risk:  715 696 1088 1080 420 401 86 74 184 135 58 63 
New BC onsets:  0
BC status:  4889 111 
BC subtype:  4889 80 31 

clinical_engagement 
diagnosis 
demography 
68 new agents 
6 dtreferralsatt6 smreferralsatt229 
disease_progression 
H-positive risk:  696 718 77 1071 407 86 1075 426 134 66 185 59 
H-negative risk:  718 696 1075 1071 426 407 86 77 185 134 59 66 
New BC onsets:  0
BC status:  4887 113 
BC subtype:  4887 83 30 

clinical_engagement 
diagnosis 
demography 
84 new agents 
11 dtreferralsatt11 smreferralsatt230 
disease_progression 
H-positive risk:  694 718 80 1070 412 84 1078 424 138 61 182 59 
H-negative risk:  718 694 1078 1070 424 412 84 80 182 138 59 61 
New BC onsets:  0
BC status:  4889 111 
BC subtype:  4889 81 30 

clinical_engagement 
diagnosis 
demography 
84 new agents 
14 dtreferralsatt14 smreferralsatt231 
disease_progression 
H-positive risk:  690 712 79 1072 401 87 1085 427 136 62 191 58 
H-negative risk:  712 690 1085 1072 427 401 87 79 191 136 58 62 
New BC onsets:  0
BC status:  4893 107 
BC subtype:  4893 80 27 

clinical_engagement 
diagnosis 
demography 
81 new agents 
10 dtreferralsatt10 smreferralsatt232 
disease_progression 
H-positive risk:  686 709 79 1069 408 85 1094 428 135 60 186 61 
H-negative risk:  709 686 1094 1069 428 408 85 79 186 135 61 60 
New BC onsets:  0
BC status:  4895 105 
BC subtype:  4895 78 27 

clinical_engagement 
diagnosis 
demography 
83 new agents 
10 dtreferralsatt10 smreferralsatt233 
disease_progression 
H-positive risk:  691 709 79 1070 413 86 1087 429 132 59 186 59 
H-negative risk:  709 691 1087 1070 429 413 86 79 186 132 59 59 
New BC onsets:  0
BC status:  4895 105 
BC subtype:  4895 78 27 

clinical_engagement 
diagnosis 
demography 
71 new agents 
6 dtreferralsatt6 smreferralsatt234 
disease_progression 
H-positive risk:  688 707 82 1064 416 87 1089 430 132 59 189 57 
H-negative risk:  707 688 1089 1064 430 416 87 82 189 132 57 59 
New BC onsets:  0
BC status:  4894 106 
BC subtype:  4894 79 27 

clinical_engagement 
diagnosis 
demography 
76 new agents 
7 dtreferralsatt7 smreferralsatt235 
disease_progression 
H-positive risk:  686 707 82 1070 408 85 1097 425 135 62 183 60 
H-negative risk:  707 686 1097 1070 425 408 85 82 183 135 60 62 
New BC onsets:  0
BC status:  4891 109 
BC subtype:  4891 82 27 

clinical_engagement 
diagnosis 
demography 
82 new agents 
6 dtreferralsatt6 smreferralsatt236 
disease_progression 
H-positive risk:  680 708 84 1062 408 87 1105 426 133 63 180 64 
H-negative risk:  708 680 1105 1062 426 408 87 84 180 133 64 63 
New BC onsets:  0
BC status:  4889 111 
BC subtype:  4889 84 27 

clinical_engagement 
diagnosis 
demography 
94 new agents 
16 dtreferralsatt16 smreferralsatt237 
disease_progression 
H-positive risk:  679 711 81 1065 403 87 1114 423 134 60 179 64 
H-negative risk:  711 679 1114 1065 423 403 87 81 179 134 64 60 
New BC onsets:  0
BC status:  4883 117 
BC subtype:  4883 86 31 

clinical_engagement 
diagnosis 
demography 
68 new agents 
8 dtreferralsatt8 smreferralsatt238 
disease_progression 
H-positive risk:  673 718 79 1058 411 88 1117 415 135 61 181 64 
H-negative risk:  718 673 1117 1058 415 411 88 79 181 135 64 61 
New BC onsets:  0
BC status:  4882 118 
BC subtype:  4882 87 31 

clinical_engagement 
diagnosis 
demography 
82 new agents 
10 dtreferralsatt10 smreferralsatt239 
disease_progression 
H-positive risk:  673 716 80 1056 412 89 1117 419 135 62 180 61 
H-negative risk:  716 673 1117 1056 419 412 89 80 180 135 61 62 
New BC onsets:  0
BC status:  4879 121 
BC subtype:  4879 91 30 

clinical_engagement 
diagnosis 
demography 
75 new agents 
11 dtreferralsatt11 smreferralsatt240 
disease_progression 
H-positive risk:  684 714 83 1061 402 91 1109 417 135 62 181 61 
H-negative risk:  714 684 1109 1061 417 402 91 83 181 135 61 62 
New BC onsets:  0
BC status:  4881 119 
BC subtype:  4881 89 30 

clinical_engagement 
diagnosis 
demography 
72 new agents 
17 dtreferralsatt17 smreferralsatt241 
disease_progression 
H-positive risk:  680 715 81 1056 402 89 1111 426 138 62 173 67 
H-negative risk:  715 680 1111 1056 426 402 89 81 173 138 67 62 
New BC onsets:  0
BC status:  4882 118 
BC subtype:  4882 89 29 

clinical_engagement 
diagnosis 
demography 
81 new agents 
6 dtreferralsatt6 smreferralsatt242 
disease_progression 
H-positive risk:  687 719 78 1057 396 91 1112 418 135 61 178 68 
H-negative risk:  719 687 1112 1057 418 396 91 78 178 135 68 61 
New BC onsets:  0
BC status:  4883 117 
BC subtype:  4883 88 29 

clinical_engagement 
diagnosis 
demography 
78 new agents 
11 dtreferralsatt11 smreferralsatt243 
disease_progression 
H-positive risk:  688 723 80 1058 392 88 1111 415 136 61 181 67 
H-negative risk:  723 688 1111 1058 415 392 88 80 181 136 67 61 
New BC onsets:  0
BC status:  4880 120 
BC subtype:  4880 91 29 

clinical_engagement 
diagnosis 
demography 
64 new agents 
8 dtreferralsatt8 smreferralsatt244 
disease_progression 
H-positive risk:  686 722 80 1061 395 89 1112 421 130 62 178 64 
H-negative risk:  722 686 1112 1061 421 395 89 80 178 130 64 62 
New BC onsets:  0
BC status:  4877 123 
BC subtype:  4877 93 30 

clinical_engagement 
diagnosis 
demography 
69 new agents 
11 dtreferralsatt11 smreferralsatt245 
disease_progression 
H-positive risk:  695 725 80 1056 391 90 1105 421 128 66 178 65 
H-negative risk:  725 695 1105 1056 421 391 90 80 178 128 65 66 
New BC onsets:  0
BC status:  4873 127 
BC subtype:  4873 97 30 

clinical_engagement 
diagnosis 
demography 
71 new agents 
10 dtreferralsatt10 smreferralsatt246 
disease_progression 
H-positive risk:  701 722 81 1061 379 90 1106 418 132 65 176 69 
H-negative risk:  722 701 1106 1061 418 379 90 81 176 132 69 65 
New BC onsets:  0
BC status:  4873 127 
BC subtype:  4873 97 30 

clinical_engagement 
diagnosis 
demography 
72 new agents 
8 dtreferralsatt8 smreferralsatt247 
disease_progression 
H-positive risk:  706 719 80 1054 383 89 1105 422 133 63 178 68 
H-negative risk:  719 706 1105 1054 422 383 89 80 178 133 68 63 
New BC onsets:  0
BC status:  4874 126 
BC subtype:  4874 95 31 

clinical_engagement 
diagnosis 
demography 
76 new agents 
17 dtreferralsatt17 smreferralsatt248 
disease_progression 
H-positive risk:  696 720 81 1049 378 89 1125 422 134 61 175 70 
H-negative risk:  720 696 1125 1049 422 378 89 81 175 134 70 61 
New BC onsets:  0
BC status:  4874 126 
BC subtype:  4874 97 29 

clinical_engagement 
diagnosis 
demography 
81 new agents 
13 dtreferralsatt13 smreferralsatt249 
disease_progression 
H-positive risk:  700 716 84 1052 377 89 1130 417 136 58 173 68 
H-negative risk:  716 700 1130 1052 417 377 89 84 173 136 68 58 
New BC onsets:  0
BC status:  4874 126 
BC subtype:  4874 97 29 

clinical_engagement 
diagnosis 
demography 
63 new agents 
13 dtreferralsatt13 smreferralsatt250 
disease_progression 
H-positive risk:  697 723 82 1042 383 89 1126 420 137 61 175 65 
H-negative risk:  723 697 1126 1042 420 383 89 82 175 137 65 61 
New BC onsets:  0
BC status:  4875 125 
BC subtype:  4875 95 30 

clinical_engagement 
diagnosis 
demography 
69 new agents 
16 dtreferralsatt16 smreferralsatt251 
disease_progression 
H-positive risk:  699 723 82 1046 384 90 1119 421 138 60 173 65 
H-negative risk:  723 699 1119 1046 421 384 90 82 173 138 65 60 
New BC onsets:  0
BC status:  4874 126 
BC subtype:  4874 95 31 

clinical_engagement 
diagnosis 
demography 
81 new agents 
14 dtreferralsatt14 smreferralsatt252 
disease_progression 
H-positive risk:  697 719 84 1043 387 89 1121 419 138 63 173 67 
H-negative risk:  719 697 1121 1043 419 387 89 84 173 138 67 63 
New BC onsets:  0
BC status:  4877 123 
BC subtype:  4877 92 31 

clinical_engagement 
diagnosis 
demography 
71 new agents 
11 dtreferralsatt11 smreferralsatt253 
disease_progression 
H-positive risk:  688 715 82 1044 390 92 1113 425 139 62 184 66 
H-negative risk:  715 688 1113 1044 425 390 92 82 184 139 66 62 
New BC onsets:  0
BC status:  4875 125 
BC subtype:  4875 93 32 

clinical_engagement 
diagnosis 
demography 
89 new agents 
7 dtreferralsatt7 smreferralsatt254 
disease_progression 
H-positive risk:  693 712 81 1037 391 90 1109 429 138 67 188 65 
H-negative risk:  712 693 1109 1037 429 391 90 81 188 138 65 67 
New BC onsets:  0
BC status:  4875 125 
BC subtype:  4875 93 32 

clinical_engagement 
diagnosis 
demography 
87 new agents 
11 dtreferralsatt11 smreferralsatt255 
disease_progression 
H-positive risk:  686 718 81 1033 391 93 1115 421 136 70 189 67 
H-negative risk:  718 686 1115 1033 421 391 93 81 189 136 67 70 
New BC onsets:  0
BC status:  4875 125 
BC subtype:  4875 94 31 

clinical_engagement 
diagnosis 
demography 
94 new agents 
10 dtreferralsatt10 smreferralsatt256 
disease_progression 
H-positive risk:  689 718 81 1040 395 93 1108 419 132 72 188 65 
H-negative risk:  718 689 1108 1040 419 395 93 81 188 132 65 72 
New BC onsets:  0
BC status:  4877 123 
BC subtype:  4877 92 31 

clinical_engagement 
diagnosis 
demography 
74 new agents 
12 dtreferralsatt12 smreferralsatt257 
disease_progression 
H-positive risk:  687 702 82 1038 401 92 1118 426 127 73 191 63 
H-negative risk:  702 687 1118 1038 426 401 92 82 191 127 63 73 
New BC onsets:  0
BC status:  4880 120 
BC subtype:  4880 91 29 

clinical_engagement 
diagnosis 
demography 
73 new agents 
9 dtreferralsatt9 smreferralsatt258 
disease_progression 
H-positive risk:  684 704 81 1041 401 91 1111 434 129 72 189 63 
H-negative risk:  704 684 1111 1041 434 401 91 81 189 129 63 72 
New BC onsets:  0
BC status:  4880 120 
BC subtype:  4880 91 29 

clinical_engagement 
diagnosis 
demography 
79 new agents 
5 dtreferralsatt5 smreferralsatt259 
disease_progression 
H-positive risk:  678 697 83 1042 416 92 1105 432 129 74 186 66 
H-negative risk:  697 678 1105 1042 432 416 92 83 186 129 66 74 
New BC onsets:  0
BC status:  4880 120 
BC subtype:  4880 92 28 

clinical_engagement 
diagnosis 
demography 
87 new agents 
7 dtreferralsatt7 smreferralsatt260 
disease_progression 
H-positive risk:  680 697 86 1047 412 89 1107 426 134 72 182 68 
H-negative risk:  697 680 1107 1047 426 412 89 86 182 134 68 72 
New BC onsets:  0
BC status:  4878 122 
BC subtype:  4878 93 29 

clinical_engagement 
diagnosis 
demography 
81 new agents 
7 dtreferralsatt7 smreferralsatt261 
disease_progression 
H-positive risk:  681 690 87 1055 404 90 1108 426 136 69 184 70 
H-negative risk:  690 681 1108 1055 426 404 90 87 184 136 70 69 
New BC onsets:  0
BC status:  4880 120 
BC subtype:  4880 92 28 

clinical_engagement 
diagnosis 
demography 
76 new agents 
6 dtreferralsatt6 smreferralsatt262 
disease_progression 
H-positive risk:  683 691 88 1059 400 90 1107 429 135 67 181 70 
H-negative risk:  691 683 1107 1059 429 400 90 88 181 135 70 67 
New BC onsets:  0
BC status:  4882 118 
BC subtype:  4882 91 27 

clinical_engagement 
diagnosis 
demography 
72 new agents 
16 dtreferralsatt16 smreferralsatt263 
disease_progression 
H-positive risk:  682 694 89 1058 396 89 1107 431 135 66 183 70 
H-negative risk:  694 682 1107 1058 431 396 89 89 183 135 70 66 
New BC onsets:  0
BC status:  4884 116 
BC subtype:  4884 89 27 

clinical_engagement 
diagnosis 
demography 
63 new agents 
8 dtreferralsatt8 smreferralsatt264 
disease_progression 
H-positive risk:  680 696 89 1054 398 90 1112 431 134 68 180 68 
H-negative risk:  696 680 1112 1054 431 398 90 89 180 134 68 68 
New BC onsets:  0
BC status:  4879 121 
BC subtype:  4879 93 28 

clinical_engagement 
diagnosis 
demography 
62 new agents 
7 dtreferralsatt7 smreferralsatt265 
disease_progression 
H-positive risk:  669 691 89 1066 398 91 1116 435 132 67 179 67 
H-negative risk:  691 669 1116 1066 435 398 91 89 179 132 67 67 
New BC onsets:  0
BC status:  4882 118 
BC subtype:  4882 91 27 

clinical_engagement 
diagnosis 
demography 
79 new agents 
6 dtreferralsatt6 smreferralsatt266 
disease_progression 
H-positive risk:  669 689 90 1068 399 92 1119 429 137 65 177 66 
H-negative risk:  689 669 1119 1068 429 399 92 90 177 137 66 65 
New BC onsets:  0
BC status:  4884 116 
BC subtype:  4884 88 28 

clinical_engagement 
diagnosis 
demography 
77 new agents 
13 dtreferralsatt13 smreferralsatt267 
disease_progression 
H-positive risk:  666 689 91 1067 403 93 1121 434 136 61 172 67 
H-negative risk:  689 666 1121 1067 434 403 93 91 172 136 67 61 
New BC onsets:  0
BC status:  4882 118 
BC subtype:  4882 89 29 

clinical_engagement 
diagnosis 
demography 
76 new agents 
7 dtreferralsatt7 smreferralsatt268 
disease_progression 
H-positive risk:  659 690 92 1066 404 94 1120 436 139 62 168 70 
H-negative risk:  690 659 1120 1066 436 404 94 92 168 139 70 62 
New BC onsets:  0
BC status:  4880 120 
BC subtype:  4880 91 29 

clinical_engagement 
diagnosis 
demography 
76 new agents 
7 dtreferralsatt7 smreferralsatt269 
disease_progression 
H-positive risk:  648 686 100 1070 410 94 1124 430 141 60 168 69 
H-negative risk:  686 648 1124 1070 430 410 94 100 168 141 69 60 
New BC onsets:  0
BC status:  4878 122 
BC subtype:  4878 91 31 

clinical_engagement 
diagnosis 
demography 
85 new agents 
19 dtreferralsatt19 smreferralsatt270 
disease_progression 
H-positive risk:  652 682 99 1084 406 97 1121 425 140 58 169 67 
H-negative risk:  682 652 1121 1084 425 406 97 99 169 140 67 58 
New BC onsets:  0
BC status:  4876 124 
BC subtype:  4876 91 33 

clinical_engagement 
diagnosis 
demography 
82 new agents 
7 dtreferralsatt7 smreferralsatt271 
disease_progression 
H-positive risk:  653 684 101 1083 405 95 1122 422 139 59 171 66 
H-negative risk:  684 653 1122 1083 422 405 95 101 171 139 66 59 
New BC onsets:  0
BC status:  4877 123 
BC subtype:  4877 92 31 

clinical_engagement 
diagnosis 
demography 
76 new agents 
15 dtreferralsatt15 smreferralsatt272 
disease_progression 
H-positive risk:  656 683 100 1087 404 94 1118 422 140 59 176 61 
H-negative risk:  683 656 1118 1087 422 404 94 100 176 140 61 59 
New BC onsets:  0
BC status:  4875 125 
BC subtype:  4875 96 29 

clinical_engagement 
diagnosis 
demography 
63 new agents 
8 dtreferralsatt8 smreferralsatt273 
disease_progression 
H-positive risk:  653 684 100 1083 402 92 1121 423 143 61 178 60 
H-negative risk:  684 653 1121 1083 423 402 92 100 178 143 60 61 
New BC onsets:  0
BC status:  4878 122 
BC subtype:  4878 94 28 

clinical_engagement 
diagnosis 
demography 
71 new agents 
9 dtreferralsatt9 smreferralsatt274 
disease_progression 
H-positive risk:  657 683 100 1074 408 93 1115 432 141 61 180 56 
H-negative risk:  683 657 1115 1074 432 408 93 100 180 141 56 61 
New BC onsets:  0
BC status:  4877 123 
BC subtype:  4877 95 28 

clinical_engagement 
diagnosis 
demography 
90 new agents 
9 dtreferralsatt9 smreferralsatt275 
disease_progression 
H-positive risk:  656 689 100 1072 402 96 1120 427 142 58 181 57 
H-negative risk:  689 656 1120 1072 427 402 96 100 181 142 57 58 
New BC onsets:  0
BC status:  4878 122 
BC subtype:  4878 94 28 

clinical_engagement 
diagnosis 
demography 
81 new agents 
9 dtreferralsatt9 smreferralsatt276 
disease_progression 
H-positive risk:  652 687 98 1066 405 94 1125 431 144 60 182 56 
H-negative risk:  687 652 1125 1066 431 405 94 98 182 144 56 60 
New BC onsets:  0
BC status:  4882 118 
BC subtype:  4882 91 27 

clinical_engagement 
diagnosis 
demography 
71 new agents 
5 dtreferralsatt5 smreferralsatt277 
disease_progression 
H-positive risk:  656 690 98 1066 405 96 1119 434 144 62 177 53 
H-negative risk:  690 656 1119 1066 434 405 96 98 177 144 53 62 
New BC onsets:  0
BC status:  4885 115 
BC subtype:  4885 90 25 

clinical_engagement 
diagnosis 
demography 
95 new agents 
6 dtreferralsatt6 smreferralsatt278 
disease_progression 
H-positive risk:  653 701 98 1072 404 95 1123 417 144 62 178 53 
H-negative risk:  701 653 1123 1072 417 404 95 98 178 144 53 62 
New BC onsets:  0
BC status:  4887 113 
BC subtype:  4887 89 24 

clinical_engagement 
diagnosis 
demography 
85 new agents 
8 dtreferralsatt8 smreferralsatt279 
disease_progression 
H-positive risk:  650 706 98 1070 400 97 1139 406 141 60 175 58 
H-negative risk:  706 650 1139 1070 406 400 97 98 175 141 58 60 
New BC onsets:  0
BC status:  4889 111 
BC subtype:  4889 88 23 

clinical_engagement 
diagnosis 
demography 
92 new agents 
13 dtreferralsatt13 smreferralsatt280 
disease_progression 
H-positive risk:  651 706 101 1073 396 95 1134 407 146 62 172 57 
H-negative risk:  706 651 1134 1073 407 396 95 101 172 146 57 62 
New BC onsets:  0
BC status:  4895 105 
BC subtype:  4895 84 21 

clinical_engagement 
diagnosis 
demography 
66 new agents 
8 dtreferralsatt8 smreferralsatt281 
disease_progression 
H-positive risk:  652 704 101 1075 407 92 1138 397 145 59 172 58 
H-negative risk:  704 652 1138 1075 397 407 92 101 172 145 58 59 
New BC onsets:  0
BC status:  4895 105 
BC subtype:  4895 84 21 

clinical_engagement 
diagnosis 
demography 
83 new agents 
5 dtreferralsatt5 smreferralsatt282 
disease_progression 
H-positive risk:  654 710 101 1068 403 92 1145 393 147 57 169 61 
H-negative risk:  710 654 1145 1068 393 403 92 101 169 147 61 57 
New BC onsets:  0
BC status:  4898 102 
BC subtype:  4898 81 21 

clinical_engagement 
diagnosis 
demography 
74 new agents 
10 dtreferralsatt10 smreferralsatt283 
disease_progression 
H-positive risk:  655 713 101 1075 403 92 1143 389 147 53 169 60 
H-negative risk:  713 655 1143 1075 389 403 92 101 169 147 60 53 
New BC onsets:  0
BC status:  4894 106 
BC subtype:  4894 85 21 

clinical_engagement 
diagnosis 
demography 
73 new agents 
9 dtreferralsatt9 smreferralsatt284 
disease_progression 
H-positive risk:  658 718 102 1075 391 94 1138 397 144 52 170 61 
H-negative risk:  718 658 1138 1075 397 391 94 102 170 144 61 52 
New BC onsets:  0
BC status:  4893 107 
BC subtype:  4893 86 21 

clinical_engagement 
diagnosis 
demography 
68 new agents 
9 dtreferralsatt9 smreferralsatt285 
disease_progression 
H-positive risk:  656 710 102 1075 393 95 1144 401 146 51 167 60 
H-negative risk:  710 656 1144 1075 401 393 95 102 167 146 60 51 
New BC onsets:  0
BC status:  4889 111 
BC subtype:  4889 91 20 

clinical_engagement 
diagnosis 
demography 
80 new agents 
13 dtreferralsatt13 smreferralsatt286 
disease_progression 
H-positive risk:  658 713 101 1073 388 95 1144 399 150 51 168 60 
H-negative risk:  713 658 1144 1073 399 388 95 101 168 150 60 51 
New BC onsets:  0
BC status:  4892 108 
BC subtype:  4892 87 21 

clinical_engagement 
diagnosis 
demography 
67 new agents 
8 dtreferralsatt8 smreferralsatt287 
disease_progression 
H-positive risk:  659 708 98 1077 387 95 1146 403 149 51 167 60 
H-negative risk:  708 659 1146 1077 403 387 95 98 167 149 60 51 
New BC onsets:  0
BC status:  4893 107 
BC subtype:  4893 87 20 

clinical_engagement 
diagnosis 
demography 
69 new agents 
9 dtreferralsatt9 smreferralsatt288 
disease_progression 
H-positive risk:  655 702 100 1078 391 95 1149 402 154 49 165 60 
H-negative risk:  702 655 1149 1078 402 391 95 100 165 154 60 49 
New BC onsets:  0
BC status:  4889 111 
BC subtype:  4889 92 19 

clinical_engagement 
diagnosis 
demography 
86 new agents 
13 dtreferralsatt13 smreferralsatt289 
disease_progression 
H-positive risk:  665 708 102 1064 393 92 1152 396 158 46 163 61 
H-negative risk:  708 665 1152 1064 396 393 92 102 163 158 61 46 
New BC onsets:  0
BC status:  4888 112 
BC subtype:  4888 92 20 

clinical_engagement 
diagnosis 
demography 
97 new agents 
10 dtreferralsatt10 smreferralsatt290 
disease_progression 
H-positive risk:  671 711 103 1074 383 94 1143 386 160 46 166 63 
H-negative risk:  711 671 1143 1074 386 383 94 103 166 160 63 46 
New BC onsets:  0
BC status:  4895 105 
BC subtype:  4895 86 19 

clinical_engagement 
diagnosis 
demography 
77 new agents 
10 dtreferralsatt10 smreferralsatt291 
disease_progression 
H-positive risk:  671 706 103 1078 386 94 1147 382 160 46 166 61 
H-negative risk:  706 671 1147 1078 382 386 94 103 166 160 61 46 
New BC onsets:  0
BC status:  4897 103 
BC subtype:  4897 83 20 

clinical_engagement 
diagnosis 
demography 
76 new agents 
7 dtreferralsatt7 smreferralsatt292 
disease_progression 
H-positive risk:  669 708 100 1077 379 96 1151 389 159 46 167 59 
H-negative risk:  708 669 1151 1077 389 379 96 100 167 159 59 46 
New BC onsets:  0
BC status:  4897 103 
BC subtype:  4897 84 19 

clinical_engagement 
diagnosis 
demography 
72 new agents 
5 dtreferralsatt5 smreferralsatt293 
disease_progression 
H-positive risk:  668 704 99 1079 382 94 1155 387 158 48 166 60 
H-negative risk:  704 668 1155 1079 387 382 94 99 166 158 60 48 
New BC onsets:  0
BC status:  4897 103 
BC subtype:  4897 84 19 

clinical_engagement 
diagnosis 
demography 
95 new agents 
13 dtreferralsatt13 smreferralsatt294 
disease_progression 
H-positive risk:  658 707 98 1075 378 93 1164 394 160 47 166 60 
H-negative risk:  707 658 1164 1075 394 378 93 98 166 160 60 47 
New BC onsets:  0
BC status:  4898 102 
BC subtype:  4898 83 19 

clinical_engagement 
diagnosis 
demography 
75 new agents 
9 dtreferralsatt9 smreferralsatt295 
disease_progression 
H-positive risk:  647 710 99 1071 379 93 1168 401 161 48 164 59 
H-negative risk:  710 647 1168 1071 401 379 93 99 164 161 59 48 
New BC onsets:  0
BC status:  4900 100 
BC subtype:  4900 83 17 

clinical_engagement 
diagnosis 
demography 
80 new agents 
3 dtreferralsatt3 smreferralsatt296 
disease_progression 
H-positive risk:  648 711 99 1069 381 92 1171 404 156 49 165 55 
H-negative risk:  711 648 1171 1069 404 381 92 99 165 156 55 49 
New BC onsets:  0
BC status:  4894 106 
BC subtype:  4894 89 17 

clinical_engagement 
diagnosis 
demography 
76 new agents 
9 dtreferralsatt9 smreferralsatt297 
disease_progression 
H-positive risk:  652 709 95 1082 374 94 1168 398 153 52 168 55 
H-negative risk:  709 652 1168 1082 398 374 94 95 168 153 55 52 
New BC onsets:  0
BC status:  4894 106 
BC subtype:  4894 90 16 

clinical_engagement 
diagnosis 
demography 
70 new agents 
8 dtreferralsatt8 smreferralsatt298 
disease_progression 
H-positive risk:  651 713 98 1081 370 93 1163 401 154 53 168 55 
H-negative risk:  713 651 1163 1081 401 370 93 98 168 154 55 53 
New BC onsets:  0
BC status:  4895 105 
BC subtype:  4895 88 17 

clinical_engagement 
diagnosis 
demography 
83 new agents 
11 dtreferralsatt11 smreferralsatt299 
disease_progression 
H-positive risk:  645 707 96 1084 368 93 1183 396 152 53 167 56 
H-negative risk:  707 645 1183 1084 396 368 93 96 167 152 56 53 
New BC onsets:  0
BC status:  4895 105 
BC subtype:  4895 88 17 

clinical_engagement 
diagnosis 
demography 
83 new agents 
14 dtreferralsatt14 smreferralsatt300 
disease_progression 
H-positive risk:  645 698 95 1075 382 94 1181 398 149 58 169 56 
H-negative risk:  698 645 1181 1075 398 382 94 95 169 149 56 58 
New BC onsets:  0
BC status:  4893 107 
BC subtype:  4893 90 17 

clinical_engagement 
diagnosis 
demography 
72 new agents 
11 dtreferralsatt11 smreferralsattTime difference of 15.6031 mins
This is task 3
date
