date
Note that the current default version of R is 3.6.1.
Loading required package: network
network: Classes for Relational Data
Version 1.15 created on 2019-04-01.
copyright (c) 2005, Carter T. Butts, University of California-Irvine
                    Mark S. Handcock, University of California -- Los Angeles
                    David R. Hunter, Penn State University
                    Martina Morris, University of Washington
                    Skye Bender-deMoll, University of Washington
 For citation information, type citation("network").
 Type help("network-package") to get started.


networkDynamic: version 0.10.0, created on 2019-04-04
Copyright (c) 2019, Carter T. Butts, University of California -- Irvine
                    Ayn Leslie-Cook, University of Washington
                    Pavel N. Krivitsky, University of Wollongong
                    Skye Bender-deMoll, University of Washington
                    with contributions from
                    Zack Almquist, University of California -- Irvine
                    David R. Hunter, Penn State University
                    Li Wang
                    Kirk Li, University of Washington
                    Steven M. Goodreau, University of Washington
                    Jeffrey Horner
                    Martina Morris, University of Washington
Based on "statnet" project software (statnet.org).
For license and citation information see statnet.org/attribution
or type citation("networkDynamic").

Loading required package: statnet.common

Attaching package: 'statnet.common'

The following object is masked from 'package:base':

    order

sna: Tools for Social Network Analysis
Version 2.4 created on 2016-07-23.
copyright (c) 2005, Carter T. Butts, University of California-Irvine
 For citation information, type citation("sna").
 Type help(package="sna") to get started.


ergm: version 3.10.4, created on 2019-06-10
Copyright (c) 2019, Mark S. Handcock, University of California -- Los Angeles
                    David R. Hunter, Penn State University
                    Carter T. Butts, University of California -- Irvine
                    Steven M. Goodreau, University of Washington
                    Pavel N. Krivitsky, University of Wollongong
                    Martina Morris, University of Washington
                    with contributions from
                    Li Wang
                    Kirk Li, University of Washington
                    Skye Bender-deMoll, University of Washington
                    Chad Klumb
Based on "statnet" project software (statnet.org).
For license and citation information see statnet.org/attribution
or type citation("ergm").

NOTE: Versions before 3.6.1 had a bug in the implementation of the bd()
constriant which distorted the sampled distribution somewhat. In
addition, Sampson's Monks datasets had mislabeled vertices. See the
NEWS and the documentation for more details.

NOTE: Some common term arguments pertaining to vertex attribute and
level selection have changed in 3.10.0. See terms help for more
details. Use 'options(ergm.term=list(version="3.9.4"))' to use old
behavior.


tergm: version 3.6.1, created on 2019-06-12
Copyright (c) 2019, Pavel N. Krivitsky, University of Wollongong
                    Mark S. Handcock, University of California -- Los Angeles
                    with contributions from
                    David R. Hunter, Penn State University
                    Steven M. Goodreau, University of Washington
                    Martina Morris, University of Washington
                    Nicole Bohme Carnegie, New York University
                    Carter T. Butts, University of California -- Irvine
                    Ayn Leslie-Cook, University of Washington
                    Skye Bender-deMoll
                    Li Wang
                    Kirk Li, University of Washington
Based on "statnet" project software (statnet.org).
For license and citation information see statnet.org/attribution
or type citation("tergm").

Starting maximum pseudolikelihood estimation (MPLE):
Evaluating the predictor and response matrix.
Maximizing the pseudolikelihood.
Finished MPLE.
Starting Monte Carlo maximum likelihood estimation (MCMLE):
Iteration 1 of at most 500:
Optimizing with step length 0.383525142699557.
The log-likelihood improved by 3.735.
Iteration 2 of at most 500:
Optimizing with step length 0.369908856898496.
The log-likelihood improved by 2.894.
Iteration 3 of at most 500:
Optimizing with step length 0.921476775723739.
The log-likelihood improved by 2.738.
Iteration 4 of at most 500:
Optimizing with step length 1.
The log-likelihood improved by 0.6751.
Step length converged once. Increasing MCMC sample size.
Iteration 5 of at most 500:
Optimizing with step length 1.
The log-likelihood improved by 0.02762.
Step length converged twice. Stopping.
Finished MCMLE.
This model was fit using MCMC.  To examine model diagnostics and check
for degeneracy, use the mcmc.diagnostics() function.
 degree0  degree1  degree2  degree3  degree4  degree5  degree6  degree7 
       1       17     1239     1025      820      336      396      363 
 degree8  degree9 degree10 degree11 degree12 degree13 degree14 degree15 
     294      215      127       89       43       19        9        5 
degree18 degree19 
       1        1 
1 
disease_progression 
H-positive risk:  875 919 127 830 418 115 899 479 107 61 116 54 
H-negative risk:  919 875 899 830 479 418 115 127 116 107 54 61 
New BC onsets:  0
BC status:  4997 3 
BC subtype:  4997 1 2 

clinical_engagement 
diagnosis 
demography 
62 new agents 
1 dtreferralsatt1 smreferralsatt2 
disease_progression 
H-positive risk:  875 920 124 831 412 118 902 475 110 62 118 53 
H-negative risk:  920 875 902 831 475 412 118 124 118 110 53 62 
New BC onsets:  0
BC status:  4995 5 
BC subtype:  4995 3 2 

clinical_engagement 
diagnosis 
demography 
51 new agents 
2 dtreferralsatt2 smreferralsatt3 
disease_progression 
H-positive risk:  884 920 123 829 406 118 902 477 110 58 120 53 
H-negative risk:  920 884 902 829 477 406 118 123 120 110 53 58 
New BC onsets:  0
BC status:  4995 5 
BC subtype:  4995 3 2 

clinical_engagement 
diagnosis 
demography 
57 new agents 
6 dtreferralsatt6 smreferralsatt4 
disease_progression 
H-positive risk:  887 928 124 826 399 120 900 471 111 58 121 55 
H-negative risk:  928 887 900 826 471 399 120 124 121 111 55 58 
New BC onsets:  0
BC status:  4989 11 
BC subtype:  4989 8 3 

clinical_engagement 
diagnosis 
demography 
65 new agents 
4 dtreferralsatt4 smreferralsatt5 
disease_progression 
H-positive risk:  889 931 124 829 397 119 904 465 109 57 123 53 
H-negative risk:  931 889 904 829 465 397 119 124 123 109 53 57 
New BC onsets:  0
BC status:  4985 15 
BC subtype:  4985 12 3 

clinical_engagement 
diagnosis 
demography 
45 new agents 
5 dtreferralsatt5 smreferralsatt6 
disease_progression 
H-positive risk:  902 929 123 831 394 117 908 458 108 58 120 52 
H-negative risk:  929 902 908 831 458 394 117 123 120 108 52 58 
New BC onsets:  0
BC status:  4984 16 
BC subtype:  4984 13 3 

clinical_engagement 
diagnosis 
demography 
64 new agents 
6 dtreferralsatt6 smreferralsatt7 
disease_progression 
H-positive risk:  906 930 126 830 394 117 907 449 107 58 124 52 
H-negative risk:  930 906 907 830 449 394 117 126 124 107 52 58 
New BC onsets:  0
BC status:  4981 19 
BC subtype:  4981 16 3 

clinical_engagement 
diagnosis 
demography 
66 new agents 
9 dtreferralsatt9 smreferralsatt8 
disease_progression 
H-positive risk:  912 932 127 831 390 120 906 439 109 58 124 52 
H-negative risk:  932 912 906 831 439 390 120 127 124 109 52 58 
New BC onsets:  0
BC status:  4981 19 
BC subtype:  4981 16 3 

clinical_engagement 
diagnosis 
demography 
65 new agents 
4 dtreferralsatt4 smreferralsatt9 
disease_progression 
H-positive risk:  913 942 127 824 386 119 913 434 107 60 124 51 
H-negative risk:  942 913 913 824 434 386 119 127 124 107 51 60 
New BC onsets:  0
BC status:  4981 19 
BC subtype:  4981 16 3 

clinical_engagement 
diagnosis 
demography 
48 new agents 
8 dtreferralsatt8 smreferralsatt10 
disease_progression 
H-positive risk:  921 949 129 823 380 118 912 428 106 58 126 50 
H-negative risk:  949 921 912 823 428 380 118 129 126 106 50 58 
New BC onsets:  0
BC status:  4978 22 
BC subtype:  4978 17 5 

clinical_engagement 
diagnosis 
demography 
54 new agents 
8 dtreferralsatt8 smreferralsatt11 
disease_progression 
H-positive risk:  921 952 129 821 376 118 917 424 106 57 127 52 
H-negative risk:  952 921 917 821 424 376 118 129 127 106 52 57 
New BC onsets:  0
BC status:  4975 25 
BC subtype:  4975 19 6 

clinical_engagement 
diagnosis 
demography 
59 new agents 
5 dtreferralsatt5 smreferralsatt12 
disease_progression 
H-positive risk:  923 960 133 821 374 122 909 418 105 57 127 51 
H-negative risk:  960 923 909 821 418 374 122 133 127 105 51 57 
New BC onsets:  0
BC status:  4972 28 
BC subtype:  4972 21 7 

clinical_engagement 
diagnosis 
demography 
56 new agents 
3 dtreferralsatt3 smreferralsatt13 
disease_progression 
H-positive risk:  840 878 123 907 370 117 1000 409 113 56 136 51 
H-negative risk:  878 840 1000 907 409 370 117 123 136 113 51 56 
New BC onsets:  0
BC status:  4971 29 
BC subtype:  4971 21 8 

clinical_engagement 
diagnosis 
demography 
222 new agents 
7 dtreferralsatt7 smreferralsatt14 
disease_progression 
H-positive risk:  864 913 127 865 368 120 971 416 107 56 135 58 
H-negative risk:  913 864 971 865 416 368 120 127 135 107 58 56 
New BC onsets:  0
BC status:  4965 35 
BC subtype:  4965 26 9 

clinical_engagement 
diagnosis 
demography 
58 new agents 
10 dtreferralsatt10 smreferralsatt15 
disease_progression 
H-positive risk:  868 914 128 876 365 119 970 404 106 57 134 59 
H-negative risk:  914 868 970 876 404 365 119 128 134 106 59 57 
New BC onsets:  0
BC status:  4961 39 
BC subtype:  4961 29 10 

clinical_engagement 
diagnosis 
demography 
57 new agents 
6 dtreferralsatt6 smreferralsatt16 
disease_progression 
H-positive risk:  874 914 126 879 365 121 968 400 107 54 135 57 
H-negative risk:  914 874 968 879 400 365 121 126 135 107 57 54 
New BC onsets:  0
BC status:  4960 40 
BC subtype:  4960 30 10 

clinical_engagement 
diagnosis 
demography 
60 new agents 
11 dtreferralsatt11 smreferralsatt17 
disease_progression 
H-positive risk:  881 913 126 874 360 123 970 393 106 54 139 61 
H-negative risk:  913 881 970 874 393 360 123 126 139 106 61 54 
New BC onsets:  0
BC status:  4957 43 
BC subtype:  4957 31 12 

clinical_engagement 
diagnosis 
demography 
67 new agents 
13 dtreferralsatt13 smreferralsatt18 
disease_progression 
H-positive risk:  886 915 128 877 349 126 971 392 107 54 135 60 
H-negative risk:  915 886 971 877 392 349 126 128 135 107 60 54 
New BC onsets:  0
BC status:  4958 42 
BC subtype:  4958 31 11 

clinical_engagement 
diagnosis 
demography 
53 new agents 
11 dtreferralsatt11 smreferralsatt19 
disease_progression 
H-positive risk:  889 918 130 881 344 126 965 393 107 52 136 59 
H-negative risk:  918 889 965 881 393 344 126 130 136 107 59 52 
New BC onsets:  0
BC status:  4958 42 
BC subtype:  4958 31 11 

clinical_engagement 
diagnosis 
demography 
60 new agents 
13 dtreferralsatt13 smreferralsatt20 
disease_progression 
H-positive risk:  889 917 132 880 344 125 963 396 109 51 132 62 
H-negative risk:  917 889 963 880 396 344 125 132 132 109 62 51 
New BC onsets:  0
BC status:  4957 43 
BC subtype:  4957 32 11 

clinical_engagement 
diagnosis 
demography 
56 new agents 
12 dtreferralsatt12 smreferralsatt21 
disease_progression 
H-positive risk:  893 916 132 886 345 125 960 388 109 51 132 63 
H-negative risk:  916 893 960 886 388 345 125 132 132 109 63 51 
New BC onsets:  0
BC status:  4955 45 
BC subtype:  4955 34 11 

clinical_engagement 
diagnosis 
demography 
53 new agents 
8 dtreferralsatt8 smreferralsatt22 
disease_progression 
H-positive risk:  894 921 132 887 336 123 963 387 110 50 133 64 
H-negative risk:  921 894 963 887 387 336 123 132 133 110 64 50 
New BC onsets:  0
BC status:  4956 44 
BC subtype:  4956 33 11 

clinical_engagement 
diagnosis 
demography 
67 new agents 
13 dtreferralsatt13 smreferralsatt23 
disease_progression 
H-positive risk:  894 920 132 891 332 123 963 387 109 50 134 65 
H-negative risk:  920 894 963 891 387 332 123 132 134 109 65 50 
New BC onsets:  0
BC status:  4954 46 
BC subtype:  4954 36 10 

clinical_engagement 
diagnosis 
demography 
51 new agents 
8 dtreferralsatt8 smreferralsatt24 
disease_progression 
H-positive risk:  900 915 131 901 336 125 954 382 107 50 135 64 
H-negative risk:  915 900 954 901 382 336 125 131 135 107 64 50 
New BC onsets:  0
BC status:  4953 47 
BC subtype:  4953 36 11 

clinical_engagement 
diagnosis 
demography 
56 new agents 
12 dtreferralsatt12 smreferralsatt25 
disease_progression 
H-positive risk:  826 840 123 976 337 117 1033 378 116 48 145 61 
H-negative risk:  840 826 1033 976 378 337 117 123 145 116 61 48 
New BC onsets:  0
BC status:  4948 52 
BC subtype:  4948 40 12 

clinical_engagement 
diagnosis 
demography 
151 new agents 
4 dtreferralsatt4 smreferralsatt26 
disease_progression 
H-positive risk:  844 863 124 949 359 116 988 402 108 52 140 55 
H-negative risk:  863 844 988 949 402 359 116 124 140 108 55 52 
New BC onsets:  0
BC status:  4943 57 
BC subtype:  4943 47 10 

clinical_engagement 
diagnosis 
demography 
69 new agents 
7 dtreferralsatt7 smreferralsatt27 
disease_progression 
H-positive risk:  848 869 121 946 362 119 991 391 108 51 139 55 
H-negative risk:  869 848 991 946 391 362 119 121 139 108 55 51 
New BC onsets:  0
BC status:  4942 58 
BC subtype:  4942 46 12 

clinical_engagement 
diagnosis 
demography 
58 new agents 
9 dtreferralsatt9 smreferralsatt28 
disease_progression 
H-positive risk:  851 870 121 938 363 122 999 381 106 51 140 58 
H-negative risk:  870 851 999 938 381 363 122 121 140 106 58 51 
New BC onsets:  0
BC status:  4938 62 
BC subtype:  4938 49 13 

clinical_engagement 
diagnosis 
demography 
51 new agents 
14 dtreferralsatt14 smreferralsatt29 
disease_progression 
H-positive risk:  852 878 121 939 355 122 1001 382 104 52 138 56 
H-negative risk:  878 852 1001 939 382 355 122 121 138 104 56 52 
New BC onsets:  0
BC status:  4938 62 
BC subtype:  4938 48 14 

clinical_engagement 
diagnosis 
demography 
57 new agents 
5 dtreferralsatt5 smreferralsatt30 
disease_progression 
H-positive risk:  853 875 119 941 358 122 1003 380 104 52 136 57 
H-negative risk:  875 853 1003 941 380 358 122 119 136 104 57 52 
New BC onsets:  0
BC status:  4937 63 
BC subtype:  4937 49 14 

clinical_engagement 
diagnosis 
demography 
66 new agents 
10 dtreferralsatt10 smreferralsatt31 
disease_progression 
H-positive risk:  858 884 121 940 356 120 999 379 104 51 134 54 
H-negative risk:  884 858 999 940 379 356 120 121 134 104 54 51 
New BC onsets:  0
BC status:  4935 65 
BC subtype:  4935 51 14 

clinical_engagement 
diagnosis 
demography 
60 new agents 
13 dtreferralsatt13 smreferralsatt32 
disease_progression 
H-positive risk:  866 882 122 932 350 120 1002 381 106 51 135 53 
H-negative risk:  882 866 1002 932 381 350 120 122 135 106 53 51 
New BC onsets:  0
BC status:  4932 68 
BC subtype:  4932 54 14 

clinical_engagement 
diagnosis 
demography 
60 new agents 
13 dtreferralsatt13 smreferralsatt33 
disease_progression 
H-positive risk:  863 882 124 932 350 122 1001 380 107 52 136 51 
H-negative risk:  882 863 1001 932 380 350 122 124 136 107 51 52 
New BC onsets:  0
BC status:  4931 69 
BC subtype:  4931 54 15 

clinical_engagement 
diagnosis 
demography 
57 new agents 
12 dtreferralsatt12 smreferralsatt34 
disease_progression 
H-positive risk:  865 885 125 934 344 123 1001 378 109 51 135 50 
H-negative risk:  885 865 1001 934 378 344 123 125 135 109 50 51 
New BC onsets:  0
BC status:  4930 70 
BC subtype:  4930 56 14 

clinical_engagement 
diagnosis 
demography 
62 new agents 
10 dtreferralsatt10 smreferralsatt35 
disease_progression 
H-positive risk:  874 885 127 932 344 124 993 382 109 49 134 47 
H-negative risk:  885 874 993 932 382 344 124 127 134 109 47 49 
New BC onsets:  0
BC status:  4928 72 
BC subtype:  4928 56 16 

clinical_engagement 
diagnosis 
demography 
63 new agents 
13 dtreferralsatt13 smreferralsatt36 
disease_progression 
H-positive risk:  880 882 128 933 338 124 990 383 109 49 135 49 
H-negative risk:  882 880 990 933 383 338 124 128 135 109 49 49 
New BC onsets:  0
BC status:  4928 72 
BC subtype:  4928 56 16 

clinical_engagement 
diagnosis 
demography 
83 new agents 
8 dtreferralsatt8 smreferralsatt37 
disease_progression 
H-positive risk:  818 817 119 1011 332 115 1053 379 115 49 143 49 
H-negative risk:  817 818 1053 1011 379 332 115 119 143 115 49 49 
New BC onsets:  0
BC status:  4928 72 
BC subtype:  4928 55 17 

clinical_engagement 
diagnosis 
demography 
176 new agents 
10 dtreferralsatt10 smreferralsatt38 
disease_progression 
H-positive risk:  828 827 119 990 352 113 1037 392 116 41 134 51 
H-negative risk:  827 828 1037 990 392 352 113 119 134 116 51 41 
New BC onsets:  0
BC status:  4928 72 
BC subtype:  4928 52 20 

clinical_engagement 
diagnosis 
demography 
63 new agents 
17 dtreferralsatt17 smreferralsatt39 
disease_progression 
H-positive risk:  836 832 120 981 350 114 1035 394 115 41 130 52 
H-negative risk:  832 836 1035 981 394 350 114 120 130 115 52 41 
New BC onsets:  0
BC status:  4924 76 
BC subtype:  4924 55 21 

clinical_engagement 
diagnosis 
demography 
68 new agents 
14 dtreferralsatt14 smreferralsatt40 
disease_progression 
H-positive risk:  842 840 119 978 347 112 1027 395 116 43 131 50 
H-negative risk:  840 842 1027 978 395 347 112 119 131 116 50 43 
New BC onsets:  0
BC status:  4922 78 
BC subtype:  4922 54 24 

clinical_engagement 
diagnosis 
demography 
59 new agents 
11 dtreferralsatt11 smreferralsatt41 
disease_progression 
H-positive risk:  838 848 121 967 348 112 1028 394 116 46 132 50 
H-negative risk:  848 838 1028 967 394 348 112 121 132 116 50 46 
New BC onsets:  0
BC status:  4922 78 
BC subtype:  4922 55 23 

clinical_engagement 
diagnosis 
demography 
58 new agents 
14 dtreferralsatt14 smreferralsatt42 
disease_progression 
H-positive risk:  842 852 122 970 348 111 1018 394 116 47 130 50 
H-negative risk:  852 842 1018 970 394 348 111 122 130 116 50 47 
New BC onsets:  0
BC status:  4919 81 
BC subtype:  4919 57 24 

clinical_engagement 
diagnosis 
demography 
83 new agents 
13 dtreferralsatt13 smreferralsatt43 
disease_progression 
H-positive risk:  853 858 121 968 353 112 1009 385 117 47 130 47 
H-negative risk:  858 853 1009 968 385 353 112 121 130 117 47 47 
New BC onsets:  0
BC status:  4917 83 
BC subtype:  4917 59 24 

clinical_engagement 
diagnosis 
demography 
71 new agents 
9 dtreferralsatt9 smreferralsatt44 
disease_progression 
H-positive risk:  851 868 122 966 346 115 1014 381 118 47 126 46 
H-negative risk:  868 851 1014 966 381 346 115 122 126 118 46 47 
New BC onsets:  0
BC status:  4916 84 
BC subtype:  4916 59 25 

clinical_engagement 
diagnosis 
demography 
69 new agents 
9 dtreferralsatt9 smreferralsatt45 
disease_progression 
H-positive risk:  852 868 126 965 344 116 1008 385 115 47 129 45 
H-negative risk:  868 852 1008 965 385 344 116 126 129 115 45 47 
New BC onsets:  0
BC status:  4914 86 
BC subtype:  4914 61 25 

clinical_engagement 
diagnosis 
demography 
66 new agents 
18 dtreferralsatt18 smreferralsatt46 
disease_progression 
H-positive risk:  857 865 128 963 345 118 1008 379 115 45 130 47 
H-negative risk:  865 857 1008 963 379 345 118 128 130 115 47 45 
New BC onsets:  0
BC status:  4914 86 
BC subtype:  4914 62 24 

clinical_engagement 
diagnosis 
demography 
72 new agents 
7 dtreferralsatt7 smreferralsatt47 
disease_progression 
H-positive risk:  854 864 131 969 343 117 1012 369 118 45 130 48 
H-negative risk:  864 854 1012 969 369 343 117 131 130 118 48 45 
New BC onsets:  0
BC status:  4916 84 
BC subtype:  4916 61 23 

clinical_engagement 
diagnosis 
demography 
74 new agents 
6 dtreferralsatt6 smreferralsatt48 
disease_progression 
H-positive risk:  862 867 131 973 342 118 1004 365 115 47 130 46 
H-negative risk:  867 862 1004 973 365 342 118 131 130 115 46 47 
New BC onsets:  0
BC status:  4912 88 
BC subtype:  4912 64 24 

clinical_engagement 
diagnosis 
demography 
68 new agents 
13 dtreferralsatt13 smreferralsatt49 
disease_progression 
H-positive risk:  808 807 120 1035 338 111 1067 353 125 46 142 48 
H-negative risk:  807 808 1067 1035 353 338 111 120 142 125 48 46 
New BC onsets:  0
BC status:  4912 88 
BC subtype:  4912 64 24 

clinical_engagement 
diagnosis 
demography 
132 new agents 
15 dtreferralsatt15 smreferralsatt50 
disease_progression 
H-positive risk:  823 824 118 999 360 115 1033 366 118 51 139 54 
H-negative risk:  824 823 1033 999 366 360 115 118 139 118 54 51 
New BC onsets:  0
BC status:  4910 90 
BC subtype:  4910 67 23 

clinical_engagement 
diagnosis 
demography 
62 new agents 
18 dtreferralsatt18 smreferralsatt51 
disease_progression 
H-positive risk:  828 832 119 996 362 112 1024 364 122 50 135 56 
H-negative risk:  832 828 1024 996 364 362 112 119 135 122 56 50 
New BC onsets:  0
BC status:  4907 93 
BC subtype:  4907 68 25 

clinical_engagement 
diagnosis 
demography 
54 new agents 
16 dtreferralsatt16 smreferralsatt52 
disease_progression 
H-positive risk:  826 837 117 994 359 113 1027 366 124 49 133 55 
H-negative risk:  837 826 1027 994 366 359 113 117 133 124 55 49 
New BC onsets:  0
BC status:  4906 94 
BC subtype:  4906 68 26 

clinical_engagement 
diagnosis 
demography 
68 new agents 
17 dtreferralsatt17 smreferralsatt53 
disease_progression 
H-positive risk:  829 839 119 997 360 110 1026 366 122 45 135 52 
H-negative risk:  839 829 1026 997 366 360 110 119 135 122 52 45 
New BC onsets:  0
BC status:  4905 95 
BC subtype:  4905 69 26 

clinical_engagement 
diagnosis 
demography 
64 new agents 
10 dtreferralsatt10 smreferralsatt54 
disease_progression 
H-positive risk:  826 845 119 993 366 110 1016 367 125 46 131 56 
H-negative risk:  845 826 1016 993 367 366 110 119 131 125 56 46 
New BC onsets:  0
BC status:  4905 95 
BC subtype:  4905 69 26 

clinical_engagement 
diagnosis 
demography 
57 new agents 
7 dtreferralsatt7 smreferralsatt55 
disease_progression 
H-positive risk:  826 845 119 1002 366 110 1019 360 125 43 132 53 
H-negative risk:  845 826 1019 1002 360 366 110 119 132 125 53 43 
New BC onsets:  0
BC status:  4904 96 
BC subtype:  4904 69 27 

clinical_engagement 
diagnosis 
demography 
76 new agents 
9 dtreferralsatt9 smreferralsatt56 
disease_progression 
H-positive risk:  833 853 120 1004 368 111 1014 352 123 41 131 50 
H-negative risk:  853 833 1014 1004 352 368 111 120 131 123 50 41 
New BC onsets:  0
BC status:  4902 98 
BC subtype:  4902 71 27 

clinical_engagement 
diagnosis 
demography 
68 new agents 
13 dtreferralsatt13 smreferralsatt57 
disease_progression 
H-positive risk:  839 857 119 1005 363 113 1011 350 121 40 129 53 
H-negative risk:  857 839 1011 1005 350 363 113 119 129 121 53 40 
New BC onsets:  0
BC status:  4899 101 
BC subtype:  4899 73 28 

clinical_engagement 
diagnosis 
demography 
52 new agents 
14 dtreferralsatt14 smreferralsatt58 
disease_progression 
H-positive risk:  841 859 119 1004 363 113 1005 351 121 42 127 55 
H-negative risk:  859 841 1005 1004 351 363 113 119 127 121 55 42 
New BC onsets:  0
BC status:  4898 102 
BC subtype:  4898 73 29 

clinical_engagement 
diagnosis 
demography 
68 new agents 
8 dtreferralsatt8 smreferralsatt59 
disease_progression 
H-positive risk:  839 862 117 1000 364 114 1007 351 124 41 125 56 
H-negative risk:  862 839 1007 1000 351 364 114 117 125 124 56 41 
New BC onsets:  0
BC status:  4895 105 
BC subtype:  4895 76 29 

clinical_engagement 
diagnosis 
demography 
70 new agents 
5 dtreferralsatt5 smreferralsatt60 
disease_progression 
H-positive risk:  846 864 119 998 357 113 1008 350 125 41 125 54 
H-negative risk:  864 846 1008 998 350 357 113 119 125 125 54 41 
New BC onsets:  0
BC status:  4893 107 
BC subtype:  4893 78 29 

clinical_engagement 
diagnosis 
demography 
87 new agents 
8 dtreferralsatt8 smreferralsatt61 
disease_progression 
H-positive risk:  796 810 117 1046 359 99 1058 353 139 39 132 52 
H-negative risk:  810 796 1058 1046 353 359 99 117 132 139 52 39 
New BC onsets:  0
BC status:  4890 110 
BC subtype:  4890 81 29 

clinical_engagement 
diagnosis 
demography 
115 new agents 
12 dtreferralsatt12 smreferralsatt62 
disease_progression 
H-positive risk:  798 824 117 1013 383 103 1031 375 135 43 120 58 
H-negative risk:  824 798 1031 1013 375 383 103 117 120 135 58 43 
New BC onsets:  0
BC status:  4895 105 
BC subtype:  4895 78 27 

clinical_engagement 
diagnosis 
demography 
78 new agents 
12 dtreferralsatt12 smreferralsatt63 
disease_progression 
H-positive risk:  803 838 116 1015 383 104 1023 364 136 44 117 57 
H-negative risk:  838 803 1023 1015 364 383 104 116 117 136 57 44 
New BC onsets:  0
BC status:  4895 105 
BC subtype:  4895 78 27 

clinical_engagement 
diagnosis 
demography 
83 new agents 
7 dtreferralsatt7 smreferralsatt64 
disease_progression 
H-positive risk:  800 847 118 1018 378 104 1029 353 135 43 119 56 
H-negative risk:  847 800 1029 1018 353 378 104 118 119 135 56 43 
New BC onsets:  0
BC status:  4893 107 
BC subtype:  4893 79 28 

clinical_engagement 
diagnosis 
demography 
62 new agents 
12 dtreferralsatt12 smreferralsatt65 
disease_progression 
H-positive risk:  805 858 119 1008 380 104 1023 353 134 41 119 56 
H-negative risk:  858 805 1023 1008 353 380 104 119 119 134 56 41 
New BC onsets:  0
BC status:  4892 108 
BC subtype:  4892 80 28 

clinical_engagement 
diagnosis 
demography 
69 new agents 
14 dtreferralsatt14 smreferralsatt66 
disease_progression 
H-positive risk:  802 859 118 1017 373 106 1022 357 130 41 118 57 
H-negative risk:  859 802 1022 1017 357 373 106 118 118 130 57 41 
New BC onsets:  0
BC status:  4893 107 
BC subtype:  4893 81 26 

clinical_engagement 
diagnosis 
demography 
72 new agents 
16 dtreferralsatt16 smreferralsatt67 
disease_progression 
H-positive risk:  797 856 118 1015 379 107 1028 357 129 40 118 56 
H-negative risk:  856 797 1028 1015 357 379 107 118 118 129 56 40 
New BC onsets:  0
BC status:  4893 107 
BC subtype:  4893 81 26 

clinical_engagement 
diagnosis 
demography 
74 new agents 
7 dtreferralsatt7 smreferralsatt68 
disease_progression 
H-positive risk:  795 869 116 1015 379 108 1016 360 129 39 119 55 
H-negative risk:  869 795 1016 1015 360 379 108 116 119 129 55 39 
New BC onsets:  0
BC status:  4892 108 
BC subtype:  4892 82 26 

clinical_engagement 
diagnosis 
demography 
67 new agents 
11 dtreferralsatt11 smreferralsatt69 
disease_progression 
H-positive risk:  801 869 115 1007 378 108 1020 361 131 39 116 55 
H-negative risk:  869 801 1020 1007 361 378 108 115 116 131 55 39 
New BC onsets:  0
BC status:  4890 110 
BC subtype:  4890 83 27 

clinical_engagement 
diagnosis 
demography 
72 new agents 
13 dtreferralsatt13 smreferralsatt70 
disease_progression 
H-positive risk:  801 868 115 1008 373 104 1019 364 136 40 116 56 
H-negative risk:  868 801 1019 1008 364 373 104 115 116 136 56 40 
New BC onsets:  0
BC status:  4892 108 
BC subtype:  4892 82 26 

clinical_engagement 
diagnosis 
demography 
68 new agents 
12 dtreferralsatt12 smreferralsatt71 
disease_progression 
H-positive risk:  804 868 115 1007 373 105 1021 358 139 37 117 56 
H-negative risk:  868 804 1021 1007 358 373 105 115 117 139 56 37 
New BC onsets:  0
BC status:  4896 104 
BC subtype:  4896 80 24 

clinical_engagement 
diagnosis 
demography 
67 new agents 
15 dtreferralsatt15 smreferralsatt72 
disease_progression 
H-positive risk:  810 873 116 1002 374 106 1010 360 139 38 118 54 
H-negative risk:  873 810 1010 1002 360 374 106 116 118 139 54 38 
New BC onsets:  0
BC status:  4894 106 
BC subtype:  4894 82 24 

clinical_engagement 
diagnosis 
demography 
66 new agents 
20 dtreferralsatt20 smreferralsatt73 
disease_progression 
H-positive risk:  769 831 110 1047 366 97 1051 368 147 38 122 54 
H-negative risk:  831 769 1051 1047 368 366 97 110 122 147 54 38 
New BC onsets:  0
BC status:  4895 105 
BC subtype:  4895 80 25 

clinical_engagement 
diagnosis 
demography 
117 new agents 
16 dtreferralsatt16 smreferralsatt74 
disease_progression 
H-positive risk:  771 841 111 1035 368 99 1028 384 145 43 123 52 
H-negative risk:  841 771 1028 1035 384 368 99 111 123 145 52 43 
New BC onsets:  0
BC status:  4895 105 
BC subtype:  4895 81 24 

clinical_engagement 
diagnosis 
demography 
86 new agents 
11 dtreferralsatt11 smreferralsatt75 
disease_progression 
H-positive risk:  774 838 113 1032 373 100 1023 382 149 43 121 52 
H-negative risk:  838 774 1023 1032 382 373 100 113 121 149 52 43 
New BC onsets:  0
BC status:  4896 104 
BC subtype:  4896 83 21 

clinical_engagement 
diagnosis 
demography 
73 new agents 
8 dtreferralsatt8 smreferralsatt76 
disease_progression 
H-positive risk:  783 845 112 1027 373 100 1020 372 147 44 123 54 
H-negative risk:  845 783 1020 1027 372 373 100 112 123 147 54 44 
New BC onsets:  0
BC status:  4894 106 
BC subtype:  4894 85 21 

clinical_engagement 
diagnosis 
demography 
75 new agents 
9 dtreferralsatt9 smreferralsatt77 
disease_progression 
H-positive risk:  791 854 112 1026 366 99 1014 371 148 42 123 54 
H-negative risk:  854 791 1014 1026 371 366 99 112 123 148 54 42 
New BC onsets:  0
BC status:  4892 108 
BC subtype:  4892 87 21 

clinical_engagement 
diagnosis 
demography 
58 new agents 
6 dtreferralsatt6 smreferralsatt78 
disease_progression 
H-positive risk:  793 855 114 1030 361 99 1020 364 142 44 123 55 
H-negative risk:  855 793 1020 1030 364 361 99 114 123 142 55 44 
New BC onsets:  0
BC status:  4891 109 
BC subtype:  4891 88 21 

clinical_engagement 
diagnosis 
demography 
78 new agents 
10 dtreferralsatt10 smreferralsatt79 
disease_progression 
H-positive risk:  804 854 113 1028 362 98 1014 358 144 45 126 54 
H-negative risk:  854 804 1014 1028 358 362 98 113 126 144 54 45 
New BC onsets:  0
BC status:  4889 111 
BC subtype:  4889 89 22 

clinical_engagement 
diagnosis 
demography 
79 new agents 
13 dtreferralsatt13 smreferralsatt80 
disease_progression 
H-positive risk:  807 854 112 1033 354 98 1014 357 143 48 128 52 
H-negative risk:  854 807 1014 1033 357 354 98 112 128 143 52 48 
New BC onsets:  0
BC status:  4890 110 
BC subtype:  4890 89 21 

clinical_engagement 
diagnosis 
demography 
68 new agents 
13 dtreferralsatt13 smreferralsatt81 
disease_progression 
H-positive risk:  802 859 112 1026 354 99 1020 358 141 49 127 53 
H-negative risk:  859 802 1020 1026 358 354 99 112 127 141 53 49 
New BC onsets:  0
BC status:  4890 110 
BC subtype:  4890 89 21 

clinical_engagement 
diagnosis 
demography 
72 new agents 
15 dtreferralsatt15 smreferralsatt82 
disease_progression 
H-positive risk:  800 860 116 1028 352 99 1017 357 137 52 128 54 
H-negative risk:  860 800 1017 1028 357 352 99 116 128 137 54 52 
New BC onsets:  0
BC status:  4888 112 
BC subtype:  4888 91 21 

clinical_engagement 
diagnosis 
demography 
54 new agents 
7 dtreferralsatt7 smreferralsatt83 
disease_progression 
H-positive risk:  797 864 115 1024 351 101 1021 356 137 49 130 55 
H-negative risk:  864 797 1021 1024 356 351 101 115 130 137 55 49 
New BC onsets:  0
BC status:  4887 113 
BC subtype:  4887 92 21 

clinical_engagement 
diagnosis 
demography 
79 new agents 
10 dtreferralsatt10 smreferralsatt84 
disease_progression 
H-positive risk:  795 859 118 1037 344 99 1017 360 135 50 131 55 
H-negative risk:  859 795 1017 1037 360 344 99 118 131 135 55 50 
New BC onsets:  0
BC status:  4889 111 
BC subtype:  4889 90 21 

clinical_engagement 
diagnosis 
demography 
68 new agents 
4 dtreferralsatt4 smreferralsatt85 
disease_progression 
H-positive risk:  748 829 110 1075 350 100 1053 358 133 49 139 56 
H-negative risk:  829 748 1053 1075 358 350 100 110 139 133 56 49 
New BC onsets:  0
BC status:  4893 107 
BC subtype:  4893 86 21 

clinical_engagement 
diagnosis 
demography 
98 new agents 
12 dtreferralsatt12 smreferralsatt86 
disease_progression 
H-positive risk:  747 831 112 1061 372 103 1022 382 129 53 133 55 
H-negative risk:  831 747 1022 1061 382 372 103 112 133 129 55 53 
New BC onsets:  0
BC status:  4893 107 
BC subtype:  4893 88 19 

clinical_engagement 
diagnosis 
demography 
91 new agents 
11 dtreferralsatt11 smreferralsatt87 
disease_progression 
H-positive risk:  749 836 110 1062 371 107 1021 378 125 55 131 55 
H-negative risk:  836 749 1021 1062 378 371 107 110 131 125 55 55 
New BC onsets:  0
BC status:  4888 112 
BC subtype:  4888 91 21 

clinical_engagement 
diagnosis 
demography 
67 new agents 
14 dtreferralsatt14 smreferralsatt88 
disease_progression 
H-positive risk:  752 840 110 1063 365 112 1021 375 123 56 127 56 
H-negative risk:  840 752 1021 1063 375 365 112 110 127 123 56 56 
New BC onsets:  0
BC status:  4890 110 
BC subtype:  4890 92 18 

clinical_engagement 
diagnosis 
demography 
61 new agents 
5 dtreferralsatt5 smreferralsatt89 
disease_progression 
H-positive risk:  751 841 112 1060 374 112 1013 379 124 55 124 55 
H-negative risk:  841 751 1013 1060 379 374 112 112 124 124 55 55 
New BC onsets:  0
BC status:  4887 113 
BC subtype:  4887 95 18 

clinical_engagement 
diagnosis 
demography 
66 new agents 
9 dtreferralsatt9 smreferralsatt90 
disease_progression 
H-positive risk:  752 845 114 1053 368 112 1012 379 127 55 126 57 
H-negative risk:  845 752 1012 1053 379 368 112 114 126 127 57 55 
New BC onsets:  0
BC status:  4885 115 
BC subtype:  4885 94 21 

clinical_engagement 
diagnosis 
demography 
58 new agents 
10 dtreferralsatt10 smreferralsatt91 
disease_progression 
H-positive risk:  751 852 117 1052 362 109 1013 378 127 55 127 57 
H-negative risk:  852 751 1013 1052 378 362 109 117 127 127 57 55 
New BC onsets:  0
BC status:  4882 118 
BC subtype:  4882 98 20 

clinical_engagement 
diagnosis 
demography 
86 new agents 
8 dtreferralsatt8 smreferralsatt92 
disease_progression 
H-positive risk:  756 845 118 1053 361 110 1011 385 124 54 128 55 
H-negative risk:  845 756 1011 1053 385 361 110 118 128 124 55 54 
New BC onsets:  0
BC status:  4885 115 
BC subtype:  4885 93 22 

clinical_engagement 
diagnosis 
demography 
77 new agents 
7 dtreferralsatt7 smreferralsatt93 
disease_progression 
H-positive risk:  759 848 116 1043 361 110 1015 385 123 54 129 57 
H-negative risk:  848 759 1015 1043 385 361 110 116 129 123 57 54 
New BC onsets:  0
BC status:  4887 113 
BC subtype:  4887 92 21 

clinical_engagement 
diagnosis 
demography 
66 new agents 
13 dtreferralsatt13 smreferralsatt94 
disease_progression 
H-positive risk:  761 843 113 1043 364 109 1017 389 123 53 130 55 
H-negative risk:  843 761 1017 1043 389 364 109 113 130 123 55 53 
New BC onsets:  0
BC status:  4888 112 
BC subtype:  4888 92 20 

clinical_engagement 
diagnosis 
demography 
61 new agents 
14 dtreferralsatt14 smreferralsatt95 
disease_progression 
H-positive risk:  754 842 111 1043 368 110 1022 387 123 54 129 57 
H-negative risk:  842 754 1022 1043 387 368 110 111 129 123 57 54 
New BC onsets:  0
BC status:  4892 108 
BC subtype:  4892 88 20 

clinical_engagement 
diagnosis 
demography 
74 new agents 
11 dtreferralsatt11 smreferralsatt96 
disease_progression 
H-positive risk:  765 835 113 1045 367 111 1015 388 120 57 126 58 
H-negative risk:  835 765 1015 1045 388 367 111 113 126 120 58 57 
New BC onsets:  0
BC status:  4891 109 
BC subtype:  4891 89 20 

clinical_engagement 
diagnosis 
demography 
70 new agents 
13 dtreferralsatt13 smreferralsatt97 
disease_progression 
H-positive risk:  734 781 109 1097 365 106 1047 391 127 55 131 57 
H-negative risk:  781 734 1047 1097 391 365 106 109 131 127 57 55 
New BC onsets:  0
BC status:  4891 109 
BC subtype:  4891 89 20 

clinical_engagement 
diagnosis 
demography 
113 new agents 
8 dtreferralsatt8 smreferralsatt98 
disease_progression 
H-positive risk:  732 781 113 1084 374 106 1035 405 129 57 128 56 
H-negative risk:  781 732 1035 1084 405 374 106 113 128 129 56 57 
New BC onsets:  0
BC status:  4892 108 
BC subtype:  4892 88 20 

clinical_engagement 
diagnosis 
demography 
80 new agents 
12 dtreferralsatt12 smreferralsatt99 
disease_progression 
H-positive risk:  733 787 112 1086 373 107 1022 411 127 57 131 54 
H-negative risk:  787 733 1022 1086 411 373 107 112 131 127 54 57 
New BC onsets:  0
BC status:  4892 108 
BC subtype:  4892 86 22 

clinical_engagement 
diagnosis 
demography 
82 new agents 
7 dtreferralsatt7 smreferralsatt100 
disease_progression 
H-positive risk:  737 788 112 1075 368 98 1030 416 132 59 132 53 
H-negative risk:  788 737 1030 1075 416 368 98 112 132 132 53 59 
New BC onsets:  0
BC status:  4891 109 
BC subtype:  4891 87 22 

clinical_engagement 
diagnosis 
demography 
68 new agents 
12 dtreferralsatt12 smreferralsatt101 
disease_progression 
H-positive risk:  734 789 111 1064 368 100 1032 421 135 59 136 51 
H-negative risk:  789 734 1032 1064 421 368 100 111 136 135 51 59 
New BC onsets:  0
BC status:  4890 110 
BC subtype:  4890 88 22 

clinical_engagement 
diagnosis 
demography 
61 new agents 
15 dtreferralsatt15 smreferralsatt102 
disease_progression 
H-positive risk:  738 782 111 1066 364 100 1037 417 136 61 137 51 
H-negative risk:  782 738 1037 1066 417 364 100 111 137 136 51 61 
New BC onsets:  0
BC status:  4888 112 
BC subtype:  4888 91 21 

clinical_engagement 
diagnosis 
demography 
85 new agents 
12 dtreferralsatt12 smreferralsatt103 
disease_progression 
H-positive risk:  743 778 111 1071 358 101 1044 411 138 61 135 49 
H-negative risk:  778 743 1044 1071 411 358 101 111 135 138 49 61 
New BC onsets:  0
BC status:  4887 113 
BC subtype:  4887 92 21 

clinical_engagement 
diagnosis 
demography 
63 new agents 
13 dtreferralsatt13 smreferralsatt104 
disease_progression 
H-positive risk:  745 780 112 1072 356 100 1050 403 140 59 134 49 
H-negative risk:  780 745 1050 1072 403 356 100 112 134 140 49 59 
New BC onsets:  0
BC status:  4887 113 
BC subtype:  4887 92 21 

clinical_engagement 
diagnosis 
demography 
60 new agents 
5 dtreferralsatt5 smreferralsatt105 
disease_progression 
H-positive risk:  746 772 112 1073 352 98 1053 406 144 60 136 48 
H-negative risk:  772 746 1053 1073 406 352 98 112 136 144 48 60 
New BC onsets:  0
BC status:  4888 112 
BC subtype:  4888 91 21 

clinical_engagement 
diagnosis 
demography 
70 new agents 
12 dtreferralsatt12 smreferralsatt106 
disease_progression 
H-positive risk:  745 773 111 1075 352 100 1051 408 142 59 138 46 
H-negative risk:  773 745 1051 1075 408 352 100 111 138 142 46 59 
New BC onsets:  0
BC status:  4888 112 
BC subtype:  4888 91 21 

clinical_engagement 
diagnosis 
demography 
66 new agents 
15 dtreferralsatt15 smreferralsatt107 
disease_progression 
H-positive risk:  742 778 114 1061 355 97 1047 416 143 61 138 48 
H-negative risk:  778 742 1047 1061 416 355 97 114 138 143 48 61 
New BC onsets:  0
BC status:  4884 116 
BC subtype:  4884 95 21 

clinical_engagement 
diagnosis 
demography 
71 new agents 
11 dtreferralsatt11 smreferralsatt108 
disease_progression 
H-positive risk:  744 784 111 1053 352 95 1050 418 144 61 139 49 
H-negative risk:  784 744 1050 1053 418 352 95 111 139 144 49 61 
New BC onsets:  0
BC status:  4887 113 
BC subtype:  4887 93 20 

clinical_engagement 
diagnosis 
demography 
89 new agents 
13 dtreferralsatt13 smreferralsatt109 
disease_progression 
H-positive risk:  702 728 100 1113 347 92 1087 421 150 62 149 49 
H-negative risk:  728 702 1087 1113 421 347 92 100 149 150 49 62 
New BC onsets:  0
BC status:  4883 117 
BC subtype:  4883 94 23 

clinical_engagement 
diagnosis 
demography 
110 new agents 
12 dtreferralsatt12 smreferralsatt110 
disease_progression 
H-positive risk:  701 733 100 1101 351 95 1084 421 147 64 150 53 
H-negative risk:  733 701 1084 1101 421 351 95 100 150 147 53 64 
New BC onsets:  0
BC status:  4886 114 
BC subtype:  4886 89 25 

clinical_engagement 
diagnosis 
demography 
78 new agents 
8 dtreferralsatt8 smreferralsatt111 
disease_progression 
H-positive risk:  700 727 101 1102 354 93 1089 419 150 65 147 53 
H-negative risk:  727 700 1089 1102 419 354 93 101 147 150 53 65 
New BC onsets:  0
BC status:  4886 114 
BC subtype:  4886 87 27 

clinical_engagement 
diagnosis 
demography 
58 new agents 
13 dtreferralsatt13 smreferralsatt112 
disease_progression 
H-positive risk:  701 728 103 1102 355 94 1088 415 150 62 147 55 
H-negative risk:  728 701 1088 1102 415 355 94 103 147 150 55 62 
New BC onsets:  0
BC status:  4889 111 
BC subtype:  4889 84 27 

clinical_engagement 
diagnosis 
demography 
88 new agents 
9 dtreferralsatt9 smreferralsatt113 
disease_progression 
H-positive risk:  705 730 101 1097 359 94 1085 413 153 60 148 55 
H-negative risk:  730 705 1085 1097 413 359 94 101 148 153 55 60 
New BC onsets:  0
BC status:  4887 113 
BC subtype:  4887 86 27 

clinical_engagement 
diagnosis 
demography 
70 new agents 
13 dtreferralsatt13 smreferralsatt114 
disease_progression 
H-positive risk:  708 743 102 1085 355 92 1081 412 156 60 146 60 
H-negative risk:  743 708 1081 1085 412 355 92 102 146 156 60 60 
New BC onsets:  0
BC status:  4883 117 
BC subtype:  4883 88 29 

clinical_engagement 
diagnosis 
demography 
89 new agents 
12 dtreferralsatt12 smreferralsatt115 
disease_progression 
H-positive risk:  711 741 101 1088 354 90 1080 415 155 62 143 60 
H-negative risk:  741 711 1080 1088 415 354 90 101 143 155 60 62 
New BC onsets:  0
BC status:  4886 114 
BC subtype:  4886 86 28 

clinical_engagement 
diagnosis 
demography 
57 new agents 
8 dtreferralsatt8 smreferralsatt116 
disease_progression 
H-positive risk:  714 740 100 1078 356 91 1084 414 157 61 147 58 
H-negative risk:  740 714 1084 1078 414 356 91 100 147 157 58 61 
New BC onsets:  0
BC status:  4887 113 
BC subtype:  4887 85 28 

clinical_engagement 
diagnosis 
demography 
74 new agents 
5 dtreferralsatt5 smreferralsatt117 
disease_progression 
H-positive risk:  708 747 102 1079 358 91 1079 417 157 58 147 57 
H-negative risk:  747 708 1079 1079 417 358 91 102 147 157 57 58 
New BC onsets:  0
BC status:  4886 114 
BC subtype:  4886 85 29 

clinical_engagement 
diagnosis 
demography 
69 new agents 
8 dtreferralsatt8 smreferralsatt118 
disease_progression 
H-positive risk:  715 743 102 1084 366 91 1076 410 156 57 145 55 
H-negative risk:  743 715 1076 1084 410 366 91 102 145 156 55 57 
New BC onsets:  0
BC status:  4884 116 
BC subtype:  4884 87 29 

clinical_engagement 
diagnosis 
demography 
60 new agents 
13 dtreferralsatt13 smreferralsatt119 
disease_progression 
H-positive risk:  713 739 102 1087 365 93 1073 415 155 57 147 54 
H-negative risk:  739 713 1073 1087 415 365 93 102 147 155 54 57 
New BC onsets:  0
BC status:  4883 117 
BC subtype:  4883 88 29 

clinical_engagement 
diagnosis 
demography 
79 new agents 
7 dtreferralsatt7 smreferralsatt120 
disease_progression 
H-positive risk:  716 741 102 1079 367 92 1069 415 158 59 149 53 
H-negative risk:  741 716 1069 1079 415 367 92 102 149 158 53 59 
New BC onsets:  0
BC status:  4884 116 
BC subtype:  4884 87 29 

clinical_engagement 
diagnosis 
demography 
74 new agents 
10 dtreferralsatt10 smreferralsatt121 
disease_progression 
H-positive risk:  663 688 102 1144 362 87 1124 405 164 57 149 55 
H-negative risk:  688 663 1124 1144 405 362 87 102 149 164 55 57 
New BC onsets:  0
BC status:  4884 116 
BC subtype:  4884 88 28 

clinical_engagement 
diagnosis 
demography 
107 new agents 
7 dtreferralsatt7 smreferralsatt122 
disease_progression 
H-positive risk:  659 686 103 1139 365 82 1117 422 166 54 150 57 
H-negative risk:  686 659 1117 1139 422 365 82 103 150 166 57 54 
New BC onsets:  0
BC status:  4886 114 
BC subtype:  4886 85 29 

clinical_engagement 
diagnosis 
demography 
69 new agents 
13 dtreferralsatt13 smreferralsatt123 
disease_progression 
H-positive risk:  668 681 105 1143 366 81 1119 416 167 52 143 59 
H-negative risk:  681 668 1119 1143 416 366 81 105 143 167 59 52 
New BC onsets:  0
BC status:  4884 116 
BC subtype:  4884 85 31 

clinical_engagement 
diagnosis 
demography 
66 new agents 
6 dtreferralsatt6 smreferralsatt124 
disease_progression 
H-positive risk:  679 679 105 1138 367 82 1112 418 165 52 143 60 
H-negative risk:  679 679 1112 1138 418 367 82 105 143 165 60 52 
New BC onsets:  0
BC status:  4887 113 
BC subtype:  4887 83 30 

clinical_engagement 
diagnosis 
demography 
63 new agents 
7 dtreferralsatt7 smreferralsatt125 
disease_progression 
H-positive risk:  674 674 105 1137 367 85 1115 424 166 51 144 58 
H-negative risk:  674 674 1115 1137 424 367 85 105 144 166 58 51 
New BC onsets:  0
BC status:  4887 113 
BC subtype:  4887 83 30 

clinical_engagement 
diagnosis 
demography 
82 new agents 
12 dtreferralsatt12 smreferralsatt126 
disease_progression 
H-positive risk:  674 672 103 1142 367 87 1115 420 166 51 147 56 
H-negative risk:  672 674 1115 1142 420 367 87 103 147 166 56 51 
New BC onsets:  0
BC status:  4890 110 
BC subtype:  4890 82 28 

clinical_engagement 
diagnosis 
demography 
59 new agents 
9 dtreferralsatt9 smreferralsatt127 
disease_progression 
H-positive risk:  662 671 100 1140 379 85 1120 420 171 48 149 55 
H-negative risk:  671 662 1120 1140 420 379 85 100 149 171 55 48 
New BC onsets:  0
BC status:  4891 109 
BC subtype:  4891 81 28 

clinical_engagement 
diagnosis 
demography 
78 new agents 
18 dtreferralsatt18 smreferralsatt128 
disease_progression 
H-positive risk:  654 669 103 1133 385 85 1128 417 175 45 153 53 
H-negative risk:  669 654 1128 1133 417 385 85 103 153 175 53 45 
New BC onsets:  0
BC status:  4890 110 
BC subtype:  4890 82 28 

clinical_engagement 
diagnosis 
demography 
72 new agents 
11 dtreferralsatt11 smreferralsatt129 
disease_progression 
H-positive risk:  652 667 101 1142 377 86 1135 417 175 46 152 50 
H-negative risk:  667 652 1135 1142 417 377 86 101 152 175 50 46 
New BC onsets:  0
BC status:  4885 115 
BC subtype:  4885 86 29 

clinical_engagement 
diagnosis 
demography 
70 new agents 
16 dtreferralsatt16 smreferralsatt130 
disease_progression 
H-positive risk:  658 675 102 1132 375 84 1127 424 180 44 149 50 
H-negative risk:  675 658 1127 1132 424 375 84 102 149 180 50 44 
New BC onsets:  0
BC status:  4886 114 
BC subtype:  4886 83 31 

clinical_engagement 
diagnosis 
demography 
80 new agents 
11 dtreferralsatt11 smreferralsatt131 
disease_progression 
H-positive risk:  658 682 101 1138 370 84 1118 430 177 45 147 50 
H-negative risk:  682 658 1118 1138 430 370 84 101 147 177 50 45 
New BC onsets:  0
BC status:  4885 115 
BC subtype:  4885 85 30 

clinical_engagement 
diagnosis 
demography 
73 new agents 
12 dtreferralsatt12 smreferralsatt132 
disease_progression 
H-positive risk:  655 695 102 1127 372 82 1130 420 176 46 146 49 
H-negative risk:  695 655 1130 1127 420 372 82 102 146 176 49 46 
New BC onsets:  0
BC status:  4884 116 
BC subtype:  4884 85 31 

clinical_engagement 
diagnosis 
demography 
71 new agents 
4 dtreferralsatt4 smreferralsatt133 
disease_progression 
H-positive risk:  653 695 103 1132 371 82 1136 413 174 46 146 49 
H-negative risk:  695 653 1136 1132 413 371 82 103 146 174 49 46 
New BC onsets:  0
BC status:  4885 115 
BC subtype:  4885 83 32 

clinical_engagement 
diagnosis 
demography 
90 new agents 
11 dtreferralsatt11 smreferralsatt134 
disease_progression 
H-positive risk:  654 686 103 1126 388 83 1128 417 173 44 150 48 
H-negative risk:  686 654 1128 1126 417 388 83 103 150 173 48 44 
New BC onsets:  0
BC status:  4886 114 
BC subtype:  4886 82 32 

clinical_engagement 
diagnosis 
demography 
83 new agents 
9 dtreferralsatt9 smreferralsatt135 
disease_progression 
H-positive risk:  650 685 101 1127 387 83 1125 427 169 49 151 46 
H-negative risk:  685 650 1125 1127 427 387 83 101 151 169 46 49 
New BC onsets:  0
BC status:  4887 113 
BC subtype:  4887 81 32 

clinical_engagement 
diagnosis 
demography 
100 new agents 
7 dtreferralsatt7 smreferralsatt136 
disease_progression 
H-positive risk:  654 683 104 1129 388 84 1131 415 167 50 149 46 
H-negative risk:  683 654 1131 1129 415 388 84 104 149 167 46 50 
New BC onsets:  0
BC status:  4885 115 
BC subtype:  4885 85 30 

clinical_engagement 
diagnosis 
demography 
76 new agents 
15 dtreferralsatt15 smreferralsatt137 
disease_progression 
H-positive risk:  651 684 104 1127 388 84 1132 416 168 50 151 45 
H-negative risk:  684 651 1132 1127 416 388 84 104 151 168 45 50 
New BC onsets:  0
BC status:  4884 116 
BC subtype:  4884 85 31 

clinical_engagement 
diagnosis 
demography 
57 new agents 
4 dtreferralsatt4 smreferralsatt138 
disease_progression 
H-positive risk:  646 688 103 1125 387 84 1132 422 165 52 151 45 
H-negative risk:  688 646 1132 1125 422 387 84 103 151 165 45 52 
New BC onsets:  0
BC status:  4884 116 
BC subtype:  4884 86 30 

clinical_engagement 
diagnosis 
demography 
72 new agents 
7 dtreferralsatt7 smreferralsatt139 
disease_progression 
H-positive risk:  646 698 101 1118 383 89 1132 417 166 51 156 43 
H-negative risk:  698 646 1132 1118 417 383 89 101 156 166 43 51 
New BC onsets:  0
BC status:  4881 119 
BC subtype:  4881 89 30 

clinical_engagement 
diagnosis 
demography 
70 new agents 
10 dtreferralsatt10 smreferralsatt140 
disease_progression 
H-positive risk:  650 698 98 1121 377 86 1135 416 167 51 158 43 
H-negative risk:  698 650 1135 1121 416 377 86 98 158 167 43 51 
New BC onsets:  0
BC status:  4879 121 
BC subtype:  4879 94 27 

clinical_engagement 
diagnosis 
demography 
74 new agents 
8 dtreferralsatt8 smreferralsatt141 
disease_progression 
H-positive risk:  652 692 97 1121 382 83 1137 416 168 52 156 44 
H-negative risk:  692 652 1137 1121 416 382 83 97 156 168 44 52 
New BC onsets:  0
BC status:  4881 119 
BC subtype:  4881 92 27 

clinical_engagement 
diagnosis 
demography 
66 new agents 
11 dtreferralsatt11 smreferralsatt142 
disease_progression 
H-positive risk:  653 688 98 1119 383 84 1132 421 165 55 158 44 
H-negative risk:  688 653 1132 1119 421 383 84 98 158 165 44 55 
New BC onsets:  0
BC status:  4877 123 
BC subtype:  4877 95 28 

clinical_engagement 
diagnosis 
demography 
78 new agents 
21 dtreferralsatt21 smreferralsatt143 
disease_progression 
H-positive risk:  663 690 99 1113 385 85 1136 410 166 53 158 42 
H-negative risk:  690 663 1136 1113 410 385 85 99 158 166 42 53 
New BC onsets:  0
BC status:  4878 122 
BC subtype:  4878 94 28 

clinical_engagement 
diagnosis 
demography 
68 new agents 
7 dtreferralsatt7 smreferralsatt144 
disease_progression 
H-positive risk:  658 688 96 1120 387 83 1139 413 164 51 159 42 
H-negative risk:  688 658 1139 1120 413 387 83 96 159 164 42 51 
New BC onsets:  0
BC status:  4879 121 
BC subtype:  4879 93 28 

clinical_engagement 
diagnosis 
demography 
78 new agents 
10 dtreferralsatt10 smreferralsatt145 
disease_progression 
H-positive risk:  654 695 94 1119 387 85 1142 404 167 48 161 44 
H-negative risk:  695 654 1142 1119 404 387 85 94 161 167 44 48 
New BC onsets:  0
BC status:  4882 118 
BC subtype:  4882 88 30 

clinical_engagement 
diagnosis 
demography 
92 new agents 
12 dtreferralsatt12 smreferralsatt146 
disease_progression 
H-positive risk:  657 701 92 1116 395 83 1121 417 165 51 160 42 
H-negative risk:  701 657 1121 1116 417 395 83 92 160 165 42 51 
New BC onsets:  0
BC status:  4886 114 
BC subtype:  4886 84 30 

clinical_engagement 
diagnosis 
demography 
74 new agents 
10 dtreferralsatt10 smreferralsatt147 
disease_progression 
H-positive risk:  656 704 90 1116 398 88 1116 414 164 52 160 42 
H-negative risk:  704 656 1116 1116 414 398 88 90 160 164 42 52 
New BC onsets:  0
BC status:  4889 111 
BC subtype:  4889 82 29 

clinical_engagement 
diagnosis 
demography 
72 new agents 
8 dtreferralsatt8 smreferralsatt148 
disease_progression 
H-positive risk:  652 713 91 1114 399 85 1111 413 165 53 161 43 
H-negative risk:  713 652 1111 1114 413 399 85 91 161 165 43 53 
New BC onsets:  0
BC status:  4890 110 
BC subtype:  4890 80 30 

clinical_engagement 
diagnosis 
demography 
76 new agents 
5 dtreferralsatt5 smreferralsatt149 
disease_progression 
H-positive risk:  656 706 92 1116 398 81 1120 409 168 53 160 41 
H-negative risk:  706 656 1120 1116 409 398 81 92 160 168 41 53 
New BC onsets:  0
BC status:  4894 106 
BC subtype:  4894 78 28 

clinical_engagement 
diagnosis 
demography 
86 new agents 
13 dtreferralsatt13 smreferralsatt150 
disease_progression 
H-positive risk:  664 706 93 1103 400 84 1128 407 168 51 157 39 
H-negative risk:  706 664 1128 1103 407 400 84 93 157 168 39 51 
New BC onsets:  0
BC status:  4896 104 
BC subtype:  4896 76 28 

clinical_engagement 
diagnosis 
demography 
77 new agents 
9 dtreferralsatt9 smreferralsatt151 
disease_progression 
H-positive risk:  663 710 97 1097 399 84 1130 405 172 48 155 40 
H-negative risk:  710 663 1130 1097 405 399 84 97 155 172 40 48 
New BC onsets:  0
BC status:  4897 103 
BC subtype:  4897 76 27 

clinical_engagement 
diagnosis 
demography 
71 new agents 
10 dtreferralsatt10 smreferralsatt152 
disease_progression 
H-positive risk:  658 713 96 1105 396 82 1136 397 169 47 161 40 
H-negative risk:  713 658 1136 1105 397 396 82 96 161 169 40 47 
New BC onsets:  0
BC status:  4899 101 
BC subtype:  4899 74 27 

clinical_engagement 
diagnosis 
demography 
66 new agents 
12 dtreferralsatt12 smreferralsatt153 
disease_progression 
H-positive risk:  655 722 94 1107 392 84 1134 396 169 48 159 40 
H-negative risk:  722 655 1134 1107 396 392 84 94 159 169 40 48 
New BC onsets:  0
BC status:  4900 100 
BC subtype:  4900 75 25 

clinical_engagement 
diagnosis 
demography 
73 new agents 
17 dtreferralsatt17 smreferralsatt154 
disease_progression 
H-positive risk:  661 721 93 1107 386 82 1134 398 171 47 161 39 
H-negative risk:  721 661 1134 1107 398 386 82 93 161 171 39 47 
New BC onsets:  0
BC status:  4905 95 
BC subtype:  4905 71 24 

clinical_engagement 
diagnosis 
demography 
56 new agents 
12 dtreferralsatt12 smreferralsatt155 
disease_progression 
H-positive risk:  664 718 92 1103 388 82 1133 400 166 48 166 40 
H-negative risk:  718 664 1133 1103 400 388 82 92 166 166 40 48 
New BC onsets:  0
BC status:  4903 97 
BC subtype:  4903 73 24 

clinical_engagement 
diagnosis 
demography 
61 new agents 
11 dtreferralsatt11 smreferralsatt156 
disease_progression 
H-positive risk:  664 706 91 1117 387 80 1126 400 167 52 168 42 
H-negative risk:  706 664 1126 1117 400 387 80 91 168 167 42 52 
New BC onsets:  0
BC status:  4906 94 
BC subtype:  4906 70 24 

clinical_engagement 
diagnosis 
demography 
91 new agents 
13 dtreferralsatt13 smreferralsatt157 
disease_progression 
H-positive risk:  669 703 90 1119 381 82 1123 401 168 53 167 44 
H-negative risk:  703 669 1123 1119 401 381 82 90 167 168 44 53 
New BC onsets:  0
BC status:  4905 95 
BC subtype:  4905 70 25 

clinical_engagement 
diagnosis 
demography 
100 new agents 
12 dtreferralsatt12 smreferralsatt158 
disease_progression 
H-positive risk:  669 694 92 1120 391 81 1116 403 166 54 168 46 
H-negative risk:  694 669 1116 1120 403 391 81 92 168 166 46 54 
New BC onsets:  0
BC status:  4903 97 
BC subtype:  4903 73 24 

clinical_engagement 
diagnosis 
demography 
80 new agents 
6 dtreferralsatt6 smreferralsatt159 
disease_progression 
H-positive risk:  674 692 94 1126 387 82 1113 402 166 53 167 44 
H-negative risk:  692 674 1113 1126 402 387 82 94 167 166 44 53 
New BC onsets:  0
BC status:  4902 98 
BC subtype:  4902 74 24 

clinical_engagement 
diagnosis 
demography 
64 new agents 
9 dtreferralsatt9 smreferralsatt160 
disease_progression 
H-positive risk:  670 687 94 1127 387 82 1116 406 164 53 171 43 
H-negative risk:  687 670 1116 1127 406 387 82 94 171 164 43 53 
New BC onsets:  0
BC status:  4901 99 
BC subtype:  4901 75 24 

clinical_engagement 
diagnosis 
demography 
79 new agents 
9 dtreferralsatt9 smreferralsatt161 
disease_progression 
H-positive risk:  674 680 96 1133 392 85 1107 401 165 51 173 43 
H-negative risk:  680 674 1107 1133 401 392 85 96 173 165 43 51 
New BC onsets:  0
BC status:  4898 102 
BC subtype:  4898 79 23 

clinical_engagement 
diagnosis 
demography 
66 new agents 
8 dtreferralsatt8 smreferralsatt162 
disease_progression 
H-positive risk:  671 686 95 1130 393 84 1107 401 167 51 172 43 
H-negative risk:  686 671 1107 1130 401 393 84 95 172 167 43 51 
New BC onsets:  0
BC status:  4896 104 
BC subtype:  4896 82 22 

clinical_engagement 
diagnosis 
demography 
54 new agents 
8 dtreferralsatt8 smreferralsatt163 
disease_progression 
H-positive risk:  673 683 96 1130 390 84 1105 405 169 52 172 41 
H-negative risk:  683 673 1105 1130 405 390 84 96 172 169 41 52 
New BC onsets:  0
BC status:  4901 99 
BC subtype:  4901 77 22 

clinical_engagement 
diagnosis 
demography 
68 new agents 
13 dtreferralsatt13 smreferralsatt164 
disease_progression 
H-positive risk:  666 677 102 1130 392 85 1114 402 168 52 173 39 
H-negative risk:  677 666 1114 1130 402 392 85 102 173 168 39 52 
New BC onsets:  0
BC status:  4894 106 
BC subtype:  4894 82 24 

clinical_engagement 
diagnosis 
demography 
59 new agents 
9 dtreferralsatt9 smreferralsatt165 
disease_progression 
H-positive risk:  663 676 103 1126 394 86 1126 397 166 53 172 38 
H-negative risk:  676 663 1126 1126 397 394 86 103 172 166 38 53 
New BC onsets:  0
BC status:  4894 106 
BC subtype:  4894 81 25 

clinical_engagement 
diagnosis 
demography 
82 new agents 
11 dtreferralsatt11 smreferralsatt166 
disease_progression 
H-positive risk:  667 677 100 1121 402 89 1136 387 164 50 170 37 
H-negative risk:  677 667 1136 1121 387 402 89 100 170 164 37 50 
New BC onsets:  0
BC status:  4894 106 
BC subtype:  4894 82 24 

clinical_engagement 
diagnosis 
demography 
73 new agents 
4 dtreferralsatt4 smreferralsatt167 
disease_progression 
H-positive risk:  677 680 102 1111 400 87 1134 386 164 52 167 40 
H-negative risk:  680 677 1134 1111 386 400 87 102 167 164 40 52 
New BC onsets:  0
BC status:  4893 107 
BC subtype:  4893 83 24 

clinical_engagement 
diagnosis 
demography 
41 new agents 
14 dtreferralsatt14 smreferralsatt168 
disease_progression 
H-positive risk:  671 677 101 1114 402 86 1139 382 165 55 166 42 
H-negative risk:  677 671 1139 1114 382 402 86 101 166 165 42 55 
New BC onsets:  0
BC status:  4896 104 
BC subtype:  4896 79 25 

clinical_engagement 
diagnosis 
demography 
82 new agents 
6 dtreferralsatt6 smreferralsatt169 
disease_progression 
H-positive risk:  670 671 105 1111 398 83 1144 385 168 57 167 41 
H-negative risk:  671 670 1144 1111 385 398 83 105 167 168 41 57 
New BC onsets:  0
BC status:  4897 103 
BC subtype:  4897 76 27 

clinical_engagement 
diagnosis 
demography 
90 new agents 
15 dtreferralsatt15 smreferralsatt170 
disease_progression 
H-positive risk:  666 666 104 1098 410 83 1138 395 170 58 169 43 
H-negative risk:  666 666 1138 1098 395 410 83 104 169 170 43 58 
New BC onsets:  0
BC status:  4900 100 
BC subtype:  4900 73 27 

clinical_engagement 
diagnosis 
demography 
80 new agents 
12 dtreferralsatt12 smreferralsatt171 
disease_progression 
H-positive risk:  669 661 106 1095 418 84 1138 389 171 57 170 42 
H-negative risk:  661 669 1138 1095 389 418 84 106 170 171 42 57 
New BC onsets:  0
BC status:  4900 100 
BC subtype:  4900 73 27 

clinical_engagement 
diagnosis 
demography 
82 new agents 
13 dtreferralsatt13 smreferralsatt172 
disease_progression 
H-positive risk:  674 657 107 1092 429 90 1129 386 168 60 168 40 
H-negative risk:  657 674 1129 1092 386 429 90 107 168 168 40 60 
New BC onsets:  0
BC status:  4896 104 
BC subtype:  4896 77 27 

clinical_engagement 
diagnosis 
demography 
83 new agents 
15 dtreferralsatt15 smreferralsatt173 
disease_progression 
H-positive risk:  675 652 108 1097 426 91 1129 386 170 58 166 42 
H-negative risk:  652 675 1129 1097 386 426 91 108 166 170 42 58 
New BC onsets:  0
BC status:  4897 103 
BC subtype:  4897 78 25 

clinical_engagement 
diagnosis 
demography 
64 new agents 
13 dtreferralsatt13 smreferralsatt174 
disease_progression 
H-positive risk:  668 649 108 1100 425 90 1133 387 173 58 167 42 
H-negative risk:  649 668 1133 1100 387 425 90 108 167 173 42 58 
New BC onsets:  0
BC status:  4894 106 
BC subtype:  4894 79 27 

clinical_engagement 
diagnosis 
demography 
74 new agents 
10 dtreferralsatt10 smreferralsatt175 
disease_progression 
H-positive risk:  667 648 107 1107 424 88 1129 388 171 56 169 46 
H-negative risk:  648 667 1129 1107 388 424 88 107 169 171 46 56 
New BC onsets:  0
BC status:  4893 107 
BC subtype:  4893 80 27 

clinical_engagement 
diagnosis 
demography 
71 new agents 
11 dtreferralsatt11 smreferralsatt176 
disease_progression 
H-positive risk:  666 647 104 1105 416 89 1129 395 174 58 174 43 
H-negative risk:  647 666 1129 1105 395 416 89 104 174 174 43 58 
New BC onsets:  0
BC status:  4894 106 
BC subtype:  4894 80 26 

clinical_engagement 
diagnosis 
demography 
68 new agents 
12 dtreferralsatt12 smreferralsatt177 
disease_progression 
H-positive risk:  662 649 107 1099 420 89 1139 392 172 58 171 42 
H-negative risk:  649 662 1139 1099 392 420 89 107 171 172 42 58 
New BC onsets:  0
BC status:  4892 108 
BC subtype:  4892 81 27 

clinical_engagement 
diagnosis 
demography 
78 new agents 
11 dtreferralsatt11 smreferralsatt178 
disease_progression 
H-positive risk:  663 650 107 1107 411 90 1138 393 173 57 171 40 
H-negative risk:  650 663 1138 1107 393 411 90 107 171 173 40 57 
New BC onsets:  0
BC status:  4897 103 
BC subtype:  4897 76 27 

clinical_engagement 
diagnosis 
demography 
86 new agents 
10 dtreferralsatt10 smreferralsatt179 
disease_progression 
H-positive risk:  678 645 107 1113 407 90 1135 387 172 58 168 40 
H-negative risk:  645 678 1135 1113 387 407 90 107 168 172 40 58 
New BC onsets:  0
BC status:  4898 102 
BC subtype:  4898 76 26 

clinical_engagement 
diagnosis 
demography 
80 new agents 
10 dtreferralsatt10 smreferralsatt180 
disease_progression 
H-positive risk:  684 654 105 1106 407 94 1134 383 169 56 165 43 
H-negative risk:  654 684 1134 1106 383 407 94 105 165 169 43 56 
New BC onsets:  0
BC status:  4901 99 
BC subtype:  4901 73 26 

clinical_engagement 
diagnosis 
demography 
72 new agents 
8 dtreferralsatt8 smreferralsatt181 
disease_progression 
H-positive risk:  683 661 106 1113 405 93 1125 377 170 55 168 44 
H-negative risk:  661 683 1125 1113 377 405 93 106 168 170 44 55 
New BC onsets:  0
BC status:  4898 102 
BC subtype:  4898 76 26 

clinical_engagement 
diagnosis 
demography 
87 new agents 
12 dtreferralsatt12 smreferralsatt182 
disease_progression 
H-positive risk:  673 660 106 1125 409 89 1133 366 167 61 167 44 
H-negative risk:  660 673 1133 1125 366 409 89 106 167 167 44 61 
New BC onsets:  0
BC status:  4896 104 
BC subtype:  4896 79 25 

clinical_engagement 
diagnosis 
demography 
86 new agents 
8 dtreferralsatt8 smreferralsatt183 
disease_progression 
H-positive risk:  671 664 107 1121 405 92 1135 374 167 56 162 46 
H-negative risk:  664 671 1135 1121 374 405 92 107 162 167 46 56 
New BC onsets:  0
BC status:  4897 103 
BC subtype:  4897 80 23 

clinical_engagement 
diagnosis 
demography 
74 new agents 
7 dtreferralsatt7 smreferralsatt184 
disease_progression 
H-positive risk:  671 659 106 1121 400 94 1138 375 167 56 163 50 
H-negative risk:  659 671 1138 1121 375 400 94 106 163 167 50 56 
New BC onsets:  0
BC status:  4896 104 
BC subtype:  4896 82 22 

clinical_engagement 
diagnosis 
demography 
83 new agents 
10 dtreferralsatt10 smreferralsatt185 
disease_progression 
H-positive risk:  677 662 106 1125 403 93 1134 368 166 54 162 50 
H-negative risk:  662 677 1134 1125 368 403 93 106 162 166 50 54 
New BC onsets:  0
BC status:  4895 105 
BC subtype:  4895 82 23 

clinical_engagement 
diagnosis 
demography 
73 new agents 
16 dtreferralsatt16 smreferralsatt186 
disease_progression 
H-positive risk:  675 659 104 1134 397 93 1132 373 166 53 161 53 
H-negative risk:  659 675 1132 1134 373 397 93 104 161 166 53 53 
New BC onsets:  0
BC status:  4891 109 
BC subtype:  4891 87 22 

clinical_engagement 
diagnosis 
demography 
64 new agents 
12 dtreferralsatt12 smreferralsatt187 
disease_progression 
H-positive risk:  672 665 101 1124 400 92 1139 371 165 53 163 55 
H-negative risk:  665 672 1139 1124 371 400 92 101 163 165 55 53 
New BC onsets:  0
BC status:  4890 110 
BC subtype:  4890 87 23 

clinical_engagement 
diagnosis 
demography 
75 new agents 
7 dtreferralsatt7 smreferralsatt188 
disease_progression 
H-positive risk:  670 676 103 1119 397 90 1129 379 166 54 162 55 
H-negative risk:  676 670 1129 1119 379 397 90 103 162 166 55 54 
New BC onsets:  0
BC status:  4892 108 
BC subtype:  4892 86 22 

clinical_engagement 
diagnosis 
demography 
76 new agents 
14 dtreferralsatt14 smreferralsatt189 
disease_progression 
H-positive risk:  661 684 103 1118 400 91 1119 389 164 58 161 52 
H-negative risk:  684 661 1119 1118 389 400 91 103 161 164 52 58 
New BC onsets:  0
BC status:  4890 110 
BC subtype:  4890 86 24 

clinical_engagement 
diagnosis 
demography 
85 new agents 
11 dtreferralsatt11 smreferralsatt190 
disease_progression 
H-positive risk:  665 682 102 1112 407 89 1120 381 166 58 166 52 
H-negative risk:  682 665 1120 1112 381 407 89 102 166 166 52 58 
New BC onsets:  0
BC status:  4891 109 
BC subtype:  4891 86 23 

clinical_engagement 
diagnosis 
demography 
72 new agents 
13 dtreferralsatt13 smreferralsatt191 
disease_progression 
H-positive risk:  671 683 102 1109 409 88 1123 375 167 58 165 50 
H-negative risk:  683 671 1123 1109 375 409 88 102 165 167 50 58 
New BC onsets:  0
BC status:  4890 110 
BC subtype:  4890 86 24 

clinical_engagement 
diagnosis 
demography 
75 new agents 
10 dtreferralsatt10 smreferralsatt192 
disease_progression 
H-positive risk:  670 683 103 1113 411 89 1123 369 167 56 165 51 
H-negative risk:  683 670 1123 1113 369 411 89 103 165 167 51 56 
New BC onsets:  0
BC status:  4891 109 
BC subtype:  4891 86 23 

clinical_engagement 
diagnosis 
demography 
73 new agents 
8 dtreferralsatt8 smreferralsatt193 
disease_progression 
H-positive risk:  667 689 103 1108 404 89 1125 373 169 54 167 52 
H-negative risk:  689 667 1125 1108 373 404 89 103 167 169 52 54 
New BC onsets:  0
BC status:  4889 111 
BC subtype:  4889 87 24 

clinical_engagement 
diagnosis 
demography 
82 new agents 
13 dtreferralsatt13 smreferralsatt194 
disease_progression 
H-positive risk:  666 695 99 1096 406 88 1119 384 170 56 167 54 
H-negative risk:  695 666 1119 1096 384 406 88 99 167 170 54 56 
New BC onsets:  0
BC status:  4887 113 
BC subtype:  4887 89 24 

clinical_engagement 
diagnosis 
demography 
66 new agents 
14 dtreferralsatt14 smreferralsatt195 
disease_progression 
H-positive risk:  665 694 97 1089 413 86 1125 381 173 56 165 56 
H-negative risk:  694 665 1125 1089 381 413 86 97 165 173 56 56 
New BC onsets:  0
BC status:  4887 113 
BC subtype:  4887 90 23 

clinical_engagement 
diagnosis 
demography 
70 new agents 
17 dtreferralsatt17 smreferralsatt196 
disease_progression 
H-positive risk:  667 693 96 1096 406 88 1126 382 172 53 165 56 
H-negative risk:  693 667 1126 1096 382 406 88 96 165 172 56 53 
New BC onsets:  0
BC status:  4892 108 
BC subtype:  4892 87 21 

clinical_engagement 
diagnosis 
demography 
81 new agents 
6 dtreferralsatt6 smreferralsatt197 
disease_progression 
H-positive risk:  671 696 97 1090 413 86 1119 380 175 51 165 57 
H-negative risk:  696 671 1119 1090 380 413 86 97 165 175 57 51 
New BC onsets:  0
BC status:  4893 107 
BC subtype:  4893 86 21 

clinical_engagement 
diagnosis 
demography 
58 new agents 
10 dtreferralsatt10 smreferralsatt198 
disease_progression 
H-positive risk:  675 689 96 1096 414 86 1113 382 176 51 165 57 
H-negative risk:  689 675 1113 1096 382 414 86 96 165 176 57 51 
New BC onsets:  0
BC status:  4892 108 
BC subtype:  4892 87 21 

clinical_engagement 
diagnosis 
demography 
85 new agents 
10 dtreferralsatt10 smreferralsatt199 
disease_progression 
H-positive risk:  673 692 97 1107 411 86 1110 381 171 54 165 53 
H-negative risk:  692 673 1110 1107 381 411 86 97 165 171 53 54 
New BC onsets:  0
BC status:  4891 109 
BC subtype:  4891 89 20 

clinical_engagement 
diagnosis 
demography 
86 new agents 
9 dtreferralsatt9 smreferralsatt200 
disease_progression 
H-positive risk:  678 691 95 1112 401 89 1113 386 169 49 164 53 
H-negative risk:  691 678 1113 1112 386 401 89 95 164 169 53 49 
New BC onsets:  0
BC status:  4893 107 
BC subtype:  4893 87 20 

clinical_engagement 
diagnosis 
demography 
63 new agents 
12 dtreferralsatt12 smreferralsatt201 
disease_progression 
H-positive risk:  683 681 96 1117 404 91 1105 389 169 50 161 54 
H-negative risk:  681 683 1105 1117 389 404 91 96 161 169 54 50 
New BC onsets:  0
BC status:  4892 108 
BC subtype:  4892 88 20 

clinical_engagement 
diagnosis 
demography 
68 new agents 
8 dtreferralsatt8 smreferralsatt202 
disease_progression 
H-positive risk:  673 687 97 1120 399 90 1114 394 165 51 157 53 
H-negative risk:  687 673 1114 1120 394 399 90 97 157 165 53 51 
New BC onsets:  0
BC status:  4892 108 
BC subtype:  4892 88 20 

clinical_engagement 
diagnosis 
demography 
71 new agents 
9 dtreferralsatt9 smreferralsatt203 
disease_progression 
H-positive risk:  673 686 96 1126 401 89 1110 395 164 51 155 54 
H-negative risk:  686 673 1110 1126 395 401 89 96 155 164 54 51 
New BC onsets:  0
BC status:  4891 109 
BC subtype:  4891 90 19 

clinical_engagement 
diagnosis 
demography 
81 new agents 
6 dtreferralsatt6 smreferralsatt204 
disease_progression 
H-positive risk:  674 683 96 1121 401 91 1114 389 169 52 156 54 
H-negative risk:  683 674 1114 1121 389 401 91 96 156 169 54 52 
New BC onsets:  0
BC status:  4892 108 
BC subtype:  4892 89 19 

clinical_engagement 
diagnosis 
demography 
69 new agents 
7 dtreferralsatt7 smreferralsatt205 
disease_progression 
H-positive risk:  670 682 98 1120 399 91 1114 393 168 51 158 56 
H-negative risk:  682 670 1114 1120 393 399 91 98 158 168 56 51 
New BC onsets:  0
BC status:  4887 113 
BC subtype:  4887 92 21 

clinical_engagement 
diagnosis 
demography 
85 new agents 
12 dtreferralsatt12 smreferralsatt206 
disease_progression 
H-positive risk:  669 675 96 1111 405 92 1115 403 167 54 156 57 
H-negative risk:  675 669 1115 1111 403 405 92 96 156 167 57 54 
New BC onsets:  0
BC status:  4889 111 
BC subtype:  4889 91 20 

clinical_engagement 
diagnosis 
demography 
74 new agents 
14 dtreferralsatt14 smreferralsatt207 
disease_progression 
H-positive risk:  677 676 98 1105 408 90 1110 404 170 50 152 60 
H-negative risk:  676 677 1110 1105 404 408 90 98 152 170 60 50 
New BC onsets:  0
BC status:  4885 115 
BC subtype:  4885 92 23 

clinical_engagement 
diagnosis 
demography 
81 new agents 
9 dtreferralsatt9 smreferralsatt208 
disease_progression 
H-positive risk:  680 668 98 1100 418 91 1113 401 169 51 155 56 
H-negative risk:  668 680 1113 1100 401 418 91 98 155 169 56 51 
New BC onsets:  0
BC status:  4889 111 
BC subtype:  4889 89 22 

clinical_engagement 
diagnosis 
demography 
77 new agents 
18 dtreferralsatt18 smreferralsatt209 
disease_progression 
H-positive risk:  684 668 99 1093 412 90 1118 398 170 52 158 58 
H-negative risk:  668 684 1118 1093 398 412 90 99 158 170 58 52 
New BC onsets:  0
BC status:  4887 113 
BC subtype:  4887 91 22 

clinical_engagement 
diagnosis 
demography 
79 new agents 
10 dtreferralsatt10 smreferralsatt210 
disease_progression 
H-positive risk:  686 675 101 1093 402 88 1118 401 168 56 159 53 
H-negative risk:  675 686 1118 1093 401 402 88 101 159 168 53 56 
New BC onsets:  0
BC status:  4885 115 
BC subtype:  4885 92 23 

clinical_engagement 
diagnosis 
demography 
62 new agents 
16 dtreferralsatt16 smreferralsatt211 
disease_progression 
H-positive risk:  685 676 99 1091 406 86 1121 403 168 58 155 52 
H-negative risk:  676 685 1121 1091 403 406 86 99 155 168 52 58 
New BC onsets:  0
BC status:  4882 118 
BC subtype:  4882 94 24 

clinical_engagement 
diagnosis 
demography 
65 new agents 
14 dtreferralsatt14 smreferralsatt212 
disease_progression 
H-positive risk:  686 671 98 1084 415 84 1121 409 164 57 160 51 
H-negative risk:  671 686 1121 1084 409 415 84 98 160 164 51 57 
New BC onsets:  0
BC status:  4882 118 
BC subtype:  4882 94 24 

clinical_engagement 
diagnosis 
demography 
73 new agents 
9 dtreferralsatt9 smreferralsatt213 
disease_progression 
H-positive risk:  692 669 99 1083 416 85 1119 410 166 53 156 52 
H-negative risk:  669 692 1119 1083 410 416 85 99 156 166 52 53 
New BC onsets:  0
BC status:  4880 120 
BC subtype:  4880 97 23 

clinical_engagement 
diagnosis 
demography 
73 new agents 
10 dtreferralsatt10 smreferralsatt214 
disease_progression 
H-positive risk:  685 663 99 1086 422 85 1124 409 166 53 156 52 
H-negative risk:  663 685 1124 1086 409 422 85 99 156 166 52 53 
New BC onsets:  0
BC status:  4882 118 
BC subtype:  4882 96 22 

clinical_engagement 
diagnosis 
demography 
92 new agents 
11 dtreferralsatt11 smreferralsatt215 
disease_progression 
H-positive risk:  692 666 99 1077 412 88 1130 408 167 51 158 52 
H-negative risk:  666 692 1130 1077 408 412 88 99 158 167 52 51 
New BC onsets:  0
BC status:  4883 117 
BC subtype:  4883 94 23 

clinical_engagement 
diagnosis 
demography 
66 new agents 
17 dtreferralsatt17 smreferralsatt216 
disease_progression 
H-positive risk:  695 661 100 1081 414 86 1129 408 167 50 157 52 
H-negative risk:  661 695 1129 1081 408 414 86 100 157 167 52 50 
New BC onsets:  0
BC status:  4884 116 
BC subtype:  4884 93 23 

clinical_engagement 
diagnosis 
demography 
63 new agents 
11 dtreferralsatt11 smreferralsatt217 
disease_progression 
H-positive risk:  691 652 100 1079 433 85 1115 415 167 52 156 55 
H-negative risk:  652 691 1115 1079 415 433 85 100 156 167 55 52 
New BC onsets:  0
BC status:  4883 117 
BC subtype:  4883 95 22 

clinical_engagement 
diagnosis 
demography 
78 new agents 
11 dtreferralsatt11 smreferralsatt218 
disease_progression 
H-positive risk:  683 655 97 1083 439 86 1115 415 165 52 157 53 
H-negative risk:  655 683 1115 1083 415 439 86 97 157 165 53 52 
New BC onsets:  0
BC status:  4884 116 
BC subtype:  4884 96 20 

clinical_engagement 
diagnosis 
demography 
80 new agents 
9 dtreferralsatt9 smreferralsatt219 
disease_progression 
H-positive risk:  687 652 96 1079 449 85 1108 412 164 55 160 53 
H-negative risk:  652 687 1108 1079 412 449 85 96 160 164 53 55 
New BC onsets:  0
BC status:  4886 114 
BC subtype:  4886 94 20 

clinical_engagement 
diagnosis 
demography 
78 new agents 
5 dtreferralsatt5 smreferralsatt220 
disease_progression 
H-positive risk:  677 654 93 1076 444 84 1118 423 165 56 159 51 
H-negative risk:  654 677 1118 1076 423 444 84 93 159 165 51 56 
New BC onsets:  0
BC status:  4885 115 
BC subtype:  4885 95 20 

clinical_engagement 
diagnosis 
demography 
75 new agents 
12 dtreferralsatt12 smreferralsatt221 
disease_progression 
H-positive risk:  679 660 95 1080 433 86 1122 411 163 58 160 53 
H-negative risk:  660 679 1122 1080 411 433 86 95 160 163 53 58 
New BC onsets:  0
BC status:  4884 116 
BC subtype:  4884 95 21 

clinical_engagement 
diagnosis 
demography 
68 new agents 
7 dtreferralsatt7 smreferralsatt222 
disease_progression 
H-positive risk:  684 656 94 1071 445 87 1123 412 162 58 155 53 
H-negative risk:  656 684 1123 1071 412 445 87 94 155 162 53 58 
New BC onsets:  0
BC status:  4884 116 
BC subtype:  4884 95 21 

clinical_engagement 
diagnosis 
demography 
83 new agents 
8 dtreferralsatt8 smreferralsatt223 
disease_progression 
H-positive risk:  678 654 98 1083 439 86 1120 419 160 58 152 53 
H-negative risk:  654 678 1120 1083 419 439 86 98 152 160 53 58 
New BC onsets:  0
BC status:  4887 113 
BC subtype:  4887 92 21 

clinical_engagement 
diagnosis 
demography 
82 new agents 
6 dtreferralsatt6 smreferralsatt224 
disease_progression 
H-positive risk:  683 661 95 1076 426 90 1125 417 158 59 161 49 
H-negative risk:  661 683 1125 1076 417 426 90 95 161 158 49 59 
New BC onsets:  0
BC status:  4887 113 
BC subtype:  4887 92 21 

clinical_engagement 
diagnosis 
demography 
78 new agents 
6 dtreferralsatt6 smreferralsatt225 
disease_progression 
H-positive risk:  688 662 94 1079 416 87 1132 411 158 61 160 52 
H-negative risk:  662 688 1132 1079 411 416 87 94 160 158 52 61 
New BC onsets:  0
BC status:  4888 112 
BC subtype:  4888 90 22 

clinical_engagement 
diagnosis 
demography 
86 new agents 
11 dtreferralsatt11 smreferralsatt226 
disease_progression 
H-positive risk:  683 676 95 1071 419 86 1133 404 158 61 160 54 
H-negative risk:  676 683 1133 1071 404 419 86 95 160 158 54 61 
New BC onsets:  0
BC status:  4887 113 
BC subtype:  4887 90 23 

clinical_engagement 
diagnosis 
demography 
73 new agents 
14 dtreferralsatt14 smreferralsatt227 
disease_progression 
H-positive risk:  682 683 94 1076 418 84 1136 402 158 58 156 53 
H-negative risk:  683 682 1136 1076 402 418 84 94 156 158 53 58 
New BC onsets:  0
BC status:  4886 114 
BC subtype:  4886 91 23 

clinical_engagement 
diagnosis 
demography 
50 new agents 
8 dtreferralsatt8 smreferralsatt228 
disease_progression 
H-positive risk:  682 685 92 1076 414 83 1136 401 158 63 155 55 
H-negative risk:  685 682 1136 1076 401 414 83 92 155 158 55 63 
New BC onsets:  0
BC status:  4887 113 
BC subtype:  4887 90 23 

clinical_engagement 
diagnosis 
demography 
76 new agents 
14 dtreferralsatt14 smreferralsatt229 
disease_progression 
H-positive risk:  687 680 92 1069 422 85 1123 416 160 58 152 56 
H-negative risk:  680 687 1123 1069 416 422 85 92 152 160 56 58 
New BC onsets:  0
BC status:  4888 112 
BC subtype:  4888 88 24 

clinical_engagement 
diagnosis 
demography 
84 new agents 
6 dtreferralsatt6 smreferralsatt230 
disease_progression 
H-positive risk:  683 676 94 1077 416 84 1133 409 164 57 151 56 
H-negative risk:  676 683 1133 1077 409 416 84 94 151 164 56 57 
New BC onsets:  0
BC status:  4889 111 
BC subtype:  4889 87 24 

clinical_engagement 
diagnosis 
demography 
76 new agents 
15 dtreferralsatt15 smreferralsatt231 
disease_progression 
H-positive risk:  688 676 93 1075 408 82 1134 419 160 58 153 54 
H-negative risk:  676 688 1134 1075 419 408 82 93 153 160 54 58 
New BC onsets:  0
BC status:  4890 110 
BC subtype:  4890 86 24 

clinical_engagement 
diagnosis 
demography 
66 new agents 
12 dtreferralsatt12 smreferralsatt232 
disease_progression 
H-positive risk:  683 675 93 1070 409 83 1138 423 160 59 154 53 
H-negative risk:  675 683 1138 1070 423 409 83 93 154 160 53 59 
New BC onsets:  0
BC status:  4889 111 
BC subtype:  4889 85 26 

clinical_engagement 
diagnosis 
demography 
78 new agents 
11 dtreferralsatt11 smreferralsatt233 
disease_progression 
H-positive risk:  681 676 92 1068 407 84 1141 423 163 58 154 53 
H-negative risk:  676 681 1141 1068 423 407 84 92 154 163 53 58 
New BC onsets:  0
BC status:  4888 112 
BC subtype:  4888 85 27 

clinical_engagement 
diagnosis 
demography 
75 new agents 
12 dtreferralsatt12 smreferralsatt234 
disease_progression 
H-positive risk:  673 675 89 1068 404 87 1144 426 162 62 154 56 
H-negative risk:  675 673 1144 1068 426 404 87 89 154 162 56 62 
New BC onsets:  0
BC status:  4889 111 
BC subtype:  4889 84 27 

clinical_engagement 
diagnosis 
demography 
71 new agents 
12 dtreferralsatt12 smreferralsatt235 
disease_progression 
H-positive risk:  671 677 87 1063 402 89 1144 433 161 63 153 57 
H-negative risk:  677 671 1144 1063 433 402 89 87 153 161 57 63 
New BC onsets:  0
BC status:  4894 106 
BC subtype:  4894 81 25 

clinical_engagement 
diagnosis 
demography 
89 new agents 
11 dtreferralsatt11 smreferralsatt236 
disease_progression 
H-positive risk:  678 681 87 1060 402 89 1143 425 161 62 154 58 
H-negative risk:  681 678 1143 1060 425 402 89 87 154 161 58 62 
New BC onsets:  0
BC status:  4897 103 
BC subtype:  4897 79 24 

clinical_engagement 
diagnosis 
demography 
76 new agents 
12 dtreferralsatt12 smreferralsatt237 
disease_progression 
H-positive risk:  677 678 87 1070 401 90 1138 422 160 62 153 62 
H-negative risk:  678 677 1138 1070 422 401 90 87 153 160 62 62 
New BC onsets:  0
BC status:  4897 103 
BC subtype:  4897 77 26 

clinical_engagement 
diagnosis 
demography 
79 new agents 
6 dtreferralsatt6 smreferralsatt238 
disease_progression 
H-positive risk:  681 679 87 1072 397 92 1129 419 165 60 156 63 
H-negative risk:  679 681 1129 1072 419 397 92 87 156 165 63 60 
New BC onsets:  0
BC status:  4898 102 
BC subtype:  4898 74 28 

clinical_engagement 
diagnosis 
demography 
75 new agents 
9 dtreferralsatt9 smreferralsatt239 
disease_progression 
H-positive risk:  689 685 86 1072 394 94 1119 420 163 60 155 63 
H-negative risk:  685 689 1119 1072 420 394 94 86 155 163 63 60 
New BC onsets:  0
BC status:  4901 99 
BC subtype:  4901 73 26 

clinical_engagement 
diagnosis 
demography 
78 new agents 
10 dtreferralsatt10 smreferralsatt240 
disease_progression 
H-positive risk:  692 674 86 1077 399 96 1117 420 166 58 154 61 
H-negative risk:  674 692 1117 1077 420 399 96 86 154 166 61 58 
New BC onsets:  0
BC status:  4898 102 
BC subtype:  4898 76 26 

clinical_engagement 
diagnosis 
demography 
74 new agents 
5 dtreferralsatt5 smreferralsatt241 
disease_progression 
H-positive risk:  688 671 87 1074 403 100 1102 444 160 60 152 59 
H-negative risk:  671 688 1102 1074 444 403 100 87 152 160 59 60 
New BC onsets:  0
BC status:  4900 100 
BC subtype:  4900 75 25 

clinical_engagement 
diagnosis 
demography 
82 new agents 
12 dtreferralsatt12 smreferralsatt242 
disease_progression 
H-positive risk:  685 671 90 1070 409 96 1109 446 155 60 151 58 
H-negative risk:  671 685 1109 1070 446 409 96 90 151 155 58 60 
New BC onsets:  0
BC status:  4901 99 
BC subtype:  4901 74 25 

clinical_engagement 
diagnosis 
demography 
83 new agents 
7 dtreferralsatt7 smreferralsatt243 
disease_progression 
H-positive risk:  687 670 89 1054 417 97 1098 459 157 60 153 59 
H-negative risk:  670 687 1098 1054 459 417 97 89 153 157 59 60 
New BC onsets:  0
BC status:  4902 98 
BC subtype:  4902 73 25 

clinical_engagement 
diagnosis 
demography 
82 new agents 
11 dtreferralsatt11 smreferralsatt244 
disease_progression 
H-positive risk:  689 682 91 1050 415 98 1090 462 153 61 151 58 
H-negative risk:  682 689 1090 1050 462 415 98 91 151 153 58 61 
New BC onsets:  0
BC status:  4903 97 
BC subtype:  4903 72 25 

clinical_engagement 
diagnosis 
demography 
83 new agents 
9 dtreferralsatt9 smreferralsatt245 
disease_progression 
H-positive risk:  685 674 90 1064 415 97 1084 470 153 58 153 57 
H-negative risk:  674 685 1084 1064 470 415 97 90 153 153 57 58 
New BC onsets:  0
BC status:  4904 96 
BC subtype:  4904 71 25 

clinical_engagement 
diagnosis 
demography 
77 new agents 
7 dtreferralsatt7 smreferralsatt246 
disease_progression 
H-positive risk:  689 678 89 1060 415 97 1082 474 150 59 148 59 
H-negative risk:  678 689 1082 1060 474 415 97 89 148 150 59 59 
New BC onsets:  0
BC status:  4905 95 
BC subtype:  4905 70 25 

clinical_engagement 
diagnosis 
demography 
72 new agents 
10 dtreferralsatt10 smreferralsatt247 
disease_progression 
H-positive risk:  693 677 89 1061 419 96 1083 470 151 57 147 57 
H-negative risk:  677 693 1083 1061 470 419 96 89 147 151 57 57 
New BC onsets:  0
BC status:  4907 93 
BC subtype:  4907 68 25 

clinical_engagement 
diagnosis 
demography 
86 new agents 
6 dtreferralsatt6 smreferralsatt248 
disease_progression 
H-positive risk:  694 676 86 1060 419 96 1088 467 153 56 148 57 
H-negative risk:  676 694 1088 1060 467 419 96 86 148 153 57 56 
New BC onsets:  0
BC status:  4907 93 
BC subtype:  4907 69 24 

clinical_engagement 
diagnosis 
demography 
63 new agents 
13 dtreferralsatt13 smreferralsatt249 
disease_progression 
H-positive risk:  692 677 86 1063 411 96 1083 471 155 55 151 60 
H-negative risk:  677 692 1083 1063 471 411 96 86 151 155 60 55 
New BC onsets:  0
BC status:  4909 91 
BC subtype:  4909 68 23 

clinical_engagement 
diagnosis 
demography 
68 new agents 
12 dtreferralsatt12 smreferralsatt250 
disease_progression 
H-positive risk:  697 670 90 1072 402 95 1082 469 156 56 147 64 
H-negative risk:  670 697 1082 1072 469 402 95 90 147 156 64 56 
New BC onsets:  0
BC status:  4909 91 
BC subtype:  4909 67 24 

clinical_engagement 
diagnosis 
demography 
83 new agents 
11 dtreferralsatt11 smreferralsatt251 
disease_progression 
H-positive risk:  699 679 92 1078 390 96 1077 471 156 54 144 64 
H-negative risk:  679 699 1077 1078 471 390 96 92 144 156 64 54 
New BC onsets:  0
BC status:  4905 95 
BC subtype:  4905 72 23 

clinical_engagement 
diagnosis 
demography 
71 new agents 
9 dtreferralsatt9 smreferralsatt252 
disease_progression 
H-positive risk:  696 684 90 1072 388 97 1075 474 160 54 145 65 
H-negative risk:  684 696 1075 1072 474 388 97 90 145 160 65 54 
New BC onsets:  0
BC status:  4907 93 
BC subtype:  4907 71 22 

clinical_engagement 
diagnosis 
demography 
71 new agents 
8 dtreferralsatt8 smreferralsatt253 
disease_progression 
H-positive risk:  695 683 91 1073 385 96 1084 470 159 55 144 65 
H-negative risk:  683 695 1084 1073 470 385 96 91 144 159 65 55 
New BC onsets:  0
BC status:  4908 92 
BC subtype:  4908 71 21 

clinical_engagement 
diagnosis 
demography 
96 new agents 
9 dtreferralsatt9 smreferralsatt254 
disease_progression 
H-positive risk:  699 684 90 1072 391 93 1085 464 158 56 141 67 
H-negative risk:  684 699 1085 1072 464 391 93 90 141 158 67 56 
New BC onsets:  0
BC status:  4903 97 
BC subtype:  4903 73 24 

clinical_engagement 
diagnosis 
demography 
80 new agents 
12 dtreferralsatt12 smreferralsatt255 
disease_progression 
H-positive risk:  701 682 91 1076 389 90 1081 468 155 55 146 66 
H-negative risk:  682 701 1081 1076 468 389 90 91 146 155 66 55 
New BC onsets:  0
BC status:  4903 97 
BC subtype:  4903 74 23 

clinical_engagement 
diagnosis 
demography 
76 new agents 
12 dtreferralsatt12 smreferralsatt256 
disease_progression 
H-positive risk:  704 675 96 1076 393 90 1076 467 156 55 145 67 
H-negative risk:  675 704 1076 1076 467 393 90 96 145 156 67 55 
New BC onsets:  0
BC status:  4903 97 
BC subtype:  4903 75 22 

clinical_engagement 
diagnosis 
demography 
70 new agents 
11 dtreferralsatt11 smreferralsatt257 
disease_progression 
H-positive risk:  699 675 96 1074 388 91 1085 465 154 58 147 68 
H-negative risk:  675 699 1085 1074 465 388 91 96 147 154 68 58 
New BC onsets:  0
BC status:  4904 96 
BC subtype:  4904 74 22 

clinical_engagement 
diagnosis 
demography 
81 new agents 
14 dtreferralsatt14 smreferralsatt258 
disease_progression 
H-positive risk:  687 681 95 1076 384 93 1091 471 154 58 140 70 
H-negative risk:  681 687 1091 1076 471 384 93 95 140 154 70 58 
New BC onsets:  0
BC status:  4904 96 
BC subtype:  4904 74 22 

clinical_engagement 
diagnosis 
demography 
74 new agents 
10 dtreferralsatt10 smreferralsatt259 
disease_progression 
H-positive risk:  688 679 96 1082 379 96 1098 467 148 58 140 69 
H-negative risk:  679 688 1098 1082 467 379 96 96 140 148 69 58 
New BC onsets:  0
BC status:  4904 96 
BC subtype:  4904 75 21 

clinical_engagement 
diagnosis 
demography 
71 new agents 
13 dtreferralsatt13 smreferralsatt260 
disease_progression 
H-positive risk:  687 674 95 1086 385 95 1103 463 148 58 139 67 
H-negative risk:  674 687 1103 1086 463 385 95 95 139 148 67 58 
New BC onsets:  0
BC status:  4905 95 
BC subtype:  4905 74 21 

clinical_engagement 
diagnosis 
demography 
76 new agents 
8 dtreferralsatt8 smreferralsatt261 
disease_progression 
H-positive risk:  689 677 96 1083 390 97 1100 458 143 62 141 64 
H-negative risk:  677 689 1100 1083 458 390 97 96 141 143 64 62 
New BC onsets:  0
BC status:  4906 94 
BC subtype:  4906 73 21 

clinical_engagement 
diagnosis 
demography 
78 new agents 
12 dtreferralsatt12 smreferralsatt262 
disease_progression 
H-positive risk:  695 673 96 1091 394 97 1096 450 144 62 140 62 
H-negative risk:  673 695 1096 1091 450 394 97 96 140 144 62 62 
New BC onsets:  0
BC status:  4906 94 
BC subtype:  4906 73 21 

clinical_engagement 
diagnosis 
demography 
74 new agents 
5 dtreferralsatt5 smreferralsatt263 
disease_progression 
H-positive risk:  691 675 97 1084 401 95 1104 445 144 61 141 62 
H-negative risk:  675 691 1104 1084 445 401 95 97 141 144 62 61 
New BC onsets:  0
BC status:  4905 95 
BC subtype:  4905 74 21 

clinical_engagement 
diagnosis 
demography 
73 new agents 
18 dtreferralsatt18 smreferralsatt264 
disease_progression 
H-positive risk:  690 677 98 1079 401 95 1111 440 144 60 141 64 
H-negative risk:  677 690 1111 1079 440 401 95 98 141 144 64 60 
New BC onsets:  0
BC status:  4904 96 
BC subtype:  4904 75 21 

clinical_engagement 
diagnosis 
demography 
67 new agents 
18 dtreferralsatt18 smreferralsatt265 
disease_progression 
H-positive risk:  693 677 100 1083 401 94 1107 437 144 62 140 62 
H-negative risk:  677 693 1107 1083 437 401 94 100 140 144 62 62 
New BC onsets:  0
BC status:  4902 98 
BC subtype:  4902 76 22 

clinical_engagement 
diagnosis 
demography 
89 new agents 
12 dtreferralsatt12 smreferralsatt266 
disease_progression 
H-positive risk:  691 669 104 1093 396 95 1105 435 146 63 143 60 
H-negative risk:  669 691 1105 1093 435 396 95 104 143 146 60 63 
New BC onsets:  0
BC status:  4903 97 
BC subtype:  4903 75 22 

clinical_engagement 
diagnosis 
demography 
88 new agents 
11 dtreferralsatt11 smreferralsatt267 
disease_progression 
H-positive risk:  695 670 106 1088 392 95 1105 440 148 60 142 59 
H-negative risk:  670 695 1105 1088 440 392 95 106 142 148 59 60 
New BC onsets:  0
BC status:  4901 99 
BC subtype:  4901 77 22 

clinical_engagement 
diagnosis 
demography 
78 new agents 
11 dtreferralsatt11 smreferralsatt268 
disease_progression 
H-positive risk:  699 670 108 1091 397 92 1100 433 148 62 140 60 
H-negative risk:  670 699 1100 1091 433 397 92 108 140 148 60 62 
New BC onsets:  0
BC status:  4900 100 
BC subtype:  4900 79 21 

clinical_engagement 
diagnosis 
demography 
70 new agents 
10 dtreferralsatt10 smreferralsatt269 
disease_progression 
H-positive risk:  692 668 110 1095 394 93 1110 427 146 63 143 59 
H-negative risk:  668 692 1110 1095 427 394 93 110 143 146 59 63 
New BC onsets:  0
BC status:  4897 103 
BC subtype:  4897 83 20 

clinical_engagement 
diagnosis 
demography 
79 new agents 
9 dtreferralsatt9 smreferralsatt270 
disease_progression 
H-positive risk:  698 671 111 1084 398 99 1102 430 142 63 145 57 
H-negative risk:  671 698 1102 1084 430 398 99 111 145 142 57 63 
New BC onsets:  0
BC status:  4898 102 
BC subtype:  4898 82 20 

clinical_engagement 
diagnosis 
demography 
81 new agents 
7 dtreferralsatt7 smreferralsatt271 
disease_progression 
H-positive risk:  697 672 111 1080 397 102 1111 424 143 60 147 56 
H-negative risk:  672 697 1111 1080 424 397 102 111 147 143 56 60 
New BC onsets:  0
BC status:  4903 97 
BC subtype:  4903 80 17 

clinical_engagement 
diagnosis 
demography 
88 new agents 
13 dtreferralsatt13 smreferralsatt272 
disease_progression 
H-positive risk:  694 677 112 1088 389 102 1106 424 144 59 149 56 
H-negative risk:  677 694 1106 1088 424 389 102 112 149 144 56 59 
New BC onsets:  0
BC status:  4896 104 
BC subtype:  4896 86 18 

clinical_engagement 
diagnosis 
demography 
84 new agents 
13 dtreferralsatt13 smreferralsatt273 
disease_progression 
H-positive risk:  682 672 112 1091 391 104 1113 426 146 59 153 51 
H-negative risk:  672 682 1113 1091 426 391 104 112 153 146 51 59 
New BC onsets:  0
BC status:  4895 105 
BC subtype:  4895 83 22 

clinical_engagement 
diagnosis 
demography 
68 new agents 
7 dtreferralsatt7 smreferralsatt274 
disease_progression 
H-positive risk:  676 677 112 1093 392 103 1118 426 142 55 153 53 
H-negative risk:  677 676 1118 1093 426 392 103 112 153 142 53 55 
New BC onsets:  0
BC status:  4898 102 
BC subtype:  4898 81 21 

clinical_engagement 
diagnosis 
demography 
72 new agents 
13 dtreferralsatt13 smreferralsatt275 
disease_progression 
H-positive risk:  673 671 111 1102 384 102 1120 425 145 57 155 55 
H-negative risk:  671 673 1120 1102 425 384 102 111 155 145 55 57 
New BC onsets:  0
BC status:  4897 103 
BC subtype:  4897 81 22 

clinical_engagement 
diagnosis 
demography 
69 new agents 
9 dtreferralsatt9 smreferralsatt276 
disease_progression 
H-positive risk:  674 678 113 1092 393 102 1113 429 143 56 153 54 
H-negative risk:  678 674 1113 1092 429 393 102 113 153 143 54 56 
New BC onsets:  0
BC status:  4896 104 
BC subtype:  4896 81 23 

clinical_engagement 
diagnosis 
demography 
84 new agents 
9 dtreferralsatt9 smreferralsatt277 
disease_progression 
H-positive risk:  687 672 111 1094 388 105 1109 429 140 55 156 54 
H-negative risk:  672 687 1109 1094 429 388 105 111 156 140 54 55 
New BC onsets:  0
BC status:  4898 102 
BC subtype:  4898 79 23 

clinical_engagement 
diagnosis 
demography 
62 new agents 
11 dtreferralsatt11 smreferralsatt278 
disease_progression 
H-positive risk:  690 669 108 1092 394 105 1105 428 140 56 159 54 
H-negative risk:  669 690 1105 1092 428 394 105 108 159 140 54 56 
New BC onsets:  0
BC status:  4903 97 
BC subtype:  4903 76 21 

clinical_engagement 
diagnosis 
demography 
79 new agents 
15 dtreferralsatt15 smreferralsatt279 
disease_progression 
H-positive risk:  688 669 106 1091 392 105 1105 426 141 58 163 56 
H-negative risk:  669 688 1105 1091 426 392 105 106 163 141 56 58 
New BC onsets:  0
BC status:  4906 94 
BC subtype:  4906 74 20 

clinical_engagement 
diagnosis 
demography 
75 new agents 
13 dtreferralsatt13 smreferralsatt280 
disease_progression 
H-positive risk:  680 672 106 1093 388 104 1115 427 137 59 162 57 
H-negative risk:  672 680 1115 1093 427 388 104 106 162 137 57 59 
New BC onsets:  0
BC status:  4908 92 
BC subtype:  4908 72 20 

clinical_engagement 
diagnosis 
demography 
81 new agents 
12 dtreferralsatt12 smreferralsatt281 
disease_progression 
H-positive risk:  681 672 104 1081 401 107 1107 430 136 59 162 60 
H-negative risk:  672 681 1107 1081 430 401 107 104 162 136 60 59 
New BC onsets:  0
BC status:  4908 92 
BC subtype:  4908 70 22 

clinical_engagement 
diagnosis 
demography 
93 new agents 
14 dtreferralsatt14 smreferralsatt282 
disease_progression 
H-positive risk:  681 672 105 1081 399 106 1110 429 135 60 162 60 
H-negative risk:  672 681 1110 1081 429 399 106 105 162 135 60 60 
New BC onsets:  0
BC status:  4908 92 
BC subtype:  4908 70 22 

clinical_engagement 
diagnosis 
demography 
85 new agents 
10 dtreferralsatt10 smreferralsatt283 
disease_progression 
H-positive risk:  680 671 105 1089 396 104 1104 432 140 60 161 58 
H-negative risk:  671 680 1104 1089 432 396 104 105 161 140 58 60 
New BC onsets:  0
BC status:  4910 90 
BC subtype:  4910 68 22 

clinical_engagement 
diagnosis 
demography 
77 new agents 
10 dtreferralsatt10 smreferralsatt284 
disease_progression 
H-positive risk:  681 660 105 1094 397 104 1105 434 140 59 162 59 
H-negative risk:  660 681 1105 1094 434 397 104 105 162 140 59 59 
New BC onsets:  0
BC status:  4908 92 
BC subtype:  4908 71 21 

clinical_engagement 
diagnosis 
demography 
78 new agents 
10 dtreferralsatt10 smreferralsatt285 
disease_progression 
H-positive risk:  680 659 102 1087 407 102 1104 440 140 57 163 59 
H-negative risk:  659 680 1104 1087 440 407 102 102 163 140 59 57 
New BC onsets:  0
BC status:  4909 91 
BC subtype:  4909 70 21 

clinical_engagement 
diagnosis 
demography 
75 new agents 
7 dtreferralsatt7 smreferralsatt286 
disease_progression 
H-positive risk:  681 653 103 1093 403 106 1102 439 143 56 162 59 
H-negative risk:  653 681 1102 1093 439 403 106 103 162 143 59 56 
New BC onsets:  0
BC status:  4909 91 
BC subtype:  4909 71 20 

clinical_engagement 
diagnosis 
demography 
95 new agents 
6 dtreferralsatt6 smreferralsatt287 
disease_progression 
H-positive risk:  679 657 103 1082 408 106 1116 431 140 58 162 58 
H-negative risk:  657 679 1116 1082 431 408 106 103 162 140 58 58 
New BC onsets:  0
BC status:  4906 94 
BC subtype:  4906 74 20 

clinical_engagement 
diagnosis 
demography 
63 new agents 
8 dtreferralsatt8 smreferralsatt288 
disease_progression 
H-positive risk:  669 655 104 1081 416 106 1120 435 138 58 162 56 
H-negative risk:  655 669 1120 1081 435 416 106 104 162 138 56 58 
New BC onsets:  0
BC status:  4911 89 
BC subtype:  4911 73 16 

clinical_engagement 
diagnosis 
demography 
62 new agents 
11 dtreferralsatt11 smreferralsatt289 
disease_progression 
H-positive risk:  671 660 105 1080 420 107 1114 430 136 58 164 55 
H-negative risk:  660 671 1114 1080 430 420 107 105 164 136 55 58 
New BC onsets:  0
BC status:  4914 86 
BC subtype:  4914 70 16 

clinical_engagement 
diagnosis 
demography 
63 new agents 
12 dtreferralsatt12 smreferralsatt290 
disease_progression 
H-positive risk:  671 658 105 1077 427 110 1116 428 136 58 160 54 
H-negative risk:  658 671 1116 1077 428 427 110 105 160 136 54 58 
New BC onsets:  0
BC status:  4915 85 
BC subtype:  4915 69 16 

clinical_engagement 
diagnosis 
demography 
72 new agents 
10 dtreferralsatt10 smreferralsatt291 
disease_progression 
H-positive risk:  667 654 104 1086 422 110 1115 430 134 61 164 53 
H-negative risk:  654 667 1115 1086 430 422 110 104 164 134 53 61 
New BC onsets:  0
BC status:  4920 80 
BC subtype:  4920 66 14 

clinical_engagement 
diagnosis 
demography 
75 new agents 
4 dtreferralsatt4 smreferralsatt292 
disease_progression 
H-positive risk:  670 652 104 1092 420 109 1105 434 132 65 160 57 
H-negative risk:  652 670 1105 1092 434 420 109 104 160 132 57 65 
New BC onsets:  0
BC status:  4920 80 
BC subtype:  4920 65 15 

clinical_engagement 
diagnosis 
demography 
76 new agents 
8 dtreferralsatt8 smreferralsatt293 
disease_progression 
H-positive risk:  668 660 105 1088 419 108 1102 440 130 64 162 54 
H-negative risk:  660 668 1102 1088 440 419 108 105 162 130 54 64 
New BC onsets:  0
BC status:  4919 81 
BC subtype:  4919 64 17 

clinical_engagement 
diagnosis 
demography 
71 new agents 
9 dtreferralsatt9 smreferralsatt294 
disease_progression 
H-positive risk:  679 660 108 1092 425 105 1081 442 134 61 161 52 
H-negative risk:  660 679 1081 1092 442 425 105 108 161 134 52 61 
New BC onsets:  0
BC status:  4920 80 
BC subtype:  4920 64 16 

clinical_engagement 
diagnosis 
demography 
69 new agents 
8 dtreferralsatt8 smreferralsatt295 
disease_progression 
H-positive risk:  668 660 110 1095 427 106 1082 442 136 61 159 54 
H-negative risk:  660 668 1082 1095 442 427 106 110 159 136 54 61 
New BC onsets:  0
BC status:  4922 78 
BC subtype:  4922 63 15 

clinical_engagement 
diagnosis 
demography 
88 new agents 
5 dtreferralsatt5 smreferralsatt296 
disease_progression 
H-positive risk:  671 662 109 1101 420 107 1083 435 134 61 162 55 
H-negative risk:  662 671 1083 1101 435 420 107 109 162 134 55 61 
New BC onsets:  0
BC status:  4924 76 
BC subtype:  4924 61 15 

clinical_engagement 
diagnosis 
demography 
81 new agents 
12 dtreferralsatt12 smreferralsatt297 
disease_progression 
H-positive risk:  668 658 111 1104 413 111 1087 438 135 59 158 58 
H-negative risk:  658 668 1087 1104 438 413 111 111 158 135 58 59 
New BC onsets:  0
BC status:  4926 74 
BC subtype:  4926 59 15 

clinical_engagement 
diagnosis 
demography 
85 new agents 
9 dtreferralsatt9 smreferralsatt298 
disease_progression 
H-positive risk:  660 667 108 1106 414 109 1087 438 136 60 157 58 
H-negative risk:  667 660 1087 1106 438 414 109 108 157 136 58 60 
New BC onsets:  0
BC status:  4923 77 
BC subtype:  4923 62 15 

clinical_engagement 
diagnosis 
demography 
83 new agents 
15 dtreferralsatt15 smreferralsatt299 
disease_progression 
H-positive risk:  661 670 107 1106 413 109 1093 430 133 60 161 57 
H-negative risk:  670 661 1093 1106 430 413 109 107 161 133 57 60 
New BC onsets:  0
BC status:  4922 78 
BC subtype:  4922 63 15 

clinical_engagement 
diagnosis 
demography 
79 new agents 
11 dtreferralsatt11 smreferralsatt300 
disease_progression 
H-positive risk:  662 671 107 1105 413 109 1093 429 132 62 160 57 
H-negative risk:  671 662 1093 1105 429 413 109 107 160 132 57 62 
New BC onsets:  0
BC status:  4928 72 
BC subtype:  4928 58 14 

clinical_engagement 
diagnosis 
demography 
78 new agents 
12 dtreferralsatt12 smreferralsattTime difference of 17.71107 mins
This is task 14
date
