date
Note that the current default version of R is 3.6.1.
Loading required package: network
network: Classes for Relational Data
Version 1.15 created on 2019-04-01.
copyright (c) 2005, Carter T. Butts, University of California-Irvine
                    Mark S. Handcock, University of California -- Los Angeles
                    David R. Hunter, Penn State University
                    Martina Morris, University of Washington
                    Skye Bender-deMoll, University of Washington
 For citation information, type citation("network").
 Type help("network-package") to get started.


networkDynamic: version 0.10.0, created on 2019-04-04
Copyright (c) 2019, Carter T. Butts, University of California -- Irvine
                    Ayn Leslie-Cook, University of Washington
                    Pavel N. Krivitsky, University of Wollongong
                    Skye Bender-deMoll, University of Washington
                    with contributions from
                    Zack Almquist, University of California -- Irvine
                    David R. Hunter, Penn State University
                    Li Wang
                    Kirk Li, University of Washington
                    Steven M. Goodreau, University of Washington
                    Jeffrey Horner
                    Martina Morris, University of Washington
Based on "statnet" project software (statnet.org).
For license and citation information see statnet.org/attribution
or type citation("networkDynamic").

Loading required package: statnet.common

Attaching package: 'statnet.common'

The following object is masked from 'package:base':

    order

sna: Tools for Social Network Analysis
Version 2.4 created on 2016-07-23.
copyright (c) 2005, Carter T. Butts, University of California-Irvine
 For citation information, type citation("sna").
 Type help(package="sna") to get started.


ergm: version 3.10.4, created on 2019-06-10
Copyright (c) 2019, Mark S. Handcock, University of California -- Los Angeles
                    David R. Hunter, Penn State University
                    Carter T. Butts, University of California -- Irvine
                    Steven M. Goodreau, University of Washington
                    Pavel N. Krivitsky, University of Wollongong
                    Martina Morris, University of Washington
                    with contributions from
                    Li Wang
                    Kirk Li, University of Washington
                    Skye Bender-deMoll, University of Washington
                    Chad Klumb
Based on "statnet" project software (statnet.org).
For license and citation information see statnet.org/attribution
or type citation("ergm").

NOTE: Versions before 3.6.1 had a bug in the implementation of the bd()
constriant which distorted the sampled distribution somewhat. In
addition, Sampson's Monks datasets had mislabeled vertices. See the
NEWS and the documentation for more details.

NOTE: Some common term arguments pertaining to vertex attribute and
level selection have changed in 3.10.0. See terms help for more
details. Use 'options(ergm.term=list(version="3.9.4"))' to use old
behavior.


tergm: version 3.6.1, created on 2019-06-12
Copyright (c) 2019, Pavel N. Krivitsky, University of Wollongong
                    Mark S. Handcock, University of California -- Los Angeles
                    with contributions from
                    David R. Hunter, Penn State University
                    Steven M. Goodreau, University of Washington
                    Martina Morris, University of Washington
                    Nicole Bohme Carnegie, New York University
                    Carter T. Butts, University of California -- Irvine
                    Ayn Leslie-Cook, University of Washington
                    Skye Bender-deMoll
                    Li Wang
                    Kirk Li, University of Washington
Based on "statnet" project software (statnet.org).
For license and citation information see statnet.org/attribution
or type citation("tergm").

Starting maximum pseudolikelihood estimation (MPLE):
Evaluating the predictor and response matrix.
Maximizing the pseudolikelihood.
Finished MPLE.
Starting Monte Carlo maximum likelihood estimation (MCMLE):
Iteration 1 of at most 500:
Optimizing with step length 0.334767188163789.
The log-likelihood improved by 3.034.
Iteration 2 of at most 500:
Optimizing with step length 0.562818746639275.
The log-likelihood improved by 2.431.
Iteration 3 of at most 500:
Optimizing with step length 1.
The log-likelihood improved by 0.7445.
Step length converged once. Increasing MCMC sample size.
Iteration 4 of at most 500:
Optimizing with step length 1.
The log-likelihood improved by 0.2361.
Step length converged twice. Stopping.
Finished MCMLE.
This model was fit using MCMC.  To examine model diagnostics and check
for degeneracy, use the mcmc.diagnostics() function.
 degree0  degree1  degree2  degree3  degree4  degree5  degree6  degree7 
       2       16     1278     1090      816      341      329      352 
 degree8  degree9 degree10 degree11 degree12 degree13 degree14 degree15 
     279      202      133       81       44       17       12        5 
degree16 
       3 
1 
disease_progression 
H-positive risk:  875 866 127 851 459 133 886 432 139 48 128 56 
H-negative risk:  866 875 886 851 432 459 133 127 128 139 56 48 
New BC onsets:  0
BC status:  4999 1 
BC subtype:  4999 1 

clinical_engagement 
diagnosis 
demography 
77 new agents 
1 dtreferralsatt1 smreferralsatt2 
disease_progression 
H-positive risk:  888 871 129 850 450 134 878 426 140 49 130 55 
H-negative risk:  871 888 878 850 426 450 134 129 130 140 55 49 
New BC onsets:  0
BC status:  4996 4 
BC subtype:  4996 3 1 

clinical_engagement 
diagnosis 
demography 
55 new agents 
2 dtreferralsatt2 smreferralsatt3 
disease_progression 
H-positive risk:  892 880 129 848 446 133 876 426 139 48 130 53 
H-negative risk:  880 892 876 848 426 446 133 129 130 139 53 48 
New BC onsets:  0
BC status:  4995 5 
BC subtype:  4995 3 2 

clinical_engagement 
diagnosis 
demography 
58 new agents 
4 dtreferralsatt4 smreferralsatt4 
disease_progression 
H-positive risk:  897 881 131 848 440 132 881 419 140 49 130 52 
H-negative risk:  881 897 881 848 419 440 132 131 130 140 52 49 
New BC onsets:  0
BC status:  4993 7 
BC subtype:  4993 4 3 

clinical_engagement 
diagnosis 
demography 
50 new agents 
1 dtreferralsatt1 smreferralsatt5 
disease_progression 
H-positive risk:  897 882 132 849 435 133 884 418 143 47 129 51 
H-negative risk:  882 897 884 849 418 435 133 132 129 143 51 47 
New BC onsets:  0
BC status:  4992 8 
BC subtype:  4992 4 4 

clinical_engagement 
diagnosis 
demography 
60 new agents 
7 dtreferralsatt7 smreferralsatt6 
disease_progression 
H-positive risk:  901 892 134 843 432 135 879 414 142 47 127 54 
H-negative risk:  892 901 879 843 414 432 135 134 127 142 54 47 
New BC onsets:  0
BC status:  4990 10 
BC subtype:  4990 5 5 

clinical_engagement 
diagnosis 
demography 
57 new agents 
6 dtreferralsatt6 smreferralsatt7 
disease_progression 
H-positive risk:  913 895 134 845 432 139 874 406 136 47 125 54 
H-negative risk:  895 913 874 845 406 432 139 134 125 136 54 47 
New BC onsets:  0
BC status:  4986 14 
BC subtype:  4986 7 7 

clinical_engagement 
diagnosis 
demography 
72 new agents 
8 dtreferralsatt8 smreferralsatt8 
disease_progression 
H-positive risk:  917 901 133 848 429 143 870 397 138 47 125 52 
H-negative risk:  901 917 870 848 397 429 143 133 125 138 52 47 
New BC onsets:  0
BC status:  4983 17 
BC subtype:  4983 9 8 

clinical_engagement 
diagnosis 
demography 
60 new agents 
9 dtreferralsatt9 smreferralsatt9 
disease_progression 
H-positive risk:  921 903 134 845 422 145 874 395 139 47 122 53 
H-negative risk:  903 921 874 845 395 422 145 134 122 139 53 47 
New BC onsets:  0
BC status:  4983 17 
BC subtype:  4983 10 7 

clinical_engagement 
diagnosis 
demography 
59 new agents 
6 dtreferralsatt6 smreferralsatt10 
disease_progression 
H-positive risk:  923 908 134 849 417 144 879 386 138 44 123 55 
H-negative risk:  908 923 879 849 386 417 144 134 123 138 55 44 
New BC onsets:  0
BC status:  4979 21 
BC subtype:  4979 13 8 

clinical_engagement 
diagnosis 
demography 
56 new agents 
5 dtreferralsatt5 smreferralsatt11 
disease_progression 
H-positive risk:  928 917 137 847 415 145 872 383 139 43 121 53 
H-negative risk:  917 928 872 847 383 415 145 137 121 139 53 43 
New BC onsets:  0
BC status:  4975 25 
BC subtype:  4975 14 11 

clinical_engagement 
diagnosis 
demography 
65 new agents 
10 dtreferralsatt10 smreferralsatt12 
disease_progression 
H-positive risk:  934 919 137 852 409 145 869 379 140 44 121 51 
H-negative risk:  919 934 869 852 379 409 145 137 121 140 51 44 
New BC onsets:  0
BC status:  4975 25 
BC subtype:  4975 14 11 

clinical_engagement 
diagnosis 
demography 
49 new agents 
3 dtreferralsatt3 smreferralsatt13 
disease_progression 
H-positive risk:  859 834 132 931 410 129 947 381 154 43 129 51 
H-negative risk:  834 859 947 931 381 410 129 132 129 154 51 43 
New BC onsets:  0
BC status:  4974 26 
BC subtype:  4974 16 10 

clinical_engagement 
diagnosis 
demography 
221 new agents 
8 dtreferralsatt8 smreferralsatt14 
disease_progression 
H-positive risk:  896 857 133 892 405 130 911 397 149 48 126 56 
H-negative risk:  857 896 911 892 397 405 130 133 126 149 56 48 
New BC onsets:  0
BC status:  4969 31 
BC subtype:  4969 20 11 

clinical_engagement 
diagnosis 
demography 
74 new agents 
11 dtreferralsatt11 smreferralsatt15 
disease_progression 
H-positive risk:  903 853 135 897 400 131 909 397 148 48 122 57 
H-negative risk:  853 903 909 897 397 400 131 135 122 148 57 48 
New BC onsets:  0
BC status:  4969 31 
BC subtype:  4969 20 11 

clinical_engagement 
diagnosis 
demography 
59 new agents 
7 dtreferralsatt7 smreferralsatt16 
disease_progression 
H-positive risk:  907 856 135 903 394 130 900 400 150 48 120 57 
H-negative risk:  856 907 900 903 400 394 130 135 120 150 57 48 
New BC onsets:  0
BC status:  4966 34 
BC subtype:  4966 20 14 

clinical_engagement 
diagnosis 
demography 
74 new agents 
8 dtreferralsatt8 smreferralsatt17 
disease_progression 
H-positive risk:  917 861 136 901 386 128 899 395 151 50 121 55 
H-negative risk:  861 917 899 901 395 386 128 136 121 151 55 50 
New BC onsets:  0
BC status:  4962 38 
BC subtype:  4962 24 14 

clinical_engagement 
diagnosis 
demography 
60 new agents 
7 dtreferralsatt7 smreferralsatt18 
disease_progression 
H-positive risk:  913 871 135 903 388 129 894 391 152 50 120 54 
H-negative risk:  871 913 894 903 391 388 129 135 120 152 54 50 
New BC onsets:  0
BC status:  4962 38 
BC subtype:  4962 24 14 

clinical_engagement 
diagnosis 
demography 
50 new agents 
9 dtreferralsatt9 smreferralsatt19 
disease_progression 
H-positive risk:  917 876 135 893 391 130 890 388 155 51 121 53 
H-negative risk:  876 917 890 893 388 391 130 135 121 155 53 51 
New BC onsets:  0
BC status:  4962 38 
BC subtype:  4962 25 13 

clinical_engagement 
diagnosis 
demography 
68 new agents 
12 dtreferralsatt12 smreferralsatt20 
disease_progression 
H-positive risk:  919 882 134 891 388 128 892 385 153 53 120 55 
H-negative risk:  882 919 892 891 385 388 128 134 120 153 55 53 
New BC onsets:  0
BC status:  4960 40 
BC subtype:  4960 26 14 

clinical_engagement 
diagnosis 
demography 
52 new agents 
6 dtreferralsatt6 smreferralsatt21 
disease_progression 
H-positive risk:  925 887 133 890 385 128 888 385 152 53 121 53 
H-negative risk:  887 925 888 890 385 385 128 133 121 152 53 53 
New BC onsets:  0
BC status:  4959 41 
BC subtype:  4959 27 14 

clinical_engagement 
diagnosis 
demography 
61 new agents 
8 dtreferralsatt8 smreferralsatt22 
disease_progression 
H-positive risk:  934 888 133 878 388 130 889 387 150 52 119 52 
H-negative risk:  888 934 889 878 387 388 130 133 119 150 52 52 
New BC onsets:  0
BC status:  4956 44 
BC subtype:  4956 29 15 

clinical_engagement 
diagnosis 
demography 
58 new agents 
9 dtreferralsatt9 smreferralsatt23 
disease_progression 
H-positive risk:  936 895 132 883 381 129 890 384 147 52 121 50 
H-negative risk:  895 936 890 883 384 381 129 132 121 147 50 52 
New BC onsets:  0
BC status:  4952 48 
BC subtype:  4952 32 16 

clinical_engagement 
diagnosis 
demography 
50 new agents 
11 dtreferralsatt11 smreferralsatt24 
disease_progression 
H-positive risk:  947 892 132 881 378 130 893 379 146 52 121 49 
H-negative risk:  892 947 893 881 379 378 130 132 121 146 49 52 
New BC onsets:  0
BC status:  4950 50 
BC subtype:  4950 34 16 

clinical_engagement 
diagnosis 
demography 
73 new agents 
10 dtreferralsatt10 smreferralsatt25 
disease_progression 
H-positive risk:  884 828 122 945 380 120 964 371 154 51 132 49 
H-negative risk:  828 884 964 945 371 380 120 122 132 154 49 51 
New BC onsets:  0
BC status:  4949 51 
BC subtype:  4949 35 16 

clinical_engagement 
diagnosis 
demography 
163 new agents 
13 dtreferralsatt13 smreferralsatt26 
disease_progression 
H-positive risk:  898 849 124 913 404 119 937 375 151 56 120 54 
H-negative risk:  849 898 937 913 375 404 119 124 120 151 54 56 
New BC onsets:  0
BC status:  4945 55 
BC subtype:  4945 36 19 

clinical_engagement 
diagnosis 
demography 
59 new agents 
10 dtreferralsatt10 smreferralsatt27 
disease_progression 
H-positive risk:  899 852 128 914 402 120 936 378 145 53 119 54 
H-negative risk:  852 899 936 914 378 402 120 128 119 145 54 53 
New BC onsets:  0
BC status:  4945 55 
BC subtype:  4945 37 18 

clinical_engagement 
diagnosis 
demography 
68 new agents 
10 dtreferralsatt10 smreferralsatt28 
disease_progression 
H-positive risk:  898 861 128 910 396 122 938 373 145 54 122 53 
H-negative risk:  861 898 938 910 373 396 122 128 122 145 53 54 
New BC onsets:  0
BC status:  4945 55 
BC subtype:  4945 37 18 

clinical_engagement 
diagnosis 
demography 
60 new agents 
15 dtreferralsatt15 smreferralsatt29 
disease_progression 
H-positive risk:  899 858 126 910 395 122 938 375 144 55 126 52 
H-negative risk:  858 899 938 910 375 395 122 126 126 144 52 55 
New BC onsets:  0
BC status:  4942 58 
BC subtype:  4942 38 20 

clinical_engagement 
diagnosis 
demography 
67 new agents 
6 dtreferralsatt6 smreferralsatt30 
disease_progression 
H-positive risk:  903 862 126 909 386 123 940 372 145 56 127 51 
H-negative risk:  862 903 940 909 372 386 123 126 127 145 51 56 
New BC onsets:  0
BC status:  4942 58 
BC subtype:  4942 38 20 

clinical_engagement 
diagnosis 
demography 
46 new agents 
10 dtreferralsatt10 smreferralsatt31 
disease_progression 
H-positive risk:  904 867 126 907 384 123 940 370 144 55 129 51 
H-negative risk:  867 904 940 907 370 384 123 126 129 144 51 55 
New BC onsets:  0
BC status:  4940 60 
BC subtype:  4940 38 22 

clinical_engagement 
diagnosis 
demography 
73 new agents 
9 dtreferralsatt9 smreferralsatt32 
disease_progression 
H-positive risk:  910 866 126 910 385 123 936 362 144 56 130 52 
H-negative risk:  866 910 936 910 362 385 123 126 130 144 52 56 
New BC onsets:  0
BC status:  4940 60 
BC subtype:  4940 38 22 

clinical_engagement 
diagnosis 
demography 
63 new agents 
12 dtreferralsatt12 smreferralsatt33 
disease_progression 
H-positive risk:  912 882 125 905 381 121 930 363 140 57 132 52 
H-negative risk:  882 912 930 905 363 381 121 125 132 140 52 57 
New BC onsets:  0
BC status:  4937 63 
BC subtype:  4937 39 24 

clinical_engagement 
diagnosis 
demography 
64 new agents 
10 dtreferralsatt10 smreferralsatt34 
disease_progression 
H-positive risk:  915 883 126 908 381 122 922 365 142 55 132 49 
H-negative risk:  883 915 922 908 365 381 122 126 132 142 49 55 
New BC onsets:  0
BC status:  4934 66 
BC subtype:  4934 42 24 

clinical_engagement 
diagnosis 
demography 
63 new agents 
9 dtreferralsatt9 smreferralsatt35 
disease_progression 
H-positive risk:  926 884 126 907 379 122 910 369 144 53 132 48 
H-negative risk:  884 926 910 907 369 379 122 126 132 144 48 53 
New BC onsets:  0
BC status:  4932 68 
BC subtype:  4932 44 24 

clinical_engagement 
diagnosis 
demography 
57 new agents 
15 dtreferralsatt15 smreferralsatt36 
disease_progression 
H-positive risk:  924 884 126 910 379 125 902 369 147 54 133 47 
H-negative risk:  884 924 902 910 369 379 125 126 133 147 47 54 
New BC onsets:  0
BC status:  4932 68 
BC subtype:  4932 44 24 

clinical_engagement 
diagnosis 
demography 
66 new agents 
8 dtreferralsatt8 smreferralsatt37 
disease_progression 
H-positive risk:  863 820 121 979 373 116 965 368 154 53 141 47 
H-negative risk:  820 863 965 979 368 373 116 121 141 154 47 53 
New BC onsets:  0
BC status:  4930 70 
BC subtype:  4930 44 26 

clinical_engagement 
diagnosis 
demography 
170 new agents 
10 dtreferralsatt10 smreferralsatt38 
disease_progression 
H-positive risk:  874 836 125 965 382 119 927 378 150 54 131 59 
H-negative risk:  836 874 927 965 378 382 119 125 131 150 59 54 
New BC onsets:  0
BC status:  4930 70 
BC subtype:  4930 43 27 

clinical_engagement 
diagnosis 
demography 
86 new agents 
9 dtreferralsatt9 smreferralsatt39 
disease_progression 
H-positive risk:  874 834 127 972 381 121 919 379 149 54 130 60 
H-negative risk:  834 874 919 972 379 381 121 127 130 149 60 54 
New BC onsets:  0
BC status:  4926 74 
BC subtype:  4926 47 27 

clinical_engagement 
diagnosis 
demography 
60 new agents 
15 dtreferralsatt15 smreferralsatt40 
disease_progression 
H-positive risk:  877 838 131 963 380 122 917 377 154 56 126 59 
H-negative risk:  838 877 917 963 377 380 122 131 126 154 59 56 
New BC onsets:  0
BC status:  4923 77 
BC subtype:  4923 49 28 

clinical_engagement 
diagnosis 
demography 
61 new agents 
14 dtreferralsatt14 smreferralsatt41 
disease_progression 
H-positive risk:  880 841 133 959 375 123 919 376 153 55 126 60 
H-negative risk:  841 880 919 959 376 375 123 133 126 153 60 55 
New BC onsets:  0
BC status:  4924 76 
BC subtype:  4924 49 27 

clinical_engagement 
diagnosis 
demography 
56 new agents 
8 dtreferralsatt8 smreferralsatt42 
disease_progression 
H-positive risk:  879 836 135 960 374 123 912 382 156 55 128 60 
H-negative risk:  836 879 912 960 382 374 123 135 128 156 60 55 
New BC onsets:  0
BC status:  4920 80 
BC subtype:  4920 52 28 

clinical_engagement 
diagnosis 
demography 
59 new agents 
8 dtreferralsatt8 smreferralsatt43 
disease_progression 
H-positive risk:  876 849 134 960 365 124 914 383 156 56 127 56 
H-negative risk:  849 876 914 960 383 365 124 134 127 156 56 56 
New BC onsets:  0
BC status:  4919 81 
BC subtype:  4919 54 27 

clinical_engagement 
diagnosis 
demography 
61 new agents 
6 dtreferralsatt6 smreferralsatt44 
disease_progression 
H-positive risk:  882 851 134 967 360 125 912 380 154 56 124 55 
H-negative risk:  851 882 912 967 380 360 125 134 124 154 55 56 
New BC onsets:  0
BC status:  4922 78 
BC subtype:  4922 52 26 

clinical_engagement 
diagnosis 
demography 
70 new agents 
12 dtreferralsatt12 smreferralsatt45 
disease_progression 
H-positive risk:  893 848 133 965 360 125 902 382 154 58 125 55 
H-negative risk:  848 893 902 965 382 360 125 133 125 154 55 58 
New BC onsets:  0
BC status:  4920 80 
BC subtype:  4920 55 25 

clinical_engagement 
diagnosis 
demography 
67 new agents 
7 dtreferralsatt7 smreferralsatt46 
disease_progression 
H-positive risk:  892 850 134 969 357 126 910 375 152 58 123 54 
H-negative risk:  850 892 910 969 375 357 126 134 123 152 54 58 
New BC onsets:  0
BC status:  4920 80 
BC subtype:  4920 55 25 

clinical_engagement 
diagnosis 
demography 
71 new agents 
10 dtreferralsatt10 smreferralsatt47 
disease_progression 
H-positive risk:  895 849 137 972 349 128 912 373 149 58 122 56 
H-negative risk:  849 895 912 972 373 349 128 137 122 149 56 58 
New BC onsets:  0
BC status:  4922 78 
BC subtype:  4922 52 26 

clinical_engagement 
diagnosis 
demography 
61 new agents 
8 dtreferralsatt8 smreferralsatt48 
disease_progression 
H-positive risk:  894 849 137 975 345 126 921 367 154 57 121 54 
H-negative risk:  849 894 921 975 367 345 126 137 121 154 54 57 
New BC onsets:  0
BC status:  4920 80 
BC subtype:  4920 55 25 

clinical_engagement 
diagnosis 
demography 
48 new agents 
12 dtreferralsatt12 smreferralsatt49 
disease_progression 
H-positive risk:  826 791 125 1037 348 116 982 366 167 55 133 54 
H-negative risk:  791 826 982 1037 366 348 116 125 133 167 54 55 
New BC onsets:  0
BC status:  4918 82 
BC subtype:  4918 58 24 

clinical_engagement 
diagnosis 
demography 
135 new agents 
16 dtreferralsatt16 smreferralsatt50 
disease_progression 
H-positive risk:  824 810 124 1035 349 116 963 380 162 57 124 56 
H-negative risk:  810 824 963 1035 380 349 116 124 124 162 56 57 
New BC onsets:  0
BC status:  4910 90 
BC subtype:  4910 66 24 

clinical_engagement 
diagnosis 
demography 
84 new agents 
9 dtreferralsatt9 smreferralsatt51 
disease_progression 
H-positive risk:  819 823 123 1035 352 119 954 376 161 58 124 56 
H-negative risk:  823 819 954 1035 376 352 119 123 124 161 56 58 
New BC onsets:  0
BC status:  4908 92 
BC subtype:  4908 67 25 

clinical_engagement 
diagnosis 
demography 
68 new agents 
9 dtreferralsatt9 smreferralsatt52 
disease_progression 
H-positive risk:  824 822 124 1033 350 121 946 381 162 58 121 58 
H-negative risk:  822 824 946 1033 381 350 121 124 121 162 58 58 
New BC onsets:  0
BC status:  4909 91 
BC subtype:  4909 66 25 

clinical_engagement 
diagnosis 
demography 
69 new agents 
6 dtreferralsatt6 smreferralsatt53 
disease_progression 
H-positive risk:  835 824 127 1036 340 121 943 377 164 56 123 54 
H-negative risk:  824 835 943 1036 377 340 121 127 123 164 54 56 
New BC onsets:  0
BC status:  4909 91 
BC subtype:  4909 67 24 

clinical_engagement 
diagnosis 
demography 
62 new agents 
9 dtreferralsatt9 smreferralsatt54 
disease_progression 
H-positive risk:  837 827 126 1032 342 122 938 378 166 55 122 55 
H-negative risk:  827 837 938 1032 378 342 122 126 122 166 55 55 
New BC onsets:  0
BC status:  4908 92 
BC subtype:  4908 69 23 

clinical_engagement 
diagnosis 
demography 
53 new agents 
5 dtreferralsatt5 smreferralsatt55 
disease_progression 
H-positive risk:  834 831 124 1030 344 122 939 375 168 54 125 54 
H-negative risk:  831 834 939 1030 375 344 122 124 125 168 54 54 
New BC onsets:  0
BC status:  4907 93 
BC subtype:  4907 70 23 

clinical_engagement 
diagnosis 
demography 
53 new agents 
12 dtreferralsatt12 smreferralsatt56 
disease_progression 
H-positive risk:  841 832 124 1023 345 121 935 373 173 53 126 54 
H-negative risk:  832 841 935 1023 373 345 121 124 126 173 54 53 
New BC onsets:  0
BC status:  4905 95 
BC subtype:  4905 72 23 

clinical_engagement 
diagnosis 
demography 
67 new agents 
11 dtreferralsatt11 smreferralsatt57 
disease_progression 
H-positive risk:  848 845 125 1015 346 121 931 367 169 53 124 56 
H-negative risk:  845 848 931 1015 367 346 121 125 124 169 56 53 
New BC onsets:  0
BC status:  4904 96 
BC subtype:  4904 73 23 

clinical_engagement 
diagnosis 
demography 
80 new agents 
8 dtreferralsatt8 smreferralsatt58 
disease_progression 
H-positive risk:  845 853 124 1021 342 123 929 367 168 50 125 53 
H-negative risk:  853 845 929 1021 367 342 123 124 125 168 53 50 
New BC onsets:  0
BC status:  4905 95 
BC subtype:  4905 73 22 

clinical_engagement 
diagnosis 
demography 
75 new agents 
17 dtreferralsatt17 smreferralsatt59 
disease_progression 
H-positive risk:  850 855 126 1024 333 122 925 368 168 48 128 53 
H-negative risk:  855 850 925 1024 368 333 122 126 128 168 53 48 
New BC onsets:  0
BC status:  4905 95 
BC subtype:  4905 73 22 

clinical_engagement 
diagnosis 
demography 
61 new agents 
18 dtreferralsatt18 smreferralsatt60 
disease_progression 
H-positive risk:  856 867 130 1012 331 121 922 365 168 48 127 53 
H-negative risk:  867 856 922 1012 365 331 121 130 127 168 53 48 
New BC onsets:  0
BC status:  4901 99 
BC subtype:  4901 77 22 

clinical_engagement 
diagnosis 
demography 
62 new agents 
9 dtreferralsatt9 smreferralsatt61 
disease_progression 
H-positive risk:  810 814 123 1066 330 118 975 363 169 49 133 50 
H-negative risk:  814 810 975 1066 363 330 118 123 133 169 50 49 
New BC onsets:  0
BC status:  4900 100 
BC subtype:  4900 77 23 

clinical_engagement 
diagnosis 
demography 
114 new agents 
11 dtreferralsatt11 smreferralsatt62 
disease_progression 
H-positive risk:  819 819 127 1049 325 120 958 389 164 49 124 57 
H-negative risk:  819 819 958 1049 389 325 120 127 124 164 57 49 
New BC onsets:  0
BC status:  4904 96 
BC subtype:  4904 73 23 

clinical_engagement 
diagnosis 
demography 
68 new agents 
5 dtreferralsatt5 smreferralsatt63 
disease_progression 
H-positive risk:  826 816 127 1047 328 117 959 385 163 49 122 61 
H-negative risk:  816 826 959 1047 385 328 117 127 122 163 61 49 
New BC onsets:  0
BC status:  4900 100 
BC subtype:  4900 77 23 

clinical_engagement 
diagnosis 
demography 
54 new agents 
13 dtreferralsatt13 smreferralsatt64 
disease_progression 
H-positive risk:  822 817 125 1040 336 117 951 391 165 51 126 59 
H-negative risk:  817 822 951 1040 391 336 117 125 126 165 59 51 
New BC onsets:  0
BC status:  4902 98 
BC subtype:  4902 76 22 

clinical_engagement 
diagnosis 
demography 
77 new agents 
10 dtreferralsatt10 smreferralsatt65 
disease_progression 
H-positive risk:  829 818 123 1032 340 118 954 384 164 50 127 61 
H-negative risk:  818 829 954 1032 384 340 118 123 127 164 61 50 
New BC onsets:  0
BC status:  4903 97 
BC subtype:  4903 74 23 

clinical_engagement 
diagnosis 
demography 
74 new agents 
17 dtreferralsatt17 smreferralsatt66 
disease_progression 
H-positive risk:  836 821 122 1027 337 120 953 387 161 49 127 60 
H-negative risk:  821 836 953 1027 387 337 120 122 127 161 60 49 
New BC onsets:  0
BC status:  4900 100 
BC subtype:  4900 75 25 

clinical_engagement 
diagnosis 
demography 
71 new agents 
17 dtreferralsatt17 smreferralsatt67 
disease_progression 
H-positive risk:  837 823 122 1030 329 120 956 384 164 51 126 58 
H-negative risk:  823 837 956 1030 384 329 120 122 126 164 58 51 
New BC onsets:  0
BC status:  4902 98 
BC subtype:  4902 74 24 

clinical_engagement 
diagnosis 
demography 
63 new agents 
11 dtreferralsatt11 smreferralsatt68 
disease_progression 
H-positive risk:  832 826 125 1030 329 121 959 377 165 50 128 58 
H-negative risk:  826 832 959 1030 377 329 121 125 128 165 58 50 
New BC onsets:  0
BC status:  4903 97 
BC subtype:  4903 73 24 

clinical_engagement 
diagnosis 
demography 
65 new agents 
10 dtreferralsatt10 smreferralsatt69 
disease_progression 
H-positive risk:  835 827 128 1023 331 120 961 374 162 49 131 59 
H-negative risk:  827 835 961 1023 374 331 120 128 131 162 59 49 
New BC onsets:  0
BC status:  4901 99 
BC subtype:  4901 76 23 

clinical_engagement 
diagnosis 
demography 
65 new agents 
4 dtreferralsatt4 smreferralsatt70 
disease_progression 
H-positive risk:  832 828 127 1020 340 119 963 375 162 48 128 58 
H-negative risk:  828 832 963 1020 375 340 119 127 128 162 58 48 
New BC onsets:  0
BC status:  4901 99 
BC subtype:  4901 76 23 

clinical_engagement 
diagnosis 
demography 
61 new agents 
10 dtreferralsatt10 smreferralsatt71 
disease_progression 
H-positive risk:  822 821 123 1030 338 122 967 375 162 47 133 60 
H-negative risk:  821 822 967 1030 375 338 122 123 133 162 60 47 
New BC onsets:  0
BC status:  4899 101 
BC subtype:  4899 77 24 

clinical_engagement 
diagnosis 
demography 
80 new agents 
16 dtreferralsatt16 smreferralsatt72 
disease_progression 
H-positive risk:  824 826 122 1025 335 124 975 367 163 47 135 57 
H-negative risk:  826 824 975 1025 367 335 124 122 135 163 57 47 
New BC onsets:  0
BC status:  4899 101 
BC subtype:  4899 74 27 

clinical_engagement 
diagnosis 
demography 
87 new agents 
11 dtreferralsatt11 smreferralsatt73 
disease_progression 
H-positive risk:  771 799 114 1049 337 113 1027 363 173 49 147 58 
H-negative risk:  799 771 1027 1049 363 337 113 114 147 173 58 49 
New BC onsets:  0
BC status:  4900 100 
BC subtype:  4900 73 27 

clinical_engagement 
diagnosis 
demography 
110 new agents 
9 dtreferralsatt9 smreferralsatt74 
disease_progression 
H-positive risk:  779 811 111 1016 358 118 1004 374 169 52 147 61 
H-negative risk:  811 779 1004 1016 374 358 118 111 147 169 61 52 
New BC onsets:  0
BC status:  4903 97 
BC subtype:  4903 72 25 

clinical_engagement 
diagnosis 
demography 
87 new agents 
14 dtreferralsatt14 smreferralsatt75 
disease_progression 
H-positive risk:  773 816 109 1013 359 120 1004 377 167 51 149 62 
H-negative risk:  816 773 1004 1013 377 359 120 109 149 167 62 51 
New BC onsets:  0
BC status:  4903 97 
BC subtype:  4903 72 25 

clinical_engagement 
diagnosis 
demography 
81 new agents 
10 dtreferralsatt10 smreferralsatt76 
disease_progression 
H-positive risk:  778 822 108 1009 354 121 1007 377 163 50 149 62 
H-negative risk:  822 778 1007 1009 377 354 121 108 149 163 62 50 
New BC onsets:  0
BC status:  4902 98 
BC subtype:  4902 72 26 

clinical_engagement 
diagnosis 
demography 
59 new agents 
7 dtreferralsatt7 smreferralsatt77 
disease_progression 
H-positive risk:  785 818 108 1002 357 122 1004 377 163 52 150 62 
H-negative risk:  818 785 1004 1002 377 357 122 108 150 163 62 52 
New BC onsets:  0
BC status:  4901 99 
BC subtype:  4901 73 26 

clinical_engagement 
diagnosis 
demography 
53 new agents 
7 dtreferralsatt7 smreferralsatt78 
disease_progression 
H-positive risk:  785 819 107 1013 352 121 1000 380 164 50 150 59 
H-negative risk:  819 785 1000 1013 380 352 121 107 150 164 59 50 
New BC onsets:  0
BC status:  4901 99 
BC subtype:  4901 73 26 

clinical_engagement 
diagnosis 
demography 
70 new agents 
7 dtreferralsatt7 smreferralsatt79 
disease_progression 
H-positive risk:  785 824 105 1017 356 119 995 378 167 48 150 56 
H-negative risk:  824 785 995 1017 378 356 119 105 150 167 56 48 
New BC onsets:  0
BC status:  4902 98 
BC subtype:  4902 73 25 

clinical_engagement 
diagnosis 
demography 
67 new agents 
5 dtreferralsatt5 smreferralsatt80 
disease_progression 
H-positive risk:  780 826 105 1008 363 123 996 377 168 47 150 57 
H-negative risk:  826 780 996 1008 377 363 123 105 150 168 57 47 
New BC onsets:  0
BC status:  4899 101 
BC subtype:  4899 74 27 

clinical_engagement 
diagnosis 
demography 
66 new agents 
9 dtreferralsatt9 smreferralsatt81 
disease_progression 
H-positive risk:  781 828 108 1012 356 122 1001 378 166 47 147 54 
H-negative risk:  828 781 1001 1012 378 356 122 108 147 166 54 47 
New BC onsets:  0
BC status:  4901 99 
BC subtype:  4901 74 25 

clinical_engagement 
diagnosis 
demography 
58 new agents 
8 dtreferralsatt8 smreferralsatt82 
disease_progression 
H-positive risk:  778 822 112 1018 358 121 1007 371 166 47 148 52 
H-negative risk:  822 778 1007 1018 371 358 121 112 148 166 52 47 
New BC onsets:  0
BC status:  4901 99 
BC subtype:  4901 74 25 

clinical_engagement 
diagnosis 
demography 
68 new agents 
8 dtreferralsatt8 smreferralsatt83 
disease_progression 
H-positive risk:  778 819 110 1014 365 120 1013 366 166 50 147 52 
H-negative risk:  819 778 1013 1014 366 365 120 110 147 166 52 50 
New BC onsets:  0
BC status:  4900 100 
BC subtype:  4900 76 24 

clinical_engagement 
diagnosis 
demography 
62 new agents 
7 dtreferralsatt7 smreferralsatt84 
disease_progression 
H-positive risk:  776 826 111 1002 367 121 1009 371 165 51 148 53 
H-negative risk:  826 776 1009 1002 371 367 121 111 148 165 53 51 
New BC onsets:  0
BC status:  4897 103 
BC subtype:  4897 77 26 

clinical_engagement 
diagnosis 
demography 
63 new agents 
12 dtreferralsatt12 smreferralsatt85 
disease_progression 
H-positive risk:  727 786 103 1040 361 116 1061 368 174 53 157 54 
H-negative risk:  786 727 1061 1040 368 361 116 103 157 174 54 53 
New BC onsets:  0
BC status:  4895 105 
BC subtype:  4895 78 27 

clinical_engagement 
diagnosis 
demography 
105 new agents 
10 dtreferralsatt10 smreferralsatt86 
disease_progression 
H-positive risk:  718 770 106 1032 383 114 1062 374 169 60 154 58 
H-negative risk:  770 718 1062 1032 374 383 114 106 154 169 58 60 
New BC onsets:  0
BC status:  4896 104 
BC subtype:  4896 78 26 

clinical_engagement 
diagnosis 
demography 
90 new agents 
7 dtreferralsatt7 smreferralsatt87 
disease_progression 
H-positive risk:  722 776 105 1025 374 116 1061 380 168 59 156 58 
H-negative risk:  776 722 1061 1025 380 374 116 105 156 168 58 59 
New BC onsets:  0
BC status:  4898 102 
BC subtype:  4898 77 25 

clinical_engagement 
diagnosis 
demography 
71 new agents 
14 dtreferralsatt14 smreferralsatt88 
disease_progression 
H-positive risk:  716 783 104 1028 367 119 1069 375 170 57 154 58 
H-negative risk:  783 716 1069 1028 375 367 119 104 154 170 58 57 
New BC onsets:  0
BC status:  4901 99 
BC subtype:  4901 77 22 

clinical_engagement 
diagnosis 
demography 
76 new agents 
8 dtreferralsatt8 smreferralsatt89 
disease_progression 
H-positive risk:  721 790 101 1035 363 118 1064 372 172 56 150 58 
H-negative risk:  790 721 1064 1035 372 363 118 101 150 172 58 56 
New BC onsets:  0
BC status:  4901 99 
BC subtype:  4901 77 22 

clinical_engagement 
diagnosis 
demography 
70 new agents 
11 dtreferralsatt11 smreferralsatt90 
disease_progression 
H-positive risk:  725 787 100 1043 361 116 1063 376 168 55 150 56 
H-negative risk:  787 725 1063 1043 376 361 116 100 150 168 56 55 
New BC onsets:  0
BC status:  4903 97 
BC subtype:  4903 77 20 

clinical_engagement 
diagnosis 
demography 
77 new agents 
15 dtreferralsatt15 smreferralsatt91 
disease_progression 
H-positive risk:  730 791 101 1049 363 116 1057 364 169 53 152 55 
H-negative risk:  791 730 1057 1049 364 363 116 101 152 169 55 53 
New BC onsets:  0
BC status:  4904 96 
BC subtype:  4904 77 19 

clinical_engagement 
diagnosis 
demography 
71 new agents 
12 dtreferralsatt12 smreferralsatt92 
disease_progression 
H-positive risk:  724 793 98 1054 358 115 1058 367 171 51 156 55 
H-negative risk:  793 724 1058 1054 367 358 115 98 156 171 55 51 
New BC onsets:  0
BC status:  4903 97 
BC subtype:  4903 78 19 

clinical_engagement 
diagnosis 
demography 
65 new agents 
12 dtreferralsatt12 smreferralsatt93 
disease_progression 
H-positive risk:  731 800 99 1044 355 113 1062 361 173 51 157 54 
H-negative risk:  800 731 1062 1044 361 355 113 99 157 173 54 51 
New BC onsets:  0
BC status:  4904 96 
BC subtype:  4904 78 18 

clinical_engagement 
diagnosis 
demography 
68 new agents 
10 dtreferralsatt10 smreferralsatt94 
disease_progression 
H-positive risk:  725 805 101 1045 354 115 1056 367 179 47 148 58 
H-negative risk:  805 725 1056 1045 367 354 115 101 148 179 58 47 
New BC onsets:  0
BC status:  4904 96 
BC subtype:  4904 78 18 

clinical_engagement 
diagnosis 
demography 
74 new agents 
14 dtreferralsatt14 smreferralsatt95 
disease_progression 
H-positive risk:  728 799 103 1052 352 114 1048 370 181 46 148 59 
H-negative risk:  799 728 1048 1052 370 352 114 103 148 181 59 46 
New BC onsets:  0
BC status:  4905 95 
BC subtype:  4905 78 17 

clinical_engagement 
diagnosis 
demography 
76 new agents 
14 dtreferralsatt14 smreferralsatt96 
disease_progression 
H-positive risk:  724 803 102 1058 347 114 1047 367 183 47 146 62 
H-negative risk:  803 724 1047 1058 367 347 114 102 146 183 62 47 
New BC onsets:  0
BC status:  4909 91 
BC subtype:  4909 75 16 

clinical_engagement 
diagnosis 
demography 
65 new agents 
13 dtreferralsatt13 smreferralsatt97 
disease_progression 
H-positive risk:  680 761 98 1099 353 109 1084 366 193 48 148 61 
H-negative risk:  761 680 1084 1099 366 353 109 98 148 193 61 48 
New BC onsets:  0
BC status:  4907 93 
BC subtype:  4907 77 16 

clinical_engagement 
diagnosis 
demography 
91 new agents 
10 dtreferralsatt10 smreferralsatt98 
disease_progression 
H-positive risk:  675 762 98 1087 363 107 1084 368 191 53 150 62 
H-negative risk:  762 675 1084 1087 368 363 107 98 150 191 62 53 
New BC onsets:  0
BC status:  4904 96 
BC subtype:  4904 81 15 

clinical_engagement 
diagnosis 
demography 
61 new agents 
10 dtreferralsatt10 smreferralsatt99 
disease_progression 
H-positive risk:  682 758 98 1088 364 105 1076 370 193 55 148 63 
H-negative risk:  758 682 1076 1088 370 364 105 98 148 193 63 55 
New BC onsets:  0
BC status:  4906 94 
BC subtype:  4906 79 15 

clinical_engagement 
diagnosis 
demography 
57 new agents 
14 dtreferralsatt14 smreferralsatt100 
disease_progression 
H-positive risk:  680 759 101 1093 362 104 1071 370 193 55 149 63 
H-negative risk:  759 680 1071 1093 370 362 104 101 149 193 63 55 
New BC onsets:  0
BC status:  4905 95 
BC subtype:  4905 80 15 

clinical_engagement 
diagnosis 
demography 
84 new agents 
18 dtreferralsatt18 smreferralsatt101 
disease_progression 
H-positive risk:  679 752 101 1105 363 105 1070 364 190 58 151 62 
H-negative risk:  752 679 1070 1105 364 363 105 101 151 190 62 58 
New BC onsets:  0
BC status:  4904 96 
BC subtype:  4904 82 14 

clinical_engagement 
diagnosis 
demography 
70 new agents 
7 dtreferralsatt7 smreferralsatt102 
disease_progression 
H-positive risk:  681 745 105 1110 362 103 1066 361 192 61 151 63 
H-negative risk:  745 681 1066 1110 361 362 103 105 151 192 63 61 
New BC onsets:  0
BC status:  4901 99 
BC subtype:  4901 85 14 

clinical_engagement 
diagnosis 
demography 
69 new agents 
12 dtreferralsatt12 smreferralsatt103 
disease_progression 
H-positive risk:  680 739 106 1111 363 104 1074 359 186 60 152 66 
H-negative risk:  739 680 1074 1111 359 363 104 106 152 186 66 60 
New BC onsets:  0
BC status:  4901 99 
BC subtype:  4901 85 14 

clinical_engagement 
diagnosis 
demography 
73 new agents 
13 dtreferralsatt13 smreferralsatt104 
disease_progression 
H-positive risk:  674 739 102 1105 363 101 1090 360 189 60 149 68 
H-negative risk:  739 674 1090 1105 360 363 101 102 149 189 68 60 
New BC onsets:  0
BC status:  4905 95 
BC subtype:  4905 81 14 

clinical_engagement 
diagnosis 
demography 
73 new agents 
7 dtreferralsatt7 smreferralsatt105 
disease_progression 
H-positive risk:  677 748 103 1098 358 102 1084 364 186 60 150 70 
H-negative risk:  748 677 1084 1098 364 358 102 103 150 186 70 60 
New BC onsets:  0
BC status:  4903 97 
BC subtype:  4903 80 17 

clinical_engagement 
diagnosis 
demography 
64 new agents 
1 dtreferralsatt1 smreferralsatt106 
disease_progression 
H-positive risk:  670 747 102 1100 361 104 1092 359 186 59 149 71 
H-negative risk:  747 670 1092 1100 359 361 104 102 149 186 71 59 
New BC onsets:  0
BC status:  4904 96 
BC subtype:  4904 80 16 

clinical_engagement 
diagnosis 
demography 
80 new agents 
9 dtreferralsatt9 smreferralsatt107 
disease_progression 
H-positive risk:  671 754 101 1093 362 104 1089 362 184 62 149 69 
H-negative risk:  754 671 1089 1093 362 362 104 101 149 184 69 62 
New BC onsets:  0
BC status:  4902 98 
BC subtype:  4902 82 16 

clinical_engagement 
diagnosis 
demography 
64 new agents 
9 dtreferralsatt9 smreferralsatt108 
disease_progression 
H-positive risk:  675 747 100 1097 363 102 1088 362 184 63 150 69 
H-negative risk:  747 675 1088 1097 362 363 102 100 150 184 69 63 
New BC onsets:  0
BC status:  4903 97 
BC subtype:  4903 81 16 

clinical_engagement 
diagnosis 
demography 
70 new agents 
11 dtreferralsatt11 smreferralsatt109 
disease_progression 
H-positive risk:  642 709 96 1138 357 93 1125 364 193 63 154 66 
H-negative risk:  709 642 1125 1138 364 357 93 96 154 193 66 63 
New BC onsets:  0
BC status:  4905 95 
BC subtype:  4905 80 15 

clinical_engagement 
diagnosis 
demography 
101 new agents 
11 dtreferralsatt11 smreferralsatt110 
disease_progression 
H-positive risk:  648 702 93 1134 370 94 1097 381 191 68 157 65 
H-negative risk:  702 648 1097 1134 381 370 94 93 157 191 65 68 
New BC onsets:  0
BC status:  4902 98 
BC subtype:  4902 83 15 

clinical_engagement 
diagnosis 
demography 
87 new agents 
13 dtreferralsatt13 smreferralsatt111 
disease_progression 
H-positive risk:  658 708 96 1129 376 95 1084 380 187 68 159 60 
H-negative risk:  708 658 1084 1129 380 376 95 96 159 187 60 68 
New BC onsets:  0
BC status:  4903 97 
BC subtype:  4903 82 15 

clinical_engagement 
diagnosis 
demography 
83 new agents 
3 dtreferralsatt3 smreferralsatt112 
disease_progression 
H-positive risk:  664 703 96 1141 373 99 1084 377 186 62 156 59 
H-negative risk:  703 664 1084 1141 377 373 99 96 156 186 59 62 
New BC onsets:  0
BC status:  4908 92 
BC subtype:  4908 77 15 

clinical_engagement 
diagnosis 
demography 
81 new agents 
6 dtreferralsatt6 smreferralsatt113 
disease_progression 
H-positive risk:  662 697 94 1142 376 98 1087 379 185 62 155 63 
H-negative risk:  697 662 1087 1142 379 376 98 94 155 185 63 62 
New BC onsets:  0
BC status:  4908 92 
BC subtype:  4908 79 13 

clinical_engagement 
diagnosis 
demography 
80 new agents 
7 dtreferralsatt7 smreferralsatt114 
disease_progression 
H-positive risk:  667 694 95 1142 376 101 1080 380 184 63 153 65 
H-negative risk:  694 667 1080 1142 380 376 101 95 153 184 65 63 
New BC onsets:  0
BC status:  4907 93 
BC subtype:  4907 80 13 

clinical_engagement 
diagnosis 
demography 
72 new agents 
9 dtreferralsatt9 smreferralsatt115 
disease_progression 
H-positive risk:  661 694 96 1147 369 102 1087 382 183 62 151 66 
H-negative risk:  694 661 1087 1147 382 369 102 96 151 183 66 62 
New BC onsets:  0
BC status:  4907 93 
BC subtype:  4907 79 14 

clinical_engagement 
diagnosis 
demography 
86 new agents 
12 dtreferralsatt12 smreferralsatt116 
disease_progression 
H-positive risk:  667 701 99 1144 362 102 1082 379 186 60 151 67 
H-negative risk:  701 667 1082 1144 379 362 102 99 151 186 67 60 
New BC onsets:  0
BC status:  4905 95 
BC subtype:  4905 78 17 

clinical_engagement 
diagnosis 
demography 
87 new agents 
7 dtreferralsatt7 smreferralsatt117 
disease_progression 
H-positive risk:  671 702 97 1140 359 99 1085 377 189 59 156 66 
H-negative risk:  702 671 1085 1140 377 359 99 97 156 189 66 59 
New BC onsets:  0
BC status:  4902 98 
BC subtype:  4902 81 17 

clinical_engagement 
diagnosis 
demography 
72 new agents 
8 dtreferralsatt8 smreferralsatt118 
disease_progression 
H-positive risk:  672 704 99 1144 353 99 1086 378 189 62 151 63 
H-negative risk:  704 672 1086 1144 378 353 99 99 151 189 63 62 
New BC onsets:  0
BC status:  4902 98 
BC subtype:  4902 82 16 

clinical_engagement 
diagnosis 
demography 
70 new agents 
7 dtreferralsatt7 smreferralsatt119 
disease_progression 
H-positive risk:  678 700 99 1147 354 95 1079 382 191 62 152 61 
H-negative risk:  700 678 1079 1147 382 354 95 99 152 191 61 62 
New BC onsets:  0
BC status:  4900 100 
BC subtype:  4900 83 17 

clinical_engagement 
diagnosis 
demography 
69 new agents 
14 dtreferralsatt14 smreferralsatt120 
disease_progression 
H-positive risk:  679 698 98 1146 358 96 1087 375 191 60 154 58 
H-negative risk:  698 679 1087 1146 375 358 96 98 154 191 58 60 
New BC onsets:  0
BC status:  4902 98 
BC subtype:  4902 80 18 

clinical_engagement 
diagnosis 
demography 
62 new agents 
16 dtreferralsatt16 smreferralsatt121 
disease_progression 
H-positive risk:  631 667 93 1175 358 88 1131 381 200 59 158 59 
H-negative risk:  667 631 1131 1175 381 358 88 93 158 200 59 59 
New BC onsets:  0
BC status:  4901 99 
BC subtype:  4901 81 18 

clinical_engagement 
diagnosis 
demography 
103 new agents 
12 dtreferralsatt12 smreferralsatt122 
disease_progression 
H-positive risk:  631 666 93 1155 368 87 1127 393 203 59 156 62 
H-negative risk:  666 631 1127 1155 393 368 87 93 156 203 62 59 
New BC onsets:  0
BC status:  4898 102 
BC subtype:  4898 83 19 

clinical_engagement 
diagnosis 
demography 
55 new agents 
11 dtreferralsatt11 smreferralsatt123 
disease_progression 
H-positive risk:  625 659 92 1163 369 89 1133 392 202 60 156 60 
H-negative risk:  659 625 1133 1163 392 369 89 92 156 202 60 60 
New BC onsets:  0
BC status:  4898 102 
BC subtype:  4898 84 18 

clinical_engagement 
diagnosis 
demography 
78 new agents 
13 dtreferralsatt13 smreferralsatt124 
disease_progression 
H-positive risk:  627 659 92 1164 367 87 1134 388 203 59 156 64 
H-negative risk:  659 627 1134 1164 388 367 87 92 156 203 64 59 
New BC onsets:  0
BC status:  4897 103 
BC subtype:  4897 85 18 

clinical_engagement 
diagnosis 
demography 
81 new agents 
8 dtreferralsatt8 smreferralsatt125 
disease_progression 
H-positive risk:  634 662 90 1159 365 85 1127 390 206 62 155 65 
H-negative risk:  662 634 1127 1159 390 365 85 90 155 206 65 62 
New BC onsets:  0
BC status:  4900 100 
BC subtype:  4900 81 19 

clinical_engagement 
diagnosis 
demography 
64 new agents 
15 dtreferralsatt15 smreferralsatt126 
disease_progression 
H-positive risk:  637 664 91 1158 364 84 1126 384 208 64 156 64 
H-negative risk:  664 637 1126 1158 384 364 84 91 156 208 64 64 
New BC onsets:  0
BC status:  4898 102 
BC subtype:  4898 83 19 

clinical_engagement 
diagnosis 
demography 
71 new agents 
15 dtreferralsatt15 smreferralsatt127 
disease_progression 
H-positive risk:  638 664 92 1147 368 87 1122 395 203 65 159 60 
H-negative risk:  664 638 1122 1147 395 368 87 92 159 203 60 65 
New BC onsets:  0
BC status:  4897 103 
BC subtype:  4897 84 19 

clinical_engagement 
diagnosis 
demography 
72 new agents 
9 dtreferralsatt9 smreferralsatt128 
disease_progression 
H-positive risk:  633 663 90 1150 370 88 1131 389 200 66 161 59 
H-negative risk:  663 633 1131 1150 389 370 88 90 161 200 59 66 
New BC onsets:  0
BC status:  4896 104 
BC subtype:  4896 84 20 

clinical_engagement 
diagnosis 
demography 
75 new agents 
6 dtreferralsatt6 smreferralsatt129 
disease_progression 
H-positive risk:  636 665 91 1160 364 89 1126 385 201 64 159 60 
H-negative risk:  665 636 1126 1160 385 364 89 91 159 201 60 64 
New BC onsets:  0
BC status:  4893 107 
BC subtype:  4893 86 21 

clinical_engagement 
diagnosis 
demography 
70 new agents 
11 dtreferralsatt11 smreferralsatt130 
disease_progression 
H-positive risk:  640 664 92 1155 368 88 1126 383 201 64 160 59 
H-negative risk:  664 640 1126 1155 383 368 88 92 160 201 59 64 
New BC onsets:  0
BC status:  4892 108 
BC subtype:  4892 88 20 

clinical_engagement 
diagnosis 
demography 
70 new agents 
14 dtreferralsatt14 smreferralsatt131 
disease_progression 
H-positive risk:  637 659 92 1158 365 90 1127 390 200 65 158 59 
H-negative risk:  659 637 1127 1158 390 365 90 92 158 200 59 65 
New BC onsets:  0
BC status:  4893 107 
BC subtype:  4893 87 20 

clinical_engagement 
diagnosis 
demography 
63 new agents 
12 dtreferralsatt12 smreferralsatt132 
disease_progression 
H-positive risk:  637 654 91 1157 374 87 1129 386 199 64 160 62 
H-negative risk:  654 637 1129 1157 386 374 87 91 160 199 62 64 
New BC onsets:  0
BC status:  4892 108 
BC subtype:  4892 88 20 

clinical_engagement 
diagnosis 
demography 
71 new agents 
2 dtreferralsatt2 smreferralsatt133 
disease_progression 
H-positive risk:  640 658 91 1152 374 87 1120 391 202 64 161 60 
H-negative risk:  658 640 1120 1152 391 374 87 91 161 202 60 64 
New BC onsets:  0
BC status:  4889 111 
BC subtype:  4889 89 22 

clinical_engagement 
diagnosis 
demography 
94 new agents 
12 dtreferralsatt12 smreferralsatt134 
disease_progression 
H-positive risk:  642 663 88 1137 389 86 1115 391 194 74 167 54 
H-negative risk:  663 642 1115 1137 391 389 86 88 167 194 54 74 
New BC onsets:  0
BC status:  4893 107 
BC subtype:  4893 87 20 

clinical_engagement 
diagnosis 
demography 
77 new agents 
18 dtreferralsatt18 smreferralsatt135 
disease_progression 
H-positive risk:  635 667 87 1135 389 85 1117 395 192 76 169 53 
H-negative risk:  667 635 1117 1135 395 389 85 87 169 192 53 76 
New BC onsets:  0
BC status:  4893 107 
BC subtype:  4893 86 21 

clinical_engagement 
diagnosis 
demography 
82 new agents 
13 dtreferralsatt13 smreferralsatt136 
disease_progression 
H-positive risk:  641 669 89 1130 393 84 1110 398 194 74 169 49 
H-negative risk:  669 641 1110 1130 398 393 84 89 169 194 49 74 
New BC onsets:  0
BC status:  4892 108 
BC subtype:  4892 87 21 

clinical_engagement 
diagnosis 
demography 
67 new agents 
8 dtreferralsatt8 smreferralsatt137 
disease_progression 
H-positive risk:  645 669 91 1133 397 83 1107 392 192 75 167 49 
H-negative risk:  669 645 1107 1133 392 397 83 91 167 192 49 75 
New BC onsets:  0
BC status:  4890 110 
BC subtype:  4890 88 22 

clinical_engagement 
diagnosis 
demography 
82 new agents 
8 dtreferralsatt8 smreferralsatt138 
disease_progression 
H-positive risk:  648 679 88 1134 395 85 1108 383 191 73 168 48 
H-negative risk:  679 648 1108 1134 383 395 85 88 168 191 48 73 
New BC onsets:  0
BC status:  4889 111 
BC subtype:  4889 89 22 

clinical_engagement 
diagnosis 
demography 
73 new agents 
9 dtreferralsatt9 smreferralsatt139 
disease_progression 
H-positive risk:  644 681 84 1140 388 85 1115 380 191 78 165 49 
H-negative risk:  681 644 1115 1140 380 388 85 84 165 191 49 78 
New BC onsets:  0
BC status:  4886 114 
BC subtype:  4886 91 23 

clinical_engagement 
diagnosis 
demography 
78 new agents 
14 dtreferralsatt14 smreferralsatt140 
disease_progression 
H-positive risk:  643 681 87 1146 388 85 1111 377 194 75 164 49 
H-negative risk:  681 643 1111 1146 377 388 85 87 164 194 49 75 
New BC onsets:  0
BC status:  4884 116 
BC subtype:  4884 92 24 

clinical_engagement 
diagnosis 
demography 
68 new agents 
6 dtreferralsatt6 smreferralsatt141 
disease_progression 
H-positive risk:  635 685 86 1144 393 88 1113 378 190 77 164 47 
H-negative risk:  685 635 1113 1144 378 393 88 86 164 190 47 77 
New BC onsets:  0
BC status:  4884 116 
BC subtype:  4884 92 24 

clinical_engagement 
diagnosis 
demography 
52 new agents 
10 dtreferralsatt10 smreferralsatt142 
disease_progression 
H-positive risk:  635 684 83 1145 393 86 1117 372 193 76 168 48 
H-negative risk:  684 635 1117 1145 372 393 86 83 168 193 48 76 
New BC onsets:  0
BC status:  4884 116 
BC subtype:  4884 91 25 

clinical_engagement 
diagnosis 
demography 
65 new agents 
5 dtreferralsatt5 smreferralsatt143 
disease_progression 
H-positive risk:  632 682 84 1142 390 87 1119 383 190 75 167 49 
H-negative risk:  682 632 1119 1142 383 390 87 84 167 190 49 75 
New BC onsets:  0
BC status:  4885 115 
BC subtype:  4885 91 24 

clinical_engagement 
diagnosis 
demography 
72 new agents 
11 dtreferralsatt11 smreferralsatt144 
disease_progression 
H-positive risk:  630 690 85 1134 393 85 1115 390 190 76 167 45 
H-negative risk:  690 630 1115 1134 390 393 85 85 167 190 45 76 
New BC onsets:  0
BC status:  4885 115 
BC subtype:  4885 91 24 

clinical_engagement 
diagnosis 
demography 
62 new agents 
11 dtreferralsatt11 smreferralsatt145 
disease_progression 
H-positive risk:  627 691 84 1140 391 86 1116 387 191 76 167 44 
H-negative risk:  691 627 1116 1140 387 391 86 84 167 191 44 76 
New BC onsets:  0
BC status:  4883 117 
BC subtype:  4883 93 24 

clinical_engagement 
diagnosis 
demography 
93 new agents 
10 dtreferralsatt10 smreferralsatt146 
disease_progression 
H-positive risk:  633 688 81 1135 398 87 1115 384 186 74 173 46 
H-negative risk:  688 633 1115 1135 384 398 87 81 173 186 46 74 
New BC onsets:  0
BC status:  4884 116 
BC subtype:  4884 92 24 

clinical_engagement 
diagnosis 
demography 
76 new agents 
6 dtreferralsatt6 smreferralsatt147 
disease_progression 
H-positive risk:  636 685 79 1122 407 87 1113 391 186 75 173 46 
H-negative risk:  685 636 1113 1122 391 407 87 79 173 186 46 75 
New BC onsets:  0
BC status:  4885 115 
BC subtype:  4885 90 25 

clinical_engagement 
diagnosis 
demography 
70 new agents 
10 dtreferralsatt10 smreferralsatt148 
disease_progression 
H-positive risk:  638 682 81 1124 409 87 1107 394 186 72 174 46 
H-negative risk:  682 638 1107 1124 394 409 87 81 174 186 46 72 
New BC onsets:  0
BC status:  4889 111 
BC subtype:  4889 87 24 

clinical_engagement 
diagnosis 
demography 
73 new agents 
8 dtreferralsatt8 smreferralsatt149 
disease_progression 
H-positive risk:  642 672 84 1127 409 86 1117 388 184 69 174 48 
H-negative risk:  672 642 1117 1127 388 409 86 84 174 184 48 69 
New BC onsets:  0
BC status:  4887 113 
BC subtype:  4887 90 23 

clinical_engagement 
diagnosis 
demography 
78 new agents 
15 dtreferralsatt15 smreferralsatt150 
disease_progression 
H-positive risk:  644 671 85 1122 413 90 1119 379 184 68 174 51 
H-negative risk:  671 644 1119 1122 379 413 90 85 174 184 51 68 
New BC onsets:  0
BC status:  4888 112 
BC subtype:  4888 87 25 

clinical_engagement 
diagnosis 
demography 
62 new agents 
9 dtreferralsatt9 smreferralsatt151 
disease_progression 
H-positive risk:  648 669 83 1124 406 89 1121 377 185 70 177 51 
H-negative risk:  669 648 1121 1124 377 406 89 83 177 185 51 70 
New BC onsets:  0
BC status:  4888 112 
BC subtype:  4888 87 25 

clinical_engagement 
diagnosis 
demography 
76 new agents 
6 dtreferralsatt6 smreferralsatt152 
disease_progression 
H-positive risk:  649 671 81 1124 406 88 1116 383 185 66 180 51 
H-negative risk:  671 649 1116 1124 383 406 88 81 180 185 51 66 
New BC onsets:  0
BC status:  4892 108 
BC subtype:  4892 85 23 

clinical_engagement 
diagnosis 
demography 
82 new agents 
11 dtreferralsatt11 smreferralsatt153 
disease_progression 
H-positive risk:  652 667 80 1125 406 87 1120 379 183 66 183 52 
H-negative risk:  667 652 1120 1125 379 406 87 80 183 183 52 66 
New BC onsets:  0
BC status:  4891 109 
BC subtype:  4891 86 23 

clinical_engagement 
diagnosis 
demography 
76 new agents 
10 dtreferralsatt10 smreferralsatt154 
disease_progression 
H-positive risk:  650 664 79 1126 412 89 1133 368 181 62 186 50 
H-negative risk:  664 650 1133 1126 368 412 89 79 186 181 50 62 
New BC onsets:  0
BC status:  4897 103 
BC subtype:  4897 79 24 

clinical_engagement 
diagnosis 
demography 
83 new agents 
12 dtreferralsatt12 smreferralsatt155 
disease_progression 
H-positive risk:  651 663 82 1131 406 89 1141 362 178 63 185 49 
H-negative risk:  663 651 1141 1131 362 406 89 82 185 178 49 63 
New BC onsets:  0
BC status:  4893 107 
BC subtype:  4893 83 24 

clinical_engagement 
diagnosis 
demography 
65 new agents 
17 dtreferralsatt17 smreferralsatt156 
disease_progression 
H-positive risk:  645 661 83 1130 403 90 1155 360 178 63 182 50 
H-negative risk:  661 645 1155 1130 360 403 90 83 182 178 50 63 
New BC onsets:  0
BC status:  4895 105 
BC subtype:  4895 82 23 

clinical_engagement 
diagnosis 
demography 
69 new agents 
9 dtreferralsatt9 smreferralsatt157 
disease_progression 
H-positive risk:  651 663 83 1139 398 92 1152 356 172 62 180 52 
H-negative risk:  663 651 1152 1139 356 398 92 83 180 172 52 62 
New BC onsets:  0
BC status:  4892 108 
BC subtype:  4892 84 24 

clinical_engagement 
diagnosis 
demography 
83 new agents 
7 dtreferralsatt7 smreferralsatt158 
disease_progression 
H-positive risk:  642 663 86 1135 402 89 1142 372 176 63 178 52 
H-negative risk:  663 642 1142 1135 372 402 89 86 178 176 52 63 
New BC onsets:  0
BC status:  4892 108 
BC subtype:  4892 85 23 

clinical_engagement 
diagnosis 
demography 
90 new agents 
14 dtreferralsatt14 smreferralsatt159 
disease_progression 
H-positive risk:  644 663 86 1141 400 92 1145 369 169 60 175 56 
H-negative risk:  663 644 1145 1141 369 400 92 86 175 169 56 60 
New BC onsets:  0
BC status:  4894 106 
BC subtype:  4894 85 21 

clinical_engagement 
diagnosis 
demography 
73 new agents 
11 dtreferralsatt11 smreferralsatt160 
disease_progression 
H-positive risk:  645 665 82 1145 398 92 1140 369 169 63 174 58 
H-negative risk:  665 645 1140 1145 369 398 92 82 174 169 58 63 
New BC onsets:  0
BC status:  4895 105 
BC subtype:  4895 84 21 

clinical_engagement 
diagnosis 
demography 
71 new agents 
14 dtreferralsatt14 smreferralsatt161 
disease_progression 
H-positive risk:  646 667 79 1134 403 89 1143 370 174 62 175 58 
H-negative risk:  667 646 1143 1134 370 403 89 79 175 174 58 62 
New BC onsets:  0
BC status:  4896 104 
BC subtype:  4896 85 19 

clinical_engagement 
diagnosis 
demography 
73 new agents 
12 dtreferralsatt12 smreferralsatt162 
disease_progression 
H-positive risk:  645 665 80 1136 406 90 1139 369 179 58 177 56 
H-negative risk:  665 645 1139 1136 369 406 90 80 177 179 56 58 
New BC onsets:  0
BC status:  4892 108 
BC subtype:  4892 88 20 

clinical_engagement 
diagnosis 
demography 
83 new agents 
7 dtreferralsatt7 smreferralsatt163 
disease_progression 
H-positive risk:  645 668 82 1139 407 87 1134 370 181 57 176 54 
H-negative risk:  668 645 1134 1139 370 407 87 82 176 181 54 57 
New BC onsets:  0
BC status:  4893 107 
BC subtype:  4893 88 19 

clinical_engagement 
diagnosis 
demography 
74 new agents 
15 dtreferralsatt15 smreferralsatt164 
disease_progression 
H-positive risk:  648 670 80 1136 413 89 1136 362 181 58 173 54 
H-negative risk:  670 648 1136 1136 362 413 89 80 173 181 54 58 
New BC onsets:  0
BC status:  4893 107 
BC subtype:  4893 88 19 

clinical_engagement 
diagnosis 
demography 
74 new agents 
13 dtreferralsatt13 smreferralsatt165 
disease_progression 
H-positive risk:  642 669 79 1139 406 90 1141 364 180 58 176 56 
H-negative risk:  669 642 1141 1139 364 406 90 79 176 180 56 58 
New BC onsets:  0
BC status:  4890 110 
BC subtype:  4890 89 21 

clinical_engagement 
diagnosis 
demography 
76 new agents 
8 dtreferralsatt8 smreferralsatt166 
disease_progression 
H-positive risk:  647 673 79 1142 411 90 1129 360 180 56 178 55 
H-negative risk:  673 647 1129 1142 360 411 90 79 178 180 55 56 
New BC onsets:  0
BC status:  4886 114 
BC subtype:  4886 93 21 

clinical_engagement 
diagnosis 
demography 
74 new agents 
8 dtreferralsatt8 smreferralsatt167 
disease_progression 
H-positive risk:  647 677 77 1141 410 87 1126 360 184 55 182 54 
H-negative risk:  677 647 1126 1141 360 410 87 77 182 184 54 55 
New BC onsets:  0
BC status:  4884 116 
BC subtype:  4884 94 22 

clinical_engagement 
diagnosis 
demography 
75 new agents 
15 dtreferralsatt15 smreferralsatt168 
disease_progression 
H-positive risk:  652 684 75 1137 413 88 1118 364 182 54 178 55 
H-negative risk:  684 652 1118 1137 364 413 88 75 178 182 55 54 
New BC onsets:  0
BC status:  4884 116 
BC subtype:  4884 93 23 

clinical_engagement 
diagnosis 
demography 
70 new agents 
13 dtreferralsatt13 smreferralsatt169 
disease_progression 
H-positive risk:  652 686 74 1145 406 87 1118 361 183 54 181 53 
H-negative risk:  686 652 1118 1145 361 406 87 74 181 183 53 54 
New BC onsets:  0
BC status:  4886 114 
BC subtype:  4886 91 23 

clinical_engagement 
diagnosis 
demography 
71 new agents 
13 dtreferralsatt13 smreferralsatt170 
disease_progression 
H-positive risk:  649 689 76 1147 407 86 1115 364 180 57 176 54 
H-negative risk:  689 649 1115 1147 364 407 86 76 176 180 54 57 
New BC onsets:  0
BC status:  4892 108 
BC subtype:  4892 87 21 

clinical_engagement 
diagnosis 
demography 
72 new agents 
8 dtreferralsatt8 smreferralsatt171 
disease_progression 
H-positive risk:  649 692 76 1141 406 85 1114 366 180 60 177 54 
H-negative risk:  692 649 1114 1141 366 406 85 76 177 180 54 60 
New BC onsets:  0
BC status:  4890 110 
BC subtype:  4890 89 21 

clinical_engagement 
diagnosis 
demography 
70 new agents 
10 dtreferralsatt10 smreferralsatt172 
disease_progression 
H-positive risk:  645 695 76 1140 405 83 1121 368 179 58 178 52 
H-negative risk:  695 645 1121 1140 368 405 83 76 178 179 52 58 
New BC onsets:  0
BC status:  4890 110 
BC subtype:  4890 88 22 

clinical_engagement 
diagnosis 
demography 
92 new agents 
12 dtreferralsatt12 smreferralsatt173 
disease_progression 
H-positive risk:  646 699 78 1129 406 85 1129 366 176 61 177 48 
H-negative risk:  699 646 1129 1129 366 406 85 78 177 176 48 61 
New BC onsets:  0
BC status:  4893 107 
BC subtype:  4893 84 23 

clinical_engagement 
diagnosis 
demography 
73 new agents 
12 dtreferralsatt12 smreferralsatt174 
disease_progression 
H-positive risk:  653 698 79 1136 396 86 1130 365 173 63 172 49 
H-negative risk:  698 653 1130 1136 365 396 86 79 172 173 49 63 
New BC onsets:  0
BC status:  4892 108 
BC subtype:  4892 86 22 

clinical_engagement 
diagnosis 
demography 
64 new agents 
6 dtreferralsatt6 smreferralsatt175 
disease_progression 
H-positive risk:  654 690 79 1144 398 86 1127 366 172 64 173 47 
H-negative risk:  690 654 1127 1144 366 398 86 79 173 172 47 64 
New BC onsets:  0
BC status:  4893 107 
BC subtype:  4893 85 22 

clinical_engagement 
diagnosis 
demography 
76 new agents 
9 dtreferralsatt9 smreferralsatt176 
disease_progression 
H-positive risk:  650 694 80 1136 404 88 1128 368 173 63 170 46 
H-negative risk:  694 650 1128 1136 368 404 88 80 170 173 46 63 
New BC onsets:  0
BC status:  4893 107 
BC subtype:  4893 85 22 

clinical_engagement 
diagnosis 
demography 
58 new agents 
16 dtreferralsatt16 smreferralsatt177 
disease_progression 
H-positive risk:  647 692 81 1140 397 86 1124 374 173 65 173 48 
H-negative risk:  692 647 1124 1140 374 397 86 81 173 173 48 65 
New BC onsets:  0
BC status:  4899 101 
BC subtype:  4899 79 22 

clinical_engagement 
diagnosis 
demography 
71 new agents 
10 dtreferralsatt10 smreferralsatt178 
disease_progression 
H-positive risk:  637 693 81 1141 401 86 1119 383 174 66 170 49 
H-negative risk:  693 637 1119 1141 383 401 86 81 170 174 49 66 
New BC onsets:  0
BC status:  4900 100 
BC subtype:  4900 78 22 

clinical_engagement 
diagnosis 
demography 
89 new agents 
9 dtreferralsatt9 smreferralsatt179 
disease_progression 
H-positive risk:  633 697 82 1138 395 86 1121 387 175 68 171 47 
H-negative risk:  697 633 1121 1138 387 395 86 82 171 175 47 68 
New BC onsets:  0
BC status:  4904 96 
BC subtype:  4904 74 22 

clinical_engagement 
diagnosis 
demography 
68 new agents 
7 dtreferralsatt7 smreferralsatt180 
disease_progression 
H-positive risk:  633 700 80 1129 407 87 1113 388 172 70 172 49 
H-negative risk:  700 633 1113 1129 388 407 87 80 172 172 49 70 
New BC onsets:  0
BC status:  4903 97 
BC subtype:  4903 74 23 

clinical_engagement 
diagnosis 
demography 
64 new agents 
10 dtreferralsatt10 smreferralsatt181 
disease_progression 
H-positive risk:  626 693 82 1134 403 89 1109 402 171 71 170 50 
H-negative risk:  693 626 1109 1134 402 403 89 82 170 171 50 71 
New BC onsets:  0
BC status:  4906 94 
BC subtype:  4906 71 23 

clinical_engagement 
diagnosis 
demography 
79 new agents 
11 dtreferralsatt11 smreferralsatt182 
disease_progression 
H-positive risk:  630 682 79 1135 410 89 1094 413 169 70 175 54 
H-negative risk:  682 630 1094 1135 413 410 89 79 175 169 54 70 
New BC onsets:  0
BC status:  4905 95 
BC subtype:  4905 72 23 

clinical_engagement 
diagnosis 
demography 
74 new agents 
11 dtreferralsatt11 smreferralsatt183 
disease_progression 
H-positive risk:  632 682 79 1132 405 90 1101 413 171 69 171 55 
H-negative risk:  682 632 1101 1132 413 405 90 79 171 171 55 69 
New BC onsets:  0
BC status:  4904 96 
BC subtype:  4904 74 22 

clinical_engagement 
diagnosis 
demography 
76 new agents 
10 dtreferralsatt10 smreferralsatt184 
disease_progression 
H-positive risk:  643 682 79 1130 406 86 1102 403 174 71 167 57 
H-negative risk:  682 643 1102 1130 403 406 86 79 167 174 57 71 
New BC onsets:  0
BC status:  4905 95 
BC subtype:  4905 73 22 

clinical_engagement 
diagnosis 
demography 
72 new agents 
11 dtreferralsatt11 smreferralsatt185 
disease_progression 
H-positive risk:  641 681 78 1126 413 87 1105 409 171 73 161 55 
H-negative risk:  681 641 1105 1126 409 413 87 78 161 171 55 73 
New BC onsets:  0
BC status:  4908 92 
BC subtype:  4908 71 21 

clinical_engagement 
diagnosis 
demography 
77 new agents 
9 dtreferralsatt9 smreferralsatt186 
disease_progression 
H-positive risk:  644 669 78 1130 426 89 1096 414 170 72 158 54 
H-negative risk:  669 644 1096 1130 414 426 89 78 158 170 54 72 
New BC onsets:  0
BC status:  4911 89 
BC subtype:  4911 68 21 

clinical_engagement 
diagnosis 
demography 
95 new agents 
8 dtreferralsatt8 smreferralsatt187 
disease_progression 
H-positive risk:  645 670 79 1135 417 87 1100 413 169 73 159 53 
H-negative risk:  670 645 1100 1135 413 417 87 79 159 169 53 73 
New BC onsets:  0
BC status:  4913 87 
BC subtype:  4913 67 20 

clinical_engagement 
diagnosis 
demography 
89 new agents 
6 dtreferralsatt6 smreferralsatt188 
disease_progression 
H-positive risk:  646 672 77 1132 418 89 1091 417 169 72 163 54 
H-negative risk:  672 646 1091 1132 417 418 89 77 163 169 54 72 
New BC onsets:  0
BC status:  4915 85 
BC subtype:  4915 66 19 

clinical_engagement 
diagnosis 
demography 
85 new agents 
14 dtreferralsatt14 smreferralsatt189 
disease_progression 
H-positive risk:  648 661 80 1130 418 90 1091 421 170 74 161 56 
H-negative risk:  661 648 1091 1130 421 418 90 80 161 170 56 74 
New BC onsets:  0
BC status:  4916 84 
BC subtype:  4916 66 18 

clinical_engagement 
diagnosis 
demography 
72 new agents 
10 dtreferralsatt10 smreferralsatt190 
disease_progression 
H-positive risk:  650 664 78 1129 416 89 1087 430 169 76 156 56 
H-negative risk:  664 650 1087 1129 430 416 89 78 156 169 56 76 
New BC onsets:  0
BC status:  4917 83 
BC subtype:  4917 67 16 

clinical_engagement 
diagnosis 
demography 
76 new agents 
13 dtreferralsatt13 smreferralsatt191 
disease_progression 
H-positive risk:  656 657 78 1135 415 92 1086 433 161 77 155 55 
H-negative risk:  657 656 1086 1135 433 415 92 78 155 161 55 77 
New BC onsets:  0
BC status:  4919 81 
BC subtype:  4919 65 16 

clinical_engagement 
diagnosis 
demography 
90 new agents 
8 dtreferralsatt8 smreferralsatt192 
disease_progression 
H-positive risk:  664 656 82 1137 417 90 1077 428 166 75 154 54 
H-negative risk:  656 664 1077 1137 428 417 90 82 154 166 54 75 
New BC onsets:  0
BC status:  4913 87 
BC subtype:  4913 67 20 

clinical_engagement 
diagnosis 
demography 
71 new agents 
9 dtreferralsatt9 smreferralsatt193 
disease_progression 
H-positive risk:  664 659 83 1132 422 90 1078 429 162 73 153 55 
H-negative risk:  659 664 1078 1132 429 422 90 83 153 162 55 73 
New BC onsets:  0
BC status:  4915 85 
BC subtype:  4915 65 20 

clinical_engagement 
diagnosis 
demography 
86 new agents 
8 dtreferralsatt8 smreferralsatt194 
disease_progression 
H-positive risk:  670 665 84 1116 422 90 1069 444 159 72 152 57 
H-negative risk:  665 670 1069 1116 444 422 90 84 152 159 57 72 
New BC onsets:  0
BC status:  4917 83 
BC subtype:  4917 64 19 

clinical_engagement 
diagnosis 
demography 
79 new agents 
7 dtreferralsatt7 smreferralsatt195 
disease_progression 
H-positive risk:  678 667 85 1113 426 90 1067 437 160 70 149 58 
H-negative risk:  667 678 1067 1113 437 426 90 85 149 160 58 70 
New BC onsets:  0
BC status:  4919 81 
BC subtype:  4919 61 20 

clinical_engagement 
diagnosis 
demography 
77 new agents 
10 dtreferralsatt10 smreferralsatt196 
disease_progression 
H-positive risk:  674 670 88 1108 419 89 1070 445 158 69 151 59 
H-negative risk:  670 674 1070 1108 445 419 89 88 151 158 59 69 
New BC onsets:  0
BC status:  4918 82 
BC subtype:  4918 61 21 

clinical_engagement 
diagnosis 
demography 
80 new agents 
10 dtreferralsatt10 smreferralsatt197 
disease_progression 
H-positive risk:  682 674 89 1108 413 87 1067 446 159 65 151 59 
H-negative risk:  674 682 1067 1108 446 413 87 89 151 159 59 65 
New BC onsets:  0
BC status:  4921 79 
BC subtype:  4921 59 20 

clinical_engagement 
diagnosis 
demography 
80 new agents 
11 dtreferralsatt11 smreferralsatt198 
disease_progression 
H-positive risk:  677 675 90 1102 415 87 1073 450 157 66 151 57 
H-negative risk:  675 677 1073 1102 450 415 87 90 151 157 57 66 
New BC onsets:  0
BC status:  4921 79 
BC subtype:  4921 59 20 

clinical_engagement 
diagnosis 
demography 
67 new agents 
15 dtreferralsatt15 smreferralsatt199 
disease_progression 
H-positive risk:  676 674 89 1099 414 90 1075 453 159 66 150 55 
H-negative risk:  674 676 1075 1099 453 414 90 89 150 159 55 66 
New BC onsets:  0
BC status:  4919 81 
BC subtype:  4919 60 21 

clinical_engagement 
diagnosis 
demography 
73 new agents 
7 dtreferralsatt7 smreferralsatt200 
disease_progression 
H-positive risk:  678 676 89 1101 415 90 1075 449 155 68 150 54 
H-negative risk:  676 678 1075 1101 449 415 90 89 150 155 54 68 
New BC onsets:  0
BC status:  4919 81 
BC subtype:  4919 61 20 

clinical_engagement 
diagnosis 
demography 
78 new agents 
9 dtreferralsatt9 smreferralsatt201 
disease_progression 
H-positive risk:  672 685 87 1110 406 92 1075 445 150 69 156 53 
H-negative risk:  685 672 1075 1110 445 406 92 87 156 150 53 69 
New BC onsets:  0
BC status:  4918 82 
BC subtype:  4918 61 21 

clinical_engagement 
diagnosis 
demography 
79 new agents 
9 dtreferralsatt9 smreferralsatt202 
disease_progression 
H-positive risk:  681 693 88 1096 396 92 1076 449 150 69 153 57 
H-negative risk:  693 681 1076 1096 449 396 92 88 153 150 57 69 
New BC onsets:  0
BC status:  4919 81 
BC subtype:  4919 60 21 

clinical_engagement 
diagnosis 
demography 
60 new agents 
7 dtreferralsatt7 smreferralsatt203 
disease_progression 
H-positive risk:  681 687 89 1090 401 97 1078 449 150 70 154 54 
H-negative risk:  687 681 1078 1090 449 401 97 89 154 150 54 70 
New BC onsets:  0
BC status:  4920 80 
BC subtype:  4920 59 21 

clinical_engagement 
diagnosis 
demography 
82 new agents 
7 dtreferralsatt7 smreferralsatt204 
disease_progression 
H-positive risk:  689 676 90 1099 399 95 1076 446 152 68 154 56 
H-negative risk:  676 689 1076 1099 446 399 95 90 154 152 56 68 
New BC onsets:  0
BC status:  4920 80 
BC subtype:  4920 61 19 

clinical_engagement 
diagnosis 
demography 
82 new agents 
13 dtreferralsatt13 smreferralsatt205 
disease_progression 
H-positive risk:  694 680 90 1092 402 94 1076 444 151 68 155 54 
H-negative risk:  680 694 1076 1092 444 402 94 90 155 151 54 68 
New BC onsets:  0
BC status:  4923 77 
BC subtype:  4923 61 16 

clinical_engagement 
diagnosis 
demography 
81 new agents 
9 dtreferralsatt9 smreferralsatt206 
disease_progression 
H-positive risk:  698 675 90 1090 401 95 1076 446 151 66 156 56 
H-negative risk:  675 698 1076 1090 446 401 95 90 156 151 56 66 
New BC onsets:  0
BC status:  4925 75 
BC subtype:  4925 59 16 

clinical_engagement 
diagnosis 
demography 
92 new agents 
16 dtreferralsatt16 smreferralsatt207 
disease_progression 
H-positive risk:  694 676 91 1099 397 98 1079 435 151 67 157 56 
H-negative risk:  676 694 1079 1099 435 397 98 91 157 151 56 67 
New BC onsets:  0
BC status:  4928 72 
BC subtype:  4928 57 15 

clinical_engagement 
diagnosis 
demography 
69 new agents 
8 dtreferralsatt8 smreferralsatt208 
disease_progression 
H-positive risk:  690 679 91 1101 392 99 1077 440 153 68 156 54 
H-negative risk:  679 690 1077 1101 440 392 99 91 156 153 54 68 
New BC onsets:  0
BC status:  4924 76 
BC subtype:  4924 61 15 

clinical_engagement 
diagnosis 
demography 
84 new agents 
10 dtreferralsatt10 smreferralsatt209 
disease_progression 
H-positive risk:  682 680 92 1100 396 100 1084 435 154 68 155 54 
H-negative risk:  680 682 1084 1100 435 396 100 92 155 154 54 68 
New BC onsets:  0
BC status:  4923 77 
BC subtype:  4923 63 14 

clinical_engagement 
diagnosis 
demography 
64 new agents 
11 dtreferralsatt11 smreferralsatt210 
disease_progression 
H-positive risk:  679 682 94 1099 400 99 1082 430 154 69 155 57 
H-negative risk:  682 679 1082 1099 430 400 99 94 155 154 57 69 
New BC onsets:  0
BC status:  4921 79 
BC subtype:  4921 62 17 

clinical_engagement 
diagnosis 
demography 
78 new agents 
9 dtreferralsatt9 smreferralsatt211 
disease_progression 
H-positive risk:  678 682 95 1093 403 99 1095 422 154 69 154 56 
H-negative risk:  682 678 1095 1093 422 403 99 95 154 154 56 69 
New BC onsets:  0
BC status:  4920 80 
BC subtype:  4920 63 17 

clinical_engagement 
diagnosis 
demography 
79 new agents 
20 dtreferralsatt20 smreferralsatt212 
disease_progression 
H-positive risk:  686 686 94 1099 396 96 1095 414 153 70 155 56 
H-negative risk:  686 686 1095 1099 414 396 96 94 155 153 56 70 
New BC onsets:  0
BC status:  4916 84 
BC subtype:  4916 68 16 

clinical_engagement 
diagnosis 
demography 
52 new agents 
10 dtreferralsatt10 smreferralsatt213 
disease_progression 
H-positive risk:  691 686 96 1101 399 95 1086 415 151 69 155 56 
H-negative risk:  686 691 1086 1101 415 399 95 96 155 151 56 69 
New BC onsets:  0
BC status:  4912 88 
BC subtype:  4912 73 15 

clinical_engagement 
diagnosis 
demography 
81 new agents 
14 dtreferralsatt14 smreferralsatt214 
disease_progression 
H-positive risk:  692 683 96 1104 404 96 1084 411 150 70 154 56 
H-negative risk:  683 692 1084 1104 411 404 96 96 154 150 56 70 
New BC onsets:  0
BC status:  4907 93 
BC subtype:  4907 75 18 

clinical_engagement 
diagnosis 
demography 
79 new agents 
12 dtreferralsatt12 smreferralsatt215 
disease_progression 
H-positive risk:  687 683 96 1107 405 99 1092 409 148 66 152 56 
H-negative risk:  683 687 1092 1107 409 405 99 96 152 148 56 66 
New BC onsets:  0
BC status:  4905 95 
BC subtype:  4905 76 19 

clinical_engagement 
diagnosis 
demography 
83 new agents 
6 dtreferralsatt6 smreferralsatt216 
disease_progression 
H-positive risk:  687 688 97 1105 408 94 1092 402 152 69 151 55 
H-negative risk:  688 687 1092 1105 402 408 94 97 151 152 55 69 
New BC onsets:  0
BC status:  4902 98 
BC subtype:  4902 78 20 

clinical_engagement 
diagnosis 
demography 
79 new agents 
15 dtreferralsatt15 smreferralsatt217 
disease_progression 
H-positive risk:  684 684 97 1105 412 93 1084 410 153 69 151 58 
H-negative risk:  684 684 1084 1105 410 412 93 97 151 153 58 69 
New BC onsets:  0
BC status:  4902 98 
BC subtype:  4902 76 22 

clinical_engagement 
diagnosis 
demography 
93 new agents 
7 dtreferralsatt7 smreferralsatt218 
disease_progression 
H-positive risk:  694 695 94 1106 405 92 1082 401 153 67 153 58 
H-negative risk:  695 694 1082 1106 401 405 92 94 153 153 58 67 
New BC onsets:  0
BC status:  4902 98 
BC subtype:  4902 77 21 

clinical_engagement 
diagnosis 
demography 
77 new agents 
14 dtreferralsatt14 smreferralsatt219 
disease_progression 
H-positive risk:  692 698 95 1112 404 92 1067 410 152 65 155 58 
H-negative risk:  698 692 1067 1112 410 404 92 95 155 152 58 65 
New BC onsets:  0
BC status:  4900 100 
BC subtype:  4900 78 22 

clinical_engagement 
diagnosis 
demography 
79 new agents 
9 dtreferralsatt9 smreferralsatt220 
disease_progression 
H-positive risk:  691 698 96 1095 413 94 1077 409 147 66 155 59 
H-negative risk:  698 691 1077 1095 409 413 94 96 155 147 59 66 
New BC onsets:  0
BC status:  4898 102 
BC subtype:  4898 79 23 

clinical_engagement 
diagnosis 
demography 
65 new agents 
7 dtreferralsatt7 smreferralsatt221 
disease_progression 
H-positive risk:  692 698 96 1085 420 95 1073 414 148 65 155 59 
H-negative risk:  698 692 1073 1085 414 420 95 96 155 148 59 65 
New BC onsets:  0
BC status:  4900 100 
BC subtype:  4900 78 22 

clinical_engagement 
diagnosis 
demography 
76 new agents 
12 dtreferralsatt12 smreferralsatt222 
disease_progression 
H-positive risk:  692 698 98 1091 423 93 1061 416 146 69 155 58 
H-negative risk:  698 692 1061 1091 416 423 93 98 155 146 58 69 
New BC onsets:  0
BC status:  4902 98 
BC subtype:  4902 76 22 

clinical_engagement 
diagnosis 
demography 
87 new agents 
7 dtreferralsatt7 smreferralsatt223 
disease_progression 
H-positive risk:  699 694 98 1094 428 94 1051 416 143 69 156 58 
H-negative risk:  694 699 1051 1094 416 428 94 98 156 143 58 69 
New BC onsets:  0
BC status:  4895 105 
BC subtype:  4895 81 24 

clinical_engagement 
diagnosis 
demography 
73 new agents 
11 dtreferralsatt11 smreferralsatt224 
disease_progression 
H-positive risk:  694 696 97 1087 431 92 1053 424 147 69 153 57 
H-negative risk:  696 694 1053 1087 424 431 92 97 153 147 57 69 
New BC onsets:  0
BC status:  4898 102 
BC subtype:  4898 76 26 

clinical_engagement 
diagnosis 
demography 
74 new agents 
6 dtreferralsatt6 smreferralsatt225 
disease_progression 
H-positive risk:  689 696 95 1092 430 89 1058 424 148 69 152 58 
H-negative risk:  696 689 1058 1092 424 430 89 95 152 148 58 69 
New BC onsets:  0
BC status:  4899 101 
BC subtype:  4899 75 26 

clinical_engagement 
diagnosis 
demography 
61 new agents 
11 dtreferralsatt11 smreferralsatt226 
disease_progression 
H-positive risk:  692 693 93 1084 436 89 1060 425 152 67 150 59 
H-negative risk:  693 692 1060 1084 425 436 89 93 150 152 59 67 
New BC onsets:  0
BC status:  4902 98 
BC subtype:  4902 73 25 

clinical_engagement 
diagnosis 
demography 
79 new agents 
7 dtreferralsatt7 smreferralsatt227 
disease_progression 
H-positive risk:  686 700 91 1079 433 89 1076 419 153 67 148 59 
H-negative risk:  700 686 1076 1079 419 433 89 91 148 153 59 67 
New BC onsets:  0
BC status:  4901 99 
BC subtype:  4901 74 25 

clinical_engagement 
diagnosis 
demography 
80 new agents 
10 dtreferralsatt10 smreferralsatt228 
disease_progression 
H-positive risk:  691 697 93 1081 439 91 1071 420 149 64 149 55 
H-negative risk:  697 691 1071 1081 420 439 91 93 149 149 55 64 
New BC onsets:  0
BC status:  4900 100 
BC subtype:  4900 75 25 

clinical_engagement 
diagnosis 
demography 
76 new agents 
12 dtreferralsatt12 smreferralsatt229 
disease_progression 
H-positive risk:  692 700 94 1078 448 87 1060 423 143 68 151 56 
H-negative risk:  700 692 1060 1078 423 448 87 94 151 143 56 68 
New BC onsets:  0
BC status:  4898 102 
BC subtype:  4898 77 25 

clinical_engagement 
diagnosis 
demography 
82 new agents 
6 dtreferralsatt6 smreferralsatt230 
disease_progression 
H-positive risk:  693 693 94 1081 446 86 1070 425 137 71 148 56 
H-negative risk:  693 693 1070 1081 425 446 86 94 148 137 56 71 
New BC onsets:  0
BC status:  4898 102 
BC subtype:  4898 77 25 

clinical_engagement 
diagnosis 
demography 
68 new agents 
17 dtreferralsatt17 smreferralsatt231 
disease_progression 
H-positive risk:  687 688 92 1078 453 87 1076 422 138 76 147 56 
H-negative risk:  688 687 1076 1078 422 453 87 92 147 138 56 76 
New BC onsets:  0
BC status:  4895 105 
BC subtype:  4895 78 27 

clinical_engagement 
diagnosis 
demography 
96 new agents 
15 dtreferralsatt15 smreferralsatt232 
disease_progression 
H-positive risk:  685 693 95 1081 454 88 1077 409 138 77 150 53 
H-negative risk:  693 685 1077 1081 409 454 88 95 150 138 53 77 
New BC onsets:  0
BC status:  4898 102 
BC subtype:  4898 76 26 

clinical_engagement 
diagnosis 
demography 
61 new agents 
12 dtreferralsatt12 smreferralsatt233 
disease_progression 
H-positive risk:  685 683 92 1076 459 88 1083 411 139 77 149 58 
H-negative risk:  683 685 1083 1076 411 459 88 92 149 139 58 77 
New BC onsets:  0
BC status:  4897 103 
BC subtype:  4897 79 24 

clinical_engagement 
diagnosis 
demography 
78 new agents 
12 dtreferralsatt12 smreferralsatt234 
disease_progression 
H-positive risk:  685 679 92 1090 459 87 1071 415 143 75 148 56 
H-negative risk:  679 685 1071 1090 415 459 87 92 148 143 56 75 
New BC onsets:  0
BC status:  4895 105 
BC subtype:  4895 82 23 

clinical_engagement 
diagnosis 
demography 
76 new agents 
12 dtreferralsatt12 smreferralsatt235 
disease_progression 
H-positive risk:  685 675 92 1092 457 87 1076 415 140 77 151 53 
H-negative risk:  675 685 1076 1092 415 457 87 92 151 140 53 77 
New BC onsets:  0
BC status:  4896 104 
BC subtype:  4896 81 23 

clinical_engagement 
diagnosis 
demography 
82 new agents 
10 dtreferralsatt10 smreferralsatt236 
disease_progression 
H-positive risk:  679 683 93 1100 455 90 1074 413 142 74 147 50 
H-negative risk:  683 679 1074 1100 413 455 90 93 147 142 50 74 
New BC onsets:  0
BC status:  4896 104 
BC subtype:  4896 82 22 

clinical_engagement 
diagnosis 
demography 
77 new agents 
8 dtreferralsatt8 smreferralsatt237 
disease_progression 
H-positive risk:  671 679 95 1113 451 90 1080 410 142 72 145 52 
H-negative risk:  679 671 1080 1113 410 451 90 95 145 142 52 72 
New BC onsets:  0
BC status:  4893 107 
BC subtype:  4893 84 23 

clinical_engagement 
diagnosis 
demography 
68 new agents 
15 dtreferralsatt15 smreferralsatt238 
disease_progression 
H-positive risk:  670 678 95 1108 457 90 1085 404 143 73 147 50 
H-negative risk:  678 670 1085 1108 404 457 90 95 147 143 50 73 
New BC onsets:  0
BC status:  4895 105 
BC subtype:  4895 83 22 

clinical_engagement 
diagnosis 
demography 
68 new agents 
14 dtreferralsatt14 smreferralsatt239 
disease_progression 
H-positive risk:  669 678 94 1112 453 89 1085 409 140 70 150 51 
H-negative risk:  678 669 1085 1112 409 453 89 94 150 140 51 70 
New BC onsets:  0
BC status:  4891 109 
BC subtype:  4891 86 23 

clinical_engagement 
diagnosis 
demography 
72 new agents 
8 dtreferralsatt8 smreferralsatt240 
disease_progression 
H-positive risk:  657 680 96 1119 456 88 1078 416 140 70 151 49 
H-negative risk:  680 657 1078 1119 416 456 88 96 151 140 49 70 
New BC onsets:  0
BC status:  4892 108 
BC subtype:  4892 86 22 

clinical_engagement 
diagnosis 
demography 
63 new agents 
11 dtreferralsatt11 smreferralsatt241 
disease_progression 
H-positive risk:  654 674 95 1102 478 91 1069 427 140 70 148 52 
H-negative risk:  674 654 1069 1102 427 478 91 95 148 140 52 70 
New BC onsets:  0
BC status:  4891 109 
BC subtype:  4891 87 22 

clinical_engagement 
diagnosis 
demography 
84 new agents 
15 dtreferralsatt15 smreferralsatt242 
disease_progression 
H-positive risk:  650 667 92 1110 475 92 1069 429 142 69 152 53 
H-negative risk:  667 650 1069 1110 429 475 92 92 152 142 53 69 
New BC onsets:  0
BC status:  4893 107 
BC subtype:  4893 85 22 

clinical_engagement 
diagnosis 
demography 
69 new agents 
14 dtreferralsatt14 smreferralsatt243 
disease_progression 
H-positive risk:  650 662 93 1106 481 90 1074 429 145 68 149 53 
H-negative risk:  662 650 1074 1106 429 481 90 93 149 145 53 68 
New BC onsets:  0
BC status:  4890 110 
BC subtype:  4890 88 22 

clinical_engagement 
diagnosis 
demography 
50 new agents 
15 dtreferralsatt15 smreferralsatt244 
disease_progression 
H-positive risk:  646 652 93 1105 483 90 1075 435 148 69 150 54 
H-negative risk:  652 646 1075 1105 435 483 90 93 150 148 54 69 
New BC onsets:  0
BC status:  4890 110 
BC subtype:  4890 88 22 

clinical_engagement 
diagnosis 
demography 
62 new agents 
9 dtreferralsatt9 smreferralsatt245 
disease_progression 
H-positive risk:  647 652 91 1099 482 90 1079 437 148 72 148 55 
H-negative risk:  652 647 1079 1099 437 482 90 91 148 148 55 72 
New BC onsets:  0
BC status:  4889 111 
BC subtype:  4889 89 22 

clinical_engagement 
diagnosis 
demography 
71 new agents 
11 dtreferralsatt11 smreferralsatt246 
disease_progression 
H-positive risk:  658 652 91 1104 473 88 1082 435 146 72 142 57 
H-negative risk:  652 658 1082 1104 435 473 88 91 142 146 57 72 
New BC onsets:  0
BC status:  4891 109 
BC subtype:  4891 87 22 

clinical_engagement 
diagnosis 
demography 
72 new agents 
6 dtreferralsatt6 smreferralsatt247 
disease_progression 
H-positive risk:  654 657 90 1112 467 88 1075 438 149 72 141 57 
H-negative risk:  657 654 1075 1112 438 467 88 90 141 149 57 72 
New BC onsets:  0
BC status:  4892 108 
BC subtype:  4892 87 21 

clinical_engagement 
diagnosis 
demography 
77 new agents 
7 dtreferralsatt7 smreferralsatt248 
disease_progression 
H-positive risk:  650 656 89 1115 466 89 1079 439 147 71 142 57 
H-negative risk:  656 650 1079 1115 439 466 89 89 142 147 57 71 
New BC onsets:  0
BC status:  4888 112 
BC subtype:  4888 91 21 

clinical_engagement 
diagnosis 
demography 
61 new agents 
8 dtreferralsatt8 smreferralsatt249 
disease_progression 
H-positive risk:  649 654 90 1110 467 89 1080 444 146 73 139 59 
H-negative risk:  654 649 1080 1110 444 467 89 90 139 146 59 73 
New BC onsets:  0
BC status:  4887 113 
BC subtype:  4887 91 22 

clinical_engagement 
diagnosis 
demography 
64 new agents 
15 dtreferralsatt15 smreferralsatt250 
disease_progression 
H-positive risk:  650 656 90 1118 464 88 1080 438 148 71 138 59 
H-negative risk:  656 650 1080 1118 438 464 88 90 138 148 59 71 
New BC onsets:  0
BC status:  4888 112 
BC subtype:  4888 88 24 

clinical_engagement 
diagnosis 
demography 
72 new agents 
10 dtreferralsatt10 smreferralsatt251 
disease_progression 
H-positive risk:  655 654 91 1120 469 86 1074 435 145 70 140 61 
H-negative risk:  654 655 1074 1120 435 469 86 91 140 145 61 70 
New BC onsets:  0
BC status:  4891 109 
BC subtype:  4891 86 23 

clinical_engagement 
diagnosis 
demography 
73 new agents 
11 dtreferralsatt11 smreferralsatt252 
disease_progression 
H-positive risk:  666 649 92 1121 470 85 1074 425 141 73 144 60 
H-negative risk:  649 666 1074 1121 425 470 85 92 144 141 60 73 
New BC onsets:  0
BC status:  4893 107 
BC subtype:  4893 84 23 

clinical_engagement 
diagnosis 
demography 
74 new agents 
7 dtreferralsatt7 smreferralsatt253 
disease_progression 
H-positive risk:  668 651 95 1112 471 82 1069 429 146 73 145 59 
H-negative risk:  651 668 1069 1112 429 471 82 95 145 146 59 73 
New BC onsets:  0
BC status:  4894 106 
BC subtype:  4894 81 25 

clinical_engagement 
diagnosis 
demography 
82 new agents 
13 dtreferralsatt13 smreferralsatt254 
disease_progression 
H-positive risk:  675 655 95 1102 475 86 1068 422 145 73 145 59 
H-negative risk:  655 675 1068 1102 422 475 86 95 145 145 59 73 
New BC onsets:  0
BC status:  4894 106 
BC subtype:  4894 81 25 

clinical_engagement 
diagnosis 
demography 
76 new agents 
9 dtreferralsatt9 smreferralsatt255 
disease_progression 
H-positive risk:  678 665 97 1086 477 84 1064 425 147 75 139 63 
H-negative risk:  665 678 1064 1086 425 477 84 97 139 147 63 75 
New BC onsets:  0
BC status:  4895 105 
BC subtype:  4895 79 26 

clinical_engagement 
diagnosis 
demography 
86 new agents 
11 dtreferralsatt11 smreferralsatt256 
disease_progression 
H-positive risk:  688 669 95 1085 470 81 1069 423 146 75 138 61 
H-negative risk:  669 688 1069 1085 423 470 81 95 138 146 61 75 
New BC onsets:  0
BC status:  4897 103 
BC subtype:  4897 77 26 

clinical_engagement 
diagnosis 
demography 
84 new agents 
14 dtreferralsatt14 smreferralsatt257 
disease_progression 
H-positive risk:  692 661 96 1082 468 80 1070 427 149 73 140 62 
H-negative risk:  661 692 1070 1082 427 468 80 96 140 149 62 73 
New BC onsets:  0
BC status:  4898 102 
BC subtype:  4898 77 25 

clinical_engagement 
diagnosis 
demography 
81 new agents 
14 dtreferralsatt14 smreferralsatt258 
disease_progression 
H-positive risk:  693 667 93 1086 468 81 1060 427 149 74 140 62 
H-negative risk:  667 693 1060 1086 427 468 81 93 140 149 62 74 
New BC onsets:  0
BC status:  4896 104 
BC subtype:  4896 80 24 

clinical_engagement 
diagnosis 
demography 
76 new agents 
12 dtreferralsatt12 smreferralsatt259 
disease_progression 
H-positive risk:  697 669 95 1094 465 80 1056 420 149 74 141 60 
H-negative risk:  669 697 1056 1094 420 465 80 95 141 149 60 74 
New BC onsets:  0
BC status:  4893 107 
BC subtype:  4893 83 24 

clinical_engagement 
diagnosis 
demography 
93 new agents 
15 dtreferralsatt15 smreferralsatt260 
disease_progression 
H-positive risk:  703 668 97 1090 468 82 1054 417 144 75 141 61 
H-negative risk:  668 703 1054 1090 417 468 82 97 141 144 61 75 
New BC onsets:  0
BC status:  4894 106 
BC subtype:  4894 82 24 

clinical_engagement 
diagnosis 
demography 
87 new agents 
15 dtreferralsatt15 smreferralsatt261 
disease_progression 
H-positive risk:  701 664 98 1093 467 80 1061 414 145 74 142 61 
H-negative risk:  664 701 1061 1093 414 467 80 98 142 145 61 74 
New BC onsets:  0
BC status:  4893 107 
BC subtype:  4893 81 26 

clinical_engagement 
diagnosis 
demography 
76 new agents 
9 dtreferralsatt9 smreferralsatt262 
disease_progression 
H-positive risk:  698 670 98 1087 464 78 1058 428 146 73 142 58 
H-negative risk:  670 698 1058 1087 428 464 78 98 142 146 58 73 
New BC onsets:  0
BC status:  4889 111 
BC subtype:  4889 84 27 

clinical_engagement 
diagnosis 
demography 
74 new agents 
10 dtreferralsatt10 smreferralsatt263 
disease_progression 
H-positive risk:  690 674 95 1094 461 79 1063 421 144 74 144 61 
H-negative risk:  674 690 1063 1094 421 461 79 95 144 144 61 74 
New BC onsets:  0
BC status:  4888 112 
BC subtype:  4888 85 27 

clinical_engagement 
diagnosis 
demography 
84 new agents 
13 dtreferralsatt13 smreferralsatt264 
disease_progression 
H-positive risk:  686 680 92 1097 462 77 1065 416 144 71 149 61 
H-negative risk:  680 686 1065 1097 416 462 77 92 149 144 61 71 
New BC onsets:  0
BC status:  4888 112 
BC subtype:  4888 86 26 

clinical_engagement 
diagnosis 
demography 
64 new agents 
11 dtreferralsatt11 smreferralsatt265 
disease_progression 
H-positive risk:  680 667 90 1102 458 81 1077 418 145 71 151 60 
H-negative risk:  667 680 1077 1102 418 458 81 90 151 145 60 71 
New BC onsets:  0
BC status:  4886 114 
BC subtype:  4886 88 26 

clinical_engagement 
diagnosis 
demography 
84 new agents 
9 dtreferralsatt9 smreferralsatt266 
disease_progression 
H-positive risk:  682 665 92 1108 455 83 1078 418 144 68 148 59 
H-negative risk:  665 682 1078 1108 418 455 83 92 148 144 59 68 
New BC onsets:  0
BC status:  4888 112 
BC subtype:  4888 86 26 

clinical_engagement 
diagnosis 
demography 
77 new agents 
9 dtreferralsatt9 smreferralsatt267 
disease_progression 
H-positive risk:  682 670 92 1115 451 81 1080 414 144 68 146 57 
H-negative risk:  670 682 1080 1115 414 451 81 92 146 144 57 68 
New BC onsets:  0
BC status:  4889 111 
BC subtype:  4889 85 26 

clinical_engagement 
diagnosis 
demography 
82 new agents 
12 dtreferralsatt12 smreferralsatt268 
disease_progression 
H-positive risk:  683 666 90 1117 452 78 1070 421 144 70 150 59 
H-negative risk:  666 683 1070 1117 421 452 78 90 150 144 59 70 
New BC onsets:  0
BC status:  4890 110 
BC subtype:  4890 83 27 

clinical_engagement 
diagnosis 
demography 
62 new agents 
12 dtreferralsatt12 smreferralsatt269 
disease_progression 
H-positive risk:  676 665 89 1111 449 80 1081 425 144 71 151 58 
H-negative risk:  665 676 1081 1111 425 449 80 89 151 144 58 71 
New BC onsets:  0
BC status:  4892 108 
BC subtype:  4892 82 26 

clinical_engagement 
diagnosis 
demography 
77 new agents 
6 dtreferralsatt6 smreferralsatt270 
disease_progression 
H-positive risk:  683 666 90 1108 450 76 1083 420 149 67 152 56 
H-negative risk:  666 683 1083 1108 420 450 76 90 152 149 56 67 
New BC onsets:  0
BC status:  4895 105 
BC subtype:  4895 80 25 

clinical_engagement 
diagnosis 
demography 
72 new agents 
10 dtreferralsatt10 smreferralsatt271 
disease_progression 
H-positive risk:  683 667 95 1102 449 74 1086 421 150 66 152 55 
H-negative risk:  667 683 1086 1102 421 449 74 95 152 150 55 66 
New BC onsets:  0
BC status:  4895 105 
BC subtype:  4895 80 25 

clinical_engagement 
diagnosis 
demography 
74 new agents 
12 dtreferralsatt12 smreferralsatt272 
disease_progression 
H-positive risk:  684 662 96 1117 450 75 1083 413 149 66 147 58 
H-negative risk:  662 684 1083 1117 413 450 75 96 147 149 58 66 
New BC onsets:  0
BC status:  4891 109 
BC subtype:  4891 82 27 

clinical_engagement 
diagnosis 
demography 
77 new agents 
12 dtreferralsatt12 smreferralsatt273 
disease_progression 
H-positive risk:  681 666 97 1105 464 80 1082 412 148 61 145 59 
H-negative risk:  666 681 1082 1105 412 464 80 97 145 148 59 61 
New BC onsets:  0
BC status:  4890 110 
BC subtype:  4890 84 26 

clinical_engagement 
diagnosis 
demography 
66 new agents 
15 dtreferralsatt15 smreferralsatt274 
disease_progression 
H-positive risk:  678 662 97 1102 463 79 1091 415 151 58 146 58 
H-negative risk:  662 678 1091 1102 415 463 79 97 146 151 58 58 
New BC onsets:  0
BC status:  4893 107 
BC subtype:  4893 81 26 

clinical_engagement 
diagnosis 
demography 
77 new agents 
13 dtreferralsatt13 smreferralsatt275 
disease_progression 
H-positive risk:  675 663 96 1107 460 81 1087 420 146 58 149 58 
H-negative risk:  663 675 1087 1107 420 460 81 96 149 146 58 58 
New BC onsets:  0
BC status:  4892 108 
BC subtype:  4892 83 25 

clinical_engagement 
diagnosis 
demography 
89 new agents 
17 dtreferralsatt17 smreferralsatt276 
disease_progression 
H-positive risk:  670 661 97 1105 458 82 1096 424 144 55 149 59 
H-negative risk:  661 670 1096 1105 424 458 82 97 149 144 59 55 
New BC onsets:  0
BC status:  4893 107 
BC subtype:  4893 82 25 

clinical_engagement 
diagnosis 
demography 
80 new agents 
9 dtreferralsatt9 smreferralsatt277 
disease_progression 
H-positive risk:  670 662 95 1103 466 77 1098 428 143 53 148 57 
H-negative risk:  662 670 1098 1103 428 466 77 95 148 143 57 53 
New BC onsets:  0
BC status:  4901 99 
BC subtype:  4901 76 23 

clinical_engagement 
diagnosis 
demography 
96 new agents 
7 dtreferralsatt7 smreferralsatt278 
disease_progression 
H-positive risk:  677 667 93 1098 470 79 1098 417 144 53 151 53 
H-negative risk:  667 677 1098 1098 417 470 79 93 151 144 53 53 
New BC onsets:  0
BC status:  4902 98 
BC subtype:  4902 74 24 

clinical_engagement 
diagnosis 
demography 
68 new agents 
10 dtreferralsatt10 smreferralsatt279 
disease_progression 
H-positive risk:  677 666 93 1098 467 82 1101 414 147 49 152 54 
H-negative risk:  666 677 1101 1098 414 467 82 93 152 147 54 49 
New BC onsets:  0
BC status:  4901 99 
BC subtype:  4901 74 25 

clinical_engagement 
diagnosis 
demography 
79 new agents 
9 dtreferralsatt9 smreferralsatt280 
disease_progression 
H-positive risk:  674 672 92 1093 458 81 1115 416 149 49 148 53 
H-negative risk:  672 674 1115 1093 416 458 81 92 148 149 53 49 
New BC onsets:  0
BC status:  4896 104 
BC subtype:  4896 79 25 

clinical_engagement 
diagnosis 
demography 
81 new agents 
9 dtreferralsatt9 smreferralsatt281 
disease_progression 
H-positive risk:  674 677 90 1101 458 83 1110 410 151 47 145 54 
H-negative risk:  677 674 1110 1101 410 458 83 90 145 151 54 47 
New BC onsets:  0
BC status:  4896 104 
BC subtype:  4896 79 25 

clinical_engagement 
diagnosis 
demography 
87 new agents 
8 dtreferralsatt8 smreferralsatt282 
disease_progression 
H-positive risk:  666 686 90 1102 445 83 1115 411 151 49 148 54 
H-negative risk:  686 666 1115 1102 411 445 83 90 148 151 54 49 
New BC onsets:  0
BC status:  4895 105 
BC subtype:  4895 80 25 

clinical_engagement 
diagnosis 
demography 
76 new agents 
12 dtreferralsatt12 smreferralsatt283 
disease_progression 
H-positive risk:  660 691 93 1105 443 84 1115 412 148 49 148 52 
H-negative risk:  691 660 1115 1105 412 443 84 93 148 148 52 49 
New BC onsets:  0
BC status:  4896 104 
BC subtype:  4896 79 25 

clinical_engagement 
diagnosis 
demography 
75 new agents 
8 dtreferralsatt8 smreferralsatt284 
disease_progression 
H-positive risk:  661 698 94 1107 442 81 1115 406 145 50 147 54 
H-negative risk:  698 661 1115 1107 406 442 81 94 147 145 54 50 
New BC onsets:  0
BC status:  4895 105 
BC subtype:  4895 79 26 

clinical_engagement 
diagnosis 
demography 
87 new agents 
7 dtreferralsatt7 smreferralsatt285 
disease_progression 
H-positive risk:  669 704 94 1104 441 78 1112 405 148 48 143 54 
H-negative risk:  704 669 1112 1104 405 441 78 94 143 148 54 48 
New BC onsets:  0
BC status:  4890 110 
BC subtype:  4890 84 26 

clinical_engagement 
diagnosis 
demography 
68 new agents 
14 dtreferralsatt14 smreferralsatt286 
disease_progression 
H-positive risk:  671 703 95 1097 439 80 1107 411 151 46 147 53 
H-negative risk:  703 671 1107 1097 411 439 80 95 147 151 53 46 
New BC onsets:  0
BC status:  4893 107 
BC subtype:  4893 82 25 

clinical_engagement 
diagnosis 
demography 
75 new agents 
10 dtreferralsatt10 smreferralsatt287 
disease_progression 
H-positive risk:  672 707 95 1096 430 78 1112 411 153 46 148 52 
H-negative risk:  707 672 1112 1096 411 430 78 95 148 153 52 46 
New BC onsets:  0
BC status:  4892 108 
BC subtype:  4892 82 26 

clinical_engagement 
diagnosis 
demography 
85 new agents 
13 dtreferralsatt13 smreferralsatt288 
disease_progression 
H-positive risk:  674 713 95 1083 438 80 1103 412 154 47 148 53 
H-negative risk:  713 674 1103 1083 412 438 80 95 148 154 53 47 
New BC onsets:  0
BC status:  4894 106 
BC subtype:  4894 81 25 

clinical_engagement 
diagnosis 
demography 
90 new agents 
11 dtreferralsatt11 smreferralsatt289 
disease_progression 
H-positive risk:  674 720 96 1082 427 80 1106 416 150 47 147 55 
H-negative risk:  720 674 1106 1082 416 427 80 96 147 150 55 47 
New BC onsets:  0
BC status:  4896 104 
BC subtype:  4896 80 24 

clinical_engagement 
diagnosis 
demography 
59 new agents 
8 dtreferralsatt8 smreferralsatt290 
disease_progression 
H-positive risk:  675 717 96 1084 430 80 1106 416 146 45 146 59 
H-negative risk:  717 675 1106 1084 416 430 80 96 146 146 59 45 
New BC onsets:  0
BC status:  4896 104 
BC subtype:  4896 80 24 

clinical_engagement 
diagnosis 
demography 
62 new agents 
7 dtreferralsatt7 smreferralsatt291 
disease_progression 
H-positive risk:  676 718 93 1079 437 79 1111 418 142 45 145 57 
H-negative risk:  718 676 1111 1079 418 437 79 93 145 142 57 45 
New BC onsets:  0
BC status:  4897 103 
BC subtype:  4897 80 23 

clinical_engagement 
diagnosis 
demography 
78 new agents 
12 dtreferralsatt12 smreferralsatt292 
disease_progression 
H-positive risk:  675 718 92 1076 440 80 1109 421 143 44 143 59 
H-negative risk:  718 675 1109 1076 421 440 80 92 143 143 59 44 
New BC onsets:  0
BC status:  4897 103 
BC subtype:  4897 80 23 

clinical_engagement 
diagnosis 
demography 
88 new agents 
17 dtreferralsatt17 smreferralsatt293 
disease_progression 
H-positive risk:  678 713 96 1079 438 77 1114 418 144 46 137 60 
H-negative risk:  713 678 1114 1079 418 438 77 96 137 144 60 46 
New BC onsets:  0
BC status:  4897 103 
BC subtype:  4897 80 23 

clinical_engagement 
diagnosis 
demography 
67 new agents 
8 dtreferralsatt8 smreferralsatt294 
disease_progression 
H-positive risk:  678 710 93 1076 441 78 1108 421 147 45 141 62 
H-negative risk:  710 678 1108 1076 421 441 78 93 141 147 62 45 
New BC onsets:  0
BC status:  4898 102 
BC subtype:  4898 80 22 

clinical_engagement 
diagnosis 
demography 
81 new agents 
9 dtreferralsatt9 smreferralsatt295 
disease_progression 
H-positive risk:  680 702 95 1087 437 78 1107 425 143 45 139 62 
H-negative risk:  702 680 1107 1087 425 437 78 95 139 143 62 45 
New BC onsets:  0
BC status:  4901 99 
BC subtype:  4901 78 21 

clinical_engagement 
diagnosis 
demography 
61 new agents 
14 dtreferralsatt14 smreferralsatt296 
disease_progression 
H-positive risk:  680 698 96 1088 441 78 1107 423 141 46 139 63 
H-negative risk:  698 680 1107 1088 423 441 78 96 139 141 63 46 
New BC onsets:  0
BC status:  4902 98 
BC subtype:  4902 78 20 

clinical_engagement 
diagnosis 
demography 
83 new agents 
14 dtreferralsatt14 smreferralsatt297 
disease_progression 
H-positive risk:  677 694 93 1091 446 80 1118 418 136 47 140 60 
H-negative risk:  694 677 1118 1091 418 446 80 93 140 136 60 47 
New BC onsets:  0
BC status:  4899 101 
BC subtype:  4899 79 22 

clinical_engagement 
diagnosis 
demography 
83 new agents 
12 dtreferralsatt12 smreferralsatt298 
disease_progression 
H-positive risk:  679 702 95 1092 434 80 1114 422 136 47 139 60 
H-negative risk:  702 679 1114 1092 422 434 80 95 139 136 60 47 
New BC onsets:  0
BC status:  4898 102 
BC subtype:  4898 80 22 

clinical_engagement 
diagnosis 
demography 
60 new agents 
12 dtreferralsatt12 smreferralsatt299 
disease_progression 
H-positive risk:  691 697 98 1092 429 80 1105 430 136 49 138 55 
H-negative risk:  697 691 1105 1092 430 429 80 98 138 136 55 49 
New BC onsets:  0
BC status:  4899 101 
BC subtype:  4899 79 22 

clinical_engagement 
diagnosis 
demography 
86 new agents 
6 dtreferralsatt6 smreferralsatt300 
disease_progression 
H-positive risk:  698 699 93 1097 428 81 1096 431 136 49 136 56 
H-negative risk:  699 698 1096 1097 431 428 81 93 136 136 56 49 
New BC onsets:  0
BC status:  4898 102 
BC subtype:  4898 80 22 

clinical_engagement 
diagnosis 
demography 
73 new agents 
10 dtreferralsatt10 smreferralsattTime difference of 17.36043 mins
This is task 9
date
