date
Note that the current default version of R is 3.6.1.
Loading required package: network
network: Classes for Relational Data
Version 1.15 created on 2019-04-01.
copyright (c) 2005, Carter T. Butts, University of California-Irvine
                    Mark S. Handcock, University of California -- Los Angeles
                    David R. Hunter, Penn State University
                    Martina Morris, University of Washington
                    Skye Bender-deMoll, University of Washington
 For citation information, type citation("network").
 Type help("network-package") to get started.


networkDynamic: version 0.10.0, created on 2019-04-04
Copyright (c) 2019, Carter T. Butts, University of California -- Irvine
                    Ayn Leslie-Cook, University of Washington
                    Pavel N. Krivitsky, University of Wollongong
                    Skye Bender-deMoll, University of Washington
                    with contributions from
                    Zack Almquist, University of California -- Irvine
                    David R. Hunter, Penn State University
                    Li Wang
                    Kirk Li, University of Washington
                    Steven M. Goodreau, University of Washington
                    Jeffrey Horner
                    Martina Morris, University of Washington
Based on "statnet" project software (statnet.org).
For license and citation information see statnet.org/attribution
or type citation("networkDynamic").

Loading required package: statnet.common

Attaching package: 'statnet.common'

The following object is masked from 'package:base':

    order

sna: Tools for Social Network Analysis
Version 2.4 created on 2016-07-23.
copyright (c) 2005, Carter T. Butts, University of California-Irvine
 For citation information, type citation("sna").
 Type help(package="sna") to get started.


ergm: version 3.10.4, created on 2019-06-10
Copyright (c) 2019, Mark S. Handcock, University of California -- Los Angeles
                    David R. Hunter, Penn State University
                    Carter T. Butts, University of California -- Irvine
                    Steven M. Goodreau, University of Washington
                    Pavel N. Krivitsky, University of Wollongong
                    Martina Morris, University of Washington
                    with contributions from
                    Li Wang
                    Kirk Li, University of Washington
                    Skye Bender-deMoll, University of Washington
                    Chad Klumb
Based on "statnet" project software (statnet.org).
For license and citation information see statnet.org/attribution
or type citation("ergm").

NOTE: Versions before 3.6.1 had a bug in the implementation of the bd()
constriant which distorted the sampled distribution somewhat. In
addition, Sampson's Monks datasets had mislabeled vertices. See the
NEWS and the documentation for more details.

NOTE: Some common term arguments pertaining to vertex attribute and
level selection have changed in 3.10.0. See terms help for more
details. Use 'options(ergm.term=list(version="3.9.4"))' to use old
behavior.


tergm: version 3.6.1, created on 2019-06-12
Copyright (c) 2019, Pavel N. Krivitsky, University of Wollongong
                    Mark S. Handcock, University of California -- Los Angeles
                    with contributions from
                    David R. Hunter, Penn State University
                    Steven M. Goodreau, University of Washington
                    Martina Morris, University of Washington
                    Nicole Bohme Carnegie, New York University
                    Carter T. Butts, University of California -- Irvine
                    Ayn Leslie-Cook, University of Washington
                    Skye Bender-deMoll
                    Li Wang
                    Kirk Li, University of Washington
Based on "statnet" project software (statnet.org).
For license and citation information see statnet.org/attribution
or type citation("tergm").

Starting maximum pseudolikelihood estimation (MPLE):
Evaluating the predictor and response matrix.
Maximizing the pseudolikelihood.
Finished MPLE.
Starting Monte Carlo maximum likelihood estimation (MCMLE):
Iteration 1 of at most 500:
Optimizing with step length 0.296522981913627.
The log-likelihood improved by 3.41.
Iteration 2 of at most 500:
Optimizing with step length 0.402712759126641.
The log-likelihood improved by 3.163.
Iteration 3 of at most 500:
Optimizing with step length 0.692494807690691.
The log-likelihood improved by 3.817.
Iteration 4 of at most 500:
Optimizing with step length 1.
The log-likelihood improved by 1.681.
Step length converged once. Increasing MCMC sample size.
Iteration 5 of at most 500:
Optimizing with step length 1.
The log-likelihood improved by 0.1497.
Step length converged twice. Stopping.
Finished MCMLE.
This model was fit using MCMC.  To examine model diagnostics and check
for degeneracy, use the mcmc.diagnostics() function.
 degree0  degree1  degree2  degree3  degree4  degree5  degree6  degree7 
       4       23     1293     1068      821      327      359      324 
 degree8  degree9 degree10 degree11 degree12 degree13 degree14 degree15 
     281      208      144       65       41       20       14        5 
degree16 
       3 
1 
disease_progression 
H-positive risk:  876 892 116 887 446 120 863 428 130 47 128 67 
H-negative risk:  892 876 863 887 428 446 120 116 128 130 67 47 
New BC onsets:  0
BC status:  4999 1 
BC subtype:  4999 1 

clinical_engagement 
diagnosis 
demography 
60 new agents 
3 dtreferralsatt3 smreferralsatt2 
disease_progression 
H-positive risk:  878 897 116 884 438 119 865 427 135 46 129 66 
H-negative risk:  897 878 865 884 427 438 119 116 129 135 66 46 
New BC onsets:  0
BC status:  4997 3 
BC subtype:  4997 3 

clinical_engagement 
diagnosis 
demography 
68 new agents 
5 dtreferralsatt5 smreferralsatt3 
disease_progression 
H-positive risk:  892 904 116 879 428 120 864 422 135 47 129 64 
H-negative risk:  904 892 864 879 422 428 120 116 129 135 64 47 
New BC onsets:  0
BC status:  4996 4 
BC subtype:  4996 4 

clinical_engagement 
diagnosis 
demography 
57 new agents 
2 dtreferralsatt2 smreferralsatt4 
disease_progression 
H-positive risk:  901 909 114 876 422 125 861 419 134 47 129 63 
H-negative risk:  909 901 861 876 419 422 125 114 129 134 63 47 
New BC onsets:  0
BC status:  4992 8 
BC subtype:  4992 8 

clinical_engagement 
diagnosis 
demography 
51 new agents 
3 dtreferralsatt3 smreferralsatt5 
disease_progression 
H-positive risk:  901 912 115 874 417 130 864 415 133 47 129 63 
H-negative risk:  912 901 864 874 415 417 130 115 129 133 63 47 
New BC onsets:  0
BC status:  4989 11 
BC subtype:  4989 10 1 

clinical_engagement 
diagnosis 
demography 
51 new agents 
5 dtreferralsatt5 smreferralsatt6 
disease_progression 
H-positive risk:  902 918 114 874 413 130 863 414 132 47 130 63 
H-negative risk:  918 902 863 874 414 413 130 114 130 132 63 47 
New BC onsets:  0
BC status:  4988 12 
BC subtype:  4988 11 1 

clinical_engagement 
diagnosis 
demography 
59 new agents 
5 dtreferralsatt5 smreferralsatt7 
disease_progression 
H-positive risk:  904 916 115 882 412 129 859 409 132 48 130 64 
H-negative risk:  916 904 859 882 409 412 129 115 130 132 64 48 
New BC onsets:  0
BC status:  4985 15 
BC subtype:  4985 14 1 

clinical_engagement 
diagnosis 
demography 
37 new agents 
6 dtreferralsatt6 smreferralsatt8 
disease_progression 
H-positive risk:  908 918 115 882 410 129 860 405 133 48 128 64 
H-negative risk:  918 908 860 882 405 410 129 115 128 133 64 48 
New BC onsets:  0
BC status:  4985 15 
BC subtype:  4985 14 1 

clinical_engagement 
diagnosis 
demography 
56 new agents 
3 dtreferralsatt3 smreferralsatt9 
disease_progression 
H-positive risk:  913 921 117 890 410 130 851 399 133 46 128 62 
H-negative risk:  921 913 851 890 399 410 130 117 128 133 62 46 
New BC onsets:  0
BC status:  4983 17 
BC subtype:  4983 16 1 

clinical_engagement 
diagnosis 
demography 
65 new agents 
6 dtreferralsatt6 smreferralsatt10 
disease_progression 
H-positive risk:  916 925 118 888 410 132 854 392 132 45 128 60 
H-negative risk:  925 916 854 888 392 410 132 118 128 132 60 45 
New BC onsets:  0
BC status:  4980 20 
BC subtype:  4980 18 2 

clinical_engagement 
diagnosis 
demography 
59 new agents 
3 dtreferralsatt3 smreferralsatt11 
disease_progression 
H-positive risk:  921 931 120 885 401 132 854 391 133 46 127 59 
H-negative risk:  931 921 854 885 391 401 132 120 127 133 59 46 
New BC onsets:  0
BC status:  4978 22 
BC subtype:  4978 20 2 

clinical_engagement 
diagnosis 
demography 
63 new agents 
1 dtreferralsatt1 smreferralsatt12 
disease_progression 
H-positive risk:  929 938 122 882 398 132 850 383 133 46 126 61 
H-negative risk:  938 929 850 882 383 398 132 122 126 133 61 46 
New BC onsets:  0
BC status:  4976 24 
BC subtype:  4976 22 2 

clinical_engagement 
diagnosis 
demography 
60 new agents 
10 dtreferralsatt10 smreferralsatt13 
disease_progression 
H-positive risk:  847 849 110 970 397 117 937 379 149 46 139 60 
H-negative risk:  849 847 937 970 379 397 117 110 139 149 60 46 
New BC onsets:  0
BC status:  4975 25 
BC subtype:  4975 23 2 

clinical_engagement 
diagnosis 
demography 
220 new agents 
9 dtreferralsatt9 smreferralsatt14 
disease_progression 
H-positive risk:  877 890 116 929 411 123 885 385 143 53 133 55 
H-negative risk:  890 877 885 929 385 411 123 116 133 143 55 53 
New BC onsets:  0
BC status:  4972 28 
BC subtype:  4972 26 2 

clinical_engagement 
diagnosis 
demography 
60 new agents 
11 dtreferralsatt11 smreferralsatt15 
disease_progression 
H-positive risk:  880 892 114 936 405 125 885 383 142 54 130 54 
H-negative risk:  892 880 885 936 383 405 125 114 130 142 54 54 
New BC onsets:  0
BC status:  4970 30 
BC subtype:  4970 28 2 

clinical_engagement 
diagnosis 
demography 
52 new agents 
10 dtreferralsatt10 smreferralsatt16 
disease_progression 
H-positive risk:  887 897 114 937 404 125 880 378 141 54 130 53 
H-negative risk:  897 887 880 937 378 404 125 114 130 141 53 54 
New BC onsets:  0
BC status:  4969 31 
BC subtype:  4969 28 3 

clinical_engagement 
diagnosis 
demography 
76 new agents 
5 dtreferralsatt5 smreferralsatt17 
disease_progression 
H-positive risk:  897 901 116 935 393 123 875 379 143 56 130 52 
H-negative risk:  901 897 875 935 379 393 123 116 130 143 52 56 
New BC onsets:  0
BC status:  4968 32 
BC subtype:  4968 29 3 

clinical_engagement 
diagnosis 
demography 
58 new agents 
11 dtreferralsatt11 smreferralsatt18 
disease_progression 
H-positive risk:  899 907 117 932 390 121 871 380 145 57 129 52 
H-negative risk:  907 899 871 932 380 390 121 117 129 145 52 57 
New BC onsets:  0
BC status:  4967 33 
BC subtype:  4967 30 3 

clinical_engagement 
diagnosis 
demography 
68 new agents 
5 dtreferralsatt5 smreferralsatt19 
disease_progression 
H-positive risk:  899 910 117 929 395 121 877 371 147 58 124 52 
H-negative risk:  910 899 877 929 371 395 121 117 124 147 52 58 
New BC onsets:  0
BC status:  4965 35 
BC subtype:  4965 32 3 

clinical_engagement 
diagnosis 
demography 
60 new agents 
8 dtreferralsatt8 smreferralsatt20 
disease_progression 
H-positive risk:  893 916 119 931 388 120 885 369 146 57 123 53 
H-negative risk:  916 893 885 931 369 388 120 119 123 146 53 57 
New BC onsets:  0
BC status:  4962 38 
BC subtype:  4962 34 4 

clinical_engagement 
diagnosis 
demography 
53 new agents 
13 dtreferralsatt13 smreferralsatt21 
disease_progression 
H-positive risk:  893 920 120 930 388 122 880 368 146 57 122 54 
H-negative risk:  920 893 880 930 368 388 122 120 122 146 54 57 
New BC onsets:  0
BC status:  4961 39 
BC subtype:  4961 35 4 

clinical_engagement 
diagnosis 
demography 
53 new agents 
8 dtreferralsatt8 smreferralsatt22 
disease_progression 
H-positive risk:  897 921 122 929 383 124 877 368 145 56 123 55 
H-negative risk:  921 897 877 929 368 383 124 122 123 145 55 56 
New BC onsets:  0
BC status:  4957 43 
BC subtype:  4957 38 5 

clinical_engagement 
diagnosis 
demography 
50 new agents 
8 dtreferralsatt8 smreferralsatt23 
disease_progression 
H-positive risk:  902 922 123 929 383 124 878 365 145 52 123 54 
H-negative risk:  922 902 878 929 365 383 124 123 123 145 54 52 
New BC onsets:  0
BC status:  4954 46 
BC subtype:  4954 40 6 

clinical_engagement 
diagnosis 
demography 
60 new agents 
5 dtreferralsatt5 smreferralsatt24 
disease_progression 
H-positive risk:  899 929 124 931 384 123 878 356 147 52 124 53 
H-negative risk:  929 899 878 931 356 384 123 124 124 147 53 52 
New BC onsets:  0
BC status:  4950 50 
BC subtype:  4950 44 6 

clinical_engagement 
diagnosis 
demography 
70 new agents 
8 dtreferralsatt8 smreferralsatt25 
disease_progression 
H-positive risk:  837 851 117 1002 382 120 949 355 152 52 129 54 
H-negative risk:  851 837 949 1002 355 382 120 117 129 152 54 52 
New BC onsets:  0
BC status:  4948 52 
BC subtype:  4948 43 9 

clinical_engagement 
diagnosis 
demography 
177 new agents 
11 dtreferralsatt11 smreferralsatt26 
disease_progression 
H-positive risk:  867 874 118 963 384 126 925 365 143 55 121 59 
H-negative risk:  874 867 925 963 365 384 126 118 121 143 59 55 
New BC onsets:  0
BC status:  4939 61 
BC subtype:  4939 52 9 

clinical_engagement 
diagnosis 
demography 
58 new agents 
7 dtreferralsatt7 smreferralsatt27 
disease_progression 
H-positive risk:  870 878 119 961 385 126 917 366 145 56 118 59 
H-negative risk:  878 870 917 961 366 385 126 119 118 145 59 56 
New BC onsets:  0
BC status:  4939 61 
BC subtype:  4939 52 9 

clinical_engagement 
diagnosis 
demography 
73 new agents 
8 dtreferralsatt8 smreferralsatt28 
disease_progression 
H-positive risk:  874 881 120 957 374 128 923 364 149 55 116 59 
H-negative risk:  881 874 923 957 364 374 128 120 116 149 59 55 
New BC onsets:  0
BC status:  4936 64 
BC subtype:  4936 53 11 

clinical_engagement 
diagnosis 
demography 
69 new agents 
11 dtreferralsatt11 smreferralsatt29 
disease_progression 
H-positive risk:  874 878 123 957 373 129 925 362 150 53 115 61 
H-negative risk:  878 874 925 957 362 373 129 123 115 150 61 53 
New BC onsets:  0
BC status:  4935 65 
BC subtype:  4935 54 11 

clinical_engagement 
diagnosis 
demography 
68 new agents 
10 dtreferralsatt10 smreferralsatt30 
disease_progression 
H-positive risk:  874 881 123 953 373 132 927 356 149 52 115 65 
H-negative risk:  881 874 927 953 356 373 132 123 115 149 65 52 
New BC onsets:  0
BC status:  4935 65 
BC subtype:  4935 54 11 

clinical_engagement 
diagnosis 
demography 
50 new agents 
10 dtreferralsatt10 smreferralsatt31 
disease_progression 
H-positive risk:  873 883 125 956 372 132 932 352 147 51 113 64 
H-negative risk:  883 873 932 956 352 372 132 125 113 147 64 51 
New BC onsets:  0
BC status:  4936 64 
BC subtype:  4936 53 11 

clinical_engagement 
diagnosis 
demography 
66 new agents 
14 dtreferralsatt14 smreferralsatt32 
disease_progression 
H-positive risk:  876 890 128 944 374 132 930 351 145 54 112 64 
H-negative risk:  890 876 930 944 351 374 132 128 112 145 64 54 
New BC onsets:  0
BC status:  4934 66 
BC subtype:  4934 55 11 

clinical_engagement 
diagnosis 
demography 
54 new agents 
6 dtreferralsatt6 smreferralsatt33 
disease_progression 
H-positive risk:  877 886 127 942 371 135 933 350 147 54 114 64 
H-negative risk:  886 877 933 942 350 371 135 127 114 147 64 54 
New BC onsets:  0
BC status:  4935 65 
BC subtype:  4935 54 11 

clinical_engagement 
diagnosis 
demography 
53 new agents 
14 dtreferralsatt14 smreferralsatt34 
disease_progression 
H-positive risk:  878 891 126 948 369 136 928 351 148 50 111 64 
H-negative risk:  891 878 928 948 351 369 136 126 111 148 64 50 
New BC onsets:  0
BC status:  4931 69 
BC subtype:  4931 55 14 

clinical_engagement 
diagnosis 
demography 
66 new agents 
10 dtreferralsatt10 smreferralsatt35 
disease_progression 
H-positive risk:  882 896 126 953 368 137 922 345 147 49 111 64 
H-negative risk:  896 882 922 953 345 368 137 126 111 147 64 49 
New BC onsets:  0
BC status:  4930 70 
BC subtype:  4930 56 14 

clinical_engagement 
diagnosis 
demography 
58 new agents 
17 dtreferralsatt17 smreferralsatt36 
disease_progression 
H-positive risk:  886 894 127 965 368 139 916 337 146 49 111 62 
H-negative risk:  894 886 916 965 337 368 139 127 111 146 62 49 
New BC onsets:  0
BC status:  4931 69 
BC subtype:  4931 55 14 

clinical_engagement 
diagnosis 
demography 
66 new agents 
8 dtreferralsatt8 smreferralsatt37 
disease_progression 
H-positive risk:  817 824 115 1021 370 127 992 341 158 49 125 61 
H-negative risk:  824 817 992 1021 341 370 127 115 125 158 61 49 
New BC onsets:  0
BC status:  4931 69 
BC subtype:  4931 55 14 

clinical_engagement 
diagnosis 
demography 
146 new agents 
9 dtreferralsatt9 smreferralsatt38 
disease_progression 
H-positive risk:  827 826 118 1000 389 127 965 368 149 52 120 59 
H-negative risk:  826 827 965 1000 368 389 127 118 120 149 59 52 
New BC onsets:  0
BC status:  4932 68 
BC subtype:  4932 56 12 

clinical_engagement 
diagnosis 
demography 
75 new agents 
7 dtreferralsatt7 smreferralsatt39 
disease_progression 
H-positive risk:  835 827 118 993 385 127 969 366 150 52 120 58 
H-negative risk:  827 835 969 993 366 385 127 118 120 150 58 52 
New BC onsets:  0
BC status:  4930 70 
BC subtype:  4930 57 13 

clinical_engagement 
diagnosis 
demography 
70 new agents 
12 dtreferralsatt12 smreferralsatt40 
disease_progression 
H-positive risk:  842 830 118 992 379 126 968 369 152 50 118 56 
H-negative risk:  830 842 968 992 369 379 126 118 118 152 56 50 
New BC onsets:  0
BC status:  4927 73 
BC subtype:  4927 59 14 

clinical_engagement 
diagnosis 
demography 
63 new agents 
11 dtreferralsatt11 smreferralsatt41 
disease_progression 
H-positive risk:  846 832 117 994 377 127 962 363 152 52 121 57 
H-negative risk:  832 846 962 994 363 377 127 117 121 152 57 52 
New BC onsets:  0
BC status:  4929 71 
BC subtype:  4929 57 14 

clinical_engagement 
diagnosis 
demography 
73 new agents 
9 dtreferralsatt9 smreferralsatt42 
disease_progression 
H-positive risk:  853 825 117 993 381 126 966 356 154 53 120 56 
H-negative risk:  825 853 966 993 356 381 126 117 120 154 56 53 
New BC onsets:  0
BC status:  4927 73 
BC subtype:  4927 59 14 

clinical_engagement 
diagnosis 
demography 
69 new agents 
8 dtreferralsatt8 smreferralsatt43 
disease_progression 
H-positive risk:  850 826 118 991 377 125 975 360 155 49 118 56 
H-negative risk:  826 850 975 991 360 377 125 118 118 155 56 49 
New BC onsets:  0
BC status:  4931 69 
BC subtype:  4931 55 14 

clinical_engagement 
diagnosis 
demography 
77 new agents 
9 dtreferralsatt9 smreferralsatt44 
disease_progression 
H-positive risk:  853 834 118 986 372 127 977 358 152 46 120 57 
H-negative risk:  834 853 977 986 358 372 127 118 120 152 57 46 
New BC onsets:  0
BC status:  4929 71 
BC subtype:  4929 57 14 

clinical_engagement 
diagnosis 
demography 
58 new agents 
11 dtreferralsatt11 smreferralsatt45 
disease_progression 
H-positive risk:  860 838 118 984 371 127 975 353 152 46 117 59 
H-negative risk:  838 860 975 984 353 371 127 118 117 152 59 46 
New BC onsets:  0
BC status:  4928 72 
BC subtype:  4928 58 14 

clinical_engagement 
diagnosis 
demography 
46 new agents 
11 dtreferralsatt11 smreferralsatt46 
disease_progression 
H-positive risk:  862 840 117 978 375 127 971 351 154 46 119 60 
H-negative risk:  840 862 971 978 351 375 127 117 119 154 60 46 
New BC onsets:  0
BC status:  4928 72 
BC subtype:  4928 58 14 

clinical_engagement 
diagnosis 
demography 
65 new agents 
10 dtreferralsatt10 smreferralsatt47 
disease_progression 
H-positive risk:  869 843 117 976 369 127 971 350 152 44 122 60 
H-negative risk:  843 869 971 976 350 369 127 117 122 152 60 44 
New BC onsets:  0
BC status:  4925 75 
BC subtype:  4925 60 15 

clinical_engagement 
diagnosis 
demography 
77 new agents 
13 dtreferralsatt13 smreferralsatt48 
disease_progression 
H-positive risk:  881 845 117 971 364 124 970 356 150 44 119 59 
H-negative risk:  845 881 970 971 356 364 124 117 119 150 59 44 
New BC onsets:  0
BC status:  4923 77 
BC subtype:  4923 62 15 

clinical_engagement 
diagnosis 
demography 
75 new agents 
10 dtreferralsatt10 smreferralsatt49 
disease_progression 
H-positive risk:  825 800 111 1013 360 115 1035 354 160 43 124 60 
H-negative risk:  800 825 1035 1013 354 360 115 111 124 160 60 43 
New BC onsets:  0
BC status:  4925 75 
BC subtype:  4925 59 16 

clinical_engagement 
diagnosis 
demography 
156 new agents 
12 dtreferralsatt12 smreferralsatt50 
disease_progression 
H-positive risk:  836 818 111 1002 360 117 1007 367 154 51 120 57 
H-negative risk:  818 836 1007 1002 367 360 117 111 120 154 57 51 
New BC onsets:  0
BC status:  4923 77 
BC subtype:  4923 57 20 

clinical_engagement 
diagnosis 
demography 
72 new agents 
15 dtreferralsatt15 smreferralsatt51 
disease_progression 
H-positive risk:  837 827 110 1002 354 120 1006 370 153 51 118 52 
H-negative risk:  827 837 1006 1002 370 354 120 110 118 153 52 51 
New BC onsets:  0
BC status:  4923 77 
BC subtype:  4923 59 18 

clinical_engagement 
diagnosis 
demography 
70 new agents 
7 dtreferralsatt7 smreferralsatt52 
disease_progression 
H-positive risk:  838 827 110 1004 358 116 1010 362 156 50 118 51 
H-negative risk:  827 838 1010 1004 362 358 116 110 118 156 51 50 
New BC onsets:  0
BC status:  4923 77 
BC subtype:  4923 59 18 

clinical_engagement 
diagnosis 
demography 
54 new agents 
5 dtreferralsatt5 smreferralsatt53 
disease_progression 
H-positive risk:  843 823 109 998 360 117 1011 365 154 50 118 52 
H-negative risk:  823 843 1011 998 365 360 117 109 118 154 52 50 
New BC onsets:  0
BC status:  4922 78 
BC subtype:  4922 61 17 

clinical_engagement 
diagnosis 
demography 
70 new agents 
7 dtreferralsatt7 smreferralsatt54 
disease_progression 
H-positive risk:  849 826 113 997 360 118 1011 360 152 51 114 49 
H-negative risk:  826 849 1011 997 360 360 118 113 114 152 49 51 
New BC onsets:  0
BC status:  4922 78 
BC subtype:  4922 61 17 

clinical_engagement 
diagnosis 
demography 
62 new agents 
10 dtreferralsatt10 smreferralsatt55 
disease_progression 
H-positive risk:  846 826 112 999 359 119 1023 354 149 52 112 49 
H-negative risk:  826 846 1023 999 354 359 119 112 112 149 49 52 
New BC onsets:  0
BC status:  4921 79 
BC subtype:  4921 62 17 

clinical_engagement 
diagnosis 
demography 
52 new agents 
12 dtreferralsatt12 smreferralsatt56 
disease_progression 
H-positive risk:  843 819 112 1008 365 118 1018 355 149 52 113 48 
H-negative risk:  819 843 1018 1008 355 365 118 112 113 149 48 52 
New BC onsets:  0
BC status:  4922 78 
BC subtype:  4922 62 16 

clinical_engagement 
diagnosis 
demography 
70 new agents 
12 dtreferralsatt12 smreferralsatt57 
disease_progression 
H-positive risk:  841 819 111 1014 368 118 1018 354 151 50 113 43 
H-negative risk:  819 841 1018 1014 354 368 118 111 113 151 43 50 
New BC onsets:  0
BC status:  4925 75 
BC subtype:  4925 59 16 

clinical_engagement 
diagnosis 
demography 
67 new agents 
17 dtreferralsatt17 smreferralsatt58 
disease_progression 
H-positive risk:  847 825 113 1011 364 116 1007 358 150 51 114 44 
H-negative risk:  825 847 1007 1011 358 364 116 113 114 150 44 51 
New BC onsets:  0
BC status:  4923 77 
BC subtype:  4923 62 15 

clinical_engagement 
diagnosis 
demography 
73 new agents 
10 dtreferralsatt10 smreferralsatt59 
disease_progression 
H-positive risk:  852 820 114 1017 358 115 1003 359 150 52 116 44 
H-negative risk:  820 852 1003 1017 359 358 115 114 116 150 44 52 
New BC onsets:  0
BC status:  4922 78 
BC subtype:  4922 63 15 

clinical_engagement 
diagnosis 
demography 
64 new agents 
8 dtreferralsatt8 smreferralsatt60 
disease_progression 
H-positive risk:  857 824 113 1019 357 116 1005 355 148 50 113 43 
H-negative risk:  824 857 1005 1019 355 357 116 113 113 148 43 50 
New BC onsets:  0
BC status:  4919 81 
BC subtype:  4919 66 15 

clinical_engagement 
diagnosis 
demography 
84 new agents 
11 dtreferralsatt11 smreferralsatt61 
disease_progression 
H-positive risk:  812 775 107 1081 350 114 1049 349 156 47 119 41 
H-negative risk:  775 812 1049 1081 349 350 114 107 119 156 41 47 
New BC onsets:  0
BC status:  4918 82 
BC subtype:  4918 67 15 

clinical_engagement 
diagnosis 
demography 
107 new agents 
14 dtreferralsatt14 smreferralsatt62 
disease_progression 
H-positive risk:  818 782 109 1065 369 113 1020 371 153 46 115 39 
H-negative risk:  782 818 1020 1065 371 369 113 109 115 153 39 46 
New BC onsets:  0
BC status:  4918 82 
BC subtype:  4918 68 14 

clinical_engagement 
diagnosis 
demography 
66 new agents 
7 dtreferralsatt7 smreferralsatt63 
disease_progression 
H-positive risk:  823 779 108 1056 374 115 1012 379 151 48 113 42 
H-negative risk:  779 823 1012 1056 379 374 115 108 113 151 42 48 
New BC onsets:  0
BC status:  4920 80 
BC subtype:  4920 66 14 

clinical_engagement 
diagnosis 
demography 
68 new agents 
13 dtreferralsatt13 smreferralsatt64 
disease_progression 
H-positive risk:  818 780 107 1057 380 115 1016 375 150 47 113 42 
H-negative risk:  780 818 1016 1057 375 380 115 107 113 150 42 47 
New BC onsets:  0
BC status:  4920 80 
BC subtype:  4920 67 13 

clinical_engagement 
diagnosis 
demography 
69 new agents 
11 dtreferralsatt11 smreferralsatt65 
disease_progression 
H-positive risk:  825 789 107 1051 375 114 1010 371 151 48 113 46 
H-negative risk:  789 825 1010 1051 371 375 114 107 113 151 46 48 
New BC onsets:  0
BC status:  4914 86 
BC subtype:  4914 73 13 

clinical_engagement 
diagnosis 
demography 
65 new agents 
18 dtreferralsatt18 smreferralsatt66 
disease_progression 
H-positive risk:  833 798 104 1038 374 114 1009 370 155 46 114 45 
H-negative risk:  798 833 1009 1038 370 374 114 104 114 155 45 46 
New BC onsets:  0
BC status:  4915 85 
BC subtype:  4915 72 13 

clinical_engagement 
diagnosis 
demography 
86 new agents 
9 dtreferralsatt9 smreferralsatt67 
disease_progression 
H-positive risk:  844 797 104 1038 365 114 1008 372 153 42 116 47 
H-negative risk:  797 844 1008 1038 372 365 114 104 116 153 47 42 
New BC onsets:  0
BC status:  4918 82 
BC subtype:  4918 70 12 

clinical_engagement 
diagnosis 
demography 
67 new agents 
9 dtreferralsatt9 smreferralsatt68 
disease_progression 
H-positive risk:  851 795 105 1047 361 111 1002 369 155 41 116 47 
H-negative risk:  795 851 1002 1047 369 361 111 105 116 155 47 41 
New BC onsets:  0
BC status:  4916 84 
BC subtype:  4916 72 12 

clinical_engagement 
diagnosis 
demography 
63 new agents 
6 dtreferralsatt6 smreferralsatt69 
disease_progression 
H-positive risk:  854 790 105 1050 364 111 997 371 156 41 114 47 
H-negative risk:  790 854 997 1050 371 364 111 105 114 156 47 41 
New BC onsets:  0
BC status:  4917 83 
BC subtype:  4917 70 13 

clinical_engagement 
diagnosis 
demography 
64 new agents 
11 dtreferralsatt11 smreferralsatt70 
disease_progression 
H-positive risk:  859 787 107 1055 368 113 990 367 156 39 111 48 
H-negative risk:  787 859 990 1055 367 368 113 107 111 156 48 39 
New BC onsets:  0
BC status:  4918 82 
BC subtype:  4918 68 14 

clinical_engagement 
diagnosis 
demography 
54 new agents 
13 dtreferralsatt13 smreferralsatt71 
disease_progression 
H-positive risk:  862 790 108 1048 368 113 992 364 154 41 111 49 
H-negative risk:  790 862 992 1048 364 368 113 108 111 154 49 41 
New BC onsets:  0
BC status:  4917 83 
BC subtype:  4917 69 14 

clinical_engagement 
diagnosis 
demography 
83 new agents 
15 dtreferralsatt15 smreferralsatt72 
disease_progression 
H-positive risk:  854 799 108 1045 369 115 991 363 152 43 112 49 
H-negative risk:  799 854 991 1045 363 369 115 108 112 152 49 43 
New BC onsets:  0
BC status:  4919 81 
BC subtype:  4919 68 13 

clinical_engagement 
diagnosis 
demography 
67 new agents 
14 dtreferralsatt14 smreferralsatt73 
disease_progression 
H-positive risk:  805 749 102 1089 367 105 1051 366 162 42 116 46 
H-negative risk:  749 805 1051 1089 366 367 105 102 116 162 46 42 
New BC onsets:  0
BC status:  4916 84 
BC subtype:  4916 70 14 

clinical_engagement 
diagnosis 
demography 
100 new agents 
7 dtreferralsatt7 smreferralsatt74 
disease_progression 
H-positive risk:  815 749 102 1071 388 106 1039 368 158 43 114 47 
H-negative risk:  749 815 1039 1071 368 388 106 102 114 158 47 43 
New BC onsets:  0
BC status:  4919 81 
BC subtype:  4919 68 13 

clinical_engagement 
diagnosis 
demography 
84 new agents 
16 dtreferralsatt16 smreferralsatt75 
disease_progression 
H-positive risk:  818 753 102 1069 384 109 1034 366 159 44 114 48 
H-negative risk:  753 818 1034 1069 366 384 109 102 114 159 48 44 
New BC onsets:  0
BC status:  4920 80 
BC subtype:  4920 67 13 

clinical_engagement 
diagnosis 
demography 
73 new agents 
9 dtreferralsatt9 smreferralsatt76 
disease_progression 
H-positive risk:  822 759 104 1063 379 109 1023 370 163 43 116 49 
H-negative risk:  759 822 1023 1063 370 379 109 104 116 163 49 43 
New BC onsets:  0
BC status:  4915 85 
BC subtype:  4915 71 14 

clinical_engagement 
diagnosis 
demography 
55 new agents 
8 dtreferralsatt8 smreferralsatt77 
disease_progression 
H-positive risk:  824 754 104 1060 380 108 1016 377 168 44 116 49 
H-negative risk:  754 824 1016 1060 377 380 108 104 116 168 49 44 
New BC onsets:  0
BC status:  4912 88 
BC subtype:  4912 74 14 

clinical_engagement 
diagnosis 
demography 
67 new agents 
15 dtreferralsatt15 smreferralsatt78 
disease_progression 
H-positive risk:  830 751 105 1066 378 110 1016 374 164 44 114 48 
H-negative risk:  751 830 1016 1066 374 378 110 105 114 164 48 44 
New BC onsets:  0
BC status:  4911 89 
BC subtype:  4911 75 14 

clinical_engagement 
diagnosis 
demography 
80 new agents 
8 dtreferralsatt8 smreferralsatt79 
disease_progression 
H-positive risk:  837 753 105 1065 380 107 1019 372 162 43 112 45 
H-negative risk:  753 837 1019 1065 372 380 107 105 112 162 45 43 
New BC onsets:  0
BC status:  4906 94 
BC subtype:  4906 77 17 

clinical_engagement 
diagnosis 
demography 
75 new agents 
6 dtreferralsatt6 smreferralsatt80 
disease_progression 
H-positive risk:  843 752 104 1067 374 108 1017 372 162 43 113 45 
H-negative risk:  752 843 1017 1067 372 374 108 104 113 162 45 43 
New BC onsets:  0
BC status:  4905 95 
BC subtype:  4905 78 17 

clinical_engagement 
diagnosis 
demography 
75 new agents 
11 dtreferralsatt11 smreferralsatt81 
disease_progression 
H-positive risk:  851 753 106 1066 376 107 1006 370 165 42 114 44 
H-negative risk:  753 851 1006 1066 370 376 107 106 114 165 44 42 
New BC onsets:  0
BC status:  4905 95 
BC subtype:  4905 78 17 

clinical_engagement 
diagnosis 
demography 
70 new agents 
12 dtreferralsatt12 smreferralsatt82 
disease_progression 
H-positive risk:  851 753 109 1067 376 106 1009 361 161 45 118 44 
H-negative risk:  753 851 1009 1067 361 376 106 109 118 161 44 45 
New BC onsets:  0
BC status:  4905 95 
BC subtype:  4905 77 18 

clinical_engagement 
diagnosis 
demography 
62 new agents 
12 dtreferralsatt12 smreferralsatt83 
disease_progression 
H-positive risk:  842 752 108 1068 377 110 1009 358 165 45 121 45 
H-negative risk:  752 842 1009 1068 358 377 110 108 121 165 45 45 
New BC onsets:  0
BC status:  4904 96 
BC subtype:  4904 78 18 

clinical_engagement 
diagnosis 
demography 
72 new agents 
12 dtreferralsatt12 smreferralsatt84 
disease_progression 
H-positive risk:  836 752 112 1068 379 110 1007 357 164 44 124 47 
H-negative risk:  752 836 1007 1068 357 379 110 112 124 164 47 44 
New BC onsets:  0
BC status:  4903 97 
BC subtype:  4903 78 19 

clinical_engagement 
diagnosis 
demography 
68 new agents 
11 dtreferralsatt11 smreferralsatt85 
disease_progression 
H-positive risk:  792 693 108 1122 372 110 1063 350 165 45 132 48 
H-negative risk:  693 792 1063 1122 350 372 110 108 132 165 48 45 
New BC onsets:  0
BC status:  4902 98 
BC subtype:  4902 79 19 

clinical_engagement 
diagnosis 
demography 
118 new agents 
8 dtreferralsatt8 smreferralsatt86 
disease_progression 
H-positive risk:  804 687 103 1112 377 109 1058 357 162 50 128 53 
H-negative risk:  687 804 1058 1112 357 377 109 103 128 162 53 50 
New BC onsets:  0
BC status:  4901 99 
BC subtype:  4901 80 19 

clinical_engagement 
diagnosis 
demography 
71 new agents 
14 dtreferralsatt14 smreferralsatt87 
disease_progression 
H-positive risk:  811 684 102 1111 377 109 1064 349 159 51 130 53 
H-negative risk:  684 811 1064 1111 349 377 109 102 130 159 53 51 
New BC onsets:  0
BC status:  4900 100 
BC subtype:  4900 80 20 

clinical_engagement 
diagnosis 
demography 
71 new agents 
9 dtreferralsatt9 smreferralsatt88 
disease_progression 
H-positive risk:  828 683 104 1109 378 109 1046 353 159 50 130 51 
H-negative risk:  683 828 1046 1109 353 378 109 104 130 159 51 50 
New BC onsets:  0
BC status:  4904 96 
BC subtype:  4904 78 18 

clinical_engagement 
diagnosis 
demography 
69 new agents 
5 dtreferralsatt5 smreferralsatt89 
disease_progression 
H-positive risk:  831 678 105 1107 381 111 1042 348 160 54 132 51 
H-negative risk:  678 831 1042 1107 348 381 111 105 132 160 51 54 
New BC onsets:  0
BC status:  4905 95 
BC subtype:  4905 77 18 

clinical_engagement 
diagnosis 
demography 
85 new agents 
14 dtreferralsatt14 smreferralsatt90 
disease_progression 
H-positive risk:  831 683 106 1104 377 109 1046 349 161 55 132 47 
H-negative risk:  683 831 1046 1104 349 377 109 106 132 161 47 55 
New BC onsets:  0
BC status:  4904 96 
BC subtype:  4904 78 18 

clinical_engagement 
diagnosis 
demography 
63 new agents 
9 dtreferralsatt9 smreferralsatt91 
disease_progression 
H-positive risk:  836 678 108 1108 374 108 1048 345 159 56 133 47 
H-negative risk:  678 836 1048 1108 345 374 108 108 133 159 47 56 
New BC onsets:  0
BC status:  4903 97 
BC subtype:  4903 79 18 

clinical_engagement 
diagnosis 
demography 
69 new agents 
12 dtreferralsatt12 smreferralsatt92 
disease_progression 
H-positive risk:  831 681 110 1110 381 110 1040 340 157 62 131 47 
H-negative risk:  681 831 1040 1110 340 381 110 110 131 157 47 62 
New BC onsets:  0
BC status:  4900 100 
BC subtype:  4900 82 18 

clinical_engagement 
diagnosis 
demography 
81 new agents 
11 dtreferralsatt11 smreferralsatt93 
disease_progression 
H-positive risk:  830 690 106 1114 374 110 1046 334 156 62 133 45 
H-negative risk:  690 830 1046 1114 334 374 110 106 133 156 45 62 
New BC onsets:  0
BC status:  4901 99 
BC subtype:  4901 82 17 

clinical_engagement 
diagnosis 
demography 
77 new agents 
10 dtreferralsatt10 smreferralsatt94 
disease_progression 
H-positive risk:  834 685 105 1118 370 108 1046 335 160 63 132 44 
H-negative risk:  685 834 1046 1118 335 370 108 105 132 160 44 63 
New BC onsets:  0
BC status:  4901 99 
BC subtype:  4901 82 17 

clinical_engagement 
diagnosis 
demography 
74 new agents 
11 dtreferralsatt11 smreferralsatt95 
disease_progression 
H-positive risk:  835 683 102 1118 365 108 1052 337 159 62 136 43 
H-negative risk:  683 835 1052 1118 337 365 108 102 136 159 43 62 
New BC onsets:  0
BC status:  4906 94 
BC subtype:  4906 78 16 

clinical_engagement 
diagnosis 
demography 
55 new agents 
11 dtreferralsatt11 smreferralsatt96 
disease_progression 
H-positive risk:  836 681 103 1129 365 109 1046 337 159 61 131 43 
H-negative risk:  681 836 1046 1129 337 365 109 103 131 159 43 61 
New BC onsets:  0
BC status:  4906 94 
BC subtype:  4906 78 16 

clinical_engagement 
diagnosis 
demography 
83 new agents 
8 dtreferralsatt8 smreferralsatt97 
disease_progression 
H-positive risk:  793 647 96 1161 358 106 1083 344 165 64 141 42 
H-negative risk:  647 793 1083 1161 344 358 106 96 141 165 42 64 
New BC onsets:  0
BC status:  4905 95 
BC subtype:  4905 77 18 

clinical_engagement 
diagnosis 
demography 
108 new agents 
8 dtreferralsatt8 smreferralsatt98 
disease_progression 
H-positive risk:  792 650 95 1145 375 103 1068 363 160 65 139 45 
H-negative risk:  650 792 1068 1145 363 375 103 95 139 160 45 65 
New BC onsets:  0
BC status:  4906 94 
BC subtype:  4906 78 16 

clinical_engagement 
diagnosis 
demography 
84 new agents 
11 dtreferralsatt11 smreferralsatt99 
disease_progression 
H-positive risk:  795 654 96 1144 382 102 1062 353 164 63 140 45 
H-negative risk:  654 795 1062 1144 353 382 102 96 140 164 45 63 
New BC onsets:  0
BC status:  4907 93 
BC subtype:  4907 78 15 

clinical_engagement 
diagnosis 
demography 
68 new agents 
9 dtreferralsatt9 smreferralsatt100 
disease_progression 
H-positive risk:  792 651 94 1144 381 103 1062 361 163 64 139 46 
H-negative risk:  651 792 1062 1144 361 381 103 94 139 163 46 64 
New BC onsets:  0
BC status:  4904 96 
BC subtype:  4904 81 15 

clinical_engagement 
diagnosis 
demography 
65 new agents 
13 dtreferralsatt13 smreferralsatt101 
disease_progression 
H-positive risk:  786 652 94 1146 379 104 1069 358 162 63 140 47 
H-negative risk:  652 786 1069 1146 358 379 104 94 140 162 47 63 
New BC onsets:  0
BC status:  4905 95 
BC subtype:  4905 81 14 

clinical_engagement 
diagnosis 
demography 
58 new agents 
8 dtreferralsatt8 smreferralsatt102 
disease_progression 
H-positive risk:  789 649 94 1145 380 105 1072 358 159 61 139 49 
H-negative risk:  649 789 1072 1145 358 380 105 94 139 159 49 61 
New BC onsets:  0
BC status:  4902 98 
BC subtype:  4902 84 14 

clinical_engagement 
diagnosis 
demography 
68 new agents 
8 dtreferralsatt8 smreferralsatt103 
disease_progression 
H-positive risk:  790 649 93 1145 381 110 1069 359 157 60 143 44 
H-negative risk:  649 790 1069 1145 359 381 110 93 143 157 44 60 
New BC onsets:  0
BC status:  4900 100 
BC subtype:  4900 85 15 

clinical_engagement 
diagnosis 
demography 
80 new agents 
11 dtreferralsatt11 smreferralsatt104 
disease_progression 
H-positive risk:  797 648 93 1147 380 108 1063 358 160 59 144 43 
H-negative risk:  648 797 1063 1147 358 380 108 93 144 160 43 59 
New BC onsets:  0
BC status:  4897 103 
BC subtype:  4897 87 16 

clinical_engagement 
diagnosis 
demography 
78 new agents 
11 dtreferralsatt11 smreferralsatt105 
disease_progression 
H-positive risk:  797 655 92 1145 379 109 1066 359 158 56 142 42 
H-negative risk:  655 797 1066 1145 359 379 109 92 142 158 42 56 
New BC onsets:  0
BC status:  4895 105 
BC subtype:  4895 86 19 

clinical_engagement 
diagnosis 
demography 
68 new agents 
7 dtreferralsatt7 smreferralsatt106 
disease_progression 
H-positive risk:  799 655 92 1147 382 109 1057 360 160 58 142 39 
H-negative risk:  655 799 1057 1147 360 382 109 92 142 160 39 58 
New BC onsets:  0
BC status:  4895 105 
BC subtype:  4895 87 18 

clinical_engagement 
diagnosis 
demography 
69 new agents 
6 dtreferralsatt6 smreferralsatt107 
disease_progression 
H-positive risk:  803 664 91 1134 379 110 1066 352 161 57 144 39 
H-negative risk:  664 803 1066 1134 352 379 110 91 144 161 39 57 
New BC onsets:  0
BC status:  4894 106 
BC subtype:  4894 86 20 

clinical_engagement 
diagnosis 
demography 
69 new agents 
15 dtreferralsatt15 smreferralsatt108 
disease_progression 
H-positive risk:  799 666 91 1125 377 111 1076 353 160 56 146 40 
H-negative risk:  666 799 1076 1125 353 377 111 91 146 160 40 56 
New BC onsets:  0
BC status:  4891 109 
BC subtype:  4891 89 20 

clinical_engagement 
diagnosis 
demography 
61 new agents 
8 dtreferralsatt8 smreferralsatt109 
disease_progression 
H-positive risk:  774 624 88 1168 378 103 1099 353 169 55 148 41 
H-negative risk:  624 774 1099 1168 353 378 103 88 148 169 41 55 
New BC onsets:  0
BC status:  4894 106 
BC subtype:  4894 87 19 

clinical_engagement 
diagnosis 
demography 
116 new agents 
12 dtreferralsatt12 smreferralsatt110 
disease_progression 
H-positive risk:  764 620 90 1155 410 101 1094 354 163 57 146 46 
H-negative risk:  620 764 1094 1155 354 410 101 90 146 163 46 57 
New BC onsets:  0
BC status:  4891 109 
BC subtype:  4891 85 24 

clinical_engagement 
diagnosis 
demography 
75 new agents 
18 dtreferralsatt18 smreferralsatt111 
disease_progression 
H-positive risk:  763 624 88 1141 415 99 1097 360 163 58 147 45 
H-negative risk:  624 763 1097 1141 360 415 99 88 147 163 45 58 
New BC onsets:  0
BC status:  4892 108 
BC subtype:  4892 80 28 

clinical_engagement 
diagnosis 
demography 
79 new agents 
8 dtreferralsatt8 smreferralsatt112 
disease_progression 
H-positive risk:  768 631 88 1139 418 99 1090 354 162 58 147 46 
H-negative risk:  631 768 1090 1139 354 418 99 88 147 162 46 58 
New BC onsets:  0
BC status:  4897 103 
BC subtype:  4897 76 27 

clinical_engagement 
diagnosis 
demography 
78 new agents 
9 dtreferralsatt9 smreferralsatt113 
disease_progression 
H-positive risk:  768 639 86 1133 411 99 1094 355 162 60 145 48 
H-negative risk:  639 768 1094 1133 355 411 99 86 145 162 48 60 
New BC onsets:  0
BC status:  4894 106 
BC subtype:  4894 78 28 

clinical_engagement 
diagnosis 
demography 
58 new agents 
9 dtreferralsatt9 smreferralsatt114 
disease_progression 
H-positive risk:  769 642 85 1126 414 99 1092 357 162 59 146 49 
H-negative risk:  642 769 1092 1126 357 414 99 85 146 162 49 59 
New BC onsets:  0
BC status:  4892 108 
BC subtype:  4892 80 28 

clinical_engagement 
diagnosis 
demography 
64 new agents 
10 dtreferralsatt10 smreferralsatt115 
disease_progression 
H-positive risk:  767 642 86 1125 418 100 1081 360 165 61 147 48 
H-negative risk:  642 767 1081 1125 360 418 100 86 147 165 48 61 
New BC onsets:  0
BC status:  4897 103 
BC subtype:  4897 75 28 

clinical_engagement 
diagnosis 
demography 
64 new agents 
12 dtreferralsatt12 smreferralsatt116 
disease_progression 
H-positive risk:  772 642 89 1124 413 100 1089 357 165 62 143 44 
H-negative risk:  642 772 1089 1124 357 413 100 89 143 165 44 62 
New BC onsets:  0
BC status:  4895 105 
BC subtype:  4895 76 29 

clinical_engagement 
diagnosis 
demography 
69 new agents 
9 dtreferralsatt9 smreferralsatt117 
disease_progression 
H-positive risk:  771 646 91 1124 417 99 1090 353 165 59 143 42 
H-negative risk:  646 771 1090 1124 353 417 99 91 143 165 42 59 
New BC onsets:  0
BC status:  4892 108 
BC subtype:  4892 76 32 

clinical_engagement 
diagnosis 
demography 
89 new agents 
7 dtreferralsatt7 smreferralsatt118 
disease_progression 
H-positive risk:  772 643 91 1115 418 99 1094 354 163 63 148 40 
H-negative risk:  643 772 1094 1115 354 418 99 91 148 163 40 63 
New BC onsets:  0
BC status:  4898 102 
BC subtype:  4898 71 31 

clinical_engagement 
diagnosis 
demography 
71 new agents 
11 dtreferralsatt11 smreferralsatt119 
disease_progression 
H-positive risk:  759 650 89 1112 419 99 1101 361 164 59 149 38 
H-negative risk:  650 759 1101 1112 361 419 99 89 149 164 38 59 
New BC onsets:  0
BC status:  4900 100 
BC subtype:  4900 69 31 

clinical_engagement 
diagnosis 
demography 
82 new agents 
9 dtreferralsatt9 smreferralsatt120 
disease_progression 
H-positive risk:  759 654 90 1107 419 98 1102 362 165 55 150 39 
H-negative risk:  654 759 1102 1107 362 419 98 90 150 165 39 55 
New BC onsets:  0
BC status:  4897 103 
BC subtype:  4897 73 30 

clinical_engagement 
diagnosis 
demography 
84 new agents 
14 dtreferralsatt14 smreferralsatt121 
disease_progression 
H-positive risk:  718 621 78 1137 426 92 1139 367 170 53 156 43 
H-negative risk:  621 718 1139 1137 367 426 92 78 156 170 43 53 
New BC onsets:  0
BC status:  4895 105 
BC subtype:  4895 75 30 

clinical_engagement 
diagnosis 
demography 
100 new agents 
12 dtreferralsatt12 smreferralsatt122 
disease_progression 
H-positive risk:  717 615 79 1136 430 93 1127 389 171 50 151 42 
H-negative risk:  615 717 1127 1136 389 430 93 79 151 171 42 50 
New BC onsets:  0
BC status:  4898 102 
BC subtype:  4898 74 28 

clinical_engagement 
diagnosis 
demography 
74 new agents 
12 dtreferralsatt12 smreferralsatt123 
disease_progression 
H-positive risk:  714 622 80 1130 436 93 1117 392 174 51 152 39 
H-negative risk:  622 714 1117 1130 392 436 93 80 152 174 39 51 
New BC onsets:  0
BC status:  4899 101 
BC subtype:  4899 74 27 

clinical_engagement 
diagnosis 
demography 
71 new agents 
14 dtreferralsatt14 smreferralsatt124 
disease_progression 
H-positive risk:  720 620 80 1128 433 93 1119 393 172 50 155 37 
H-negative risk:  620 720 1119 1128 393 433 93 80 155 172 37 50 
New BC onsets:  0
BC status:  4902 98 
BC subtype:  4902 70 28 

clinical_engagement 
diagnosis 
demography 
71 new agents 
10 dtreferralsatt10 smreferralsatt125 
disease_progression 
H-positive risk:  715 630 82 1132 435 91 1116 387 171 49 156 36 
H-negative risk:  630 715 1116 1132 387 435 91 82 156 171 36 49 
New BC onsets:  0
BC status:  4905 95 
BC subtype:  4905 69 26 

clinical_engagement 
diagnosis 
demography 
71 new agents 
12 dtreferralsatt12 smreferralsatt126 
disease_progression 
H-positive risk:  706 631 82 1128 438 93 1126 383 170 49 158 36 
H-negative risk:  631 706 1126 1128 383 438 93 82 158 170 36 49 
New BC onsets:  0
BC status:  4907 93 
BC subtype:  4907 68 25 

clinical_engagement 
diagnosis 
demography 
71 new agents 
14 dtreferralsatt14 smreferralsatt127 
disease_progression 
H-positive risk:  702 625 83 1137 440 91 1132 378 169 51 157 35 
H-negative risk:  625 702 1132 1137 378 440 91 83 157 169 35 51 
New BC onsets:  0
BC status:  4908 92 
BC subtype:  4908 70 22 

clinical_engagement 
diagnosis 
demography 
69 new agents 
13 dtreferralsatt13 smreferralsatt128 
disease_progression 
H-positive risk:  697 629 83 1137 441 91 1131 376 173 49 157 36 
H-negative risk:  629 697 1131 1137 376 441 91 83 157 173 36 49 
New BC onsets:  0
BC status:  4910 90 
BC subtype:  4910 70 20 

clinical_engagement 
diagnosis 
demography 
56 new agents 
9 dtreferralsatt9 smreferralsatt129 
disease_progression 
H-positive risk:  695 637 82 1135 435 92 1129 376 177 49 159 34 
H-negative risk:  637 695 1129 1135 376 435 92 82 159 177 34 49 
New BC onsets:  0
BC status:  4907 93 
BC subtype:  4907 73 20 

clinical_engagement 
diagnosis 
demography 
63 new agents 
4 dtreferralsatt4 smreferralsatt130 
disease_progression 
H-positive risk:  701 637 81 1134 438 90 1122 377 176 52 155 37 
H-negative risk:  637 701 1122 1134 377 438 90 81 155 176 37 52 
New BC onsets:  0
BC status:  4905 95 
BC subtype:  4905 76 19 

clinical_engagement 
diagnosis 
demography 
76 new agents 
9 dtreferralsatt9 smreferralsatt131 
disease_progression 
H-positive risk:  703 643 81 1133 437 89 1125 371 178 50 152 38 
H-negative risk:  643 703 1125 1133 371 437 89 81 152 178 38 50 
New BC onsets:  0
BC status:  4905 95 
BC subtype:  4905 77 18 

clinical_engagement 
diagnosis 
demography 
69 new agents 
11 dtreferralsatt11 smreferralsatt132 
disease_progression 
H-positive risk:  703 647 80 1140 432 88 1118 373 173 55 153 38 
H-negative risk:  647 703 1118 1140 373 432 88 80 153 173 38 55 
New BC onsets:  0
BC status:  4906 94 
BC subtype:  4906 76 18 

clinical_engagement 
diagnosis 
demography 
81 new agents 
9 dtreferralsatt9 smreferralsatt133 
disease_progression 
H-positive risk:  702 641 78 1144 435 89 1124 370 173 53 154 37 
H-negative risk:  641 702 1124 1144 370 435 89 78 154 173 37 53 
New BC onsets:  0
BC status:  4907 93 
BC subtype:  4907 73 20 

clinical_engagement 
diagnosis 
demography 
78 new agents 
14 dtreferralsatt14 smreferralsatt134 
disease_progression 
H-positive risk:  692 637 79 1129 453 88 1121 381 176 54 152 38 
H-negative risk:  637 692 1121 1129 381 453 88 79 152 176 38 54 
New BC onsets:  0
BC status:  4910 90 
BC subtype:  4910 70 20 

clinical_engagement 
diagnosis 
demography 
68 new agents 
11 dtreferralsatt11 smreferralsatt135 
disease_progression 
H-positive risk:  693 642 79 1126 445 87 1122 385 178 52 153 38 
H-negative risk:  642 693 1122 1126 385 445 87 79 153 178 38 52 
New BC onsets:  0
BC status:  4907 93 
BC subtype:  4907 73 20 

clinical_engagement 
diagnosis 
demography 
85 new agents 
10 dtreferralsatt10 smreferralsatt136 
disease_progression 
H-positive risk:  692 643 78 1123 451 88 1126 377 173 56 154 39 
H-negative risk:  643 692 1126 1123 377 451 88 78 154 173 39 56 
New BC onsets:  0
BC status:  4905 95 
BC subtype:  4905 77 18 

clinical_engagement 
diagnosis 
demography 
68 new agents 
10 dtreferralsatt10 smreferralsatt137 
disease_progression 
H-positive risk:  695 642 80 1121 446 91 1120 380 176 54 154 41 
H-negative risk:  642 695 1120 1121 380 446 91 80 154 176 41 54 
New BC onsets:  0
BC status:  4902 98 
BC subtype:  4902 80 18 

clinical_engagement 
diagnosis 
demography 
75 new agents 
8 dtreferralsatt8 smreferralsatt138 
disease_progression 
H-positive risk:  696 645 80 1119 443 88 1125 383 176 55 150 40 
H-negative risk:  645 696 1125 1119 383 443 88 80 150 176 40 55 
New BC onsets:  0
BC status:  4905 95 
BC subtype:  4905 79 16 

clinical_engagement 
diagnosis 
demography 
72 new agents 
13 dtreferralsatt13 smreferralsatt139 
disease_progression 
H-positive risk:  697 649 83 1122 438 88 1120 381 174 57 149 42 
H-negative risk:  649 697 1120 1122 381 438 88 83 149 174 42 57 
New BC onsets:  0
BC status:  4907 93 
BC subtype:  4907 77 16 

clinical_engagement 
diagnosis 
demography 
73 new agents 
11 dtreferralsatt11 smreferralsatt140 
disease_progression 
H-positive risk:  695 648 81 1119 437 89 1115 392 175 57 148 44 
H-negative risk:  648 695 1115 1119 392 437 89 81 148 175 44 57 
New BC onsets:  0
BC status:  4902 98 
BC subtype:  4902 82 16 

clinical_engagement 
diagnosis 
demography 
74 new agents 
7 dtreferralsatt7 smreferralsatt141 
disease_progression 
H-positive risk:  703 653 81 1123 427 90 1111 388 177 56 147 44 
H-negative risk:  653 703 1111 1123 388 427 90 81 147 177 44 56 
New BC onsets:  0
BC status:  4902 98 
BC subtype:  4902 84 14 

clinical_engagement 
diagnosis 
demography 
70 new agents 
6 dtreferralsatt6 smreferralsatt142 
disease_progression 
H-positive risk:  700 651 81 1123 433 88 1112 386 175 58 149 44 
H-negative risk:  651 700 1112 1123 386 433 88 81 149 175 44 58 
New BC onsets:  0
BC status:  4903 97 
BC subtype:  4903 85 12 

clinical_engagement 
diagnosis 
demography 
87 new agents 
13 dtreferralsatt13 smreferralsatt143 
disease_progression 
H-positive risk:  705 651 81 1128 429 88 1110 385 176 58 145 44 
H-negative risk:  651 705 1110 1128 385 429 88 81 145 176 44 58 
New BC onsets:  0
BC status:  4903 97 
BC subtype:  4903 86 11 

clinical_engagement 
diagnosis 
demography 
73 new agents 
13 dtreferralsatt13 smreferralsatt144 
disease_progression 
H-positive risk:  706 653 81 1124 432 88 1102 387 176 61 144 46 
H-negative risk:  653 706 1102 1124 387 432 88 81 144 176 46 61 
New BC onsets:  0
BC status:  4903 97 
BC subtype:  4903 87 10 

clinical_engagement 
diagnosis 
demography 
71 new agents 
7 dtreferralsatt7 smreferralsatt145 
disease_progression 
H-positive risk:  703 653 85 1125 428 87 1104 384 178 62 145 46 
H-negative risk:  653 703 1104 1125 384 428 87 85 145 178 46 62 
New BC onsets:  0
BC status:  4901 99 
BC subtype:  4901 90 9 

clinical_engagement 
diagnosis 
demography 
75 new agents 
9 dtreferralsatt9 smreferralsatt146 
disease_progression 
H-positive risk:  691 653 84 1112 454 87 1096 393 176 63 145 46 
H-negative risk:  653 691 1096 1112 393 454 87 84 145 176 46 63 
New BC onsets:  0
BC status:  4899 101 
BC subtype:  4899 92 9 

clinical_engagement 
diagnosis 
demography 
97 new agents 
10 dtreferralsatt10 smreferralsatt147 
disease_progression 
H-positive risk:  698 653 90 1121 453 87 1083 394 174 59 143 45 
H-negative risk:  653 698 1083 1121 394 453 87 90 143 174 45 59 
New BC onsets:  0
BC status:  4896 104 
BC subtype:  4896 93 11 

clinical_engagement 
diagnosis 
demography 
67 new agents 
6 dtreferralsatt6 smreferralsatt148 
disease_progression 
H-positive risk:  702 645 90 1116 454 86 1090 394 175 60 144 44 
H-negative risk:  645 702 1090 1116 394 454 86 90 144 175 44 60 
New BC onsets:  0
BC status:  4898 102 
BC subtype:  4898 91 11 

clinical_engagement 
diagnosis 
demography 
82 new agents 
10 dtreferralsatt10 smreferralsatt149 
disease_progression 
H-positive risk:  699 655 90 1112 449 89 1095 390 175 58 144 44 
H-negative risk:  655 699 1095 1112 390 449 89 90 144 175 44 58 
New BC onsets:  0
BC status:  4898 102 
BC subtype:  4898 90 12 

clinical_engagement 
diagnosis 
demography 
74 new agents 
14 dtreferralsatt14 smreferralsatt150 
disease_progression 
H-positive risk:  694 658 90 1107 443 90 1104 394 172 58 146 44 
H-negative risk:  658 694 1104 1107 394 443 90 90 146 172 44 58 
New BC onsets:  0
BC status:  4899 101 
BC subtype:  4899 89 12 

clinical_engagement 
diagnosis 
demography 
73 new agents 
9 dtreferralsatt9 smreferralsatt151 
disease_progression 
H-positive risk:  695 663 92 1105 436 89 1112 388 170 56 149 45 
H-negative risk:  663 695 1112 1105 388 436 89 92 149 170 45 56 
New BC onsets:  0
BC status:  4901 99 
BC subtype:  4901 87 12 

clinical_engagement 
diagnosis 
demography 
74 new agents 
8 dtreferralsatt8 smreferralsatt152 
disease_progression 
H-positive risk:  692 667 93 1094 440 88 1110 392 172 58 149 45 
H-negative risk:  667 692 1110 1094 392 440 88 93 149 172 45 58 
New BC onsets:  0
BC status:  4901 99 
BC subtype:  4901 87 12 

clinical_engagement 
diagnosis 
demography 
63 new agents 
14 dtreferralsatt14 smreferralsatt153 
disease_progression 
H-positive risk:  690 656 92 1107 438 87 1112 393 173 56 149 47 
H-negative risk:  656 690 1112 1107 393 438 87 92 149 173 47 56 
New BC onsets:  0
BC status:  4902 98 
BC subtype:  4902 86 12 

clinical_engagement 
diagnosis 
demography 
80 new agents 
16 dtreferralsatt16 smreferralsatt154 
disease_progression 
H-positive risk:  694 660 92 1105 444 86 1110 393 168 57 146 45 
H-negative risk:  660 694 1110 1105 393 444 86 92 146 168 45 57 
New BC onsets:  0
BC status:  4905 95 
BC subtype:  4905 83 12 

clinical_engagement 
diagnosis 
demography 
75 new agents 
6 dtreferralsatt6 smreferralsatt155 
disease_progression 
H-positive risk:  696 670 93 1097 450 84 1104 386 170 58 145 47 
H-negative risk:  670 696 1104 1097 386 450 84 93 145 170 47 58 
New BC onsets:  0
BC status:  4903 97 
BC subtype:  4903 86 11 

clinical_engagement 
diagnosis 
demography 
74 new agents 
9 dtreferralsatt9 smreferralsatt156 
disease_progression 
H-positive risk:  699 676 91 1099 452 84 1104 377 171 54 146 47 
H-negative risk:  676 699 1104 1099 377 452 84 91 146 171 47 54 
New BC onsets:  0
BC status:  4902 98 
BC subtype:  4902 87 11 

clinical_engagement 
diagnosis 
demography 
79 new agents 
9 dtreferralsatt9 smreferralsatt157 
disease_progression 
H-positive risk:  703 680 93 1088 451 83 1114 370 174 56 142 46 
H-negative risk:  680 703 1114 1088 370 451 83 93 142 174 46 56 
New BC onsets:  0
BC status:  4903 97 
BC subtype:  4903 87 10 

clinical_engagement 
diagnosis 
demography 
76 new agents 
13 dtreferralsatt13 smreferralsatt158 
disease_progression 
H-positive risk:  702 672 91 1088 454 87 1112 377 168 60 140 49 
H-negative risk:  672 702 1112 1088 377 454 87 91 140 168 49 60 
New BC onsets:  0
BC status:  4904 96 
BC subtype:  4904 87 9 

clinical_engagement 
diagnosis 
demography 
94 new agents 
9 dtreferralsatt9 smreferralsatt159 
disease_progression 
H-positive risk:  701 671 94 1086 458 89 1105 377 168 61 141 49 
H-negative risk:  671 701 1105 1086 377 458 89 94 141 168 49 61 
New BC onsets:  0
BC status:  4907 93 
BC subtype:  4907 84 9 

clinical_engagement 
diagnosis 
demography 
71 new agents 
11 dtreferralsatt11 smreferralsatt160 
disease_progression 
H-positive risk:  693 675 94 1090 456 91 1105 372 168 63 142 51 
H-negative risk:  675 693 1105 1090 372 456 91 94 142 168 51 63 
New BC onsets:  0
BC status:  4907 93 
BC subtype:  4907 82 11 

clinical_engagement 
diagnosis 
demography 
65 new agents 
15 dtreferralsatt15 smreferralsatt161 
disease_progression 
H-positive risk:  698 674 94 1081 460 88 1101 377 170 63 144 50 
H-negative risk:  674 698 1101 1081 377 460 88 94 144 170 50 63 
New BC onsets:  0
BC status:  4905 95 
BC subtype:  4905 83 12 

clinical_engagement 
diagnosis 
demography 
70 new agents 
11 dtreferralsatt11 smreferralsatt162 
disease_progression 
H-positive risk:  704 668 95 1081 459 88 1095 384 172 61 145 48 
H-negative risk:  668 704 1095 1081 384 459 88 95 145 172 48 61 
New BC onsets:  0
BC status:  4904 96 
BC subtype:  4904 85 11 

clinical_engagement 
diagnosis 
demography 
67 new agents 
9 dtreferralsatt9 smreferralsatt163 
disease_progression 
H-positive risk:  705 654 92 1081 460 90 1101 388 173 60 147 49 
H-negative risk:  654 705 1101 1081 388 460 90 92 147 173 49 60 
New BC onsets:  0
BC status:  4903 97 
BC subtype:  4903 86 11 

clinical_engagement 
diagnosis 
demography 
90 new agents 
17 dtreferralsatt17 smreferralsatt164 
disease_progression 
H-positive risk:  703 647 91 1085 456 93 1101 392 176 58 145 53 
H-negative risk:  647 703 1101 1085 392 456 93 91 145 176 53 58 
New BC onsets:  0
BC status:  4906 94 
BC subtype:  4906 83 11 

clinical_engagement 
diagnosis 
demography 
81 new agents 
14 dtreferralsatt14 smreferralsatt165 
disease_progression 
H-positive risk:  694 650 90 1073 455 92 1116 392 177 61 148 52 
H-negative risk:  650 694 1116 1073 392 455 92 90 148 177 52 61 
New BC onsets:  0
BC status:  4906 94 
BC subtype:  4906 82 12 

clinical_engagement 
diagnosis 
demography 
73 new agents 
9 dtreferralsatt9 smreferralsatt166 
disease_progression 
H-positive risk:  687 651 89 1078 454 93 1114 396 175 62 151 50 
H-negative risk:  651 687 1114 1078 396 454 93 89 151 175 50 62 
New BC onsets:  0
BC status:  4903 97 
BC subtype:  4903 84 13 

clinical_engagement 
diagnosis 
demography 
74 new agents 
12 dtreferralsatt12 smreferralsatt167 
disease_progression 
H-positive risk:  687 654 90 1085 453 93 1110 392 177 62 150 47 
H-negative risk:  654 687 1110 1085 392 453 93 90 150 177 47 62 
New BC onsets:  0
BC status:  4906 94 
BC subtype:  4906 82 12 

clinical_engagement 
diagnosis 
demography 
67 new agents 
8 dtreferralsatt8 smreferralsatt168 
disease_progression 
H-positive risk:  690 653 87 1090 456 92 1100 392 176 62 152 50 
H-negative risk:  653 690 1100 1090 392 456 92 87 152 176 50 62 
New BC onsets:  0
BC status:  4906 94 
BC subtype:  4906 83 11 

clinical_engagement 
diagnosis 
demography 
72 new agents 
10 dtreferralsatt10 smreferralsatt169 
disease_progression 
H-positive risk:  686 660 84 1091 450 89 1109 384 182 61 152 52 
H-negative risk:  660 686 1109 1091 384 450 89 84 152 182 52 61 
New BC onsets:  0
BC status:  4906 94 
BC subtype:  4906 83 11 

clinical_engagement 
diagnosis 
demography 
99 new agents 
9 dtreferralsatt9 smreferralsatt170 
disease_progression 
H-positive risk:  692 665 85 1087 440 87 1103 393 182 60 152 54 
H-negative risk:  665 692 1103 1087 393 440 87 85 152 182 54 60 
New BC onsets:  0
BC status:  4905 95 
BC subtype:  4905 84 11 

clinical_engagement 
diagnosis 
demography 
75 new agents 
10 dtreferralsatt10 smreferralsatt171 
disease_progression 
H-positive risk:  689 669 86 1080 438 90 1104 394 184 60 152 54 
H-negative risk:  669 689 1104 1080 394 438 90 86 152 184 54 60 
New BC onsets:  0
BC status:  4901 99 
BC subtype:  4901 84 15 

clinical_engagement 
diagnosis 
demography 
86 new agents 
6 dtreferralsatt6 smreferralsatt172 
disease_progression 
H-positive risk:  688 677 87 1076 435 91 1103 394 185 61 149 54 
H-negative risk:  677 688 1103 1076 394 435 91 87 149 185 54 61 
New BC onsets:  0
BC status:  4900 100 
BC subtype:  4900 87 13 

clinical_engagement 
diagnosis 
demography 
65 new agents 
14 dtreferralsatt14 smreferralsatt173 
disease_progression 
H-positive risk:  686 664 82 1080 433 93 1119 395 182 60 152 54 
H-negative risk:  664 686 1119 1080 395 433 93 82 152 182 54 60 
New BC onsets:  0
BC status:  4896 104 
BC subtype:  4896 91 13 

clinical_engagement 
diagnosis 
demography 
78 new agents 
9 dtreferralsatt9 smreferralsatt174 
disease_progression 
H-positive risk:  683 664 84 1078 425 93 1123 401 181 59 154 55 
H-negative risk:  664 683 1123 1078 401 425 93 84 154 181 55 59 
New BC onsets:  0
BC status:  4895 105 
BC subtype:  4895 92 13 

clinical_engagement 
diagnosis 
demography 
85 new agents 
10 dtreferralsatt10 smreferralsatt175 
disease_progression 
H-positive risk:  684 666 84 1075 422 95 1126 402 178 59 153 56 
H-negative risk:  666 684 1126 1075 402 422 95 84 153 178 56 59 
New BC onsets:  0
BC status:  4896 104 
BC subtype:  4896 90 14 

clinical_engagement 
diagnosis 
demography 
84 new agents 
12 dtreferralsatt12 smreferralsatt176 
disease_progression 
H-positive risk:  686 664 83 1080 418 96 1118 415 177 58 152 53 
H-negative risk:  664 686 1118 1080 415 418 96 83 152 177 53 58 
New BC onsets:  0
BC status:  4895 105 
BC subtype:  4895 92 13 

clinical_engagement 
diagnosis 
demography 
75 new agents 
15 dtreferralsatt15 smreferralsatt177 
disease_progression 
H-positive risk:  688 670 82 1082 409 97 1124 410 174 59 154 51 
H-negative risk:  670 688 1124 1082 410 409 97 82 154 174 51 59 
New BC onsets:  0
BC status:  4898 102 
BC subtype:  4898 89 13 

clinical_engagement 
diagnosis 
demography 
73 new agents 
12 dtreferralsatt12 smreferralsatt178 
disease_progression 
H-positive risk:  695 665 87 1089 410 95 1118 408 174 56 151 52 
H-negative risk:  665 695 1118 1089 408 410 95 87 151 174 52 56 
New BC onsets:  0
BC status:  4900 100 
BC subtype:  4900 87 13 

clinical_engagement 
diagnosis 
demography 
78 new agents 
8 dtreferralsatt8 smreferralsatt179 
disease_progression 
H-positive risk:  692 657 88 1098 410 96 1119 407 176 55 150 52 
H-negative risk:  657 692 1119 1098 407 410 96 88 150 176 52 55 
New BC onsets:  0
BC status:  4901 99 
BC subtype:  4901 86 13 

clinical_engagement 
diagnosis 
demography 
78 new agents 
10 dtreferralsatt10 smreferralsatt180 
disease_progression 
H-positive risk:  685 661 91 1093 412 92 1124 410 181 54 144 53 
H-negative risk:  661 685 1124 1093 410 412 92 91 144 181 53 54 
New BC onsets:  0
BC status:  4897 103 
BC subtype:  4897 88 15 

clinical_engagement 
diagnosis 
demography 
71 new agents 
15 dtreferralsatt15 smreferralsatt181 
disease_progression 
H-positive risk:  677 660 90 1097 407 94 1130 412 179 56 143 55 
H-negative risk:  660 677 1130 1097 412 407 94 90 143 179 55 56 
New BC onsets:  0
BC status:  4899 101 
BC subtype:  4899 87 14 

clinical_engagement 
diagnosis 
demography 
73 new agents 
6 dtreferralsatt6 smreferralsatt182 
disease_progression 
H-positive risk:  679 657 89 1094 415 93 1127 413 180 57 142 54 
H-negative risk:  657 679 1127 1094 413 415 93 89 142 180 54 57 
New BC onsets:  0
BC status:  4902 98 
BC subtype:  4902 84 14 

clinical_engagement 
diagnosis 
demography 
84 new agents 
15 dtreferralsatt15 smreferralsatt183 
disease_progression 
H-positive risk:  681 657 89 1098 410 94 1128 414 182 52 140 55 
H-negative risk:  657 681 1128 1098 414 410 94 89 140 182 55 52 
New BC onsets:  0
BC status:  4904 96 
BC subtype:  4904 82 14 

clinical_engagement 
diagnosis 
demography 
77 new agents 
6 dtreferralsatt6 smreferralsatt184 
disease_progression 
H-positive risk:  672 656 92 1103 402 96 1133 418 184 50 137 57 
H-negative risk:  656 672 1133 1103 418 402 96 92 137 184 57 50 
New BC onsets:  0
BC status:  4905 95 
BC subtype:  4905 81 14 

clinical_engagement 
diagnosis 
demography 
74 new agents 
7 dtreferralsatt7 smreferralsatt185 
disease_progression 
H-positive risk:  669 653 92 1111 403 96 1133 420 182 47 138 56 
H-negative risk:  653 669 1133 1111 420 403 96 92 138 182 56 47 
New BC onsets:  0
BC status:  4904 96 
BC subtype:  4904 81 15 

clinical_engagement 
diagnosis 
demography 
62 new agents 
12 dtreferralsatt12 smreferralsatt186 
disease_progression 
H-positive risk:  677 654 91 1116 401 96 1122 419 185 46 137 56 
H-negative risk:  654 677 1122 1116 419 401 96 91 137 185 56 46 
New BC onsets:  0
BC status:  4902 98 
BC subtype:  4902 81 17 

clinical_engagement 
diagnosis 
demography 
75 new agents 
14 dtreferralsatt14 smreferralsatt187 
disease_progression 
H-positive risk:  674 656 88 1113 405 97 1116 421 183 47 144 56 
H-negative risk:  656 674 1116 1113 421 405 97 88 144 183 56 47 
New BC onsets:  0
BC status:  4901 99 
BC subtype:  4901 82 17 

clinical_engagement 
diagnosis 
demography 
72 new agents 
10 dtreferralsatt10 smreferralsatt188 
disease_progression 
H-positive risk:  670 663 90 1108 415 95 1105 424 184 49 139 58 
H-negative risk:  663 670 1105 1108 424 415 95 90 139 184 58 49 
New BC onsets:  0
BC status:  4902 98 
BC subtype:  4902 82 16 

clinical_engagement 
diagnosis 
demography 
56 new agents 
15 dtreferralsatt15 smreferralsatt189 
disease_progression 
H-positive risk:  667 663 93 1107 420 94 1103 425 180 53 140 55 
H-negative risk:  663 667 1103 1107 425 420 94 93 140 180 55 53 
New BC onsets:  0
BC status:  4903 97 
BC subtype:  4903 82 15 

clinical_engagement 
diagnosis 
demography 
74 new agents 
13 dtreferralsatt13 smreferralsatt190 
disease_progression 
H-positive risk:  665 661 95 1109 419 96 1110 416 177 56 145 51 
H-negative risk:  661 665 1110 1109 416 419 96 95 145 177 51 56 
New BC onsets:  0
BC status:  4904 96 
BC subtype:  4904 81 15 

clinical_engagement 
diagnosis 
demography 
72 new agents 
8 dtreferralsatt8 smreferralsatt191 
disease_progression 
H-positive risk:  666 663 97 1104 422 93 1105 419 182 56 143 50 
H-negative risk:  663 666 1105 1104 419 422 93 97 143 182 50 56 
New BC onsets:  0
BC status:  4903 97 
BC subtype:  4903 82 15 

clinical_engagement 
diagnosis 
demography 
63 new agents 
11 dtreferralsatt11 smreferralsatt192 
disease_progression 
H-positive risk:  660 668 99 1101 422 94 1111 415 181 52 146 51 
H-negative risk:  668 660 1111 1101 415 422 94 99 146 181 51 52 
New BC onsets:  0
BC status:  4901 99 
BC subtype:  4901 84 15 

clinical_engagement 
diagnosis 
demography 
78 new agents 
8 dtreferralsatt8 smreferralsatt193 
disease_progression 
H-positive risk:  669 672 101 1100 423 92 1096 417 180 53 145 52 
H-negative risk:  672 669 1096 1100 417 423 92 101 145 180 52 53 
New BC onsets:  0
BC status:  4903 97 
BC subtype:  4903 82 15 

clinical_engagement 
diagnosis 
demography 
80 new agents 
16 dtreferralsatt16 smreferralsatt194 
disease_progression 
H-positive risk:  667 678 101 1084 434 94 1089 427 174 56 146 50 
H-negative risk:  678 667 1089 1084 427 434 94 101 146 174 50 56 
New BC onsets:  0
BC status:  4902 98 
BC subtype:  4902 83 15 

clinical_engagement 
diagnosis 
demography 
81 new agents 
7 dtreferralsatt7 smreferralsatt195 
disease_progression 
H-positive risk:  664 677 100 1092 442 98 1086 419 170 56 145 51 
H-negative risk:  677 664 1086 1092 419 442 98 100 145 170 51 56 
New BC onsets:  0
BC status:  4903 97 
BC subtype:  4903 83 14 

clinical_engagement 
diagnosis 
demography 
63 new agents 
13 dtreferralsatt13 smreferralsatt196 
disease_progression 
H-positive risk:  659 679 100 1084 446 99 1090 419 167 57 149 51 
H-negative risk:  679 659 1090 1084 419 446 99 100 149 167 51 57 
New BC onsets:  0
BC status:  4902 98 
BC subtype:  4902 84 14 

clinical_engagement 
diagnosis 
demography 
77 new agents 
6 dtreferralsatt6 smreferralsatt197 
disease_progression 
H-positive risk:  653 684 101 1088 437 100 1101 411 165 58 152 50 
H-negative risk:  684 653 1101 1088 411 437 100 101 152 165 50 58 
New BC onsets:  0
BC status:  4901 99 
BC subtype:  4901 85 14 

clinical_engagement 
diagnosis 
demography 
74 new agents 
12 dtreferralsatt12 smreferralsatt198 
disease_progression 
H-positive risk:  647 687 101 1086 439 99 1108 411 163 57 152 50 
H-negative risk:  687 647 1108 1086 411 439 99 101 152 163 50 57 
New BC onsets:  0
BC status:  4903 97 
BC subtype:  4903 83 14 

clinical_engagement 
diagnosis 
demography 
70 new agents 
5 dtreferralsatt5 smreferralsatt199 
disease_progression 
H-positive risk:  653 686 102 1088 436 101 1104 407 164 58 152 49 
H-negative risk:  686 653 1104 1088 407 436 101 102 152 164 49 58 
New BC onsets:  0
BC status:  4902 98 
BC subtype:  4902 83 15 

clinical_engagement 
diagnosis 
demography 
86 new agents 
9 dtreferralsatt9 smreferralsatt200 
disease_progression 
H-positive risk:  649 692 104 1089 429 100 1119 400 167 56 148 47 
H-negative risk:  692 649 1119 1089 400 429 100 104 148 167 47 56 
New BC onsets:  0
BC status:  4900 100 
BC subtype:  4900 85 15 

clinical_engagement 
diagnosis 
demography 
80 new agents 
10 dtreferralsatt10 smreferralsatt201 
disease_progression 
H-positive risk:  650 688 105 1088 437 100 1115 399 165 60 146 47 
H-negative risk:  688 650 1115 1088 399 437 100 105 146 165 47 60 
New BC onsets:  0
BC status:  4900 100 
BC subtype:  4900 85 15 

clinical_engagement 
diagnosis 
demography 
63 new agents 
7 dtreferralsatt7 smreferralsatt202 
disease_progression 
H-positive risk:  654 690 100 1086 432 101 1117 396 165 61 150 48 
H-negative risk:  690 654 1117 1086 396 432 101 100 150 165 48 61 
New BC onsets:  0
BC status:  4898 102 
BC subtype:  4898 84 18 

clinical_engagement 
diagnosis 
demography 
64 new agents 
11 dtreferralsatt11 smreferralsatt203 
disease_progression 
H-positive risk:  654 684 99 1079 438 100 1120 403 166 61 151 45 
H-negative risk:  684 654 1120 1079 403 438 100 99 151 166 45 61 
New BC onsets:  0
BC status:  4896 104 
BC subtype:  4896 86 18 

clinical_engagement 
diagnosis 
demography 
85 new agents 
12 dtreferralsatt12 smreferralsatt204 
disease_progression 
H-positive risk:  657 680 102 1084 439 98 1119 402 164 60 153 42 
H-negative risk:  680 657 1119 1084 402 439 98 102 153 164 42 60 
New BC onsets:  0
BC status:  4894 106 
BC subtype:  4894 87 19 

clinical_engagement 
diagnosis 
demography 
68 new agents 
11 dtreferralsatt11 smreferralsatt205 
disease_progression 
H-positive risk:  653 681 99 1083 445 99 1120 394 165 60 157 44 
H-negative risk:  681 653 1120 1083 394 445 99 99 157 165 44 60 
New BC onsets:  0
BC status:  4894 106 
BC subtype:  4894 87 19 

clinical_engagement 
diagnosis 
demography 
76 new agents 
8 dtreferralsatt8 smreferralsatt206 
disease_progression 
H-positive risk:  650 678 95 1072 448 100 1121 405 164 60 160 47 
H-negative risk:  678 650 1121 1072 405 448 100 95 160 164 47 60 
New BC onsets:  0
BC status:  4892 108 
BC subtype:  4892 89 19 

clinical_engagement 
diagnosis 
demography 
90 new agents 
10 dtreferralsatt10 smreferralsatt207 
disease_progression 
H-positive risk:  651 684 94 1078 443 98 1118 399 166 62 160 47 
H-negative risk:  684 651 1118 1078 399 443 98 94 160 166 47 62 
New BC onsets:  0
BC status:  4891 109 
BC subtype:  4891 90 19 

clinical_engagement 
diagnosis 
demography 
84 new agents 
12 dtreferralsatt12 smreferralsatt208 
disease_progression 
H-positive risk:  657 681 95 1080 438 97 1117 399 167 65 156 48 
H-negative risk:  681 657 1117 1080 399 438 97 95 156 167 48 65 
New BC onsets:  0
BC status:  4895 105 
BC subtype:  4895 86 19 

clinical_engagement 
diagnosis 
demography 
86 new agents 
8 dtreferralsatt8 smreferralsatt209 
disease_progression 
H-positive risk:  657 680 92 1083 441 95 1114 397 167 63 162 49 
H-negative risk:  680 657 1114 1083 397 441 95 92 162 167 49 63 
New BC onsets:  0
BC status:  4895 105 
BC subtype:  4895 86 19 

clinical_engagement 
diagnosis 
demography 
67 new agents 
7 dtreferralsatt7 smreferralsatt210 
disease_progression 
H-positive risk:  653 671 96 1093 437 92 1111 407 170 61 161 48 
H-negative risk:  671 653 1111 1093 407 437 92 96 161 170 48 61 
New BC onsets:  0
BC status:  4891 109 
BC subtype:  4891 86 23 

clinical_engagement 
diagnosis 
demography 
76 new agents 
7 dtreferralsatt7 smreferralsatt211 
disease_progression 
H-positive risk:  646 678 96 1082 442 94 1111 416 168 60 160 47 
H-negative risk:  678 646 1111 1082 416 442 94 96 160 168 47 60 
New BC onsets:  0
BC status:  4889 111 
BC subtype:  4889 88 23 

clinical_engagement 
diagnosis 
demography 
65 new agents 
8 dtreferralsatt8 smreferralsatt212 
disease_progression 
H-positive risk:  646 670 96 1086 439 97 1117 413 167 61 160 48 
H-negative risk:  670 646 1117 1086 413 439 97 96 160 167 48 61 
New BC onsets:  0
BC status:  4885 115 
BC subtype:  4885 92 23 

clinical_engagement 
diagnosis 
demography 
77 new agents 
17 dtreferralsatt17 smreferralsatt213 
disease_progression 
H-positive risk:  652 664 97 1093 433 97 1113 414 169 61 158 49 
H-negative risk:  664 652 1113 1093 414 433 97 97 158 169 49 61 
New BC onsets:  0
BC status:  4882 118 
BC subtype:  4882 95 23 

clinical_engagement 
diagnosis 
demography 
71 new agents 
14 dtreferralsatt14 smreferralsatt214 
disease_progression 
H-positive risk:  658 664 96 1095 425 98 1108 414 169 64 160 49 
H-negative risk:  664 658 1108 1095 414 425 98 96 160 169 49 64 
New BC onsets:  0
BC status:  4886 114 
BC subtype:  4886 92 22 

clinical_engagement 
diagnosis 
demography 
60 new agents 
11 dtreferralsatt11 smreferralsatt215 
disease_progression 
H-positive risk:  655 663 97 1101 423 98 1110 413 167 65 158 50 
H-negative risk:  663 655 1110 1101 413 423 98 97 158 167 50 65 
New BC onsets:  0
BC status:  4885 115 
BC subtype:  4885 92 23 

clinical_engagement 
diagnosis 
demography 
74 new agents 
9 dtreferralsatt9 smreferralsatt216 
disease_progression 
H-positive risk:  650 669 94 1087 421 99 1120 414 169 69 154 54 
H-negative risk:  669 650 1120 1087 414 421 99 94 154 169 54 69 
New BC onsets:  0
BC status:  4884 116 
BC subtype:  4884 93 23 

clinical_engagement 
diagnosis 
demography 
72 new agents 
11 dtreferralsatt11 smreferralsatt217 
disease_progression 
H-positive risk:  649 668 95 1085 435 99 1108 424 164 68 150 55 
H-negative risk:  668 649 1108 1085 424 435 99 95 150 164 55 68 
New BC onsets:  0
BC status:  4883 117 
BC subtype:  4883 94 23 

clinical_engagement 
diagnosis 
demography 
97 new agents 
10 dtreferralsatt10 smreferralsatt218 
disease_progression 
H-positive risk:  654 671 92 1088 435 99 1108 417 166 66 149 55 
H-negative risk:  671 654 1108 1088 417 435 99 92 149 166 55 66 
New BC onsets:  0
BC status:  4884 116 
BC subtype:  4884 93 23 

clinical_engagement 
diagnosis 
demography 
78 new agents 
8 dtreferralsatt8 smreferralsatt219 
disease_progression 
H-positive risk:  649 671 95 1080 439 96 1111 418 167 69 148 57 
H-negative risk:  671 649 1111 1080 418 439 96 95 148 167 57 69 
New BC onsets:  0
BC status:  4884 116 
BC subtype:  4884 94 22 

clinical_engagement 
diagnosis 
demography 
78 new agents 
14 dtreferralsatt14 smreferralsatt220 
disease_progression 
H-positive risk:  645 665 96 1091 435 97 1123 408 166 70 149 55 
H-negative risk:  665 645 1123 1091 408 435 97 96 149 166 55 70 
New BC onsets:  0
BC status:  4886 114 
BC subtype:  4886 93 21 

clinical_engagement 
diagnosis 
demography 
81 new agents 
18 dtreferralsatt18 smreferralsatt221 
disease_progression 
H-positive risk:  651 666 93 1095 428 98 1123 410 163 70 149 54 
H-negative risk:  666 651 1123 1095 410 428 98 93 149 163 54 70 
New BC onsets:  0
BC status:  4887 113 
BC subtype:  4887 91 22 

clinical_engagement 
diagnosis 
demography 
91 new agents 
14 dtreferralsatt14 smreferralsatt222 
disease_progression 
H-positive risk:  647 669 93 1104 425 99 1122 412 160 69 150 50 
H-negative risk:  669 647 1122 1104 412 425 99 93 150 160 50 69 
New BC onsets:  0
BC status:  4888 112 
BC subtype:  4888 90 22 

clinical_engagement 
diagnosis 
demography 
79 new agents 
12 dtreferralsatt12 smreferralsatt223 
disease_progression 
H-positive risk:  650 664 92 1097 433 100 1116 415 160 70 151 52 
H-negative risk:  664 650 1116 1097 415 433 100 92 151 160 52 70 
New BC onsets:  0
BC status:  4889 111 
BC subtype:  4889 91 20 

clinical_engagement 
diagnosis 
demography 
81 new agents 
11 dtreferralsatt11 smreferralsatt224 
disease_progression 
H-positive risk:  653 668 95 1091 436 101 1102 416 161 73 151 53 
H-negative risk:  668 653 1102 1091 416 436 101 95 151 161 53 73 
New BC onsets:  0
BC status:  4886 114 
BC subtype:  4886 93 21 

clinical_engagement 
diagnosis 
demography 
77 new agents 
12 dtreferralsatt12 smreferralsatt225 
disease_progression 
H-positive risk:  652 673 94 1087 443 99 1095 411 163 71 158 54 
H-negative risk:  673 652 1095 1087 411 443 99 94 158 163 54 71 
New BC onsets:  0
BC status:  4890 110 
BC subtype:  4890 89 21 

clinical_engagement 
diagnosis 
demography 
72 new agents 
6 dtreferralsatt6 smreferralsatt226 
disease_progression 
H-positive risk:  649 673 93 1094 439 101 1094 407 160 75 162 53 
H-negative risk:  673 649 1094 1094 407 439 101 93 162 160 53 75 
New BC onsets:  0
BC status:  4888 112 
BC subtype:  4888 91 21 

clinical_engagement 
diagnosis 
demography 
73 new agents 
11 dtreferralsatt11 smreferralsatt227 
disease_progression 
H-positive risk:  654 674 91 1089 441 100 1093 413 155 73 164 53 
H-negative risk:  674 654 1093 1089 413 441 100 91 164 155 53 73 
New BC onsets:  0
BC status:  4889 111 
BC subtype:  4889 92 19 

clinical_engagement 
diagnosis 
demography 
89 new agents 
8 dtreferralsatt8 smreferralsatt228 
disease_progression 
H-positive risk:  662 682 92 1081 438 102 1083 419 151 76 164 50 
H-negative risk:  682 662 1083 1081 419 438 102 92 164 151 50 76 
New BC onsets:  0
BC status:  4886 114 
BC subtype:  4886 94 20 

clinical_engagement 
diagnosis 
demography 
71 new agents 
9 dtreferralsatt9 smreferralsatt229 
disease_progression 
H-positive risk:  662 680 94 1073 444 101 1091 420 146 76 162 51 
H-negative risk:  680 662 1091 1073 420 444 101 94 162 146 51 76 
New BC onsets:  0
BC status:  4888 112 
BC subtype:  4888 92 20 

clinical_engagement 
diagnosis 
demography 
77 new agents 
7 dtreferralsatt7 smreferralsatt230 
disease_progression 
H-positive risk:  663 677 93 1073 439 103 1099 419 146 73 163 52 
H-negative risk:  677 663 1099 1073 419 439 103 93 163 146 52 73 
New BC onsets:  0
BC status:  4890 110 
BC subtype:  4890 91 19 

clinical_engagement 
diagnosis 
demography 
60 new agents 
13 dtreferralsatt13 smreferralsatt231 
disease_progression 
H-positive risk:  659 677 91 1068 444 101 1101 422 148 71 162 56 
H-negative risk:  677 659 1101 1068 422 444 101 91 162 148 56 71 
New BC onsets:  0
BC status:  4892 108 
BC subtype:  4892 89 19 

clinical_engagement 
diagnosis 
demography 
77 new agents 
7 dtreferralsatt7 smreferralsatt232 
disease_progression 
H-positive risk:  662 678 92 1065 444 101 1094 430 150 69 161 54 
H-negative risk:  678 662 1094 1065 430 444 101 92 161 150 54 69 
New BC onsets:  0
BC status:  4888 112 
BC subtype:  4888 91 21 

clinical_engagement 
diagnosis 
demography 
69 new agents 
10 dtreferralsatt10 smreferralsatt233 
disease_progression 
H-positive risk:  660 673 92 1065 446 104 1100 430 145 69 164 52 
H-negative risk:  673 660 1100 1065 430 446 104 92 164 145 52 69 
New BC onsets:  0
BC status:  4887 113 
BC subtype:  4887 92 21 

clinical_engagement 
diagnosis 
demography 
71 new agents 
10 dtreferralsatt10 smreferralsatt234 
disease_progression 
H-positive risk:  657 675 94 1068 443 104 1096 436 146 68 162 51 
H-negative risk:  675 657 1096 1068 436 443 104 94 162 146 51 68 
New BC onsets:  0
BC status:  4885 115 
BC subtype:  4885 91 24 

clinical_engagement 
diagnosis 
demography 
78 new agents 
9 dtreferralsatt9 smreferralsatt235 
disease_progression 
H-positive risk:  660 675 93 1073 446 104 1092 429 150 66 162 50 
H-negative risk:  675 660 1092 1073 429 446 104 93 162 150 50 66 
New BC onsets:  0
BC status:  4886 114 
BC subtype:  4886 92 22 

clinical_engagement 
diagnosis 
demography 
74 new agents 
8 dtreferralsatt8 smreferralsatt236 
disease_progression 
H-positive risk:  659 679 92 1076 448 104 1092 421 153 66 162 48 
H-negative risk:  679 659 1092 1076 421 448 104 92 162 153 48 66 
New BC onsets:  0
BC status:  4890 110 
BC subtype:  4890 89 21 

clinical_engagement 
diagnosis 
demography 
81 new agents 
12 dtreferralsatt12 smreferralsatt237 
disease_progression 
H-positive risk:  655 677 91 1081 447 107 1088 425 153 64 162 50 
H-negative risk:  677 655 1088 1081 425 447 107 91 162 153 50 64 
New BC onsets:  0
BC status:  4888 112 
BC subtype:  4888 93 19 

clinical_engagement 
diagnosis 
demography 
80 new agents 
6 dtreferralsatt6 smreferralsatt238 
disease_progression 
H-positive risk:  656 675 88 1086 447 107 1091 422 154 63 159 52 
H-negative risk:  675 656 1091 1086 422 447 107 88 159 154 52 63 
New BC onsets:  0
BC status:  4886 114 
BC subtype:  4886 94 20 

clinical_engagement 
diagnosis 
demography 
70 new agents 
3 dtreferralsatt3 smreferralsatt239 
disease_progression 
H-positive risk:  652 674 90 1091 445 105 1092 428 152 63 156 52 
H-negative risk:  674 652 1092 1091 428 445 105 90 156 152 52 63 
New BC onsets:  0
BC status:  4888 112 
BC subtype:  4888 93 19 

clinical_engagement 
diagnosis 
demography 
74 new agents 
9 dtreferralsatt9 smreferralsatt240 
disease_progression 
H-positive risk:  650 675 85 1092 439 103 1101 425 153 64 163 50 
H-negative risk:  675 650 1101 1092 425 439 103 85 163 153 50 64 
New BC onsets:  0
BC status:  4890 110 
BC subtype:  4890 92 18 

clinical_engagement 
diagnosis 
demography 
68 new agents 
11 dtreferralsatt11 smreferralsatt241 
disease_progression 
H-positive risk:  648 672 86 1087 448 103 1084 442 154 65 161 50 
H-negative risk:  672 648 1084 1087 442 448 103 86 161 154 50 65 
New BC onsets:  0
BC status:  4890 110 
BC subtype:  4890 92 18 

clinical_engagement 
diagnosis 
demography 
76 new agents 
12 dtreferralsatt12 smreferralsatt242 
disease_progression 
H-positive risk:  643 672 88 1093 443 103 1087 445 158 62 157 49 
H-negative risk:  672 643 1087 1093 445 443 103 88 157 158 49 62 
New BC onsets:  0
BC status:  4887 113 
BC subtype:  4887 96 17 

clinical_engagement 
diagnosis 
demography 
78 new agents 
11 dtreferralsatt11 smreferralsatt243 
disease_progression 
H-positive risk:  654 671 86 1086 448 101 1074 453 154 67 156 50 
H-negative risk:  671 654 1074 1086 453 448 101 86 156 154 50 67 
New BC onsets:  0
BC status:  4887 113 
BC subtype:  4887 96 17 

clinical_engagement 
diagnosis 
demography 
65 new agents 
7 dtreferralsatt7 smreferralsatt244 
disease_progression 
H-positive risk:  654 674 85 1088 445 100 1075 454 154 68 156 47 
H-negative risk:  674 654 1075 1088 454 445 100 85 156 154 47 68 
New BC onsets:  0
BC status:  4888 112 
BC subtype:  4888 95 17 

clinical_engagement 
diagnosis 
demography 
67 new agents 
7 dtreferralsatt7 smreferralsatt245 
disease_progression 
H-positive risk:  662 672 86 1089 445 100 1069 455 157 66 151 48 
H-negative risk:  672 662 1069 1089 455 445 100 86 151 157 48 66 
New BC onsets:  0
BC status:  4890 110 
BC subtype:  4890 94 16 

clinical_engagement 
diagnosis 
demography 
71 new agents 
9 dtreferralsatt9 smreferralsatt246 
disease_progression 
H-positive risk:  672 669 85 1085 447 100 1068 451 158 65 153 47 
H-negative risk:  669 672 1068 1085 451 447 100 85 153 158 47 65 
New BC onsets:  0
BC status:  4889 111 
BC subtype:  4889 94 17 

clinical_engagement 
diagnosis 
demography 
79 new agents 
16 dtreferralsatt16 smreferralsatt247 
disease_progression 
H-positive risk:  676 666 87 1088 443 97 1064 448 158 67 158 48 
H-negative risk:  666 676 1064 1088 448 443 97 87 158 158 48 67 
New BC onsets:  0
BC status:  4892 108 
BC subtype:  4892 92 16 

clinical_engagement 
diagnosis 
demography 
62 new agents 
13 dtreferralsatt13 smreferralsatt248 
disease_progression 
H-positive risk:  674 662 85 1100 447 98 1062 442 158 67 159 46 
H-negative risk:  662 674 1062 1100 442 447 98 85 159 158 46 67 
New BC onsets:  0
BC status:  4891 109 
BC subtype:  4891 93 16 

clinical_engagement 
diagnosis 
demography 
94 new agents 
8 dtreferralsatt8 smreferralsatt249 
disease_progression 
H-positive risk:  676 661 84 1112 443 96 1060 439 156 63 162 48 
H-negative risk:  661 676 1060 1112 439 443 96 84 162 156 48 63 
New BC onsets:  0
BC status:  4892 108 
BC subtype:  4892 92 16 

clinical_engagement 
diagnosis 
demography 
80 new agents 
13 dtreferralsatt13 smreferralsatt250 
disease_progression 
H-positive risk:  674 665 87 1107 446 92 1063 435 157 65 159 50 
H-negative risk:  665 674 1063 1107 435 446 92 87 159 157 50 65 
New BC onsets:  0
BC status:  4890 110 
BC subtype:  4890 90 20 

clinical_engagement 
diagnosis 
demography 
78 new agents 
10 dtreferralsatt10 smreferralsatt251 
disease_progression 
H-positive risk:  679 672 87 1108 450 95 1057 418 158 66 156 54 
H-negative risk:  672 679 1057 1108 418 450 95 87 156 158 54 66 
New BC onsets:  0
BC status:  4891 109 
BC subtype:  4891 90 19 

clinical_engagement 
diagnosis 
demography 
78 new agents 
13 dtreferralsatt13 smreferralsatt252 
disease_progression 
H-positive risk:  678 670 90 1105 438 93 1066 427 159 66 155 53 
H-negative risk:  670 678 1066 1105 427 438 93 90 155 159 53 66 
New BC onsets:  0
BC status:  4894 106 
BC subtype:  4894 86 20 

clinical_engagement 
diagnosis 
demography 
69 new agents 
10 dtreferralsatt10 smreferralsatt253 
disease_progression 
H-positive risk:  680 671 88 1091 441 95 1067 430 156 67 156 58 
H-negative risk:  671 680 1067 1091 430 441 95 88 156 156 58 67 
New BC onsets:  0
BC status:  4901 99 
BC subtype:  4901 82 17 

clinical_engagement 
diagnosis 
demography 
95 new agents 
11 dtreferralsatt11 smreferralsatt254 
disease_progression 
H-positive risk:  679 671 92 1097 432 92 1073 423 159 67 154 61 
H-negative risk:  671 679 1073 1097 423 432 92 92 154 159 61 67 
New BC onsets:  0
BC status:  4901 99 
BC subtype:  4901 83 16 

clinical_engagement 
diagnosis 
demography 
80 new agents 
8 dtreferralsatt8 smreferralsatt255 
disease_progression 
H-positive risk:  675 671 93 1097 435 97 1069 422 157 66 155 63 
H-negative risk:  671 675 1069 1097 422 435 97 93 155 157 63 66 
New BC onsets:  0
BC status:  4900 100 
BC subtype:  4900 83 17 

clinical_engagement 
diagnosis 
demography 
62 new agents 
13 dtreferralsatt13 smreferralsatt256 
disease_progression 
H-positive risk:  669 678 93 1093 438 96 1067 425 155 68 155 63 
H-negative risk:  678 669 1067 1093 425 438 96 93 155 155 63 68 
New BC onsets:  0
BC status:  4900 100 
BC subtype:  4900 83 17 

clinical_engagement 
diagnosis 
demography 
92 new agents 
14 dtreferralsatt14 smreferralsatt257 
disease_progression 
H-positive risk:  670 674 92 1094 439 98 1075 417 151 74 155 61 
H-negative risk:  674 670 1075 1094 417 439 98 92 155 151 61 74 
New BC onsets:  0
BC status:  4898 102 
BC subtype:  4898 83 19 

clinical_engagement 
diagnosis 
demography 
66 new agents 
13 dtreferralsatt13 smreferralsatt258 
disease_progression 
H-positive risk:  666 671 90 1092 436 98 1084 419 155 74 155 60 
H-negative risk:  671 666 1084 1092 419 436 98 90 155 155 60 74 
New BC onsets:  0
BC status:  4899 101 
BC subtype:  4899 83 18 

clinical_engagement 
diagnosis 
demography 
83 new agents 
6 dtreferralsatt6 smreferralsatt259 
disease_progression 
H-positive risk:  660 677 91 1080 429 98 1089 424 157 76 157 62 
H-negative risk:  677 660 1089 1080 424 429 98 91 157 157 62 76 
New BC onsets:  0
BC status:  4899 101 
BC subtype:  4899 84 17 

clinical_engagement 
diagnosis 
demography 
66 new agents 
9 dtreferralsatt9 smreferralsatt260 
disease_progression 
H-positive risk:  662 671 89 1079 433 94 1090 429 157 76 156 64 
H-negative risk:  671 662 1090 1079 429 433 94 89 156 157 64 76 
New BC onsets:  0
BC status:  4897 103 
BC subtype:  4897 86 17 

clinical_engagement 
diagnosis 
demography 
78 new agents 
15 dtreferralsatt15 smreferralsatt261 
disease_progression 
H-positive risk:  665 673 90 1078 436 98 1088 424 156 72 156 64 
H-negative risk:  673 665 1088 1078 424 436 98 90 156 156 64 72 
New BC onsets:  0
BC status:  4902 98 
BC subtype:  4902 82 16 

clinical_engagement 
diagnosis 
demography 
69 new agents 
13 dtreferralsatt13 smreferralsatt262 
disease_progression 
H-positive risk:  662 676 91 1073 438 100 1089 428 155 72 152 64 
H-negative risk:  676 662 1089 1073 428 438 100 91 152 155 64 72 
New BC onsets:  0
BC status:  4899 101 
BC subtype:  4899 85 16 

clinical_engagement 
diagnosis 
demography 
75 new agents 
8 dtreferralsatt8 smreferralsatt263 
disease_progression 
H-positive risk:  658 670 92 1076 437 101 1101 426 154 70 150 65 
H-negative risk:  670 658 1101 1076 426 437 101 92 150 154 65 70 
New BC onsets:  0
BC status:  4894 106 
BC subtype:  4894 90 16 

clinical_engagement 
diagnosis 
demography 
80 new agents 
7 dtreferralsatt7 smreferralsatt264 
disease_progression 
H-positive risk:  652 671 91 1084 430 102 1107 424 154 71 149 65 
H-negative risk:  671 652 1107 1084 424 430 102 91 149 154 65 71 
New BC onsets:  0
BC status:  4892 108 
BC subtype:  4892 92 16 

clinical_engagement 
diagnosis 
demography 
75 new agents 
5 dtreferralsatt5 smreferralsatt265 
disease_progression 
H-positive risk:  656 666 94 1078 425 106 1112 419 154 75 147 68 
H-negative risk:  666 656 1112 1078 419 425 106 94 147 154 68 75 
New BC onsets:  0
BC status:  4889 111 
BC subtype:  4889 94 17 

clinical_engagement 
diagnosis 
demography 
93 new agents 
12 dtreferralsatt12 smreferralsatt266 
disease_progression 
H-positive risk:  652 670 94 1086 419 108 1120 409 156 74 148 64 
H-negative risk:  670 652 1120 1086 409 419 108 94 148 156 64 74 
New BC onsets:  0
BC status:  4888 112 
BC subtype:  4888 95 17 

clinical_engagement 
diagnosis 
demography 
87 new agents 
15 dtreferralsatt15 smreferralsatt267 
disease_progression 
H-positive risk:  649 672 92 1083 429 110 1111 410 155 75 149 65 
H-negative risk:  672 649 1111 1083 410 429 110 92 149 155 65 75 
New BC onsets:  0
BC status:  4890 110 
BC subtype:  4890 93 17 

clinical_engagement 
diagnosis 
demography 
76 new agents 
13 dtreferralsatt13 smreferralsatt268 
disease_progression 
H-positive risk:  647 674 93 1090 424 111 1118 403 152 73 150 65 
H-negative risk:  674 647 1118 1090 403 424 111 93 150 152 65 73 
New BC onsets:  0
BC status:  4890 110 
BC subtype:  4890 93 17 

clinical_engagement 
diagnosis 
demography 
72 new agents 
15 dtreferralsatt15 smreferralsatt269 
disease_progression 
H-positive risk:  651 673 94 1091 431 111 1116 397 149 73 150 64 
H-negative risk:  673 651 1116 1091 397 431 111 94 150 149 64 73 
New BC onsets:  0
BC status:  4891 109 
BC subtype:  4891 92 17 

clinical_engagement 
diagnosis 
demography 
71 new agents 
3 dtreferralsatt3 smreferralsatt270 
disease_progression 
H-positive risk:  653 673 94 1091 431 108 1117 399 148 72 150 64 
H-negative risk:  673 653 1117 1091 399 431 108 94 150 148 64 72 
New BC onsets:  0
BC status:  4888 112 
BC subtype:  4888 97 15 

clinical_engagement 
diagnosis 
demography 
83 new agents 
11 dtreferralsatt11 smreferralsatt271 
disease_progression 
H-positive risk:  653 669 95 1093 422 109 1124 396 149 73 148 69 
H-negative risk:  669 653 1124 1093 396 422 109 95 148 149 69 73 
New BC onsets:  0
BC status:  4886 114 
BC subtype:  4886 99 15 

clinical_engagement 
diagnosis 
demography 
67 new agents 
11 dtreferralsatt11 smreferralsatt272 
disease_progression 
H-positive risk:  653 661 95 1100 423 108 1123 402 151 69 147 68 
H-negative risk:  661 653 1123 1100 402 423 108 95 147 151 68 69 
New BC onsets:  0
BC status:  4888 112 
BC subtype:  4888 97 15 

clinical_engagement 
diagnosis 
demography 
80 new agents 
7 dtreferralsatt7 smreferralsatt273 
disease_progression 
H-positive risk:  648 661 91 1113 417 106 1124 399 154 69 151 67 
H-negative risk:  661 648 1124 1113 399 417 106 91 151 154 67 69 
New BC onsets:  0
BC status:  4887 113 
BC subtype:  4887 98 15 

clinical_engagement 
diagnosis 
demography 
92 new agents 
9 dtreferralsatt9 smreferralsatt274 
disease_progression 
H-positive risk:  656 661 92 1112 420 105 1120 391 159 69 147 68 
H-negative risk:  661 656 1120 1112 391 420 105 92 147 159 68 69 
New BC onsets:  0
BC status:  4885 115 
BC subtype:  4885 100 15 

clinical_engagement 
diagnosis 
demography 
56 new agents 
12 dtreferralsatt12 smreferralsatt275 
disease_progression 
H-positive risk:  658 650 91 1109 420 103 1122 394 161 72 152 68 
H-negative risk:  650 658 1122 1109 394 420 103 91 152 161 68 72 
New BC onsets:  0
BC status:  4883 117 
BC subtype:  4883 102 15 

clinical_engagement 
diagnosis 
demography 
92 new agents 
5 dtreferralsatt5 smreferralsatt276 
disease_progression 
H-positive risk:  657 654 92 1114 419 108 1116 393 158 75 150 64 
H-negative risk:  654 657 1116 1114 393 419 108 92 150 158 64 75 
New BC onsets:  0
BC status:  4884 116 
BC subtype:  4884 101 15 

clinical_engagement 
diagnosis 
demography 
84 new agents 
17 dtreferralsatt17 smreferralsatt277 
disease_progression 
H-positive risk:  653 655 93 1113 424 107 1123 385 155 76 146 70 
H-negative risk:  655 653 1123 1113 385 424 107 93 146 155 70 76 
New BC onsets:  0
BC status:  4884 116 
BC subtype:  4884 99 17 

clinical_engagement 
diagnosis 
demography 
93 new agents 
10 dtreferralsatt10 smreferralsatt278 
disease_progression 
H-positive risk:  657 666 93 1110 421 109 1118 384 151 78 144 69 
H-negative risk:  666 657 1118 1110 384 421 109 93 144 151 69 78 
New BC onsets:  0
BC status:  4885 115 
BC subtype:  4885 98 17 

clinical_engagement 
diagnosis 
demography 
79 new agents 
7 dtreferralsatt7 smreferralsatt279 
disease_progression 
H-positive risk:  659 669 95 1116 411 109 1111 385 150 81 144 70 
H-negative risk:  669 659 1111 1116 385 411 109 95 144 150 70 81 
New BC onsets:  0
BC status:  4884 116 
BC subtype:  4884 100 16 

clinical_engagement 
diagnosis 
demography 
67 new agents 
9 dtreferralsatt9 smreferralsatt280 
disease_progression 
H-positive risk:  666 666 96 1110 410 111 1115 384 150 79 143 70 
H-negative risk:  666 666 1115 1110 384 410 111 96 143 150 70 79 
New BC onsets:  0
BC status:  4888 112 
BC subtype:  4888 97 15 

clinical_engagement 
diagnosis 
demography 
76 new agents 
3 dtreferralsatt3 smreferralsatt281 
disease_progression 
H-positive risk:  666 662 94 1105 420 111 1118 381 151 80 142 70 
H-negative risk:  662 666 1118 1105 381 420 111 94 142 151 70 80 
New BC onsets:  0
BC status:  4887 113 
BC subtype:  4887 98 15 

clinical_engagement 
diagnosis 
demography 
69 new agents 
10 dtreferralsatt10 smreferralsatt282 
disease_progression 
H-positive risk:  668 666 94 1103 418 111 1123 379 145 82 140 71 
H-negative risk:  666 668 1123 1103 379 418 111 94 140 145 71 82 
New BC onsets:  0
BC status:  4888 112 
BC subtype:  4888 97 15 

clinical_engagement 
diagnosis 
demography 
67 new agents 
8 dtreferralsatt8 smreferralsatt283 
disease_progression 
H-positive risk:  663 666 91 1098 416 107 1134 380 150 83 140 72 
H-negative risk:  666 663 1134 1098 380 416 107 91 140 150 72 83 
New BC onsets:  0
BC status:  4886 114 
BC subtype:  4886 99 15 

clinical_engagement 
diagnosis 
demography 
80 new agents 
10 dtreferralsatt10 smreferralsatt284 
disease_progression 
H-positive risk:  663 667 91 1105 418 108 1126 380 148 83 140 71 
H-negative risk:  667 663 1126 1105 380 418 108 91 140 148 71 83 
New BC onsets:  0
BC status:  4885 115 
BC subtype:  4885 98 17 

clinical_engagement 
diagnosis 
demography 
72 new agents 
9 dtreferralsatt9 smreferralsatt285 
disease_progression 
H-positive risk:  665 674 91 1095 422 108 1114 385 150 82 143 71 
H-negative risk:  674 665 1114 1095 385 422 108 91 143 150 71 82 
New BC onsets:  0
BC status:  4882 118 
BC subtype:  4882 101 17 

clinical_engagement 
diagnosis 
demography 
102 new agents 
13 dtreferralsatt13 smreferralsatt286 
disease_progression 
H-positive risk:  667 678 93 1096 420 107 1117 381 147 81 141 72 
H-negative risk:  678 667 1117 1096 381 420 107 93 141 147 72 81 
New BC onsets:  0
BC status:  4881 119 
BC subtype:  4881 103 16 

clinical_engagement 
diagnosis 
demography 
84 new agents 
11 dtreferralsatt11 smreferralsatt287 
disease_progression 
H-positive risk:  675 689 91 1084 421 104 1121 378 151 77 139 70 
H-negative risk:  689 675 1121 1084 378 421 104 91 139 151 70 77 
New BC onsets:  0
BC status:  4883 117 
BC subtype:  4883 100 17 

clinical_engagement 
diagnosis 
demography 
64 new agents 
11 dtreferralsatt11 smreferralsatt288 
disease_progression 
H-positive risk:  678 696 92 1084 424 104 1115 372 154 73 136 72 
H-negative risk:  696 678 1115 1084 372 424 104 92 136 154 72 73 
New BC onsets:  0
BC status:  4884 116 
BC subtype:  4884 97 19 

clinical_engagement 
diagnosis 
demography 
83 new agents 
5 dtreferralsatt5 smreferralsatt289 
disease_progression 
H-positive risk:  683 697 91 1084 422 104 1111 375 155 68 132 78 
H-negative risk:  697 683 1111 1084 375 422 104 91 132 155 78 68 
New BC onsets:  0
BC status:  4884 116 
BC subtype:  4884 98 18 

clinical_engagement 
diagnosis 
demography 
83 new agents 
9 dtreferralsatt9 smreferralsatt290 
disease_progression 
H-positive risk:  687 687 90 1092 428 101 1110 369 159 68 131 78 
H-negative risk:  687 687 1110 1092 369 428 101 90 131 159 78 68 
New BC onsets:  0
BC status:  4888 112 
BC subtype:  4888 93 19 

clinical_engagement 
diagnosis 
demography 
76 new agents 
11 dtreferralsatt11 smreferralsatt291 
disease_progression 
H-positive risk:  685 692 93 1081 432 103 1110 372 156 70 130 76 
H-negative risk:  692 685 1110 1081 372 432 103 93 130 156 76 70 
New BC onsets:  0
BC status:  4886 114 
BC subtype:  4886 94 20 

clinical_engagement 
diagnosis 
demography 
70 new agents 
8 dtreferralsatt8 smreferralsatt292 
disease_progression 
H-positive risk:  690 686 94 1078 434 104 1102 383 154 70 128 77 
H-negative risk:  686 690 1102 1078 383 434 104 94 128 154 77 70 
New BC onsets:  0
BC status:  4884 116 
BC subtype:  4884 95 21 

clinical_engagement 
diagnosis 
demography 
94 new agents 
6 dtreferralsatt6 smreferralsatt293 
disease_progression 
H-positive risk:  692 696 97 1071 436 106 1094 378 156 70 128 76 
H-negative risk:  696 692 1094 1071 378 436 106 97 128 156 76 70 
New BC onsets:  0
BC status:  4883 117 
BC subtype:  4883 97 20 

clinical_engagement 
diagnosis 
demography 
95 new agents 
8 dtreferralsatt8 smreferralsatt294 
disease_progression 
H-positive risk:  693 697 97 1064 429 107 1101 376 157 69 135 75 
H-negative risk:  697 693 1101 1064 376 429 107 97 135 157 75 69 
New BC onsets:  0
BC status:  4886 114 
BC subtype:  4886 95 19 

clinical_engagement 
diagnosis 
demography 
58 new agents 
9 dtreferralsatt9 smreferralsatt295 
disease_progression 
H-positive risk:  693 698 98 1058 429 108 1099 385 156 67 135 74 
H-negative risk:  698 693 1099 1058 385 429 108 98 135 156 74 67 
New BC onsets:  0
BC status:  4886 114 
BC subtype:  4886 95 19 

clinical_engagement 
diagnosis 
demography 
58 new agents 
11 dtreferralsatt11 smreferralsatt296 
disease_progression 
H-positive risk:  697 693 97 1060 433 107 1098 383 156 65 137 74 
H-negative risk:  693 697 1098 1060 383 433 107 97 137 156 74 65 
New BC onsets:  0
BC status:  4886 114 
BC subtype:  4886 95 19 

clinical_engagement 
diagnosis 
demography 
63 new agents 
14 dtreferralsatt14 smreferralsatt297 
disease_progression 
H-positive risk:  702 679 99 1065 435 108 1102 377 156 65 137 75 
H-negative risk:  679 702 1102 1065 377 435 108 99 137 156 75 65 
New BC onsets:  0
BC status:  4889 111 
BC subtype:  4889 92 19 

clinical_engagement 
diagnosis 
demography 
75 new agents 
10 dtreferralsatt10 smreferralsatt298 
disease_progression 
H-positive risk:  709 680 98 1074 435 105 1091 378 157 64 133 76 
H-negative risk:  680 709 1091 1074 378 435 105 98 133 157 76 64 
New BC onsets:  0
BC status:  4883 117 
BC subtype:  4883 97 20 

clinical_engagement 
diagnosis 
demography 
74 new agents 
6 dtreferralsatt6 smreferralsatt299 
disease_progression 
H-positive risk:  710 683 95 1073 434 108 1097 371 154 64 136 75 
H-negative risk:  683 710 1097 1073 371 434 108 95 136 154 75 64 
New BC onsets:  0
BC status:  4886 114 
BC subtype:  4886 94 20 

clinical_engagement 
diagnosis 
demography 
72 new agents 
11 dtreferralsatt11 smreferralsatt300 
disease_progression 
H-positive risk:  711 694 90 1070 432 108 1096 372 149 67 139 72 
H-negative risk:  694 711 1096 1070 372 432 108 90 139 149 72 67 
New BC onsets:  0
BC status:  4886 114 
BC subtype:  4886 94 20 

clinical_engagement 
diagnosis 
demography 
87 new agents 
12 dtreferralsatt12 smreferralsattTime difference of 15.40862 mins
This is task 10
date
