date
Note that the current default version of R is 3.6.1.
Loading required package: network
network: Classes for Relational Data
Version 1.15 created on 2019-04-01.
copyright (c) 2005, Carter T. Butts, University of California-Irvine
                    Mark S. Handcock, University of California -- Los Angeles
                    David R. Hunter, Penn State University
                    Martina Morris, University of Washington
                    Skye Bender-deMoll, University of Washington
 For citation information, type citation("network").
 Type help("network-package") to get started.


networkDynamic: version 0.10.0, created on 2019-04-04
Copyright (c) 2019, Carter T. Butts, University of California -- Irvine
                    Ayn Leslie-Cook, University of Washington
                    Pavel N. Krivitsky, University of Wollongong
                    Skye Bender-deMoll, University of Washington
                    with contributions from
                    Zack Almquist, University of California -- Irvine
                    David R. Hunter, Penn State University
                    Li Wang
                    Kirk Li, University of Washington
                    Steven M. Goodreau, University of Washington
                    Jeffrey Horner
                    Martina Morris, University of Washington
Based on "statnet" project software (statnet.org).
For license and citation information see statnet.org/attribution
or type citation("networkDynamic").

Loading required package: statnet.common

Attaching package: 'statnet.common'

The following object is masked from 'package:base':

    order

sna: Tools for Social Network Analysis
Version 2.4 created on 2016-07-23.
copyright (c) 2005, Carter T. Butts, University of California-Irvine
 For citation information, type citation("sna").
 Type help(package="sna") to get started.


ergm: version 3.10.4, created on 2019-06-10
Copyright (c) 2019, Mark S. Handcock, University of California -- Los Angeles
                    David R. Hunter, Penn State University
                    Carter T. Butts, University of California -- Irvine
                    Steven M. Goodreau, University of Washington
                    Pavel N. Krivitsky, University of Wollongong
                    Martina Morris, University of Washington
                    with contributions from
                    Li Wang
                    Kirk Li, University of Washington
                    Skye Bender-deMoll, University of Washington
                    Chad Klumb
Based on "statnet" project software (statnet.org).
For license and citation information see statnet.org/attribution
or type citation("ergm").

NOTE: Versions before 3.6.1 had a bug in the implementation of the bd()
constriant which distorted the sampled distribution somewhat. In
addition, Sampson's Monks datasets had mislabeled vertices. See the
NEWS and the documentation for more details.

NOTE: Some common term arguments pertaining to vertex attribute and
level selection have changed in 3.10.0. See terms help for more
details. Use 'options(ergm.term=list(version="3.9.4"))' to use old
behavior.


tergm: version 3.6.1, created on 2019-06-12
Copyright (c) 2019, Pavel N. Krivitsky, University of Wollongong
                    Mark S. Handcock, University of California -- Los Angeles
                    with contributions from
                    David R. Hunter, Penn State University
                    Steven M. Goodreau, University of Washington
                    Martina Morris, University of Washington
                    Nicole Bohme Carnegie, New York University
                    Carter T. Butts, University of California -- Irvine
                    Ayn Leslie-Cook, University of Washington
                    Skye Bender-deMoll
                    Li Wang
                    Kirk Li, University of Washington
Based on "statnet" project software (statnet.org).
For license and citation information see statnet.org/attribution
or type citation("tergm").

Starting maximum pseudolikelihood estimation (MPLE):
Evaluating the predictor and response matrix.
Maximizing the pseudolikelihood.
Finished MPLE.
Starting Monte Carlo maximum likelihood estimation (MCMLE):
Iteration 1 of at most 500:
Optimizing with step length 0.493132739919402.
The log-likelihood improved by 3.273.
Iteration 2 of at most 500:
Optimizing with step length 0.968919269174581.
The log-likelihood improved by 4.575.
Iteration 3 of at most 500:
Optimizing with step length 1.
The log-likelihood improved by 0.4339.
Step length converged once. Increasing MCMC sample size.
Iteration 4 of at most 500:
Optimizing with step length 1.
The log-likelihood improved by 1.027.
Step length converged twice. Stopping.
Finished MCMLE.
This model was fit using MCMC.  To examine model diagnostics and check
for degeneracy, use the mcmc.diagnostics() function.
 degree0  degree1  degree2  degree3  degree4  degree5  degree6  degree7 
       4       24     1281     1019      766      354      377      346 
 degree8  degree9 degree10 degree11 degree12 degree13 degree14 degree15 
     287      211      162       78       56       20        9        5 
degree17 
       1 
1 
disease_progression 
H-positive risk:  838 845 120 896 428 123 905 443 130 63 130 79 
H-negative risk:  845 838 905 896 443 428 123 120 130 130 79 63 
New BC onsets:  0
BC status:  4999 1 
BC subtype:  4999 1 

clinical_engagement 
diagnosis 
demography 
83 new agents 
0 dtreferralsatt0 smreferralsatt2 
disease_progression 
H-positive risk:  845 859 121 887 415 124 905 440 129 65 132 78 
H-negative risk:  859 845 905 887 440 415 124 121 132 129 78 65 
New BC onsets:  0
BC status:  4997 3 
BC subtype:  4997 1 2 

clinical_engagement 
diagnosis 
demography 
69 new agents 
3 dtreferralsatt3 smreferralsatt3 
disease_progression 
H-positive risk:  852 865 124 891 408 126 901 437 127 64 131 74 
H-negative risk:  865 852 901 891 437 408 126 124 131 127 74 64 
New BC onsets:  0
BC status:  4994 6 
BC subtype:  4994 2 4 

clinical_engagement 
diagnosis 
demography 
63 new agents 
3 dtreferralsatt3 smreferralsatt4 
disease_progression 
H-positive risk:  860 870 125 893 403 128 890 438 126 63 131 73 
H-negative risk:  870 860 890 893 438 403 128 125 131 126 73 63 
New BC onsets:  0
BC status:  4993 7 
BC subtype:  4993 3 4 

clinical_engagement 
diagnosis 
demography 
67 new agents 
6 dtreferralsatt6 smreferralsatt5 
disease_progression 
H-positive risk:  871 875 124 893 397 130 885 435 125 64 130 71 
H-negative risk:  875 871 885 893 435 397 130 124 130 125 71 64 
New BC onsets:  0
BC status:  4987 13 
BC subtype:  4987 7 6 

clinical_engagement 
diagnosis 
demography 
57 new agents 
4 dtreferralsatt4 smreferralsatt6 
disease_progression 
H-positive risk:  874 876 125 892 395 129 885 437 125 61 131 70 
H-negative risk:  876 874 885 892 437 395 129 125 131 125 70 61 
New BC onsets:  0
BC status:  4983 17 
BC subtype:  4983 11 6 

clinical_engagement 
diagnosis 
demography 
71 new agents 
6 dtreferralsatt6 smreferralsatt7 
disease_progression 
H-positive risk:  881 879 125 889 391 131 885 434 124 60 132 69 
H-negative risk:  879 881 885 889 434 391 131 125 132 124 69 60 
New BC onsets:  0
BC status:  4981 19 
BC subtype:  4981 12 7 

clinical_engagement 
diagnosis 
demography 
52 new agents 
0 dtreferralsatt0 smreferralsatt8 
disease_progression 
H-positive risk:  892 881 126 886 386 134 878 432 124 60 132 69 
H-negative risk:  881 892 878 886 432 386 134 126 132 124 69 60 
New BC onsets:  0
BC status:  4979 21 
BC subtype:  4979 13 8 

clinical_engagement 
diagnosis 
demography 
59 new agents 
8 dtreferralsatt8 smreferralsatt9 
disease_progression 
H-positive risk:  893 885 129 887 390 135 866 433 125 57 133 67 
H-negative risk:  885 893 866 887 433 390 135 129 133 125 67 57 
New BC onsets:  0
BC status:  4979 21 
BC subtype:  4979 12 9 

clinical_engagement 
diagnosis 
demography 
60 new agents 
7 dtreferralsatt7 smreferralsatt10 
disease_progression 
H-positive risk:  895 887 131 889 394 136 864 426 124 56 133 65 
H-negative risk:  887 895 864 889 426 394 136 131 133 124 65 56 
New BC onsets:  0
BC status:  4977 23 
BC subtype:  4977 13 10 

clinical_engagement 
diagnosis 
demography 
59 new agents 
8 dtreferralsatt8 smreferralsatt11 
disease_progression 
H-positive risk:  900 889 132 896 392 135 863 417 125 55 131 65 
H-negative risk:  889 900 863 896 417 392 135 132 131 125 65 55 
New BC onsets:  0
BC status:  4978 22 
BC subtype:  4978 13 9 

clinical_engagement 
diagnosis 
demography 
62 new agents 
12 dtreferralsatt12 smreferralsatt12 
disease_progression 
H-positive risk:  903 896 135 898 390 133 855 416 122 55 131 66 
H-negative risk:  896 903 855 898 416 390 133 135 131 122 66 55 
New BC onsets:  0
BC status:  4975 25 
BC subtype:  4975 16 9 

clinical_engagement 
diagnosis 
demography 
72 new agents 
6 dtreferralsatt6 smreferralsatt13 
disease_progression 
H-positive risk:  822 815 126 976 392 125 946 408 127 55 141 67 
H-negative risk:  815 822 946 976 408 392 125 126 141 127 67 55 
New BC onsets:  0
BC status:  4974 26 
BC subtype:  4974 16 10 

clinical_engagement 
diagnosis 
demography 
200 new agents 
15 dtreferralsatt15 smreferralsatt14 
disease_progression 
H-positive risk:  852 840 128 923 420 133 891 439 117 58 138 61 
H-negative risk:  840 852 891 923 439 420 133 128 138 117 61 58 
New BC onsets:  0
BC status:  4974 26 
BC subtype:  4974 16 10 

clinical_engagement 
diagnosis 
demography 
46 new agents 
7 dtreferralsatt7 smreferralsatt15 
disease_progression 
H-positive risk:  858 846 128 920 417 134 885 436 119 58 138 61 
H-negative risk:  846 858 885 920 436 417 134 128 138 119 61 58 
New BC onsets:  0
BC status:  4973 27 
BC subtype:  4973 17 10 

clinical_engagement 
diagnosis 
demography 
51 new agents 
8 dtreferralsatt8 smreferralsatt16 
disease_progression 
H-positive risk:  857 843 128 921 422 135 889 429 121 56 138 61 
H-negative risk:  843 857 889 921 429 422 135 128 138 121 61 56 
New BC onsets:  0
BC status:  4969 31 
BC subtype:  4969 21 10 

clinical_engagement 
diagnosis 
demography 
68 new agents 
12 dtreferralsatt12 smreferralsatt17 
disease_progression 
H-positive risk:  864 843 129 921 421 134 890 422 124 56 136 60 
H-negative risk:  843 864 890 921 422 421 134 129 136 124 60 56 
New BC onsets:  0
BC status:  4968 32 
BC subtype:  4968 22 10 

clinical_engagement 
diagnosis 
demography 
54 new agents 
8 dtreferralsatt8 smreferralsatt18 
disease_progression 
H-positive risk:  864 846 129 921 415 135 895 419 125 55 135 61 
H-negative risk:  846 864 895 921 419 415 135 129 135 125 61 55 
New BC onsets:  0
BC status:  4967 33 
BC subtype:  4967 23 10 

clinical_engagement 
diagnosis 
demography 
65 new agents 
7 dtreferralsatt7 smreferralsatt19 
disease_progression 
H-positive risk:  870 847 129 920 414 136 890 418 125 57 134 60 
H-negative risk:  847 870 890 920 418 414 136 129 134 125 60 57 
New BC onsets:  0
BC status:  4961 39 
BC subtype:  4961 29 10 

clinical_engagement 
diagnosis 
demography 
67 new agents 
9 dtreferralsatt9 smreferralsatt20 
disease_progression 
H-positive risk:  873 853 129 918 411 138 889 414 125 57 134 59 
H-negative risk:  853 873 889 918 414 411 138 129 134 125 59 57 
New BC onsets:  0
BC status:  4960 40 
BC subtype:  4960 29 11 

clinical_engagement 
diagnosis 
demography 
67 new agents 
12 dtreferralsatt12 smreferralsatt21 
disease_progression 
H-positive risk:  877 859 128 912 408 140 890 412 125 58 134 57 
H-negative risk:  859 877 890 912 412 408 140 128 134 125 57 58 
New BC onsets:  0
BC status:  4958 42 
BC subtype:  4958 31 11 

clinical_engagement 
diagnosis 
demography 
70 new agents 
13 dtreferralsatt13 smreferralsatt22 
disease_progression 
H-positive risk:  878 863 127 906 405 140 893 412 126 57 135 58 
H-negative risk:  863 878 893 906 412 405 140 127 135 126 58 57 
New BC onsets:  0
BC status:  4953 47 
BC subtype:  4953 35 12 

clinical_engagement 
diagnosis 
demography 
74 new agents 
10 dtreferralsatt10 smreferralsatt23 
disease_progression 
H-positive risk:  878 877 125 909 398 142 889 411 124 56 133 58 
H-negative risk:  877 878 889 909 411 398 142 125 133 124 58 56 
New BC onsets:  0
BC status:  4953 47 
BC subtype:  4953 35 12 

clinical_engagement 
diagnosis 
demography 
51 new agents 
9 dtreferralsatt9 smreferralsatt24 
disease_progression 
H-positive risk:  880 879 122 906 391 141 893 413 125 56 135 59 
H-negative risk:  879 880 893 906 413 391 141 122 135 125 59 56 
New BC onsets:  0
BC status:  4947 53 
BC subtype:  4947 40 13 

clinical_engagement 
diagnosis 
demography 
66 new agents 
13 dtreferralsatt13 smreferralsatt25 
disease_progression 
H-positive risk:  830 807 108 994 389 133 941 406 132 57 144 59 
H-negative risk:  807 830 941 994 406 389 133 108 144 132 59 57 
New BC onsets:  0
BC status:  4945 55 
BC subtype:  4945 41 14 

clinical_engagement 
diagnosis 
demography 
195 new agents 
10 dtreferralsatt10 smreferralsatt26 
disease_progression 
H-positive risk:  854 839 114 951 407 137 895 419 127 61 137 59 
H-negative risk:  839 854 895 951 419 407 137 114 137 127 59 61 
New BC onsets:  0
BC status:  4945 55 
BC subtype:  4945 42 13 

clinical_engagement 
diagnosis 
demography 
70 new agents 
9 dtreferralsatt9 smreferralsatt27 
disease_progression 
H-positive risk:  858 838 114 956 407 137 895 410 130 59 139 57 
H-negative risk:  838 858 895 956 410 407 137 114 139 130 57 59 
New BC onsets:  0
BC status:  4945 55 
BC subtype:  4945 42 13 

clinical_engagement 
diagnosis 
demography 
57 new agents 
12 dtreferralsatt12 smreferralsatt28 
disease_progression 
H-positive risk:  859 835 113 960 403 138 901 410 129 56 139 57 
H-negative risk:  835 859 901 960 410 403 138 113 139 129 57 56 
New BC onsets:  0
BC status:  4945 55 
BC subtype:  4945 43 12 

clinical_engagement 
diagnosis 
demography 
53 new agents 
11 dtreferralsatt11 smreferralsatt29 
disease_progression 
H-positive risk:  862 837 113 959 402 140 903 405 127 56 140 56 
H-negative risk:  837 862 903 959 405 402 140 113 140 127 56 56 
New BC onsets:  0
BC status:  4944 56 
BC subtype:  4944 44 12 

clinical_engagement 
diagnosis 
demography 
63 new agents 
8 dtreferralsatt8 smreferralsatt30 
disease_progression 
H-positive risk:  876 843 113 954 398 138 903 400 126 55 138 56 
H-negative risk:  843 876 903 954 400 398 138 113 138 126 56 55 
New BC onsets:  0
BC status:  4939 61 
BC subtype:  4939 47 14 

clinical_engagement 
diagnosis 
demography 
65 new agents 
17 dtreferralsatt17 smreferralsatt31 
disease_progression 
H-positive risk:  877 847 113 949 392 139 908 395 129 57 141 53 
H-negative risk:  847 877 908 949 395 392 139 113 141 129 53 57 
New BC onsets:  0
BC status:  4939 61 
BC subtype:  4939 46 15 

clinical_engagement 
diagnosis 
demography 
69 new agents 
13 dtreferralsatt13 smreferralsatt32 
disease_progression 
H-positive risk:  874 855 118 952 381 139 909 389 131 58 140 54 
H-negative risk:  855 874 909 952 389 381 139 118 140 131 54 58 
New BC onsets:  0
BC status:  4939 61 
BC subtype:  4939 46 15 

clinical_engagement 
diagnosis 
demography 
72 new agents 
12 dtreferralsatt12 smreferralsatt33 
disease_progression 
H-positive risk:  882 859 121 948 373 140 911 383 134 58 137 54 
H-negative risk:  859 882 911 948 383 373 140 121 137 134 54 58 
New BC onsets:  0
BC status:  4935 65 
BC subtype:  4935 49 16 

clinical_engagement 
diagnosis 
demography 
59 new agents 
8 dtreferralsatt8 smreferralsatt34 
disease_progression 
H-positive risk:  889 864 119 939 371 140 916 379 133 59 136 55 
H-negative risk:  864 889 916 939 379 371 140 119 136 133 55 59 
New BC onsets:  0
BC status:  4932 68 
BC subtype:  4932 52 16 

clinical_engagement 
diagnosis 
demography 
64 new agents 
7 dtreferralsatt7 smreferralsatt35 
disease_progression 
H-positive risk:  889 865 119 940 368 140 920 376 132 59 134 58 
H-negative risk:  865 889 920 940 376 368 140 119 134 132 58 59 
New BC onsets:  0
BC status:  4930 70 
BC subtype:  4930 53 17 

clinical_engagement 
diagnosis 
demography 
55 new agents 
9 dtreferralsatt9 smreferralsatt36 
disease_progression 
H-positive risk:  893 866 118 944 365 141 920 372 130 60 133 58 
H-negative risk:  866 893 920 944 372 365 141 118 133 130 58 60 
New BC onsets:  0
BC status:  4929 71 
BC subtype:  4929 54 17 

clinical_engagement 
diagnosis 
demography 
58 new agents 
12 dtreferralsatt12 smreferralsatt37 
disease_progression 
H-positive risk:  826 804 108 1010 364 132 990 372 137 59 142 56 
H-negative risk:  804 826 990 1010 372 364 132 108 142 137 56 59 
New BC onsets:  0
BC status:  4927 73 
BC subtype:  4927 56 17 

clinical_engagement 
diagnosis 
demography 
151 new agents 
12 dtreferralsatt12 smreferralsatt38 
disease_progression 
H-positive risk:  840 817 109 986 376 138 967 377 134 61 133 62 
H-negative risk:  817 840 967 986 377 376 138 109 133 134 62 61 
New BC onsets:  0
BC status:  4926 74 
BC subtype:  4926 58 16 

clinical_engagement 
diagnosis 
demography 
80 new agents 
8 dtreferralsatt8 smreferralsatt39 
disease_progression 
H-positive risk:  845 827 109 977 378 142 964 374 134 56 133 61 
H-negative risk:  827 845 964 977 374 378 142 109 133 134 61 56 
New BC onsets:  0
BC status:  4923 77 
BC subtype:  4923 59 18 

clinical_engagement 
diagnosis 
demography 
73 new agents 
16 dtreferralsatt16 smreferralsatt40 
disease_progression 
H-positive risk:  840 835 108 971 383 141 956 380 132 59 133 62 
H-negative risk:  835 840 956 971 380 383 141 108 133 132 62 59 
New BC onsets:  0
BC status:  4923 77 
BC subtype:  4923 60 17 

clinical_engagement 
diagnosis 
demography 
77 new agents 
14 dtreferralsatt14 smreferralsatt41 
disease_progression 
H-positive risk:  838 836 108 970 382 144 954 377 135 58 133 65 
H-negative risk:  836 838 954 970 377 382 144 108 133 135 65 58 
New BC onsets:  0
BC status:  4925 75 
BC subtype:  4925 59 16 

clinical_engagement 
diagnosis 
demography 
57 new agents 
15 dtreferralsatt15 smreferralsatt42 
disease_progression 
H-positive risk:  836 838 108 972 381 145 949 378 135 58 135 65 
H-negative risk:  838 836 949 972 378 381 145 108 135 135 65 58 
New BC onsets:  0
BC status:  4922 78 
BC subtype:  4922 62 16 

clinical_engagement 
diagnosis 
demography 
60 new agents 
10 dtreferralsatt10 smreferralsatt43 
disease_progression 
H-positive risk:  833 835 108 981 380 145 953 371 136 57 137 64 
H-negative risk:  835 833 953 981 371 380 145 108 137 136 64 57 
New BC onsets:  0
BC status:  4923 77 
BC subtype:  4923 62 15 

clinical_engagement 
diagnosis 
demography 
74 new agents 
8 dtreferralsatt8 smreferralsatt44 
disease_progression 
H-positive risk:  843 833 109 990 372 143 953 369 133 56 135 64 
H-negative risk:  833 843 953 990 369 372 143 109 135 133 64 56 
New BC onsets:  0
BC status:  4922 78 
BC subtype:  4922 62 16 

clinical_engagement 
diagnosis 
demography 
66 new agents 
11 dtreferralsatt11 smreferralsatt45 
disease_progression 
H-positive risk:  845 840 110 988 365 143 948 372 132 59 133 65 
H-negative risk:  840 845 948 988 372 365 143 110 133 132 65 59 
New BC onsets:  0
BC status:  4924 76 
BC subtype:  4924 61 15 

clinical_engagement 
diagnosis 
demography 
60 new agents 
10 dtreferralsatt10 smreferralsatt46 
disease_progression 
H-positive risk:  849 842 112 984 366 145 941 370 135 59 132 65 
H-negative risk:  842 849 941 984 370 366 145 112 132 135 65 59 
New BC onsets:  0
BC status:  4921 79 
BC subtype:  4921 62 17 

clinical_engagement 
diagnosis 
demography 
73 new agents 
19 dtreferralsatt19 smreferralsatt47 
disease_progression 
H-positive risk:  849 841 113 986 368 144 939 368 132 60 132 68 
H-negative risk:  841 849 939 986 368 368 144 113 132 132 68 60 
New BC onsets:  0
BC status:  4921 79 
BC subtype:  4921 63 16 

clinical_engagement 
diagnosis 
demography 
69 new agents 
13 dtreferralsatt13 smreferralsatt48 
disease_progression 
H-positive risk:  850 840 115 987 370 142 927 373 135 60 133 68 
H-negative risk:  840 850 927 987 373 370 142 115 133 135 68 60 
New BC onsets:  0
BC status:  4922 78 
BC subtype:  4922 62 16 

clinical_engagement 
diagnosis 
demography 
63 new agents 
12 dtreferralsatt12 smreferralsatt49 
disease_progression 
H-positive risk:  803 779 107 1047 375 133 973 368 144 59 147 65 
H-negative risk:  779 803 973 1047 368 375 133 107 147 144 65 59 
New BC onsets:  0
BC status:  4920 80 
BC subtype:  4920 63 17 

clinical_engagement 
diagnosis 
demography 
120 new agents 
13 dtreferralsatt13 smreferralsatt50 
disease_progression 
H-positive risk:  821 786 107 1024 398 134 943 383 140 60 145 59 
H-negative risk:  786 821 943 1024 383 398 134 107 145 140 59 60 
New BC onsets:  0
BC status:  4922 78 
BC subtype:  4922 64 14 

clinical_engagement 
diagnosis 
demography 
78 new agents 
15 dtreferralsatt15 smreferralsatt51 
disease_progression 
H-positive risk:  824 786 108 1029 390 136 947 382 140 58 142 58 
H-negative risk:  786 824 947 1029 382 390 136 108 142 140 58 58 
New BC onsets:  0
BC status:  4922 78 
BC subtype:  4922 64 14 

clinical_engagement 
diagnosis 
demography 
65 new agents 
8 dtreferralsatt8 smreferralsatt52 
disease_progression 
H-positive risk:  830 781 109 1028 386 138 945 379 140 61 144 59 
H-negative risk:  781 830 945 1028 379 386 138 109 144 140 59 61 
New BC onsets:  0
BC status:  4920 80 
BC subtype:  4920 63 17 

clinical_engagement 
diagnosis 
demography 
58 new agents 
6 dtreferralsatt6 smreferralsatt53 
disease_progression 
H-positive risk:  828 781 110 1027 382 137 951 379 143 59 146 57 
H-negative risk:  781 828 951 1027 379 382 137 110 146 143 57 59 
New BC onsets:  0
BC status:  4923 77 
BC subtype:  4923 61 16 

clinical_engagement 
diagnosis 
demography 
70 new agents 
8 dtreferralsatt8 smreferralsatt54 
disease_progression 
H-positive risk:  827 785 113 1018 391 138 948 378 141 61 144 56 
H-negative risk:  785 827 948 1018 378 391 138 113 144 141 56 61 
New BC onsets:  0
BC status:  4922 78 
BC subtype:  4922 62 16 

clinical_engagement 
diagnosis 
demography 
60 new agents 
11 dtreferralsatt11 smreferralsatt55 
disease_progression 
H-positive risk:  836 788 113 1014 386 138 951 371 142 61 145 55 
H-negative risk:  788 836 951 1014 371 386 138 113 145 142 55 61 
New BC onsets:  0
BC status:  4921 79 
BC subtype:  4921 63 16 

clinical_engagement 
diagnosis 
demography 
71 new agents 
8 dtreferralsatt8 smreferralsatt56 
disease_progression 
H-positive risk:  838 790 112 1019 378 139 952 371 141 59 146 55 
H-negative risk:  790 838 952 1019 371 378 139 112 146 141 55 59 
New BC onsets:  0
BC status:  4919 81 
BC subtype:  4919 63 18 

clinical_engagement 
diagnosis 
demography 
63 new agents 
9 dtreferralsatt9 smreferralsatt57 
disease_progression 
H-positive risk:  841 782 111 1009 383 139 960 370 144 59 147 55 
H-negative risk:  782 841 960 1009 370 383 139 111 147 144 55 59 
New BC onsets:  0
BC status:  4918 82 
BC subtype:  4918 63 19 

clinical_engagement 
diagnosis 
demography 
63 new agents 
12 dtreferralsatt12 smreferralsatt58 
disease_progression 
H-positive risk:  845 784 112 1009 385 140 956 364 143 58 149 55 
H-negative risk:  784 845 956 1009 364 385 140 112 149 143 55 58 
New BC onsets:  0
BC status:  4915 85 
BC subtype:  4915 65 20 

clinical_engagement 
diagnosis 
demography 
64 new agents 
7 dtreferralsatt7 smreferralsatt59 
disease_progression 
H-positive risk:  844 787 113 1009 382 141 961 358 145 58 150 52 
H-negative risk:  787 844 961 1009 358 382 141 113 150 145 52 58 
New BC onsets:  0
BC status:  4917 83 
BC subtype:  4917 63 20 

clinical_engagement 
diagnosis 
demography 
66 new agents 
13 dtreferralsatt13 smreferralsatt60 
disease_progression 
H-positive risk:  839 786 114 1005 380 142 958 368 148 57 153 50 
H-negative risk:  786 839 958 1005 368 380 142 114 153 148 50 57 
New BC onsets:  0
BC status:  4916 84 
BC subtype:  4916 64 20 

clinical_engagement 
diagnosis 
demography 
64 new agents 
4 dtreferralsatt4 smreferralsatt61 
disease_progression 
H-positive risk:  795 735 109 1039 377 128 1009 374 161 60 162 51 
H-negative risk:  735 795 1009 1039 374 377 128 109 162 161 51 60 
New BC onsets:  0
BC status:  4918 82 
BC subtype:  4918 63 19 

clinical_engagement 
diagnosis 
demography 
106 new agents 
12 dtreferralsatt12 smreferralsatt62 
disease_progression 
H-positive risk:  799 734 110 1005 417 126 986 395 155 63 155 55 
H-negative risk:  734 799 986 1005 395 417 126 110 155 155 55 63 
New BC onsets:  0
BC status:  4923 77 
BC subtype:  4923 60 17 

clinical_engagement 
diagnosis 
demography 
83 new agents 
9 dtreferralsatt9 smreferralsatt63 
disease_progression 
H-positive risk:  800 740 112 1002 415 126 988 391 156 59 155 56 
H-negative risk:  740 800 988 1002 391 415 126 112 155 156 56 59 
New BC onsets:  0
BC status:  4924 76 
BC subtype:  4924 59 17 

clinical_engagement 
diagnosis 
demography 
71 new agents 
10 dtreferralsatt10 smreferralsatt64 
disease_progression 
H-positive risk:  806 746 116 1008 406 123 981 389 155 59 153 58 
H-negative risk:  746 806 981 1008 389 406 123 116 153 155 58 59 
New BC onsets:  0
BC status:  4926 74 
BC subtype:  4926 57 17 

clinical_engagement 
diagnosis 
demography 
78 new agents 
11 dtreferralsatt11 smreferralsatt65 
disease_progression 
H-positive risk:  805 750 118 1019 392 121 985 388 156 54 154 58 
H-negative risk:  750 805 985 1019 388 392 121 118 154 156 58 54 
New BC onsets:  0
BC status:  4928 72 
BC subtype:  4928 55 17 

clinical_engagement 
diagnosis 
demography 
54 new agents 
8 dtreferralsatt8 smreferralsatt66 
disease_progression 
H-positive risk:  801 756 119 1018 389 122 983 390 155 56 154 57 
H-negative risk:  756 801 983 1018 390 389 122 119 154 155 57 56 
New BC onsets:  0
BC status:  4926 74 
BC subtype:  4926 57 17 

clinical_engagement 
diagnosis 
demography 
79 new agents 
14 dtreferralsatt14 smreferralsatt67 
disease_progression 
H-positive risk:  809 763 119 1014 384 121 993 379 154 56 154 54 
H-negative risk:  763 809 993 1014 379 384 121 119 154 154 54 56 
New BC onsets:  0
BC status:  4926 74 
BC subtype:  4926 57 17 

clinical_engagement 
diagnosis 
demography 
78 new agents 
7 dtreferralsatt7 smreferralsatt68 
disease_progression 
H-positive risk:  817 769 122 1011 376 122 990 381 152 55 152 53 
H-negative risk:  769 817 990 1011 381 376 122 122 152 152 53 55 
New BC onsets:  0
BC status:  4924 76 
BC subtype:  4924 58 18 

clinical_engagement 
diagnosis 
demography 
63 new agents 
5 dtreferralsatt5 smreferralsatt69 
disease_progression 
H-positive risk:  813 774 124 1017 371 120 993 378 154 55 149 52 
H-negative risk:  774 813 993 1017 378 371 120 124 149 154 52 55 
New BC onsets:  0
BC status:  4923 77 
BC subtype:  4923 59 18 

clinical_engagement 
diagnosis 
demography 
60 new agents 
9 dtreferralsatt9 smreferralsatt70 
disease_progression 
H-positive risk:  813 772 122 1020 371 119 992 379 155 54 152 51 
H-negative risk:  772 813 992 1020 379 371 119 122 152 155 51 54 
New BC onsets:  0
BC status:  4925 75 
BC subtype:  4925 57 18 

clinical_engagement 
diagnosis 
demography 
65 new agents 
7 dtreferralsatt7 smreferralsatt71 
disease_progression 
H-positive risk:  816 772 123 1021 365 118 993 379 157 52 153 51 
H-negative risk:  772 816 993 1021 379 365 118 123 153 157 51 52 
New BC onsets:  0
BC status:  4925 75 
BC subtype:  4925 57 18 

clinical_engagement 
diagnosis 
demography 
68 new agents 
8 dtreferralsatt8 smreferralsatt72 
disease_progression 
H-positive risk:  815 770 123 1014 364 115 997 388 159 50 152 53 
H-negative risk:  770 815 997 1014 388 364 115 123 152 159 53 50 
New BC onsets:  0
BC status:  4924 76 
BC subtype:  4924 59 17 

clinical_engagement 
diagnosis 
demography 
73 new agents 
11 dtreferralsatt11 smreferralsatt73 
disease_progression 
H-positive risk:  771 731 118 1048 357 105 1051 382 172 52 158 55 
H-negative risk:  731 771 1051 1048 382 357 105 118 158 172 55 52 
New BC onsets:  0
BC status:  4926 74 
BC subtype:  4926 58 16 

clinical_engagement 
diagnosis 
demography 
132 new agents 
15 dtreferralsatt15 smreferralsatt74 
disease_progression 
H-positive risk:  790 730 118 1021 379 112 1029 390 164 55 158 54 
H-negative risk:  730 790 1029 1021 390 379 112 118 158 164 54 55 
New BC onsets:  0
BC status:  4927 73 
BC subtype:  4927 57 16 

clinical_engagement 
diagnosis 
demography 
83 new agents 
11 dtreferralsatt11 smreferralsatt75 
disease_progression 
H-positive risk:  792 735 115 1005 386 115 1023 396 165 55 157 56 
H-negative risk:  735 792 1023 1005 396 386 115 115 157 165 56 55 
New BC onsets:  0
BC status:  4928 72 
BC subtype:  4928 57 15 

clinical_engagement 
diagnosis 
demography 
65 new agents 
16 dtreferralsatt16 smreferralsatt76 
disease_progression 
H-positive risk:  795 730 116 997 391 117 1018 402 166 57 156 55 
H-negative risk:  730 795 1018 997 402 391 117 116 156 166 55 57 
New BC onsets:  0
BC status:  4925 75 
BC subtype:  4925 59 16 

clinical_engagement 
diagnosis 
demography 
78 new agents 
9 dtreferralsatt9 smreferralsatt77 
disease_progression 
H-positive risk:  802 738 115 989 391 118 1009 402 170 56 155 55 
H-negative risk:  738 802 1009 989 402 391 118 115 155 170 55 56 
New BC onsets:  0
BC status:  4925 75 
BC subtype:  4925 60 15 

clinical_engagement 
diagnosis 
demography 
74 new agents 
16 dtreferralsatt16 smreferralsatt78 
disease_progression 
H-positive risk:  806 735 116 984 398 118 1014 395 168 56 151 59 
H-negative risk:  735 806 1014 984 395 398 118 116 151 168 59 56 
New BC onsets:  0
BC status:  4920 80 
BC subtype:  4920 65 15 

clinical_engagement 
diagnosis 
demography 
77 new agents 
7 dtreferralsatt7 smreferralsatt79 
disease_progression 
H-positive risk:  807 734 117 978 393 118 1020 396 169 58 149 61 
H-negative risk:  734 807 1020 978 396 393 118 117 149 169 61 58 
New BC onsets:  0
BC status:  4918 82 
BC subtype:  4918 67 15 

clinical_engagement 
diagnosis 
demography 
58 new agents 
2 dtreferralsatt2 smreferralsatt80 
disease_progression 
H-positive risk:  802 731 117 980 395 117 1024 395 170 58 150 61 
H-negative risk:  731 802 1024 980 395 395 117 117 150 170 61 58 
New BC onsets:  0
BC status:  4917 83 
BC subtype:  4917 68 15 

clinical_engagement 
diagnosis 
demography 
83 new agents 
10 dtreferralsatt10 smreferralsatt81 
disease_progression 
H-positive risk:  805 730 114 987 391 118 1016 400 169 58 151 61 
H-negative risk:  730 805 1016 987 400 391 118 114 151 169 61 58 
New BC onsets:  0
BC status:  4914 86 
BC subtype:  4914 70 16 

clinical_engagement 
diagnosis 
demography 
62 new agents 
13 dtreferralsatt13 smreferralsatt82 
disease_progression 
H-positive risk:  798 731 114 994 382 120 1020 403 167 59 152 60 
H-negative risk:  731 798 1020 994 403 382 120 114 152 167 60 59 
New BC onsets:  0
BC status:  4915 85 
BC subtype:  4915 69 16 

clinical_engagement 
diagnosis 
demography 
69 new agents 
14 dtreferralsatt14 smreferralsatt83 
disease_progression 
H-positive risk:  798 741 113 994 376 120 1018 395 169 58 158 60 
H-negative risk:  741 798 1018 994 395 376 120 113 158 169 60 58 
New BC onsets:  0
BC status:  4914 86 
BC subtype:  4914 70 16 

clinical_engagement 
diagnosis 
demography 
63 new agents 
11 dtreferralsatt11 smreferralsatt84 
disease_progression 
H-positive risk:  798 739 115 1004 370 118 1013 398 169 59 159 58 
H-negative risk:  739 798 1013 1004 398 370 118 115 159 169 58 59 
New BC onsets:  0
BC status:  4915 85 
BC subtype:  4915 69 16 

clinical_engagement 
diagnosis 
demography 
59 new agents 
10 dtreferralsatt10 smreferralsatt85 
disease_progression 
H-positive risk:  761 697 105 1041 370 112 1057 396 178 59 167 57 
H-negative risk:  697 761 1057 1041 396 370 112 105 167 178 57 59 
New BC onsets:  0
BC status:  4916 84 
BC subtype:  4916 69 15 

clinical_engagement 
diagnosis 
demography 
115 new agents 
10 dtreferralsatt10 smreferralsatt86 
disease_progression 
H-positive risk:  751 696 106 1031 393 111 1035 413 183 59 164 58 
H-negative risk:  696 751 1035 1031 413 393 111 106 164 183 58 59 
New BC onsets:  0
BC status:  4914 86 
BC subtype:  4914 71 15 

clinical_engagement 
diagnosis 
demography 
88 new agents 
12 dtreferralsatt12 smreferralsatt87 
disease_progression 
H-positive risk:  750 696 111 1028 402 111 1033 405 180 60 165 59 
H-negative risk:  696 750 1033 1028 405 402 111 111 165 180 59 60 
New BC onsets:  0
BC status:  4914 86 
BC subtype:  4914 72 14 

clinical_engagement 
diagnosis 
demography 
70 new agents 
7 dtreferralsatt7 smreferralsatt88 
disease_progression 
H-positive risk:  755 704 114 1021 393 111 1040 399 180 60 166 57 
H-negative risk:  704 755 1040 1021 399 393 111 114 166 180 57 60 
New BC onsets:  0
BC status:  4912 88 
BC subtype:  4912 73 15 

clinical_engagement 
diagnosis 
demography 
58 new agents 
10 dtreferralsatt10 smreferralsatt89 
disease_progression 
H-positive risk:  762 700 116 1018 389 111 1039 400 179 58 169 59 
H-negative risk:  700 762 1039 1018 400 389 111 116 169 179 59 58 
New BC onsets:  0
BC status:  4911 89 
BC subtype:  4911 74 15 

clinical_engagement 
diagnosis 
demography 
71 new agents 
11 dtreferralsatt11 smreferralsatt90 
disease_progression 
H-positive risk:  767 698 113 1013 388 115 1045 399 177 56 169 60 
H-negative risk:  698 767 1045 1013 399 388 115 113 169 177 60 56 
New BC onsets:  0
BC status:  4909 91 
BC subtype:  4909 74 17 

clinical_engagement 
diagnosis 
demography 
71 new agents 
5 dtreferralsatt5 smreferralsatt91 
disease_progression 
H-positive risk:  766 695 113 1018 385 114 1046 399 176 58 169 61 
H-negative risk:  695 766 1046 1018 399 385 114 113 169 176 61 58 
New BC onsets:  0
BC status:  4908 92 
BC subtype:  4908 73 19 

clinical_engagement 
diagnosis 
demography 
78 new agents 
12 dtreferralsatt12 smreferralsatt92 
disease_progression 
H-positive risk:  767 700 112 1030 380 115 1037 396 174 59 171 59 
H-negative risk:  700 767 1037 1030 396 380 115 112 171 174 59 59 
New BC onsets:  0
BC status:  4910 90 
BC subtype:  4910 71 19 

clinical_engagement 
diagnosis 
demography 
67 new agents 
9 dtreferralsatt9 smreferralsatt93 
disease_progression 
H-positive risk:  763 701 112 1027 378 116 1037 405 176 58 169 58 
H-negative risk:  701 763 1037 1027 405 378 116 112 169 176 58 58 
New BC onsets:  0
BC status:  4908 92 
BC subtype:  4908 73 19 

clinical_engagement 
diagnosis 
demography 
83 new agents 
15 dtreferralsatt15 smreferralsatt94 
disease_progression 
H-positive risk:  773 704 112 1024 376 116 1033 402 178 54 171 57 
H-negative risk:  704 773 1033 1024 402 376 116 112 171 178 57 54 
New BC onsets:  0
BC status:  4912 88 
BC subtype:  4912 69 19 

clinical_engagement 
diagnosis 
demography 
72 new agents 
11 dtreferralsatt11 smreferralsatt95 
disease_progression 
H-positive risk:  775 712 114 1028 369 118 1031 399 176 52 171 55 
H-negative risk:  712 775 1031 1028 399 369 118 114 171 176 55 52 
New BC onsets:  0
BC status:  4909 91 
BC subtype:  4909 72 19 

clinical_engagement 
diagnosis 
demography 
72 new agents 
12 dtreferralsatt12 smreferralsatt96 
disease_progression 
H-positive risk:  776 714 114 1034 363 119 1032 391 176 53 174 54 
H-negative risk:  714 776 1032 1034 391 363 119 114 174 176 54 53 
New BC onsets:  0
BC status:  4908 92 
BC subtype:  4908 72 20 

clinical_engagement 
diagnosis 
demography 
69 new agents 
10 dtreferralsatt10 smreferralsatt97 
disease_progression 
H-positive risk:  752 677 105 1073 360 112 1057 390 182 53 187 52 
H-negative risk:  677 752 1057 1073 390 360 112 105 187 182 52 53 
New BC onsets:  0
BC status:  4904 96 
BC subtype:  4904 76 20 

clinical_engagement 
diagnosis 
demography 
106 new agents 
13 dtreferralsatt13 smreferralsatt98 
disease_progression 
H-positive risk:  751 675 106 1061 372 105 1043 411 182 58 185 51 
H-negative risk:  675 751 1043 1061 411 372 105 106 185 182 51 58 
New BC onsets:  0
BC status:  4909 91 
BC subtype:  4909 72 19 

clinical_engagement 
diagnosis 
demography 
54 new agents 
9 dtreferralsatt9 smreferralsatt99 
disease_progression 
H-positive risk:  755 685 103 1049 376 104 1037 411 183 59 186 52 
H-negative risk:  685 755 1037 1049 411 376 104 103 186 183 52 59 
New BC onsets:  0
BC status:  4908 92 
BC subtype:  4908 73 19 

clinical_engagement 
diagnosis 
demography 
85 new agents 
6 dtreferralsatt6 smreferralsatt100 
disease_progression 
H-positive risk:  761 683 102 1046 370 107 1038 414 184 59 185 51 
H-negative risk:  683 761 1038 1046 414 370 107 102 185 184 51 59 
New BC onsets:  0
BC status:  4907 93 
BC subtype:  4907 73 20 

clinical_engagement 
diagnosis 
demography 
82 new agents 
11 dtreferralsatt11 smreferralsatt101 
disease_progression 
H-positive risk:  758 689 99 1039 378 106 1041 415 180 61 182 52 
H-negative risk:  689 758 1041 1039 415 378 106 99 182 180 52 61 
New BC onsets:  0
BC status:  4904 96 
BC subtype:  4904 76 20 

clinical_engagement 
diagnosis 
demography 
61 new agents 
14 dtreferralsatt14 smreferralsatt102 
disease_progression 
H-positive risk:  759 685 101 1046 383 107 1036 408 179 62 180 54 
H-negative risk:  685 759 1036 1046 408 383 107 101 180 179 54 62 
New BC onsets:  0
BC status:  4905 95 
BC subtype:  4905 75 20 

clinical_engagement 
diagnosis 
demography 
78 new agents 
7 dtreferralsatt7 smreferralsatt103 
disease_progression 
H-positive risk:  758 684 103 1046 380 108 1036 414 178 63 180 50 
H-negative risk:  684 758 1036 1046 414 380 108 103 180 178 50 63 
New BC onsets:  0
BC status:  4906 94 
BC subtype:  4906 74 20 

clinical_engagement 
diagnosis 
demography 
80 new agents 
14 dtreferralsatt14 smreferralsatt104 
disease_progression 
H-positive risk:  755 691 104 1054 372 105 1043 415 177 58 176 50 
H-negative risk:  691 755 1043 1054 415 372 105 104 176 177 50 58 
New BC onsets:  0
BC status:  4904 96 
BC subtype:  4904 76 20 

clinical_engagement 
diagnosis 
demography 
69 new agents 
9 dtreferralsatt9 smreferralsatt105 
disease_progression 
H-positive risk:  750 700 106 1059 373 102 1041 412 176 57 175 49 
H-negative risk:  700 750 1041 1059 412 373 102 106 175 176 49 57 
New BC onsets:  0
BC status:  4906 94 
BC subtype:  4906 75 19 

clinical_engagement 
diagnosis 
demography 
80 new agents 
8 dtreferralsatt8 smreferralsatt106 
disease_progression 
H-positive risk:  755 704 106 1050 377 100 1041 407 175 57 175 53 
H-negative risk:  704 755 1041 1050 407 377 100 106 175 175 53 57 
New BC onsets:  0
BC status:  4909 91 
BC subtype:  4909 73 18 

clinical_engagement 
diagnosis 
demography 
75 new agents 
11 dtreferralsatt11 smreferralsatt107 
disease_progression 
H-positive risk:  753 695 105 1068 379 101 1036 402 175 55 176 55 
H-negative risk:  695 753 1036 1068 402 379 101 105 176 175 55 55 
New BC onsets:  0
BC status:  4907 93 
BC subtype:  4907 75 18 

clinical_engagement 
diagnosis 
demography 
47 new agents 
12 dtreferralsatt12 smreferralsatt108 
disease_progression 
H-positive risk:  752 693 103 1067 377 103 1037 407 176 55 176 54 
H-negative risk:  693 752 1037 1067 407 377 103 103 176 176 54 55 
New BC onsets:  0
BC status:  4908 92 
BC subtype:  4908 74 18 

clinical_engagement 
diagnosis 
demography 
71 new agents 
8 dtreferralsatt8 smreferralsatt109 
disease_progression 
H-positive risk:  719 655 97 1106 372 97 1069 407 180 57 184 57 
H-negative risk:  655 719 1069 1106 407 372 97 97 184 180 57 57 
New BC onsets:  0
BC status:  4911 89 
BC subtype:  4911 71 18 

clinical_engagement 
diagnosis 
demography 
104 new agents 
17 dtreferralsatt17 smreferralsatt110 
disease_progression 
H-positive risk:  726 658 93 1093 369 97 1067 414 182 58 183 60 
H-negative risk:  658 726 1067 1093 414 369 97 93 183 182 60 58 
New BC onsets:  0
BC status:  4911 89 
BC subtype:  4911 69 20 

clinical_engagement 
diagnosis 
demography 
74 new agents 
8 dtreferralsatt8 smreferralsatt111 
disease_progression 
H-positive risk:  732 647 90 1093 373 96 1069 415 181 59 184 61 
H-negative risk:  647 732 1069 1093 415 373 96 90 184 181 61 59 
New BC onsets:  0
BC status:  4907 93 
BC subtype:  4907 71 22 

clinical_engagement 
diagnosis 
demography 
86 new agents 
9 dtreferralsatt9 smreferralsatt112 
disease_progression 
H-positive risk:  730 655 89 1097 372 99 1062 417 182 58 179 60 
H-negative risk:  655 730 1062 1097 417 372 99 89 179 182 60 58 
New BC onsets:  0
BC status:  4904 96 
BC subtype:  4904 74 22 

clinical_engagement 
diagnosis 
demography 
81 new agents 
13 dtreferralsatt13 smreferralsatt113 
disease_progression 
H-positive risk:  739 653 91 1099 375 96 1060 408 183 58 177 61 
H-negative risk:  653 739 1060 1099 408 375 96 91 177 183 61 58 
New BC onsets:  0
BC status:  4905 95 
BC subtype:  4905 74 21 

clinical_engagement 
diagnosis 
demography 
77 new agents 
11 dtreferralsatt11 smreferralsatt114 
disease_progression 
H-positive risk:  752 655 87 1098 377 94 1051 409 185 57 177 58 
H-negative risk:  655 752 1051 1098 409 377 94 87 177 185 58 57 
New BC onsets:  0
BC status:  4904 96 
BC subtype:  4904 75 21 

clinical_engagement 
diagnosis 
demography 
90 new agents 
11 dtreferralsatt11 smreferralsatt115 
disease_progression 
H-positive risk:  760 657 88 1094 382 94 1047 399 187 57 177 58 
H-negative risk:  657 760 1047 1094 399 382 94 88 177 187 58 57 
New BC onsets:  0
BC status:  4905 95 
BC subtype:  4905 75 20 

clinical_engagement 
diagnosis 
demography 
73 new agents 
9 dtreferralsatt9 smreferralsatt116 
disease_progression 
H-positive risk:  761 651 88 1094 380 95 1055 399 187 55 174 61 
H-negative risk:  651 761 1055 1094 399 380 95 88 174 187 61 55 
New BC onsets:  0
BC status:  4905 95 
BC subtype:  4905 75 20 

clinical_engagement 
diagnosis 
demography 
72 new agents 
10 dtreferralsatt10 smreferralsatt117 
disease_progression 
H-positive risk:  766 651 87 1090 385 98 1052 397 186 54 176 58 
H-negative risk:  651 766 1052 1090 397 385 98 87 176 186 58 54 
New BC onsets:  0
BC status:  4904 96 
BC subtype:  4904 75 21 

clinical_engagement 
diagnosis 
demography 
64 new agents 
6 dtreferralsatt6 smreferralsatt118 
disease_progression 
H-positive risk:  765 647 85 1090 385 99 1062 394 186 52 178 57 
H-negative risk:  647 765 1062 1090 394 385 99 85 178 186 57 52 
New BC onsets:  0
BC status:  4904 96 
BC subtype:  4904 73 23 

clinical_engagement 
diagnosis 
demography 
86 new agents 
11 dtreferralsatt11 smreferralsatt119 
disease_progression 
H-positive risk:  759 648 85 1095 378 99 1070 391 185 53 179 58 
H-negative risk:  648 759 1070 1095 391 378 99 85 179 185 58 53 
New BC onsets:  0
BC status:  4903 97 
BC subtype:  4903 75 22 

clinical_engagement 
diagnosis 
demography 
74 new agents 
11 dtreferralsatt11 smreferralsatt120 
disease_progression 
H-positive risk:  753 655 84 1097 377 101 1065 390 190 50 181 57 
H-negative risk:  655 753 1065 1097 390 377 101 84 181 190 57 50 
New BC onsets:  0
BC status:  4903 97 
BC subtype:  4903 75 22 

clinical_engagement 
diagnosis 
demography 
68 new agents 
11 dtreferralsatt11 smreferralsatt121 
disease_progression 
H-positive risk:  718 612 84 1141 375 91 1106 389 199 47 180 58 
H-negative risk:  612 718 1106 1141 389 375 91 84 180 199 58 47 
New BC onsets:  0
BC status:  4903 97 
BC subtype:  4903 75 22 

clinical_engagement 
diagnosis 
demography 
99 new agents 
15 dtreferralsatt15 smreferralsatt122 
disease_progression 
H-positive risk:  709 610 88 1143 377 93 1099 405 199 45 171 61 
H-negative risk:  610 709 1099 1143 405 377 93 88 171 199 61 45 
New BC onsets:  0
BC status:  4905 95 
BC subtype:  4905 74 21 

clinical_engagement 
diagnosis 
demography 
74 new agents 
12 dtreferralsatt12 smreferralsatt123 
disease_progression 
H-positive risk:  699 619 88 1145 373 95 1099 406 199 42 170 65 
H-negative risk:  619 699 1099 1145 406 373 95 88 170 199 65 42 
New BC onsets:  0
BC status:  4905 95 
BC subtype:  4905 75 20 

clinical_engagement 
diagnosis 
demography 
72 new agents 
9 dtreferralsatt9 smreferralsatt124 
disease_progression 
H-positive risk:  700 610 86 1150 377 96 1104 407 198 42 170 60 
H-negative risk:  610 700 1104 1150 407 377 96 86 170 198 60 42 
New BC onsets:  0
BC status:  4908 92 
BC subtype:  4908 74 18 

clinical_engagement 
diagnosis 
demography 
66 new agents 
9 dtreferralsatt9 smreferralsatt125 
disease_progression 
H-positive risk:  696 610 87 1159 376 97 1101 404 191 47 174 58 
H-negative risk:  610 696 1101 1159 404 376 97 87 174 191 58 47 
New BC onsets:  0
BC status:  4909 91 
BC subtype:  4909 73 18 

clinical_engagement 
diagnosis 
demography 
81 new agents 
12 dtreferralsatt12 smreferralsatt126 
disease_progression 
H-positive risk:  697 606 84 1161 371 96 1104 407 189 49 176 60 
H-negative risk:  606 697 1104 1161 407 371 96 84 176 189 60 49 
New BC onsets:  0
BC status:  4908 92 
BC subtype:  4908 75 17 

clinical_engagement 
diagnosis 
demography 
91 new agents 
12 dtreferralsatt12 smreferralsatt127 
disease_progression 
H-positive risk:  702 606 82 1164 370 99 1095 409 183 50 183 57 
H-negative risk:  606 702 1095 1164 409 370 99 82 183 183 57 50 
New BC onsets:  0
BC status:  4912 88 
BC subtype:  4912 72 16 

clinical_engagement 
diagnosis 
demography 
76 new agents 
11 dtreferralsatt11 smreferralsatt128 
disease_progression 
H-positive risk:  710 616 84 1164 361 98 1089 409 184 46 182 57 
H-negative risk:  616 710 1089 1164 409 361 98 84 182 184 57 46 
New BC onsets:  0
BC status:  4912 88 
BC subtype:  4912 73 15 

clinical_engagement 
diagnosis 
demography 
76 new agents 
14 dtreferralsatt14 smreferralsatt129 
disease_progression 
H-positive risk:  707 620 87 1164 360 98 1093 404 184 45 179 59 
H-negative risk:  620 707 1093 1164 404 360 98 87 179 184 59 45 
New BC onsets:  0
BC status:  4912 88 
BC subtype:  4912 74 14 

clinical_engagement 
diagnosis 
demography 
66 new agents 
7 dtreferralsatt7 smreferralsatt130 
disease_progression 
H-positive risk:  707 615 94 1162 367 97 1088 406 183 44 180 57 
H-negative risk:  615 707 1088 1162 406 367 97 94 180 183 57 44 
New BC onsets:  0
BC status:  4911 89 
BC subtype:  4911 75 14 

clinical_engagement 
diagnosis 
demography 
85 new agents 
16 dtreferralsatt16 smreferralsatt131 
disease_progression 
H-positive risk:  703 619 94 1172 369 94 1077 405 181 46 184 56 
H-negative risk:  619 703 1077 1172 405 369 94 94 184 181 56 46 
New BC onsets:  0
BC status:  4915 85 
BC subtype:  4915 71 14 

clinical_engagement 
diagnosis 
demography 
72 new agents 
8 dtreferralsatt8 smreferralsatt132 
disease_progression 
H-positive risk:  704 617 94 1177 377 95 1069 402 179 48 181 57 
H-negative risk:  617 704 1069 1177 402 377 95 94 181 179 57 48 
New BC onsets:  0
BC status:  4914 86 
BC subtype:  4914 71 15 

clinical_engagement 
diagnosis 
demography 
76 new agents 
10 dtreferralsatt10 smreferralsatt133 
disease_progression 
H-positive risk:  703 620 95 1170 372 97 1079 401 176 50 180 57 
H-negative risk:  620 703 1079 1170 401 372 97 95 180 176 57 50 
New BC onsets:  0
BC status:  4914 86 
BC subtype:  4914 72 14 

clinical_engagement 
diagnosis 
demography 
80 new agents 
9 dtreferralsatt9 smreferralsatt134 
disease_progression 
H-positive risk:  702 622 96 1156 384 97 1071 408 180 48 176 60 
H-negative risk:  622 702 1071 1156 408 384 97 96 176 180 60 48 
New BC onsets:  0
BC status:  4916 84 
BC subtype:  4916 71 13 

clinical_engagement 
diagnosis 
demography 
81 new agents 
9 dtreferralsatt9 smreferralsatt135 
disease_progression 
H-positive risk:  710 623 99 1161 377 97 1066 408 179 49 174 57 
H-negative risk:  623 710 1066 1161 408 377 97 99 174 179 57 49 
New BC onsets:  0
BC status:  4916 84 
BC subtype:  4916 70 14 

clinical_engagement 
diagnosis 
demography 
87 new agents 
8 dtreferralsatt8 smreferralsatt136 
disease_progression 
H-positive risk:  708 633 98 1171 368 95 1072 398 179 47 176 55 
H-negative risk:  633 708 1072 1171 398 368 95 98 176 179 55 47 
New BC onsets:  0
BC status:  4914 86 
BC subtype:  4914 74 12 

clinical_engagement 
diagnosis 
demography 
83 new agents 
5 dtreferralsatt5 smreferralsatt137 
disease_progression 
H-positive risk:  703 631 97 1171 366 99 1079 396 177 48 179 54 
H-negative risk:  631 703 1079 1171 396 366 99 97 179 177 54 48 
New BC onsets:  0
BC status:  4914 86 
BC subtype:  4914 74 12 

clinical_engagement 
diagnosis 
demography 
84 new agents 
12 dtreferralsatt12 smreferralsatt138 
disease_progression 
H-positive risk:  702 630 98 1170 361 101 1088 393 176 48 179 54 
H-negative risk:  630 702 1088 1170 393 361 101 98 179 176 54 48 
New BC onsets:  0
BC status:  4913 87 
BC subtype:  4913 76 11 

clinical_engagement 
diagnosis 
demography 
76 new agents 
8 dtreferralsatt8 smreferralsatt139 
disease_progression 
H-positive risk:  701 629 98 1175 350 100 1093 397 176 45 180 56 
H-negative risk:  629 701 1093 1175 397 350 100 98 180 176 56 45 
New BC onsets:  0
BC status:  4911 89 
BC subtype:  4911 78 11 

clinical_engagement 
diagnosis 
demography 
76 new agents 
6 dtreferralsatt6 smreferralsatt140 
disease_progression 
H-positive risk:  704 629 100 1171 348 103 1082 402 177 49 179 56 
H-negative risk:  629 704 1082 1171 402 348 103 100 179 177 56 49 
New BC onsets:  0
BC status:  4911 89 
BC subtype:  4911 77 12 

clinical_engagement 
diagnosis 
demography 
63 new agents 
3 dtreferralsatt3 smreferralsatt141 
disease_progression 
H-positive risk:  699 633 99 1163 351 105 1090 401 176 47 180 56 
H-negative risk:  633 699 1090 1163 401 351 105 99 180 176 56 47 
New BC onsets:  0
BC status:  4909 91 
BC subtype:  4909 78 13 

clinical_engagement 
diagnosis 
demography 
72 new agents 
11 dtreferralsatt11 smreferralsatt142 
disease_progression 
H-positive risk:  700 636 98 1161 351 102 1093 397 178 48 178 58 
H-negative risk:  636 700 1093 1161 397 351 102 98 178 178 58 48 
New BC onsets:  0
BC status:  4905 95 
BC subtype:  4905 80 15 

clinical_engagement 
diagnosis 
demography 
78 new agents 
12 dtreferralsatt12 smreferralsatt143 
disease_progression 
H-positive risk:  707 633 97 1158 353 98 1093 392 179 51 179 60 
H-negative risk:  633 707 1093 1158 392 353 98 97 179 179 60 51 
New BC onsets:  0
BC status:  4904 96 
BC subtype:  4904 79 17 

clinical_engagement 
diagnosis 
demography 
69 new agents 
11 dtreferralsatt11 smreferralsatt144 
disease_progression 
H-positive risk:  712 636 99 1149 353 97 1094 389 180 53 179 59 
H-negative risk:  636 712 1094 1149 389 353 97 99 179 180 59 53 
New BC onsets:  0
BC status:  4901 99 
BC subtype:  4901 80 19 

clinical_engagement 
diagnosis 
demography 
83 new agents 
13 dtreferralsatt13 smreferralsatt145 
disease_progression 
H-positive risk:  722 646 100 1143 353 99 1080 385 181 54 178 59 
H-negative risk:  646 722 1080 1143 385 353 99 100 178 181 59 54 
New BC onsets:  0
BC status:  4902 98 
BC subtype:  4902 80 18 

clinical_engagement 
diagnosis 
demography 
99 new agents 
14 dtreferralsatt14 smreferralsatt146 
disease_progression 
H-positive risk:  725 642 99 1131 369 99 1079 379 177 60 177 63 
H-negative risk:  642 725 1079 1131 379 369 99 99 177 177 63 60 
New BC onsets:  0
BC status:  4902 98 
BC subtype:  4902 80 18 

clinical_engagement 
diagnosis 
demography 
74 new agents 
16 dtreferralsatt16 smreferralsatt147 
disease_progression 
H-positive risk:  731 643 99 1122 368 99 1074 383 178 62 178 63 
H-negative risk:  643 731 1074 1122 383 368 99 99 178 178 63 62 
New BC onsets:  0
BC status:  4902 98 
BC subtype:  4902 80 18 

clinical_engagement 
diagnosis 
demography 
65 new agents 
7 dtreferralsatt7 smreferralsatt148 
disease_progression 
H-positive risk:  739 639 99 1124 363 100 1081 374 178 62 176 65 
H-negative risk:  639 739 1081 1124 374 363 100 99 176 178 65 62 
New BC onsets:  0
BC status:  4904 96 
BC subtype:  4904 78 18 

clinical_engagement 
diagnosis 
demography 
83 new agents 
5 dtreferralsatt5 smreferralsatt149 
disease_progression 
H-positive risk:  732 647 97 1114 369 103 1085 372 179 61 177 64 
H-negative risk:  647 732 1085 1114 372 369 103 97 177 179 64 61 
New BC onsets:  0
BC status:  4904 96 
BC subtype:  4904 76 20 

clinical_engagement 
diagnosis 
demography 
58 new agents 
11 dtreferralsatt11 smreferralsatt150 
disease_progression 
H-positive risk:  727 651 97 1110 368 105 1097 365 179 61 176 64 
H-negative risk:  651 727 1097 1110 365 368 105 97 176 179 64 61 
New BC onsets:  0
BC status:  4902 98 
BC subtype:  4902 78 20 

clinical_engagement 
diagnosis 
demography 
76 new agents 
7 dtreferralsatt7 smreferralsatt151 
disease_progression 
H-positive risk:  722 650 99 1104 365 105 1105 374 175 62 175 64 
H-negative risk:  650 722 1105 1104 374 365 105 99 175 175 64 62 
New BC onsets:  0
BC status:  4903 97 
BC subtype:  4903 78 19 

clinical_engagement 
diagnosis 
demography 
84 new agents 
8 dtreferralsatt8 smreferralsatt152 
disease_progression 
H-positive risk:  722 650 97 1106 364 107 1106 366 178 60 181 63 
H-negative risk:  650 722 1106 1106 366 364 107 97 181 178 63 60 
New BC onsets:  0
BC status:  4902 98 
BC subtype:  4902 79 19 

clinical_engagement 
diagnosis 
demography 
62 new agents 
19 dtreferralsatt19 smreferralsatt153 
disease_progression 
H-positive risk:  724 648 95 1097 376 107 1108 364 179 59 181 62 
H-negative risk:  648 724 1108 1097 364 376 107 95 181 179 62 59 
New BC onsets:  0
BC status:  4901 99 
BC subtype:  4901 79 20 

clinical_engagement 
diagnosis 
demography 
80 new agents 
14 dtreferralsatt14 smreferralsatt154 
disease_progression 
H-positive risk:  733 654 97 1098 373 109 1102 362 179 58 176 59 
H-negative risk:  654 733 1102 1098 362 373 109 97 176 179 59 58 
New BC onsets:  0
BC status:  4897 103 
BC subtype:  4897 81 22 

clinical_engagement 
diagnosis 
demography 
78 new agents 
9 dtreferralsatt9 smreferralsatt155 
disease_progression 
H-positive risk:  729 661 97 1095 372 111 1103 361 178 60 174 59 
H-negative risk:  661 729 1103 1095 361 372 111 97 174 178 59 60 
New BC onsets:  0
BC status:  4896 104 
BC subtype:  4896 82 22 

clinical_engagement 
diagnosis 
demography 
71 new agents 
12 dtreferralsatt12 smreferralsatt156 
disease_progression 
H-positive risk:  724 662 97 1093 370 112 1103 366 178 63 175 57 
H-negative risk:  662 724 1103 1093 366 370 112 97 175 178 57 63 
New BC onsets:  0
BC status:  4897 103 
BC subtype:  4897 81 22 

clinical_engagement 
diagnosis 
demography 
73 new agents 
12 dtreferralsatt12 smreferralsatt157 
disease_progression 
H-positive risk:  718 666 98 1097 366 114 1110 362 173 65 173 58 
H-negative risk:  666 718 1110 1097 362 366 114 98 173 173 58 65 
New BC onsets:  0
BC status:  4896 104 
BC subtype:  4896 82 22 

clinical_engagement 
diagnosis 
demography 
95 new agents 
7 dtreferralsatt7 smreferralsatt158 
disease_progression 
H-positive risk:  721 666 98 1089 380 114 1097 370 170 63 173 59 
H-negative risk:  666 721 1097 1089 370 380 114 98 173 170 59 63 
New BC onsets:  0
BC status:  4900 100 
BC subtype:  4900 79 21 

clinical_engagement 
diagnosis 
demography 
72 new agents 
14 dtreferralsatt14 smreferralsatt159 
disease_progression 
H-positive risk:  722 664 96 1086 378 113 1099 377 171 66 169 59 
H-negative risk:  664 722 1099 1086 377 378 113 96 169 171 59 66 
New BC onsets:  0
BC status:  4898 102 
BC subtype:  4898 78 24 

clinical_engagement 
diagnosis 
demography 
79 new agents 
13 dtreferralsatt13 smreferralsatt160 
disease_progression 
H-positive risk:  726 668 94 1078 380 112 1104 373 171 64 167 63 
H-negative risk:  668 726 1104 1078 373 380 112 94 167 171 63 64 
New BC onsets:  0
BC status:  4900 100 
BC subtype:  4900 77 23 

clinical_engagement 
diagnosis 
demography 
69 new agents 
7 dtreferralsatt7 smreferralsatt161 
disease_progression 
H-positive risk:  728 664 93 1067 383 108 1114 369 173 65 172 64 
H-negative risk:  664 728 1114 1067 369 383 108 93 172 173 64 65 
New BC onsets:  0
BC status:  4901 99 
BC subtype:  4901 77 22 

clinical_engagement 
diagnosis 
demography 
78 new agents 
8 dtreferralsatt8 smreferralsatt162 
disease_progression 
H-positive risk:  729 657 92 1070 385 108 1110 375 175 63 171 65 
H-negative risk:  657 729 1110 1070 375 385 108 92 171 175 65 63 
New BC onsets:  0
BC status:  4901 99 
BC subtype:  4901 77 22 

clinical_engagement 
diagnosis 
demography 
77 new agents 
12 dtreferralsatt12 smreferralsatt163 
disease_progression 
H-positive risk:  733 656 91 1081 388 110 1086 382 174 63 171 65 
H-negative risk:  656 733 1086 1081 382 388 110 91 171 174 65 63 
New BC onsets:  0
BC status:  4900 100 
BC subtype:  4900 78 22 

clinical_engagement 
diagnosis 
demography 
67 new agents 
15 dtreferralsatt15 smreferralsatt164 
disease_progression 
H-positive risk:  738 650 87 1080 388 110 1087 384 173 61 174 68 
H-negative risk:  650 738 1087 1080 384 388 110 87 174 173 68 61 
New BC onsets:  0
BC status:  4901 99 
BC subtype:  4901 77 22 

clinical_engagement 
diagnosis 
demography 
71 new agents 
9 dtreferralsatt9 smreferralsatt165 
disease_progression 
H-positive risk:  738 644 87 1089 384 110 1089 388 170 62 171 68 
H-negative risk:  644 738 1089 1089 388 384 110 87 171 170 68 62 
New BC onsets:  0
BC status:  4898 102 
BC subtype:  4898 79 23 

clinical_engagement 
diagnosis 
demography 
63 new agents 
7 dtreferralsatt7 smreferralsatt166 
disease_progression 
H-positive risk:  737 653 85 1090 382 106 1097 379 171 62 168 70 
H-negative risk:  653 737 1097 1090 379 382 106 85 168 171 70 62 
New BC onsets:  0
BC status:  4897 103 
BC subtype:  4897 82 21 

clinical_engagement 
diagnosis 
demography 
79 new agents 
13 dtreferralsatt13 smreferralsatt167 
disease_progression 
H-positive risk:  732 658 85 1087 382 107 1102 374 171 63 166 73 
H-negative risk:  658 732 1102 1087 374 382 107 85 166 171 73 63 
New BC onsets:  0
BC status:  4895 105 
BC subtype:  4895 84 21 

clinical_engagement 
diagnosis 
demography 
83 new agents 
8 dtreferralsatt8 smreferralsatt168 
disease_progression 
H-positive risk:  729 657 85 1090 382 105 1102 375 171 64 168 72 
H-negative risk:  657 729 1102 1090 375 382 105 85 168 171 72 64 
New BC onsets:  0
BC status:  4897 103 
BC subtype:  4897 82 21 

clinical_engagement 
diagnosis 
demography 
66 new agents 
13 dtreferralsatt13 smreferralsatt169 
disease_progression 
H-positive risk:  723 657 85 1092 385 104 1100 378 166 68 168 74 
H-negative risk:  657 723 1100 1092 378 385 104 85 168 166 74 68 
New BC onsets:  0
BC status:  4899 101 
BC subtype:  4899 80 21 

clinical_engagement 
diagnosis 
demography 
83 new agents 
14 dtreferralsatt14 smreferralsatt170 
disease_progression 
H-positive risk:  718 654 83 1083 395 101 1099 387 168 66 166 80 
H-negative risk:  654 718 1099 1083 387 395 101 83 166 168 80 66 
New BC onsets:  0
BC status:  4895 105 
BC subtype:  4895 84 21 

clinical_engagement 
diagnosis 
demography 
78 new agents 
6 dtreferralsatt6 smreferralsatt171 
disease_progression 
H-positive risk:  722 656 85 1085 394 101 1088 392 169 64 165 79 
H-negative risk:  656 722 1088 1085 392 394 101 85 165 169 79 64 
New BC onsets:  0
BC status:  4894 106 
BC subtype:  4894 85 21 

clinical_engagement 
diagnosis 
demography 
70 new agents 
8 dtreferralsatt8 smreferralsatt172 
disease_progression 
H-positive risk:  713 657 85 1080 400 97 1095 391 173 65 163 81 
H-negative risk:  657 713 1095 1080 391 400 97 85 163 173 81 65 
New BC onsets:  0
BC status:  4891 109 
BC subtype:  4891 87 22 

clinical_engagement 
diagnosis 
demography 
75 new agents 
13 dtreferralsatt13 smreferralsatt173 
disease_progression 
H-positive risk:  721 662 82 1073 411 98 1082 391 175 63 163 79 
H-negative risk:  662 721 1082 1073 391 411 98 82 163 175 79 63 
New BC onsets:  0
BC status:  4892 108 
BC subtype:  4892 86 22 

clinical_engagement 
diagnosis 
demography 
95 new agents 
11 dtreferralsatt11 smreferralsatt174 
disease_progression 
H-positive risk:  723 662 82 1069 408 99 1085 390 175 65 162 80 
H-negative risk:  662 723 1085 1069 390 408 99 82 162 175 80 65 
New BC onsets:  0
BC status:  4894 106 
BC subtype:  4894 85 21 

clinical_engagement 
diagnosis 
demography 
75 new agents 
7 dtreferralsatt7 smreferralsatt175 
disease_progression 
H-positive risk:  723 666 82 1069 404 103 1086 393 171 66 159 78 
H-negative risk:  666 723 1086 1069 393 404 103 82 159 171 78 66 
New BC onsets:  0
BC status:  4893 107 
BC subtype:  4893 86 21 

clinical_engagement 
diagnosis 
demography 
76 new agents 
9 dtreferralsatt9 smreferralsatt176 
disease_progression 
H-positive risk:  731 669 80 1068 397 104 1091 386 173 64 160 77 
H-negative risk:  669 731 1091 1068 386 397 104 80 160 173 77 64 
New BC onsets:  0
BC status:  4896 104 
BC subtype:  4896 84 20 

clinical_engagement 
diagnosis 
demography 
79 new agents 
16 dtreferralsatt16 smreferralsatt177 
disease_progression 
H-positive risk:  739 666 80 1066 391 103 1089 387 176 64 155 84 
H-negative risk:  666 739 1089 1066 387 391 103 80 155 176 84 64 
New BC onsets:  0
BC status:  4897 103 
BC subtype:  4897 83 20 

clinical_engagement 
diagnosis 
demography 
81 new agents 
8 dtreferralsatt8 smreferralsatt178 
disease_progression 
H-positive risk:  726 675 81 1056 395 104 1103 389 173 61 155 82 
H-negative risk:  675 726 1103 1056 389 395 104 81 155 173 82 61 
New BC onsets:  0
BC status:  4895 105 
BC subtype:  4895 83 22 

clinical_engagement 
diagnosis 
demography 
82 new agents 
10 dtreferralsatt10 smreferralsatt179 
disease_progression 
H-positive risk:  731 677 83 1048 391 106 1108 384 174 61 156 81 
H-negative risk:  677 731 1108 1048 384 391 106 83 156 174 81 61 
New BC onsets:  0
BC status:  4895 105 
BC subtype:  4895 84 21 

clinical_engagement 
diagnosis 
demography 
64 new agents 
8 dtreferralsatt8 smreferralsatt180 
disease_progression 
H-positive risk:  732 672 82 1053 385 106 1109 388 172 63 157 81 
H-negative risk:  672 732 1109 1053 388 385 106 82 157 172 81 63 
New BC onsets:  0
BC status:  4900 100 
BC subtype:  4900 78 22 

clinical_engagement 
diagnosis 
demography 
73 new agents 
9 dtreferralsatt9 smreferralsatt181 
disease_progression 
H-positive risk:  725 670 83 1067 380 104 1111 382 174 65 158 81 
H-negative risk:  670 725 1111 1067 382 380 104 83 158 174 81 65 
New BC onsets:  0
BC status:  4895 105 
BC subtype:  4895 83 22 

clinical_engagement 
diagnosis 
demography 
77 new agents 
8 dtreferralsatt8 smreferralsatt182 
disease_progression 
H-positive risk:  723 670 85 1055 384 102 1114 387 176 69 156 79 
H-negative risk:  670 723 1114 1055 387 384 102 85 156 176 79 69 
New BC onsets:  0
BC status:  4897 103 
BC subtype:  4897 80 23 

clinical_engagement 
diagnosis 
demography 
59 new agents 
7 dtreferralsatt7 smreferralsatt183 
disease_progression 
H-positive risk:  719 670 82 1050 387 106 1117 394 173 69 159 74 
H-negative risk:  670 719 1117 1050 394 387 106 82 159 173 74 69 
New BC onsets:  0
BC status:  4896 104 
BC subtype:  4896 80 24 

clinical_engagement 
diagnosis 
demography 
70 new agents 
11 dtreferralsatt11 smreferralsatt184 
disease_progression 
H-positive risk:  719 669 79 1055 386 106 1115 390 171 74 163 73 
H-negative risk:  669 719 1115 1055 390 386 106 79 163 171 73 74 
New BC onsets:  0
BC status:  4896 104 
BC subtype:  4896 80 24 

clinical_engagement 
diagnosis 
demography 
66 new agents 
8 dtreferralsatt8 smreferralsatt185 
disease_progression 
H-positive risk:  716 669 80 1063 381 104 1116 392 166 76 164 73 
H-negative risk:  669 716 1116 1063 392 381 104 80 164 166 73 76 
New BC onsets:  0
BC status:  4898 102 
BC subtype:  4898 78 24 

clinical_engagement 
diagnosis 
demography 
68 new agents 
14 dtreferralsatt14 smreferralsatt186 
disease_progression 
H-positive risk:  708 671 79 1059 380 106 1121 401 164 76 164 71 
H-negative risk:  671 708 1121 1059 401 380 106 79 164 164 71 76 
New BC onsets:  0
BC status:  4897 103 
BC subtype:  4897 79 24 

clinical_engagement 
diagnosis 
demography 
62 new agents 
11 dtreferralsatt11 smreferralsatt187 
disease_progression 
H-positive risk:  698 674 78 1056 387 106 1119 409 165 72 167 69 
H-negative risk:  674 698 1119 1056 409 387 106 78 167 165 69 72 
New BC onsets:  0
BC status:  4895 105 
BC subtype:  4895 81 24 

clinical_engagement 
diagnosis 
demography 
71 new agents 
6 dtreferralsatt6 smreferralsatt188 
disease_progression 
H-positive risk:  691 671 78 1062 388 106 1126 409 166 69 166 68 
H-negative risk:  671 691 1126 1062 409 388 106 78 166 166 68 69 
New BC onsets:  0
BC status:  4895 105 
BC subtype:  4895 80 25 

clinical_engagement 
diagnosis 
demography 
75 new agents 
9 dtreferralsatt9 smreferralsatt189 
disease_progression 
H-positive risk:  694 665 78 1062 388 107 1128 413 167 65 165 68 
H-negative risk:  665 694 1128 1062 413 388 107 78 165 167 68 65 
New BC onsets:  0
BC status:  4895 105 
BC subtype:  4895 81 24 

clinical_engagement 
diagnosis 
demography 
75 new agents 
8 dtreferralsatt8 smreferralsatt190 
disease_progression 
H-positive risk:  694 666 77 1064 387 109 1117 420 164 63 169 70 
H-negative risk:  666 694 1117 1064 420 387 109 77 169 164 70 63 
New BC onsets:  0
BC status:  4897 103 
BC subtype:  4897 80 23 

clinical_engagement 
diagnosis 
demography 
76 new agents 
5 dtreferralsatt5 smreferralsatt191 
disease_progression 
H-positive risk:  705 666 78 1064 382 108 1108 420 164 64 171 70 
H-negative risk:  666 705 1108 1064 420 382 108 78 171 164 70 64 
New BC onsets:  0
BC status:  4896 104 
BC subtype:  4896 80 24 

clinical_engagement 
diagnosis 
demography 
79 new agents 
10 dtreferralsatt10 smreferralsatt192 
disease_progression 
H-positive risk:  709 661 79 1063 379 111 1111 418 167 61 170 71 
H-negative risk:  661 709 1111 1063 418 379 111 79 170 167 71 61 
New BC onsets:  0
BC status:  4899 101 
BC subtype:  4899 77 24 

clinical_engagement 
diagnosis 
demography 
61 new agents 
15 dtreferralsatt15 smreferralsatt193 
disease_progression 
H-positive risk:  700 652 79 1076 381 111 1111 416 169 62 168 75 
H-negative risk:  652 700 1111 1076 416 381 111 79 168 169 75 62 
New BC onsets:  0
BC status:  4899 101 
BC subtype:  4899 77 24 

clinical_engagement 
diagnosis 
demography 
85 new agents 
7 dtreferralsatt7 smreferralsatt194 
disease_progression 
H-positive risk:  699 651 78 1083 379 113 1105 421 168 64 167 72 
H-negative risk:  651 699 1105 1083 421 379 113 78 167 168 72 64 
New BC onsets:  0
BC status:  4902 98 
BC subtype:  4902 75 23 

clinical_engagement 
diagnosis 
demography 
71 new agents 
7 dtreferralsatt7 smreferralsatt195 
disease_progression 
H-positive risk:  705 650 78 1088 380 115 1095 422 166 63 167 71 
H-negative risk:  650 705 1095 1088 422 380 115 78 167 166 71 63 
New BC onsets:  0
BC status:  4902 98 
BC subtype:  4902 75 23 

clinical_engagement 
diagnosis 
demography 
75 new agents 
7 dtreferralsatt7 smreferralsatt196 
disease_progression 
H-positive risk:  698 651 78 1092 368 113 1110 422 169 62 166 71 
H-negative risk:  651 698 1110 1092 422 368 113 78 166 169 71 62 
New BC onsets:  0
BC status:  4899 101 
BC subtype:  4899 78 23 

clinical_engagement 
diagnosis 
demography 
86 new agents 
13 dtreferralsatt13 smreferralsatt197 
disease_progression 
H-positive risk:  693 664 81 1091 373 115 1106 418 164 62 163 70 
H-negative risk:  664 693 1106 1091 418 373 115 81 163 164 70 62 
New BC onsets:  0
BC status:  4899 101 
BC subtype:  4899 78 23 

clinical_engagement 
diagnosis 
demography 
95 new agents 
15 dtreferralsatt15 smreferralsatt198 
disease_progression 
H-positive risk:  689 668 82 1097 372 116 1102 421 162 60 162 69 
H-negative risk:  668 689 1102 1097 421 372 116 82 162 162 69 60 
New BC onsets:  0
BC status:  4899 101 
BC subtype:  4899 76 25 

clinical_engagement 
diagnosis 
demography 
75 new agents 
11 dtreferralsatt11 smreferralsatt199 
disease_progression 
H-positive risk:  684 670 83 1092 375 118 1110 418 162 61 159 68 
H-negative risk:  670 684 1110 1092 418 375 118 83 159 162 68 61 
New BC onsets:  0
BC status:  4895 105 
BC subtype:  4895 76 29 

clinical_engagement 
diagnosis 
demography 
82 new agents 
11 dtreferralsatt11 smreferralsatt200 
disease_progression 
H-positive risk:  700 666 84 1094 370 120 1095 425 162 63 156 65 
H-negative risk:  666 700 1095 1094 425 370 120 84 156 162 65 63 
New BC onsets:  0
BC status:  4893 107 
BC subtype:  4893 79 28 

clinical_engagement 
diagnosis 
demography 
50 new agents 
14 dtreferralsatt14 smreferralsatt201 
disease_progression 
H-positive risk:  703 659 85 1096 378 121 1092 422 162 61 154 67 
H-negative risk:  659 703 1092 1096 422 378 121 85 154 162 67 61 
New BC onsets:  0
BC status:  4895 105 
BC subtype:  4895 77 28 

clinical_engagement 
diagnosis 
demography 
83 new agents 
12 dtreferralsatt12 smreferralsatt202 
disease_progression 
H-positive risk:  703 662 83 1099 380 122 1096 411 162 62 155 65 
H-negative risk:  662 703 1096 1099 411 380 122 83 155 162 65 62 
New BC onsets:  0
BC status:  4893 107 
BC subtype:  4893 79 28 

clinical_engagement 
diagnosis 
demography 
80 new agents 
10 dtreferralsatt10 smreferralsatt203 
disease_progression 
H-positive risk:  707 660 81 1100 389 120 1094 406 159 61 157 66 
H-negative risk:  660 707 1094 1100 406 389 120 81 157 159 66 61 
New BC onsets:  0
BC status:  4897 103 
BC subtype:  4897 77 26 

clinical_engagement 
diagnosis 
demography 
77 new agents 
11 dtreferralsatt11 smreferralsatt204 
disease_progression 
H-positive risk:  712 664 80 1090 390 118 1091 406 165 59 156 69 
H-negative risk:  664 712 1091 1090 406 390 118 80 156 165 69 59 
New BC onsets:  0
BC status:  4894 106 
BC subtype:  4894 78 28 

clinical_engagement 
diagnosis 
demography 
72 new agents 
10 dtreferralsatt10 smreferralsatt205 
disease_progression 
H-positive risk:  707 663 80 1094 382 116 1096 412 166 56 159 69 
H-negative risk:  663 707 1096 1094 412 382 116 80 159 166 69 56 
New BC onsets:  0
BC status:  4892 108 
BC subtype:  4892 79 29 

clinical_engagement 
diagnosis 
demography 
81 new agents 
15 dtreferralsatt15 smreferralsatt206 
disease_progression 
H-positive risk:  698 666 79 1084 388 118 1103 416 165 55 159 69 
H-negative risk:  666 698 1103 1084 416 388 118 79 159 165 69 55 
New BC onsets:  0
BC status:  4889 111 
BC subtype:  4889 77 34 

clinical_engagement 
diagnosis 
demography 
82 new agents 
8 dtreferralsatt8 smreferralsatt207 
disease_progression 
H-positive risk:  697 669 82 1084 388 115 1105 412 164 55 156 73 
H-negative risk:  669 697 1105 1084 412 388 115 82 156 164 73 55 
New BC onsets:  0
BC status:  4889 111 
BC subtype:  4889 76 35 

clinical_engagement 
diagnosis 
demography 
76 new agents 
13 dtreferralsatt13 smreferralsatt208 
disease_progression 
H-positive risk:  694 670 81 1085 394 116 1108 399 169 57 153 74 
H-negative risk:  670 694 1108 1085 399 394 116 81 153 169 74 57 
New BC onsets:  0
BC status:  4892 108 
BC subtype:  4892 72 36 

clinical_engagement 
diagnosis 
demography 
77 new agents 
10 dtreferralsatt10 smreferralsatt209 
disease_progression 
H-positive risk:  689 666 75 1088 394 114 1110 403 175 57 156 73 
H-negative risk:  666 689 1110 1088 403 394 114 75 156 175 73 57 
New BC onsets:  0
BC status:  4890 110 
BC subtype:  4890 72 38 

clinical_engagement 
diagnosis 
demography 
69 new agents 
12 dtreferralsatt12 smreferralsatt210 
disease_progression 
H-positive risk:  681 667 77 1090 396 113 1113 399 176 58 156 74 
H-negative risk:  667 681 1113 1090 399 396 113 77 156 176 74 58 
New BC onsets:  0
BC status:  4893 107 
BC subtype:  4893 70 37 

clinical_engagement 
diagnosis 
demography 
83 new agents 
7 dtreferralsatt7 smreferralsatt211 
disease_progression 
H-positive risk:  676 673 79 1104 397 114 1098 393 177 59 156 74 
H-negative risk:  673 676 1098 1104 393 397 114 79 156 177 74 59 
New BC onsets:  0
BC status:  4894 106 
BC subtype:  4894 69 37 

clinical_engagement 
diagnosis 
demography 
65 new agents 
10 dtreferralsatt10 smreferralsatt212 
disease_progression 
H-positive risk:  672 666 78 1097 402 115 1107 401 176 61 154 71 
H-negative risk:  666 672 1107 1097 401 402 115 78 154 176 71 61 
New BC onsets:  0
BC status:  4892 108 
BC subtype:  4892 72 36 

clinical_engagement 
diagnosis 
demography 
77 new agents 
15 dtreferralsatt15 smreferralsatt213 
disease_progression 
H-positive risk:  681 672 78 1093 401 112 1107 399 179 60 152 66 
H-negative risk:  672 681 1107 1093 399 401 112 78 152 179 66 60 
New BC onsets:  0
BC status:  4897 103 
BC subtype:  4897 68 35 

clinical_engagement 
diagnosis 
demography 
68 new agents 
7 dtreferralsatt7 smreferralsatt214 
disease_progression 
H-positive risk:  685 669 78 1101 398 110 1099 405 179 59 153 64 
H-negative risk:  669 685 1099 1101 405 398 110 78 153 179 64 59 
New BC onsets:  0
BC status:  4896 104 
BC subtype:  4896 70 34 

clinical_engagement 
diagnosis 
demography 
77 new agents 
8 dtreferralsatt8 smreferralsatt215 
disease_progression 
H-positive risk:  681 667 80 1113 390 109 1098 409 180 58 150 65 
H-negative risk:  667 681 1098 1113 409 390 109 80 150 180 65 58 
New BC onsets:  0
BC status:  4898 102 
BC subtype:  4898 69 33 

clinical_engagement 
diagnosis 
demography 
82 new agents 
8 dtreferralsatt8 smreferralsatt216 
disease_progression 
H-positive risk:  683 665 79 1121 384 107 1099 408 182 58 147 67 
H-negative risk:  665 683 1099 1121 408 384 107 79 147 182 67 58 
New BC onsets:  0
BC status:  4898 102 
BC subtype:  4898 69 33 

clinical_engagement 
diagnosis 
demography 
81 new agents 
16 dtreferralsatt16 smreferralsatt217 
disease_progression 
H-positive risk:  683 669 78 1108 395 106 1088 420 179 62 146 66 
H-negative risk:  669 683 1088 1108 420 395 106 78 146 179 66 62 
New BC onsets:  0
BC status:  4898 102 
BC subtype:  4898 69 33 

clinical_engagement 
diagnosis 
demography 
77 new agents 
12 dtreferralsatt12 smreferralsatt218 
disease_progression 
H-positive risk:  679 654 79 1120 400 105 1090 420 178 64 145 66 
H-negative risk:  654 679 1090 1120 420 400 105 79 145 178 66 64 
New BC onsets:  0
BC status:  4900 100 
BC subtype:  4900 68 32 

clinical_engagement 
diagnosis 
demography 
80 new agents 
16 dtreferralsatt16 smreferralsatt219 
disease_progression 
H-positive risk:  673 659 81 1110 413 103 1091 426 174 61 141 68 
H-negative risk:  659 673 1091 1110 426 413 103 81 141 174 68 61 
New BC onsets:  0
BC status:  4903 97 
BC subtype:  4903 66 31 

clinical_engagement 
diagnosis 
demography 
72 new agents 
12 dtreferralsatt12 smreferralsatt220 
disease_progression 
H-positive risk:  675 656 86 1110 407 101 1100 428 172 62 139 64 
H-negative risk:  656 675 1100 1110 428 407 101 86 139 172 64 62 
New BC onsets:  0
BC status:  4901 99 
BC subtype:  4901 67 32 

clinical_engagement 
diagnosis 
demography 
67 new agents 
10 dtreferralsatt10 smreferralsatt221 
disease_progression 
H-positive risk:  672 652 87 1111 400 102 1104 433 172 63 143 61 
H-negative risk:  652 672 1104 1111 433 400 102 87 143 172 61 63 
New BC onsets:  0
BC status:  4901 99 
BC subtype:  4901 69 30 

clinical_engagement 
diagnosis 
demography 
77 new agents 
17 dtreferralsatt17 smreferralsatt222 
disease_progression 
H-positive risk:  680 657 87 1112 393 103 1094 433 172 64 144 61 
H-negative risk:  657 680 1094 1112 433 393 103 87 144 172 61 64 
New BC onsets:  0
BC status:  4902 98 
BC subtype:  4902 68 30 

clinical_engagement 
diagnosis 
demography 
63 new agents 
12 dtreferralsatt12 smreferralsatt223 
disease_progression 
H-positive risk:  677 655 87 1113 398 100 1091 437 173 65 143 61 
H-negative risk:  655 677 1091 1113 437 398 100 87 143 173 61 65 
New BC onsets:  0
BC status:  4900 100 
BC subtype:  4900 67 33 

clinical_engagement 
diagnosis 
demography 
76 new agents 
11 dtreferralsatt11 smreferralsatt224 
disease_progression 
H-positive risk:  677 665 86 1115 396 98 1083 446 172 64 141 57 
H-negative risk:  665 677 1083 1115 446 396 98 86 141 172 57 64 
New BC onsets:  0
BC status:  4901 99 
BC subtype:  4901 65 34 

clinical_engagement 
diagnosis 
demography 
69 new agents 
10 dtreferralsatt10 smreferralsatt225 
disease_progression 
H-positive risk:  680 662 88 1111 401 96 1086 438 172 64 144 58 
H-negative risk:  662 680 1086 1111 438 401 96 88 144 172 58 64 
New BC onsets:  0
BC status:  4901 99 
BC subtype:  4901 65 34 

clinical_engagement 
diagnosis 
demography 
76 new agents 
5 dtreferralsatt5 smreferralsatt226 
disease_progression 
H-positive risk:  677 660 88 1099 403 97 1088 451 169 60 150 58 
H-negative risk:  660 677 1088 1099 451 403 97 88 150 169 58 60 
New BC onsets:  0
BC status:  4902 98 
BC subtype:  4902 64 34 

clinical_engagement 
diagnosis 
demography 
80 new agents 
13 dtreferralsatt13 smreferralsatt227 
disease_progression 
H-positive risk:  675 664 90 1093 408 95 1092 447 171 60 147 58 
H-negative risk:  664 675 1092 1093 447 408 95 90 147 171 58 60 
New BC onsets:  0
BC status:  4901 99 
BC subtype:  4901 62 37 

clinical_engagement 
diagnosis 
demography 
79 new agents 
11 dtreferralsatt11 smreferralsatt228 
disease_progression 
H-positive risk:  668 672 93 1089 405 98 1103 436 169 62 148 57 
H-negative risk:  672 668 1103 1089 436 405 98 93 148 169 57 62 
New BC onsets:  0
BC status:  4899 101 
BC subtype:  4899 65 36 

clinical_engagement 
diagnosis 
demography 
69 new agents 
5 dtreferralsatt5 smreferralsatt229 
disease_progression 
H-positive risk:  664 673 94 1079 415 95 1096 442 171 66 144 61 
H-negative risk:  673 664 1096 1079 442 415 95 94 144 171 61 66 
New BC onsets:  0
BC status:  4898 102 
BC subtype:  4898 65 37 

clinical_engagement 
diagnosis 
demography 
88 new agents 
10 dtreferralsatt10 smreferralsatt230 
disease_progression 
H-positive risk:  672 675 95 1087 413 92 1088 440 171 63 142 62 
H-negative risk:  675 672 1088 1087 440 413 92 95 142 171 62 63 
New BC onsets:  0
BC status:  4896 104 
BC subtype:  4896 67 37 

clinical_engagement 
diagnosis 
demography 
70 new agents 
11 dtreferralsatt11 smreferralsatt231 
disease_progression 
H-positive risk:  671 670 94 1095 410 94 1091 433 172 63 143 64 
H-negative risk:  670 671 1091 1095 433 410 94 94 143 172 64 63 
New BC onsets:  0
BC status:  4895 105 
BC subtype:  4895 68 37 

clinical_engagement 
diagnosis 
demography 
74 new agents 
10 dtreferralsatt10 smreferralsatt232 
disease_progression 
H-positive risk:  679 658 97 1099 409 94 1090 432 172 63 143 64 
H-negative risk:  658 679 1090 1099 432 409 94 97 143 172 64 63 
New BC onsets:  0
BC status:  4894 106 
BC subtype:  4894 70 36 

clinical_engagement 
diagnosis 
demography 
87 new agents 
12 dtreferralsatt12 smreferralsatt233 
disease_progression 
H-positive risk:  683 661 95 1105 409 93 1081 429 173 63 142 66 
H-negative risk:  661 683 1081 1105 429 409 93 95 142 173 66 63 
New BC onsets:  0
BC status:  4894 106 
BC subtype:  4894 71 35 

clinical_engagement 
diagnosis 
demography 
82 new agents 
12 dtreferralsatt12 smreferralsatt234 
disease_progression 
H-positive risk:  683 660 95 1101 413 92 1079 428 178 64 142 65 
H-negative risk:  660 683 1079 1101 428 413 92 95 142 178 65 64 
New BC onsets:  0
BC status:  4892 108 
BC subtype:  4892 72 36 

clinical_engagement 
diagnosis 
demography 
80 new agents 
9 dtreferralsatt9 smreferralsatt235 
disease_progression 
H-positive risk:  684 658 93 1098 417 93 1083 428 180 62 141 63 
H-negative risk:  658 684 1083 1098 428 417 93 93 141 180 63 62 
New BC onsets:  0
BC status:  4894 106 
BC subtype:  4894 71 35 

clinical_engagement 
diagnosis 
demography 
71 new agents 
6 dtreferralsatt6 smreferralsatt236 
disease_progression 
H-positive risk:  681 664 93 1097 427 94 1079 424 178 58 143 62 
H-negative risk:  664 681 1079 1097 424 427 94 93 143 178 62 58 
New BC onsets:  0
BC status:  4894 106 
BC subtype:  4894 71 35 

clinical_engagement 
diagnosis 
demography 
74 new agents 
11 dtreferralsatt11 smreferralsatt237 
disease_progression 
H-positive risk:  686 656 93 1097 437 94 1077 420 179 56 143 62 
H-negative risk:  656 686 1077 1097 420 437 94 93 143 179 62 56 
New BC onsets:  0
BC status:  4897 103 
BC subtype:  4897 68 35 

clinical_engagement 
diagnosis 
demography 
72 new agents 
13 dtreferralsatt13 smreferralsatt238 
disease_progression 
H-positive risk:  678 662 91 1085 434 93 1079 429 183 57 145 64 
H-negative risk:  662 678 1079 1085 429 434 93 91 145 183 64 57 
New BC onsets:  0
BC status:  4899 101 
BC subtype:  4899 66 35 

clinical_engagement 
diagnosis 
demography 
71 new agents 
10 dtreferralsatt10 smreferralsatt239 
disease_progression 
H-positive risk:  671 665 92 1080 437 92 1082 437 181 58 140 65 
H-negative risk:  665 671 1082 1080 437 437 92 92 140 181 65 58 
New BC onsets:  0
BC status:  4901 99 
BC subtype:  4901 64 35 

clinical_engagement 
diagnosis 
demography 
73 new agents 
11 dtreferralsatt11 smreferralsatt240 
disease_progression 
H-positive risk:  670 671 93 1076 438 91 1073 443 184 54 143 64 
H-negative risk:  671 670 1073 1076 443 438 91 93 143 184 64 54 
New BC onsets:  0
BC status:  4902 98 
BC subtype:  4902 64 34 

clinical_engagement 
diagnosis 
demography 
78 new agents 
7 dtreferralsatt7 smreferralsatt241 
disease_progression 
H-positive risk:  670 668 96 1072 443 92 1070 452 178 50 144 65 
H-negative risk:  668 670 1070 1072 452 443 92 96 144 178 65 50 
New BC onsets:  0
BC status:  4901 99 
BC subtype:  4901 68 31 

clinical_engagement 
diagnosis 
demography 
76 new agents 
12 dtreferralsatt12 smreferralsatt242 
disease_progression 
H-positive risk:  675 670 98 1066 445 90 1074 445 179 47 143 68 
H-negative risk:  670 675 1074 1066 445 445 90 98 143 179 68 47 
New BC onsets:  0
BC status:  4901 99 
BC subtype:  4901 68 31 

clinical_engagement 
diagnosis 
demography 
85 new agents 
7 dtreferralsatt7 smreferralsatt243 
disease_progression 
H-positive risk:  685 670 96 1068 445 90 1065 444 179 49 143 66 
H-negative risk:  670 685 1065 1068 444 445 90 96 143 179 66 49 
New BC onsets:  0
BC status:  4901 99 
BC subtype:  4901 70 29 

clinical_engagement 
diagnosis 
demography 
91 new agents 
13 dtreferralsatt13 smreferralsatt244 
disease_progression 
H-positive risk:  683 672 97 1069 445 89 1064 447 181 46 143 64 
H-negative risk:  672 683 1064 1069 447 445 89 97 143 181 64 46 
New BC onsets:  0
BC status:  4904 96 
BC subtype:  4904 67 29 

clinical_engagement 
diagnosis 
demography 
81 new agents 
9 dtreferralsatt9 smreferralsatt245 
disease_progression 
H-positive risk:  692 672 100 1064 457 92 1051 443 174 44 144 67 
H-negative risk:  672 692 1051 1064 443 457 92 100 144 174 67 44 
New BC onsets:  0
BC status:  4903 97 
BC subtype:  4903 68 29 

clinical_engagement 
diagnosis 
demography 
90 new agents 
15 dtreferralsatt15 smreferralsatt246 
disease_progression 
H-positive risk:  694 672 100 1073 448 92 1050 439 174 42 149 67 
H-negative risk:  672 694 1050 1073 439 448 92 100 149 174 67 42 
New BC onsets:  0
BC status:  4903 97 
BC subtype:  4903 68 29 

clinical_engagement 
diagnosis 
demography 
74 new agents 
12 dtreferralsatt12 smreferralsatt247 
disease_progression 
H-positive risk:  698 679 102 1067 447 94 1044 437 177 41 147 67 
H-negative risk:  679 698 1044 1067 437 447 94 102 147 177 67 41 
New BC onsets:  0
BC status:  4904 96 
BC subtype:  4904 66 30 

clinical_engagement 
diagnosis 
demography 
66 new agents 
12 dtreferralsatt12 smreferralsatt248 
disease_progression 
H-positive risk:  695 676 104 1057 451 92 1055 435 176 44 146 69 
H-negative risk:  676 695 1055 1057 435 451 92 104 146 176 69 44 
New BC onsets:  0
BC status:  4901 99 
BC subtype:  4901 69 30 

clinical_engagement 
diagnosis 
demography 
92 new agents 
11 dtreferralsatt11 smreferralsatt249 
disease_progression 
H-positive risk:  692 677 104 1059 451 92 1064 422 175 44 151 69 
H-negative risk:  677 692 1064 1059 422 451 92 104 151 175 69 44 
New BC onsets:  0
BC status:  4900 100 
BC subtype:  4900 70 30 

clinical_engagement 
diagnosis 
demography 
64 new agents 
8 dtreferralsatt8 smreferralsatt250 
disease_progression 
H-positive risk:  699 668 104 1061 448 92 1065 426 177 42 150 68 
H-negative risk:  668 699 1065 1061 426 448 92 104 150 177 68 42 
New BC onsets:  0
BC status:  4899 101 
BC subtype:  4899 71 30 

clinical_engagement 
diagnosis 
demography 
84 new agents 
9 dtreferralsatt9 smreferralsatt251 
disease_progression 
H-positive risk:  690 662 108 1061 452 91 1073 421 178 40 155 69 
H-negative risk:  662 690 1073 1061 421 452 91 108 155 178 69 40 
New BC onsets:  0
BC status:  4903 97 
BC subtype:  4903 69 28 

clinical_engagement 
diagnosis 
demography 
73 new agents 
8 dtreferralsatt8 smreferralsatt252 
disease_progression 
H-positive risk:  691 653 109 1061 447 88 1087 417 181 41 152 73 
H-negative risk:  653 691 1087 1061 417 447 88 109 152 181 73 41 
New BC onsets:  0
BC status:  4902 98 
BC subtype:  4902 71 27 

clinical_engagement 
diagnosis 
demography 
91 new agents 
11 dtreferralsatt11 smreferralsatt253 
disease_progression 
H-positive risk:  691 657 109 1054 449 86 1089 414 184 39 152 76 
H-negative risk:  657 691 1089 1054 414 449 86 109 152 184 76 39 
New BC onsets:  0
BC status:  4896 104 
BC subtype:  4896 75 29 

clinical_engagement 
diagnosis 
demography 
89 new agents 
8 dtreferralsatt8 smreferralsatt254 
disease_progression 
H-positive risk:  684 657 110 1059 454 86 1090 409 181 43 150 77 
H-negative risk:  657 684 1090 1059 409 454 86 110 150 181 77 43 
New BC onsets:  0
BC status:  4895 105 
BC subtype:  4895 77 28 

clinical_engagement 
diagnosis 
demography 
83 new agents 
10 dtreferralsatt10 smreferralsatt255 
disease_progression 
H-positive risk:  691 654 108 1058 456 85 1098 400 181 42 152 75 
H-negative risk:  654 691 1098 1058 400 456 85 108 152 181 75 42 
New BC onsets:  0
BC status:  4896 104 
BC subtype:  4896 77 27 

clinical_engagement 
diagnosis 
demography 
67 new agents 
9 dtreferralsatt9 smreferralsatt256 
disease_progression 
H-positive risk:  688 652 107 1058 456 83 1104 404 181 39 152 76 
H-negative risk:  652 688 1104 1058 404 456 83 107 152 181 76 39 
New BC onsets:  0
BC status:  4897 103 
BC subtype:  4897 76 27 

clinical_engagement 
diagnosis 
demography 
74 new agents 
9 dtreferralsatt9 smreferralsatt257 
disease_progression 
H-positive risk:  684 654 106 1056 458 81 1110 405 180 37 153 76 
H-negative risk:  654 684 1110 1056 405 458 81 106 153 180 76 37 
New BC onsets:  0
BC status:  4895 105 
BC subtype:  4895 78 27 

clinical_engagement 
diagnosis 
demography 
71 new agents 
10 dtreferralsatt10 smreferralsatt258 
disease_progression 
H-positive risk:  683 658 107 1058 455 79 1108 409 175 38 155 75 
H-negative risk:  658 683 1108 1058 409 455 79 107 155 175 75 38 
New BC onsets:  0
BC status:  4895 105 
BC subtype:  4895 77 28 

clinical_engagement 
diagnosis 
demography 
64 new agents 
6 dtreferralsatt6 smreferralsatt259 
disease_progression 
H-positive risk:  683 660 108 1059 453 77 1112 406 172 40 156 74 
H-negative risk:  660 683 1112 1059 406 453 77 108 156 172 74 40 
New BC onsets:  0
BC status:  4890 110 
BC subtype:  4890 79 31 

clinical_engagement 
diagnosis 
demography 
73 new agents 
9 dtreferralsatt9 smreferralsatt260 
disease_progression 
H-positive risk:  685 657 111 1063 448 77 1113 405 173 41 154 73 
H-negative risk:  657 685 1113 1063 405 448 77 111 154 173 73 41 
New BC onsets:  0
BC status:  4890 110 
BC subtype:  4890 79 31 

clinical_engagement 
diagnosis 
demography 
71 new agents 
16 dtreferralsatt16 smreferralsatt261 
disease_progression 
H-positive risk:  687 651 113 1060 445 76 1124 406 172 39 155 72 
H-negative risk:  651 687 1124 1060 406 445 76 113 155 172 72 39 
New BC onsets:  0
BC status:  4891 109 
BC subtype:  4891 80 29 

clinical_engagement 
diagnosis 
demography 
83 new agents 
5 dtreferralsatt5 smreferralsatt262 
disease_progression 
H-positive risk:  692 647 114 1060 439 76 1127 410 174 40 154 67 
H-negative risk:  647 692 1127 1060 410 439 76 114 154 174 67 40 
New BC onsets:  0
BC status:  4890 110 
BC subtype:  4890 81 29 

clinical_engagement 
diagnosis 
demography 
74 new agents 
9 dtreferralsatt9 smreferralsatt263 
disease_progression 
H-positive risk:  691 647 114 1065 436 77 1128 408 174 40 150 70 
H-negative risk:  647 691 1128 1065 408 436 77 114 150 174 70 40 
New BC onsets:  0
BC status:  4888 112 
BC subtype:  4888 82 30 

clinical_engagement 
diagnosis 
demography 
72 new agents 
15 dtreferralsatt15 smreferralsatt264 
disease_progression 
H-positive risk:  694 650 115 1066 428 79 1130 409 172 38 150 69 
H-negative risk:  650 694 1130 1066 409 428 79 115 150 172 69 38 
New BC onsets:  0
BC status:  4894 106 
BC subtype:  4894 78 28 

clinical_engagement 
diagnosis 
demography 
68 new agents 
15 dtreferralsatt15 smreferralsatt265 
disease_progression 
H-positive risk:  694 661 116 1060 422 80 1128 405 172 43 148 71 
H-negative risk:  661 694 1128 1060 405 422 80 116 148 172 71 43 
New BC onsets:  0
BC status:  4896 104 
BC subtype:  4896 75 29 

clinical_engagement 
diagnosis 
demography 
91 new agents 
7 dtreferralsatt7 smreferralsatt266 
disease_progression 
H-positive risk:  691 657 121 1064 419 78 1132 404 172 44 146 72 
H-negative risk:  657 691 1132 1064 404 419 78 121 146 172 72 44 
New BC onsets:  0
BC status:  4894 106 
BC subtype:  4894 77 29 

clinical_engagement 
diagnosis 
demography 
93 new agents 
9 dtreferralsatt9 smreferralsatt267 
disease_progression 
H-positive risk:  686 660 121 1054 426 79 1134 407 168 48 145 72 
H-negative risk:  660 686 1134 1054 407 426 79 121 145 168 72 48 
New BC onsets:  0
BC status:  4893 107 
BC subtype:  4893 78 29 

clinical_engagement 
diagnosis 
demography 
77 new agents 
18 dtreferralsatt18 smreferralsatt268 
disease_progression 
H-positive risk:  690 666 123 1045 422 77 1146 404 166 48 142 71 
H-negative risk:  666 690 1146 1045 404 422 77 123 142 166 71 48 
New BC onsets:  0
BC status:  4893 107 
BC subtype:  4893 79 28 

clinical_engagement 
diagnosis 
demography 
89 new agents 
6 dtreferralsatt6 smreferralsatt269 
disease_progression 
H-positive risk:  691 666 123 1060 410 76 1138 411 165 50 143 67 
H-negative risk:  666 691 1138 1060 411 410 76 123 143 165 67 50 
New BC onsets:  0
BC status:  4894 106 
BC subtype:  4894 80 26 

clinical_engagement 
diagnosis 
demography 
72 new agents 
12 dtreferralsatt12 smreferralsatt270 
disease_progression 
H-positive risk:  689 671 125 1060 403 77 1136 410 167 50 143 69 
H-negative risk:  671 689 1136 1060 410 403 77 125 143 167 69 50 
New BC onsets:  0
BC status:  4894 106 
BC subtype:  4894 80 26 

clinical_engagement 
diagnosis 
demography 
67 new agents 
14 dtreferralsatt14 smreferralsatt271 
disease_progression 
H-positive risk:  684 663 127 1066 401 77 1141 411 168 49 145 68 
H-negative risk:  663 684 1141 1066 411 401 77 127 145 168 68 49 
New BC onsets:  0
BC status:  4892 108 
BC subtype:  4892 82 26 

clinical_engagement 
diagnosis 
demography 
78 new agents 
6 dtreferralsatt6 smreferralsatt272 
disease_progression 
H-positive risk:  679 665 125 1065 405 78 1138 411 171 48 145 70 
H-negative risk:  665 679 1138 1065 411 405 78 125 145 171 70 48 
New BC onsets:  0
BC status:  4895 105 
BC subtype:  4895 79 26 

clinical_engagement 
diagnosis 
demography 
51 new agents 
5 dtreferralsatt5 smreferralsatt273 
disease_progression 
H-positive risk:  675 665 125 1064 406 79 1141 410 171 47 146 71 
H-negative risk:  665 675 1141 1064 410 406 79 125 146 171 71 47 
New BC onsets:  0
BC status:  4895 105 
BC subtype:  4895 79 26 

clinical_engagement 
diagnosis 
demography 
75 new agents 
14 dtreferralsatt14 smreferralsatt274 
disease_progression 
H-positive risk:  676 661 125 1068 405 79 1142 407 169 46 147 75 
H-negative risk:  661 676 1142 1068 407 405 79 125 147 169 75 46 
New BC onsets:  0
BC status:  4893 107 
BC subtype:  4893 81 26 

clinical_engagement 
diagnosis 
demography 
78 new agents 
8 dtreferralsatt8 smreferralsatt275 
disease_progression 
H-positive risk:  672 667 126 1065 406 79 1135 408 169 49 150 74 
H-negative risk:  667 672 1135 1065 408 406 79 126 150 169 74 49 
New BC onsets:  0
BC status:  4895 105 
BC subtype:  4895 79 26 

clinical_engagement 
diagnosis 
demography 
72 new agents 
12 dtreferralsatt12 smreferralsatt276 
disease_progression 
H-positive risk:  676 672 125 1065 405 79 1130 407 164 51 152 74 
H-negative risk:  672 676 1130 1065 407 405 79 125 152 164 74 51 
New BC onsets:  0
BC status:  4896 104 
BC subtype:  4896 78 26 

clinical_engagement 
diagnosis 
demography 
78 new agents 
10 dtreferralsatt10 smreferralsatt277 
disease_progression 
H-positive risk:  672 670 124 1063 416 82 1134 404 163 50 150 72 
H-negative risk:  670 672 1134 1063 404 416 82 124 150 163 72 50 
New BC onsets:  0
BC status:  4895 105 
BC subtype:  4895 77 28 

clinical_engagement 
diagnosis 
demography 
85 new agents 
3 dtreferralsatt3 smreferralsatt278 
disease_progression 
H-positive risk:  675 664 122 1072 416 81 1127 411 160 54 150 68 
H-negative risk:  664 675 1127 1072 411 416 81 122 150 160 68 54 
New BC onsets:  0
BC status:  4892 108 
BC subtype:  4892 80 28 

clinical_engagement 
diagnosis 
demography 
66 new agents 
10 dtreferralsatt10 smreferralsatt279 
disease_progression 
H-positive risk:  677 668 121 1078 413 83 1121 409 162 54 151 63 
H-negative risk:  668 677 1121 1078 409 413 83 121 151 162 63 54 
New BC onsets:  0
BC status:  4895 105 
BC subtype:  4895 78 27 

clinical_engagement 
diagnosis 
demography 
88 new agents 
5 dtreferralsatt5 smreferralsatt280 
disease_progression 
H-positive risk:  679 666 123 1075 417 86 1115 410 162 54 152 61 
H-negative risk:  666 679 1115 1075 410 417 86 123 152 162 61 54 
New BC onsets:  0
BC status:  4897 103 
BC subtype:  4897 79 24 

clinical_engagement 
diagnosis 
demography 
65 new agents 
7 dtreferralsatt7 smreferralsatt281 
disease_progression 
H-positive risk:  680 664 125 1073 413 88 1113 415 160 55 152 62 
H-negative risk:  664 680 1113 1073 415 413 88 125 152 160 62 55 
New BC onsets:  0
BC status:  4894 106 
BC subtype:  4894 82 24 

clinical_engagement 
diagnosis 
demography 
97 new agents 
12 dtreferralsatt12 smreferralsatt282 
disease_progression 
H-positive risk:  688 662 124 1068 414 87 1113 420 154 58 153 59 
H-negative risk:  662 688 1113 1068 420 414 87 124 153 154 59 58 
New BC onsets:  0
BC status:  4892 108 
BC subtype:  4892 82 26 

clinical_engagement 
diagnosis 
demography 
65 new agents 
8 dtreferralsatt8 smreferralsatt283 
disease_progression 
H-positive risk:  682 660 125 1062 417 86 1121 420 156 58 152 61 
H-negative risk:  660 682 1121 1062 420 417 86 125 152 156 61 58 
New BC onsets:  0
BC status:  4892 108 
BC subtype:  4892 81 27 

clinical_engagement 
diagnosis 
demography 
57 new agents 
14 dtreferralsatt14 smreferralsatt284 
disease_progression 
H-positive risk:  678 661 125 1065 417 83 1122 419 157 59 153 61 
H-negative risk:  661 678 1122 1065 419 417 83 125 153 157 61 59 
New BC onsets:  0
BC status:  4892 108 
BC subtype:  4892 82 26 

clinical_engagement 
diagnosis 
demography 
80 new agents 
8 dtreferralsatt8 smreferralsatt285 
disease_progression 
H-positive risk:  677 661 125 1059 419 86 1128 409 155 62 155 64 
H-negative risk:  661 677 1128 1059 409 419 86 125 155 155 64 62 
New BC onsets:  0
BC status:  4892 108 
BC subtype:  4892 83 25 

clinical_engagement 
diagnosis 
demography 
84 new agents 
9 dtreferralsatt9 smreferralsatt286 
disease_progression 
H-positive risk:  679 669 126 1057 415 83 1132 405 153 63 152 66 
H-negative risk:  669 679 1132 1057 405 415 83 126 152 153 66 63 
New BC onsets:  0
BC status:  4892 108 
BC subtype:  4892 83 25 

clinical_engagement 
diagnosis 
demography 
73 new agents 
5 dtreferralsatt5 smreferralsatt287 
disease_progression 
H-positive risk:  675 672 125 1060 407 86 1133 407 153 63 151 68 
H-negative risk:  672 675 1133 1060 407 407 86 125 151 153 68 63 
New BC onsets:  0
BC status:  4888 112 
BC subtype:  4888 86 26 

clinical_engagement 
diagnosis 
demography 
66 new agents 
13 dtreferralsatt13 smreferralsatt288 
disease_progression 
H-positive risk:  674 670 121 1063 409 87 1132 408 153 60 157 66 
H-negative risk:  670 674 1132 1063 408 409 87 121 157 153 66 60 
New BC onsets:  0
BC status:  4886 114 
BC subtype:  4886 88 26 

clinical_engagement 
diagnosis 
demography 
86 new agents 
8 dtreferralsatt8 smreferralsatt289 
disease_progression 
H-positive risk:  679 664 123 1064 410 87 1126 413 151 60 157 66 
H-negative risk:  664 679 1126 1064 413 410 87 123 157 151 66 60 
New BC onsets:  0
BC status:  4888 112 
BC subtype:  4888 87 25 

clinical_engagement 
diagnosis 
demography 
85 new agents 
4 dtreferralsatt4 smreferralsatt290 
disease_progression 
H-positive risk:  676 667 123 1069 410 89 1127 408 149 62 153 67 
H-negative risk:  667 676 1127 1069 408 410 89 123 153 149 67 62 
New BC onsets:  0
BC status:  4886 114 
BC subtype:  4886 90 24 

clinical_engagement 
diagnosis 
demography 
88 new agents 
13 dtreferralsatt13 smreferralsatt291 
disease_progression 
H-positive risk:  669 660 122 1076 405 90 1136 405 153 65 149 70 
H-negative risk:  660 669 1136 1076 405 405 90 122 149 153 70 65 
New BC onsets:  0
BC status:  4886 114 
BC subtype:  4886 88 26 

clinical_engagement 
diagnosis 
demography 
76 new agents 
6 dtreferralsatt6 smreferralsatt292 
disease_progression 
H-positive risk:  674 663 119 1074 405 90 1126 413 153 67 147 69 
H-negative risk:  663 674 1126 1074 413 405 90 119 147 153 69 67 
New BC onsets:  0
BC status:  4881 119 
BC subtype:  4881 92 27 

clinical_engagement 
diagnosis 
demography 
72 new agents 
8 dtreferralsatt8 smreferralsatt293 
disease_progression 
H-positive risk:  675 672 119 1059 414 92 1127 411 150 65 148 68 
H-negative risk:  672 675 1127 1059 411 414 92 119 148 150 68 65 
New BC onsets:  0
BC status:  4884 116 
BC subtype:  4884 89 27 

clinical_engagement 
diagnosis 
demography 
79 new agents 
13 dtreferralsatt13 smreferralsatt294 
disease_progression 
H-positive risk:  666 670 119 1060 408 93 1142 410 152 66 145 69 
H-negative risk:  670 666 1142 1060 410 408 93 119 145 152 69 66 
New BC onsets:  0
BC status:  4887 113 
BC subtype:  4887 86 27 

clinical_engagement 
diagnosis 
demography 
70 new agents 
6 dtreferralsatt6 smreferralsatt295 
disease_progression 
H-positive risk:  668 674 119 1062 405 95 1140 407 151 67 144 68 
H-negative risk:  674 668 1140 1062 407 405 95 119 144 151 68 67 
New BC onsets:  0
BC status:  4887 113 
BC subtype:  4887 86 27 

clinical_engagement 
diagnosis 
demography 
85 new agents 
11 dtreferralsatt11 smreferralsatt296 
disease_progression 
H-positive risk:  667 667 123 1076 402 97 1132 407 152 66 141 70 
H-negative risk:  667 667 1132 1076 407 402 97 123 141 152 70 66 
New BC onsets:  0
BC status:  4889 111 
BC subtype:  4889 83 28 

clinical_engagement 
diagnosis 
demography 
73 new agents 
14 dtreferralsatt14 smreferralsatt297 
disease_progression 
H-positive risk:  658 678 122 1062 410 101 1134 408 148 68 142 69 
H-negative risk:  678 658 1134 1062 408 410 101 122 142 148 69 68 
New BC onsets:  0
BC status:  4890 110 
BC subtype:  4890 81 29 

clinical_engagement 
diagnosis 
demography 
76 new agents 
7 dtreferralsatt7 smreferralsatt298 
disease_progression 
H-positive risk:  656 683 119 1072 410 100 1121 411 146 70 146 66 
H-negative risk:  683 656 1121 1072 411 410 100 119 146 146 66 70 
New BC onsets:  0
BC status:  4889 111 
BC subtype:  4889 82 29 

clinical_engagement 
diagnosis 
demography 
68 new agents 
15 dtreferralsatt15 smreferralsatt299 
disease_progression 
H-positive risk:  659 680 119 1082 413 100 1116 409 145 69 144 64 
H-negative risk:  680 659 1116 1082 409 413 100 119 144 145 64 69 
New BC onsets:  0
BC status:  4888 112 
BC subtype:  4888 82 30 

clinical_engagement 
diagnosis 
demography 
67 new agents 
9 dtreferralsatt9 smreferralsatt300 
disease_progression 
H-positive risk:  656 679 119 1089 411 100 1118 409 146 70 138 65 
H-negative risk:  679 656 1118 1089 409 411 100 119 138 146 65 70 
New BC onsets:  0
BC status:  4888 112 
BC subtype:  4888 83 29 

clinical_engagement 
diagnosis 
demography 
68 new agents 
14 dtreferralsatt14 smreferralsattTime difference of 17.64817 mins
This is task 11
date
