date
Note that the current default version of R is 3.6.1.
Loading required package: network
network: Classes for Relational Data
Version 1.15 created on 2019-04-01.
copyright (c) 2005, Carter T. Butts, University of California-Irvine
                    Mark S. Handcock, University of California -- Los Angeles
                    David R. Hunter, Penn State University
                    Martina Morris, University of Washington
                    Skye Bender-deMoll, University of Washington
 For citation information, type citation("network").
 Type help("network-package") to get started.


networkDynamic: version 0.10.0, created on 2019-04-04
Copyright (c) 2019, Carter T. Butts, University of California -- Irvine
                    Ayn Leslie-Cook, University of Washington
                    Pavel N. Krivitsky, University of Wollongong
                    Skye Bender-deMoll, University of Washington
                    with contributions from
                    Zack Almquist, University of California -- Irvine
                    David R. Hunter, Penn State University
                    Li Wang
                    Kirk Li, University of Washington
                    Steven M. Goodreau, University of Washington
                    Jeffrey Horner
                    Martina Morris, University of Washington
Based on "statnet" project software (statnet.org).
For license and citation information see statnet.org/attribution
or type citation("networkDynamic").

Loading required package: statnet.common

Attaching package: 'statnet.common'

The following object is masked from 'package:base':

    order

sna: Tools for Social Network Analysis
Version 2.4 created on 2016-07-23.
copyright (c) 2005, Carter T. Butts, University of California-Irvine
 For citation information, type citation("sna").
 Type help(package="sna") to get started.


ergm: version 3.10.4, created on 2019-06-10
Copyright (c) 2019, Mark S. Handcock, University of California -- Los Angeles
                    David R. Hunter, Penn State University
                    Carter T. Butts, University of California -- Irvine
                    Steven M. Goodreau, University of Washington
                    Pavel N. Krivitsky, University of Wollongong
                    Martina Morris, University of Washington
                    with contributions from
                    Li Wang
                    Kirk Li, University of Washington
                    Skye Bender-deMoll, University of Washington
                    Chad Klumb
Based on "statnet" project software (statnet.org).
For license and citation information see statnet.org/attribution
or type citation("ergm").

NOTE: Versions before 3.6.1 had a bug in the implementation of the bd()
constriant which distorted the sampled distribution somewhat. In
addition, Sampson's Monks datasets had mislabeled vertices. See the
NEWS and the documentation for more details.

NOTE: Some common term arguments pertaining to vertex attribute and
level selection have changed in 3.10.0. See terms help for more
details. Use 'options(ergm.term=list(version="3.9.4"))' to use old
behavior.


tergm: version 3.6.1, created on 2019-06-12
Copyright (c) 2019, Pavel N. Krivitsky, University of Wollongong
                    Mark S. Handcock, University of California -- Los Angeles
                    with contributions from
                    David R. Hunter, Penn State University
                    Steven M. Goodreau, University of Washington
                    Martina Morris, University of Washington
                    Nicole Bohme Carnegie, New York University
                    Carter T. Butts, University of California -- Irvine
                    Ayn Leslie-Cook, University of Washington
                    Skye Bender-deMoll
                    Li Wang
                    Kirk Li, University of Washington
Based on "statnet" project software (statnet.org).
For license and citation information see statnet.org/attribution
or type citation("tergm").

Starting maximum pseudolikelihood estimation (MPLE):
Evaluating the predictor and response matrix.
Maximizing the pseudolikelihood.
Finished MPLE.
Starting Monte Carlo maximum likelihood estimation (MCMLE):
Iteration 1 of at most 500:
Optimizing with step length 0.396564755425845.
The log-likelihood improved by 3.373.
Iteration 2 of at most 500:
Optimizing with step length 0.679382500156911.
The log-likelihood improved by 3.05.
Iteration 3 of at most 500:
Optimizing with step length 1.
The log-likelihood improved by 0.9831.
Step length converged once. Increasing MCMC sample size.
Iteration 4 of at most 500:
Optimizing with step length 1.
The log-likelihood improved by 0.6167.
Step length converged twice. Stopping.
Finished MCMLE.
This model was fit using MCMC.  To examine model diagnostics and check
for degeneracy, use the mcmc.diagnostics() function.
 degree0  degree1  degree2  degree3  degree4  degree5  degree6  degree7 
       2       15     1158      979      820      334      386      387 
 degree8  degree9 degree10 degree11 degree12 degree13 degree14 degree15 
     324      232      172       81       54       24       17        5 
degree16 degree17 degree18 
       7        1        2 
1 
disease_progression 
H-positive risk:  859 880 107 909 425 105 896 449 134 63 110 63 
H-negative risk:  880 859 896 909 449 425 105 107 110 134 63 63 
New BC onsets:  0
BC status:  4998 2 
BC subtype:  4998 2 

clinical_engagement 
diagnosis 
demography 
52 new agents 
3 dtreferralsatt3 smreferralsatt2 
disease_progression 
H-positive risk:  867 881 108 913 423 108 891 440 132 63 110 64 
H-negative risk:  881 867 891 913 440 423 108 108 110 132 64 63 
New BC onsets:  0
BC status:  4997 3 
BC subtype:  4997 3 

clinical_engagement 
diagnosis 
demography 
66 new agents 
1 dtreferralsatt1 smreferralsatt3 
disease_progression 
H-positive risk:  878 888 108 905 423 107 892 435 132 59 110 63 
H-negative risk:  888 878 892 905 435 423 107 108 110 132 63 59 
New BC onsets:  0
BC status:  4995 5 
BC subtype:  4995 5 

clinical_engagement 
diagnosis 
demography 
57 new agents 
3 dtreferralsatt3 smreferralsatt4 
disease_progression 
H-positive risk:  889 894 109 908 416 107 884 429 132 57 111 64 
H-negative risk:  894 889 884 908 429 416 107 109 111 132 64 57 
New BC onsets:  0
BC status:  4993 7 
BC subtype:  4993 7 

clinical_engagement 
diagnosis 
demography 
58 new agents 
2 dtreferralsatt2 smreferralsatt5 
disease_progression 
H-positive risk:  896 893 109 900 417 110 883 427 130 57 114 64 
H-negative risk:  893 896 883 900 427 417 110 109 114 130 64 57 
New BC onsets:  0
BC status:  4988 12 
BC subtype:  4988 9 3 

clinical_engagement 
diagnosis 
demography 
56 new agents 
5 dtreferralsatt5 smreferralsatt6 
disease_progression 
H-positive risk:  900 899 108 896 414 107 883 429 130 56 114 64 
H-negative risk:  899 900 883 896 429 414 107 108 114 130 64 56 
New BC onsets:  0
BC status:  4985 15 
BC subtype:  4985 11 4 

clinical_engagement 
diagnosis 
demography 
60 new agents 
2 dtreferralsatt2 smreferralsatt7 
disease_progression 
H-positive risk:  908 901 109 894 407 107 881 428 130 55 115 65 
H-negative risk:  901 908 881 894 428 407 107 109 115 130 65 55 
New BC onsets:  0
BC status:  4985 15 
BC subtype:  4985 11 4 

clinical_engagement 
diagnosis 
demography 
56 new agents 
4 dtreferralsatt4 smreferralsatt8 
disease_progression 
H-positive risk:  909 906 110 891 403 109 885 423 128 55 117 64 
H-negative risk:  906 909 885 891 423 403 109 110 117 128 64 55 
New BC onsets:  0
BC status:  4982 18 
BC subtype:  4982 14 4 

clinical_engagement 
diagnosis 
demography 
66 new agents 
11 dtreferralsatt11 smreferralsatt9 
disease_progression 
H-positive risk:  924 903 110 900 398 108 877 415 131 56 118 60 
H-negative risk:  903 924 877 900 415 398 108 110 118 131 60 56 
New BC onsets:  0
BC status:  4981 19 
BC subtype:  4981 15 4 

clinical_engagement 
diagnosis 
demography 
48 new agents 
5 dtreferralsatt5 smreferralsatt10 
disease_progression 
H-positive risk:  926 904 109 902 395 109 875 413 131 56 119 61 
H-negative risk:  904 926 875 902 413 395 109 109 119 131 61 56 
New BC onsets:  0
BC status:  4979 21 
BC subtype:  4979 17 4 

clinical_engagement 
diagnosis 
demography 
74 new agents 
5 dtreferralsatt5 smreferralsatt11 
disease_progression 
H-positive risk:  939 906 110 900 392 112 867 410 131 56 119 58 
H-negative risk:  906 939 867 900 410 392 112 110 119 131 58 56 
New BC onsets:  0
BC status:  4977 23 
BC subtype:  4977 19 4 

clinical_engagement 
diagnosis 
demography 
64 new agents 
8 dtreferralsatt8 smreferralsatt12 
disease_progression 
H-positive risk:  941 912 112 901 384 113 866 404 133 56 121 57 
H-negative risk:  912 941 866 901 404 384 113 112 121 133 57 56 
New BC onsets:  0
BC status:  4977 23 
BC subtype:  4977 19 4 

clinical_engagement 
diagnosis 
demography 
62 new agents 
3 dtreferralsatt3 smreferralsatt13 
disease_progression 
H-positive risk:  877 832 97 984 376 106 934 406 142 54 135 57 
H-negative risk:  832 877 934 984 406 376 106 97 135 142 57 54 
New BC onsets:  0
BC status:  4976 24 
BC subtype:  4976 20 4 

clinical_engagement 
diagnosis 
demography 
196 new agents 
6 dtreferralsatt6 smreferralsatt14 
disease_progression 
H-positive risk:  911 859 105 938 381 111 886 426 122 71 125 65 
H-negative risk:  859 911 886 938 426 381 111 105 125 122 65 71 
New BC onsets:  0
BC status:  4975 25 
BC subtype:  4975 20 5 

clinical_engagement 
diagnosis 
demography 
59 new agents 
7 dtreferralsatt7 smreferralsatt15 
disease_progression 
H-positive risk:  912 868 106 937 378 111 885 422 124 71 123 63 
H-negative risk:  868 912 885 937 422 378 111 106 123 124 63 71 
New BC onsets:  0
BC status:  4974 26 
BC subtype:  4974 21 5 

clinical_engagement 
diagnosis 
demography 
71 new agents 
13 dtreferralsatt13 smreferralsatt16 
disease_progression 
H-positive risk:  922 878 107 934 375 112 876 420 125 66 119 66 
H-negative risk:  878 922 876 934 420 375 112 107 119 125 66 66 
New BC onsets:  0
BC status:  4974 26 
BC subtype:  4974 21 5 

clinical_engagement 
diagnosis 
demography 
61 new agents 
8 dtreferralsatt8 smreferralsatt17 
disease_progression 
H-positive risk:  920 887 107 936 374 112 873 419 123 66 119 64 
H-negative risk:  887 920 873 936 419 374 112 107 119 123 64 66 
New BC onsets:  0
BC status:  4970 30 
BC subtype:  4970 23 7 

clinical_engagement 
diagnosis 
demography 
49 new agents 
5 dtreferralsatt5 smreferralsatt18 
disease_progression 
H-positive risk:  923 886 108 935 374 110 875 416 124 66 119 64 
H-negative risk:  886 923 875 935 416 374 110 108 119 124 64 66 
New BC onsets:  0
BC status:  4969 31 
BC subtype:  4969 24 7 

clinical_engagement 
diagnosis 
demography 
66 new agents 
6 dtreferralsatt6 smreferralsatt19 
disease_progression 
H-positive risk:  922 894 112 927 371 110 881 414 126 66 116 61 
H-negative risk:  894 922 881 927 414 371 110 112 116 126 61 66 
New BC onsets:  0
BC status:  4966 34 
BC subtype:  4966 27 7 

clinical_engagement 
diagnosis 
demography 
66 new agents 
10 dtreferralsatt10 smreferralsatt20 
disease_progression 
H-positive risk:  933 895 113 922 368 109 882 412 127 66 112 61 
H-negative risk:  895 933 882 922 412 368 109 113 112 127 61 66 
New BC onsets:  0
BC status:  4965 35 
BC subtype:  4965 28 7 

clinical_engagement 
diagnosis 
demography 
64 new agents 
6 dtreferralsatt6 smreferralsatt21 
disease_progression 
H-positive risk:  937 895 115 919 368 107 882 406 129 66 113 63 
H-negative risk:  895 937 882 919 406 368 107 115 113 129 63 66 
New BC onsets:  0
BC status:  4963 37 
BC subtype:  4963 30 7 

clinical_engagement 
diagnosis 
demography 
65 new agents 
16 dtreferralsatt16 smreferralsatt22 
disease_progression 
H-positive risk:  942 903 114 912 366 110 882 402 127 66 114 62 
H-negative risk:  903 942 882 912 402 366 110 114 114 127 62 66 
New BC onsets:  0
BC status:  4961 39 
BC subtype:  4961 32 7 

clinical_engagement 
diagnosis 
demography 
71 new agents 
10 dtreferralsatt10 smreferralsatt23 
disease_progression 
H-positive risk:  941 904 114 917 362 112 879 402 129 65 113 62 
H-negative risk:  904 941 879 917 402 362 112 114 113 129 62 65 
New BC onsets:  0
BC status:  4960 40 
BC subtype:  4960 33 7 

clinical_engagement 
diagnosis 
demography 
67 new agents 
12 dtreferralsatt12 smreferralsatt24 
disease_progression 
H-positive risk:  942 904 113 918 358 110 880 405 130 63 114 63 
H-negative risk:  904 942 880 918 405 358 110 113 114 130 63 63 
New BC onsets:  0
BC status:  4958 42 
BC subtype:  4958 35 7 

clinical_engagement 
diagnosis 
demography 
65 new agents 
10 dtreferralsatt10 smreferralsatt25 
disease_progression 
H-positive risk:  881 821 105 997 359 100 949 400 145 62 123 58 
H-negative risk:  821 881 949 997 400 359 100 105 123 145 58 62 
New BC onsets:  0
BC status:  4955 45 
BC subtype:  4955 37 8 

clinical_engagement 
diagnosis 
demography 
186 new agents 
17 dtreferralsatt17 smreferralsatt26 
disease_progression 
H-positive risk:  901 842 105 944 396 105 916 407 140 68 122 54 
H-negative risk:  842 901 916 944 407 396 105 105 122 140 54 68 
New BC onsets:  0
BC status:  4955 45 
BC subtype:  4955 38 7 

clinical_engagement 
diagnosis 
demography 
49 new agents 
12 dtreferralsatt12 smreferralsatt27 
disease_progression 
H-positive risk:  905 837 107 951 394 103 912 405 142 69 121 54 
H-negative risk:  837 905 912 951 405 394 103 107 121 142 54 69 
New BC onsets:  0
BC status:  4953 47 
BC subtype:  4953 40 7 

clinical_engagement 
diagnosis 
demography 
60 new agents 
11 dtreferralsatt11 smreferralsatt28 
disease_progression 
H-positive risk:  902 842 110 958 388 104 906 402 142 68 123 55 
H-negative risk:  842 902 906 958 402 388 104 110 123 142 55 68 
New BC onsets:  0
BC status:  4953 47 
BC subtype:  4953 39 8 

clinical_engagement 
diagnosis 
demography 
67 new agents 
11 dtreferralsatt11 smreferralsatt29 
disease_progression 
H-positive risk:  912 845 111 957 386 104 904 392 144 68 121 56 
H-negative risk:  845 912 904 957 392 386 104 111 121 144 56 68 
New BC onsets:  0
BC status:  4945 55 
BC subtype:  4945 46 9 

clinical_engagement 
diagnosis 
demography 
74 new agents 
8 dtreferralsatt8 smreferralsatt30 
disease_progression 
H-positive risk:  919 846 115 951 382 106 905 386 142 65 127 56 
H-negative risk:  846 919 905 951 386 382 106 115 127 142 56 65 
New BC onsets:  0
BC status:  4941 59 
BC subtype:  4941 51 8 

clinical_engagement 
diagnosis 
demography 
61 new agents 
9 dtreferralsatt9 smreferralsatt31 
disease_progression 
H-positive risk:  927 850 117 945 381 105 903 387 139 64 125 57 
H-negative risk:  850 927 903 945 387 381 105 117 125 139 57 64 
New BC onsets:  0
BC status:  4942 58 
BC subtype:  4942 49 9 

clinical_engagement 
diagnosis 
demography 
56 new agents 
14 dtreferralsatt14 smreferralsatt32 
disease_progression 
H-positive risk:  934 856 116 936 382 104 899 391 140 64 121 57 
H-negative risk:  856 934 899 936 391 382 104 116 121 140 57 64 
New BC onsets:  0
BC status:  4942 58 
BC subtype:  4942 49 9 

clinical_engagement 
diagnosis 
demography 
73 new agents 
12 dtreferralsatt12 smreferralsatt33 
disease_progression 
H-positive risk:  938 862 119 929 378 107 901 387 139 65 121 54 
H-negative risk:  862 938 901 929 387 378 107 119 121 139 54 65 
New BC onsets:  0
BC status:  4942 58 
BC subtype:  4942 50 8 

clinical_engagement 
diagnosis 
demography 
58 new agents 
11 dtreferralsatt11 smreferralsatt34 
disease_progression 
H-positive risk:  938 868 120 929 377 108 897 384 140 66 118 55 
H-negative risk:  868 938 897 929 384 377 108 120 118 140 55 66 
New BC onsets:  0
BC status:  4936 64 
BC subtype:  4936 53 11 

clinical_engagement 
diagnosis 
demography 
48 new agents 
9 dtreferralsatt9 smreferralsatt35 
disease_progression 
H-positive risk:  938 874 121 923 373 109 900 383 140 65 117 57 
H-negative risk:  874 938 900 923 383 373 109 121 117 140 57 65 
New BC onsets:  0
BC status:  4936 64 
BC subtype:  4936 53 11 

clinical_engagement 
diagnosis 
demography 
60 new agents 
8 dtreferralsatt8 smreferralsatt36 
disease_progression 
H-positive risk:  936 883 122 922 372 107 901 376 141 66 117 57 
H-negative risk:  883 936 901 922 376 372 107 122 117 141 57 66 
New BC onsets:  0
BC status:  4935 65 
BC subtype:  4935 54 11 

clinical_engagement 
diagnosis 
demography 
69 new agents 
14 dtreferralsatt14 smreferralsatt37 
disease_progression 
H-positive risk:  884 827 113 988 366 94 950 378 155 65 123 57 
H-negative risk:  827 884 950 988 378 366 94 113 123 155 57 65 
New BC onsets:  0
BC status:  4935 65 
BC subtype:  4935 54 11 

clinical_engagement 
diagnosis 
demography 
141 new agents 
8 dtreferralsatt8 smreferralsatt38 
disease_progression 
H-positive risk:  902 838 118 937 402 99 914 396 154 67 113 60 
H-negative risk:  838 902 914 937 396 402 99 118 113 154 60 67 
New BC onsets:  0
BC status:  4935 65 
BC subtype:  4935 54 11 

clinical_engagement 
diagnosis 
demography 
67 new agents 
11 dtreferralsatt11 smreferralsatt39 
disease_progression 
H-positive risk:  906 842 121 943 391 98 905 399 152 67 115 61 
H-negative risk:  842 906 905 943 399 391 98 121 115 152 61 67 
New BC onsets:  0
BC status:  4934 66 
BC subtype:  4934 54 12 

clinical_engagement 
diagnosis 
demography 
74 new agents 
15 dtreferralsatt15 smreferralsatt40 
disease_progression 
H-positive risk:  905 845 120 942 383 99 913 401 154 66 112 60 
H-negative risk:  845 905 913 942 401 383 99 120 112 154 60 66 
New BC onsets:  0
BC status:  4928 72 
BC subtype:  4928 59 13 

clinical_engagement 
diagnosis 
demography 
61 new agents 
7 dtreferralsatt7 smreferralsatt41 
disease_progression 
H-positive risk:  905 845 122 941 382 98 916 396 157 67 111 60 
H-negative risk:  845 905 916 941 396 382 98 122 111 157 60 67 
New BC onsets:  0
BC status:  4927 73 
BC subtype:  4927 60 13 

clinical_engagement 
diagnosis 
demography 
63 new agents 
17 dtreferralsatt17 smreferralsatt42 
disease_progression 
H-positive risk:  899 851 122 935 390 98 918 393 158 67 111 58 
H-negative risk:  851 899 918 935 393 390 98 122 111 158 58 67 
New BC onsets:  0
BC status:  4927 73 
BC subtype:  4927 58 15 

clinical_engagement 
diagnosis 
demography 
76 new agents 
15 dtreferralsatt15 smreferralsatt43 
disease_progression 
H-positive risk:  896 859 124 935 391 97 918 392 150 66 114 58 
H-negative risk:  859 896 918 935 392 391 97 124 114 150 58 66 
New BC onsets:  0
BC status:  4925 75 
BC subtype:  4925 60 15 

clinical_engagement 
diagnosis 
demography 
54 new agents 
7 dtreferralsatt7 smreferralsatt44 
disease_progression 
H-positive risk:  891 862 124 933 389 98 922 392 150 69 113 57 
H-negative risk:  862 891 922 933 392 389 98 124 113 150 57 69 
New BC onsets:  0
BC status:  4923 77 
BC subtype:  4923 61 16 

clinical_engagement 
diagnosis 
demography 
66 new agents 
10 dtreferralsatt10 smreferralsatt45 
disease_progression 
H-positive risk:  890 865 123 937 386 97 934 383 149 68 112 56 
H-negative risk:  865 890 934 937 383 386 97 123 112 149 56 68 
New BC onsets:  0
BC status:  4925 75 
BC subtype:  4925 60 15 

clinical_engagement 
diagnosis 
demography 
66 new agents 
9 dtreferralsatt9 smreferralsatt46 
disease_progression 
H-positive risk:  900 865 123 934 386 100 930 383 147 64 114 54 
H-negative risk:  865 900 930 934 383 386 100 123 114 147 54 64 
New BC onsets:  0
BC status:  4925 75 
BC subtype:  4925 60 15 

clinical_engagement 
diagnosis 
demography 
51 new agents 
8 dtreferralsatt8 smreferralsatt47 
disease_progression 
H-positive risk:  902 872 122 929 382 101 928 382 149 63 116 54 
H-negative risk:  872 902 928 929 382 382 101 122 116 149 54 63 
New BC onsets:  0
BC status:  4926 74 
BC subtype:  4926 58 16 

clinical_engagement 
diagnosis 
demography 
62 new agents 
10 dtreferralsatt10 smreferralsatt48 
disease_progression 
H-positive risk:  905 875 118 935 379 102 925 382 148 62 117 52 
H-negative risk:  875 905 925 935 382 379 102 118 117 148 52 62 
New BC onsets:  0
BC status:  4925 75 
BC subtype:  4925 59 16 

clinical_engagement 
diagnosis 
demography 
65 new agents 
12 dtreferralsatt12 smreferralsatt49 
disease_progression 
H-positive risk:  847 811 108 1008 377 97 983 376 152 63 128 50 
H-negative risk:  811 847 983 1008 376 377 97 108 128 152 50 63 
New BC onsets:  0
BC status:  4924 76 
BC subtype:  4924 61 15 

clinical_engagement 
diagnosis 
demography 
145 new agents 
11 dtreferralsatt11 smreferralsatt50 
disease_progression 
H-positive risk:  852 823 109 988 386 99 962 393 146 65 120 57 
H-negative risk:  823 852 962 988 393 386 99 109 120 146 57 65 
New BC onsets:  0
BC status:  4920 80 
BC subtype:  4920 66 14 

clinical_engagement 
diagnosis 
demography 
72 new agents 
9 dtreferralsatt9 smreferralsatt51 
disease_progression 
H-positive risk:  859 828 111 984 393 98 945 394 147 65 120 56 
H-negative risk:  828 859 945 984 394 393 98 111 120 147 56 65 
New BC onsets:  0
BC status:  4919 81 
BC subtype:  4919 67 14 

clinical_engagement 
diagnosis 
demography 
69 new agents 
7 dtreferralsatt7 smreferralsatt52 
disease_progression 
H-positive risk:  858 829 111 989 393 98 941 391 148 67 119 56 
H-negative risk:  829 858 941 989 391 393 98 111 119 148 56 67 
New BC onsets:  0
BC status:  4920 80 
BC subtype:  4920 66 14 

clinical_engagement 
diagnosis 
demography 
71 new agents 
8 dtreferralsatt8 smreferralsatt53 
disease_progression 
H-positive risk:  861 831 112 990 396 95 938 388 148 65 121 55 
H-negative risk:  831 861 938 990 388 396 95 112 121 148 55 65 
New BC onsets:  0
BC status:  4917 83 
BC subtype:  4917 69 14 

clinical_engagement 
diagnosis 
demography 
80 new agents 
10 dtreferralsatt10 smreferralsatt54 
disease_progression 
H-positive risk:  863 833 111 980 398 95 935 395 148 64 123 55 
H-negative risk:  833 863 935 980 395 398 95 111 123 148 55 64 
New BC onsets:  0
BC status:  4919 81 
BC subtype:  4919 68 13 

clinical_engagement 
diagnosis 
demography 
51 new agents 
13 dtreferralsatt13 smreferralsatt55 
disease_progression 
H-positive risk:  864 832 111 985 400 96 926 396 145 64 127 54 
H-negative risk:  832 864 926 985 396 400 96 111 127 145 54 64 
New BC onsets:  0
BC status:  4916 84 
BC subtype:  4916 70 14 

clinical_engagement 
diagnosis 
demography 
69 new agents 
11 dtreferralsatt11 smreferralsatt56 
disease_progression 
H-positive risk:  871 832 112 984 400 97 923 395 143 65 126 52 
H-negative risk:  832 871 923 984 395 400 97 112 126 143 52 65 
New BC onsets:  0
BC status:  4915 85 
BC subtype:  4915 70 15 

clinical_engagement 
diagnosis 
demography 
66 new agents 
9 dtreferralsatt9 smreferralsatt57 
disease_progression 
H-positive risk:  876 839 112 984 394 101 916 396 139 67 127 49 
H-negative risk:  839 876 916 984 396 394 101 112 127 139 49 67 
New BC onsets:  0
BC status:  4915 85 
BC subtype:  4915 72 13 

clinical_engagement 
diagnosis 
demography 
62 new agents 
8 dtreferralsatt8 smreferralsatt58 
disease_progression 
H-positive risk:  871 844 112 986 399 99 925 383 143 65 127 46 
H-negative risk:  844 871 925 986 383 399 99 112 127 143 46 65 
New BC onsets:  0
BC status:  4915 85 
BC subtype:  4915 72 13 

clinical_engagement 
diagnosis 
demography 
68 new agents 
9 dtreferralsatt9 smreferralsatt59 
disease_progression 
H-positive risk:  870 854 114 985 396 99 918 384 142 65 127 46 
H-negative risk:  854 870 918 985 384 396 99 114 127 142 46 65 
New BC onsets:  0
BC status:  4913 87 
BC subtype:  4913 74 13 

clinical_engagement 
diagnosis 
demography 
70 new agents 
5 dtreferralsatt5 smreferralsatt60 
disease_progression 
H-positive risk:  872 857 116 985 398 100 916 373 147 64 127 45 
H-negative risk:  857 872 916 985 373 398 100 116 127 147 45 64 
New BC onsets:  0
BC status:  4908 92 
BC subtype:  4908 76 16 

clinical_engagement 
diagnosis 
demography 
54 new agents 
6 dtreferralsatt6 smreferralsatt61 
disease_progression 
H-positive risk:  814 792 114 1048 390 95 985 371 151 63 132 45 
H-negative risk:  792 814 985 1048 371 390 95 114 132 151 45 63 
New BC onsets:  0
BC status:  4908 92 
BC subtype:  4908 76 16 

clinical_engagement 
diagnosis 
demography 
136 new agents 
6 dtreferralsatt6 smreferralsatt62 
disease_progression 
H-positive risk:  826 799 116 1025 428 98 948 385 144 58 131 42 
H-negative risk:  799 826 948 1025 385 428 98 116 131 144 42 58 
New BC onsets:  0
BC status:  4912 88 
BC subtype:  4912 74 14 

clinical_engagement 
diagnosis 
demography 
67 new agents 
11 dtreferralsatt11 smreferralsatt63 
disease_progression 
H-positive risk:  824 804 113 1007 433 99 951 386 144 60 139 40 
H-negative risk:  804 824 951 1007 386 433 99 113 139 144 40 60 
New BC onsets:  0
BC status:  4911 89 
BC subtype:  4911 75 14 

clinical_engagement 
diagnosis 
demography 
66 new agents 
8 dtreferralsatt8 smreferralsatt64 
disease_progression 
H-positive risk:  831 802 114 1011 428 100 948 384 142 62 138 40 
H-negative risk:  802 831 948 1011 384 428 100 114 138 142 40 62 
New BC onsets:  0
BC status:  4910 90 
BC subtype:  4910 77 13 

clinical_engagement 
diagnosis 
demography 
88 new agents 
8 dtreferralsatt8 smreferralsatt65 
disease_progression 
H-positive risk:  829 806 116 1016 418 104 948 383 135 67 137 41 
H-negative risk:  806 829 948 1016 383 418 104 116 137 135 41 67 
New BC onsets:  0
BC status:  4907 93 
BC subtype:  4907 79 14 

clinical_engagement 
diagnosis 
demography 
64 new agents 
6 dtreferralsatt6 smreferralsatt66 
disease_progression 
H-positive risk:  826 808 117 1017 419 106 946 383 133 67 138 40 
H-negative risk:  808 826 946 1017 383 419 106 117 138 133 40 67 
New BC onsets:  0
BC status:  4905 95 
BC subtype:  4905 81 14 

clinical_engagement 
diagnosis 
demography 
68 new agents 
10 dtreferralsatt10 smreferralsatt67 
disease_progression 
H-positive risk:  824 804 119 1014 424 108 946 382 131 69 139 40 
H-negative risk:  804 824 946 1014 382 424 108 119 139 131 40 69 
New BC onsets:  0
BC status:  4904 96 
BC subtype:  4904 82 14 

clinical_engagement 
diagnosis 
demography 
76 new agents 
11 dtreferralsatt11 smreferralsatt68 
disease_progression 
H-positive risk:  825 809 120 1019 415 106 949 378 132 70 140 37 
H-negative risk:  809 825 949 1019 378 415 106 120 140 132 37 70 
New BC onsets:  0
BC status:  4904 96 
BC subtype:  4904 81 15 

clinical_engagement 
diagnosis 
demography 
72 new agents 
10 dtreferralsatt10 smreferralsatt69 
disease_progression 
H-positive risk:  824 817 120 1016 413 106 952 373 136 66 139 38 
H-negative risk:  817 824 952 1016 373 413 106 120 139 136 38 66 
New BC onsets:  0
BC status:  4903 97 
BC subtype:  4903 82 15 

clinical_engagement 
diagnosis 
demography 
77 new agents 
10 dtreferralsatt10 smreferralsatt70 
disease_progression 
H-positive risk:  819 823 121 1010 407 107 957 377 133 67 137 42 
H-negative risk:  823 819 957 1010 377 407 107 121 137 133 42 67 
New BC onsets:  0
BC status:  4902 98 
BC subtype:  4902 83 15 

clinical_engagement 
diagnosis 
demography 
87 new agents 
15 dtreferralsatt15 smreferralsatt71 
disease_progression 
H-positive risk:  818 819 119 1030 396 110 953 374 132 65 142 42 
H-negative risk:  819 818 953 1030 374 396 110 119 142 132 42 65 
New BC onsets:  0
BC status:  4903 97 
BC subtype:  4903 80 17 

clinical_engagement 
diagnosis 
demography 
72 new agents 
12 dtreferralsatt12 smreferralsatt72 
disease_progression 
H-positive risk:  820 825 117 1038 383 112 957 370 132 63 140 43 
H-negative risk:  825 820 957 1038 370 383 112 117 140 132 43 63 
New BC onsets:  0
BC status:  4903 97 
BC subtype:  4903 78 19 

clinical_engagement 
diagnosis 
demography 
69 new agents 
11 dtreferralsatt11 smreferralsatt73 
disease_progression 
H-positive risk:  773 787 113 1080 378 109 1004 366 137 64 148 41 
H-negative risk:  787 773 1004 1080 366 378 109 113 148 137 41 64 
New BC onsets:  0
BC status:  4900 100 
BC subtype:  4900 80 20 

clinical_engagement 
diagnosis 
demography 
118 new agents 
8 dtreferralsatt8 smreferralsatt74 
disease_progression 
H-positive risk:  774 790 114 1058 394 108 998 371 136 59 152 46 
H-negative risk:  790 774 998 1058 371 394 108 114 152 136 46 59 
New BC onsets:  0
BC status:  4898 102 
BC subtype:  4898 83 19 

clinical_engagement 
diagnosis 
demography 
92 new agents 
13 dtreferralsatt13 smreferralsatt75 
disease_progression 
H-positive risk:  771 788 115 1052 399 112 996 373 138 59 152 45 
H-negative risk:  788 771 996 1052 373 399 112 115 152 138 45 59 
New BC onsets:  0
BC status:  4902 98 
BC subtype:  4902 79 19 

clinical_engagement 
diagnosis 
demography 
75 new agents 
7 dtreferralsatt7 smreferralsatt76 
disease_progression 
H-positive risk:  780 790 116 1043 399 111 1006 369 134 57 154 41 
H-negative risk:  790 780 1006 1043 369 399 111 116 154 134 41 57 
New BC onsets:  0
BC status:  4903 97 
BC subtype:  4903 79 18 

clinical_engagement 
diagnosis 
demography 
56 new agents 
12 dtreferralsatt12 smreferralsatt77 
disease_progression 
H-positive risk:  781 789 115 1050 399 111 1003 367 133 56 155 41 
H-negative risk:  789 781 1003 1050 367 399 111 115 155 133 41 56 
New BC onsets:  0
BC status:  4902 98 
BC subtype:  4902 80 18 

clinical_engagement 
diagnosis 
demography 
77 new agents 
9 dtreferralsatt9 smreferralsatt78 
disease_progression 
H-positive risk:  791 787 116 1044 391 112 1008 365 135 57 149 45 
H-negative risk:  787 791 1008 1044 365 391 112 116 149 135 45 57 
New BC onsets:  0
BC status:  4902 98 
BC subtype:  4902 80 18 

clinical_engagement 
diagnosis 
demography 
78 new agents 
10 dtreferralsatt10 smreferralsatt79 
disease_progression 
H-positive risk:  792 788 115 1049 389 113 1003 363 137 57 148 46 
H-negative risk:  788 792 1003 1049 363 389 113 115 148 137 46 57 
New BC onsets:  0
BC status:  4899 101 
BC subtype:  4899 83 18 

clinical_engagement 
diagnosis 
demography 
65 new agents 
6 dtreferralsatt6 smreferralsatt80 
disease_progression 
H-positive risk:  792 793 115 1045 383 111 1008 362 140 56 149 46 
H-negative risk:  793 792 1008 1045 362 383 111 115 149 140 46 56 
New BC onsets:  0
BC status:  4899 101 
BC subtype:  4899 84 17 

clinical_engagement 
diagnosis 
demography 
63 new agents 
11 dtreferralsatt11 smreferralsatt81 
disease_progression 
H-positive risk:  798 793 115 1040 379 109 1004 369 141 55 151 46 
H-negative risk:  793 798 1004 1040 369 379 109 115 151 141 46 55 
New BC onsets:  0
BC status:  4898 102 
BC subtype:  4898 85 17 

clinical_engagement 
diagnosis 
demography 
65 new agents 
14 dtreferralsatt14 smreferralsatt82 
disease_progression 
H-positive risk:  802 790 115 1040 379 110 1007 370 142 51 151 43 
H-negative risk:  790 802 1007 1040 370 379 110 115 151 142 43 51 
New BC onsets:  0
BC status:  4896 104 
BC subtype:  4896 88 16 

clinical_engagement 
diagnosis 
demography 
76 new agents 
10 dtreferralsatt10 smreferralsatt83 
disease_progression 
H-positive risk:  805 791 115 1036 379 111 1010 367 144 49 150 43 
H-negative risk:  791 805 1010 1036 367 379 111 115 150 144 43 49 
New BC onsets:  0
BC status:  4899 101 
BC subtype:  4899 85 16 

clinical_engagement 
diagnosis 
demography 
67 new agents 
4 dtreferralsatt4 smreferralsatt84 
disease_progression 
H-positive risk:  812 798 115 1024 376 113 1009 364 148 48 149 44 
H-negative risk:  798 812 1009 1024 364 376 113 115 149 148 44 48 
New BC onsets:  0
BC status:  4898 102 
BC subtype:  4898 86 16 

clinical_engagement 
diagnosis 
demography 
78 new agents 
9 dtreferralsatt9 smreferralsatt85 
disease_progression 
H-positive risk:  773 759 110 1061 376 106 1054 363 155 47 154 42 
H-negative risk:  759 773 1054 1061 363 376 106 110 154 155 42 47 
New BC onsets:  0
BC status:  4899 101 
BC subtype:  4899 85 16 

clinical_engagement 
diagnosis 
demography 
109 new agents 
6 dtreferralsatt6 smreferralsatt86 
disease_progression 
H-positive risk:  774 763 107 1042 392 106 1051 379 146 47 149 44 
H-negative risk:  763 774 1051 1042 379 392 106 107 149 146 44 47 
New BC onsets:  0
BC status:  4898 102 
BC subtype:  4898 87 15 

clinical_engagement 
diagnosis 
demography 
84 new agents 
8 dtreferralsatt8 smreferralsatt87 
disease_progression 
H-positive risk:  778 762 107 1043 388 105 1050 380 146 45 150 46 
H-negative risk:  762 778 1050 1043 380 388 105 107 150 146 46 45 
New BC onsets:  0
BC status:  4897 103 
BC subtype:  4897 88 15 

clinical_engagement 
diagnosis 
demography 
71 new agents 
10 dtreferralsatt10 smreferralsatt88 
disease_progression 
H-positive risk:  779 760 106 1044 389 103 1054 380 145 45 150 45 
H-negative risk:  760 779 1054 1044 380 389 103 106 150 145 45 45 
New BC onsets:  0
BC status:  4899 101 
BC subtype:  4899 87 14 

clinical_engagement 
diagnosis 
demography 
87 new agents 
8 dtreferralsatt8 smreferralsatt89 
disease_progression 
H-positive risk:  784 751 109 1054 378 99 1058 384 146 46 148 43 
H-negative risk:  751 784 1058 1054 384 378 99 109 148 146 43 46 
New BC onsets:  0
BC status:  4900 100 
BC subtype:  4900 86 14 

clinical_engagement 
diagnosis 
demography 
65 new agents 
7 dtreferralsatt7 smreferralsatt90 
disease_progression 
H-positive risk:  782 750 107 1068 368 99 1054 385 145 46 149 47 
H-negative risk:  750 782 1054 1068 385 368 99 107 149 145 47 46 
New BC onsets:  0
BC status:  4902 98 
BC subtype:  4902 84 14 

clinical_engagement 
diagnosis 
demography 
80 new agents 
10 dtreferralsatt10 smreferralsatt91 
disease_progression 
H-positive risk:  790 747 109 1066 365 102 1051 386 142 47 150 45 
H-negative risk:  747 790 1051 1066 386 365 102 109 150 142 45 47 
New BC onsets:  0
BC status:  4897 103 
BC subtype:  4897 86 17 

clinical_engagement 
diagnosis 
demography 
50 new agents 
7 dtreferralsatt7 smreferralsatt92 
disease_progression 
H-positive risk:  795 750 110 1056 367 104 1058 377 141 47 151 44 
H-negative risk:  750 795 1058 1056 377 367 104 110 151 141 44 47 
New BC onsets:  0
BC status:  4897 103 
BC subtype:  4897 85 18 

clinical_engagement 
diagnosis 
demography 
79 new agents 
12 dtreferralsatt12 smreferralsatt93 
disease_progression 
H-positive risk:  804 752 106 1053 367 106 1048 380 142 47 150 45 
H-negative risk:  752 804 1048 1053 380 367 106 106 150 142 45 47 
New BC onsets:  0
BC status:  4896 104 
BC subtype:  4896 86 18 

clinical_engagement 
diagnosis 
demography 
60 new agents 
7 dtreferralsatt7 smreferralsatt94 
disease_progression 
H-positive risk:  811 754 107 1053 363 107 1050 372 142 49 148 44 
H-negative risk:  754 811 1050 1053 372 363 107 107 148 142 44 49 
New BC onsets:  0
BC status:  4895 105 
BC subtype:  4895 87 18 

clinical_engagement 
diagnosis 
demography 
67 new agents 
13 dtreferralsatt13 smreferralsatt95 
disease_progression 
H-positive risk:  814 751 106 1059 355 107 1058 368 142 48 148 44 
H-negative risk:  751 814 1058 1059 368 355 107 106 148 142 44 48 
New BC onsets:  0
BC status:  4900 100 
BC subtype:  4900 83 17 

clinical_engagement 
diagnosis 
demography 
70 new agents 
5 dtreferralsatt5 smreferralsatt96 
disease_progression 
H-positive risk:  817 748 105 1063 356 108 1061 358 141 51 147 45 
H-negative risk:  748 817 1061 1063 358 356 108 105 147 141 45 51 
New BC onsets:  0
BC status:  4900 100 
BC subtype:  4900 81 19 

clinical_engagement 
diagnosis 
demography 
67 new agents 
14 dtreferralsatt14 smreferralsatt97 
disease_progression 
H-positive risk:  773 692 99 1119 355 112 1096 361 142 50 155 46 
H-negative risk:  692 773 1096 1119 361 355 112 99 155 142 46 50 
New BC onsets:  0
BC status:  4900 100 
BC subtype:  4900 81 19 

clinical_engagement 
diagnosis 
demography 
109 new agents 
12 dtreferralsatt12 smreferralsatt98 
disease_progression 
H-positive risk:  769 690 99 1107 372 106 1086 370 143 52 161 45 
H-negative risk:  690 769 1086 1107 370 372 106 99 161 143 45 52 
New BC onsets:  0
BC status:  4898 102 
BC subtype:  4898 83 19 

clinical_engagement 
diagnosis 
demography 
80 new agents 
4 dtreferralsatt4 smreferralsatt99 
disease_progression 
H-positive risk:  770 694 97 1104 373 107 1079 373 144 53 157 49 
H-negative risk:  694 770 1079 1104 373 373 107 97 157 144 49 53 
New BC onsets:  0
BC status:  4897 103 
BC subtype:  4897 85 18 

clinical_engagement 
diagnosis 
demography 
67 new agents 
13 dtreferralsatt13 smreferralsatt100 
disease_progression 
H-positive risk:  770 689 97 1108 376 107 1073 380 142 55 154 49 
H-negative risk:  689 770 1073 1108 380 376 107 97 154 142 49 55 
New BC onsets:  0
BC status:  4898 102 
BC subtype:  4898 84 18 

clinical_engagement 
diagnosis 
demography 
89 new agents 
9 dtreferralsatt9 smreferralsatt101 
disease_progression 
H-positive risk:  778 696 92 1108 371 105 1073 378 143 53 151 52 
H-negative risk:  696 778 1073 1108 378 371 105 92 151 143 52 53 
New BC onsets:  0
BC status:  4894 106 
BC subtype:  4894 85 21 

clinical_engagement 
diagnosis 
demography 
70 new agents 
9 dtreferralsatt9 smreferralsatt102 
disease_progression 
H-positive risk:  778 695 96 1112 368 106 1068 376 141 53 150 57 
H-negative risk:  695 778 1068 1112 376 368 106 96 150 141 57 53 
New BC onsets:  0
BC status:  4892 108 
BC subtype:  4892 86 22 

clinical_engagement 
diagnosis 
demography 
66 new agents 
13 dtreferralsatt13 smreferralsatt103 
disease_progression 
H-positive risk:  777 694 97 1105 368 103 1075 376 144 54 151 56 
H-negative risk:  694 777 1075 1105 376 368 103 97 151 144 56 54 
New BC onsets:  0
BC status:  4892 108 
BC subtype:  4892 86 22 

clinical_engagement 
diagnosis 
demography 
78 new agents 
8 dtreferralsatt8 smreferralsatt104 
disease_progression 
H-positive risk:  774 688 99 1105 368 103 1083 377 144 51 153 55 
H-negative risk:  688 774 1083 1105 377 368 103 99 153 144 55 51 
New BC onsets:  0
BC status:  4890 110 
BC subtype:  4890 88 22 

clinical_engagement 
diagnosis 
demography 
70 new agents 
12 dtreferralsatt12 smreferralsatt105 
disease_progression 
H-positive risk:  770 693 100 1109 365 102 1086 376 144 48 152 55 
H-negative risk:  693 770 1086 1109 376 365 102 100 152 144 55 48 
New BC onsets:  0
BC status:  4895 105 
BC subtype:  4895 84 21 

clinical_engagement 
diagnosis 
demography 
74 new agents 
12 dtreferralsatt12 smreferralsatt106 
disease_progression 
H-positive risk:  769 702 98 1110 360 100 1094 369 147 47 148 56 
H-negative risk:  702 769 1094 1110 369 360 100 98 148 147 56 47 
New BC onsets:  0
BC status:  4897 103 
BC subtype:  4897 82 21 

clinical_engagement 
diagnosis 
demography 
64 new agents 
5 dtreferralsatt5 smreferralsatt107 
disease_progression 
H-positive risk:  773 696 99 1113 357 99 1091 372 149 47 150 54 
H-negative risk:  696 773 1091 1113 372 357 99 99 150 149 54 47 
New BC onsets:  0
BC status:  4895 105 
BC subtype:  4895 81 24 

clinical_engagement 
diagnosis 
demography 
80 new agents 
11 dtreferralsatt11 smreferralsatt108 
disease_progression 
H-positive risk:  775 703 99 1115 359 97 1084 371 149 45 150 53 
H-negative risk:  703 775 1084 1115 371 359 97 99 150 149 53 45 
New BC onsets:  0
BC status:  4891 109 
BC subtype:  4891 84 25 

clinical_engagement 
diagnosis 
demography 
65 new agents 
11 dtreferralsatt11 smreferralsatt109 
disease_progression 
H-positive risk:  739 670 94 1147 355 94 1120 378 154 43 155 51 
H-negative risk:  670 739 1120 1147 378 355 94 94 155 154 51 43 
New BC onsets:  0
BC status:  4895 105 
BC subtype:  4895 83 22 

clinical_engagement 
diagnosis 
demography 
98 new agents 
15 dtreferralsatt15 smreferralsatt110 
disease_progression 
H-positive risk:  742 672 96 1141 361 91 1087 406 155 43 159 47 
H-negative risk:  672 742 1087 1141 406 361 91 96 159 155 47 43 
New BC onsets:  0
BC status:  4895 105 
BC subtype:  4895 82 23 

clinical_engagement 
diagnosis 
demography 
80 new agents 
13 dtreferralsatt13 smreferralsatt111 
disease_progression 
H-positive risk:  744 669 96 1139 366 90 1079 411 155 45 159 47 
H-negative risk:  669 744 1079 1139 411 366 90 96 159 155 47 45 
New BC onsets:  0
BC status:  4893 107 
BC subtype:  4893 84 23 

clinical_engagement 
diagnosis 
demography 
82 new agents 
11 dtreferralsatt11 smreferralsatt112 
disease_progression 
H-positive risk:  742 675 97 1136 370 91 1067 418 155 47 159 43 
H-negative risk:  675 742 1067 1136 418 370 91 97 159 155 43 47 
New BC onsets:  0
BC status:  4888 112 
BC subtype:  4888 89 23 

clinical_engagement 
diagnosis 
demography 
84 new agents 
7 dtreferralsatt7 smreferralsatt113 
disease_progression 
H-positive risk:  741 686 96 1126 366 91 1059 426 156 47 161 45 
H-negative risk:  686 741 1059 1126 426 366 91 96 161 156 45 47 
New BC onsets:  0
BC status:  4888 112 
BC subtype:  4888 89 23 

clinical_engagement 
diagnosis 
demography 
77 new agents 
9 dtreferralsatt9 smreferralsatt114 
disease_progression 
H-positive risk:  751 690 96 1127 367 88 1053 421 159 47 156 45 
H-negative risk:  690 751 1053 1127 421 367 88 96 156 159 45 47 
New BC onsets:  0
BC status:  4890 110 
BC subtype:  4890 88 22 

clinical_engagement 
diagnosis 
demography 
79 new agents 
7 dtreferralsatt7 smreferralsatt115 
disease_progression 
H-positive risk:  751 690 96 1127 366 87 1052 421 161 47 155 47 
H-negative risk:  690 751 1052 1127 421 366 87 96 155 161 47 47 
New BC onsets:  0
BC status:  4890 110 
BC subtype:  4890 88 22 

clinical_engagement 
diagnosis 
demography 
78 new agents 
13 dtreferralsatt13 smreferralsatt116 
disease_progression 
H-positive risk:  754 691 97 1135 367 90 1046 415 161 47 149 48 
H-negative risk:  691 754 1046 1135 415 367 90 97 149 161 48 47 
New BC onsets:  0
BC status:  4891 109 
BC subtype:  4891 88 21 

clinical_engagement 
diagnosis 
demography 
63 new agents 
14 dtreferralsatt14 smreferralsatt117 
disease_progression 
H-positive risk:  762 694 93 1139 362 89 1044 413 160 46 149 49 
H-negative risk:  694 762 1044 1139 413 362 89 93 149 160 49 46 
New BC onsets:  0
BC status:  4891 109 
BC subtype:  4891 87 22 

clinical_engagement 
diagnosis 
demography 
52 new agents 
11 dtreferralsatt11 smreferralsatt118 
disease_progression 
H-positive risk:  762 686 96 1134 365 90 1049 413 161 46 148 50 
H-negative risk:  686 762 1049 1134 413 365 90 96 148 161 50 46 
New BC onsets:  0
BC status:  4892 108 
BC subtype:  4892 87 21 

clinical_engagement 
diagnosis 
demography 
64 new agents 
12 dtreferralsatt12 smreferralsatt119 
disease_progression 
H-positive risk:  761 686 98 1135 368 90 1047 406 162 48 146 53 
H-negative risk:  686 761 1047 1135 406 368 90 98 146 162 53 48 
New BC onsets:  0
BC status:  4892 108 
BC subtype:  4892 86 22 

clinical_engagement 
diagnosis 
demography 
87 new agents 
9 dtreferralsatt9 smreferralsatt120 
disease_progression 
H-positive risk:  756 689 100 1136 364 90 1043 412 165 47 145 53 
H-negative risk:  689 756 1043 1136 412 364 90 100 145 165 53 47 
New BC onsets:  0
BC status:  4895 105 
BC subtype:  4895 85 20 

clinical_engagement 
diagnosis 
demography 
74 new agents 
7 dtreferralsatt7 smreferralsatt121 
disease_progression 
H-positive risk:  715 653 93 1168 364 83 1089 415 168 48 152 52 
H-negative risk:  653 715 1089 1168 415 364 83 93 152 168 52 48 
New BC onsets:  0
BC status:  4893 107 
BC subtype:  4893 87 20 

clinical_engagement 
diagnosis 
demography 
101 new agents 
9 dtreferralsatt9 smreferralsatt122 
disease_progression 
H-positive risk:  708 649 93 1164 376 84 1078 429 163 49 151 56 
H-negative risk:  649 708 1078 1164 429 376 84 93 151 163 56 49 
New BC onsets:  0
BC status:  4892 108 
BC subtype:  4892 86 22 

clinical_engagement 
diagnosis 
demography 
73 new agents 
9 dtreferralsatt9 smreferralsatt123 
disease_progression 
H-positive risk:  714 656 92 1164 382 85 1079 418 160 47 144 59 
H-negative risk:  656 714 1079 1164 418 382 85 92 144 160 59 47 
New BC onsets:  0
BC status:  4895 105 
BC subtype:  4895 82 23 

clinical_engagement 
diagnosis 
demography 
79 new agents 
10 dtreferralsatt10 smreferralsatt124 
disease_progression 
H-positive risk:  719 655 93 1159 383 85 1083 412 159 50 142 60 
H-negative risk:  655 719 1083 1159 412 383 85 93 142 159 60 50 
New BC onsets:  0
BC status:  4897 103 
BC subtype:  4897 80 23 

clinical_engagement 
diagnosis 
demography 
70 new agents 
9 dtreferralsatt9 smreferralsatt125 
disease_progression 
H-positive risk:  715 654 95 1157 386 85 1088 405 156 51 147 61 
H-negative risk:  654 715 1088 1157 405 386 85 95 147 156 61 51 
New BC onsets:  0
BC status:  4893 107 
BC subtype:  4893 80 27 

clinical_engagement 
diagnosis 
demography 
80 new agents 
8 dtreferralsatt8 smreferralsatt126 
disease_progression 
H-positive risk:  719 658 98 1156 383 86 1087 399 157 52 147 58 
H-negative risk:  658 719 1087 1156 399 383 86 98 147 157 58 52 
New BC onsets:  0
BC status:  4892 108 
BC subtype:  4892 80 28 

clinical_engagement 
diagnosis 
demography 
77 new agents 
11 dtreferralsatt11 smreferralsatt127 
disease_progression 
H-positive risk:  717 660 97 1155 382 84 1100 392 159 51 145 58 
H-negative risk:  660 717 1100 1155 392 382 84 97 145 159 58 51 
New BC onsets:  0
BC status:  4888 112 
BC subtype:  4888 84 28 

clinical_engagement 
diagnosis 
demography 
66 new agents 
8 dtreferralsatt8 smreferralsatt128 
disease_progression 
H-positive risk:  711 657 95 1155 385 83 1104 390 161 54 146 59 
H-negative risk:  657 711 1104 1155 390 385 83 95 146 161 59 54 
New BC onsets:  0
BC status:  4888 112 
BC subtype:  4888 84 28 

clinical_engagement 
diagnosis 
demography 
70 new agents 
8 dtreferralsatt8 smreferralsatt129 
disease_progression 
H-positive risk:  716 652 95 1154 382 81 1104 393 164 57 144 58 
H-negative risk:  652 716 1104 1154 393 382 81 95 144 164 58 57 
New BC onsets:  0
BC status:  4888 112 
BC subtype:  4888 83 29 

clinical_engagement 
diagnosis 
demography 
82 new agents 
12 dtreferralsatt12 smreferralsatt130 
disease_progression 
H-positive risk:  725 651 95 1150 377 82 1094 399 166 61 143 57 
H-negative risk:  651 725 1094 1150 399 377 82 95 143 166 57 61 
New BC onsets:  0
BC status:  4888 112 
BC subtype:  4888 82 30 

clinical_engagement 
diagnosis 
demography 
72 new agents 
14 dtreferralsatt14 smreferralsatt131 
disease_progression 
H-positive risk:  718 652 93 1156 375 82 1098 398 165 59 146 58 
H-negative risk:  652 718 1098 1156 398 375 82 93 146 165 58 59 
New BC onsets:  0
BC status:  4887 113 
BC subtype:  4887 83 30 

clinical_engagement 
diagnosis 
demography 
69 new agents 
4 dtreferralsatt4 smreferralsatt132 
disease_progression 
H-positive risk:  721 659 95 1151 379 81 1096 392 164 59 146 57 
H-negative risk:  659 721 1096 1151 392 379 81 95 146 164 57 59 
New BC onsets:  0
BC status:  4889 111 
BC subtype:  4889 80 31 

clinical_engagement 
diagnosis 
demography 
70 new agents 
9 dtreferralsatt9 smreferralsatt133 
disease_progression 
H-positive risk:  709 650 93 1155 390 80 1111 386 161 60 147 58 
H-negative risk:  650 709 1111 1155 386 390 80 93 147 161 58 60 
New BC onsets:  0
BC status:  4893 107 
BC subtype:  4893 76 31 

clinical_engagement 
diagnosis 
demography 
95 new agents 
11 dtreferralsatt11 smreferralsatt134 
disease_progression 
H-positive risk:  698 652 94 1150 396 82 1104 393 163 62 145 61 
H-negative risk:  652 698 1104 1150 393 396 82 94 145 163 61 62 
New BC onsets:  0
BC status:  4895 105 
BC subtype:  4895 74 31 

clinical_engagement 
diagnosis 
demography 
78 new agents 
13 dtreferralsatt13 smreferralsatt135 
disease_progression 
H-positive risk:  708 644 93 1147 400 82 1098 388 166 63 149 62 
H-negative risk:  644 708 1098 1147 388 400 82 93 149 166 62 63 
New BC onsets:  0
BC status:  4894 106 
BC subtype:  4894 76 30 

clinical_engagement 
diagnosis 
demography 
73 new agents 
11 dtreferralsatt11 smreferralsatt136 
disease_progression 
H-positive risk:  700 654 95 1150 401 79 1097 384 162 64 150 64 
H-negative risk:  654 700 1097 1150 384 401 79 95 150 162 64 64 
New BC onsets:  0
BC status:  4894 106 
BC subtype:  4894 75 31 

clinical_engagement 
diagnosis 
demography 
82 new agents 
12 dtreferralsatt12 smreferralsatt137 
disease_progression 
H-positive risk:  704 656 92 1146 396 80 1099 382 163 65 151 66 
H-negative risk:  656 704 1099 1146 382 396 80 92 151 163 66 65 
New BC onsets:  0
BC status:  4896 104 
BC subtype:  4896 73 31 

clinical_engagement 
diagnosis 
demography 
77 new agents 
17 dtreferralsatt17 smreferralsatt138 
disease_progression 
H-positive risk:  706 655 91 1148 398 78 1107 379 161 63 149 65 
H-negative risk:  655 706 1107 1148 379 398 78 91 149 161 65 63 
New BC onsets:  0
BC status:  4893 107 
BC subtype:  4893 74 33 

clinical_engagement 
diagnosis 
demography 
65 new agents 
13 dtreferralsatt13 smreferralsatt139 
disease_progression 
H-positive risk:  711 661 91 1152 392 77 1104 376 161 64 148 63 
H-negative risk:  661 711 1104 1152 376 392 77 91 148 161 63 64 
New BC onsets:  0
BC status:  4898 102 
BC subtype:  4898 73 29 

clinical_engagement 
diagnosis 
demography 
79 new agents 
13 dtreferralsatt13 smreferralsatt140 
disease_progression 
H-positive risk:  702 651 90 1163 398 78 1107 370 164 66 149 62 
H-negative risk:  651 702 1107 1163 370 398 78 90 149 164 62 66 
New BC onsets:  0
BC status:  4898 102 
BC subtype:  4898 73 29 

clinical_engagement 
diagnosis 
demography 
76 new agents 
10 dtreferralsatt10 smreferralsatt141 
disease_progression 
H-positive risk:  695 650 92 1165 395 76 1119 372 164 64 148 60 
H-negative risk:  650 695 1119 1165 372 395 76 92 148 164 60 64 
New BC onsets:  0
BC status:  4895 105 
BC subtype:  4895 73 32 

clinical_engagement 
diagnosis 
demography 
70 new agents 
11 dtreferralsatt11 smreferralsatt142 
disease_progression 
H-positive risk:  694 650 93 1165 394 75 1119 371 165 66 151 57 
H-negative risk:  650 694 1119 1165 371 394 75 93 151 165 57 66 
New BC onsets:  0
BC status:  4897 103 
BC subtype:  4897 72 31 

clinical_engagement 
diagnosis 
demography 
80 new agents 
12 dtreferralsatt12 smreferralsatt143 
disease_progression 
H-positive risk:  692 652 93 1170 391 76 1123 367 164 68 150 54 
H-negative risk:  652 692 1123 1170 367 391 76 93 150 164 54 68 
New BC onsets:  0
BC status:  4900 100 
BC subtype:  4900 69 31 

clinical_engagement 
diagnosis 
demography 
80 new agents 
15 dtreferralsatt15 smreferralsatt144 
disease_progression 
H-positive risk:  692 655 92 1164 387 77 1128 368 167 67 150 53 
H-negative risk:  655 692 1128 1164 368 387 77 92 150 167 53 67 
New BC onsets:  0
BC status:  4902 98 
BC subtype:  4902 69 29 

clinical_engagement 
diagnosis 
demography 
84 new agents 
9 dtreferralsatt9 smreferralsatt145 
disease_progression 
H-positive risk:  690 649 96 1167 396 80 1130 359 167 66 148 52 
H-negative risk:  649 690 1130 1167 359 396 80 96 148 167 52 66 
New BC onsets:  0
BC status:  4902 98 
BC subtype:  4902 69 29 

clinical_engagement 
diagnosis 
demography 
104 new agents 
9 dtreferralsatt9 smreferralsatt146 
disease_progression 
H-positive risk:  688 644 97 1160 404 80 1121 370 164 66 151 55 
H-negative risk:  644 688 1121 1160 370 404 80 97 151 164 55 66 
New BC onsets:  0
BC status:  4899 101 
BC subtype:  4899 72 29 

clinical_engagement 
diagnosis 
demography 
68 new agents 
11 dtreferralsatt11 smreferralsatt147 
disease_progression 
H-positive risk:  678 650 100 1161 395 82 1122 370 165 67 155 55 
H-negative risk:  650 678 1122 1161 370 395 82 100 155 165 55 67 
New BC onsets:  0
BC status:  4900 100 
BC subtype:  4900 72 28 

clinical_engagement 
diagnosis 
demography 
87 new agents 
7 dtreferralsatt7 smreferralsatt148 
disease_progression 
H-positive risk:  673 649 98 1156 404 85 1133 360 164 68 155 55 
H-negative risk:  649 673 1133 1156 360 404 85 98 155 164 55 68 
New BC onsets:  0
BC status:  4900 100 
BC subtype:  4900 72 28 

clinical_engagement 
diagnosis 
demography 
71 new agents 
14 dtreferralsatt14 smreferralsatt149 
disease_progression 
H-positive risk:  672 651 97 1164 405 85 1125 358 160 70 157 56 
H-negative risk:  651 672 1125 1164 358 405 85 97 157 160 56 70 
New BC onsets:  0
BC status:  4897 103 
BC subtype:  4897 75 28 

clinical_engagement 
diagnosis 
demography 
72 new agents 
8 dtreferralsatt8 smreferralsatt150 
disease_progression 
H-positive risk:  673 656 95 1150 408 85 1133 358 158 70 160 54 
H-negative risk:  656 673 1133 1150 358 408 85 95 160 158 54 70 
New BC onsets:  0
BC status:  4895 105 
BC subtype:  4895 77 28 

clinical_engagement 
diagnosis 
demography 
57 new agents 
12 dtreferralsatt12 smreferralsatt151 
disease_progression 
H-positive risk:  670 656 95 1152 407 85 1138 358 159 67 160 53 
H-negative risk:  656 670 1138 1152 358 407 85 95 160 159 53 67 
New BC onsets:  0
BC status:  4894 106 
BC subtype:  4894 78 28 

clinical_engagement 
diagnosis 
demography 
81 new agents 
13 dtreferralsatt13 smreferralsatt152 
disease_progression 
H-positive risk:  673 659 96 1137 412 88 1140 360 158 67 159 51 
H-negative risk:  659 673 1140 1137 360 412 88 96 159 158 51 67 
New BC onsets:  0
BC status:  4894 106 
BC subtype:  4894 78 28 

clinical_engagement 
diagnosis 
demography 
82 new agents 
8 dtreferralsatt8 smreferralsatt153 
disease_progression 
H-positive risk:  675 660 95 1141 414 87 1138 357 154 70 160 49 
H-negative risk:  660 675 1138 1141 357 414 87 95 160 154 49 70 
New BC onsets:  0
BC status:  4891 109 
BC subtype:  4891 80 29 

clinical_engagement 
diagnosis 
demography 
78 new agents 
7 dtreferralsatt7 smreferralsatt154 
disease_progression 
H-positive risk:  673 664 95 1139 420 89 1130 362 152 68 160 48 
H-negative risk:  664 673 1130 1139 362 420 89 95 160 152 48 68 
New BC onsets:  0
BC status:  4890 110 
BC subtype:  4890 80 30 

clinical_engagement 
diagnosis 
demography 
66 new agents 
13 dtreferralsatt13 smreferralsatt155 
disease_progression 
H-positive risk:  682 666 92 1130 422 91 1127 362 153 68 159 48 
H-negative risk:  666 682 1127 1130 362 422 91 92 159 153 48 68 
New BC onsets:  0
BC status:  4890 110 
BC subtype:  4890 82 28 

clinical_engagement 
diagnosis 
demography 
87 new agents 
7 dtreferralsatt7 smreferralsatt156 
disease_progression 
H-positive risk:  683 667 91 1143 419 91 1126 357 154 67 159 43 
H-negative risk:  667 683 1126 1143 357 419 91 91 159 154 43 67 
New BC onsets:  0
BC status:  4889 111 
BC subtype:  4889 83 28 

clinical_engagement 
diagnosis 
demography 
72 new agents 
11 dtreferralsatt11 smreferralsatt157 
disease_progression 
H-positive risk:  679 666 91 1141 418 89 1143 350 151 69 160 43 
H-negative risk:  666 679 1143 1141 350 418 89 91 160 151 43 69 
New BC onsets:  0
BC status:  4891 109 
BC subtype:  4891 82 27 

clinical_engagement 
diagnosis 
demography 
93 new agents 
6 dtreferralsatt6 smreferralsatt158 
disease_progression 
H-positive risk:  667 672 90 1145 418 89 1144 356 151 62 164 42 
H-negative risk:  672 667 1144 1145 356 418 89 90 164 151 42 62 
New BC onsets:  0
BC status:  4888 112 
BC subtype:  4888 82 30 

clinical_engagement 
diagnosis 
demography 
78 new agents 
6 dtreferralsatt6 smreferralsatt159 
disease_progression 
H-positive risk:  666 672 89 1144 424 95 1138 353 153 61 162 43 
H-negative risk:  672 666 1138 1144 353 424 95 89 162 153 43 61 
New BC onsets:  0
BC status:  4889 111 
BC subtype:  4889 82 29 

clinical_engagement 
diagnosis 
demography 
80 new agents 
13 dtreferralsatt13 smreferralsatt160 
disease_progression 
H-positive risk:  666 678 85 1140 423 99 1138 346 157 60 167 41 
H-negative risk:  678 666 1138 1140 346 423 99 85 167 157 41 60 
New BC onsets:  0
BC status:  4890 110 
BC subtype:  4890 83 27 

clinical_engagement 
diagnosis 
demography 
76 new agents 
8 dtreferralsatt8 smreferralsatt161 
disease_progression 
H-positive risk:  666 682 84 1146 422 101 1138 340 152 61 166 42 
H-negative risk:  682 666 1138 1146 340 422 101 84 166 152 42 61 
New BC onsets:  0
BC status:  4887 113 
BC subtype:  4887 81 32 

clinical_engagement 
diagnosis 
demography 
65 new agents 
6 dtreferralsatt6 smreferralsatt162 
disease_progression 
H-positive risk:  662 683 84 1151 426 101 1144 334 153 59 162 41 
H-negative risk:  683 662 1144 1151 334 426 101 84 162 153 41 59 
New BC onsets:  0
BC status:  4888 112 
BC subtype:  4888 81 31 

clinical_engagement 
diagnosis 
demography 
60 new agents 
7 dtreferralsatt7 smreferralsatt163 
disease_progression 
H-positive risk:  660 682 83 1153 426 102 1144 334 154 59 162 41 
H-negative risk:  682 660 1144 1153 334 426 102 83 162 154 41 59 
New BC onsets:  0
BC status:  4887 113 
BC subtype:  4887 84 29 

clinical_engagement 
diagnosis 
demography 
62 new agents 
15 dtreferralsatt15 smreferralsatt164 
disease_progression 
H-positive risk:  664 680 80 1155 431 101 1138 329 158 62 160 42 
H-negative risk:  680 664 1138 1155 329 431 101 80 160 158 42 62 
New BC onsets:  0
BC status:  4888 112 
BC subtype:  4888 83 29 

clinical_engagement 
diagnosis 
demography 
84 new agents 
10 dtreferralsatt10 smreferralsatt165 
disease_progression 
H-positive risk:  661 680 82 1150 435 100 1138 334 153 65 160 42 
H-negative risk:  680 661 1138 1150 334 435 100 82 160 153 42 65 
New BC onsets:  0
BC status:  4888 112 
BC subtype:  4888 84 28 

clinical_engagement 
diagnosis 
demography 
76 new agents 
8 dtreferralsatt8 smreferralsatt166 
disease_progression 
H-positive risk:  657 684 83 1146 438 98 1139 331 158 62 161 43 
H-negative risk:  684 657 1139 1146 331 438 98 83 161 158 43 62 
New BC onsets:  0
BC status:  4888 112 
BC subtype:  4888 84 28 

clinical_engagement 
diagnosis 
demography 
83 new agents 
11 dtreferralsatt11 smreferralsatt167 
disease_progression 
H-positive risk:  653 685 85 1139 435 99 1142 336 158 61 162 45 
H-negative risk:  685 653 1142 1139 336 435 99 85 162 158 45 61 
New BC onsets:  0
BC status:  4888 112 
BC subtype:  4888 86 26 

clinical_engagement 
diagnosis 
demography 
79 new agents 
11 dtreferralsatt11 smreferralsatt168 
disease_progression 
H-positive risk:  655 681 85 1137 438 98 1128 343 161 63 164 47 
H-negative risk:  681 655 1128 1137 343 438 98 85 164 161 47 63 
New BC onsets:  0
BC status:  4888 112 
BC subtype:  4888 86 26 

clinical_engagement 
diagnosis 
demography 
65 new agents 
10 dtreferralsatt10 smreferralsatt169 
disease_progression 
H-positive risk:  649 680 84 1123 442 101 1128 352 162 64 166 49 
H-negative risk:  680 649 1128 1123 352 442 101 84 166 162 49 64 
New BC onsets:  0
BC status:  4889 111 
BC subtype:  4889 85 26 

clinical_engagement 
diagnosis 
demography 
89 new agents 
13 dtreferralsatt13 smreferralsatt170 
disease_progression 
H-positive risk:  650 680 84 1115 450 100 1121 358 159 67 165 51 
H-negative risk:  680 650 1121 1115 358 450 100 84 165 159 51 67 
New BC onsets:  0
BC status:  4889 111 
BC subtype:  4889 85 26 

clinical_engagement 
diagnosis 
demography 
63 new agents 
17 dtreferralsatt17 smreferralsatt171 
disease_progression 
H-positive risk:  651 672 84 1115 455 102 1114 361 158 69 165 54 
H-negative risk:  672 651 1114 1115 361 455 102 84 165 158 54 69 
New BC onsets:  0
BC status:  4887 113 
BC subtype:  4887 87 26 

clinical_engagement 
diagnosis 
demography 
74 new agents 
7 dtreferralsatt7 smreferralsatt172 
disease_progression 
H-positive risk:  653 679 86 1117 456 101 1111 357 154 69 162 55 
H-negative risk:  679 653 1111 1117 357 456 101 86 162 154 55 69 
New BC onsets:  0
BC status:  4887 113 
BC subtype:  4887 87 26 

clinical_engagement 
diagnosis 
demography 
69 new agents 
13 dtreferralsatt13 smreferralsatt173 
disease_progression 
H-positive risk:  658 675 86 1119 451 100 1117 356 154 67 164 53 
H-negative risk:  675 658 1117 1119 356 451 100 86 164 154 53 67 
New BC onsets:  0
BC status:  4888 112 
BC subtype:  4888 88 24 

clinical_engagement 
diagnosis 
demography 
89 new agents 
18 dtreferralsatt18 smreferralsatt174 
disease_progression 
H-positive risk:  654 671 90 1128 447 100 1125 346 157 65 165 52 
H-negative risk:  671 654 1125 1128 346 447 100 90 165 157 52 65 
New BC onsets:  0
BC status:  4892 108 
BC subtype:  4892 84 24 

clinical_engagement 
diagnosis 
demography 
69 new agents 
15 dtreferralsatt15 smreferralsatt175 
disease_progression 
H-positive risk:  654 667 88 1137 446 102 1120 348 157 69 163 49 
H-negative risk:  667 654 1120 1137 348 446 102 88 163 157 49 69 
New BC onsets:  0
BC status:  4894 106 
BC subtype:  4894 83 23 

clinical_engagement 
diagnosis 
demography 
78 new agents 
17 dtreferralsatt17 smreferralsatt176 
disease_progression 
H-positive risk:  650 663 86 1148 441 102 1115 356 157 69 163 50 
H-negative risk:  663 650 1115 1148 356 441 102 86 163 157 50 69 
New BC onsets:  0
BC status:  4892 108 
BC subtype:  4892 85 23 

clinical_engagement 
diagnosis 
demography 
86 new agents 
17 dtreferralsatt17 smreferralsatt177 
disease_progression 
H-positive risk:  649 657 85 1147 443 104 1122 359 155 70 162 47 
H-negative risk:  657 649 1122 1147 359 443 104 85 162 155 47 70 
New BC onsets:  0
BC status:  4894 106 
BC subtype:  4894 84 22 

clinical_engagement 
diagnosis 
demography 
75 new agents 
9 dtreferralsatt9 smreferralsatt178 
disease_progression 
H-positive risk:  655 663 84 1144 440 106 1125 351 154 69 163 46 
H-negative risk:  663 655 1125 1144 351 440 106 84 163 154 46 69 
New BC onsets:  0
BC status:  4893 107 
BC subtype:  4893 85 22 

clinical_engagement 
diagnosis 
demography 
64 new agents 
10 dtreferralsatt10 smreferralsatt179 
disease_progression 
H-positive risk:  659 663 87 1142 431 106 1128 355 155 65 161 48 
H-negative risk:  663 659 1128 1142 355 431 106 87 161 155 48 65 
New BC onsets:  0
BC status:  4899 101 
BC subtype:  4899 81 20 

clinical_engagement 
diagnosis 
demography 
57 new agents 
13 dtreferralsatt13 smreferralsatt180 
disease_progression 
H-positive risk:  660 658 86 1138 438 106 1128 357 156 62 160 51 
H-negative risk:  658 660 1128 1138 357 438 106 86 160 156 51 62 
New BC onsets:  0
BC status:  4901 99 
BC subtype:  4901 79 20 

clinical_engagement 
diagnosis 
demography 
74 new agents 
13 dtreferralsatt13 smreferralsatt181 
disease_progression 
H-positive risk:  663 663 84 1148 433 104 1125 355 153 59 161 52 
H-negative risk:  663 663 1125 1148 355 433 104 84 161 153 52 59 
New BC onsets:  0
BC status:  4900 100 
BC subtype:  4900 80 20 

clinical_engagement 
diagnosis 
demography 
95 new agents 
18 dtreferralsatt18 smreferralsatt182 
disease_progression 
H-positive risk:  672 659 85 1142 428 105 1119 367 151 59 163 50 
H-negative risk:  659 672 1119 1142 367 428 105 85 163 151 50 59 
New BC onsets:  0
BC status:  4900 100 
BC subtype:  4900 80 20 

clinical_engagement 
diagnosis 
demography 
73 new agents 
16 dtreferralsatt16 smreferralsatt183 
disease_progression 
H-positive risk:  672 661 85 1147 421 104 1114 377 150 61 161 47 
H-negative risk:  661 672 1114 1147 377 421 104 85 161 150 47 61 
New BC onsets:  0
BC status:  4903 97 
BC subtype:  4903 77 20 

clinical_engagement 
diagnosis 
demography 
84 new agents 
16 dtreferralsatt16 smreferralsatt184 
disease_progression 
H-positive risk:  685 660 84 1145 421 102 1114 376 152 58 155 48 
H-negative risk:  660 685 1114 1145 376 421 102 84 155 152 48 58 
New BC onsets:  0
BC status:  4903 97 
BC subtype:  4903 77 20 

clinical_engagement 
diagnosis 
demography 
59 new agents 
12 dtreferralsatt12 smreferralsatt185 
disease_progression 
H-positive risk:  681 652 88 1147 423 102 1113 381 152 58 157 46 
H-negative risk:  652 681 1113 1147 381 423 102 88 157 152 46 58 
New BC onsets:  0
BC status:  4903 97 
BC subtype:  4903 77 20 

clinical_engagement 
diagnosis 
demography 
90 new agents 
9 dtreferralsatt9 smreferralsatt186 
disease_progression 
H-positive risk:  694 654 87 1142 422 102 1110 381 151 55 158 44 
H-negative risk:  654 694 1110 1142 381 422 102 87 158 151 44 55 
New BC onsets:  0
BC status:  4904 96 
BC subtype:  4904 76 20 

clinical_engagement 
diagnosis 
demography 
61 new agents 
7 dtreferralsatt7 smreferralsatt187 
disease_progression 
H-positive risk:  694 651 84 1134 434 104 1109 380 154 52 157 47 
H-negative risk:  651 694 1109 1134 380 434 104 84 157 154 47 52 
New BC onsets:  0
BC status:  4900 100 
BC subtype:  4900 79 21 

clinical_engagement 
diagnosis 
demography 
64 new agents 
6 dtreferralsatt6 smreferralsatt188 
disease_progression 
H-positive risk:  688 653 83 1133 431 105 1113 384 152 53 158 47 
H-negative risk:  653 688 1113 1133 384 431 105 83 158 152 47 53 
New BC onsets:  0
BC status:  4900 100 
BC subtype:  4900 80 20 

clinical_engagement 
diagnosis 
demography 
72 new agents 
9 dtreferralsatt9 smreferralsatt189 
disease_progression 
H-positive risk:  684 652 86 1135 423 106 1115 390 150 53 158 48 
H-negative risk:  652 684 1115 1135 390 423 106 86 158 150 48 53 
New BC onsets:  0
BC status:  4902 98 
BC subtype:  4902 79 19 

clinical_engagement 
diagnosis 
demography 
84 new agents 
12 dtreferralsatt12 smreferralsatt190 
disease_progression 
H-positive risk:  695 648 86 1131 430 106 1103 398 148 52 160 43 
H-negative risk:  648 695 1103 1131 398 430 106 86 160 148 43 52 
New BC onsets:  0
BC status:  4905 95 
BC subtype:  4905 77 18 

clinical_engagement 
diagnosis 
demography 
95 new agents 
10 dtreferralsatt10 smreferralsatt191 
disease_progression 
H-positive risk:  696 659 84 1127 417 105 1111 406 148 51 155 41 
H-negative risk:  659 696 1111 1127 406 417 105 84 155 148 41 51 
New BC onsets:  0
BC status:  4905 95 
BC subtype:  4905 76 19 

clinical_engagement 
diagnosis 
demography 
87 new agents 
13 dtreferralsatt13 smreferralsatt192 
disease_progression 
H-positive risk:  701 660 83 1119 416 102 1117 411 148 52 153 38 
H-negative risk:  660 701 1117 1119 411 416 102 83 153 148 38 52 
New BC onsets:  0
BC status:  4907 93 
BC subtype:  4907 74 19 

clinical_engagement 
diagnosis 
demography 
72 new agents 
7 dtreferralsatt7 smreferralsatt193 
disease_progression 
H-positive risk:  704 660 84 1110 425 100 1127 403 146 52 150 39 
H-negative risk:  660 704 1127 1110 403 425 100 84 150 146 39 52 
New BC onsets:  0
BC status:  4903 97 
BC subtype:  4903 77 20 

clinical_engagement 
diagnosis 
demography 
72 new agents 
12 dtreferralsatt12 smreferralsatt194 
disease_progression 
H-positive risk:  709 663 82 1103 428 100 1118 407 149 52 151 38 
H-negative risk:  663 709 1118 1103 407 428 100 82 151 149 38 52 
New BC onsets:  0
BC status:  4901 99 
BC subtype:  4901 79 20 

clinical_engagement 
diagnosis 
demography 
76 new agents 
11 dtreferralsatt11 smreferralsatt195 
disease_progression 
H-positive risk:  710 666 81 1102 427 100 1108 413 152 52 150 39 
H-negative risk:  666 710 1108 1102 413 427 100 81 150 152 39 52 
New BC onsets:  0
BC status:  4902 98 
BC subtype:  4902 78 20 

clinical_engagement 
diagnosis 
demography 
88 new agents 
11 dtreferralsatt11 smreferralsatt196 
disease_progression 
H-positive risk:  705 662 80 1112 435 98 1104 415 152 49 149 39 
H-negative risk:  662 705 1104 1112 415 435 98 80 149 152 39 49 
New BC onsets:  0
BC status:  4904 96 
BC subtype:  4904 76 20 

clinical_engagement 
diagnosis 
demography 
89 new agents 
9 dtreferralsatt9 smreferralsatt197 
disease_progression 
H-positive risk:  707 668 81 1106 433 97 1098 418 155 50 148 39 
H-negative risk:  668 707 1098 1106 418 433 97 81 148 155 39 50 
New BC onsets:  0
BC status:  4903 97 
BC subtype:  4903 76 21 

clinical_engagement 
diagnosis 
demography 
65 new agents 
10 dtreferralsatt10 smreferralsatt198 
disease_progression 
H-positive risk:  700 666 80 1111 430 99 1107 413 155 51 147 41 
H-negative risk:  666 700 1107 1111 413 430 99 80 147 155 41 51 
New BC onsets:  0
BC status:  4906 94 
BC subtype:  4906 73 21 

clinical_engagement 
diagnosis 
demography 
67 new agents 
7 dtreferralsatt7 smreferralsatt199 
disease_progression 
H-positive risk:  694 661 79 1104 445 99 1106 417 158 49 147 41 
H-negative risk:  661 694 1106 1104 417 445 99 79 147 158 41 49 
New BC onsets:  0
BC status:  4905 95 
BC subtype:  4905 75 20 

clinical_engagement 
diagnosis 
demography 
81 new agents 
10 dtreferralsatt10 smreferralsatt200 
disease_progression 
H-positive risk:  695 663 77 1110 442 99 1106 415 155 48 147 43 
H-negative risk:  663 695 1106 1110 415 442 99 77 147 155 43 48 
New BC onsets:  0
BC status:  4908 92 
BC subtype:  4908 74 18 

clinical_engagement 
diagnosis 
demography 
70 new agents 
13 dtreferralsatt13 smreferralsatt201 
disease_progression 
H-positive risk:  693 665 75 1109 442 99 1115 410 155 47 146 44 
H-negative risk:  665 693 1115 1109 410 442 99 75 146 155 44 47 
New BC onsets:  0
BC status:  4905 95 
BC subtype:  4905 76 19 

clinical_engagement 
diagnosis 
demography 
72 new agents 
9 dtreferralsatt9 smreferralsatt202 
disease_progression 
H-positive risk:  695 661 74 1118 447 103 1108 408 150 47 145 44 
H-negative risk:  661 695 1108 1118 408 447 103 74 145 150 44 47 
New BC onsets:  0
BC status:  4901 99 
BC subtype:  4901 80 19 

clinical_engagement 
diagnosis 
demography 
84 new agents 
8 dtreferralsatt8 smreferralsatt203 
disease_progression 
H-positive risk:  686 665 77 1112 448 102 1120 406 150 47 145 42 
H-negative risk:  665 686 1120 1112 406 448 102 77 145 150 42 47 
New BC onsets:  0
BC status:  4901 99 
BC subtype:  4901 80 19 

clinical_engagement 
diagnosis 
demography 
75 new agents 
10 dtreferralsatt10 smreferralsatt204 
disease_progression 
H-positive risk:  677 666 79 1125 444 102 1119 403 148 50 146 41 
H-negative risk:  666 677 1119 1125 403 444 102 79 146 148 41 50 
New BC onsets:  0
BC status:  4904 96 
BC subtype:  4904 79 17 

clinical_engagement 
diagnosis 
demography 
88 new agents 
11 dtreferralsatt11 smreferralsatt205 
disease_progression 
H-positive risk:  680 667 80 1129 440 102 1119 400 147 49 146 41 
H-negative risk:  667 680 1119 1129 400 440 102 80 146 147 41 49 
New BC onsets:  0
BC status:  4906 94 
BC subtype:  4906 79 15 

clinical_engagement 
diagnosis 
demography 
93 new agents 
10 dtreferralsatt10 smreferralsatt206 
disease_progression 
H-positive risk:  679 674 79 1130 443 102 1096 413 146 49 143 46 
H-negative risk:  674 679 1096 1130 413 443 102 79 143 146 46 49 
New BC onsets:  0
BC status:  4905 95 
BC subtype:  4905 80 15 

clinical_engagement 
diagnosis 
demography 
85 new agents 
16 dtreferralsatt16 smreferralsatt207 
disease_progression 
H-positive risk:  680 678 81 1122 439 104 1090 424 144 49 142 47 
H-negative risk:  678 680 1090 1122 424 439 104 81 142 144 47 49 
New BC onsets:  0
BC status:  4906 94 
BC subtype:  4906 80 14 

clinical_engagement 
diagnosis 
demography 
75 new agents 
9 dtreferralsatt9 smreferralsatt208 
disease_progression 
H-positive risk:  679 679 80 1127 434 104 1090 422 143 52 144 46 
H-negative risk:  679 679 1090 1127 422 434 104 80 144 143 46 52 
New BC onsets:  0
BC status:  4906 94 
BC subtype:  4906 80 14 

clinical_engagement 
diagnosis 
demography 
77 new agents 
8 dtreferralsatt8 smreferralsatt209 
disease_progression 
H-positive risk:  685 677 81 1124 446 103 1074 421 142 55 145 47 
H-negative risk:  677 685 1074 1124 421 446 103 81 145 142 47 55 
New BC onsets:  0
BC status:  4910 90 
BC subtype:  4910 77 13 

clinical_engagement 
diagnosis 
demography 
76 new agents 
12 dtreferralsatt12 smreferralsatt210 
disease_progression 
H-positive risk:  685 674 78 1120 451 103 1075 425 145 53 147 44 
H-negative risk:  674 685 1075 1120 425 451 103 78 147 145 44 53 
New BC onsets:  0
BC status:  4908 92 
BC subtype:  4908 79 13 

clinical_engagement 
diagnosis 
demography 
78 new agents 
12 dtreferralsatt12 smreferralsatt211 
disease_progression 
H-positive risk:  679 669 80 1115 455 103 1086 426 145 49 147 46 
H-negative risk:  669 679 1086 1115 426 455 103 80 147 145 46 49 
New BC onsets:  0
BC status:  4908 92 
BC subtype:  4908 79 13 

clinical_engagement 
diagnosis 
demography 
67 new agents 
6 dtreferralsatt6 smreferralsatt212 
disease_progression 
H-positive risk:  681 669 83 1121 447 102 1086 425 145 49 145 47 
H-negative risk:  669 681 1086 1121 425 447 102 83 145 145 47 49 
New BC onsets:  0
BC status:  4907 93 
BC subtype:  4907 79 14 

clinical_engagement 
diagnosis 
demography 
70 new agents 
7 dtreferralsatt7 smreferralsatt213 
disease_progression 
H-positive risk:  683 671 84 1116 450 101 1087 424 141 48 149 46 
H-negative risk:  671 683 1087 1116 424 450 101 84 149 141 46 48 
New BC onsets:  0
BC status:  4910 90 
BC subtype:  4910 75 15 

clinical_engagement 
diagnosis 
demography 
92 new agents 
11 dtreferralsatt11 smreferralsatt214 
disease_progression 
H-positive risk:  679 681 82 1114 437 102 1097 417 141 52 150 48 
H-negative risk:  681 679 1097 1114 417 437 102 82 150 141 48 52 
New BC onsets:  0
BC status:  4911 89 
BC subtype:  4911 76 13 

clinical_engagement 
diagnosis 
demography 
70 new agents 
6 dtreferralsatt6 smreferralsatt215 
disease_progression 
H-positive risk:  672 687 78 1112 437 101 1095 424 142 51 155 46 
H-negative risk:  687 672 1095 1112 424 437 101 78 155 142 46 51 
New BC onsets:  0
BC status:  4911 89 
BC subtype:  4911 76 13 

clinical_engagement 
diagnosis 
demography 
75 new agents 
19 dtreferralsatt19 smreferralsatt216 
disease_progression 
H-positive risk:  668 686 79 1119 439 101 1088 424 145 49 155 47 
H-negative risk:  686 668 1088 1119 424 439 101 79 155 145 47 49 
New BC onsets:  0
BC status:  4914 86 
BC subtype:  4914 72 14 

clinical_engagement 
diagnosis 
demography 
66 new agents 
7 dtreferralsatt7 smreferralsatt217 
disease_progression 
H-positive risk:  668 688 79 1105 448 100 1077 434 144 52 158 47 
H-negative risk:  688 668 1077 1105 434 448 100 79 158 144 47 52 
New BC onsets:  0
BC status:  4915 85 
BC subtype:  4915 71 14 

clinical_engagement 
diagnosis 
demography 
88 new agents 
14 dtreferralsatt14 smreferralsatt218 
disease_progression 
H-positive risk:  678 687 78 1114 439 102 1064 433 143 54 161 47 
H-negative risk:  687 678 1064 1114 433 439 102 78 161 143 47 54 
New BC onsets:  0
BC status:  4916 84 
BC subtype:  4916 69 15 

clinical_engagement 
diagnosis 
demography 
66 new agents 
8 dtreferralsatt8 smreferralsatt219 
disease_progression 
H-positive risk:  673 686 78 1106 449 96 1067 439 149 52 160 45 
H-negative risk:  686 673 1067 1106 439 449 96 78 160 149 45 52 
New BC onsets:  0
BC status:  4917 83 
BC subtype:  4917 67 16 

clinical_engagement 
diagnosis 
demography 
89 new agents 
6 dtreferralsatt6 smreferralsatt220 
disease_progression 
H-positive risk:  673 683 80 1113 447 97 1068 438 148 52 156 45 
H-negative risk:  683 673 1068 1113 438 447 97 80 156 148 45 52 
New BC onsets:  0
BC status:  4916 84 
BC subtype:  4916 68 16 

clinical_engagement 
diagnosis 
demography 
77 new agents 
14 dtreferralsatt14 smreferralsatt221 
disease_progression 
H-positive risk:  678 684 80 1106 455 98 1064 433 149 51 155 47 
H-negative risk:  684 678 1064 1106 433 455 98 80 155 149 47 51 
New BC onsets:  0
BC status:  4919 81 
BC subtype:  4919 66 15 

clinical_engagement 
diagnosis 
demography 
76 new agents 
12 dtreferralsatt12 smreferralsatt222 
disease_progression 
H-positive risk:  669 688 81 1092 466 97 1070 434 151 52 152 48 
H-negative risk:  688 669 1070 1092 434 466 97 81 152 151 48 52 
New BC onsets:  0
BC status:  4918 82 
BC subtype:  4918 66 16 

clinical_engagement 
diagnosis 
demography 
88 new agents 
12 dtreferralsatt12 smreferralsatt223 
disease_progression 
H-positive risk:  669 689 83 1103 451 98 1073 435 149 51 152 47 
H-negative risk:  689 669 1073 1103 435 451 98 83 152 149 47 51 
New BC onsets:  0
BC status:  4917 83 
BC subtype:  4917 65 18 

clinical_engagement 
diagnosis 
demography 
79 new agents 
9 dtreferralsatt9 smreferralsatt224 
disease_progression 
H-positive risk:  673 696 82 1105 450 97 1064 434 152 48 149 50 
H-negative risk:  696 673 1064 1105 434 450 97 82 149 152 50 48 
New BC onsets:  0
BC status:  4915 85 
BC subtype:  4915 67 18 

clinical_engagement 
diagnosis 
demography 
67 new agents 
14 dtreferralsatt14 smreferralsatt225 
disease_progression 
H-positive risk:  672 701 84 1098 442 97 1069 437 151 49 151 49 
H-negative risk:  701 672 1069 1098 437 442 97 84 151 151 49 49 
New BC onsets:  0
BC status:  4911 89 
BC subtype:  4911 69 20 

clinical_engagement 
diagnosis 
demography 
76 new agents 
2 dtreferralsatt2 smreferralsatt226 
disease_progression 
H-positive risk:  676 692 85 1106 438 95 1066 439 155 51 146 51 
H-negative risk:  692 676 1066 1106 439 438 95 85 146 155 51 51 
New BC onsets:  0
BC status:  4907 93 
BC subtype:  4907 73 20 

clinical_engagement 
diagnosis 
demography 
85 new agents 
4 dtreferralsatt4 smreferralsatt227 
disease_progression 
H-positive risk:  681 687 89 1106 441 92 1071 427 155 52 148 51 
H-negative risk:  687 681 1071 1106 427 441 92 89 148 155 51 52 
New BC onsets:  0
BC status:  4905 95 
BC subtype:  4905 75 20 

clinical_engagement 
diagnosis 
demography 
74 new agents 
11 dtreferralsatt11 smreferralsatt228 
disease_progression 
H-positive risk:  682 687 87 1097 442 92 1071 430 154 55 152 51 
H-negative risk:  687 682 1071 1097 430 442 92 87 152 154 51 55 
New BC onsets:  0
BC status:  4904 96 
BC subtype:  4904 76 20 

clinical_engagement 
diagnosis 
demography 
86 new agents 
13 dtreferralsatt13 smreferralsatt229 
disease_progression 
H-positive risk:  679 696 83 1090 450 92 1066 436 153 55 150 50 
H-negative risk:  696 679 1066 1090 436 450 92 83 150 153 50 55 
New BC onsets:  0
BC status:  4905 95 
BC subtype:  4905 75 20 

clinical_engagement 
diagnosis 
demography 
99 new agents 
13 dtreferralsatt13 smreferralsatt230 
disease_progression 
H-positive risk:  688 697 85 1090 441 94 1071 425 151 56 153 49 
H-negative risk:  697 688 1071 1090 425 441 94 85 153 151 49 56 
New BC onsets:  0
BC status:  4907 93 
BC subtype:  4907 74 19 

clinical_engagement 
diagnosis 
demography 
76 new agents 
10 dtreferralsatt10 smreferralsatt231 
disease_progression 
H-positive risk:  684 701 87 1081 444 92 1076 425 152 59 152 47 
H-negative risk:  701 684 1076 1081 425 444 92 87 152 152 47 59 
New BC onsets:  0
BC status:  4906 94 
BC subtype:  4906 75 19 

clinical_engagement 
diagnosis 
demography 
71 new agents 
8 dtreferralsatt8 smreferralsatt232 
disease_progression 
H-positive risk:  680 707 86 1076 439 92 1084 420 152 60 153 51 
H-negative risk:  707 680 1084 1076 420 439 92 86 153 152 51 60 
New BC onsets:  0
BC status:  4902 98 
BC subtype:  4902 79 19 

clinical_engagement 
diagnosis 
demography 
82 new agents 
14 dtreferralsatt14 smreferralsatt233 
disease_progression 
H-positive risk:  683 697 88 1073 445 94 1088 418 153 60 150 51 
H-negative risk:  697 683 1088 1073 418 445 94 88 150 153 51 60 
New BC onsets:  0
BC status:  4901 99 
BC subtype:  4901 80 19 

clinical_engagement 
diagnosis 
demography 
81 new agents 
12 dtreferralsatt12 smreferralsatt234 
disease_progression 
H-positive risk:  675 681 87 1088 439 97 1097 424 150 58 151 53 
H-negative risk:  681 675 1097 1088 424 439 97 87 151 150 53 58 
New BC onsets:  0
BC status:  4896 104 
BC subtype:  4896 82 22 

clinical_engagement 
diagnosis 
demography 
80 new agents 
13 dtreferralsatt13 smreferralsatt235 
disease_progression 
H-positive risk:  677 680 89 1076 437 97 1095 432 148 59 155 55 
H-negative risk:  680 677 1095 1076 432 437 97 89 155 148 55 59 
New BC onsets:  0
BC status:  4896 104 
BC subtype:  4896 82 22 

clinical_engagement 
diagnosis 
demography 
77 new agents 
12 dtreferralsatt12 smreferralsatt236 
disease_progression 
H-positive risk:  670 675 89 1077 442 96 1103 430 152 57 155 54 
H-negative risk:  675 670 1103 1077 430 442 96 89 155 152 54 57 
New BC onsets:  0
BC status:  4898 102 
BC subtype:  4898 80 22 

clinical_engagement 
diagnosis 
demography 
71 new agents 
7 dtreferralsatt7 smreferralsatt237 
disease_progression 
H-positive risk:  670 674 91 1075 440 96 1107 434 147 58 154 54 
H-negative risk:  674 670 1107 1075 434 440 96 91 154 147 54 58 
New BC onsets:  0
BC status:  4896 104 
BC subtype:  4896 83 21 

clinical_engagement 
diagnosis 
demography 
76 new agents 
14 dtreferralsatt14 smreferralsatt238 
disease_progression 
H-positive risk:  674 672 91 1082 433 97 1103 439 148 56 153 52 
H-negative risk:  672 674 1103 1082 439 433 97 91 153 148 52 56 
New BC onsets:  0
BC status:  4897 103 
BC subtype:  4897 82 21 

clinical_engagement 
diagnosis 
demography 
65 new agents 
17 dtreferralsatt17 smreferralsatt239 
disease_progression 
H-positive risk:  668 671 93 1079 436 98 1104 440 150 58 154 49 
H-negative risk:  671 668 1104 1079 440 436 98 93 154 150 49 58 
New BC onsets:  0
BC status:  4895 105 
BC subtype:  4895 84 21 

clinical_engagement 
diagnosis 
demography 
70 new agents 
10 dtreferralsatt10 smreferralsatt240 
disease_progression 
H-positive risk:  676 669 94 1084 431 99 1096 444 146 62 153 46 
H-negative risk:  669 676 1096 1084 444 431 99 94 153 146 46 62 
New BC onsets:  0
BC status:  4895 105 
BC subtype:  4895 85 20 

clinical_engagement 
diagnosis 
demography 
65 new agents 
10 dtreferralsatt10 smreferralsatt241 
disease_progression 
H-positive risk:  674 672 95 1076 431 99 1090 455 144 63 154 47 
H-negative risk:  672 674 1090 1076 455 431 99 95 154 144 47 63 
New BC onsets:  0
BC status:  4895 105 
BC subtype:  4895 90 15 

clinical_engagement 
diagnosis 
demography 
80 new agents 
11 dtreferralsatt11 smreferralsatt242 
disease_progression 
H-positive risk:  672 664 96 1086 436 95 1089 455 142 61 157 47 
H-negative risk:  664 672 1089 1086 455 436 95 96 157 142 47 61 
New BC onsets:  0
BC status:  4894 106 
BC subtype:  4894 89 17 

clinical_engagement 
diagnosis 
demography 
84 new agents 
10 dtreferralsatt10 smreferralsatt243 
disease_progression 
H-positive risk:  671 666 95 1075 441 96 1096 450 141 63 154 52 
H-negative risk:  666 671 1096 1075 450 441 96 95 154 141 52 63 
New BC onsets:  0
BC status:  4893 107 
BC subtype:  4893 87 20 

clinical_engagement 
diagnosis 
demography 
70 new agents 
19 dtreferralsatt19 smreferralsatt244 
disease_progression 
H-positive risk:  673 666 98 1066 447 95 1105 441 142 62 152 53 
H-negative risk:  666 673 1105 1066 441 447 95 98 152 142 53 62 
New BC onsets:  0
BC status:  4892 108 
BC subtype:  4892 87 21 

clinical_engagement 
diagnosis 
demography 
76 new agents 
11 dtreferralsatt11 smreferralsatt245 
disease_progression 
H-positive risk:  666 665 101 1069 438 95 1120 434 144 61 153 54 
H-negative risk:  665 666 1120 1069 434 438 95 101 153 144 54 61 
New BC onsets:  0
BC status:  4888 112 
BC subtype:  4888 92 20 

clinical_engagement 
diagnosis 
demography 
79 new agents 
7 dtreferralsatt7 smreferralsatt246 
disease_progression 
H-positive risk:  672 669 102 1068 434 92 1123 428 147 61 153 51 
H-negative risk:  669 672 1123 1068 428 434 92 102 153 147 51 61 
New BC onsets:  0
BC status:  4892 108 
BC subtype:  4892 90 18 

clinical_engagement 
diagnosis 
demography 
80 new agents 
6 dtreferralsatt6 smreferralsatt247 
disease_progression 
H-positive risk:  676 669 103 1070 433 89 1115 436 147 60 153 49 
H-negative risk:  669 676 1115 1070 436 433 89 103 153 147 49 60 
New BC onsets:  0
BC status:  4891 109 
BC subtype:  4891 90 19 

clinical_engagement 
diagnosis 
demography 
77 new agents 
12 dtreferralsatt12 smreferralsatt248 
disease_progression 
H-positive risk:  679 667 105 1080 428 90 1114 437 143 56 152 49 
H-negative risk:  667 679 1114 1080 437 428 90 105 152 143 49 56 
New BC onsets:  0
BC status:  4894 106 
BC subtype:  4894 89 17 

clinical_engagement 
diagnosis 
demography 
82 new agents 
7 dtreferralsatt7 smreferralsatt249 
disease_progression 
H-positive risk:  676 673 104 1068 428 92 1110 441 147 56 157 48 
H-negative risk:  673 676 1110 1068 441 428 92 104 157 147 48 56 
New BC onsets:  0
BC status:  4894 106 
BC subtype:  4894 88 18 

clinical_engagement 
diagnosis 
demography 
78 new agents 
7 dtreferralsatt7 smreferralsatt250 
disease_progression 
H-positive risk:  672 667 105 1081 425 93 1105 435 147 60 160 50 
H-negative risk:  667 672 1105 1081 435 425 93 105 160 147 50 60 
New BC onsets:  0
BC status:  4895 105 
BC subtype:  4895 87 18 

clinical_engagement 
diagnosis 
demography 
81 new agents 
12 dtreferralsatt12 smreferralsatt251 
disease_progression 
H-positive risk:  675 668 105 1078 422 94 1112 432 147 57 158 52 
H-negative risk:  668 675 1112 1078 432 422 94 105 158 147 52 57 
New BC onsets:  0
BC status:  4897 103 
BC subtype:  4897 85 18 

clinical_engagement 
diagnosis 
demography 
86 new agents 
8 dtreferralsatt8 smreferralsatt252 
disease_progression 
H-positive risk:  681 665 100 1089 411 96 1109 435 147 55 158 54 
H-negative risk:  665 681 1109 1089 435 411 96 100 158 147 54 55 
New BC onsets:  0
BC status:  4895 105 
BC subtype:  4895 86 19 

clinical_engagement 
diagnosis 
demography 
76 new agents 
16 dtreferralsatt16 smreferralsatt253 
disease_progression 
H-positive risk:  682 666 99 1096 404 99 1117 426 142 55 156 58 
H-negative risk:  666 682 1117 1096 426 404 99 99 156 142 58 55 
New BC onsets:  0
BC status:  4894 106 
BC subtype:  4894 86 20 

clinical_engagement 
diagnosis 
demography 
88 new agents 
6 dtreferralsatt6 smreferralsatt254 
disease_progression 
H-positive risk:  681 668 102 1100 398 97 1115 424 145 54 159 57 
H-negative risk:  668 681 1115 1100 424 398 97 102 159 145 57 54 
New BC onsets:  0
BC status:  4890 110 
BC subtype:  4890 91 19 

clinical_engagement 
diagnosis 
demography 
78 new agents 
8 dtreferralsatt8 smreferralsatt255 
disease_progression 
H-positive risk:  682 670 101 1100 403 94 1100 435 146 51 160 58 
H-negative risk:  670 682 1100 1100 435 403 94 101 160 146 58 51 
New BC onsets:  0
BC status:  4888 112 
BC subtype:  4888 90 22 

clinical_engagement 
diagnosis 
demography 
72 new agents 
10 dtreferralsatt10 smreferralsatt256 
disease_progression 
H-positive risk:  680 671 100 1099 399 95 1116 426 145 50 160 59 
H-negative risk:  671 680 1116 1099 426 399 95 100 160 145 59 50 
New BC onsets:  0
BC status:  4888 112 
BC subtype:  4888 90 22 

clinical_engagement 
diagnosis 
demography 
77 new agents 
11 dtreferralsatt11 smreferralsatt257 
disease_progression 
H-positive risk:  676 673 101 1108 400 93 1117 421 140 52 163 56 
H-negative risk:  673 676 1117 1108 421 400 93 101 163 140 56 52 
New BC onsets:  0
BC status:  4890 110 
BC subtype:  4890 89 21 

clinical_engagement 
diagnosis 
demography 
72 new agents 
12 dtreferralsatt12 smreferralsatt258 
disease_progression 
H-positive risk:  675 672 102 1103 409 93 1119 418 139 51 161 58 
H-negative risk:  672 675 1119 1103 418 409 93 102 161 139 58 51 
New BC onsets:  0
BC status:  4890 110 
BC subtype:  4890 88 22 

clinical_engagement 
diagnosis 
demography 
85 new agents 
13 dtreferralsatt13 smreferralsatt259 
disease_progression 
H-positive risk:  666 683 103 1106 400 92 1126 417 135 53 159 60 
H-negative risk:  683 666 1126 1106 417 400 92 103 159 135 60 53 
New BC onsets:  0
BC status:  4887 113 
BC subtype:  4887 90 23 

clinical_engagement 
diagnosis 
demography 
89 new agents 
13 dtreferralsatt13 smreferralsatt260 
disease_progression 
H-positive risk:  675 688 107 1095 398 94 1119 418 136 53 158 59 
H-negative risk:  688 675 1119 1095 418 398 94 107 158 136 59 53 
New BC onsets:  0
BC status:  4886 114 
BC subtype:  4886 88 26 

clinical_engagement 
diagnosis 
demography 
77 new agents 
16 dtreferralsatt16 smreferralsatt261 
disease_progression 
H-positive risk:  676 698 104 1074 406 94 1121 420 136 52 164 55 
H-negative risk:  698 676 1121 1074 420 406 94 104 164 136 55 52 
New BC onsets:  0
BC status:  4884 116 
BC subtype:  4884 90 26 

clinical_engagement 
diagnosis 
demography 
65 new agents 
6 dtreferralsatt6 smreferralsatt262 
disease_progression 
H-positive risk:  677 693 102 1071 412 96 1123 418 137 49 168 54 
H-negative risk:  693 677 1123 1071 418 412 96 102 168 137 54 49 
New BC onsets:  0
BC status:  4885 115 
BC subtype:  4885 92 23 

clinical_engagement 
diagnosis 
demography 
68 new agents 
14 dtreferralsatt14 smreferralsatt263 
disease_progression 
H-positive risk:  683 682 102 1074 413 94 1112 425 138 52 169 56 
H-negative risk:  682 683 1112 1074 425 413 94 102 169 138 56 52 
New BC onsets:  0
BC status:  4888 112 
BC subtype:  4888 88 24 

clinical_engagement 
diagnosis 
demography 
83 new agents 
15 dtreferralsatt15 smreferralsatt264 
disease_progression 
H-positive risk:  683 681 103 1079 406 92 1104 434 141 52 167 58 
H-negative risk:  681 683 1104 1079 434 406 92 103 167 141 58 52 
New BC onsets:  0
BC status:  4887 113 
BC subtype:  4887 89 24 

clinical_engagement 
diagnosis 
demography 
70 new agents 
11 dtreferralsatt11 smreferralsatt265 
disease_progression 
H-positive risk:  680 679 105 1084 411 94 1101 429 141 53 163 60 
H-negative risk:  679 680 1101 1084 429 411 94 105 163 141 60 53 
New BC onsets:  0
BC status:  4886 114 
BC subtype:  4886 88 26 

clinical_engagement 
diagnosis 
demography 
74 new agents 
10 dtreferralsatt10 smreferralsatt266 
disease_progression 
H-positive risk:  667 686 103 1088 417 90 1104 427 142 54 164 58 
H-negative risk:  686 667 1104 1088 427 417 90 103 164 142 58 54 
New BC onsets:  0
BC status:  4879 121 
BC subtype:  4879 94 27 

clinical_engagement 
diagnosis 
demography 
74 new agents 
17 dtreferralsatt17 smreferralsatt267 
disease_progression 
H-positive risk:  673 677 103 1084 418 94 1099 434 143 51 165 59 
H-negative risk:  677 673 1099 1084 434 418 94 103 165 143 59 51 
New BC onsets:  0
BC status:  4878 122 
BC subtype:  4878 96 26 

clinical_engagement 
diagnosis 
demography 
74 new agents 
12 dtreferralsatt12 smreferralsatt268 
disease_progression 
H-positive risk:  672 674 101 1094 419 92 1103 430 141 49 168 57 
H-negative risk:  674 672 1103 1094 430 419 92 101 168 141 57 49 
New BC onsets:  0
BC status:  4879 121 
BC subtype:  4879 96 25 

clinical_engagement 
diagnosis 
demography 
89 new agents 
13 dtreferralsatt13 smreferralsatt269 
disease_progression 
H-positive risk:  665 680 99 1094 419 92 1114 428 143 47 164 55 
H-negative risk:  680 665 1114 1094 428 419 92 99 164 143 55 47 
New BC onsets:  0
BC status:  4878 122 
BC subtype:  4878 97 25 

clinical_engagement 
diagnosis 
demography 
73 new agents 
18 dtreferralsatt18 smreferralsatt270 
disease_progression 
H-positive risk:  657 679 100 1098 416 92 1115 432 144 50 163 54 
H-negative risk:  679 657 1115 1098 432 416 92 100 163 144 54 50 
New BC onsets:  0
BC status:  4878 122 
BC subtype:  4878 97 25 

clinical_engagement 
diagnosis 
demography 
61 new agents 
12 dtreferralsatt12 smreferralsatt271 
disease_progression 
H-positive risk:  657 679 100 1096 416 89 1118 434 143 52 159 57 
H-negative risk:  679 657 1118 1096 434 416 89 100 159 143 57 52 
New BC onsets:  0
BC status:  4881 119 
BC subtype:  4881 94 25 

clinical_engagement 
diagnosis 
demography 
75 new agents 
14 dtreferralsatt14 smreferralsatt272 
disease_progression 
H-positive risk:  659 684 97 1103 413 90 1117 427 144 51 158 57 
H-negative risk:  684 659 1117 1103 427 413 90 97 158 144 57 51 
New BC onsets:  0
BC status:  4880 120 
BC subtype:  4880 96 24 

clinical_engagement 
diagnosis 
demography 
70 new agents 
18 dtreferralsatt18 smreferralsatt273 
disease_progression 
H-positive risk:  661 680 96 1110 411 89 1112 432 144 50 160 55 
H-negative risk:  680 661 1112 1110 432 411 89 96 160 144 55 50 
New BC onsets:  0
BC status:  4883 117 
BC subtype:  4883 94 23 

clinical_engagement 
diagnosis 
demography 
76 new agents 
14 dtreferralsatt14 smreferralsatt274 
disease_progression 
H-positive risk:  659 674 100 1110 410 92 1115 430 147 47 161 55 
H-negative risk:  674 659 1115 1110 430 410 92 100 161 147 55 47 
New BC onsets:  0
BC status:  4885 115 
BC subtype:  4885 92 23 

clinical_engagement 
diagnosis 
demography 
64 new agents 
7 dtreferralsatt7 smreferralsatt275 
disease_progression 
H-positive risk:  660 666 99 1121 413 91 1115 422 147 47 163 56 
H-negative risk:  666 660 1115 1121 422 413 91 99 163 147 56 47 
New BC onsets:  0
BC status:  4882 118 
BC subtype:  4882 96 22 

clinical_engagement 
diagnosis 
demography 
84 new agents 
10 dtreferralsatt10 smreferralsatt276 
disease_progression 
H-positive risk:  658 663 97 1122 416 88 1116 428 148 43 164 57 
H-negative risk:  663 658 1116 1122 428 416 88 97 164 148 57 43 
New BC onsets:  0
BC status:  4884 116 
BC subtype:  4884 95 21 

clinical_engagement 
diagnosis 
demography 
93 new agents 
12 dtreferralsatt12 smreferralsatt277 
disease_progression 
H-positive risk:  654 669 99 1118 419 88 1117 426 149 40 163 58 
H-negative risk:  669 654 1117 1118 426 419 88 99 163 149 58 40 
New BC onsets:  0
BC status:  4885 115 
BC subtype:  4885 94 21 

clinical_engagement 
diagnosis 
demography 
98 new agents 
11 dtreferralsatt11 smreferralsatt278 
disease_progression 
H-positive risk:  659 667 99 1117 409 92 1127 422 149 41 164 54 
H-negative risk:  667 659 1127 1117 422 409 92 99 164 149 54 41 
New BC onsets:  0
BC status:  4888 112 
BC subtype:  4888 93 19 

clinical_engagement 
diagnosis 
demography 
79 new agents 
10 dtreferralsatt10 smreferralsatt279 
disease_progression 
H-positive risk:  658 666 99 1118 405 92 1126 428 150 42 163 53 
H-negative risk:  666 658 1126 1118 428 405 92 99 163 150 53 42 
New BC onsets:  0
BC status:  4889 111 
BC subtype:  4889 93 18 

clinical_engagement 
diagnosis 
demography 
70 new agents 
12 dtreferralsatt12 smreferralsatt280 
disease_progression 
H-positive risk:  654 670 96 1120 412 92 1117 429 148 41 165 56 
H-negative risk:  670 654 1117 1120 429 412 92 96 165 148 56 41 
New BC onsets:  0
BC status:  4892 108 
BC subtype:  4892 90 18 

clinical_engagement 
diagnosis 
demography 
74 new agents 
6 dtreferralsatt6 smreferralsatt281 
disease_progression 
H-positive risk:  661 667 95 1122 410 94 1110 434 146 40 163 58 
H-negative risk:  667 661 1110 1122 434 410 94 95 163 146 58 40 
New BC onsets:  0
BC status:  4886 114 
BC subtype:  4886 94 20 

clinical_engagement 
diagnosis 
demography 
71 new agents 
5 dtreferralsatt5 smreferralsatt282 
disease_progression 
H-positive risk:  659 666 95 1115 412 92 1109 438 153 40 162 59 
H-negative risk:  666 659 1109 1115 438 412 92 95 162 153 59 40 
New BC onsets:  0
BC status:  4884 116 
BC subtype:  4884 95 21 

clinical_engagement 
diagnosis 
demography 
77 new agents 
13 dtreferralsatt13 smreferralsatt283 
disease_progression 
H-positive risk:  671 665 97 1107 417 91 1104 437 154 39 159 59 
H-negative risk:  665 671 1104 1107 437 417 91 97 159 154 59 39 
New BC onsets:  0
BC status:  4883 117 
BC subtype:  4883 96 21 

clinical_engagement 
diagnosis 
demography 
61 new agents 
8 dtreferralsatt8 smreferralsatt284 
disease_progression 
H-positive risk:  667 668 93 1098 422 96 1101 441 152 40 160 62 
H-negative risk:  668 667 1101 1098 441 422 96 93 160 152 62 40 
New BC onsets:  0
BC status:  4883 117 
BC subtype:  4883 96 21 

clinical_engagement 
diagnosis 
demography 
60 new agents 
7 dtreferralsatt7 smreferralsatt285 
disease_progression 
H-positive risk:  661 664 92 1092 430 97 1109 439 152 39 159 66 
H-negative risk:  664 661 1109 1092 439 430 97 92 159 152 66 39 
New BC onsets:  0
BC status:  4881 119 
BC subtype:  4881 97 22 

clinical_engagement 
diagnosis 
demography 
80 new agents 
7 dtreferralsatt7 smreferralsatt286 
disease_progression 
H-positive risk:  655 675 93 1091 426 94 1109 437 155 41 157 67 
H-negative risk:  675 655 1109 1091 437 426 94 93 157 155 67 41 
New BC onsets:  0
BC status:  4879 121 
BC subtype:  4879 99 22 

clinical_engagement 
diagnosis 
demography 
69 new agents 
7 dtreferralsatt7 smreferralsatt287 
disease_progression 
H-positive risk:  650 683 93 1093 426 96 1106 431 158 40 160 64 
H-negative risk:  683 650 1106 1093 431 426 96 93 160 158 64 40 
New BC onsets:  0
BC status:  4880 120 
BC subtype:  4880 98 22 

clinical_engagement 
diagnosis 
demography 
82 new agents 
7 dtreferralsatt7 smreferralsatt288 
disease_progression 
H-positive risk:  644 683 92 1094 429 98 1113 431 156 40 159 61 
H-negative risk:  683 644 1113 1094 431 429 98 92 159 156 61 40 
New BC onsets:  0
BC status:  4879 121 
BC subtype:  4879 99 22 

clinical_engagement 
diagnosis 
demography 
79 new agents 
13 dtreferralsatt13 smreferralsatt289 
disease_progression 
H-positive risk:  648 673 95 1105 425 97 1114 429 155 41 157 61 
H-negative risk:  673 648 1114 1105 429 425 97 95 157 155 61 41 
New BC onsets:  0
BC status:  4881 119 
BC subtype:  4881 98 21 

clinical_engagement 
diagnosis 
demography 
69 new agents 
9 dtreferralsatt9 smreferralsatt290 
disease_progression 
H-positive risk:  641 680 94 1098 425 97 1114 431 157 41 161 61 
H-negative risk:  680 641 1114 1098 431 425 97 94 161 157 61 41 
New BC onsets:  0
BC status:  4881 119 
BC subtype:  4881 100 19 

clinical_engagement 
diagnosis 
demography 
85 new agents 
14 dtreferralsatt14 smreferralsatt291 
disease_progression 
H-positive risk:  645 687 93 1099 426 95 1101 435 157 41 163 58 
H-negative risk:  687 645 1101 1099 435 426 95 93 163 157 58 41 
New BC onsets:  0
BC status:  4883 117 
BC subtype:  4883 98 19 

clinical_engagement 
diagnosis 
demography 
79 new agents 
6 dtreferralsatt6 smreferralsatt292 
disease_progression 
H-positive risk:  649 681 93 1097 426 99 1105 438 155 39 163 55 
H-negative risk:  681 649 1105 1097 438 426 99 93 163 155 55 39 
New BC onsets:  0
BC status:  4885 115 
BC subtype:  4885 98 17 

clinical_engagement 
diagnosis 
demography 
60 new agents 
19 dtreferralsatt19 smreferralsatt293 
disease_progression 
H-positive risk:  642 684 92 1087 427 99 1113 444 153 37 166 56 
H-negative risk:  684 642 1113 1087 444 427 99 92 166 153 56 37 
New BC onsets:  0
BC status:  4885 115 
BC subtype:  4885 98 17 

clinical_engagement 
diagnosis 
demography 
76 new agents 
13 dtreferralsatt13 smreferralsatt294 
disease_progression 
H-positive risk:  656 684 94 1087 425 101 1113 438 149 35 162 56 
H-negative risk:  684 656 1113 1087 438 425 101 94 162 149 56 35 
New BC onsets:  0
BC status:  4885 115 
BC subtype:  4885 98 17 

clinical_engagement 
diagnosis 
demography 
77 new agents 
18 dtreferralsatt18 smreferralsatt295 
disease_progression 
H-positive risk:  661 686 93 1088 420 100 1107 439 149 36 165 56 
H-negative risk:  686 661 1107 1088 439 420 100 93 165 149 56 36 
New BC onsets:  0
BC status:  4880 120 
BC subtype:  4880 102 18 

clinical_engagement 
diagnosis 
demography 
62 new agents 
11 dtreferralsatt11 smreferralsatt296 
disease_progression 
H-positive risk:  660 690 92 1084 420 100 1105 441 152 36 165 55 
H-negative risk:  690 660 1105 1084 441 420 100 92 165 152 55 36 
New BC onsets:  0
BC status:  4879 121 
BC subtype:  4879 102 19 

clinical_engagement 
diagnosis 
demography 
76 new agents 
10 dtreferralsatt10 smreferralsatt297 
disease_progression 
H-positive risk:  655 691 93 1088 418 102 1098 448 150 35 164 58 
H-negative risk:  691 655 1098 1088 448 418 102 93 164 150 58 35 
New BC onsets:  0
BC status:  4880 120 
BC subtype:  4880 103 17 

clinical_engagement 
diagnosis 
demography 
72 new agents 
8 dtreferralsatt8 smreferralsatt298 
disease_progression 
H-positive risk:  657 698 95 1078 419 97 1102 444 154 35 166 55 
H-negative risk:  698 657 1102 1078 444 419 97 95 166 154 55 35 
New BC onsets:  0
BC status:  4882 118 
BC subtype:  4882 101 17 

clinical_engagement 
diagnosis 
demography 
93 new agents 
9 dtreferralsatt9 smreferralsatt299 
disease_progression 
H-positive risk:  653 701 95 1089 415 97 1106 437 151 32 169 55 
H-negative risk:  701 653 1106 1089 437 415 97 95 169 151 55 32 
New BC onsets:  0
BC status:  4882 118 
BC subtype:  4882 102 16 

clinical_engagement 
diagnosis 
demography 
87 new agents 
13 dtreferralsatt13 smreferralsatt300 
disease_progression 
H-positive risk:  660 706 97 1087 418 98 1088 442 151 32 168 53 
H-negative risk:  706 660 1088 1087 442 418 98 97 168 151 53 32 
New BC onsets:  0
BC status:  4878 122 
BC subtype:  4878 105 17 

clinical_engagement 
diagnosis 
demography 
80 new agents 
11 dtreferralsatt11 smreferralsattTime difference of 16.6769 mins
This is task 7
date
