date
Note that the current default version of R is 3.6.1.
Loading required package: network
network: Classes for Relational Data
Version 1.15 created on 2019-04-01.
copyright (c) 2005, Carter T. Butts, University of California-Irvine
                    Mark S. Handcock, University of California -- Los Angeles
                    David R. Hunter, Penn State University
                    Martina Morris, University of Washington
                    Skye Bender-deMoll, University of Washington
 For citation information, type citation("network").
 Type help("network-package") to get started.


networkDynamic: version 0.10.0, created on 2019-04-04
Copyright (c) 2019, Carter T. Butts, University of California -- Irvine
                    Ayn Leslie-Cook, University of Washington
                    Pavel N. Krivitsky, University of Wollongong
                    Skye Bender-deMoll, University of Washington
                    with contributions from
                    Zack Almquist, University of California -- Irvine
                    David R. Hunter, Penn State University
                    Li Wang
                    Kirk Li, University of Washington
                    Steven M. Goodreau, University of Washington
                    Jeffrey Horner
                    Martina Morris, University of Washington
Based on "statnet" project software (statnet.org).
For license and citation information see statnet.org/attribution
or type citation("networkDynamic").

Loading required package: statnet.common

Attaching package: 'statnet.common'

The following object is masked from 'package:base':

    order

sna: Tools for Social Network Analysis
Version 2.4 created on 2016-07-23.
copyright (c) 2005, Carter T. Butts, University of California-Irvine
 For citation information, type citation("sna").
 Type help(package="sna") to get started.


ergm: version 3.10.4, created on 2019-06-10
Copyright (c) 2019, Mark S. Handcock, University of California -- Los Angeles
                    David R. Hunter, Penn State University
                    Carter T. Butts, University of California -- Irvine
                    Steven M. Goodreau, University of Washington
                    Pavel N. Krivitsky, University of Wollongong
                    Martina Morris, University of Washington
                    with contributions from
                    Li Wang
                    Kirk Li, University of Washington
                    Skye Bender-deMoll, University of Washington
                    Chad Klumb
Based on "statnet" project software (statnet.org).
For license and citation information see statnet.org/attribution
or type citation("ergm").

NOTE: Versions before 3.6.1 had a bug in the implementation of the bd()
constriant which distorted the sampled distribution somewhat. In
addition, Sampson's Monks datasets had mislabeled vertices. See the
NEWS and the documentation for more details.

NOTE: Some common term arguments pertaining to vertex attribute and
level selection have changed in 3.10.0. See terms help for more
details. Use 'options(ergm.term=list(version="3.9.4"))' to use old
behavior.


tergm: version 3.6.1, created on 2019-06-12
Copyright (c) 2019, Pavel N. Krivitsky, University of Wollongong
                    Mark S. Handcock, University of California -- Los Angeles
                    with contributions from
                    David R. Hunter, Penn State University
                    Steven M. Goodreau, University of Washington
                    Martina Morris, University of Washington
                    Nicole Bohme Carnegie, New York University
                    Carter T. Butts, University of California -- Irvine
                    Ayn Leslie-Cook, University of Washington
                    Skye Bender-deMoll
                    Li Wang
                    Kirk Li, University of Washington
Based on "statnet" project software (statnet.org).
For license and citation information see statnet.org/attribution
or type citation("tergm").

Starting maximum pseudolikelihood estimation (MPLE):
Evaluating the predictor and response matrix.
Maximizing the pseudolikelihood.
Finished MPLE.
Starting Monte Carlo maximum likelihood estimation (MCMLE):
Iteration 1 of at most 500:
Optimizing with step length 0.452861580340333.
The log-likelihood improved by 4.819.
Iteration 2 of at most 500:
Optimizing with step length 0.545492530660534.
The log-likelihood improved by 3.843.
Iteration 3 of at most 500:
Optimizing with step length 1.
The log-likelihood improved by 1.229.
Step length converged once. Increasing MCMC sample size.
Iteration 4 of at most 500:
Optimizing with step length 1.
The log-likelihood improved by 0.1205.
Step length converged twice. Stopping.
Finished MCMLE.
This model was fit using MCMC.  To examine model diagnostics and check
for degeneracy, use the mcmc.diagnostics() function.
 degree0  degree1  degree2  degree3  degree4  degree5  degree6  degree7 
       2       22     1201     1021      813      313      387      327 
 degree8  degree9 degree10 degree11 degree12 degree13 degree14 degree15 
     312      241      176       79       51       31       12        7 
degree16 degree17 degree18 
       3        1        1 
1 
disease_progression 
H-positive risk:  851 891 143 830 422 117 957 442 111 72 111 53 
H-negative risk:  891 851 957 830 442 422 117 143 111 111 53 72 
New BC onsets:  0
BC status:  4999 1 
BC subtype:  4999 1 

clinical_engagement 
diagnosis 
demography 
61 new agents 
3 dtreferralsatt3 smreferralsatt2 
disease_progression 
H-positive risk:  846 901 143 827 420 118 961 438 109 72 112 53 
H-negative risk:  901 846 961 827 438 420 118 143 112 109 53 72 
New BC onsets:  0
BC status:  4995 5 
BC subtype:  4995 5 

clinical_engagement 
diagnosis 
demography 
77 new agents 
0 dtreferralsatt0 smreferralsatt3 
disease_progression 
H-positive risk:  860 899 143 820 416 121 961 437 108 71 111 53 
H-negative risk:  899 860 961 820 437 416 121 143 111 108 53 71 
New BC onsets:  0
BC status:  4991 9 
BC subtype:  4991 9 

clinical_engagement 
diagnosis 
demography 
55 new agents 
4 dtreferralsatt4 smreferralsatt4 
disease_progression 
H-positive risk:  864 905 143 815 417 121 958 431 109 74 110 53 
H-negative risk:  905 864 958 815 431 417 121 143 110 109 53 74 
New BC onsets:  0
BC status:  4989 11 
BC subtype:  4989 10 1 

clinical_engagement 
diagnosis 
demography 
63 new agents 
2 dtreferralsatt2 smreferralsatt5 
disease_progression 
H-positive risk:  869 918 144 817 407 122 953 426 104 76 111 53 
H-negative risk:  918 869 953 817 426 407 122 144 111 104 53 76 
New BC onsets:  0
BC status:  4988 12 
BC subtype:  4988 11 1 

clinical_engagement 
diagnosis 
demography 
52 new agents 
5 dtreferralsatt5 smreferralsatt6 
disease_progression 
H-positive risk:  877 918 146 817 404 122 948 425 103 76 112 52 
H-negative risk:  918 877 948 817 425 404 122 146 112 103 52 76 
New BC onsets:  0
BC status:  4986 14 
BC subtype:  4986 12 2 

clinical_engagement 
diagnosis 
demography 
57 new agents 
4 dtreferralsatt4 smreferralsatt7 
disease_progression 
H-positive risk:  876 920 149 817 398 124 949 423 103 76 114 51 
H-negative risk:  920 876 949 817 423 398 124 149 114 103 51 76 
New BC onsets:  0
BC status:  4982 18 
BC subtype:  4982 15 3 

clinical_engagement 
diagnosis 
demography 
66 new agents 
10 dtreferralsatt10 smreferralsatt8 
disease_progression 
H-positive risk:  880 917 151 831 392 127 944 416 100 76 115 51 
H-negative risk:  917 880 944 831 416 392 127 151 115 100 51 76 
New BC onsets:  0
BC status:  4981 19 
BC subtype:  4981 16 3 

clinical_engagement 
diagnosis 
demography 
59 new agents 
6 dtreferralsatt6 smreferralsatt9 
disease_progression 
H-positive risk:  888 921 152 836 387 128 936 411 97 75 116 53 
H-negative risk:  921 888 936 836 411 387 128 152 116 97 53 75 
New BC onsets:  0
BC status:  4978 22 
BC subtype:  4978 19 3 

clinical_engagement 
diagnosis 
demography 
71 new agents 
8 dtreferralsatt8 smreferralsatt10 
disease_progression 
H-positive risk:  899 924 154 831 385 130 933 403 97 74 116 54 
H-negative risk:  924 899 933 831 403 385 130 154 116 97 54 74 
New BC onsets:  0
BC status:  4978 22 
BC subtype:  4978 19 3 

clinical_engagement 
diagnosis 
demography 
59 new agents 
8 dtreferralsatt8 smreferralsatt11 
disease_progression 
H-positive risk:  902 933 153 828 380 129 932 404 97 75 113 54 
H-negative risk:  933 902 932 828 404 380 129 153 113 97 54 75 
New BC onsets:  0
BC status:  4975 25 
BC subtype:  4975 22 3 

clinical_engagement 
diagnosis 
demography 
63 new agents 
5 dtreferralsatt5 smreferralsatt12 
disease_progression 
H-positive risk:  905 933 152 830 374 131 935 404 97 74 112 53 
H-negative risk:  933 905 935 830 404 374 131 152 112 97 53 74 
New BC onsets:  0
BC status:  4971 29 
BC subtype:  4971 26 3 

clinical_engagement 
diagnosis 
demography 
65 new agents 
9 dtreferralsatt9 smreferralsatt13 
disease_progression 
H-positive risk:  848 859 144 908 372 123 991 402 107 73 123 50 
H-negative risk:  859 848 991 908 402 372 123 144 123 107 50 73 
New BC onsets:  0
BC status:  4970 30 
BC subtype:  4970 27 3 

clinical_engagement 
diagnosis 
demography 
235 new agents 
7 dtreferralsatt7 smreferralsatt14 
disease_progression 
H-positive risk:  880 895 148 878 365 123 951 419 101 72 118 50 
H-negative risk:  895 880 951 878 419 365 123 148 118 101 50 72 
New BC onsets:  0
BC status:  4967 33 
BC subtype:  4967 30 3 

clinical_engagement 
diagnosis 
demography 
51 new agents 
10 dtreferralsatt10 smreferralsatt15 
disease_progression 
H-positive risk:  892 892 146 872 363 124 953 421 98 70 121 48 
H-negative risk:  892 892 953 872 421 363 124 146 121 98 48 70 
New BC onsets:  0
BC status:  4967 33 
BC subtype:  4967 30 3 

clinical_engagement 
diagnosis 
demography 
71 new agents 
3 dtreferralsatt3 smreferralsatt16 
disease_progression 
H-positive risk:  898 902 144 869 365 123 948 408 98 71 124 50 
H-negative risk:  902 898 948 869 408 365 123 144 124 98 50 71 
New BC onsets:  0
BC status:  4967 33 
BC subtype:  4967 30 3 

clinical_engagement 
diagnosis 
demography 
49 new agents 
6 dtreferralsatt6 smreferralsatt17 
disease_progression 
H-positive risk:  902 905 145 865 363 123 947 409 99 69 123 50 
H-negative risk:  905 902 947 865 409 363 123 145 123 99 50 69 
New BC onsets:  0
BC status:  4967 33 
BC subtype:  4967 30 3 

clinical_engagement 
diagnosis 
demography 
57 new agents 
6 dtreferralsatt6 smreferralsatt18 
disease_progression 
H-positive risk:  914 908 144 863 356 123 949 404 97 71 121 50 
H-negative risk:  908 914 949 863 404 356 123 144 121 97 50 71 
New BC onsets:  0
BC status:  4965 35 
BC subtype:  4965 31 4 

clinical_engagement 
diagnosis 
demography 
65 new agents 
7 dtreferralsatt7 smreferralsatt19 
disease_progression 
H-positive risk:  916 912 144 864 361 122 944 401 97 67 121 51 
H-negative risk:  912 916 944 864 401 361 122 144 121 97 51 67 
New BC onsets:  0
BC status:  4964 36 
BC subtype:  4964 33 3 

clinical_engagement 
diagnosis 
demography 
66 new agents 
9 dtreferralsatt9 smreferralsatt20 
disease_progression 
H-positive risk:  917 918 143 862 359 123 946 394 100 65 122 51 
H-negative risk:  918 917 946 862 394 359 123 143 122 100 51 65 
New BC onsets:  0
BC status:  4964 36 
BC subtype:  4964 33 3 

clinical_engagement 
diagnosis 
demography 
59 new agents 
6 dtreferralsatt6 smreferralsatt21 
disease_progression 
H-positive risk:  916 923 144 856 360 124 950 391 98 63 123 52 
H-negative risk:  923 916 950 856 391 360 124 144 123 98 52 63 
New BC onsets:  0
BC status:  4964 36 
BC subtype:  4964 33 3 

clinical_engagement 
diagnosis 
demography 
51 new agents 
11 dtreferralsatt11 smreferralsatt22 
disease_progression 
H-positive risk:  916 925 144 858 352 125 955 388 99 62 124 52 
H-negative risk:  925 916 955 858 388 352 125 144 124 99 52 62 
New BC onsets:  0
BC status:  4963 37 
BC subtype:  4963 33 4 

clinical_engagement 
diagnosis 
demography 
59 new agents 
10 dtreferralsatt10 smreferralsatt23 
disease_progression 
H-positive risk:  922 929 144 860 346 124 951 385 101 61 123 54 
H-negative risk:  929 922 951 860 385 346 124 144 123 101 54 61 
New BC onsets:  0
BC status:  4960 40 
BC subtype:  4960 35 5 

clinical_engagement 
diagnosis 
demography 
54 new agents 
7 dtreferralsatt7 smreferralsatt24 
disease_progression 
H-positive risk:  927 936 144 858 344 122 955 375 102 60 124 53 
H-negative risk:  936 927 955 858 375 344 122 144 124 102 53 60 
New BC onsets:  0
BC status:  4960 40 
BC subtype:  4960 35 5 

clinical_engagement 
diagnosis 
demography 
43 new agents 
12 dtreferralsatt12 smreferralsatt25 
disease_progression 
H-positive risk:  859 868 133 929 343 118 1027 367 112 59 132 53 
H-negative risk:  868 859 1027 929 367 343 118 133 132 112 53 59 
New BC onsets:  0
BC status:  4958 42 
BC subtype:  4958 37 5 

clinical_engagement 
diagnosis 
demography 
177 new agents 
13 dtreferralsatt13 smreferralsatt26 
disease_progression 
H-positive risk:  878 888 134 912 358 121 984 377 115 52 129 52 
H-negative risk:  888 878 984 912 377 358 121 134 129 115 52 52 
New BC onsets:  0
BC status:  4956 44 
BC subtype:  4956 39 5 

clinical_engagement 
diagnosis 
demography 
55 new agents 
8 dtreferralsatt8 smreferralsatt27 
disease_progression 
H-positive risk:  879 888 138 911 361 120 984 372 113 52 130 52 
H-negative risk:  888 879 984 911 372 361 120 138 130 113 52 52 
New BC onsets:  0
BC status:  4955 45 
BC subtype:  4955 40 5 

clinical_engagement 
diagnosis 
demography 
69 new agents 
10 dtreferralsatt10 smreferralsatt28 
disease_progression 
H-positive risk:  890 890 140 911 362 120 976 366 114 51 128 52 
H-negative risk:  890 890 976 911 366 362 120 140 128 114 52 51 
New BC onsets:  0
BC status:  4951 49 
BC subtype:  4951 42 7 

clinical_engagement 
diagnosis 
demography 
58 new agents 
8 dtreferralsatt8 smreferralsatt29 
disease_progression 
H-positive risk:  892 893 139 910 360 121 978 368 112 45 130 52 
H-negative risk:  893 892 978 910 368 360 121 139 130 112 52 45 
New BC onsets:  0
BC status:  4947 53 
BC subtype:  4947 45 8 

clinical_engagement 
diagnosis 
demography 
77 new agents 
8 dtreferralsatt8 smreferralsatt30 
disease_progression 
H-positive risk:  900 894 135 909 352 123 980 365 111 46 133 52 
H-negative risk:  894 900 980 909 365 352 123 135 133 111 52 46 
New BC onsets:  0
BC status:  4943 57 
BC subtype:  4943 49 8 

clinical_engagement 
diagnosis 
demography 
65 new agents 
9 dtreferralsatt9 smreferralsatt31 
disease_progression 
H-positive risk:  904 900 133 910 344 123 971 368 114 45 134 54 
H-negative risk:  900 904 971 910 368 344 123 133 134 114 54 45 
New BC onsets:  0
BC status:  4944 56 
BC subtype:  4944 49 7 

clinical_engagement 
diagnosis 
demography 
52 new agents 
10 dtreferralsatt10 smreferralsatt32 
disease_progression 
H-positive risk:  908 900 134 913 340 122 969 368 114 45 133 54 
H-negative risk:  900 908 969 913 368 340 122 134 133 114 54 45 
New BC onsets:  0
BC status:  4944 56 
BC subtype:  4944 50 6 

clinical_engagement 
diagnosis 
demography 
68 new agents 
9 dtreferralsatt9 smreferralsatt33 
disease_progression 
H-positive risk:  909 900 134 912 341 122 973 368 112 46 131 52 
H-negative risk:  900 909 973 912 368 341 122 134 131 112 52 46 
New BC onsets:  0
BC status:  4944 56 
BC subtype:  4944 50 6 

clinical_engagement 
diagnosis 
demography 
70 new agents 
13 dtreferralsatt13 smreferralsatt34 
disease_progression 
H-positive risk:  915 907 135 907 339 120 970 362 112 46 133 54 
H-negative risk:  907 915 970 907 362 339 120 135 133 112 54 46 
New BC onsets:  0
BC status:  4941 59 
BC subtype:  4941 53 6 

clinical_engagement 
diagnosis 
demography 
57 new agents 
11 dtreferralsatt11 smreferralsatt35 
disease_progression 
H-positive risk:  924 912 136 904 336 121 960 360 114 46 133 54 
H-negative risk:  912 924 960 904 360 336 121 136 133 114 54 46 
New BC onsets:  0
BC status:  4941 59 
BC subtype:  4941 53 6 

clinical_engagement 
diagnosis 
demography 
71 new agents 
10 dtreferralsatt10 smreferralsatt36 
disease_progression 
H-positive risk:  926 917 136 900 333 123 966 359 110 45 132 53 
H-negative risk:  917 926 966 900 359 333 123 136 132 110 53 45 
New BC onsets:  0
BC status:  4936 64 
BC subtype:  4936 58 6 

clinical_engagement 
diagnosis 
demography 
77 new agents 
8 dtreferralsatt8 smreferralsatt37 
disease_progression 
H-positive risk:  861 859 122 954 337 106 1034 354 131 45 143 54 
H-negative risk:  859 861 1034 954 354 337 106 122 143 131 54 45 
New BC onsets:  0
BC status:  4934 66 
BC subtype:  4934 60 6 

clinical_engagement 
diagnosis 
demography 
136 new agents 
10 dtreferralsatt10 smreferralsatt38 
disease_progression 
H-positive risk:  881 865 128 929 356 105 978 389 131 43 137 58 
H-negative risk:  865 881 978 929 389 356 105 128 137 131 58 43 
New BC onsets:  0
BC status:  4929 71 
BC subtype:  4929 65 6 

clinical_engagement 
diagnosis 
demography 
78 new agents 
12 dtreferralsatt12 smreferralsatt39 
disease_progression 
H-positive risk:  885 873 131 912 353 107 980 388 136 45 136 54 
H-negative risk:  873 885 980 912 388 353 107 131 136 136 54 45 
New BC onsets:  0
BC status:  4929 71 
BC subtype:  4929 64 7 

clinical_engagement 
diagnosis 
demography 
76 new agents 
11 dtreferralsatt11 smreferralsatt40 
disease_progression 
H-positive risk:  891 881 132 913 347 108 976 382 136 44 134 56 
H-negative risk:  881 891 976 913 382 347 108 132 134 136 56 44 
New BC onsets:  0
BC status:  4926 74 
BC subtype:  4926 67 7 

clinical_engagement 
diagnosis 
demography 
57 new agents 
16 dtreferralsatt16 smreferralsatt41 
disease_progression 
H-positive risk:  883 890 130 913 347 110 971 378 136 45 140 57 
H-negative risk:  890 883 971 913 378 347 110 130 140 136 57 45 
New BC onsets:  0
BC status:  4924 76 
BC subtype:  4924 70 6 

clinical_engagement 
diagnosis 
demography 
62 new agents 
12 dtreferralsatt12 smreferralsatt42 
disease_progression 
H-positive risk:  881 892 133 915 346 112 967 376 138 44 139 57 
H-negative risk:  892 881 967 915 376 346 112 133 139 138 57 44 
New BC onsets:  0
BC status:  4925 75 
BC subtype:  4925 68 7 

clinical_engagement 
diagnosis 
demography 
53 new agents 
9 dtreferralsatt9 smreferralsatt43 
disease_progression 
H-positive risk:  887 894 133 907 341 112 972 372 140 45 138 59 
H-negative risk:  894 887 972 907 372 341 112 133 138 140 59 45 
New BC onsets:  0
BC status:  4925 75 
BC subtype:  4925 68 7 

clinical_engagement 
diagnosis 
demography 
66 new agents 
11 dtreferralsatt11 smreferralsatt44 
disease_progression 
H-positive risk:  895 887 137 906 339 114 970 374 140 46 136 56 
H-negative risk:  887 895 970 906 374 339 114 137 136 140 56 46 
New BC onsets:  0
BC status:  4925 75 
BC subtype:  4925 68 7 

clinical_engagement 
diagnosis 
demography 
53 new agents 
6 dtreferralsatt6 smreferralsatt45 
disease_progression 
H-positive risk:  896 896 137 895 339 115 972 375 138 46 134 57 
H-negative risk:  896 896 972 895 375 339 115 137 134 138 57 46 
New BC onsets:  0
BC status:  4924 76 
BC subtype:  4924 69 7 

clinical_engagement 
diagnosis 
demography 
77 new agents 
8 dtreferralsatt8 smreferralsatt46 
disease_progression 
H-positive risk:  899 903 138 889 343 116 970 370 138 45 135 54 
H-negative risk:  903 899 970 889 370 343 116 138 135 138 54 45 
New BC onsets:  0
BC status:  4924 76 
BC subtype:  4924 69 7 

clinical_engagement 
diagnosis 
demography 
57 new agents 
9 dtreferralsatt9 smreferralsatt47 
disease_progression 
H-positive risk:  899 907 137 882 345 118 976 371 139 43 132 51 
H-negative risk:  907 899 976 882 371 345 118 137 132 139 51 43 
New BC onsets:  0
BC status:  4923 77 
BC subtype:  4923 70 7 

clinical_engagement 
diagnosis 
demography 
76 new agents 
10 dtreferralsatt10 smreferralsatt48 
disease_progression 
H-positive risk:  896 913 137 877 342 121 981 366 139 42 134 52 
H-negative risk:  913 896 981 877 366 342 121 137 134 139 52 42 
New BC onsets:  0
BC status:  4923 77 
BC subtype:  4923 70 7 

clinical_engagement 
diagnosis 
demography 
68 new agents 
5 dtreferralsatt5 smreferralsatt49 
disease_progression 
H-positive risk:  850 859 126 942 340 116 1022 358 145 42 147 53 
H-negative risk:  859 850 1022 942 358 340 116 126 147 145 53 42 
New BC onsets:  0
BC status:  4920 80 
BC subtype:  4920 73 7 

clinical_engagement 
diagnosis 
demography 
136 new agents 
10 dtreferralsatt10 smreferralsatt50 
disease_progression 
H-positive risk:  857 865 124 930 340 116 998 382 145 43 146 54 
H-negative risk:  865 857 998 930 382 340 116 124 146 145 54 43 
New BC onsets:  0
BC status:  4918 82 
BC subtype:  4918 75 7 

clinical_engagement 
diagnosis 
demography 
78 new agents 
13 dtreferralsatt13 smreferralsatt51 
disease_progression 
H-positive risk:  860 873 126 926 347 117 993 373 144 42 145 54 
H-negative risk:  873 860 993 926 373 347 117 126 145 144 54 42 
New BC onsets:  0
BC status:  4917 83 
BC subtype:  4917 76 7 

clinical_engagement 
diagnosis 
demography 
54 new agents 
10 dtreferralsatt10 smreferralsatt52 
disease_progression 
H-positive risk:  852 874 125 928 348 118 994 371 147 43 143 57 
H-negative risk:  874 852 994 928 371 348 118 125 143 147 57 43 
New BC onsets:  0
BC status:  4915 85 
BC subtype:  4915 78 7 

clinical_engagement 
diagnosis 
demography 
63 new agents 
7 dtreferralsatt7 smreferralsatt53 
disease_progression 
H-positive risk:  859 872 125 941 338 117 991 370 145 42 144 56 
H-negative risk:  872 859 991 941 370 338 117 125 144 145 56 42 
New BC onsets:  0
BC status:  4917 83 
BC subtype:  4917 76 7 

clinical_engagement 
diagnosis 
demography 
64 new agents 
8 dtreferralsatt8 smreferralsatt54 
disease_progression 
H-positive risk:  857 873 130 949 336 121 988 364 144 40 144 54 
H-negative risk:  873 857 988 949 364 336 121 130 144 144 54 40 
New BC onsets:  0
BC status:  4916 84 
BC subtype:  4916 76 8 

clinical_engagement 
diagnosis 
demography 
57 new agents 
13 dtreferralsatt13 smreferralsatt55 
disease_progression 
H-positive risk:  860 876 129 945 330 122 985 369 147 38 145 54 
H-negative risk:  876 860 985 945 369 330 122 129 145 147 54 38 
New BC onsets:  0
BC status:  4916 84 
BC subtype:  4916 73 11 

clinical_engagement 
diagnosis 
demography 
57 new agents 
9 dtreferralsatt9 smreferralsatt56 
disease_progression 
H-positive risk:  881 875 130 945 321 121 977 365 148 39 146 52 
H-negative risk:  875 881 977 945 365 321 121 130 146 148 52 39 
New BC onsets:  0
BC status:  4913 87 
BC subtype:  4913 75 12 

clinical_engagement 
diagnosis 
demography 
60 new agents 
8 dtreferralsatt8 smreferralsatt57 
disease_progression 
H-positive risk:  880 876 130 947 324 123 974 358 147 42 147 52 
H-negative risk:  876 880 974 947 358 324 123 130 147 147 52 42 
New BC onsets:  0
BC status:  4913 87 
BC subtype:  4913 75 12 

clinical_engagement 
diagnosis 
demography 
72 new agents 
16 dtreferralsatt16 smreferralsatt58 
disease_progression 
H-positive risk:  881 886 129 940 328 124 969 359 142 43 147 52 
H-negative risk:  886 881 969 940 359 328 124 129 147 142 52 43 
New BC onsets:  0
BC status:  4913 87 
BC subtype:  4913 75 12 

clinical_engagement 
diagnosis 
demography 
66 new agents 
8 dtreferralsatt8 smreferralsatt59 
disease_progression 
H-positive risk:  890 884 133 938 328 124 963 358 141 43 147 51 
H-negative risk:  884 890 963 938 358 328 124 133 147 141 51 43 
New BC onsets:  0
BC status:  4913 87 
BC subtype:  4913 75 12 

clinical_engagement 
diagnosis 
demography 
56 new agents 
7 dtreferralsatt7 smreferralsatt60 
disease_progression 
H-positive risk:  893 883 133 944 327 126 945 361 143 44 149 52 
H-negative risk:  883 893 945 944 361 327 126 133 149 143 52 44 
New BC onsets:  0
BC status:  4913 87 
BC subtype:  4913 75 12 

clinical_engagement 
diagnosis 
demography 
59 new agents 
7 dtreferralsatt7 smreferralsatt61 
disease_progression 
H-positive risk:  840 838 124 992 323 115 1010 350 156 46 155 51 
H-negative risk:  838 840 1010 992 350 323 115 124 155 156 51 46 
New BC onsets:  0
BC status:  4915 85 
BC subtype:  4915 73 12 

clinical_engagement 
diagnosis 
demography 
118 new agents 
11 dtreferralsatt11 smreferralsatt62 
disease_progression 
H-positive risk:  850 844 121 950 340 116 990 380 154 47 150 58 
H-negative risk:  844 850 990 950 380 340 116 121 150 154 58 47 
New BC onsets:  0
BC status:  4912 88 
BC subtype:  4912 75 13 

clinical_engagement 
diagnosis 
demography 
73 new agents 
14 dtreferralsatt14 smreferralsatt63 
disease_progression 
H-positive risk:  845 850 122 952 343 115 988 379 152 48 148 58 
H-negative risk:  850 845 988 952 379 343 115 122 148 152 58 48 
New BC onsets:  0
BC status:  4913 87 
BC subtype:  4913 74 13 

clinical_engagement 
diagnosis 
demography 
50 new agents 
11 dtreferralsatt11 smreferralsatt64 
disease_progression 
H-positive risk:  841 848 124 955 342 116 1000 373 151 46 147 57 
H-negative risk:  848 841 1000 955 373 342 116 124 147 151 57 46 
New BC onsets:  0
BC status:  4914 86 
BC subtype:  4914 72 14 

clinical_engagement 
diagnosis 
demography 
80 new agents 
8 dtreferralsatt8 smreferralsatt65 
disease_progression 
H-positive risk:  849 851 125 958 336 119 1001 365 150 45 148 53 
H-negative risk:  851 849 1001 958 365 336 119 125 148 150 53 45 
New BC onsets:  0
BC status:  4914 86 
BC subtype:  4914 72 14 

clinical_engagement 
diagnosis 
demography 
64 new agents 
17 dtreferralsatt17 smreferralsatt66 
disease_progression 
H-positive risk:  845 860 122 960 328 121 1002 362 151 45 151 53 
H-negative risk:  860 845 1002 960 362 328 121 122 151 151 53 45 
New BC onsets:  0
BC status:  4912 88 
BC subtype:  4912 74 14 

clinical_engagement 
diagnosis 
demography 
52 new agents 
13 dtreferralsatt13 smreferralsatt67 
disease_progression 
H-positive risk:  847 858 123 956 336 121 998 361 150 45 154 51 
H-negative risk:  858 847 998 956 361 336 121 123 154 150 51 45 
New BC onsets:  0
BC status:  4912 88 
BC subtype:  4912 74 14 

clinical_engagement 
diagnosis 
demography 
62 new agents 
14 dtreferralsatt14 smreferralsatt68 
disease_progression 
H-positive risk:  847 858 126 957 338 121 1000 357 144 47 155 50 
H-negative risk:  858 847 1000 957 357 338 121 126 155 144 50 47 
New BC onsets:  0
BC status:  4911 89 
BC subtype:  4911 75 14 

clinical_engagement 
diagnosis 
demography 
67 new agents 
13 dtreferralsatt13 smreferralsatt69 
disease_progression 
H-positive risk:  852 859 127 953 340 123 1009 353 140 46 151 47 
H-negative risk:  859 852 1009 953 353 340 123 127 151 140 47 46 
New BC onsets:  0
BC status:  4908 92 
BC subtype:  4908 77 15 

clinical_engagement 
diagnosis 
demography 
75 new agents 
10 dtreferralsatt10 smreferralsatt70 
disease_progression 
H-positive risk:  857 863 125 956 338 119 1011 346 141 46 151 47 
H-negative risk:  863 857 1011 956 346 338 119 125 151 141 47 46 
New BC onsets:  0
BC status:  4906 94 
BC subtype:  4906 79 15 

clinical_engagement 
diagnosis 
demography 
55 new agents 
10 dtreferralsatt10 smreferralsatt71 
disease_progression 
H-positive risk:  857 860 125 962 336 118 1004 348 142 46 153 49 
H-negative risk:  860 857 1004 962 348 336 118 125 153 142 49 46 
New BC onsets:  0
BC status:  4904 96 
BC subtype:  4904 81 15 

clinical_engagement 
diagnosis 
demography 
65 new agents 
11 dtreferralsatt11 smreferralsatt72 
disease_progression 
H-positive risk:  860 862 126 962 337 119 997 349 142 43 153 50 
H-negative risk:  862 860 997 962 349 337 119 126 153 142 50 43 
New BC onsets:  0
BC status:  4902 98 
BC subtype:  4902 83 15 

clinical_engagement 
diagnosis 
demography 
65 new agents 
8 dtreferralsatt8 smreferralsatt73 
disease_progression 
H-positive risk:  806 825 118 1011 329 114 1042 352 148 46 160 49 
H-negative risk:  825 806 1042 1011 352 329 114 118 160 148 49 46 
New BC onsets:  0
BC status:  4900 100 
BC subtype:  4900 84 16 

clinical_engagement 
diagnosis 
demography 
106 new agents 
13 dtreferralsatt13 smreferralsatt74 
disease_progression 
H-positive risk:  803 823 116 996 353 113 1021 364 152 47 154 58 
H-negative risk:  823 803 1021 996 364 353 113 116 154 152 58 47 
New BC onsets:  0
BC status:  4899 101 
BC subtype:  4899 86 15 

clinical_engagement 
diagnosis 
demography 
79 new agents 
12 dtreferralsatt12 smreferralsatt75 
disease_progression 
H-positive risk:  798 817 118 1002 351 115 1022 372 151 45 151 58 
H-negative risk:  817 798 1022 1002 372 351 115 118 151 151 58 45 
New BC onsets:  0
BC status:  4897 103 
BC subtype:  4897 86 17 

clinical_engagement 
diagnosis 
demography 
68 new agents 
9 dtreferralsatt9 smreferralsatt76 
disease_progression 
H-positive risk:  803 822 117 1002 350 112 1019 374 147 48 148 58 
H-negative risk:  822 803 1019 1002 374 350 112 117 148 147 58 48 
New BC onsets:  0
BC status:  4897 103 
BC subtype:  4897 87 16 

clinical_engagement 
diagnosis 
demography 
74 new agents 
9 dtreferralsatt9 smreferralsatt77 
disease_progression 
H-positive risk:  801 817 118 1004 351 115 1020 376 143 45 151 59 
H-negative risk:  817 801 1020 1004 376 351 115 118 151 143 59 45 
New BC onsets:  0
BC status:  4896 104 
BC subtype:  4896 88 16 

clinical_engagement 
diagnosis 
demography 
74 new agents 
9 dtreferralsatt9 smreferralsatt78 
disease_progression 
H-positive risk:  804 819 115 998 354 117 1022 371 143 45 150 62 
H-negative risk:  819 804 1022 998 371 354 117 115 150 143 62 45 
New BC onsets:  0
BC status:  4895 105 
BC subtype:  4895 89 16 

clinical_engagement 
diagnosis 
demography 
76 new agents 
14 dtreferralsatt14 smreferralsatt79 
disease_progression 
H-positive risk:  809 821 116 1003 356 118 1021 362 141 46 149 58 
H-negative risk:  821 809 1021 1003 362 356 118 116 149 141 58 46 
New BC onsets:  0
BC status:  4895 105 
BC subtype:  4895 89 16 

clinical_engagement 
diagnosis 
demography 
85 new agents 
8 dtreferralsatt8 smreferralsatt80 
disease_progression 
H-positive risk:  805 823 117 1003 359 119 1018 365 137 47 149 58 
H-negative risk:  823 805 1018 1003 365 359 119 117 149 137 58 47 
New BC onsets:  0
BC status:  4895 105 
BC subtype:  4895 89 16 

clinical_engagement 
diagnosis 
demography 
53 new agents 
14 dtreferralsatt14 smreferralsatt81 
disease_progression 
H-positive risk:  799 820 117 1004 362 120 1018 369 136 46 152 57 
H-negative risk:  820 799 1018 1004 369 362 120 117 152 136 57 46 
New BC onsets:  0
BC status:  4895 105 
BC subtype:  4895 89 16 

clinical_engagement 
diagnosis 
demography 
64 new agents 
16 dtreferralsatt16 smreferralsatt82 
disease_progression 
H-positive risk:  799 813 119 1013 357 119 1021 372 135 47 151 54 
H-negative risk:  813 799 1021 1013 372 357 119 119 151 135 54 47 
New BC onsets:  0
BC status:  4895 105 
BC subtype:  4895 88 17 

clinical_engagement 
diagnosis 
demography 
62 new agents 
12 dtreferralsatt12 smreferralsatt83 
disease_progression 
H-positive risk:  799 812 119 1014 359 118 1023 376 135 46 147 52 
H-negative risk:  812 799 1023 1014 376 359 118 119 147 135 52 46 
New BC onsets:  0
BC status:  4897 103 
BC subtype:  4897 87 16 

clinical_engagement 
diagnosis 
demography 
76 new agents 
9 dtreferralsatt9 smreferralsatt84 
disease_progression 
H-positive risk:  800 815 121 1012 358 117 1024 372 138 45 144 54 
H-negative risk:  815 800 1024 1012 372 358 117 121 144 138 54 45 
New BC onsets:  0
BC status:  4893 107 
BC subtype:  4893 91 16 

clinical_engagement 
diagnosis 
demography 
67 new agents 
9 dtreferralsatt9 smreferralsatt85 
disease_progression 
H-positive risk:  741 772 114 1053 352 113 1084 372 146 43 154 56 
H-negative risk:  772 741 1084 1053 372 352 113 114 154 146 56 43 
New BC onsets:  0
BC status:  4893 107 
BC subtype:  4893 91 16 

clinical_engagement 
diagnosis 
demography 
90 new agents 
11 dtreferralsatt11 smreferralsatt86 
disease_progression 
H-positive risk:  743 777 115 1029 366 113 1063 394 143 50 151 56 
H-negative risk:  777 743 1063 1029 394 366 113 115 151 143 56 50 
New BC onsets:  0
BC status:  4895 105 
BC subtype:  4895 88 17 

clinical_engagement 
diagnosis 
demography 
56 new agents 
7 dtreferralsatt7 smreferralsatt87 
disease_progression 
H-positive risk:  743 772 116 1027 368 114 1069 394 143 49 150 55 
H-negative risk:  772 743 1069 1027 394 368 114 116 150 143 55 49 
New BC onsets:  0
BC status:  4894 106 
BC subtype:  4894 89 17 

clinical_engagement 
diagnosis 
demography 
63 new agents 
9 dtreferralsatt9 smreferralsatt88 
disease_progression 
H-positive risk:  746 768 116 1028 369 114 1075 392 139 50 149 54 
H-negative risk:  768 746 1075 1028 392 369 114 116 149 139 54 50 
New BC onsets:  0
BC status:  4899 101 
BC subtype:  4899 85 16 

clinical_engagement 
diagnosis 
demography 
71 new agents 
11 dtreferralsatt11 smreferralsatt89 
disease_progression 
H-positive risk:  743 769 116 1024 372 115 1073 392 140 54 149 53 
H-negative risk:  769 743 1073 1024 392 372 115 116 149 140 53 54 
New BC onsets:  0
BC status:  4901 99 
BC subtype:  4901 84 15 

clinical_engagement 
diagnosis 
demography 
76 new agents 
10 dtreferralsatt10 smreferralsatt90 
disease_progression 
H-positive risk:  741 776 116 1019 371 118 1076 388 136 56 149 54 
H-negative risk:  776 741 1076 1019 388 371 118 116 149 136 54 56 
New BC onsets:  0
BC status:  4898 102 
BC subtype:  4898 87 15 

clinical_engagement 
diagnosis 
demography 
61 new agents 
11 dtreferralsatt11 smreferralsatt91 
disease_progression 
H-positive risk:  743 773 118 1015 369 118 1081 390 135 57 148 53 
H-negative risk:  773 743 1081 1015 390 369 118 118 148 135 53 57 
New BC onsets:  0
BC status:  4897 103 
BC subtype:  4897 88 15 

clinical_engagement 
diagnosis 
demography 
61 new agents 
13 dtreferralsatt13 smreferralsatt92 
disease_progression 
H-positive risk:  743 775 119 1000 379 117 1089 388 131 57 146 56 
H-negative risk:  775 743 1089 1000 388 379 117 119 146 131 56 57 
New BC onsets:  0
BC status:  4895 105 
BC subtype:  4895 89 16 

clinical_engagement 
diagnosis 
demography 
65 new agents 
7 dtreferralsatt7 smreferralsatt93 
disease_progression 
H-positive risk:  745 779 121 995 384 115 1087 387 131 57 144 55 
H-negative risk:  779 745 1087 995 387 384 115 121 144 131 55 57 
New BC onsets:  0
BC status:  4894 106 
BC subtype:  4894 90 16 

clinical_engagement 
diagnosis 
demography 
76 new agents 
15 dtreferralsatt15 smreferralsatt94 
disease_progression 
H-positive risk:  745 769 121 1012 386 111 1081 385 134 57 143 56 
H-negative risk:  769 745 1081 1012 385 386 111 121 143 134 56 57 
New BC onsets:  0
BC status:  4892 108 
BC subtype:  4892 92 16 

clinical_engagement 
diagnosis 
demography 
78 new agents 
8 dtreferralsatt8 smreferralsatt95 
disease_progression 
H-positive risk:  757 770 123 1012 384 111 1081 378 133 56 139 56 
H-negative risk:  770 757 1081 1012 378 384 111 123 139 133 56 56 
New BC onsets:  0
BC status:  4890 110 
BC subtype:  4890 94 16 

clinical_engagement 
diagnosis 
demography 
72 new agents 
6 dtreferralsatt6 smreferralsatt96 
disease_progression 
H-positive risk:  755 770 124 1016 385 109 1077 384 129 56 139 56 
H-negative risk:  770 755 1077 1016 384 385 109 124 139 129 56 56 
New BC onsets:  0
BC status:  4893 107 
BC subtype:  4893 92 15 

clinical_engagement 
diagnosis 
demography 
77 new agents 
9 dtreferralsatt9 smreferralsatt97 
disease_progression 
H-positive risk:  717 717 111 1070 388 108 1108 379 129 57 159 57 
H-negative risk:  717 717 1108 1070 379 388 108 111 159 129 57 57 
New BC onsets:  0
BC status:  4890 110 
BC subtype:  4890 94 16 

clinical_engagement 
diagnosis 
demography 
100 new agents 
10 dtreferralsatt10 smreferralsatt98 
disease_progression 
H-positive risk:  729 706 109 1055 401 110 1088 396 126 63 159 58 
H-negative risk:  706 729 1088 1055 396 401 110 109 159 126 58 63 
New BC onsets:  0
BC status:  4892 108 
BC subtype:  4892 92 16 

clinical_engagement 
diagnosis 
demography 
82 new agents 
7 dtreferralsatt7 smreferralsatt99 
disease_progression 
H-positive risk:  735 710 108 1046 404 109 1089 395 125 64 160 55 
H-negative risk:  710 735 1089 1046 395 404 109 108 160 125 55 64 
New BC onsets:  0
BC status:  4893 107 
BC subtype:  4893 94 13 

clinical_engagement 
diagnosis 
demography 
70 new agents 
15 dtreferralsatt15 smreferralsatt100 
disease_progression 
H-positive risk:  737 719 106 1037 399 109 1084 391 132 66 163 57 
H-negative risk:  719 737 1084 1037 391 399 109 106 163 132 57 66 
New BC onsets:  0
BC status:  4893 107 
BC subtype:  4893 93 14 

clinical_engagement 
diagnosis 
demography 
65 new agents 
13 dtreferralsatt13 smreferralsatt101 
disease_progression 
H-positive risk:  738 719 108 1039 398 112 1079 396 128 66 162 55 
H-negative risk:  719 738 1079 1039 396 398 112 108 162 128 55 66 
New BC onsets:  0
BC status:  4892 108 
BC subtype:  4892 94 14 

clinical_engagement 
diagnosis 
demography 
62 new agents 
5 dtreferralsatt5 smreferralsatt102 
disease_progression 
H-positive risk:  745 718 107 1036 401 113 1081 392 128 65 159 55 
H-negative risk:  718 745 1081 1036 392 401 113 107 159 128 55 65 
New BC onsets:  0
BC status:  4888 112 
BC subtype:  4888 98 14 

clinical_engagement 
diagnosis 
demography 
63 new agents 
5 dtreferralsatt5 smreferralsatt103 
disease_progression 
H-positive risk:  750 713 105 1039 402 114 1079 387 129 64 163 55 
H-negative risk:  713 750 1079 1039 387 402 114 105 163 129 55 64 
New BC onsets:  0
BC status:  4888 112 
BC subtype:  4888 100 12 

clinical_engagement 
diagnosis 
demography 
69 new agents 
7 dtreferralsatt7 smreferralsatt104 
disease_progression 
H-positive risk:  746 719 106 1038 404 115 1080 386 129 62 162 53 
H-negative risk:  719 746 1080 1038 386 404 115 106 162 129 53 62 
New BC onsets:  0
BC status:  4894 106 
BC subtype:  4894 95 11 

clinical_engagement 
diagnosis 
demography 
68 new agents 
4 dtreferralsatt4 smreferralsatt105 
disease_progression 
H-positive risk:  744 722 108 1036 402 117 1079 388 129 60 162 53 
H-negative risk:  722 744 1079 1036 388 402 117 108 162 129 53 60 
New BC onsets:  0
BC status:  4895 105 
BC subtype:  4895 95 10 

clinical_engagement 
diagnosis 
demography 
57 new agents 
16 dtreferralsatt16 smreferralsatt106 
disease_progression 
H-positive risk:  750 715 108 1042 398 116 1082 389 129 60 159 52 
H-negative risk:  715 750 1082 1042 389 398 116 108 159 129 52 60 
New BC onsets:  0
BC status:  4898 102 
BC subtype:  4898 92 10 

clinical_engagement 
diagnosis 
demography 
78 new agents 
5 dtreferralsatt5 smreferralsatt107 
disease_progression 
H-positive risk:  746 717 106 1038 401 116 1079 392 130 59 162 54 
H-negative risk:  717 746 1079 1038 392 401 116 106 162 130 54 59 
New BC onsets:  0
BC status:  4894 106 
BC subtype:  4894 96 10 

clinical_engagement 
diagnosis 
demography 
59 new agents 
13 dtreferralsatt13 smreferralsatt108 
disease_progression 
H-positive risk:  747 717 108 1036 395 115 1086 391 130 60 162 53 
H-negative risk:  717 747 1086 1036 391 395 115 108 162 130 53 60 
New BC onsets:  0
BC status:  4893 107 
BC subtype:  4893 97 10 

clinical_engagement 
diagnosis 
demography 
57 new agents 
7 dtreferralsatt7 smreferralsatt109 
disease_progression 
H-positive risk:  709 678 100 1079 393 101 1126 384 146 61 171 52 
H-negative risk:  678 709 1126 1079 384 393 101 100 171 146 52 61 
New BC onsets:  0
BC status:  4892 108 
BC subtype:  4892 99 9 

clinical_engagement 
diagnosis 
demography 
105 new agents 
12 dtreferralsatt12 smreferralsatt110 
disease_progression 
H-positive risk:  711 679 101 1074 405 101 1114 387 142 65 171 50 
H-negative risk:  679 711 1114 1074 387 405 101 101 171 142 50 65 
New BC onsets:  0
BC status:  4888 112 
BC subtype:  4888 104 8 

clinical_engagement 
diagnosis 
demography 
74 new agents 
10 dtreferralsatt10 smreferralsatt111 
disease_progression 
H-positive risk:  704 680 105 1080 396 103 1119 386 142 65 171 49 
H-negative risk:  680 704 1119 1080 386 396 103 105 171 142 49 65 
New BC onsets:  0
BC status:  4885 115 
BC subtype:  4885 106 9 

clinical_engagement 
diagnosis 
demography 
77 new agents 
12 dtreferralsatt12 smreferralsatt112 
disease_progression 
H-positive risk:  709 681 107 1084 391 103 1120 379 141 64 170 51 
H-negative risk:  681 709 1120 1084 379 391 103 107 170 141 51 64 
New BC onsets:  0
BC status:  4885 115 
BC subtype:  4885 105 10 

clinical_engagement 
diagnosis 
demography 
75 new agents 
11 dtreferralsatt11 smreferralsatt113 
disease_progression 
H-positive risk:  714 673 107 1094 389 101 1120 371 146 65 169 51 
H-negative risk:  673 714 1120 1094 371 389 101 107 169 146 51 65 
New BC onsets:  0
BC status:  4884 116 
BC subtype:  4884 105 11 

clinical_engagement 
diagnosis 
demography 
63 new agents 
8 dtreferralsatt8 smreferralsatt114 
disease_progression 
H-positive risk:  713 677 106 1086 390 102 1118 372 150 64 170 52 
H-negative risk:  677 713 1118 1086 372 390 102 106 170 150 52 64 
New BC onsets:  0
BC status:  4885 115 
BC subtype:  4885 104 11 

clinical_engagement 
diagnosis 
demography 
81 new agents 
8 dtreferralsatt8 smreferralsatt115 
disease_progression 
H-positive risk:  719 685 108 1078 388 103 1115 374 150 63 164 53 
H-negative risk:  685 719 1115 1078 374 388 103 108 164 150 53 63 
New BC onsets:  0
BC status:  4887 113 
BC subtype:  4887 100 13 

clinical_engagement 
diagnosis 
demography 
72 new agents 
12 dtreferralsatt12 smreferralsatt116 
disease_progression 
H-positive risk:  720 689 106 1078 386 104 1117 370 151 64 166 49 
H-negative risk:  689 720 1117 1078 370 386 104 106 166 151 49 64 
New BC onsets:  0
BC status:  4888 112 
BC subtype:  4888 99 13 

clinical_engagement 
diagnosis 
demography 
75 new agents 
12 dtreferralsatt12 smreferralsatt117 
disease_progression 
H-positive risk:  714 685 107 1083 385 105 1127 364 152 63 165 50 
H-negative risk:  685 714 1127 1083 364 385 105 107 165 152 50 63 
New BC onsets:  0
BC status:  4885 115 
BC subtype:  4885 101 14 

clinical_engagement 
diagnosis 
demography 
73 new agents 
11 dtreferralsatt11 smreferralsatt118 
disease_progression 
H-positive risk:  723 693 108 1079 384 109 1121 358 151 64 160 50 
H-negative risk:  693 723 1121 1079 358 384 109 108 160 151 50 64 
New BC onsets:  0
BC status:  4884 116 
BC subtype:  4884 101 15 

clinical_engagement 
diagnosis 
demography 
63 new agents 
12 dtreferralsatt12 smreferralsatt119 
disease_progression 
H-positive risk:  717 687 108 1084 377 107 1131 363 153 63 160 50 
H-negative risk:  687 717 1131 1084 363 377 107 108 160 153 50 63 
New BC onsets:  0
BC status:  4882 118 
BC subtype:  4882 103 15 

clinical_engagement 
diagnosis 
demography 
63 new agents 
6 dtreferralsatt6 smreferralsatt120 
disease_progression 
H-positive risk:  720 677 109 1094 373 106 1129 363 155 64 158 52 
H-negative risk:  677 720 1129 1094 363 373 106 109 158 155 52 64 
New BC onsets:  0
BC status:  4883 117 
BC subtype:  4883 102 15 

clinical_engagement 
diagnosis 
demography 
67 new agents 
11 dtreferralsatt11 smreferralsatt121 
disease_progression 
H-positive risk:  685 641 102 1131 371 102 1166 362 161 63 161 55 
H-negative risk:  641 685 1166 1131 362 371 102 102 161 161 55 63 
New BC onsets:  0
BC status:  4879 121 
BC subtype:  4879 106 15 

clinical_engagement 
diagnosis 
demography 
92 new agents 
11 dtreferralsatt11 smreferralsatt122 
disease_progression 
H-positive risk:  683 638 105 1123 383 100 1158 362 161 66 162 59 
H-negative risk:  638 683 1158 1123 362 383 100 105 162 161 59 66 
New BC onsets:  0
BC status:  4885 115 
BC subtype:  4885 100 15 

clinical_engagement 
diagnosis 
demography 
87 new agents 
6 dtreferralsatt6 smreferralsatt123 
disease_progression 
H-positive risk:  690 637 102 1127 384 98 1153 362 157 70 163 57 
H-negative risk:  637 690 1153 1127 362 384 98 102 163 157 57 70 
New BC onsets:  0
BC status:  4884 116 
BC subtype:  4884 101 15 

clinical_engagement 
diagnosis 
demography 
74 new agents 
8 dtreferralsatt8 smreferralsatt124 
disease_progression 
H-positive risk:  689 642 101 1126 383 99 1154 363 159 68 161 55 
H-negative risk:  642 689 1154 1126 363 383 99 101 161 159 55 68 
New BC onsets:  0
BC status:  4882 118 
BC subtype:  4882 103 15 

clinical_engagement 
diagnosis 
demography 
78 new agents 
12 dtreferralsatt12 smreferralsatt125 
disease_progression 
H-positive risk:  691 650 97 1120 380 99 1161 364 156 65 162 55 
H-negative risk:  650 691 1161 1120 364 380 99 97 162 156 55 65 
New BC onsets:  0
BC status:  4883 117 
BC subtype:  4883 102 15 

clinical_engagement 
diagnosis 
demography 
85 new agents 
17 dtreferralsatt17 smreferralsatt126 
disease_progression 
H-positive risk:  689 650 96 1120 376 97 1171 363 157 64 162 55 
H-negative risk:  650 689 1171 1120 363 376 97 96 162 157 55 64 
New BC onsets:  0
BC status:  4882 118 
BC subtype:  4882 103 15 

clinical_engagement 
diagnosis 
demography 
73 new agents 
10 dtreferralsatt10 smreferralsatt127 
disease_progression 
H-positive risk:  695 653 94 1117 374 96 1171 363 156 65 162 54 
H-negative risk:  653 695 1171 1117 363 374 96 94 162 156 54 65 
New BC onsets:  0
BC status:  4881 119 
BC subtype:  4881 103 16 

clinical_engagement 
diagnosis 
demography 
91 new agents 
11 dtreferralsatt11 smreferralsatt128 
disease_progression 
H-positive risk:  697 651 96 1118 367 95 1178 357 156 64 164 57 
H-negative risk:  651 697 1178 1118 357 367 95 96 164 156 57 64 
New BC onsets:  0
BC status:  4876 124 
BC subtype:  4876 107 17 

clinical_engagement 
diagnosis 
demography 
67 new agents 
9 dtreferralsatt9 smreferralsatt129 
disease_progression 
H-positive risk:  702 650 94 1116 366 97 1177 358 156 63 164 57 
H-negative risk:  650 702 1177 1116 358 366 97 94 164 156 57 63 
New BC onsets:  0
BC status:  4875 125 
BC subtype:  4875 108 17 

clinical_engagement 
diagnosis 
demography 
63 new agents 
17 dtreferralsatt17 smreferralsatt130 
disease_progression 
H-positive risk:  688 655 93 1117 366 97 1178 365 156 63 167 55 
H-negative risk:  655 688 1178 1117 365 366 97 93 167 156 55 63 
New BC onsets:  0
BC status:  4878 122 
BC subtype:  4878 107 15 

clinical_engagement 
diagnosis 
demography 
80 new agents 
7 dtreferralsatt7 smreferralsatt131 
disease_progression 
H-positive risk:  684 653 92 1115 367 99 1193 359 155 61 168 54 
H-negative risk:  653 684 1193 1115 359 367 99 92 168 155 54 61 
New BC onsets:  0
BC status:  4882 118 
BC subtype:  4882 104 14 

clinical_engagement 
diagnosis 
demography 
77 new agents 
11 dtreferralsatt11 smreferralsatt132 
disease_progression 
H-positive risk:  688 650 94 1103 380 99 1191 358 154 63 168 52 
H-negative risk:  650 688 1191 1103 358 380 99 94 168 154 52 63 
New BC onsets:  0
BC status:  4878 122 
BC subtype:  4878 108 14 

clinical_engagement 
diagnosis 
demography 
78 new agents 
14 dtreferralsatt14 smreferralsatt133 
disease_progression 
H-positive risk:  687 655 96 1106 382 99 1196 350 151 60 165 53 
H-negative risk:  655 687 1196 1106 350 382 99 96 165 151 53 60 
New BC onsets:  0
BC status:  4882 118 
BC subtype:  4882 105 13 

clinical_engagement 
diagnosis 
demography 
91 new agents 
14 dtreferralsatt14 smreferralsatt134 
disease_progression 
H-positive risk:  682 655 94 1100 401 101 1175 366 153 59 163 51 
H-negative risk:  655 682 1175 1100 366 401 101 94 163 153 51 59 
New BC onsets:  0
BC status:  4881 119 
BC subtype:  4881 106 13 

clinical_engagement 
diagnosis 
demography 
69 new agents 
1 dtreferralsatt1 smreferralsatt135 
disease_progression 
H-positive risk:  680 655 93 1105 405 99 1169 368 155 59 162 50 
H-negative risk:  655 680 1169 1105 368 405 99 93 162 155 50 59 
New BC onsets:  0
BC status:  4883 117 
BC subtype:  4883 105 12 

clinical_engagement 
diagnosis 
demography 
69 new agents 
8 dtreferralsatt8 smreferralsatt136 
disease_progression 
H-positive risk:  675 652 95 1105 406 100 1174 370 153 59 163 48 
H-negative risk:  652 675 1174 1105 370 406 100 95 163 153 48 59 
New BC onsets:  0
BC status:  4884 116 
BC subtype:  4884 104 12 

clinical_engagement 
diagnosis 
demography 
68 new agents 
10 dtreferralsatt10 smreferralsatt137 
disease_progression 
H-positive risk:  680 646 96 1104 397 100 1174 381 152 59 162 49 
H-negative risk:  646 680 1174 1104 381 397 100 96 162 152 49 59 
New BC onsets:  0
BC status:  4884 116 
BC subtype:  4884 103 13 

clinical_engagement 
diagnosis 
demography 
62 new agents 
11 dtreferralsatt11 smreferralsatt138 
disease_progression 
H-positive risk:  675 648 97 1107 397 96 1174 379 156 59 161 51 
H-negative risk:  648 675 1174 1107 379 397 96 97 161 156 51 59 
New BC onsets:  0
BC status:  4884 116 
BC subtype:  4884 103 13 

clinical_engagement 
diagnosis 
demography 
67 new agents 
15 dtreferralsatt15 smreferralsatt139 
disease_progression 
H-positive risk:  665 653 95 1112 392 96 1174 383 158 58 163 51 
H-negative risk:  653 665 1174 1112 383 392 96 95 163 158 51 58 
New BC onsets:  0
BC status:  4884 116 
BC subtype:  4884 104 12 

clinical_engagement 
diagnosis 
demography 
83 new agents 
11 dtreferralsatt11 smreferralsatt140 
disease_progression 
H-positive risk:  667 650 97 1119 392 96 1170 383 159 57 160 50 
H-negative risk:  650 667 1170 1119 383 392 96 97 160 159 50 57 
New BC onsets:  0
BC status:  4881 119 
BC subtype:  4881 105 14 

clinical_engagement 
diagnosis 
demography 
77 new agents 
15 dtreferralsatt15 smreferralsatt141 
disease_progression 
H-positive risk:  663 651 96 1122 391 97 1174 382 157 56 160 51 
H-negative risk:  651 663 1174 1122 382 391 97 96 160 157 51 56 
New BC onsets:  0
BC status:  4880 120 
BC subtype:  4880 105 15 

clinical_engagement 
diagnosis 
demography 
60 new agents 
10 dtreferralsatt10 smreferralsatt142 
disease_progression 
H-positive risk:  666 646 98 1129 392 96 1171 381 158 56 159 48 
H-negative risk:  646 666 1171 1129 381 392 96 98 159 158 48 56 
New BC onsets:  0
BC status:  4879 121 
BC subtype:  4879 105 16 

clinical_engagement 
diagnosis 
demography 
72 new agents 
13 dtreferralsatt13 smreferralsatt143 
disease_progression 
H-positive risk:  667 648 101 1129 390 99 1169 374 158 59 158 48 
H-negative risk:  648 667 1169 1129 374 390 99 101 158 158 48 59 
New BC onsets:  0
BC status:  4880 120 
BC subtype:  4880 104 16 

clinical_engagement 
diagnosis 
demography 
58 new agents 
14 dtreferralsatt14 smreferralsatt144 
disease_progression 
H-positive risk:  662 650 100 1135 390 99 1164 379 159 60 157 45 
H-negative risk:  650 662 1164 1135 379 390 99 100 157 159 45 60 
New BC onsets:  0
BC status:  4880 120 
BC subtype:  4880 103 17 

clinical_engagement 
diagnosis 
demography 
69 new agents 
11 dtreferralsatt11 smreferralsatt145 
disease_progression 
H-positive risk:  662 645 100 1140 384 98 1175 379 156 62 156 43 
H-negative risk:  645 662 1175 1140 379 384 98 100 156 156 43 62 
New BC onsets:  0
BC status:  4882 118 
BC subtype:  4882 100 18 

clinical_engagement 
diagnosis 
demography 
95 new agents 
12 dtreferralsatt12 smreferralsatt146 
disease_progression 
H-positive risk:  649 649 96 1132 404 97 1171 385 156 61 157 43 
H-negative risk:  649 649 1171 1132 385 404 97 96 157 156 43 61 
New BC onsets:  0
BC status:  4887 113 
BC subtype:  4887 95 18 

clinical_engagement 
diagnosis 
demography 
89 new agents 
6 dtreferralsatt6 smreferralsatt147 
disease_progression 
H-positive risk:  652 656 98 1123 399 100 1174 388 154 56 157 43 
H-negative risk:  656 652 1174 1123 388 399 100 98 157 154 43 56 
New BC onsets:  0
BC status:  4886 114 
BC subtype:  4886 92 22 

clinical_engagement 
diagnosis 
demography 
70 new agents 
10 dtreferralsatt10 smreferralsatt148 
disease_progression 
H-positive risk:  659 655 99 1127 395 98 1167 385 154 56 162 43 
H-negative risk:  655 659 1167 1127 385 395 98 99 162 154 43 56 
New BC onsets:  0
BC status:  4890 110 
BC subtype:  4890 88 22 

clinical_engagement 
diagnosis 
demography 
76 new agents 
10 dtreferralsatt10 smreferralsatt149 
disease_progression 
H-positive risk:  653 654 101 1121 389 97 1184 392 149 55 163 42 
H-negative risk:  654 653 1184 1121 392 389 97 101 163 149 42 55 
New BC onsets:  0
BC status:  4889 111 
BC subtype:  4889 90 21 

clinical_engagement 
diagnosis 
demography 
53 new agents 
10 dtreferralsatt10 smreferralsatt150 
disease_progression 
H-positive risk:  656 651 103 1114 389 95 1188 396 147 54 163 44 
H-negative risk:  651 656 1188 1114 396 389 95 103 163 147 44 54 
New BC onsets:  0
BC status:  4887 113 
BC subtype:  4887 93 20 

clinical_engagement 
diagnosis 
demography 
70 new agents 
12 dtreferralsatt12 smreferralsatt151 
disease_progression 
H-positive risk:  652 651 105 1115 390 95 1185 395 148 53 164 47 
H-negative risk:  651 652 1185 1115 395 390 95 105 164 148 47 53 
New BC onsets:  0
BC status:  4888 112 
BC subtype:  4888 92 20 

clinical_engagement 
diagnosis 
demography 
72 new agents 
11 dtreferralsatt11 smreferralsatt152 
disease_progression 
H-positive risk:  652 649 102 1122 387 98 1182 396 149 51 165 47 
H-negative risk:  649 652 1182 1122 396 387 98 102 165 149 47 51 
New BC onsets:  0
BC status:  4890 110 
BC subtype:  4890 89 21 

clinical_engagement 
diagnosis 
demography 
71 new agents 
11 dtreferralsatt11 smreferralsatt153 
disease_progression 
H-positive risk:  658 643 105 1131 379 96 1187 389 149 53 164 46 
H-negative risk:  643 658 1187 1131 389 379 96 105 164 149 46 53 
New BC onsets:  0
BC status:  4888 112 
BC subtype:  4888 91 21 

clinical_engagement 
diagnosis 
demography 
67 new agents 
20 dtreferralsatt20 smreferralsatt154 
disease_progression 
H-positive risk:  654 635 105 1139 375 96 1190 394 151 54 165 42 
H-negative risk:  635 654 1190 1139 394 375 96 105 165 151 42 54 
New BC onsets:  0
BC status:  4888 112 
BC subtype:  4888 91 21 

clinical_engagement 
diagnosis 
demography 
87 new agents 
12 dtreferralsatt12 smreferralsatt155 
disease_progression 
H-positive risk:  658 625 103 1139 366 98 1201 390 152 56 170 42 
H-negative risk:  625 658 1201 1139 390 366 98 103 170 152 42 56 
New BC onsets:  0
BC status:  4891 109 
BC subtype:  4891 89 20 

clinical_engagement 
diagnosis 
demography 
70 new agents 
14 dtreferralsatt14 smreferralsatt156 
disease_progression 
H-positive risk:  664 628 104 1140 363 96 1199 388 151 53 172 42 
H-negative risk:  628 664 1199 1140 388 363 96 104 172 151 42 53 
New BC onsets:  0
BC status:  4890 110 
BC subtype:  4890 91 19 

clinical_engagement 
diagnosis 
demography 
88 new agents 
14 dtreferralsatt14 smreferralsatt157 
disease_progression 
H-positive risk:  659 634 104 1135 362 94 1201 392 149 53 172 45 
H-negative risk:  634 659 1201 1135 392 362 94 104 172 149 45 53 
New BC onsets:  0
BC status:  4890 110 
BC subtype:  4890 90 20 

clinical_engagement 
diagnosis 
demography 
96 new agents 
12 dtreferralsatt12 smreferralsatt158 
disease_progression 
H-positive risk:  661 641 105 1122 360 92 1190 404 146 60 171 48 
H-negative risk:  641 661 1190 1122 404 360 92 105 171 146 48 60 
New BC onsets:  0
BC status:  4888 112 
BC subtype:  4888 92 20 

clinical_engagement 
diagnosis 
demography 
72 new agents 
7 dtreferralsatt7 smreferralsatt159 
disease_progression 
H-positive risk:  654 641 105 1118 361 92 1194 415 143 57 170 50 
H-negative risk:  641 654 1194 1118 415 361 92 105 170 143 50 57 
New BC onsets:  0
BC status:  4889 111 
BC subtype:  4889 93 18 

clinical_engagement 
diagnosis 
demography 
82 new agents 
6 dtreferralsatt6 smreferralsatt160 
disease_progression 
H-positive risk:  653 642 103 1121 366 91 1192 412 141 61 167 51 
H-negative risk:  642 653 1192 1121 412 366 91 103 167 141 51 61 
New BC onsets:  0
BC status:  4888 112 
BC subtype:  4888 94 18 

clinical_engagement 
diagnosis 
demography 
73 new agents 
13 dtreferralsatt13 smreferralsatt161 
disease_progression 
H-positive risk:  649 646 105 1123 362 93 1188 411 144 60 168 51 
H-negative risk:  646 649 1188 1123 411 362 93 105 168 144 51 60 
New BC onsets:  0
BC status:  4886 114 
BC subtype:  4886 97 17 

clinical_engagement 
diagnosis 
demography 
68 new agents 
5 dtreferralsatt5 smreferralsatt162 
disease_progression 
H-positive risk:  657 644 106 1124 364 92 1181 404 146 61 168 53 
H-negative risk:  644 657 1181 1124 404 364 92 106 168 146 53 61 
New BC onsets:  0
BC status:  4887 113 
BC subtype:  4887 95 18 

clinical_engagement 
diagnosis 
demography 
72 new agents 
11 dtreferralsatt11 smreferralsatt163 
disease_progression 
H-positive risk:  660 647 106 1132 369 93 1176 397 143 60 166 51 
H-negative risk:  647 660 1176 1132 397 369 93 106 166 143 51 60 
New BC onsets:  0
BC status:  4890 110 
BC subtype:  4890 92 18 

clinical_engagement 
diagnosis 
demography 
65 new agents 
17 dtreferralsatt17 smreferralsatt164 
disease_progression 
H-positive risk:  658 647 105 1132 370 92 1181 400 141 58 167 49 
H-negative risk:  647 658 1181 1132 400 370 92 105 167 141 49 58 
New BC onsets:  0
BC status:  4888 112 
BC subtype:  4888 93 19 

clinical_engagement 
diagnosis 
demography 
78 new agents 
5 dtreferralsatt5 smreferralsatt165 
disease_progression 
H-positive risk:  657 642 100 1137 369 88 1181 408 142 57 170 49 
H-negative risk:  642 657 1181 1137 408 369 88 100 170 142 49 57 
New BC onsets:  0
BC status:  4891 109 
BC subtype:  4891 90 19 

clinical_engagement 
diagnosis 
demography 
67 new agents 
8 dtreferralsatt8 smreferralsatt166 
disease_progression 
H-positive risk:  658 644 99 1138 365 87 1177 414 144 58 170 46 
H-negative risk:  644 658 1177 1138 414 365 87 99 170 144 46 58 
New BC onsets:  0
BC status:  4891 109 
BC subtype:  4891 90 19 

clinical_engagement 
diagnosis 
demography 
76 new agents 
12 dtreferralsatt12 smreferralsatt167 
disease_progression 
H-positive risk:  661 639 100 1144 361 87 1176 414 144 58 172 44 
H-negative risk:  639 661 1176 1144 414 361 87 100 172 144 44 58 
New BC onsets:  0
BC status:  4892 108 
BC subtype:  4892 90 18 

clinical_engagement 
diagnosis 
demography 
69 new agents 
13 dtreferralsatt13 smreferralsatt168 
disease_progression 
H-positive risk:  658 642 101 1149 359 88 1168 419 144 58 168 46 
H-negative risk:  642 658 1168 1149 419 359 88 101 168 144 46 58 
New BC onsets:  0
BC status:  4892 108 
BC subtype:  4892 89 19 

clinical_engagement 
diagnosis 
demography 
65 new agents 
13 dtreferralsatt13 smreferralsatt169 
disease_progression 
H-positive risk:  658 642 100 1142 365 88 1165 422 146 57 171 44 
H-negative risk:  642 658 1165 1142 422 365 88 100 171 146 44 57 
New BC onsets:  0
BC status:  4890 110 
BC subtype:  4890 91 19 

clinical_engagement 
diagnosis 
demography 
83 new agents 
15 dtreferralsatt15 smreferralsatt170 
disease_progression 
H-positive risk:  656 641 98 1134 375 87 1155 435 144 60 168 47 
H-negative risk:  641 656 1155 1134 435 375 87 98 168 144 47 60 
New BC onsets:  0
BC status:  4888 112 
BC subtype:  4888 92 20 

clinical_engagement 
diagnosis 
demography 
81 new agents 
9 dtreferralsatt9 smreferralsatt171 
disease_progression 
H-positive risk:  655 646 97 1127 384 87 1149 434 147 58 166 50 
H-negative risk:  646 655 1149 1127 434 384 87 97 166 147 50 58 
New BC onsets:  0
BC status:  4886 114 
BC subtype:  4886 95 19 

clinical_engagement 
diagnosis 
demography 
71 new agents 
10 dtreferralsatt10 smreferralsatt172 
disease_progression 
H-positive risk:  654 640 97 1126 378 86 1160 433 155 57 167 47 
H-negative risk:  640 654 1160 1126 433 378 86 97 167 155 47 57 
New BC onsets:  0
BC status:  4886 114 
BC subtype:  4886 95 19 

clinical_engagement 
diagnosis 
demography 
75 new agents 
12 dtreferralsatt12 smreferralsatt173 
disease_progression 
H-positive risk:  652 648 95 1119 375 84 1168 434 157 55 167 46 
H-negative risk:  648 652 1168 1119 434 375 84 95 167 157 46 55 
New BC onsets:  0
BC status:  4887 113 
BC subtype:  4887 94 19 

clinical_engagement 
diagnosis 
demography 
57 new agents 
9 dtreferralsatt9 smreferralsatt174 
disease_progression 
H-positive risk:  651 652 96 1126 372 82 1165 433 159 52 167 45 
H-negative risk:  652 651 1165 1126 433 372 82 96 167 159 45 52 
New BC onsets:  0
BC status:  4888 112 
BC subtype:  4888 93 19 

clinical_engagement 
diagnosis 
demography 
67 new agents 
5 dtreferralsatt5 smreferralsatt175 
disease_progression 
H-positive risk:  658 651 95 1125 374 83 1160 430 163 52 166 43 
H-negative risk:  651 658 1160 1125 430 374 83 95 166 163 43 52 
New BC onsets:  0
BC status:  4891 109 
BC subtype:  4891 90 19 

clinical_engagement 
diagnosis 
demography 
80 new agents 
12 dtreferralsatt12 smreferralsatt176 
disease_progression 
H-positive risk:  660 653 94 1118 378 83 1169 419 160 54 170 42 
H-negative risk:  653 660 1169 1118 419 378 83 94 170 160 42 54 
New BC onsets:  0
BC status:  4892 108 
BC subtype:  4892 89 19 

clinical_engagement 
diagnosis 
demography 
84 new agents 
9 dtreferralsatt9 smreferralsatt177 
disease_progression 
H-positive risk:  668 646 98 1119 377 84 1167 411 158 55 174 43 
H-negative risk:  646 668 1167 1119 411 377 84 98 174 158 43 55 
New BC onsets:  0
BC status:  4893 107 
BC subtype:  4893 88 19 

clinical_engagement 
diagnosis 
demography 
71 new agents 
14 dtreferralsatt14 smreferralsatt178 
disease_progression 
H-positive risk:  665 645 97 1119 384 84 1163 412 159 55 173 44 
H-negative risk:  645 665 1163 1119 412 384 84 97 173 159 44 55 
New BC onsets:  0
BC status:  4891 109 
BC subtype:  4891 89 20 

clinical_engagement 
diagnosis 
demography 
80 new agents 
11 dtreferralsatt11 smreferralsatt179 
disease_progression 
H-positive risk:  660 646 97 1119 395 88 1167 404 156 56 170 42 
H-negative risk:  646 660 1167 1119 404 395 88 97 170 156 42 56 
New BC onsets:  0
BC status:  4896 104 
BC subtype:  4896 84 20 

clinical_engagement 
diagnosis 
demography 
78 new agents 
6 dtreferralsatt6 smreferralsatt180 
disease_progression 
H-positive risk:  659 652 96 1112 391 87 1169 405 158 56 172 43 
H-negative risk:  652 659 1169 1112 405 391 87 96 172 158 43 56 
New BC onsets:  0
BC status:  4897 103 
BC subtype:  4897 83 20 

clinical_engagement 
diagnosis 
demography 
64 new agents 
7 dtreferralsatt7 smreferralsatt181 
disease_progression 
H-positive risk:  664 644 95 1111 394 90 1170 404 157 57 170 44 
H-negative risk:  644 664 1170 1111 404 394 90 95 170 157 44 57 
New BC onsets:  0
BC status:  4896 104 
BC subtype:  4896 84 20 

clinical_engagement 
diagnosis 
demography 
75 new agents 
12 dtreferralsatt12 smreferralsatt182 
disease_progression 
H-positive risk:  662 647 95 1101 403 90 1161 414 159 57 167 44 
H-negative risk:  647 662 1161 1101 414 403 90 95 167 159 44 57 
New BC onsets:  0
BC status:  4897 103 
BC subtype:  4897 83 20 

clinical_engagement 
diagnosis 
demography 
88 new agents 
10 dtreferralsatt10 smreferralsatt183 
disease_progression 
H-positive risk:  656 654 93 1094 406 90 1159 417 162 52 170 47 
H-negative risk:  654 656 1159 1094 417 406 90 93 170 162 47 52 
New BC onsets:  0
BC status:  4899 101 
BC subtype:  4899 80 21 

clinical_engagement 
diagnosis 
demography 
71 new agents 
9 dtreferralsatt9 smreferralsatt184 
disease_progression 
H-positive risk:  664 659 94 1093 402 90 1154 419 161 50 166 48 
H-negative risk:  659 664 1154 1093 419 402 90 94 166 161 48 50 
New BC onsets:  0
BC status:  4899 101 
BC subtype:  4899 81 20 

clinical_engagement 
diagnosis 
demography 
72 new agents 
11 dtreferralsatt11 smreferralsatt185 
disease_progression 
H-positive risk:  665 664 92 1096 399 93 1145 420 165 49 160 52 
H-negative risk:  664 665 1145 1096 420 399 93 92 160 165 52 49 
New BC onsets:  0
BC status:  4903 97 
BC subtype:  4903 78 19 

clinical_engagement 
diagnosis 
demography 
66 new agents 
7 dtreferralsatt7 smreferralsatt186 
disease_progression 
H-positive risk:  663 669 91 1093 403 96 1146 416 165 48 158 52 
H-negative risk:  669 663 1146 1093 416 403 96 91 158 165 52 48 
New BC onsets:  0
BC status:  4904 96 
BC subtype:  4904 78 18 

clinical_engagement 
diagnosis 
demography 
71 new agents 
10 dtreferralsatt10 smreferralsatt187 
disease_progression 
H-positive risk:  675 670 93 1081 403 94 1140 420 164 49 158 53 
H-negative risk:  670 675 1140 1081 420 403 94 93 158 164 53 49 
New BC onsets:  0
BC status:  4905 95 
BC subtype:  4905 77 18 

clinical_engagement 
diagnosis 
demography 
77 new agents 
11 dtreferralsatt11 smreferralsatt188 
disease_progression 
H-positive risk:  672 673 96 1074 405 99 1137 418 166 48 160 52 
H-negative risk:  673 672 1137 1074 418 405 99 96 160 166 52 48 
New BC onsets:  0
BC status:  4905 95 
BC subtype:  4905 77 18 

clinical_engagement 
diagnosis 
demography 
76 new agents 
12 dtreferralsatt12 smreferralsatt189 
disease_progression 
H-positive risk:  671 673 97 1083 399 99 1138 415 163 49 158 55 
H-negative risk:  673 671 1138 1083 415 399 99 97 158 163 55 49 
New BC onsets:  0
BC status:  4905 95 
BC subtype:  4905 77 18 

clinical_engagement 
diagnosis 
demography 
79 new agents 
13 dtreferralsatt13 smreferralsatt190 
disease_progression 
H-positive risk:  682 676 99 1073 400 103 1136 413 161 48 155 54 
H-negative risk:  676 682 1136 1073 413 400 103 99 155 161 54 48 
New BC onsets:  0
BC status:  4905 95 
BC subtype:  4905 78 17 

clinical_engagement 
diagnosis 
demography 
70 new agents 
12 dtreferralsatt12 smreferralsatt191 
disease_progression 
H-positive risk:  677 676 96 1077 397 104 1143 413 158 47 158 54 
H-negative risk:  676 677 1143 1077 413 397 104 96 158 158 54 47 
New BC onsets:  0
BC status:  4907 93 
BC subtype:  4907 76 17 

clinical_engagement 
diagnosis 
demography 
76 new agents 
13 dtreferralsatt13 smreferralsatt192 
disease_progression 
H-positive risk:  684 678 98 1075 395 107 1136 411 158 50 156 52 
H-negative risk:  678 684 1136 1075 411 395 107 98 156 158 52 50 
New BC onsets:  0
BC status:  4906 94 
BC subtype:  4906 76 18 

clinical_engagement 
diagnosis 
demography 
76 new agents 
10 dtreferralsatt10 smreferralsatt193 
disease_progression 
H-positive risk:  686 675 99 1084 391 104 1126 415 162 47 158 53 
H-negative risk:  675 686 1126 1084 415 391 104 99 158 162 53 47 
New BC onsets:  0
BC status:  4905 95 
BC subtype:  4905 77 18 

clinical_engagement 
diagnosis 
demography 
81 new agents 
8 dtreferralsatt8 smreferralsatt194 
disease_progression 
H-positive risk:  682 674 97 1080 389 104 1125 420 160 50 159 60 
H-negative risk:  674 682 1125 1080 420 389 104 97 159 160 60 50 
New BC onsets:  0
BC status:  4906 94 
BC subtype:  4906 76 18 

clinical_engagement 
diagnosis 
demography 
72 new agents 
8 dtreferralsatt8 smreferralsatt195 
disease_progression 
H-positive risk:  681 672 98 1080 388 101 1130 421 160 51 157 61 
H-negative risk:  672 681 1130 1080 421 388 101 98 157 160 61 51 
New BC onsets:  0
BC status:  4904 96 
BC subtype:  4904 78 18 

clinical_engagement 
diagnosis 
demography 
62 new agents 
8 dtreferralsatt8 smreferralsatt196 
disease_progression 
H-positive risk:  677 670 98 1076 399 98 1118 431 160 55 156 62 
H-negative risk:  670 677 1118 1076 431 399 98 98 156 160 62 55 
New BC onsets:  0
BC status:  4902 98 
BC subtype:  4902 80 18 

clinical_engagement 
diagnosis 
demography 
82 new agents 
15 dtreferralsatt15 smreferralsatt197 
disease_progression 
H-positive risk:  681 660 99 1090 391 98 1116 432 163 54 158 58 
H-negative risk:  660 681 1116 1090 432 391 98 99 158 163 58 54 
New BC onsets:  0
BC status:  4902 98 
BC subtype:  4902 81 17 

clinical_engagement 
diagnosis 
demography 
82 new agents 
14 dtreferralsatt14 smreferralsatt198 
disease_progression 
H-positive risk:  676 664 97 1086 394 97 1121 427 163 59 157 59 
H-negative risk:  664 676 1121 1086 427 394 97 97 157 163 59 59 
New BC onsets:  0
BC status:  4903 97 
BC subtype:  4903 81 16 

clinical_engagement 
diagnosis 
demography 
86 new agents 
12 dtreferralsatt12 smreferralsatt199 
disease_progression 
H-positive risk:  670 663 94 1086 397 98 1126 424 167 58 159 58 
H-negative risk:  663 670 1126 1086 424 397 98 94 159 167 58 58 
New BC onsets:  0
BC status:  4900 100 
BC subtype:  4900 80 20 

clinical_engagement 
diagnosis 
demography 
51 new agents 
10 dtreferralsatt10 smreferralsatt200 
disease_progression 
H-positive risk:  672 660 91 1094 394 96 1120 429 163 58 162 61 
H-negative risk:  660 672 1120 1094 429 394 96 91 162 163 61 58 
New BC onsets:  0
BC status:  4899 101 
BC subtype:  4899 79 22 

clinical_engagement 
diagnosis 
demography 
82 new agents 
17 dtreferralsatt17 smreferralsatt201 
disease_progression 
H-positive risk:  676 664 93 1095 395 93 1120 419 167 58 159 61 
H-negative risk:  664 676 1120 1095 419 395 93 93 159 167 61 58 
New BC onsets:  0
BC status:  4901 99 
BC subtype:  4901 79 20 

clinical_engagement 
diagnosis 
demography 
57 new agents 
9 dtreferralsatt9 smreferralsatt202 
disease_progression 
H-positive risk:  672 659 93 1089 396 94 1135 418 164 61 156 63 
H-negative risk:  659 672 1135 1089 418 396 94 93 156 164 63 61 
New BC onsets:  0
BC status:  4901 99 
BC subtype:  4901 78 21 

clinical_engagement 
diagnosis 
demography 
70 new agents 
6 dtreferralsatt6 smreferralsatt203 
disease_progression 
H-positive risk:  671 663 92 1088 397 91 1130 426 166 59 154 63 
H-negative risk:  663 671 1130 1088 426 397 91 92 154 166 63 59 
New BC onsets:  0
BC status:  4901 99 
BC subtype:  4901 77 22 

clinical_engagement 
diagnosis 
demography 
68 new agents 
11 dtreferralsatt11 smreferralsatt204 
disease_progression 
H-positive risk:  673 663 90 1092 401 86 1121 429 167 56 157 65 
H-negative risk:  663 673 1121 1092 429 401 86 90 157 167 65 56 
New BC onsets:  0
BC status:  4900 100 
BC subtype:  4900 77 23 

clinical_engagement 
diagnosis 
demography 
68 new agents 
9 dtreferralsatt9 smreferralsatt205 
disease_progression 
H-positive risk:  673 664 87 1097 406 87 1111 428 169 55 160 63 
H-negative risk:  664 673 1111 1097 428 406 87 87 160 169 63 55 
New BC onsets:  0
BC status:  4901 99 
BC subtype:  4901 77 22 

clinical_engagement 
diagnosis 
demography 
95 new agents 
9 dtreferralsatt9 smreferralsatt206 
disease_progression 
H-positive risk:  680 666 89 1095 422 88 1100 422 167 51 157 63 
H-negative risk:  666 680 1100 1095 422 422 88 89 157 167 63 51 
New BC onsets:  0
BC status:  4900 100 
BC subtype:  4900 76 24 

clinical_engagement 
diagnosis 
demography 
81 new agents 
15 dtreferralsatt15 smreferralsatt207 
disease_progression 
H-positive risk:  685 675 87 1084 434 90 1092 419 166 48 158 62 
H-negative risk:  675 685 1092 1084 419 434 90 87 158 166 62 48 
New BC onsets:  0
BC status:  4902 98 
BC subtype:  4902 74 24 

clinical_engagement 
diagnosis 
demography 
71 new agents 
16 dtreferralsatt16 smreferralsatt208 
disease_progression 
H-positive risk:  678 677 87 1078 437 93 1095 420 165 49 160 61 
H-negative risk:  677 678 1095 1078 420 437 93 87 160 165 61 49 
New BC onsets:  0
BC status:  4904 96 
BC subtype:  4904 71 25 

clinical_engagement 
diagnosis 
demography 
80 new agents 
12 dtreferralsatt12 smreferralsatt209 
disease_progression 
H-positive risk:  688 682 87 1083 424 98 1089 408 167 48 164 62 
H-negative risk:  682 688 1089 1083 408 424 98 87 164 167 62 48 
New BC onsets:  0
BC status:  4902 98 
BC subtype:  4902 73 25 

clinical_engagement 
diagnosis 
demography 
70 new agents 
14 dtreferralsatt14 smreferralsatt210 
disease_progression 
H-positive risk:  688 679 84 1075 427 100 1090 416 163 50 167 61 
H-negative risk:  679 688 1090 1075 416 427 100 84 167 163 61 50 
New BC onsets:  0
BC status:  4905 95 
BC subtype:  4905 71 24 

clinical_engagement 
diagnosis 
demography 
72 new agents 
14 dtreferralsatt14 smreferralsatt211 
disease_progression 
H-positive risk:  684 677 85 1073 428 102 1101 413 162 50 163 62 
H-negative risk:  677 684 1101 1073 413 428 102 85 163 162 62 50 
New BC onsets:  0
BC status:  4901 99 
BC subtype:  4901 74 25 

clinical_engagement 
diagnosis 
demography 
60 new agents 
8 dtreferralsatt8 smreferralsatt212 
disease_progression 
H-positive risk:  678 674 86 1064 430 103 1105 421 162 52 162 63 
H-negative risk:  674 678 1105 1064 421 430 103 86 162 162 63 52 
New BC onsets:  0
BC status:  4900 100 
BC subtype:  4900 75 25 

clinical_engagement 
diagnosis 
demography 
65 new agents 
9 dtreferralsatt9 smreferralsatt213 
disease_progression 
H-positive risk:  680 671 82 1071 435 103 1100 423 158 51 163 63 
H-negative risk:  671 680 1100 1071 423 435 103 82 163 158 63 51 
New BC onsets:  0
BC status:  4898 102 
BC subtype:  4898 77 25 

clinical_engagement 
diagnosis 
demography 
85 new agents 
8 dtreferralsatt8 smreferralsatt214 
disease_progression 
H-positive risk:  684 669 81 1069 430 105 1106 422 163 50 162 59 
H-negative risk:  669 684 1106 1069 422 430 105 81 162 163 59 50 
New BC onsets:  0
BC status:  4897 103 
BC subtype:  4897 78 25 

clinical_engagement 
diagnosis 
demography 
75 new agents 
9 dtreferralsatt9 smreferralsatt215 
disease_progression 
H-positive risk:  686 663 85 1068 423 104 1107 424 164 53 164 59 
H-negative risk:  663 686 1107 1068 424 423 104 85 164 164 59 53 
New BC onsets:  0
BC status:  4900 100 
BC subtype:  4900 76 24 

clinical_engagement 
diagnosis 
demography 
74 new agents 
12 dtreferralsatt12 smreferralsatt216 
disease_progression 
H-positive risk:  682 670 85 1063 425 105 1109 421 167 52 162 59 
H-negative risk:  670 682 1109 1063 421 425 105 85 162 167 59 52 
New BC onsets:  0
BC status:  4899 101 
BC subtype:  4899 76 25 

clinical_engagement 
diagnosis 
demography 
67 new agents 
8 dtreferralsatt8 smreferralsatt217 
disease_progression 
H-positive risk:  677 666 85 1058 442 106 1105 421 169 53 160 58 
H-negative risk:  666 677 1105 1058 421 442 106 85 160 169 58 53 
New BC onsets:  0
BC status:  4901 99 
BC subtype:  4901 74 25 

clinical_engagement 
diagnosis 
demography 
82 new agents 
9 dtreferralsatt9 smreferralsatt218 
disease_progression 
H-positive risk:  672 667 88 1057 435 108 1115 418 169 52 161 58 
H-negative risk:  667 672 1115 1057 418 435 108 88 161 169 58 52 
New BC onsets:  0
BC status:  4900 100 
BC subtype:  4900 75 25 

clinical_engagement 
diagnosis 
demography 
69 new agents 
14 dtreferralsatt14 smreferralsatt219 
disease_progression 
H-positive risk:  669 671 88 1050 442 110 1115 425 167 50 156 57 
H-negative risk:  671 669 1115 1050 425 442 110 88 156 167 57 50 
New BC onsets:  0
BC status:  4897 103 
BC subtype:  4897 78 25 

clinical_engagement 
diagnosis 
demography 
77 new agents 
14 dtreferralsatt14 smreferralsatt220 
disease_progression 
H-positive risk:  673 668 87 1060 446 108 1114 422 164 48 157 53 
H-negative risk:  668 673 1114 1060 422 446 108 87 157 164 53 48 
New BC onsets:  0
BC status:  4896 104 
BC subtype:  4896 76 28 

clinical_engagement 
diagnosis 
demography 
77 new agents 
11 dtreferralsatt11 smreferralsatt221 
disease_progression 
H-positive risk:  675 664 87 1058 448 109 1120 418 165 45 157 54 
H-negative risk:  664 675 1120 1058 418 448 109 87 157 165 54 45 
New BC onsets:  0
BC status:  4895 105 
BC subtype:  4895 76 29 

clinical_engagement 
diagnosis 
demography 
70 new agents 
14 dtreferralsatt14 smreferralsatt222 
disease_progression 
H-positive risk:  680 661 87 1050 450 110 1111 429 162 47 158 55 
H-negative risk:  661 680 1111 1050 429 450 110 87 158 162 55 47 
New BC onsets:  0
BC status:  4893 107 
BC subtype:  4893 77 30 

clinical_engagement 
diagnosis 
demography 
88 new agents 
23 dtreferralsatt23 smreferralsatt223 
disease_progression 
H-positive risk:  684 662 89 1054 443 109 1109 431 161 48 157 53 
H-negative risk:  662 684 1109 1054 431 443 109 89 157 161 53 48 
New BC onsets:  0
BC status:  4893 107 
BC subtype:  4893 76 31 

clinical_engagement 
diagnosis 
demography 
71 new agents 
12 dtreferralsatt12 smreferralsatt224 
disease_progression 
H-positive risk:  683 664 87 1056 441 109 1102 434 162 49 157 56 
H-negative risk:  664 683 1102 1056 434 441 109 87 157 162 56 49 
New BC onsets:  0
BC status:  4895 105 
BC subtype:  4895 75 30 

clinical_engagement 
diagnosis 
demography 
73 new agents 
8 dtreferralsatt8 smreferralsatt225 
disease_progression 
H-positive risk:  681 668 89 1049 442 107 1107 433 161 48 159 56 
H-negative risk:  668 681 1107 1049 433 442 107 89 159 161 56 48 
New BC onsets:  0
BC status:  4896 104 
BC subtype:  4896 74 30 

clinical_engagement 
diagnosis 
demography 
76 new agents 
10 dtreferralsatt10 smreferralsatt226 
disease_progression 
H-positive risk:  674 661 91 1057 434 106 1112 443 159 49 158 56 
H-negative risk:  661 674 1112 1057 443 434 106 91 158 159 56 49 
New BC onsets:  0
BC status:  4895 105 
BC subtype:  4895 74 31 

clinical_engagement 
diagnosis 
demography 
89 new agents 
13 dtreferralsatt13 smreferralsatt227 
disease_progression 
H-positive risk:  677 669 87 1054 428 107 1110 449 157 48 159 55 
H-negative risk:  669 677 1110 1054 449 428 107 87 159 157 55 48 
New BC onsets:  0
BC status:  4893 107 
BC subtype:  4893 77 30 

clinical_engagement 
diagnosis 
demography 
93 new agents 
9 dtreferralsatt9 smreferralsatt228 
disease_progression 
H-positive risk:  676 672 88 1045 431 113 1113 445 155 49 158 55 
H-negative risk:  672 676 1113 1045 445 431 113 88 158 155 55 49 
New BC onsets:  0
BC status:  4892 108 
BC subtype:  4892 78 30 

clinical_engagement 
diagnosis 
demography 
72 new agents 
13 dtreferralsatt13 smreferralsatt229 
disease_progression 
H-positive risk:  681 674 88 1042 433 111 1100 457 143 57 156 58 
H-negative risk:  674 681 1100 1042 457 433 111 88 156 143 58 57 
New BC onsets:  0
BC status:  4893 107 
BC subtype:  4893 78 29 

clinical_engagement 
diagnosis 
demography 
90 new agents 
8 dtreferralsatt8 smreferralsatt230 
disease_progression 
H-positive risk:  680 671 91 1046 426 111 1099 461 144 54 157 60 
H-negative risk:  671 680 1099 1046 461 426 111 91 157 144 60 54 
New BC onsets:  0
BC status:  4893 107 
BC subtype:  4893 78 29 

clinical_engagement 
diagnosis 
demography 
84 new agents 
9 dtreferralsatt9 smreferralsatt231 
disease_progression 
H-positive risk:  686 666 91 1045 419 114 1101 459 144 56 160 59 
H-negative risk:  666 686 1101 1045 459 419 114 91 160 144 59 56 
New BC onsets:  0
BC status:  4892 108 
BC subtype:  4892 79 29 

clinical_engagement 
diagnosis 
demography 
103 new agents 
9 dtreferralsatt9 smreferralsatt232 
disease_progression 
H-positive risk:  674 667 92 1049 416 114 1094 474 146 56 157 61 
H-negative risk:  667 674 1094 1049 474 416 114 92 157 146 61 56 
New BC onsets:  0
BC status:  4895 105 
BC subtype:  4895 77 28 

clinical_engagement 
diagnosis 
demography 
84 new agents 
3 dtreferralsatt3 smreferralsatt233 
disease_progression 
H-positive risk:  661 668 94 1041 430 115 1104 471 148 51 157 60 
H-negative risk:  668 661 1104 1041 471 430 115 94 157 148 60 51 
New BC onsets:  0
BC status:  4895 105 
BC subtype:  4895 77 28 

clinical_engagement 
diagnosis 
demography 
70 new agents 
8 dtreferralsatt8 smreferralsatt234 
disease_progression 
H-positive risk:  656 662 91 1059 426 112 1113 463 148 52 159 59 
H-negative risk:  662 656 1113 1059 463 426 112 91 159 148 59 52 
New BC onsets:  0
BC status:  4893 107 
BC subtype:  4893 79 28 

clinical_engagement 
diagnosis 
demography 
59 new agents 
11 dtreferralsatt11 smreferralsatt235 
disease_progression 
H-positive risk:  651 664 91 1062 424 112 1122 454 148 53 159 60 
H-negative risk:  664 651 1122 1062 454 424 112 91 159 148 60 53 
New BC onsets:  0
BC status:  4889 111 
BC subtype:  4889 83 28 

clinical_engagement 
diagnosis 
demography 
71 new agents 
9 dtreferralsatt9 smreferralsatt236 
disease_progression 
H-positive risk:  647 667 88 1067 424 110 1128 452 150 50 158 59 
H-negative risk:  667 647 1128 1067 452 424 110 88 158 150 59 50 
New BC onsets:  0
BC status:  4888 112 
BC subtype:  4888 84 28 

clinical_engagement 
diagnosis 
demography 
86 new agents 
11 dtreferralsatt11 smreferralsatt237 
disease_progression 
H-positive risk:  632 665 90 1073 424 107 1139 449 149 50 161 61 
H-negative risk:  665 632 1139 1073 449 424 107 90 161 149 61 50 
New BC onsets:  0
BC status:  4885 115 
BC subtype:  4885 87 28 

clinical_engagement 
diagnosis 
demography 
90 new agents 
10 dtreferralsatt10 smreferralsatt238 
disease_progression 
H-positive risk:  640 664 88 1079 422 105 1140 444 150 48 159 61 
H-negative risk:  664 640 1140 1079 444 422 105 88 159 150 61 48 
New BC onsets:  0
BC status:  4884 116 
BC subtype:  4884 89 27 

clinical_engagement 
diagnosis 
demography 
69 new agents 
9 dtreferralsatt9 smreferralsatt239 
disease_progression 
H-positive risk:  643 661 87 1073 429 103 1140 440 153 47 157 67 
H-negative risk:  661 643 1140 1073 440 429 103 87 157 153 67 47 
New BC onsets:  0
BC status:  4882 118 
BC subtype:  4882 91 27 

clinical_engagement 
diagnosis 
demography 
75 new agents 
12 dtreferralsatt12 smreferralsatt240 
disease_progression 
H-positive risk:  643 658 87 1078 427 104 1143 438 158 43 155 66 
H-negative risk:  658 643 1143 1078 438 427 104 87 155 158 66 43 
New BC onsets:  0
BC status:  4885 115 
BC subtype:  4885 88 27 

clinical_engagement 
diagnosis 
demography 
67 new agents 
11 dtreferralsatt11 smreferralsatt241 
disease_progression 
H-positive risk:  651 659 86 1060 442 104 1123 454 155 42 153 71 
H-negative risk:  659 651 1123 1060 454 442 104 86 153 155 71 42 
New BC onsets:  0
BC status:  4885 115 
BC subtype:  4885 86 29 

clinical_engagement 
diagnosis 
demography 
77 new agents 
17 dtreferralsatt17 smreferralsatt242 
disease_progression 
H-positive risk:  646 665 87 1059 438 109 1126 446 152 45 155 72 
H-negative risk:  665 646 1126 1059 446 438 109 87 155 152 72 45 
New BC onsets:  0
BC status:  4888 112 
BC subtype:  4888 84 28 

clinical_engagement 
diagnosis 
demography 
76 new agents 
9 dtreferralsatt9 smreferralsatt243 
disease_progression 
H-positive risk:  638 666 88 1061 440 109 1127 441 152 48 159 71 
H-negative risk:  666 638 1127 1061 441 440 109 88 159 152 71 48 
New BC onsets:  0
BC status:  4890 110 
BC subtype:  4890 82 28 

clinical_engagement 
diagnosis 
demography 
67 new agents 
12 dtreferralsatt12 smreferralsatt244 
disease_progression 
H-positive risk:  628 665 90 1060 436 109 1135 445 151 49 159 73 
H-negative risk:  665 628 1135 1060 445 436 109 90 159 151 73 49 
New BC onsets:  0
BC status:  4893 107 
BC subtype:  4893 80 27 

clinical_engagement 
diagnosis 
demography 
95 new agents 
9 dtreferralsatt9 smreferralsatt245 
disease_progression 
H-positive risk:  638 663 89 1063 438 106 1137 432 154 51 157 72 
H-negative risk:  663 638 1137 1063 432 438 106 89 157 154 72 51 
New BC onsets:  0
BC status:  4892 108 
BC subtype:  4892 79 29 

clinical_engagement 
diagnosis 
demography 
73 new agents 
7 dtreferralsatt7 smreferralsatt246 
disease_progression 
H-positive risk:  641 662 89 1064 426 107 1139 436 151 52 159 74 
H-negative risk:  662 641 1139 1064 436 426 107 89 159 151 74 52 
New BC onsets:  0
BC status:  4892 108 
BC subtype:  4892 81 27 

clinical_engagement 
diagnosis 
demography 
70 new agents 
9 dtreferralsatt9 smreferralsatt247 
disease_progression 
H-positive risk:  641 655 88 1063 439 105 1139 427 152 53 163 75 
H-negative risk:  655 641 1139 1063 427 439 105 88 163 152 75 53 
New BC onsets:  0
BC status:  4892 108 
BC subtype:  4892 81 27 

clinical_engagement 
diagnosis 
demography 
92 new agents 
19 dtreferralsatt19 smreferralsatt248 
disease_progression 
H-positive risk:  644 652 89 1065 440 108 1128 427 151 55 161 80 
H-negative risk:  652 644 1128 1065 427 440 108 89 161 151 80 55 
New BC onsets:  0
BC status:  4893 107 
BC subtype:  4893 82 25 

clinical_engagement 
diagnosis 
demography 
78 new agents 
9 dtreferralsatt9 smreferralsatt249 
disease_progression 
H-positive risk:  646 646 88 1071 440 111 1121 432 150 56 162 77 
H-negative risk:  646 646 1121 1071 432 440 111 88 162 150 77 56 
New BC onsets:  0
BC status:  4895 105 
BC subtype:  4895 80 25 

clinical_engagement 
diagnosis 
demography 
77 new agents 
10 dtreferralsatt10 smreferralsatt250 
disease_progression 
H-positive risk:  643 648 87 1069 432 112 1120 440 153 55 164 77 
H-negative risk:  648 643 1120 1069 440 432 112 87 164 153 77 55 
New BC onsets:  0
BC status:  4894 106 
BC subtype:  4894 81 25 

clinical_engagement 
diagnosis 
demography 
72 new agents 
6 dtreferralsatt6 smreferralsatt251 
disease_progression 
H-positive risk:  643 651 87 1060 440 113 1118 441 155 50 166 76 
H-negative risk:  651 643 1118 1060 441 440 113 87 166 155 76 50 
New BC onsets:  0
BC status:  4897 103 
BC subtype:  4897 79 24 

clinical_engagement 
diagnosis 
demography 
72 new agents 
12 dtreferralsatt12 smreferralsatt252 
disease_progression 
H-positive risk:  647 655 85 1057 434 114 1118 441 153 50 165 81 
H-negative risk:  655 647 1118 1057 441 434 114 85 165 153 81 50 
New BC onsets:  0
BC status:  4896 104 
BC subtype:  4896 79 25 

clinical_engagement 
diagnosis 
demography 
82 new agents 
11 dtreferralsatt11 smreferralsatt253 
disease_progression 
H-positive risk:  651 653 85 1059 431 114 1105 454 151 48 168 81 
H-negative risk:  653 651 1105 1059 454 431 114 85 168 151 81 48 
New BC onsets:  0
BC status:  4896 104 
BC subtype:  4896 80 24 

clinical_engagement 
diagnosis 
demography 
75 new agents 
15 dtreferralsatt15 smreferralsatt254 
disease_progression 
H-positive risk:  655 659 87 1052 434 111 1099 453 157 46 169 78 
H-negative risk:  659 655 1099 1052 453 434 111 87 169 157 78 46 
New BC onsets:  0
BC status:  4895 105 
BC subtype:  4895 81 24 

clinical_engagement 
diagnosis 
demography 
97 new agents 
5 dtreferralsatt5 smreferralsatt255 
disease_progression 
H-positive risk:  668 658 89 1059 437 112 1087 446 155 46 165 78 
H-negative risk:  658 668 1087 1059 446 437 112 89 165 155 78 46 
New BC onsets:  0
BC status:  4896 104 
BC subtype:  4896 81 23 

clinical_engagement 
diagnosis 
demography 
73 new agents 
4 dtreferralsatt4 smreferralsatt256 
disease_progression 
H-positive risk:  674 652 88 1061 435 112 1074 461 153 49 165 76 
H-negative risk:  652 674 1074 1061 461 435 112 88 165 153 76 49 
New BC onsets:  0
BC status:  4893 107 
BC subtype:  4893 81 26 

clinical_engagement 
diagnosis 
demography 
80 new agents 
10 dtreferralsatt10 smreferralsatt257 
disease_progression 
H-positive risk:  675 654 89 1067 434 110 1075 452 151 50 168 75 
H-negative risk:  654 675 1075 1067 452 434 110 89 168 151 75 50 
New BC onsets:  0
BC status:  4897 103 
BC subtype:  4897 80 23 

clinical_engagement 
diagnosis 
demography 
80 new agents 
10 dtreferralsatt10 smreferralsatt258 
disease_progression 
H-positive risk:  675 656 90 1066 443 109 1070 453 145 52 165 76 
H-negative risk:  656 675 1070 1066 453 443 109 90 165 145 76 52 
New BC onsets:  0
BC status:  4896 104 
BC subtype:  4896 81 23 

clinical_engagement 
diagnosis 
demography 
81 new agents 
8 dtreferralsatt8 smreferralsatt259 
disease_progression 
H-positive risk:  669 661 90 1067 446 109 1072 454 145 49 164 74 
H-negative risk:  661 669 1072 1067 454 446 109 90 164 145 74 49 
New BC onsets:  0
BC status:  4901 99 
BC subtype:  4901 78 21 

clinical_engagement 
diagnosis 
demography 
89 new agents 
9 dtreferralsatt9 smreferralsatt260 
disease_progression 
H-positive risk:  670 662 90 1069 440 110 1072 452 146 47 169 73 
H-negative risk:  662 670 1072 1069 452 440 110 90 169 146 73 47 
New BC onsets:  0
BC status:  4901 99 
BC subtype:  4901 77 22 

clinical_engagement 
diagnosis 
demography 
61 new agents 
8 dtreferralsatt8 smreferralsatt261 
disease_progression 
H-positive risk:  666 656 90 1071 448 111 1076 448 147 49 166 72 
H-negative risk:  656 666 1076 1071 448 448 111 90 166 147 72 49 
New BC onsets:  0
BC status:  4900 100 
BC subtype:  4900 77 23 

clinical_engagement 
diagnosis 
demography 
81 new agents 
10 dtreferralsatt10 smreferralsatt262 
disease_progression 
H-positive risk:  664 662 91 1065 449 111 1077 447 149 48 165 72 
H-negative risk:  662 664 1077 1065 447 449 111 91 165 149 72 48 
New BC onsets:  0
BC status:  4901 99 
BC subtype:  4901 75 24 

clinical_engagement 
diagnosis 
demography 
64 new agents 
8 dtreferralsatt8 smreferralsatt263 
disease_progression 
H-positive risk:  653 666 90 1065 455 110 1078 447 147 50 168 71 
H-negative risk:  666 653 1078 1065 447 455 110 90 168 147 71 50 
New BC onsets:  0
BC status:  4900 100 
BC subtype:  4900 76 24 

clinical_engagement 
diagnosis 
demography 
78 new agents 
9 dtreferralsatt9 smreferralsatt264 
disease_progression 
H-positive risk:  655 671 91 1062 450 107 1078 442 153 49 172 70 
H-negative risk:  671 655 1078 1062 442 450 107 91 172 153 70 49 
New BC onsets:  0
BC status:  4896 104 
BC subtype:  4896 80 24 

clinical_engagement 
diagnosis 
demography 
94 new agents 
5 dtreferralsatt5 smreferralsatt265 
disease_progression 
H-positive risk:  661 672 91 1064 450 104 1068 444 159 47 168 72 
H-negative risk:  672 661 1068 1064 444 450 104 91 168 159 72 47 
New BC onsets:  0
BC status:  4896 104 
BC subtype:  4896 80 24 

clinical_engagement 
diagnosis 
demography 
95 new agents 
5 dtreferralsatt5 smreferralsatt266 
disease_progression 
H-positive risk:  656 665 96 1074 454 104 1073 439 159 47 161 72 
H-negative risk:  665 656 1073 1074 439 454 104 96 161 159 72 47 
New BC onsets:  0
BC status:  4896 104 
BC subtype:  4896 78 26 

clinical_engagement 
diagnosis 
demography 
75 new agents 
10 dtreferralsatt10 smreferralsatt267 
disease_progression 
H-positive risk:  658 666 97 1081 445 101 1073 440 161 46 159 73 
H-negative risk:  666 658 1073 1081 440 445 101 97 159 161 73 46 
New BC onsets:  0
BC status:  4896 104 
BC subtype:  4896 79 25 

clinical_engagement 
diagnosis 
demography 
81 new agents 
5 dtreferralsatt5 smreferralsatt268 
disease_progression 
H-positive risk:  663 660 97 1089 442 101 1067 438 162 45 162 74 
H-negative risk:  660 663 1067 1089 438 442 101 97 162 162 74 45 
New BC onsets:  0
BC status:  4896 104 
BC subtype:  4896 80 24 

clinical_engagement 
diagnosis 
demography 
77 new agents 
21 dtreferralsatt21 smreferralsatt269 
disease_progression 
H-positive risk:  662 663 96 1089 447 100 1059 442 162 45 162 73 
H-negative risk:  663 662 1059 1089 442 447 100 96 162 162 73 45 
New BC onsets:  0
BC status:  4897 103 
BC subtype:  4897 79 24 

clinical_engagement 
diagnosis 
demography 
91 new agents 
7 dtreferralsatt7 smreferralsatt270 
disease_progression 
H-positive risk:  657 660 95 1094 450 100 1062 437 163 47 165 70 
H-negative risk:  660 657 1062 1094 437 450 100 95 165 163 70 47 
New BC onsets:  0
BC status:  4896 104 
BC subtype:  4896 80 24 

clinical_engagement 
diagnosis 
demography 
84 new agents 
7 dtreferralsatt7 smreferralsatt271 
disease_progression 
H-positive risk:  665 661 97 1093 448 101 1069 428 160 47 166 65 
H-negative risk:  661 665 1069 1093 428 448 101 97 166 160 65 47 
New BC onsets:  0
BC status:  4897 103 
BC subtype:  4897 79 24 

clinical_engagement 
diagnosis 
demography 
74 new agents 
11 dtreferralsatt11 smreferralsatt272 
disease_progression 
H-positive risk:  669 657 96 1099 444 100 1062 436 162 48 165 62 
H-negative risk:  657 669 1062 1099 436 444 100 96 165 162 62 48 
New BC onsets:  0
BC status:  4898 102 
BC subtype:  4898 80 22 

clinical_engagement 
diagnosis 
demography 
76 new agents 
12 dtreferralsatt12 smreferralsatt273 
disease_progression 
H-positive risk:  670 654 95 1097 448 99 1056 446 161 46 165 63 
H-negative risk:  654 670 1056 1097 446 448 99 95 165 161 63 46 
New BC onsets:  0
BC status:  4897 103 
BC subtype:  4897 81 22 

clinical_engagement 
diagnosis 
demography 
62 new agents 
12 dtreferralsatt12 smreferralsatt274 
disease_progression 
H-positive risk:  671 645 98 1101 452 98 1053 447 160 49 163 63 
H-negative risk:  645 671 1053 1101 447 452 98 98 163 160 63 49 
New BC onsets:  0
BC status:  4899 101 
BC subtype:  4899 81 20 

clinical_engagement 
diagnosis 
demography 
74 new agents 
9 dtreferralsatt9 smreferralsatt275 
disease_progression 
H-positive risk:  672 643 99 1109 447 100 1060 439 157 50 162 62 
H-negative risk:  643 672 1060 1109 439 447 100 99 162 157 62 50 
New BC onsets:  0
BC status:  4899 101 
BC subtype:  4899 81 20 

clinical_engagement 
diagnosis 
demography 
78 new agents 
9 dtreferralsatt9 smreferralsatt276 
disease_progression 
H-positive risk:  673 655 99 1094 453 98 1058 441 156 50 162 61 
H-negative risk:  655 673 1058 1094 441 453 98 99 162 156 61 50 
New BC onsets:  0
BC status:  4901 99 
BC subtype:  4901 79 20 

clinical_engagement 
diagnosis 
demography 
82 new agents 
12 dtreferralsatt12 smreferralsatt277 
disease_progression 
H-positive risk:  680 656 97 1091 447 98 1058 439 157 52 165 60 
H-negative risk:  656 680 1058 1091 439 447 98 97 165 157 60 52 
New BC onsets:  0
BC status:  4902 98 
BC subtype:  4902 77 21 

clinical_engagement 
diagnosis 
demography 
97 new agents 
10 dtreferralsatt10 smreferralsatt278 
disease_progression 
H-positive risk:  678 656 97 1097 438 98 1067 437 154 54 167 57 
H-negative risk:  656 678 1067 1097 437 438 98 97 167 154 57 54 
New BC onsets:  0
BC status:  4901 99 
BC subtype:  4901 78 21 

clinical_engagement 
diagnosis 
demography 
80 new agents 
12 dtreferralsatt12 smreferralsatt279 
disease_progression 
H-positive risk:  676 663 97 1095 434 99 1076 424 155 56 169 56 
H-negative risk:  663 676 1076 1095 424 434 99 97 169 155 56 56 
New BC onsets:  0
BC status:  4897 103 
BC subtype:  4897 82 21 

clinical_engagement 
diagnosis 
demography 
69 new agents 
13 dtreferralsatt13 smreferralsatt280 
disease_progression 
H-positive risk:  681 658 97 1097 440 100 1066 427 154 55 171 54 
H-negative risk:  658 681 1066 1097 427 440 100 97 171 154 54 55 
New BC onsets:  0
BC status:  4900 100 
BC subtype:  4900 80 20 

clinical_engagement 
diagnosis 
demography 
73 new agents 
12 dtreferralsatt12 smreferralsatt281 
disease_progression 
H-positive risk:  686 653 97 1089 444 99 1066 427 159 56 170 54 
H-negative risk:  653 686 1066 1089 427 444 99 97 170 159 54 56 
New BC onsets:  0
BC status:  4901 99 
BC subtype:  4901 79 20 

clinical_engagement 
diagnosis 
demography 
77 new agents 
7 dtreferralsatt7 smreferralsatt282 
disease_progression 
H-positive risk:  684 656 99 1093 438 98 1073 423 153 61 168 54 
H-negative risk:  656 684 1073 1093 423 438 98 99 168 153 54 61 
New BC onsets:  0
BC status:  4899 101 
BC subtype:  4899 81 20 

clinical_engagement 
diagnosis 
demography 
82 new agents 
11 dtreferralsatt11 smreferralsatt283 
disease_progression 
H-positive risk:  687 661 99 1089 436 95 1077 428 152 60 162 54 
H-negative risk:  661 687 1077 1089 428 436 95 99 162 152 54 60 
New BC onsets:  0
BC status:  4894 106 
BC subtype:  4894 87 19 

clinical_engagement 
diagnosis 
demography 
80 new agents 
8 dtreferralsatt8 smreferralsatt284 
disease_progression 
H-positive risk:  689 668 98 1085 435 94 1070 427 154 62 164 54 
H-negative risk:  668 689 1070 1085 427 435 94 98 164 154 54 62 
New BC onsets:  0
BC status:  4895 105 
BC subtype:  4895 87 18 

clinical_engagement 
diagnosis 
demography 
74 new agents 
7 dtreferralsatt7 smreferralsatt285 
disease_progression 
H-positive risk:  688 678 97 1075 441 91 1063 428 153 64 168 54 
H-negative risk:  678 688 1063 1075 428 441 91 97 168 153 54 64 
New BC onsets:  0
BC status:  4895 105 
BC subtype:  4895 86 19 

clinical_engagement 
diagnosis 
demography 
83 new agents 
14 dtreferralsatt14 smreferralsatt286 
disease_progression 
H-positive risk:  688 668 98 1076 440 92 1066 428 153 66 169 56 
H-negative risk:  668 688 1066 1076 428 440 92 98 169 153 56 66 
New BC onsets:  0
BC status:  4897 103 
BC subtype:  4897 84 19 

clinical_engagement 
diagnosis 
demography 
86 new agents 
16 dtreferralsatt16 smreferralsatt287 
disease_progression 
H-positive risk:  685 667 98 1077 447 91 1061 433 150 69 168 54 
H-negative risk:  667 685 1061 1077 433 447 91 98 168 150 54 69 
New BC onsets:  0
BC status:  4894 106 
BC subtype:  4894 87 19 

clinical_engagement 
diagnosis 
demography 
82 new agents 
9 dtreferralsatt9 smreferralsatt288 
disease_progression 
H-positive risk:  691 676 98 1082 446 90 1054 430 148 65 166 54 
H-negative risk:  676 691 1054 1082 430 446 90 98 166 148 54 65 
New BC onsets:  0
BC status:  4896 104 
BC subtype:  4896 86 18 

clinical_engagement 
diagnosis 
demography 
87 new agents 
9 dtreferralsatt9 smreferralsatt289 
disease_progression 
H-positive risk:  695 679 100 1074 437 88 1060 433 151 64 166 53 
H-negative risk:  679 695 1060 1074 433 437 88 100 166 151 53 64 
New BC onsets:  0
BC status:  4892 108 
BC subtype:  4892 88 20 

clinical_engagement 
diagnosis 
demography 
81 new agents 
15 dtreferralsatt15 smreferralsatt290 
disease_progression 
H-positive risk:  695 670 102 1092 427 90 1068 427 153 60 164 52 
H-negative risk:  670 695 1068 1092 427 427 90 102 164 153 52 60 
New BC onsets:  0
BC status:  4893 107 
BC subtype:  4893 87 20 

clinical_engagement 
diagnosis 
demography 
86 new agents 
18 dtreferralsatt18 smreferralsatt291 
disease_progression 
H-positive risk:  688 676 103 1083 437 95 1064 426 155 59 161 53 
H-negative risk:  676 688 1064 1083 426 437 95 103 161 155 53 59 
New BC onsets:  0
BC status:  4897 103 
BC subtype:  4897 83 20 

clinical_engagement 
diagnosis 
demography 
69 new agents 
7 dtreferralsatt7 smreferralsatt292 
disease_progression 
H-positive risk:  687 666 101 1091 438 94 1076 418 154 61 160 54 
H-negative risk:  666 687 1076 1091 418 438 94 101 160 154 54 61 
New BC onsets:  0
BC status:  4894 106 
BC subtype:  4894 86 20 

clinical_engagement 
diagnosis 
demography 
61 new agents 
13 dtreferralsatt13 smreferralsatt293 
disease_progression 
H-positive risk:  682 665 100 1096 441 96 1067 420 154 64 159 56 
H-negative risk:  665 682 1067 1096 420 441 96 100 159 154 56 64 
New BC onsets:  0
BC status:  4895 105 
BC subtype:  4895 84 21 

clinical_engagement 
diagnosis 
demography 
80 new agents 
9 dtreferralsatt9 smreferralsatt294 
disease_progression 
H-positive risk:  688 666 102 1096 438 95 1071 411 154 63 158 58 
H-negative risk:  666 688 1071 1096 411 438 95 102 158 154 58 63 
New BC onsets:  0
BC status:  4890 110 
BC subtype:  4890 89 21 

clinical_engagement 
diagnosis 
demography 
71 new agents 
14 dtreferralsatt14 smreferralsatt295 
disease_progression 
H-positive risk:  688 672 100 1108 425 96 1073 401 158 61 159 59 
H-negative risk:  672 688 1073 1108 401 425 96 100 159 158 59 61 
New BC onsets:  0
BC status:  4890 110 
BC subtype:  4890 89 21 

clinical_engagement 
diagnosis 
demography 
62 new agents 
10 dtreferralsatt10 smreferralsatt296 
disease_progression 
H-positive risk:  687 669 98 1111 431 94 1069 405 155 60 157 64 
H-negative risk:  669 687 1069 1111 405 431 94 98 157 155 64 60 
New BC onsets:  0
BC status:  4891 109 
BC subtype:  4891 89 20 

clinical_engagement 
diagnosis 
demography 
67 new agents 
13 dtreferralsatt13 smreferralsatt297 
disease_progression 
H-positive risk:  684 675 97 1105 432 94 1063 407 156 63 157 67 
H-negative risk:  675 684 1063 1105 407 432 94 97 157 156 67 63 
New BC onsets:  0
BC status:  4890 110 
BC subtype:  4890 90 20 

clinical_engagement 
diagnosis 
demography 
72 new agents 
10 dtreferralsatt10 smreferralsatt298 
disease_progression 
H-positive risk:  686 679 100 1104 430 93 1066 401 156 64 154 67 
H-negative risk:  679 686 1066 1104 401 430 93 100 154 156 67 64 
New BC onsets:  0
BC status:  4887 113 
BC subtype:  4887 93 20 

clinical_engagement 
diagnosis 
demography 
78 new agents 
10 dtreferralsatt10 smreferralsatt299 
disease_progression 
H-positive risk:  686 682 101 1103 424 95 1060 406 156 65 155 67 
H-negative risk:  682 686 1060 1103 406 424 95 101 155 156 67 65 
New BC onsets:  0
BC status:  4887 113 
BC subtype:  4887 93 20 

clinical_engagement 
diagnosis 
demography 
76 new agents 
13 dtreferralsatt13 smreferralsatt300 
disease_progression 
H-positive risk:  688 679 103 1101 411 93 1073 408 158 64 155 67 
H-negative risk:  679 688 1073 1101 408 411 93 103 155 158 67 64 
New BC onsets:  0
BC status:  4886 114 
BC subtype:  4886 93 21 

clinical_engagement 
diagnosis 
demography 
73 new agents 
10 dtreferralsatt10 smreferralsattTime difference of 16.5461 mins
This is task 19
date
