date
Note that the current default version of R is 3.6.1.
Loading required package: network
network: Classes for Relational Data
Version 1.15 created on 2019-04-01.
copyright (c) 2005, Carter T. Butts, University of California-Irvine
                    Mark S. Handcock, University of California -- Los Angeles
                    David R. Hunter, Penn State University
                    Martina Morris, University of Washington
                    Skye Bender-deMoll, University of Washington
 For citation information, type citation("network").
 Type help("network-package") to get started.


networkDynamic: version 0.10.0, created on 2019-04-04
Copyright (c) 2019, Carter T. Butts, University of California -- Irvine
                    Ayn Leslie-Cook, University of Washington
                    Pavel N. Krivitsky, University of Wollongong
                    Skye Bender-deMoll, University of Washington
                    with contributions from
                    Zack Almquist, University of California -- Irvine
                    David R. Hunter, Penn State University
                    Li Wang
                    Kirk Li, University of Washington
                    Steven M. Goodreau, University of Washington
                    Jeffrey Horner
                    Martina Morris, University of Washington
Based on "statnet" project software (statnet.org).
For license and citation information see statnet.org/attribution
or type citation("networkDynamic").

Loading required package: statnet.common

Attaching package: 'statnet.common'

The following object is masked from 'package:base':

    order

sna: Tools for Social Network Analysis
Version 2.4 created on 2016-07-23.
copyright (c) 2005, Carter T. Butts, University of California-Irvine
 For citation information, type citation("sna").
 Type help(package="sna") to get started.


ergm: version 3.10.4, created on 2019-06-10
Copyright (c) 2019, Mark S. Handcock, University of California -- Los Angeles
                    David R. Hunter, Penn State University
                    Carter T. Butts, University of California -- Irvine
                    Steven M. Goodreau, University of Washington
                    Pavel N. Krivitsky, University of Wollongong
                    Martina Morris, University of Washington
                    with contributions from
                    Li Wang
                    Kirk Li, University of Washington
                    Skye Bender-deMoll, University of Washington
                    Chad Klumb
Based on "statnet" project software (statnet.org).
For license and citation information see statnet.org/attribution
or type citation("ergm").

NOTE: Versions before 3.6.1 had a bug in the implementation of the bd()
constriant which distorted the sampled distribution somewhat. In
addition, Sampson's Monks datasets had mislabeled vertices. See the
NEWS and the documentation for more details.

NOTE: Some common term arguments pertaining to vertex attribute and
level selection have changed in 3.10.0. See terms help for more
details. Use 'options(ergm.term=list(version="3.9.4"))' to use old
behavior.


tergm: version 3.6.1, created on 2019-06-12
Copyright (c) 2019, Pavel N. Krivitsky, University of Wollongong
                    Mark S. Handcock, University of California -- Los Angeles
                    with contributions from
                    David R. Hunter, Penn State University
                    Steven M. Goodreau, University of Washington
                    Martina Morris, University of Washington
                    Nicole Bohme Carnegie, New York University
                    Carter T. Butts, University of California -- Irvine
                    Ayn Leslie-Cook, University of Washington
                    Skye Bender-deMoll
                    Li Wang
                    Kirk Li, University of Washington
Based on "statnet" project software (statnet.org).
For license and citation information see statnet.org/attribution
or type citation("tergm").

Starting maximum pseudolikelihood estimation (MPLE):
Evaluating the predictor and response matrix.
Maximizing the pseudolikelihood.
Finished MPLE.
Starting Monte Carlo maximum likelihood estimation (MCMLE):
Iteration 1 of at most 500:
Optimizing with step length 0.557694268276856.
The log-likelihood improved by 3.583.
Iteration 2 of at most 500:
Optimizing with step length 1.
The log-likelihood improved by 1.231.
Step length converged once. Increasing MCMC sample size.
Iteration 3 of at most 500:
Optimizing with step length 1.
The log-likelihood improved by 0.4851.
Step length converged twice. Stopping.
Finished MCMLE.
This model was fit using MCMC.  To examine model diagnostics and check
for degeneracy, use the mcmc.diagnostics() function.
 degree0  degree1  degree2  degree3  degree4  degree5  degree6  degree7 
       2       17     1305     1044      844      357      349      316 
 degree8  degree9 degree10 degree11 degree12 degree13 degree14 degree15 
     302      185      124       76       41       22        4        5 
degree16 degree17 degree19 degree20 
       4        1        1        1 
1 
disease_progression 
H-positive risk:  843 920 122 911 405 116 872 420 136 67 120 68 
H-negative risk:  920 843 872 911 420 405 116 122 120 136 68 67 
New BC onsets:  0
BC status:  5000 
BC subtype:  5000 

clinical_engagement 
diagnosis 
demography 
68 new agents 
2 dtreferralsatt2 smreferralsatt2 
disease_progression 
H-positive risk:  858 925 124 912 406 116 865 408 136 67 118 65 
H-negative risk:  925 858 865 912 408 406 116 124 118 136 65 67 
New BC onsets:  0
BC status:  4995 5 
BC subtype:  4995 2 3 

clinical_engagement 
diagnosis 
demography 
56 new agents 
2 dtreferralsatt2 smreferralsatt3 
disease_progression 
H-positive risk:  869 937 122 910 397 116 864 404 135 65 118 63 
H-negative risk:  937 869 864 910 404 397 116 122 118 135 63 65 
New BC onsets:  0
BC status:  4993 7 
BC subtype:  4993 4 3 

clinical_engagement 
diagnosis 
demography 
60 new agents 
2 dtreferralsatt2 smreferralsatt4 
disease_progression 
H-positive risk:  876 940 123 913 396 116 853 402 136 63 118 64 
H-negative risk:  940 876 853 913 402 396 116 123 118 136 64 63 
New BC onsets:  0
BC status:  4991 9 
BC subtype:  4991 4 5 

clinical_engagement 
diagnosis 
demography 
58 new agents 
3 dtreferralsatt3 smreferralsatt5 
disease_progression 
H-positive risk:  881 940 122 922 389 116 858 399 134 62 117 60 
H-negative risk:  940 881 858 922 399 389 116 122 117 134 60 62 
New BC onsets:  0
BC status:  4990 10 
BC subtype:  4990 5 5 

clinical_engagement 
diagnosis 
demography 
58 new agents 
3 dtreferralsatt3 smreferralsatt6 
disease_progression 
H-positive risk:  880 946 122 922 387 118 858 396 135 60 118 58 
H-negative risk:  946 880 858 922 396 387 118 122 118 135 58 60 
New BC onsets:  0
BC status:  4990 10 
BC subtype:  4990 5 5 

clinical_engagement 
diagnosis 
demography 
48 new agents 
4 dtreferralsatt4 smreferralsatt7 
disease_progression 
H-positive risk:  882 951 124 923 382 120 854 393 137 59 117 58 
H-negative risk:  951 882 854 923 393 382 120 124 117 137 58 59 
New BC onsets:  0
BC status:  4987 13 
BC subtype:  4987 7 6 

clinical_engagement 
diagnosis 
demography 
55 new agents 
5 dtreferralsatt5 smreferralsatt8 
disease_progression 
H-positive risk:  881 954 124 921 376 121 854 396 136 59 119 59 
H-negative risk:  954 881 854 921 396 376 121 124 119 136 59 59 
New BC onsets:  0
BC status:  4986 14 
BC subtype:  4986 9 5 

clinical_engagement 
diagnosis 
demography 
63 new agents 
5 dtreferralsatt5 smreferralsatt9 
disease_progression 
H-positive risk:  885 952 124 913 383 120 853 396 138 58 119 59 
H-negative risk:  952 885 853 913 396 383 120 124 119 138 59 58 
New BC onsets:  0
BC status:  4984 16 
BC subtype:  4984 11 5 

clinical_engagement 
diagnosis 
demography 
65 new agents 
6 dtreferralsatt6 smreferralsatt10 
disease_progression 
H-positive risk:  885 957 125 909 381 121 862 385 139 60 117 59 
H-negative risk:  957 885 862 909 385 381 121 125 117 139 59 60 
New BC onsets:  0
BC status:  4981 19 
BC subtype:  4981 14 5 

clinical_engagement 
diagnosis 
demography 
56 new agents 
12 dtreferralsatt12 smreferralsatt11 
disease_progression 
H-positive risk:  890 962 125 912 384 120 857 379 139 59 116 57 
H-negative risk:  962 890 857 912 379 384 120 125 116 139 57 59 
New BC onsets:  0
BC status:  4979 21 
BC subtype:  4979 16 5 

clinical_engagement 
diagnosis 
demography 
56 new agents 
10 dtreferralsatt10 smreferralsatt12 
disease_progression 
H-positive risk:  894 969 126 913 376 119 854 375 141 60 116 57 
H-negative risk:  969 894 854 913 375 376 119 126 116 141 57 60 
New BC onsets:  0
BC status:  4979 21 
BC subtype:  4979 16 5 

clinical_engagement 
diagnosis 
demography 
65 new agents 
7 dtreferralsatt7 smreferralsatt13 
disease_progression 
H-positive risk:  822 890 115 995 371 108 933 374 150 59 126 57 
H-negative risk:  890 822 933 995 374 371 108 115 126 150 57 59 
New BC onsets:  0
BC status:  4979 21 
BC subtype:  4979 16 5 

clinical_engagement 
diagnosis 
demography 
187 new agents 
7 dtreferralsatt7 smreferralsatt14 
disease_progression 
H-positive risk:  846 910 117 954 406 112 881 401 139 57 119 58 
H-negative risk:  910 846 881 954 401 406 112 117 119 139 58 57 
New BC onsets:  0
BC status:  4978 22 
BC subtype:  4978 16 6 

clinical_engagement 
diagnosis 
demography 
89 new agents 
9 dtreferralsatt9 smreferralsatt15 
disease_progression 
H-positive risk:  855 913 117 959 395 111 885 394 138 56 121 56 
H-negative risk:  913 855 885 959 394 395 111 117 121 138 56 56 
New BC onsets:  0
BC status:  4975 25 
BC subtype:  4975 19 6 

clinical_engagement 
diagnosis 
demography 
63 new agents 
7 dtreferralsatt7 smreferralsatt16 
disease_progression 
H-positive risk:  859 916 120 953 384 113 890 396 136 57 119 57 
H-negative risk:  916 859 890 953 396 384 113 120 119 136 57 57 
New BC onsets:  0
BC status:  4974 26 
BC subtype:  4974 20 6 

clinical_engagement 
diagnosis 
demography 
56 new agents 
6 dtreferralsatt6 smreferralsatt17 
disease_progression 
H-positive risk:  868 919 120 961 372 114 888 390 137 55 119 57 
H-negative risk:  919 868 888 961 390 372 114 120 119 137 57 55 
New BC onsets:  0
BC status:  4971 29 
BC subtype:  4971 21 8 

clinical_engagement 
diagnosis 
demography 
65 new agents 
13 dtreferralsatt13 smreferralsatt18 
disease_progression 
H-positive risk:  873 918 122 964 370 113 884 388 138 56 118 56 
H-negative risk:  918 873 884 964 388 370 113 122 118 138 56 56 
New BC onsets:  0
BC status:  4970 30 
BC subtype:  4970 22 8 

clinical_engagement 
diagnosis 
demography 
52 new agents 
13 dtreferralsatt13 smreferralsatt19 
disease_progression 
H-positive risk:  878 921 121 959 367 114 885 389 135 57 120 54 
H-negative risk:  921 878 885 959 389 367 114 121 120 135 54 57 
New BC onsets:  0
BC status:  4968 32 
BC subtype:  4968 23 9 

clinical_engagement 
diagnosis 
demography 
54 new agents 
2 dtreferralsatt2 smreferralsatt20 
disease_progression 
H-positive risk:  892 918 121 959 363 114 884 386 132 58 120 53 
H-negative risk:  918 892 884 959 386 363 114 121 120 132 53 58 
New BC onsets:  0
BC status:  4966 34 
BC subtype:  4966 25 9 

clinical_engagement 
diagnosis 
demography 
52 new agents 
10 dtreferralsatt10 smreferralsatt21 
disease_progression 
H-positive risk:  894 924 122 957 365 115 875 387 129 58 121 53 
H-negative risk:  924 894 875 957 387 365 115 122 121 129 53 58 
New BC onsets:  0
BC status:  4965 35 
BC subtype:  4965 26 9 

clinical_engagement 
diagnosis 
demography 
67 new agents 
12 dtreferralsatt12 smreferralsatt22 
disease_progression 
H-positive risk:  895 926 124 956 361 115 877 389 128 59 116 54 
H-negative risk:  926 895 877 956 389 361 115 124 116 128 54 59 
New BC onsets:  0
BC status:  4965 35 
BC subtype:  4965 26 9 

clinical_engagement 
diagnosis 
demography 
50 new agents 
6 dtreferralsatt6 smreferralsatt23 
disease_progression 
H-positive risk:  900 927 124 944 360 113 891 387 128 59 115 52 
H-negative risk:  927 900 891 944 387 360 113 124 115 128 52 59 
New BC onsets:  0
BC status:  4962 38 
BC subtype:  4962 29 9 

clinical_engagement 
diagnosis 
demography 
64 new agents 
13 dtreferralsatt13 smreferralsatt24 
disease_progression 
H-positive risk:  908 932 124 942 357 111 887 388 126 57 117 51 
H-negative risk:  932 908 887 942 388 357 111 124 117 126 51 57 
New BC onsets:  0
BC status:  4962 38 
BC subtype:  4962 29 9 

clinical_engagement 
diagnosis 
demography 
56 new agents 
8 dtreferralsatt8 smreferralsatt25 
disease_progression 
H-positive risk:  828 852 114 1024 354 103 964 388 134 59 129 51 
H-negative risk:  852 828 964 1024 388 354 103 114 129 134 51 59 
New BC onsets:  0
BC status:  4960 40 
BC subtype:  4960 30 10 

clinical_engagement 
diagnosis 
demography 
155 new agents 
13 dtreferralsatt13 smreferralsatt26 
disease_progression 
H-positive risk:  846 870 117 980 377 104 917 429 127 58 126 49 
H-negative risk:  870 846 917 980 429 377 104 117 126 127 49 58 
New BC onsets:  0
BC status:  4957 43 
BC subtype:  4957 33 10 

clinical_engagement 
diagnosis 
demography 
60 new agents 
7 dtreferralsatt7 smreferralsatt27 
disease_progression 
H-positive risk:  853 873 119 983 371 106 915 421 126 57 127 49 
H-negative risk:  873 853 915 983 421 371 106 119 127 126 49 57 
New BC onsets:  0
BC status:  4952 48 
BC subtype:  4952 37 11 

clinical_engagement 
diagnosis 
demography 
58 new agents 
13 dtreferralsatt13 smreferralsatt28 
disease_progression 
H-positive risk:  854 874 120 981 369 109 916 421 126 53 128 49 
H-negative risk:  874 854 916 981 421 369 109 120 128 126 49 53 
New BC onsets:  0
BC status:  4954 46 
BC subtype:  4954 35 11 

clinical_engagement 
diagnosis 
demography 
54 new agents 
11 dtreferralsatt11 smreferralsatt29 
disease_progression 
H-positive risk:  848 878 123 978 371 108 920 422 126 52 126 48 
H-negative risk:  878 848 920 978 422 371 108 123 126 126 48 52 
New BC onsets:  0
BC status:  4950 50 
BC subtype:  4950 39 11 

clinical_engagement 
diagnosis 
demography 
53 new agents 
12 dtreferralsatt12 smreferralsatt30 
disease_progression 
H-positive risk:  853 884 122 974 376 107 914 418 128 53 125 46 
H-negative risk:  884 853 914 974 418 376 107 122 125 128 46 53 
New BC onsets:  0
BC status:  4948 52 
BC subtype:  4948 41 11 

clinical_engagement 
diagnosis 
demography 
64 new agents 
9 dtreferralsatt9 smreferralsatt31 
disease_progression 
H-positive risk:  863 887 123 967 379 110 915 411 126 50 123 46 
H-negative risk:  887 863 915 967 411 379 110 123 123 126 46 50 
New BC onsets:  0
BC status:  4946 54 
BC subtype:  4946 42 12 

clinical_engagement 
diagnosis 
demography 
51 new agents 
11 dtreferralsatt11 smreferralsatt32 
disease_progression 
H-positive risk:  865 889 123 970 376 111 914 405 128 50 124 45 
H-negative risk:  889 865 914 970 405 376 111 123 124 128 45 50 
New BC onsets:  0
BC status:  4941 59 
BC subtype:  4941 47 12 

clinical_engagement 
diagnosis 
demography 
67 new agents 
9 dtreferralsatt9 smreferralsatt33 
disease_progression 
H-positive risk:  870 886 121 971 374 110 916 403 125 52 126 46 
H-negative risk:  886 870 916 971 403 374 110 121 126 125 46 52 
New BC onsets:  0
BC status:  4940 60 
BC subtype:  4940 48 12 

clinical_engagement 
diagnosis 
demography 
55 new agents 
11 dtreferralsatt11 smreferralsatt34 
disease_progression 
H-positive risk:  867 897 121 976 370 110 918 390 126 52 126 47 
H-negative risk:  897 867 918 976 390 370 110 121 126 126 47 52 
New BC onsets:  0
BC status:  4938 62 
BC subtype:  4938 50 12 

clinical_engagement 
diagnosis 
demography 
60 new agents 
8 dtreferralsatt8 smreferralsatt35 
disease_progression 
H-positive risk:  873 899 120 969 371 110 914 398 125 51 123 47 
H-negative risk:  899 873 914 969 398 371 110 120 123 125 47 51 
New BC onsets:  0
BC status:  4939 61 
BC subtype:  4939 49 12 

clinical_engagement 
diagnosis 
demography 
63 new agents 
11 dtreferralsatt11 smreferralsatt36 
disease_progression 
H-positive risk:  873 898 123 971 369 113 915 393 127 49 122 47 
H-negative risk:  898 873 915 971 393 369 113 123 122 127 47 49 
New BC onsets:  0
BC status:  4936 64 
BC subtype:  4936 51 13 

clinical_engagement 
diagnosis 
demography 
60 new agents 
8 dtreferralsatt8 smreferralsatt37 
disease_progression 
H-positive risk:  807 837 112 1042 369 100 976 387 141 50 133 46 
H-negative risk:  837 807 976 1042 387 369 100 112 133 141 46 50 
New BC onsets:  0
BC status:  4938 62 
BC subtype:  4938 50 12 

clinical_engagement 
diagnosis 
demography 
162 new agents 
11 dtreferralsatt11 smreferralsatt38 
disease_progression 
H-positive risk:  824 853 118 1016 373 102 948 399 138 49 134 46 
H-negative risk:  853 824 948 1016 399 373 102 118 134 138 46 49 
New BC onsets:  0
BC status:  4936 64 
BC subtype:  4936 52 12 

clinical_engagement 
diagnosis 
demography 
77 new agents 
10 dtreferralsatt10 smreferralsatt39 
disease_progression 
H-positive risk:  830 864 118 1012 366 104 946 399 138 46 131 46 
H-negative risk:  864 830 946 1012 399 366 104 118 131 138 46 46 
New BC onsets:  0
BC status:  4934 66 
BC subtype:  4934 54 12 

clinical_engagement 
diagnosis 
demography 
65 new agents 
8 dtreferralsatt8 smreferralsatt40 
disease_progression 
H-positive risk:  837 871 117 998 366 105 949 398 136 45 131 47 
H-negative risk:  871 837 949 998 398 366 105 117 131 136 47 45 
New BC onsets:  0
BC status:  4930 70 
BC subtype:  4930 55 15 

clinical_engagement 
diagnosis 
demography 
68 new agents 
10 dtreferralsatt10 smreferralsatt41 
disease_progression 
H-positive risk:  838 876 119 993 357 105 953 403 134 45 132 45 
H-negative risk:  876 838 953 993 403 357 105 119 132 134 45 45 
New BC onsets:  0
BC status:  4923 77 
BC subtype:  4923 57 20 

clinical_engagement 
diagnosis 
demography 
67 new agents 
18 dtreferralsatt18 smreferralsatt42 
disease_progression 
H-positive risk:  832 880 123 981 362 105 953 404 138 45 132 45 
H-negative risk:  880 832 953 981 404 362 105 123 132 138 45 45 
New BC onsets:  0
BC status:  4926 74 
BC subtype:  4926 54 20 

clinical_engagement 
diagnosis 
demography 
66 new agents 
10 dtreferralsatt10 smreferralsatt43 
disease_progression 
H-positive risk:  832 883 122 978 362 105 963 394 138 45 134 44 
H-negative risk:  883 832 963 978 394 362 105 122 134 138 44 45 
New BC onsets:  0
BC status:  4924 76 
BC subtype:  4924 56 20 

clinical_engagement 
diagnosis 
demography 
57 new agents 
12 dtreferralsatt12 smreferralsatt44 
disease_progression 
H-positive risk:  829 890 122 974 364 102 966 395 135 45 134 44 
H-negative risk:  890 829 966 974 395 364 102 122 134 135 44 45 
New BC onsets:  0
BC status:  4924 76 
BC subtype:  4924 56 20 

clinical_engagement 
diagnosis 
demography 
70 new agents 
12 dtreferralsatt12 smreferralsatt45 
disease_progression 
H-positive risk:  838 891 123 970 360 102 965 394 133 46 134 44 
H-negative risk:  891 838 965 970 394 360 102 123 134 133 44 46 
New BC onsets:  0
BC status:  4927 73 
BC subtype:  4927 53 20 

clinical_engagement 
diagnosis 
demography 
53 new agents 
5 dtreferralsatt5 smreferralsatt46 
disease_progression 
H-positive risk:  834 890 123 972 364 103 965 393 135 45 133 43 
H-negative risk:  890 834 965 972 393 364 103 123 133 135 43 45 
New BC onsets:  0
BC status:  4925 75 
BC subtype:  4925 55 20 

clinical_engagement 
diagnosis 
demography 
62 new agents 
13 dtreferralsatt13 smreferralsatt47 
disease_progression 
H-positive risk:  843 891 121 974 357 104 964 393 134 45 132 42 
H-negative risk:  891 843 964 974 393 357 104 121 132 134 42 45 
New BC onsets:  0
BC status:  4927 73 
BC subtype:  4927 53 20 

clinical_engagement 
diagnosis 
demography 
60 new agents 
15 dtreferralsatt15 smreferralsatt48 
disease_progression 
H-positive risk:  841 889 122 978 356 105 970 391 131 43 132 42 
H-negative risk:  889 841 970 978 391 356 105 122 132 131 42 43 
New BC onsets:  0
BC status:  4929 71 
BC subtype:  4929 51 20 

clinical_engagement 
diagnosis 
demography 
69 new agents 
8 dtreferralsatt8 smreferralsatt49 
disease_progression 
H-positive risk:  792 827 118 1026 360 98 1026 388 140 45 137 43 
H-negative risk:  827 792 1026 1026 388 360 98 118 137 140 43 45 
New BC onsets:  0
BC status:  4928 72 
BC subtype:  4928 50 22 

clinical_engagement 
diagnosis 
demography 
153 new agents 
10 dtreferralsatt10 smreferralsatt50 
disease_progression 
H-positive risk:  806 835 119 995 375 99 994 407 139 52 134 45 
H-negative risk:  835 806 994 995 407 375 99 119 134 139 45 52 
New BC onsets:  0
BC status:  4922 78 
BC subtype:  4922 57 21 

clinical_engagement 
diagnosis 
demography 
92 new agents 
8 dtreferralsatt8 smreferralsatt51 
disease_progression 
H-positive risk:  808 842 118 999 373 102 988 403 140 50 132 45 
H-negative risk:  842 808 988 999 403 373 102 118 132 140 45 50 
New BC onsets:  0
BC status:  4924 76 
BC subtype:  4924 57 19 

clinical_engagement 
diagnosis 
demography 
64 new agents 
14 dtreferralsatt14 smreferralsatt52 
disease_progression 
H-positive risk:  812 840 123 996 374 105 991 396 140 48 129 46 
H-negative risk:  840 812 991 996 396 374 105 123 129 140 46 48 
New BC onsets:  0
BC status:  4924 76 
BC subtype:  4924 57 19 

clinical_engagement 
diagnosis 
demography 
68 new agents 
10 dtreferralsatt10 smreferralsatt53 
disease_progression 
H-positive risk:  807 843 125 997 375 107 990 397 138 49 128 44 
H-negative risk:  843 807 990 997 397 375 107 125 128 138 44 49 
New BC onsets:  0
BC status:  4924 76 
BC subtype:  4924 56 20 

clinical_engagement 
diagnosis 
demography 
57 new agents 
11 dtreferralsatt11 smreferralsatt54 
disease_progression 
H-positive risk:  813 848 124 999 371 109 986 391 138 48 130 43 
H-negative risk:  848 813 986 999 391 371 109 124 130 138 43 48 
New BC onsets:  0
BC status:  4923 77 
BC subtype:  4923 56 21 

clinical_engagement 
diagnosis 
demography 
73 new agents 
10 dtreferralsatt10 smreferralsatt55 
disease_progression 
H-positive risk:  818 857 124 1005 362 111 981 382 137 48 132 43 
H-negative risk:  857 818 981 1005 382 362 111 124 132 137 43 48 
New BC onsets:  0
BC status:  4924 76 
BC subtype:  4924 55 21 

clinical_engagement 
diagnosis 
demography 
55 new agents 
8 dtreferralsatt8 smreferralsatt56 
disease_progression 
H-positive risk:  819 859 125 998 364 113 973 389 134 50 134 42 
H-negative risk:  859 819 973 998 389 364 113 125 134 134 42 50 
New BC onsets:  0
BC status:  4923 77 
BC subtype:  4923 56 21 

clinical_engagement 
diagnosis 
demography 
71 new agents 
11 dtreferralsatt11 smreferralsatt57 
disease_progression 
H-positive risk:  823 856 126 993 370 116 970 391 133 47 132 43 
H-negative risk:  856 823 970 993 391 370 116 126 132 133 43 47 
New BC onsets:  0
BC status:  4922 78 
BC subtype:  4922 57 21 

clinical_engagement 
diagnosis 
demography 
58 new agents 
12 dtreferralsatt12 smreferralsatt58 
disease_progression 
H-positive risk:  821 856 125 996 372 116 968 392 134 44 131 45 
H-negative risk:  856 821 968 996 392 372 116 125 131 134 45 44 
New BC onsets:  0
BC status:  4925 75 
BC subtype:  4925 54 21 

clinical_engagement 
diagnosis 
demography 
59 new agents 
10 dtreferralsatt10 smreferralsatt59 
disease_progression 
H-positive risk:  833 857 126 998 371 117 956 388 135 44 129 46 
H-negative risk:  857 833 956 998 388 371 117 126 129 135 46 44 
New BC onsets:  0
BC status:  4925 75 
BC subtype:  4925 54 21 

clinical_engagement 
diagnosis 
demography 
66 new agents 
8 dtreferralsatt8 smreferralsatt60 
disease_progression 
H-positive risk:  833 854 127 1005 372 116 956 383 136 42 129 47 
H-negative risk:  854 833 956 1005 383 372 116 127 129 136 47 42 
New BC onsets:  0
BC status:  4922 78 
BC subtype:  4922 57 21 

clinical_engagement 
diagnosis 
demography 
61 new agents 
11 dtreferralsatt11 smreferralsatt61 
disease_progression 
H-positive risk:  783 787 122 1076 368 105 1008 381 145 42 136 47 
H-negative risk:  787 783 1008 1076 381 368 105 122 136 145 47 42 
New BC onsets:  0
BC status:  4921 79 
BC subtype:  4921 58 21 

clinical_engagement 
diagnosis 
demography 
101 new agents 
7 dtreferralsatt7 smreferralsatt62 
disease_progression 
H-positive risk:  785 795 119 1054 384 105 978 406 147 44 129 54 
H-negative risk:  795 785 978 1054 406 384 105 119 129 147 54 44 
New BC onsets:  0
BC status:  4922 78 
BC subtype:  4922 57 21 

clinical_engagement 
diagnosis 
demography 
85 new agents 
6 dtreferralsatt6 smreferralsatt63 
disease_progression 
H-positive risk:  787 800 125 1044 389 107 972 400 147 44 130 55 
H-negative risk:  800 787 972 1044 400 389 107 125 130 147 55 44 
New BC onsets:  0
BC status:  4919 81 
BC subtype:  4919 58 23 

clinical_engagement 
diagnosis 
demography 
59 new agents 
8 dtreferralsatt8 smreferralsatt64 
disease_progression 
H-positive risk:  785 805 127 1039 392 107 969 399 146 44 134 53 
H-negative risk:  805 785 969 1039 399 392 107 127 134 146 53 44 
New BC onsets:  0
BC status:  4915 85 
BC subtype:  4915 62 23 

clinical_engagement 
diagnosis 
demography 
63 new agents 
10 dtreferralsatt10 smreferralsatt65 
disease_progression 
H-positive risk:  790 811 128 1043 386 107 964 398 147 41 132 53 
H-negative risk:  811 790 964 1043 398 386 107 128 132 147 53 41 
New BC onsets:  0
BC status:  4918 82 
BC subtype:  4918 59 23 

clinical_engagement 
diagnosis 
demography 
64 new agents 
19 dtreferralsatt19 smreferralsatt66 
disease_progression 
H-positive risk:  798 813 126 1041 388 108 953 403 143 40 131 56 
H-negative risk:  813 798 953 1041 403 388 108 126 131 143 56 40 
New BC onsets:  0
BC status:  4917 83 
BC subtype:  4917 60 23 

clinical_engagement 
diagnosis 
demography 
81 new agents 
10 dtreferralsatt10 smreferralsatt67 
disease_progression 
H-positive risk:  802 811 124 1043 386 111 955 402 144 38 128 56 
H-negative risk:  811 802 955 1043 402 386 111 124 128 144 56 38 
New BC onsets:  0
BC status:  4918 82 
BC subtype:  4918 59 23 

clinical_engagement 
diagnosis 
demography 
80 new agents 
10 dtreferralsatt10 smreferralsatt68 
disease_progression 
H-positive risk:  802 815 123 1040 383 112 961 397 145 37 129 56 
H-negative risk:  815 802 961 1040 397 383 112 123 129 145 56 37 
New BC onsets:  0
BC status:  4917 83 
BC subtype:  4917 60 23 

clinical_engagement 
diagnosis 
demography 
68 new agents 
18 dtreferralsatt18 smreferralsatt69 
disease_progression 
H-positive risk:  794 814 127 1042 378 110 972 391 146 39 130 57 
H-negative risk:  814 794 972 1042 391 378 110 127 130 146 57 39 
New BC onsets:  0
BC status:  4917 83 
BC subtype:  4917 61 22 

clinical_engagement 
diagnosis 
demography 
61 new agents 
18 dtreferralsatt18 smreferralsatt70 
disease_progression 
H-positive risk:  797 812 124 1049 376 111 971 387 146 41 130 56 
H-negative risk:  812 797 971 1049 387 376 111 124 130 146 56 41 
New BC onsets:  0
BC status:  4916 84 
BC subtype:  4916 62 22 

clinical_engagement 
diagnosis 
demography 
60 new agents 
9 dtreferralsatt9 smreferralsatt71 
disease_progression 
H-positive risk:  796 815 126 1045 375 113 971 389 144 42 128 56 
H-negative risk:  815 796 971 1045 389 375 113 126 128 144 56 42 
New BC onsets:  0
BC status:  4918 82 
BC subtype:  4918 60 22 

clinical_engagement 
diagnosis 
demography 
75 new agents 
10 dtreferralsatt10 smreferralsatt72 
disease_progression 
H-positive risk:  802 823 124 1036 369 114 976 387 141 43 128 57 
H-negative risk:  823 802 976 1036 387 369 114 124 128 141 57 43 
New BC onsets:  0
BC status:  4914 86 
BC subtype:  4914 64 22 

clinical_engagement 
diagnosis 
demography 
83 new agents 
15 dtreferralsatt15 smreferralsatt73 
disease_progression 
H-positive risk:  754 779 120 1086 365 109 1024 381 147 45 136 54 
H-negative risk:  779 754 1024 1086 381 365 109 120 136 147 54 45 
New BC onsets:  0
BC status:  4916 84 
BC subtype:  4916 62 22 

clinical_engagement 
diagnosis 
demography 
119 new agents 
13 dtreferralsatt13 smreferralsatt74 
disease_progression 
H-positive risk:  764 790 122 1055 389 113 1008 381 144 43 128 63 
H-negative risk:  790 764 1008 1055 381 389 113 122 128 144 63 43 
New BC onsets:  0
BC status:  4917 83 
BC subtype:  4917 63 20 

clinical_engagement 
diagnosis 
demography 
73 new agents 
6 dtreferralsatt6 smreferralsatt75 
disease_progression 
H-positive risk:  766 791 120 1042 388 115 1011 389 141 45 129 63 
H-negative risk:  791 766 1011 1042 389 388 115 120 129 141 63 45 
New BC onsets:  0
BC status:  4911 89 
BC subtype:  4911 69 20 

clinical_engagement 
diagnosis 
demography 
72 new agents 
10 dtreferralsatt10 smreferralsatt76 
disease_progression 
H-positive risk:  765 796 124 1039 385 110 1009 392 145 45 128 62 
H-negative risk:  796 765 1009 1039 392 385 110 124 128 145 62 45 
New BC onsets:  0
BC status:  4907 93 
BC subtype:  4907 72 21 

clinical_engagement 
diagnosis 
demography 
60 new agents 
10 dtreferralsatt10 smreferralsatt77 
disease_progression 
H-positive risk:  759 788 124 1045 386 111 1017 393 146 45 124 62 
H-negative risk:  788 759 1017 1045 393 386 111 124 124 146 62 45 
New BC onsets:  0
BC status:  4909 91 
BC subtype:  4909 72 19 

clinical_engagement 
diagnosis 
demography 
67 new agents 
12 dtreferralsatt12 smreferralsatt78 
disease_progression 
H-positive risk:  759 788 124 1051 383 110 1016 392 151 44 122 60 
H-negative risk:  788 759 1016 1051 392 383 110 124 122 151 60 44 
New BC onsets:  0
BC status:  4912 88 
BC subtype:  4912 70 18 

clinical_engagement 
diagnosis 
demography 
80 new agents 
16 dtreferralsatt16 smreferralsatt79 
disease_progression 
H-positive risk:  765 790 122 1041 385 111 1032 380 148 44 122 60 
H-negative risk:  790 765 1032 1041 380 385 111 122 122 148 60 44 
New BC onsets:  0
BC status:  4912 88 
BC subtype:  4912 69 19 

clinical_engagement 
diagnosis 
demography 
53 new agents 
6 dtreferralsatt6 smreferralsatt80 
disease_progression 
H-positive risk:  762 793 123 1038 389 110 1025 385 147 44 123 61 
H-negative risk:  793 762 1025 1038 385 389 110 123 123 147 61 44 
New BC onsets:  0
BC status:  4914 86 
BC subtype:  4914 65 21 

clinical_engagement 
diagnosis 
demography 
76 new agents 
13 dtreferralsatt13 smreferralsatt81 
disease_progression 
H-positive risk:  756 795 124 1042 382 108 1039 380 147 44 119 64 
H-negative risk:  795 756 1039 1042 380 382 108 124 119 147 64 44 
New BC onsets:  0
BC status:  4922 78 
BC subtype:  4922 58 20 

clinical_engagement 
diagnosis 
demography 
66 new agents 
11 dtreferralsatt11 smreferralsatt82 
disease_progression 
H-positive risk:  751 799 124 1045 378 108 1041 377 148 44 120 65 
H-negative risk:  799 751 1041 1045 377 378 108 124 120 148 65 44 
New BC onsets:  0
BC status:  4919 81 
BC subtype:  4919 61 20 

clinical_engagement 
diagnosis 
demography 
67 new agents 
8 dtreferralsatt8 smreferralsatt83 
disease_progression 
H-positive risk:  750 796 127 1045 385 107 1046 375 141 43 121 64 
H-negative risk:  796 750 1046 1045 375 385 107 127 121 141 64 43 
New BC onsets:  0
BC status:  4921 79 
BC subtype:  4921 60 19 

clinical_engagement 
diagnosis 
demography 
66 new agents 
5 dtreferralsatt5 smreferralsatt84 
disease_progression 
H-positive risk:  750 796 125 1050 378 106 1039 377 144 43 130 62 
H-negative risk:  796 750 1039 1050 377 378 106 125 130 144 62 43 
New BC onsets:  0
BC status:  4921 79 
BC subtype:  4921 60 19 

clinical_engagement 
diagnosis 
demography 
73 new agents 
7 dtreferralsatt7 smreferralsatt85 
disease_progression 
H-positive risk:  705 745 112 1093 369 102 1089 382 151 42 146 64 
H-negative risk:  745 705 1089 1093 382 369 102 112 146 151 64 42 
New BC onsets:  0
BC status:  4921 79 
BC subtype:  4921 61 18 

clinical_engagement 
diagnosis 
demography 
105 new agents 
10 dtreferralsatt10 smreferralsatt86 
disease_progression 
H-positive risk:  707 752 113 1068 387 104 1065 398 146 48 144 68 
H-negative risk:  752 707 1065 1068 398 387 104 113 144 146 68 48 
New BC onsets:  0
BC status:  4921 79 
BC subtype:  4921 61 18 

clinical_engagement 
diagnosis 
demography 
74 new agents 
13 dtreferralsatt13 smreferralsatt87 
disease_progression 
H-positive risk:  712 756 114 1056 390 104 1061 404 144 47 145 67 
H-negative risk:  756 712 1061 1056 404 390 104 114 145 144 67 47 
New BC onsets:  0
BC status:  4919 81 
BC subtype:  4919 63 18 

clinical_engagement 
diagnosis 
demography 
77 new agents 
14 dtreferralsatt14 smreferralsatt88 
disease_progression 
H-positive risk:  718 752 113 1055 392 102 1059 403 145 50 146 65 
H-negative risk:  752 718 1059 1055 403 392 102 113 146 145 65 50 
New BC onsets:  0
BC status:  4918 82 
BC subtype:  4918 63 19 

clinical_engagement 
diagnosis 
demography 
74 new agents 
8 dtreferralsatt8 smreferralsatt89 
disease_progression 
H-positive risk:  719 756 114 1052 393 100 1053 407 148 49 147 62 
H-negative risk:  756 719 1053 1052 407 393 100 114 147 148 62 49 
New BC onsets:  0
BC status:  4920 80 
BC subtype:  4920 63 17 

clinical_engagement 
diagnosis 
demography 
68 new agents 
14 dtreferralsatt14 smreferralsatt90 
disease_progression 
H-positive risk:  723 760 113 1053 389 100 1056 401 145 51 149 60 
H-negative risk:  760 723 1056 1053 401 389 100 113 149 145 60 51 
New BC onsets:  0
BC status:  4923 77 
BC subtype:  4923 62 15 

clinical_engagement 
diagnosis 
demography 
64 new agents 
17 dtreferralsatt17 smreferralsatt91 
disease_progression 
H-positive risk:  724 759 111 1066 375 101 1057 396 146 53 153 59 
H-negative risk:  759 724 1057 1066 396 375 101 111 153 146 59 53 
New BC onsets:  0
BC status:  4922 78 
BC subtype:  4922 63 15 

clinical_engagement 
diagnosis 
demography 
58 new agents 
7 dtreferralsatt7 smreferralsatt92 
disease_progression 
H-positive risk:  722 762 114 1060 376 102 1064 393 146 52 150 59 
H-negative risk:  762 722 1064 1060 393 376 102 114 150 146 59 52 
New BC onsets:  0
BC status:  4922 78 
BC subtype:  4922 62 16 

clinical_engagement 
diagnosis 
demography 
62 new agents 
14 dtreferralsatt14 smreferralsatt93 
disease_progression 
H-positive risk:  724 761 112 1058 370 104 1062 397 147 52 153 60 
H-negative risk:  761 724 1062 1058 397 370 104 112 153 147 60 52 
New BC onsets:  0
BC status:  4922 78 
BC subtype:  4922 61 17 

clinical_engagement 
diagnosis 
demography 
70 new agents 
11 dtreferralsatt11 smreferralsatt94 
disease_progression 
H-positive risk:  720 770 113 1058 367 106 1067 389 148 51 150 61 
H-negative risk:  770 720 1067 1058 389 367 106 113 150 148 61 51 
New BC onsets:  0
BC status:  4920 80 
BC subtype:  4920 61 19 

clinical_engagement 
diagnosis 
demography 
61 new agents 
18 dtreferralsatt18 smreferralsatt95 
disease_progression 
H-positive risk:  729 772 113 1057 370 106 1058 387 143 52 152 61 
H-negative risk:  772 729 1058 1057 387 370 106 113 152 143 61 52 
New BC onsets:  0
BC status:  4920 80 
BC subtype:  4920 61 19 

clinical_engagement 
diagnosis 
demography 
68 new agents 
11 dtreferralsatt11 smreferralsatt96 
disease_progression 
H-positive risk:  733 774 116 1057 371 104 1045 392 144 50 151 63 
H-negative risk:  774 733 1045 1057 392 371 104 116 151 144 63 50 
New BC onsets:  0
BC status:  4918 82 
BC subtype:  4918 63 19 

clinical_engagement 
diagnosis 
demography 
83 new agents 
7 dtreferralsatt7 smreferralsatt97 
disease_progression 
H-positive risk:  687 745 109 1087 365 101 1095 388 153 51 163 56 
H-negative risk:  745 687 1095 1087 388 365 101 109 163 153 56 51 
New BC onsets:  0
BC status:  4915 85 
BC subtype:  4915 66 19 

clinical_engagement 
diagnosis 
demography 
93 new agents 
10 dtreferralsatt10 smreferralsatt98 
disease_progression 
H-positive risk:  688 740 111 1062 388 101 1086 405 154 47 162 56 
H-negative risk:  740 688 1086 1062 405 388 101 111 162 154 56 47 
New BC onsets:  0
BC status:  4917 83 
BC subtype:  4917 64 19 

clinical_engagement 
diagnosis 
demography 
101 new agents 
13 dtreferralsatt13 smreferralsatt99 
disease_progression 
H-positive risk:  692 746 114 1061 390 105 1077 403 153 47 158 54 
H-negative risk:  746 692 1077 1061 403 390 105 114 158 153 54 47 
New BC onsets:  0
BC status:  4918 82 
BC subtype:  4918 63 19 

clinical_engagement 
diagnosis 
demography 
62 new agents 
7 dtreferralsatt7 smreferralsatt100 
disease_progression 
H-positive risk:  695 742 115 1061 398 106 1074 396 153 46 159 55 
H-negative risk:  742 695 1074 1061 396 398 106 115 159 153 55 46 
New BC onsets:  0
BC status:  4917 83 
BC subtype:  4917 64 19 

clinical_engagement 
diagnosis 
demography 
66 new agents 
8 dtreferralsatt8 smreferralsatt101 
disease_progression 
H-positive risk:  702 748 115 1053 399 107 1071 398 151 45 157 54 
H-negative risk:  748 702 1071 1053 398 399 107 115 157 151 54 45 
New BC onsets:  0
BC status:  4913 87 
BC subtype:  4913 67 20 

clinical_engagement 
diagnosis 
demography 
72 new agents 
10 dtreferralsatt10 smreferralsatt102 
disease_progression 
H-positive risk:  705 753 115 1057 394 107 1069 394 152 44 157 53 
H-negative risk:  753 705 1069 1057 394 394 107 115 157 152 53 44 
New BC onsets:  0
BC status:  4912 88 
BC subtype:  4912 68 20 

clinical_engagement 
diagnosis 
demography 
69 new agents 
8 dtreferralsatt8 smreferralsatt103 
disease_progression 
H-positive risk:  711 756 113 1056 398 106 1070 381 150 46 159 54 
H-negative risk:  756 711 1070 1056 381 398 106 113 159 150 54 46 
New BC onsets:  0
BC status:  4913 87 
BC subtype:  4913 67 20 

clinical_engagement 
diagnosis 
demography 
95 new agents 
15 dtreferralsatt15 smreferralsatt104 
disease_progression 
H-positive risk:  712 765 112 1060 391 109 1069 376 148 44 157 57 
H-negative risk:  765 712 1069 1060 376 391 109 112 157 148 57 44 
New BC onsets:  0
BC status:  4913 87 
BC subtype:  4913 67 20 

clinical_engagement 
diagnosis 
demography 
84 new agents 
12 dtreferralsatt12 smreferralsatt105 
disease_progression 
H-positive risk:  715 768 111 1055 385 112 1072 379 148 42 157 56 
H-negative risk:  768 715 1072 1055 379 385 112 111 157 148 56 42 
New BC onsets:  0
BC status:  4911 89 
BC subtype:  4911 69 20 

clinical_engagement 
diagnosis 
demography 
72 new agents 
6 dtreferralsatt6 smreferralsatt106 
disease_progression 
H-positive risk:  724 772 110 1063 383 110 1063 374 147 46 153 55 
H-negative risk:  772 724 1063 1063 374 383 110 110 153 147 55 46 
New BC onsets:  0
BC status:  4911 89 
BC subtype:  4911 69 20 

clinical_engagement 
diagnosis 
demography 
80 new agents 
12 dtreferralsatt12 smreferralsatt107 
disease_progression 
H-positive risk:  728 773 110 1075 380 111 1058 367 146 47 152 53 
H-negative risk:  773 728 1058 1075 367 380 111 110 152 146 53 47 
New BC onsets:  0
BC status:  4905 95 
BC subtype:  4905 72 23 

clinical_engagement 
diagnosis 
demography 
72 new agents 
10 dtreferralsatt10 smreferralsatt108 
disease_progression 
H-positive risk:  727 774 112 1077 384 110 1063 361 144 47 149 52 
H-negative risk:  774 727 1063 1077 361 384 110 112 149 144 52 47 
New BC onsets:  0
BC status:  4903 97 
BC subtype:  4903 74 23 

clinical_engagement 
diagnosis 
demography 
64 new agents 
10 dtreferralsatt10 smreferralsatt109 
disease_progression 
H-positive risk:  694 734 111 1109 379 103 1102 364 151 48 153 52 
H-negative risk:  734 694 1102 1109 364 379 103 111 153 151 52 48 
New BC onsets:  0
BC status:  4900 100 
BC subtype:  4900 77 23 

clinical_engagement 
diagnosis 
demography 
117 new agents 
11 dtreferralsatt11 smreferralsatt110 
disease_progression 
H-positive risk:  693 740 113 1103 380 102 1085 381 149 50 149 55 
H-negative risk:  740 693 1085 1103 381 380 102 113 149 149 55 50 
New BC onsets:  0
BC status:  4905 95 
BC subtype:  4905 73 22 

clinical_engagement 
diagnosis 
demography 
90 new agents 
2 dtreferralsatt2 smreferralsatt111 
disease_progression 
H-positive risk:  697 735 116 1102 379 98 1082 383 146 51 151 60 
H-negative risk:  735 697 1082 1102 383 379 98 116 151 146 60 51 
New BC onsets:  0
BC status:  4906 94 
BC subtype:  4906 73 21 

clinical_engagement 
diagnosis 
demography 
64 new agents 
11 dtreferralsatt11 smreferralsatt112 
disease_progression 
H-positive risk:  690 731 114 1094 394 97 1082 385 145 53 155 60 
H-negative risk:  731 690 1082 1094 385 394 97 114 155 145 60 53 
New BC onsets:  0
BC status:  4904 96 
BC subtype:  4904 74 22 

clinical_engagement 
diagnosis 
demography 
74 new agents 
5 dtreferralsatt5 smreferralsatt113 
disease_progression 
H-positive risk:  691 732 113 1106 388 99 1088 370 144 52 158 59 
H-negative risk:  732 691 1088 1106 370 388 99 113 158 144 59 52 
New BC onsets:  0
BC status:  4903 97 
BC subtype:  4903 74 23 

clinical_engagement 
diagnosis 
demography 
76 new agents 
14 dtreferralsatt14 smreferralsatt114 
disease_progression 
H-positive risk:  696 723 112 1109 390 98 1086 371 140 52 161 62 
H-negative risk:  723 696 1086 1109 371 390 98 112 161 140 62 52 
New BC onsets:  0
BC status:  4904 96 
BC subtype:  4904 74 22 

clinical_engagement 
diagnosis 
demography 
76 new agents 
8 dtreferralsatt8 smreferralsatt115 
disease_progression 
H-positive risk:  696 720 115 1116 381 96 1093 372 138 52 157 64 
H-negative risk:  720 696 1093 1116 372 381 96 115 157 138 64 52 
New BC onsets:  0
BC status:  4903 97 
BC subtype:  4903 74 23 

clinical_engagement 
diagnosis 
demography 
64 new agents 
16 dtreferralsatt16 smreferralsatt116 
disease_progression 
H-positive risk:  700 719 116 1120 375 94 1098 373 135 51 151 68 
H-negative risk:  719 700 1098 1120 373 375 94 116 151 135 68 51 
New BC onsets:  0
BC status:  4903 97 
BC subtype:  4903 73 24 

clinical_engagement 
diagnosis 
demography 
63 new agents 
19 dtreferralsatt19 smreferralsatt117 
disease_progression 
H-positive risk:  698 715 117 1122 374 95 1099 376 134 54 149 67 
H-negative risk:  715 698 1099 1122 376 374 95 117 149 134 67 54 
New BC onsets:  0
BC status:  4905 95 
BC subtype:  4905 72 23 

clinical_engagement 
diagnosis 
demography 
82 new agents 
11 dtreferralsatt11 smreferralsatt118 
disease_progression 
H-positive risk:  703 722 118 1121 377 97 1087 375 131 53 149 67 
H-negative risk:  722 703 1087 1121 375 377 97 118 149 131 67 53 
New BC onsets:  0
BC status:  4904 96 
BC subtype:  4904 74 22 

clinical_engagement 
diagnosis 
demography 
67 new agents 
16 dtreferralsatt16 smreferralsatt119 
disease_progression 
H-positive risk:  708 726 118 1110 378 96 1090 374 128 56 151 65 
H-negative risk:  726 708 1090 1110 374 378 96 118 151 128 65 56 
New BC onsets:  0
BC status:  4902 98 
BC subtype:  4902 75 23 

clinical_engagement 
diagnosis 
demography 
81 new agents 
11 dtreferralsatt11 smreferralsatt120 
disease_progression 
H-positive risk:  712 734 117 1099 379 96 1094 366 128 55 157 63 
H-negative risk:  734 712 1094 1099 366 379 96 117 157 128 63 55 
New BC onsets:  0
BC status:  4904 96 
BC subtype:  4904 75 21 

clinical_engagement 
diagnosis 
demography 
72 new agents 
11 dtreferralsatt11 smreferralsatt121 
disease_progression 
H-positive risk:  666 686 111 1154 384 91 1133 365 134 55 160 61 
H-negative risk:  686 666 1133 1154 365 384 91 111 160 134 61 55 
New BC onsets:  0
BC status:  4906 94 
BC subtype:  4906 73 21 

clinical_engagement 
diagnosis 
demography 
88 new agents 
9 dtreferralsatt9 smreferralsatt122 
disease_progression 
H-positive risk:  665 694 110 1132 399 88 1128 373 136 56 159 60 
H-negative risk:  694 665 1128 1132 373 399 88 110 159 136 60 56 
New BC onsets:  0
BC status:  4902 98 
BC subtype:  4902 76 22 

clinical_engagement 
diagnosis 
demography 
86 new agents 
12 dtreferralsatt12 smreferralsatt123 
disease_progression 
H-positive risk:  660 682 112 1129 402 83 1136 383 134 57 159 63 
H-negative risk:  682 660 1136 1129 383 402 83 112 159 134 63 57 
New BC onsets:  0
BC status:  4900 100 
BC subtype:  4900 78 22 

clinical_engagement 
diagnosis 
demography 
82 new agents 
17 dtreferralsatt17 smreferralsatt124 
disease_progression 
H-positive risk:  661 683 115 1122 404 88 1132 385 134 56 159 61 
H-negative risk:  683 661 1132 1122 385 404 88 115 159 134 61 56 
New BC onsets:  0
BC status:  4900 100 
BC subtype:  4900 78 22 

clinical_engagement 
diagnosis 
demography 
64 new agents 
10 dtreferralsatt10 smreferralsatt125 
disease_progression 
H-positive risk:  668 688 113 1115 401 91 1135 377 135 55 161 61 
H-negative risk:  688 668 1135 1115 377 401 91 113 161 135 61 55 
New BC onsets:  0
BC status:  4898 102 
BC subtype:  4898 79 23 

clinical_engagement 
diagnosis 
demography 
54 new agents 
11 dtreferralsatt11 smreferralsatt126 
disease_progression 
H-positive risk:  664 687 113 1120 404 92 1132 374 136 55 161 62 
H-negative risk:  687 664 1132 1120 374 404 92 113 161 136 62 55 
New BC onsets:  0
BC status:  4899 101 
BC subtype:  4899 79 22 

clinical_engagement 
diagnosis 
demography 
72 new agents 
13 dtreferralsatt13 smreferralsatt127 
disease_progression 
H-positive risk:  664 681 113 1124 408 92 1133 374 136 56 156 63 
H-negative risk:  681 664 1133 1124 374 408 92 113 156 136 63 56 
New BC onsets:  0
BC status:  4897 103 
BC subtype:  4897 81 22 

clinical_engagement 
diagnosis 
demography 
80 new agents 
11 dtreferralsatt11 smreferralsatt128 
disease_progression 
H-positive risk:  668 674 114 1123 418 89 1132 373 135 55 152 67 
H-negative risk:  674 668 1132 1123 373 418 89 114 152 135 67 55 
New BC onsets:  0
BC status:  4892 108 
BC subtype:  4892 86 22 

clinical_engagement 
diagnosis 
demography 
68 new agents 
10 dtreferralsatt10 smreferralsatt129 
disease_progression 
H-positive risk:  662 679 117 1127 412 89 1135 376 131 57 151 64 
H-negative risk:  679 662 1135 1127 376 412 89 117 151 131 64 57 
New BC onsets:  0
BC status:  4894 106 
BC subtype:  4894 85 21 

clinical_engagement 
diagnosis 
demography 
62 new agents 
11 dtreferralsatt11 smreferralsatt130 
disease_progression 
H-positive risk:  657 679 119 1122 412 89 1143 373 135 55 151 65 
H-negative risk:  679 657 1143 1122 373 412 89 119 151 135 65 55 
New BC onsets:  0
BC status:  4891 109 
BC subtype:  4891 86 23 

clinical_engagement 
diagnosis 
demography 
75 new agents 
10 dtreferralsatt10 smreferralsatt131 
disease_progression 
H-positive risk:  652 685 116 1123 405 91 1145 376 134 57 151 65 
H-negative risk:  685 652 1145 1123 376 405 91 116 151 134 65 57 
New BC onsets:  0
BC status:  4889 111 
BC subtype:  4889 88 23 

clinical_engagement 
diagnosis 
demography 
82 new agents 
9 dtreferralsatt9 smreferralsatt132 
disease_progression 
H-positive risk:  655 689 113 1128 395 91 1145 381 132 53 156 62 
H-negative risk:  689 655 1145 1128 381 395 91 113 156 132 62 53 
New BC onsets:  0
BC status:  4887 113 
BC subtype:  4887 87 26 

clinical_engagement 
diagnosis 
demography 
75 new agents 
7 dtreferralsatt7 smreferralsatt133 
disease_progression 
H-positive risk:  650 685 112 1133 388 92 1140 395 134 54 157 60 
H-negative risk:  685 650 1140 1133 395 388 92 112 157 134 60 54 
New BC onsets:  0
BC status:  4885 115 
BC subtype:  4885 89 26 

clinical_engagement 
diagnosis 
demography 
93 new agents 
15 dtreferralsatt15 smreferralsatt134 
disease_progression 
H-positive risk:  645 682 113 1122 403 91 1129 409 135 52 156 63 
H-negative risk:  682 645 1129 1122 409 403 91 113 156 135 63 52 
New BC onsets:  0
BC status:  4884 116 
BC subtype:  4884 88 28 

clinical_engagement 
diagnosis 
demography 
77 new agents 
11 dtreferralsatt11 smreferralsatt135 
disease_progression 
H-positive risk:  647 677 113 1126 401 94 1129 409 135 52 154 63 
H-negative risk:  677 647 1129 1126 409 401 94 113 154 135 63 52 
New BC onsets:  0
BC status:  4883 117 
BC subtype:  4883 88 29 

clinical_engagement 
diagnosis 
demography 
72 new agents 
8 dtreferralsatt8 smreferralsatt136 
disease_progression 
H-positive risk:  653 674 107 1125 400 96 1128 410 136 53 157 61 
H-negative risk:  674 653 1128 1125 410 400 96 107 157 136 61 53 
New BC onsets:  0
BC status:  4886 114 
BC subtype:  4886 86 28 

clinical_engagement 
diagnosis 
demography 
75 new agents 
10 dtreferralsatt10 smreferralsatt137 
disease_progression 
H-positive risk:  653 674 106 1136 390 95 1123 412 137 53 160 61 
H-negative risk:  674 653 1123 1136 412 390 95 106 160 137 61 53 
New BC onsets:  0
BC status:  4887 113 
BC subtype:  4887 85 28 

clinical_engagement 
diagnosis 
demography 
82 new agents 
7 dtreferralsatt7 smreferralsatt138 
disease_progression 
H-positive risk:  651 681 107 1128 388 97 1130 411 137 54 158 58 
H-negative risk:  681 651 1130 1128 411 388 97 107 158 137 58 54 
New BC onsets:  0
BC status:  4888 112 
BC subtype:  4888 85 27 

clinical_engagement 
diagnosis 
demography 
75 new agents 
14 dtreferralsatt14 smreferralsatt139 
disease_progression 
H-positive risk:  658 680 107 1130 389 98 1126 406 135 55 158 58 
H-negative risk:  680 658 1126 1130 406 389 98 107 158 135 58 55 
New BC onsets:  0
BC status:  4890 110 
BC subtype:  4890 84 26 

clinical_engagement 
diagnosis 
demography 
82 new agents 
8 dtreferralsatt8 smreferralsatt140 
disease_progression 
H-positive risk:  661 685 105 1125 386 99 1126 404 133 58 159 59 
H-negative risk:  685 661 1126 1125 404 386 99 105 159 133 59 58 
New BC onsets:  0
BC status:  4882 118 
BC subtype:  4882 91 27 

clinical_engagement 
diagnosis 
demography 
83 new agents 
15 dtreferralsatt15 smreferralsatt141 
disease_progression 
H-positive risk:  662 678 103 1129 388 97 1122 408 134 58 167 54 
H-negative risk:  678 662 1122 1129 408 388 97 103 167 134 54 58 
New BC onsets:  0
BC status:  4885 115 
BC subtype:  4885 88 27 

clinical_engagement 
diagnosis 
demography 
76 new agents 
8 dtreferralsatt8 smreferralsatt142 
disease_progression 
H-positive risk:  665 672 104 1131 391 100 1128 404 128 57 166 54 
H-negative risk:  672 665 1128 1131 404 391 100 104 166 128 54 57 
New BC onsets:  0
BC status:  4885 115 
BC subtype:  4885 88 27 

clinical_engagement 
diagnosis 
demography 
75 new agents 
8 dtreferralsatt8 smreferralsatt143 
disease_progression 
H-positive risk:  671 675 103 1128 391 103 1121 403 127 56 168 54 
H-negative risk:  675 671 1121 1128 403 391 103 103 168 127 54 56 
New BC onsets:  0
BC status:  4886 114 
BC subtype:  4886 87 27 

clinical_engagement 
diagnosis 
demography 
55 new agents 
11 dtreferralsatt11 smreferralsatt144 
disease_progression 
H-positive risk:  663 671 106 1125 400 103 1120 405 126 58 168 55 
H-negative risk:  671 663 1120 1125 405 400 103 106 168 126 55 58 
New BC onsets:  0
BC status:  4887 113 
BC subtype:  4887 86 27 

clinical_engagement 
diagnosis 
demography 
78 new agents 
9 dtreferralsatt9 smreferralsatt145 
disease_progression 
H-positive risk:  666 675 106 1119 401 100 1116 406 128 56 172 55 
H-negative risk:  675 666 1116 1119 406 401 100 106 172 128 55 56 
New BC onsets:  0
BC status:  4890 110 
BC subtype:  4890 83 27 

clinical_engagement 
diagnosis 
demography 
93 new agents 
14 dtreferralsatt14 smreferralsatt146 
disease_progression 
H-positive risk:  662 671 105 1120 418 100 1095 418 128 53 174 56 
H-negative risk:  671 662 1095 1120 418 418 100 105 174 128 56 53 
New BC onsets:  0
BC status:  4895 105 
BC subtype:  4895 80 25 

clinical_engagement 
diagnosis 
demography 
73 new agents 
8 dtreferralsatt8 smreferralsatt147 
disease_progression 
H-positive risk:  661 677 106 1125 416 99 1088 417 133 49 174 55 
H-negative risk:  677 661 1088 1125 417 416 99 106 174 133 55 49 
New BC onsets:  0
BC status:  4894 106 
BC subtype:  4894 81 25 

clinical_engagement 
diagnosis 
demography 
87 new agents 
9 dtreferralsatt9 smreferralsatt148 
disease_progression 
H-positive risk:  662 678 102 1126 403 100 1092 424 133 50 176 54 
H-negative risk:  678 662 1092 1126 424 403 100 102 176 133 54 50 
New BC onsets:  0
BC status:  4897 103 
BC subtype:  4897 80 23 

clinical_engagement 
diagnosis 
demography 
78 new agents 
14 dtreferralsatt14 smreferralsatt149 
disease_progression 
H-positive risk:  661 687 101 1124 399 100 1095 421 132 52 174 54 
H-negative risk:  687 661 1095 1124 421 399 100 101 174 132 54 52 
New BC onsets:  0
BC status:  4895 105 
BC subtype:  4895 83 22 

clinical_engagement 
diagnosis 
demography 
75 new agents 
9 dtreferralsatt9 smreferralsatt150 
disease_progression 
H-positive risk:  665 688 103 1123 392 103 1094 420 135 51 173 53 
H-negative risk:  688 665 1094 1123 420 392 103 103 173 135 53 51 
New BC onsets:  0
BC status:  4895 105 
BC subtype:  4895 83 22 

clinical_engagement 
diagnosis 
demography 
51 new agents 
11 dtreferralsatt11 smreferralsatt151 
disease_progression 
H-positive risk:  661 684 103 1126 391 101 1099 417 137 52 176 53 
H-negative risk:  684 661 1099 1126 417 391 101 103 176 137 53 52 
New BC onsets:  0
BC status:  4894 106 
BC subtype:  4894 84 22 

clinical_engagement 
diagnosis 
demography 
72 new agents 
17 dtreferralsatt17 smreferralsatt152 
disease_progression 
H-positive risk:  670 677 102 1129 390 102 1099 413 136 53 175 54 
H-negative risk:  677 670 1099 1129 413 390 102 102 175 136 54 53 
New BC onsets:  0
BC status:  4896 104 
BC subtype:  4896 84 20 

clinical_engagement 
diagnosis 
demography 
81 new agents 
12 dtreferralsatt12 smreferralsatt153 
disease_progression 
H-positive risk:  661 671 103 1130 390 101 1114 409 139 52 178 52 
H-negative risk:  671 661 1114 1130 409 390 101 103 178 139 52 52 
New BC onsets:  0
BC status:  4896 104 
BC subtype:  4896 85 19 

clinical_engagement 
diagnosis 
demography 
71 new agents 
12 dtreferralsatt12 smreferralsatt154 
disease_progression 
H-positive risk:  666 668 106 1128 395 99 1100 414 142 49 181 52 
H-negative risk:  668 666 1100 1128 414 395 99 106 181 142 52 49 
New BC onsets:  0
BC status:  4895 105 
BC subtype:  4895 86 19 

clinical_engagement 
diagnosis 
demography 
72 new agents 
13 dtreferralsatt13 smreferralsatt155 
disease_progression 
H-positive risk:  672 669 104 1128 396 99 1101 409 142 47 182 51 
H-negative risk:  669 672 1101 1128 409 396 99 104 182 142 51 47 
New BC onsets:  0
BC status:  4899 101 
BC subtype:  4899 82 19 

clinical_engagement 
diagnosis 
demography 
73 new agents 
11 dtreferralsatt11 smreferralsatt156 
disease_progression 
H-positive risk:  674 671 106 1126 394 102 1099 406 140 46 182 54 
H-negative risk:  671 674 1099 1126 406 394 102 106 182 140 54 46 
New BC onsets:  0
BC status:  4899 101 
BC subtype:  4899 83 18 

clinical_engagement 
diagnosis 
demography 
80 new agents 
11 dtreferralsatt11 smreferralsatt157 
disease_progression 
H-positive risk:  676 673 106 1128 388 101 1094 408 145 45 184 52 
H-negative risk:  673 676 1094 1128 408 388 101 106 184 145 52 45 
New BC onsets:  0
BC status:  4898 102 
BC subtype:  4898 84 18 

clinical_engagement 
diagnosis 
demography 
109 new agents 
14 dtreferralsatt14 smreferralsatt158 
disease_progression 
H-positive risk:  677 678 105 1121 389 104 1087 422 138 46 179 54 
H-negative risk:  678 677 1087 1121 422 389 104 105 179 138 54 46 
New BC onsets:  0
BC status:  4897 103 
BC subtype:  4897 86 17 

clinical_engagement 
diagnosis 
demography 
100 new agents 
10 dtreferralsatt10 smreferralsatt159 
disease_progression 
H-positive risk:  685 673 104 1123 385 104 1081 425 138 47 180 55 
H-negative risk:  673 685 1081 1123 425 385 104 104 180 138 55 47 
New BC onsets:  0
BC status:  4899 101 
BC subtype:  4899 85 16 

clinical_engagement 
diagnosis 
demography 
69 new agents 
7 dtreferralsatt7 smreferralsatt160 
disease_progression 
H-positive risk:  692 672 105 1117 385 103 1079 430 142 46 175 54 
H-negative risk:  672 692 1079 1117 430 385 103 105 175 142 54 46 
New BC onsets:  0
BC status:  4899 101 
BC subtype:  4899 85 16 

clinical_engagement 
diagnosis 
demography 
80 new agents 
8 dtreferralsatt8 smreferralsatt161 
disease_progression 
H-positive risk:  695 680 106 1114 378 99 1076 434 145 46 173 54 
H-negative risk:  680 695 1076 1114 434 378 99 106 173 145 54 46 
New BC onsets:  0
BC status:  4898 102 
BC subtype:  4898 86 16 

clinical_engagement 
diagnosis 
demography 
71 new agents 
10 dtreferralsatt10 smreferralsatt162 
disease_progression 
H-positive risk:  694 675 108 1122 379 98 1073 430 145 48 172 56 
H-negative risk:  675 694 1073 1122 430 379 98 108 172 145 56 48 
New BC onsets:  0
BC status:  4897 103 
BC subtype:  4897 85 18 

clinical_engagement 
diagnosis 
demography 
76 new agents 
14 dtreferralsatt14 smreferralsatt163 
disease_progression 
H-positive risk:  690 672 111 1130 381 97 1075 422 146 50 170 56 
H-negative risk:  672 690 1075 1130 422 381 97 111 170 146 56 50 
New BC onsets:  0
BC status:  4898 102 
BC subtype:  4898 84 18 

clinical_engagement 
diagnosis 
demography 
69 new agents 
10 dtreferralsatt10 smreferralsatt164 
disease_progression 
H-positive risk:  693 673 112 1124 379 99 1076 422 147 48 170 57 
H-negative risk:  673 693 1076 1124 422 379 99 112 170 147 57 48 
New BC onsets:  0
BC status:  4896 104 
BC subtype:  4896 86 18 

clinical_engagement 
diagnosis 
demography 
74 new agents 
8 dtreferralsatt8 smreferralsatt165 
disease_progression 
H-positive risk:  695 678 112 1122 377 99 1074 421 148 49 167 58 
H-negative risk:  678 695 1074 1122 421 377 99 112 167 148 58 49 
New BC onsets:  0
BC status:  4891 109 
BC subtype:  4891 90 19 

clinical_engagement 
diagnosis 
demography 
87 new agents 
7 dtreferralsatt7 smreferralsatt166 
disease_progression 
H-positive risk:  704 683 116 1118 381 97 1065 418 148 48 164 58 
H-negative risk:  683 704 1065 1118 418 381 97 116 164 148 58 48 
New BC onsets:  0
BC status:  4891 109 
BC subtype:  4891 90 19 

clinical_engagement 
diagnosis 
demography 
77 new agents 
8 dtreferralsatt8 smreferralsatt167 
disease_progression 
H-positive risk:  701 685 116 1122 382 95 1073 412 149 48 160 57 
H-negative risk:  685 701 1073 1122 412 382 95 116 160 149 57 48 
New BC onsets:  0
BC status:  4891 109 
BC subtype:  4891 89 20 

clinical_engagement 
diagnosis 
demography 
75 new agents 
12 dtreferralsatt12 smreferralsatt168 
disease_progression 
H-positive risk:  698 686 117 1120 385 96 1081 408 146 49 159 55 
H-negative risk:  686 698 1081 1120 408 385 96 117 159 146 55 49 
New BC onsets:  0
BC status:  4890 110 
BC subtype:  4890 89 21 

clinical_engagement 
diagnosis 
demography 
80 new agents 
12 dtreferralsatt12 smreferralsatt169 
disease_progression 
H-positive risk:  698 689 118 1120 389 95 1075 401 150 50 158 57 
H-negative risk:  689 698 1075 1120 401 389 95 118 158 150 57 50 
New BC onsets:  0
BC status:  4890 110 
BC subtype:  4890 89 21 

clinical_engagement 
diagnosis 
demography 
79 new agents 
10 dtreferralsatt10 smreferralsatt170 
disease_progression 
H-positive risk:  692 679 119 1123 394 99 1085 388 151 52 157 61 
H-negative risk:  679 692 1085 1123 388 394 99 119 157 151 61 52 
New BC onsets:  0
BC status:  4888 112 
BC subtype:  4888 90 22 

clinical_engagement 
diagnosis 
demography 
57 new agents 
9 dtreferralsatt9 smreferralsatt171 
disease_progression 
H-positive risk:  686 673 119 1125 392 97 1091 392 152 53 157 63 
H-negative risk:  673 686 1091 1125 392 392 97 119 157 152 63 53 
New BC onsets:  0
BC status:  4888 112 
BC subtype:  4888 91 21 

clinical_engagement 
diagnosis 
demography 
72 new agents 
10 dtreferralsatt10 smreferralsatt172 
disease_progression 
H-positive risk:  690 673 117 1125 387 94 1096 390 153 54 157 64 
H-negative risk:  673 690 1096 1125 390 387 94 117 157 153 64 54 
New BC onsets:  0
BC status:  4885 115 
BC subtype:  4885 92 23 

clinical_engagement 
diagnosis 
demography 
63 new agents 
15 dtreferralsatt15 smreferralsatt173 
disease_progression 
H-positive risk:  680 678 115 1123 385 95 1102 392 155 54 157 64 
H-negative risk:  678 680 1102 1123 392 385 95 115 157 155 64 54 
New BC onsets:  0
BC status:  4889 111 
BC subtype:  4889 90 21 

clinical_engagement 
diagnosis 
demography 
65 new agents 
10 dtreferralsatt10 smreferralsatt174 
disease_progression 
H-positive risk:  680 675 117 1111 393 95 1104 397 156 55 155 62 
H-negative risk:  675 680 1104 1111 397 393 95 117 155 156 62 55 
New BC onsets:  0
BC status:  4890 110 
BC subtype:  4890 90 20 

clinical_engagement 
diagnosis 
demography 
73 new agents 
13 dtreferralsatt13 smreferralsatt175 
disease_progression 
H-positive risk:  685 682 114 1106 393 95 1108 389 155 54 156 63 
H-negative risk:  682 685 1108 1106 389 393 95 114 156 155 63 54 
New BC onsets:  0
BC status:  4886 114 
BC subtype:  4886 93 21 

clinical_engagement 
diagnosis 
demography 
68 new agents 
14 dtreferralsatt14 smreferralsatt176 
disease_progression 
H-positive risk:  686 687 112 1107 394 94 1109 384 155 54 152 66 
H-negative risk:  687 686 1109 1107 384 394 94 112 152 155 66 54 
New BC onsets:  0
BC status:  4885 115 
BC subtype:  4885 94 21 

clinical_engagement 
diagnosis 
demography 
69 new agents 
5 dtreferralsatt5 smreferralsatt177 
disease_progression 
H-positive risk:  689 686 113 1116 391 92 1103 384 156 53 149 68 
H-negative risk:  686 689 1103 1116 384 391 92 113 149 156 68 53 
New BC onsets:  0
BC status:  4889 111 
BC subtype:  4889 91 20 

clinical_engagement 
diagnosis 
demography 
57 new agents 
10 dtreferralsatt10 smreferralsatt178 
disease_progression 
H-positive risk:  691 682 112 1121 391 89 1095 389 160 55 151 64 
H-negative risk:  682 691 1095 1121 389 391 89 112 151 160 64 55 
New BC onsets:  0
BC status:  4890 110 
BC subtype:  4890 90 20 

clinical_engagement 
diagnosis 
demography 
88 new agents 
2 dtreferralsatt2 smreferralsatt179 
disease_progression 
H-positive risk:  688 693 113 1110 383 89 1105 386 159 56 153 65 
H-negative risk:  693 688 1105 1110 386 383 89 113 153 159 65 56 
New BC onsets:  0
BC status:  4890 110 
BC subtype:  4890 90 20 

clinical_engagement 
diagnosis 
demography 
78 new agents 
6 dtreferralsatt6 smreferralsatt180 
disease_progression 
H-positive risk:  688 690 110 1105 379 89 1113 392 160 54 153 67 
H-negative risk:  690 688 1113 1105 392 379 89 110 153 160 67 54 
New BC onsets:  0
BC status:  4890 110 
BC subtype:  4890 90 20 

clinical_engagement 
diagnosis 
demography 
80 new agents 
6 dtreferralsatt6 smreferralsatt181 
disease_progression 
H-positive risk:  701 691 112 1101 379 92 1100 397 156 53 150 68 
H-negative risk:  691 701 1100 1101 397 379 92 112 150 156 68 53 
New BC onsets:  0
BC status:  4890 110 
BC subtype:  4890 89 21 

clinical_engagement 
diagnosis 
demography 
89 new agents 
5 dtreferralsatt5 smreferralsatt182 
disease_progression 
H-positive risk:  699 697 110 1094 388 91 1101 390 153 55 152 70 
H-negative risk:  697 699 1101 1094 390 388 91 110 152 153 70 55 
New BC onsets:  0
BC status:  4890 110 
BC subtype:  4890 89 21 

clinical_engagement 
diagnosis 
demography 
86 new agents 
16 dtreferralsatt16 smreferralsatt183 
disease_progression 
H-positive risk:  692 704 110 1093 386 90 1107 397 150 57 150 64 
H-negative risk:  704 692 1107 1093 397 386 90 110 150 150 64 57 
New BC onsets:  0
BC status:  4885 115 
BC subtype:  4885 93 22 

clinical_engagement 
diagnosis 
demography 
76 new agents 
10 dtreferralsatt10 smreferralsatt184 
disease_progression 
H-positive risk:  689 710 111 1089 387 91 1111 392 149 57 152 62 
H-negative risk:  710 689 1111 1089 392 387 91 111 152 149 62 57 
New BC onsets:  0
BC status:  4882 118 
BC subtype:  4882 96 22 

clinical_engagement 
diagnosis 
demography 
72 new agents 
12 dtreferralsatt12 smreferralsatt185 
disease_progression 
H-positive risk:  680 702 113 1100 389 92 1103 402 149 59 150 61 
H-negative risk:  702 680 1103 1100 402 389 92 113 150 149 61 59 
New BC onsets:  0
BC status:  4884 116 
BC subtype:  4884 94 22 

clinical_engagement 
diagnosis 
demography 
75 new agents 
7 dtreferralsatt7 smreferralsatt186 
disease_progression 
H-positive risk:  680 701 112 1099 387 95 1108 395 151 58 153 61 
H-negative risk:  701 680 1108 1099 395 387 95 112 153 151 61 58 
New BC onsets:  0
BC status:  4880 120 
BC subtype:  4880 98 22 

clinical_engagement 
diagnosis 
demography 
89 new agents 
11 dtreferralsatt11 smreferralsatt187 
disease_progression 
H-positive risk:  681 704 112 1108 378 96 1106 396 148 59 151 61 
H-negative risk:  704 681 1106 1108 396 378 96 112 151 148 61 59 
New BC onsets:  0
BC status:  4878 122 
BC subtype:  4878 100 22 

clinical_engagement 
diagnosis 
demography 
70 new agents 
9 dtreferralsatt9 smreferralsatt188 
disease_progression 
H-positive risk:  687 708 110 1098 387 96 1097 400 146 59 154 58 
H-negative risk:  708 687 1097 1098 400 387 96 110 154 146 58 59 
New BC onsets:  0
BC status:  4876 124 
BC subtype:  4876 102 22 

clinical_engagement 
diagnosis 
demography 
66 new agents 
11 dtreferralsatt11 smreferralsatt189 
disease_progression 
H-positive risk:  684 710 110 1091 389 95 1101 400 148 58 156 58 
H-negative risk:  710 684 1101 1091 400 389 95 110 156 148 58 58 
New BC onsets:  0
BC status:  4877 123 
BC subtype:  4877 99 24 

clinical_engagement 
diagnosis 
demography 
71 new agents 
9 dtreferralsatt9 smreferralsatt190 
disease_progression 
H-positive risk:  684 714 110 1097 381 96 1099 400 149 56 157 57 
H-negative risk:  714 684 1099 1097 400 381 96 110 157 149 57 56 
New BC onsets:  0
BC status:  4877 123 
BC subtype:  4877 99 24 

clinical_engagement 
diagnosis 
demography 
61 new agents 
13 dtreferralsatt13 smreferralsatt191 
disease_progression 
H-positive risk:  686 707 107 1099 373 98 1107 406 145 56 160 56 
H-negative risk:  707 686 1107 1099 406 373 98 107 160 145 56 56 
New BC onsets:  0
BC status:  4876 124 
BC subtype:  4876 100 24 

clinical_engagement 
diagnosis 
demography 
71 new agents 
8 dtreferralsatt8 smreferralsatt192 
disease_progression 
H-positive risk:  685 702 104 1091 376 100 1113 410 147 55 162 55 
H-negative risk:  702 685 1113 1091 410 376 100 104 162 147 55 55 
New BC onsets:  0
BC status:  4876 124 
BC subtype:  4876 100 24 

clinical_engagement 
diagnosis 
demography 
70 new agents 
8 dtreferralsatt8 smreferralsatt193 
disease_progression 
H-positive risk:  687 698 102 1093 376 98 1109 419 150 52 161 55 
H-negative risk:  698 687 1109 1093 419 376 98 102 161 150 55 52 
New BC onsets:  0
BC status:  4877 123 
BC subtype:  4877 98 25 

clinical_engagement 
diagnosis 
demography 
77 new agents 
8 dtreferralsatt8 smreferralsatt194 
disease_progression 
H-positive risk:  681 701 102 1088 374 94 1104 432 152 57 159 56 
H-negative risk:  701 681 1104 1088 432 374 94 102 159 152 56 57 
New BC onsets:  0
BC status:  4881 119 
BC subtype:  4881 93 26 

clinical_engagement 
diagnosis 
demography 
72 new agents 
17 dtreferralsatt17 smreferralsatt195 
disease_progression 
H-positive risk:  675 697 104 1087 377 94 1107 435 152 56 162 54 
H-negative risk:  697 675 1107 1087 435 377 94 104 162 152 54 56 
New BC onsets:  0
BC status:  4880 120 
BC subtype:  4880 93 27 

clinical_engagement 
diagnosis 
demography 
71 new agents 
12 dtreferralsatt12 smreferralsatt196 
disease_progression 
H-positive risk:  667 694 106 1084 382 93 1100 452 152 53 163 54 
H-negative risk:  694 667 1100 1084 452 382 93 106 163 152 54 53 
New BC onsets:  0
BC status:  4876 124 
BC subtype:  4876 95 29 

clinical_engagement 
diagnosis 
demography 
84 new agents 
10 dtreferralsatt10 smreferralsatt197 
disease_progression 
H-positive risk:  669 694 109 1095 379 91 1101 444 152 54 161 51 
H-negative risk:  694 669 1101 1095 444 379 91 109 161 152 51 54 
New BC onsets:  0
BC status:  4874 126 
BC subtype:  4874 99 27 

clinical_engagement 
diagnosis 
demography 
73 new agents 
7 dtreferralsatt7 smreferralsatt198 
disease_progression 
H-positive risk:  676 698 109 1086 376 91 1103 439 152 55 165 50 
H-negative risk:  698 676 1103 1086 439 376 91 109 165 152 50 55 
New BC onsets:  0
BC status:  4872 128 
BC subtype:  4872 99 29 

clinical_engagement 
diagnosis 
demography 
65 new agents 
13 dtreferralsatt13 smreferralsatt199 
disease_progression 
H-positive risk:  675 694 110 1080 379 90 1104 443 147 57 166 55 
H-negative risk:  694 675 1104 1080 443 379 90 110 166 147 55 57 
New BC onsets:  0
BC status:  4871 129 
BC subtype:  4871 99 30 

clinical_engagement 
diagnosis 
demography 
56 new agents 
15 dtreferralsatt15 smreferralsatt200 
disease_progression 
H-positive risk:  663 692 108 1083 386 89 1104 440 151 59 166 59 
H-negative risk:  692 663 1104 1083 440 386 89 108 166 151 59 59 
New BC onsets:  0
BC status:  4871 129 
BC subtype:  4871 99 30 

clinical_engagement 
diagnosis 
demography 
81 new agents 
13 dtreferralsatt13 smreferralsatt201 
disease_progression 
H-positive risk:  668 688 105 1071 395 90 1099 445 153 61 167 58 
H-negative risk:  688 668 1099 1071 445 395 90 105 167 153 58 61 
New BC onsets:  0
BC status:  4873 127 
BC subtype:  4873 97 30 

clinical_engagement 
diagnosis 
demography 
73 new agents 
13 dtreferralsatt13 smreferralsatt202 
disease_progression 
H-positive risk:  670 690 103 1078 397 94 1091 439 150 62 167 59 
H-negative risk:  690 670 1091 1078 439 397 94 103 167 150 59 62 
New BC onsets:  0
BC status:  4873 127 
BC subtype:  4873 98 29 

clinical_engagement 
diagnosis 
demography 
62 new agents 
11 dtreferralsatt11 smreferralsatt203 
disease_progression 
H-positive risk:  673 688 102 1080 400 95 1082 441 151 63 166 59 
H-negative risk:  688 673 1082 1080 441 400 95 102 166 151 59 63 
New BC onsets:  0
BC status:  4877 123 
BC subtype:  4877 94 29 

clinical_engagement 
diagnosis 
demography 
84 new agents 
7 dtreferralsatt7 smreferralsatt204 
disease_progression 
H-positive risk:  672 687 102 1082 402 95 1083 434 155 63 165 60 
H-negative risk:  687 672 1083 1082 434 402 95 102 165 155 60 63 
New BC onsets:  0
BC status:  4877 123 
BC subtype:  4877 95 28 

clinical_engagement 
diagnosis 
demography 
83 new agents 
12 dtreferralsatt12 smreferralsatt205 
disease_progression 
H-positive risk:  667 689 101 1084 399 89 1090 437 153 68 164 59 
H-negative risk:  689 667 1090 1084 437 399 89 101 164 153 59 68 
New BC onsets:  0
BC status:  4882 118 
BC subtype:  4882 91 27 

clinical_engagement 
diagnosis 
demography 
86 new agents 
12 dtreferralsatt12 smreferralsatt206 
disease_progression 
H-positive risk:  672 694 102 1070 412 88 1087 437 150 69 158 61 
H-negative risk:  694 672 1087 1070 437 412 88 102 158 150 61 69 
New BC onsets:  0
BC status:  4883 117 
BC subtype:  4883 89 28 

clinical_engagement 
diagnosis 
demography 
84 new agents 
13 dtreferralsatt13 smreferralsatt207 
disease_progression 
H-positive risk:  674 691 101 1075 412 88 1093 433 151 64 159 59 
H-negative risk:  691 674 1093 1075 433 412 88 101 159 151 59 64 
New BC onsets:  0
BC status:  4882 118 
BC subtype:  4882 90 28 

clinical_engagement 
diagnosis 
demography 
55 new agents 
9 dtreferralsatt9 smreferralsatt208 
disease_progression 
H-positive risk:  673 690 104 1072 410 87 1094 430 150 66 162 62 
H-negative risk:  690 673 1094 1072 430 410 87 104 162 150 62 66 
New BC onsets:  0
BC status:  4880 120 
BC subtype:  4880 92 28 

clinical_engagement 
diagnosis 
demography 
84 new agents 
9 dtreferralsatt9 smreferralsatt209 
disease_progression 
H-positive risk:  666 688 105 1076 404 84 1097 436 149 69 164 62 
H-negative risk:  688 666 1097 1076 436 404 84 105 164 149 62 69 
New BC onsets:  0
BC status:  4879 121 
BC subtype:  4879 91 30 

clinical_engagement 
diagnosis 
demography 
82 new agents 
11 dtreferralsatt11 smreferralsatt210 
disease_progression 
H-positive risk:  668 681 104 1084 404 82 1099 437 145 72 162 62 
H-negative risk:  681 668 1099 1084 437 404 82 104 162 145 62 72 
New BC onsets:  0
BC status:  4879 121 
BC subtype:  4879 91 30 

clinical_engagement 
diagnosis 
demography 
71 new agents 
15 dtreferralsatt15 smreferralsatt211 
disease_progression 
H-positive risk:  670 679 104 1088 395 86 1108 437 146 66 160 61 
H-negative risk:  679 670 1108 1088 437 395 86 104 160 146 61 66 
New BC onsets:  0
BC status:  4879 121 
BC subtype:  4879 90 31 

clinical_engagement 
diagnosis 
demography 
84 new agents 
14 dtreferralsatt14 smreferralsatt212 
disease_progression 
H-positive risk:  662 678 106 1088 401 89 1111 438 147 62 161 57 
H-negative risk:  678 662 1111 1088 438 401 89 106 161 147 57 62 
New BC onsets:  0
BC status:  4878 122 
BC subtype:  4878 92 30 

clinical_engagement 
diagnosis 
demography 
78 new agents 
14 dtreferralsatt14 smreferralsatt213 
disease_progression 
H-positive risk:  655 672 107 1093 397 87 1120 435 149 63 162 60 
H-negative risk:  672 655 1120 1093 435 397 87 107 162 149 60 63 
New BC onsets:  0
BC status:  4876 124 
BC subtype:  4876 95 29 

clinical_engagement 
diagnosis 
demography 
84 new agents 
8 dtreferralsatt8 smreferralsatt214 
disease_progression 
H-positive risk:  661 669 107 1092 399 88 1115 437 147 66 159 60 
H-negative risk:  669 661 1115 1092 437 399 88 107 159 147 60 66 
New BC onsets:  0
BC status:  4877 123 
BC subtype:  4877 94 29 

clinical_engagement 
diagnosis 
demography 
81 new agents 
7 dtreferralsatt7 smreferralsatt215 
disease_progression 
H-positive risk:  658 668 106 1101 392 87 1122 438 146 65 156 61 
H-negative risk:  668 658 1122 1101 438 392 87 106 156 146 61 65 
New BC onsets:  0
BC status:  4880 120 
BC subtype:  4880 91 29 

clinical_engagement 
diagnosis 
demography 
89 new agents 
13 dtreferralsatt13 smreferralsatt216 
disease_progression 
H-positive risk:  663 665 107 1108 395 85 1114 438 147 60 157 61 
H-negative risk:  665 663 1114 1108 438 395 85 107 157 147 61 60 
New BC onsets:  0
BC status:  4879 121 
BC subtype:  4879 92 29 

clinical_engagement 
diagnosis 
demography 
75 new agents 
10 dtreferralsatt10 smreferralsatt217 
disease_progression 
H-positive risk:  660 665 108 1094 410 84 1107 442 153 62 156 59 
H-negative risk:  665 660 1107 1094 442 410 84 108 156 153 59 62 
New BC onsets:  0
BC status:  4884 116 
BC subtype:  4884 91 25 

clinical_engagement 
diagnosis 
demography 
84 new agents 
2 dtreferralsatt2 smreferralsatt218 
disease_progression 
H-positive risk:  665 662 108 1101 411 84 1111 431 151 63 152 61 
H-negative risk:  662 665 1111 1101 431 411 84 108 152 151 61 63 
New BC onsets:  0
BC status:  4888 112 
BC subtype:  4888 87 25 

clinical_engagement 
diagnosis 
demography 
82 new agents 
6 dtreferralsatt6 smreferralsatt219 
disease_progression 
H-positive risk:  669 662 109 1099 417 86 1100 437 143 64 150 64 
H-negative risk:  662 669 1100 1099 437 417 86 109 150 143 64 64 
New BC onsets:  0
BC status:  4892 108 
BC subtype:  4892 82 26 

clinical_engagement 
diagnosis 
demography 
97 new agents 
10 dtreferralsatt10 smreferralsatt220 
disease_progression 
H-positive risk:  671 657 110 1104 403 88 1099 437 146 66 153 66 
H-negative risk:  657 671 1099 1104 437 403 88 110 153 146 66 66 
New BC onsets:  0
BC status:  4893 107 
BC subtype:  4893 81 26 

clinical_engagement 
diagnosis 
demography 
68 new agents 
10 dtreferralsatt10 smreferralsatt221 
disease_progression 
H-positive risk:  672 654 109 1102 404 88 1098 442 146 67 150 68 
H-negative risk:  654 672 1098 1102 442 404 88 109 150 146 68 67 
New BC onsets:  0
BC status:  4893 107 
BC subtype:  4893 80 27 

clinical_engagement 
diagnosis 
demography 
83 new agents 
8 dtreferralsatt8 smreferralsatt222 
disease_progression 
H-positive risk:  678 653 110 1097 411 89 1094 440 145 65 150 68 
H-negative risk:  653 678 1094 1097 440 411 89 110 150 145 68 65 
New BC onsets:  0
BC status:  4893 107 
BC subtype:  4893 79 28 

clinical_engagement 
diagnosis 
demography 
76 new agents 
8 dtreferralsatt8 smreferralsatt223 
disease_progression 
H-positive risk:  678 649 109 1101 408 88 1095 445 145 63 153 66 
H-negative risk:  649 678 1095 1101 445 408 88 109 153 145 66 63 
New BC onsets:  0
BC status:  4893 107 
BC subtype:  4893 79 28 

clinical_engagement 
diagnosis 
demography 
87 new agents 
19 dtreferralsatt19 smreferralsatt224 
disease_progression 
H-positive risk:  675 647 109 1112 400 86 1093 440 151 67 155 65 
H-negative risk:  647 675 1093 1112 440 400 86 109 155 151 65 67 
New BC onsets:  0
BC status:  4895 105 
BC subtype:  4895 77 28 

clinical_engagement 
diagnosis 
demography 
83 new agents 
11 dtreferralsatt11 smreferralsatt225 
disease_progression 
H-positive risk:  680 651 109 1111 397 87 1093 439 146 68 155 64 
H-negative risk:  651 680 1093 1111 439 397 87 109 155 146 64 68 
New BC onsets:  0
BC status:  4894 106 
BC subtype:  4894 78 28 

clinical_engagement 
diagnosis 
demography 
75 new agents 
9 dtreferralsatt9 smreferralsatt226 
disease_progression 
H-positive risk:  683 655 111 1109 397 84 1095 432 148 69 154 63 
H-negative risk:  655 683 1095 1109 432 397 84 111 154 148 63 69 
New BC onsets:  0
BC status:  4895 105 
BC subtype:  4895 76 29 

clinical_engagement 
diagnosis 
demography 
85 new agents 
8 dtreferralsatt8 smreferralsatt227 
disease_progression 
H-positive risk:  676 647 111 1125 396 84 1106 423 150 68 155 59 
H-negative risk:  647 676 1106 1125 423 396 84 111 155 150 59 68 
New BC onsets:  0
BC status:  4893 107 
BC subtype:  4893 78 29 

clinical_engagement 
diagnosis 
demography 
59 new agents 
13 dtreferralsatt13 smreferralsatt228 
disease_progression 
H-positive risk:  681 637 109 1125 399 87 1104 424 149 70 153 62 
H-negative risk:  637 681 1104 1125 424 399 87 109 153 149 62 70 
New BC onsets:  0
BC status:  4892 108 
BC subtype:  4892 80 28 

clinical_engagement 
diagnosis 
demography 
66 new agents 
11 dtreferralsatt11 smreferralsatt229 
disease_progression 
H-positive risk:  679 630 111 1116 404 84 1103 437 153 68 154 61 
H-negative risk:  630 679 1103 1116 437 404 84 111 154 153 61 68 
New BC onsets:  0
BC status:  4890 110 
BC subtype:  4890 81 29 

clinical_engagement 
diagnosis 
demography 
80 new agents 
8 dtreferralsatt8 smreferralsatt230 
disease_progression 
H-positive risk:  672 627 108 1129 403 85 1107 431 152 68 157 61 
H-negative risk:  627 672 1107 1129 431 403 85 108 157 152 61 68 
New BC onsets:  0
BC status:  4890 110 
BC subtype:  4890 81 29 

clinical_engagement 
diagnosis 
demography 
76 new agents 
14 dtreferralsatt14 smreferralsatt231 
disease_progression 
H-positive risk:  673 638 109 1118 407 85 1105 423 151 70 161 60 
H-negative risk:  638 673 1105 1118 423 407 85 109 161 151 60 70 
New BC onsets:  0
BC status:  4889 111 
BC subtype:  4889 84 27 

clinical_engagement 
diagnosis 
demography 
64 new agents 
8 dtreferralsatt8 smreferralsatt232 
disease_progression 
H-positive risk:  673 631 106 1121 406 84 1108 430 151 70 161 59 
H-negative risk:  631 673 1108 1121 430 406 84 106 161 151 59 70 
New BC onsets:  0
BC status:  4891 109 
BC subtype:  4891 84 25 

clinical_engagement 
diagnosis 
demography 
69 new agents 
8 dtreferralsatt8 smreferralsatt233 
disease_progression 
H-positive risk:  670 630 107 1111 404 87 1112 438 152 70 161 58 
H-negative risk:  630 670 1112 1111 438 404 87 107 161 152 58 70 
New BC onsets:  0
BC status:  4886 114 
BC subtype:  4886 88 26 

clinical_engagement 
diagnosis 
demography 
87 new agents 
14 dtreferralsatt14 smreferralsatt234 
disease_progression 
H-positive risk:  673 635 109 1111 394 89 1101 444 152 71 160 61 
H-negative risk:  635 673 1101 1111 444 394 89 109 160 152 61 71 
New BC onsets:  0
BC status:  4888 112 
BC subtype:  4888 85 27 

clinical_engagement 
diagnosis 
demography 
59 new agents 
16 dtreferralsatt16 smreferralsatt235 
disease_progression 
H-positive risk:  680 634 110 1115 391 89 1091 448 153 69 158 62 
H-negative risk:  634 680 1091 1115 448 391 89 110 158 153 62 69 
New BC onsets:  0
BC status:  4890 110 
BC subtype:  4890 83 27 

clinical_engagement 
diagnosis 
demography 
74 new agents 
10 dtreferralsatt10 smreferralsatt236 
disease_progression 
H-positive risk:  673 641 111 1114 397 89 1089 450 153 68 155 60 
H-negative risk:  641 673 1089 1114 450 397 89 111 155 153 60 68 
New BC onsets:  0
BC status:  4894 106 
BC subtype:  4894 81 25 

clinical_engagement 
diagnosis 
demography 
73 new agents 
8 dtreferralsatt8 smreferralsatt237 
disease_progression 
H-positive risk:  675 647 112 1109 406 89 1076 452 154 66 155 59 
H-negative risk:  647 675 1076 1109 452 406 89 112 155 154 59 66 
New BC onsets:  0
BC status:  4895 105 
BC subtype:  4895 80 25 

clinical_engagement 
diagnosis 
demography 
80 new agents 
10 dtreferralsatt10 smreferralsatt238 
disease_progression 
H-positive risk:  671 651 113 1125 405 88 1079 436 156 65 154 57 
H-negative risk:  651 671 1079 1125 436 405 88 113 154 156 57 65 
New BC onsets:  0
BC status:  4893 107 
BC subtype:  4893 81 26 

clinical_engagement 
diagnosis 
demography 
83 new agents 
6 dtreferralsatt6 smreferralsatt239 
disease_progression 
H-positive risk:  678 647 113 1133 396 89 1073 437 158 65 154 57 
H-negative risk:  647 678 1073 1133 437 396 89 113 154 158 57 65 
New BC onsets:  0
BC status:  4893 107 
BC subtype:  4893 82 25 

clinical_engagement 
diagnosis 
demography 
82 new agents 
10 dtreferralsatt10 smreferralsatt240 
disease_progression 
H-positive risk:  674 653 114 1123 394 91 1088 430 159 64 156 54 
H-negative risk:  653 674 1088 1123 430 394 91 114 156 159 54 64 
New BC onsets:  0
BC status:  4895 105 
BC subtype:  4895 81 24 

clinical_engagement 
diagnosis 
demography 
72 new agents 
5 dtreferralsatt5 smreferralsatt241 
disease_progression 
H-positive risk:  676 647 116 1109 408 93 1085 434 157 63 157 55 
H-negative risk:  647 676 1085 1109 434 408 93 116 157 157 55 63 
New BC onsets:  0
BC status:  4896 104 
BC subtype:  4896 80 24 

clinical_engagement 
diagnosis 
demography 
91 new agents 
8 dtreferralsatt8 smreferralsatt242 
disease_progression 
H-positive risk:  686 645 114 1112 405 93 1082 434 158 62 156 53 
H-negative risk:  645 686 1082 1112 434 405 93 114 156 158 53 62 
New BC onsets:  0
BC status:  4897 103 
BC subtype:  4897 80 23 

clinical_engagement 
diagnosis 
demography 
80 new agents 
9 dtreferralsatt9 smreferralsatt243 
disease_progression 
H-positive risk:  689 649 114 1111 405 93 1067 439 160 64 156 53 
H-negative risk:  649 689 1067 1111 439 405 93 114 156 160 53 64 
New BC onsets:  0
BC status:  4897 103 
BC subtype:  4897 81 22 

clinical_engagement 
diagnosis 
demography 
80 new agents 
7 dtreferralsatt7 smreferralsatt244 
disease_progression 
H-positive risk:  678 647 113 1104 411 93 1071 448 158 65 158 54 
H-negative risk:  647 678 1071 1104 448 411 93 113 158 158 54 65 
New BC onsets:  0
BC status:  4898 102 
BC subtype:  4898 80 22 

clinical_engagement 
diagnosis 
demography 
80 new agents 
6 dtreferralsatt6 smreferralsatt245 
disease_progression 
H-positive risk:  680 641 113 1118 412 91 1068 442 159 65 156 55 
H-negative risk:  641 680 1068 1118 442 412 91 113 156 159 55 65 
New BC onsets:  0
BC status:  4899 101 
BC subtype:  4899 79 22 

clinical_engagement 
diagnosis 
demography 
72 new agents 
13 dtreferralsatt13 smreferralsatt246 
disease_progression 
H-positive risk:  675 645 113 1104 418 88 1073 442 160 66 156 60 
H-negative risk:  645 675 1073 1104 442 418 88 113 156 160 60 66 
New BC onsets:  0
BC status:  4902 98 
BC subtype:  4902 76 22 

clinical_engagement 
diagnosis 
demography 
99 new agents 
18 dtreferralsatt18 smreferralsatt247 
disease_progression 
H-positive risk:  675 648 112 1114 407 92 1079 434 157 64 158 60 
H-negative risk:  648 675 1079 1114 434 407 92 112 158 157 60 64 
New BC onsets:  0
BC status:  4902 98 
BC subtype:  4902 77 21 

clinical_engagement 
diagnosis 
demography 
80 new agents 
16 dtreferralsatt16 smreferralsatt248 
disease_progression 
H-positive risk:  678 644 110 1116 401 94 1076 437 156 66 162 60 
H-negative risk:  644 678 1076 1116 437 401 94 110 162 156 60 66 
New BC onsets:  0
BC status:  4904 96 
BC subtype:  4904 75 21 

clinical_engagement 
diagnosis 
demography 
89 new agents 
15 dtreferralsatt15 smreferralsatt249 
disease_progression 
H-positive risk:  684 644 111 1108 407 96 1074 432 153 71 161 59 
H-negative risk:  644 684 1074 1108 432 407 96 111 161 153 59 71 
New BC onsets:  0
BC status:  4907 93 
BC subtype:  4907 73 20 

clinical_engagement 
diagnosis 
demography 
72 new agents 
18 dtreferralsatt18 smreferralsatt250 
disease_progression 
H-positive risk:  677 642 112 1111 407 96 1078 434 152 71 160 60 
H-negative risk:  642 677 1078 1111 434 407 96 112 160 152 60 71 
New BC onsets:  0
BC status:  4906 94 
BC subtype:  4906 75 19 

clinical_engagement 
diagnosis 
demography 
70 new agents 
8 dtreferralsatt8 smreferralsatt251 
disease_progression 
H-positive risk:  672 651 110 1107 411 96 1085 429 150 67 161 61 
H-negative risk:  651 672 1085 1107 429 411 96 110 161 150 61 67 
New BC onsets:  0
BC status:  4906 94 
BC subtype:  4906 77 17 

clinical_engagement 
diagnosis 
demography 
74 new agents 
12 dtreferralsatt12 smreferralsatt252 
disease_progression 
H-positive risk:  670 648 110 1105 410 96 1093 427 149 69 163 60 
H-negative risk:  648 670 1093 1105 427 410 96 110 163 149 60 69 
New BC onsets:  0
BC status:  4909 91 
BC subtype:  4909 75 16 

clinical_engagement 
diagnosis 
demography 
75 new agents 
10 dtreferralsatt10 smreferralsatt253 
disease_progression 
H-positive risk:  668 647 113 1107 410 97 1097 425 147 67 163 59 
H-negative risk:  647 668 1097 1107 425 410 97 113 163 147 59 67 
New BC onsets:  0
BC status:  4910 90 
BC subtype:  4910 75 15 

clinical_engagement 
diagnosis 
demography 
91 new agents 
11 dtreferralsatt11 smreferralsatt254 
disease_progression 
H-positive risk:  667 644 112 1105 411 99 1103 425 148 65 164 57 
H-negative risk:  644 667 1103 1105 425 411 99 112 164 148 57 65 
New BC onsets:  0
BC status:  4912 88 
BC subtype:  4912 73 15 

clinical_engagement 
diagnosis 
demography 
86 new agents 
9 dtreferralsatt9 smreferralsatt255 
disease_progression 
H-positive risk:  670 637 116 1107 412 96 1101 428 149 65 164 55 
H-negative risk:  637 670 1101 1107 428 412 96 116 164 149 55 65 
New BC onsets:  0
BC status:  4913 87 
BC subtype:  4913 73 14 

clinical_engagement 
diagnosis 
demography 
81 new agents 
12 dtreferralsatt12 smreferralsatt256 
disease_progression 
H-positive risk:  674 641 112 1102 415 98 1102 422 151 63 163 57 
H-negative risk:  641 674 1102 1102 422 415 98 112 163 151 57 63 
New BC onsets:  0
BC status:  4912 88 
BC subtype:  4912 73 15 

clinical_engagement 
diagnosis 
demography 
58 new agents 
12 dtreferralsatt12 smreferralsatt257 
disease_progression 
H-positive risk:  666 641 111 1109 417 100 1102 417 152 64 164 57 
H-negative risk:  641 666 1102 1109 417 417 100 111 164 152 57 64 
New BC onsets:  0
BC status:  4910 90 
BC subtype:  4910 75 15 

clinical_engagement 
diagnosis 
demography 
70 new agents 
12 dtreferralsatt12 smreferralsatt258 
disease_progression 
H-positive risk:  675 641 112 1117 424 102 1085 414 149 59 165 57 
H-negative risk:  641 675 1085 1117 414 424 102 112 165 149 57 59 
New BC onsets:  0
BC status:  4907 93 
BC subtype:  4907 77 16 

clinical_engagement 
diagnosis 
demography 
68 new agents 
6 dtreferralsatt6 smreferralsatt259 
disease_progression 
H-positive risk:  673 640 112 1112 425 101 1081 416 154 62 167 57 
H-negative risk:  640 673 1081 1112 416 425 101 112 167 154 57 62 
New BC onsets:  0
BC status:  4906 94 
BC subtype:  4906 78 16 

clinical_engagement 
diagnosis 
demography 
77 new agents 
7 dtreferralsatt7 smreferralsatt260 
disease_progression 
H-positive risk:  674 647 112 1109 423 101 1082 416 152 62 166 56 
H-negative risk:  647 674 1082 1109 416 423 101 112 166 152 56 62 
New BC onsets:  0
BC status:  4908 92 
BC subtype:  4908 76 16 

clinical_engagement 
diagnosis 
demography 
84 new agents 
18 dtreferralsatt18 smreferralsatt261 
disease_progression 
H-positive risk:  673 646 114 1104 431 104 1078 417 153 60 164 56 
H-negative risk:  646 673 1078 1104 417 431 104 114 164 153 56 60 
New BC onsets:  0
BC status:  4906 94 
BC subtype:  4906 77 17 

clinical_engagement 
diagnosis 
demography 
100 new agents 
3 dtreferralsatt3 smreferralsatt262 
disease_progression 
H-positive risk:  681 652 112 1094 428 103 1086 419 155 57 158 55 
H-negative risk:  652 681 1086 1094 419 428 103 112 158 155 55 57 
New BC onsets:  0
BC status:  4910 90 
BC subtype:  4910 75 15 

clinical_engagement 
diagnosis 
demography 
66 new agents 
12 dtreferralsatt12 smreferralsatt263 
disease_progression 
H-positive risk:  677 654 114 1093 419 103 1094 418 154 60 158 56 
H-negative risk:  654 677 1094 1093 418 419 103 114 158 154 56 60 
New BC onsets:  0
BC status:  4910 90 
BC subtype:  4910 74 16 

clinical_engagement 
diagnosis 
demography 
81 new agents 
9 dtreferralsatt9 smreferralsatt264 
disease_progression 
H-positive risk:  673 659 115 1089 420 105 1089 423 155 60 158 54 
H-negative risk:  659 673 1089 1089 423 420 105 115 158 155 54 60 
New BC onsets:  0
BC status:  4909 91 
BC subtype:  4909 73 18 

clinical_engagement 
diagnosis 
demography 
72 new agents 
8 dtreferralsatt8 smreferralsatt265 
disease_progression 
H-positive risk:  670 665 111 1083 421 104 1087 430 155 60 157 57 
H-negative risk:  665 670 1087 1083 430 421 104 111 157 155 57 60 
New BC onsets:  0
BC status:  4904 96 
BC subtype:  4904 78 18 

clinical_engagement 
diagnosis 
demography 
88 new agents 
9 dtreferralsatt9 smreferralsatt266 
disease_progression 
H-positive risk:  670 662 109 1098 419 103 1086 427 155 61 155 55 
H-negative risk:  662 670 1086 1098 427 419 103 109 155 155 55 61 
New BC onsets:  0
BC status:  4905 95 
BC subtype:  4905 76 19 

clinical_engagement 
diagnosis 
demography 
72 new agents 
12 dtreferralsatt12 smreferralsatt267 
disease_progression 
H-positive risk:  666 656 110 1103 418 102 1083 433 156 60 158 55 
H-negative risk:  656 666 1083 1103 433 418 102 110 158 156 55 60 
New BC onsets:  0
BC status:  4907 93 
BC subtype:  4907 74 19 

clinical_engagement 
diagnosis 
demography 
74 new agents 
11 dtreferralsatt11 smreferralsatt268 
disease_progression 
H-positive risk:  667 667 111 1100 421 103 1070 435 155 59 157 55 
H-negative risk:  667 667 1070 1100 435 421 103 111 157 155 55 59 
New BC onsets:  0
BC status:  4907 93 
BC subtype:  4907 74 19 

clinical_engagement 
diagnosis 
demography 
60 new agents 
11 dtreferralsatt11 smreferralsatt269 
disease_progression 
H-positive risk:  668 664 111 1107 417 105 1063 442 152 57 157 57 
H-negative risk:  664 668 1063 1107 442 417 105 111 157 152 57 57 
New BC onsets:  0
BC status:  4906 94 
BC subtype:  4906 75 19 

clinical_engagement 
diagnosis 
demography 
77 new agents 
12 dtreferralsatt12 smreferralsatt270 
disease_progression 
H-positive risk:  672 669 109 1106 421 102 1057 441 155 56 155 57 
H-negative risk:  669 672 1057 1106 441 421 102 109 155 155 57 56 
New BC onsets:  0
BC status:  4905 95 
BC subtype:  4905 76 19 

clinical_engagement 
diagnosis 
demography 
82 new agents 
10 dtreferralsatt10 smreferralsatt271 
disease_progression 
H-positive risk:  663 673 110 1111 415 103 1063 432 157 58 156 59 
H-negative risk:  673 663 1063 1111 432 415 103 110 156 157 59 58 
New BC onsets:  0
BC status:  4907 93 
BC subtype:  4907 74 19 

clinical_engagement 
diagnosis 
demography 
86 new agents 
16 dtreferralsatt16 smreferralsatt272 
disease_progression 
H-positive risk:  665 663 112 1109 419 101 1065 429 159 60 156 62 
H-negative risk:  663 665 1065 1109 429 419 101 112 156 159 62 60 
New BC onsets:  0
BC status:  4906 94 
BC subtype:  4906 74 20 

clinical_engagement 
diagnosis 
demography 
73 new agents 
8 dtreferralsatt8 smreferralsatt273 
disease_progression 
H-positive risk:  656 668 110 1119 424 103 1058 428 159 60 158 57 
H-negative risk:  668 656 1058 1119 428 424 103 110 158 159 57 60 
New BC onsets:  0
BC status:  4901 99 
BC subtype:  4901 79 20 

clinical_engagement 
diagnosis 
demography 
73 new agents 
17 dtreferralsatt17 smreferralsatt274 
disease_progression 
H-positive risk:  652 665 110 1125 423 105 1046 437 159 61 159 58 
H-negative risk:  665 652 1046 1125 437 423 105 110 159 159 58 61 
New BC onsets:  0
BC status:  4902 98 
BC subtype:  4902 78 20 

clinical_engagement 
diagnosis 
demography 
77 new agents 
12 dtreferralsatt12 smreferralsatt275 
disease_progression 
H-positive risk:  653 661 109 1125 432 105 1040 435 159 62 161 58 
H-negative risk:  661 653 1040 1125 435 432 105 109 161 159 58 62 
New BC onsets:  0
BC status:  4902 98 
BC subtype:  4902 78 20 

clinical_engagement 
diagnosis 
demography 
76 new agents 
5 dtreferralsatt5 smreferralsatt276 
disease_progression 
H-positive risk:  654 662 107 1124 426 106 1048 438 158 58 160 59 
H-negative risk:  662 654 1048 1124 438 426 106 107 160 158 59 58 
New BC onsets:  0
BC status:  4903 97 
BC subtype:  4903 77 20 

clinical_engagement 
diagnosis 
demography 
76 new agents 
12 dtreferralsatt12 smreferralsatt277 
disease_progression 
H-positive risk:  662 662 106 1112 428 107 1044 445 154 62 158 60 
H-negative risk:  662 662 1044 1112 445 428 107 106 158 154 60 62 
New BC onsets:  0
BC status:  4902 98 
BC subtype:  4902 78 20 

clinical_engagement 
diagnosis 
demography 
95 new agents 
12 dtreferralsatt12 smreferralsatt278 
disease_progression 
H-positive risk:  662 666 108 1110 427 107 1041 439 156 63 162 59 
H-negative risk:  666 662 1041 1110 439 427 107 108 162 156 59 63 
New BC onsets:  0
BC status:  4901 99 
BC subtype:  4901 78 21 

clinical_engagement 
diagnosis 
demography 
70 new agents 
9 dtreferralsatt9 smreferralsatt279 
disease_progression 
H-positive risk:  657 657 107 1116 430 107 1041 440 157 62 166 60 
H-negative risk:  657 657 1041 1116 440 430 107 107 166 157 60 62 
New BC onsets:  0
BC status:  4897 103 
BC subtype:  4897 78 25 

clinical_engagement 
diagnosis 
demography 
80 new agents 
13 dtreferralsatt13 smreferralsatt280 
disease_progression 
H-positive risk:  659 656 104 1118 432 109 1036 438 153 63 173 59 
H-negative risk:  656 659 1036 1118 438 432 109 104 173 153 59 63 
New BC onsets:  0
BC status:  4898 102 
BC subtype:  4898 77 25 

clinical_engagement 
diagnosis 
demography 
76 new agents 
5 dtreferralsatt5 smreferralsatt281 
disease_progression 
H-positive risk:  662 656 106 1122 426 109 1035 434 156 63 173 58 
H-negative risk:  656 662 1035 1122 434 426 109 106 173 156 58 63 
New BC onsets:  0
BC status:  4901 99 
BC subtype:  4901 74 25 

clinical_engagement 
diagnosis 
demography 
94 new agents 
14 dtreferralsatt14 smreferralsatt282 
disease_progression 
H-positive risk:  664 655 103 1124 425 108 1037 428 157 66 175 58 
H-negative risk:  655 664 1037 1124 428 425 108 103 175 157 58 66 
New BC onsets:  0
BC status:  4902 98 
BC subtype:  4902 73 25 

clinical_engagement 
diagnosis 
demography 
85 new agents 
12 dtreferralsatt12 smreferralsatt283 
disease_progression 
H-positive risk:  667 656 102 1130 423 107 1039 426 159 62 173 56 
H-negative risk:  656 667 1039 1130 426 423 107 102 173 159 56 62 
New BC onsets:  0
BC status:  4904 96 
BC subtype:  4904 70 26 

clinical_engagement 
diagnosis 
demography 
77 new agents 
11 dtreferralsatt11 smreferralsatt284 
disease_progression 
H-positive risk:  677 653 101 1127 424 107 1048 416 158 62 172 55 
H-negative risk:  653 677 1048 1127 416 424 107 101 172 158 55 62 
New BC onsets:  0
BC status:  4906 94 
BC subtype:  4906 69 25 

clinical_engagement 
diagnosis 
demography 
69 new agents 
10 dtreferralsatt10 smreferralsatt285 
disease_progression 
H-positive risk:  678 645 99 1131 420 105 1059 423 153 62 166 59 
H-negative risk:  645 678 1059 1131 423 420 105 99 166 153 59 62 
New BC onsets:  0
BC status:  4909 91 
BC subtype:  4909 68 23 

clinical_engagement 
diagnosis 
demography 
68 new agents 
15 dtreferralsatt15 smreferralsatt286 
disease_progression 
H-positive risk:  688 640 98 1121 430 101 1055 423 155 62 166 61 
H-negative risk:  640 688 1055 1121 423 430 101 98 166 155 61 62 
New BC onsets:  0
BC status:  4908 92 
BC subtype:  4908 69 23 

clinical_engagement 
diagnosis 
demography 
75 new agents 
13 dtreferralsatt13 smreferralsatt287 
disease_progression 
H-positive risk:  694 643 98 1123 424 101 1051 427 150 62 166 61 
H-negative risk:  643 694 1051 1123 427 424 101 98 166 150 61 62 
New BC onsets:  0
BC status:  4907 93 
BC subtype:  4907 71 22 

clinical_engagement 
diagnosis 
demography 
89 new agents 
17 dtreferralsatt17 smreferralsatt288 
disease_progression 
H-positive risk:  692 650 97 1116 420 101 1063 418 151 58 169 65 
H-negative risk:  650 692 1063 1116 418 420 101 97 169 151 65 58 
New BC onsets:  0
BC status:  4907 93 
BC subtype:  4907 71 22 

clinical_engagement 
diagnosis 
demography 
59 new agents 
9 dtreferralsatt9 smreferralsatt289 
disease_progression 
H-positive risk:  684 650 98 1124 414 98 1064 423 154 57 168 66 
H-negative risk:  650 684 1064 1124 423 414 98 98 168 154 66 57 
New BC onsets:  0
BC status:  4911 89 
BC subtype:  4911 67 22 

clinical_engagement 
diagnosis 
demography 
85 new agents 
19 dtreferralsatt19 smreferralsatt290 
disease_progression 
H-positive risk:  679 653 102 1123 407 98 1076 417 157 54 167 67 
H-negative risk:  653 679 1076 1123 417 407 98 102 167 157 67 54 
New BC onsets:  0
BC status:  4912 88 
BC subtype:  4912 66 22 

clinical_engagement 
diagnosis 
demography 
65 new agents 
12 dtreferralsatt12 smreferralsatt291 
disease_progression 
H-positive risk:  680 658 100 1125 409 96 1070 423 155 52 164 68 
H-negative risk:  658 680 1070 1125 423 409 96 100 164 155 68 52 
New BC onsets:  0
BC status:  4912 88 
BC subtype:  4912 66 22 

clinical_engagement 
diagnosis 
demography 
70 new agents 
11 dtreferralsatt11 smreferralsatt292 
disease_progression 
H-positive risk:  684 646 97 1128 408 98 1069 429 155 58 164 64 
H-negative risk:  646 684 1069 1128 429 408 98 97 164 155 64 58 
New BC onsets:  0
BC status:  4915 85 
BC subtype:  4915 62 23 

clinical_engagement 
diagnosis 
demography 
83 new agents 
10 dtreferralsatt10 smreferralsatt293 
disease_progression 
H-positive risk:  687 651 93 1117 414 100 1071 423 154 57 168 65 
H-negative risk:  651 687 1071 1117 423 414 100 93 168 154 65 57 
New BC onsets:  0
BC status:  4911 89 
BC subtype:  4911 63 26 

clinical_engagement 
diagnosis 
demography 
64 new agents 
7 dtreferralsatt7 smreferralsatt294 
disease_progression 
H-positive risk:  679 654 92 1120 415 107 1077 417 154 57 167 61 
H-negative risk:  654 679 1077 1120 417 415 107 92 167 154 61 57 
New BC onsets:  0
BC status:  4911 89 
BC subtype:  4911 63 26 

clinical_engagement 
diagnosis 
demography 
90 new agents 
7 dtreferralsatt7 smreferralsatt295 
disease_progression 
H-positive risk:  683 657 93 1118 419 101 1080 413 156 56 163 61 
H-negative risk:  657 683 1080 1118 413 419 101 93 163 156 61 56 
New BC onsets:  0
BC status:  4912 88 
BC subtype:  4912 63 25 

clinical_engagement 
diagnosis 
demography 
78 new agents 
8 dtreferralsatt8 smreferralsatt296 
disease_progression 
H-positive risk:  679 665 92 1124 415 103 1078 406 158 58 162 60 
H-negative risk:  665 679 1078 1124 406 415 103 92 162 158 60 58 
New BC onsets:  0
BC status:  4913 87 
BC subtype:  4913 63 24 

clinical_engagement 
diagnosis 
demography 
79 new agents 
14 dtreferralsatt14 smreferralsatt297 
disease_progression 
H-positive risk:  678 674 89 1123 418 100 1083 395 159 56 164 61 
H-negative risk:  674 678 1083 1123 395 418 100 89 164 159 61 56 
New BC onsets:  0
BC status:  4911 89 
BC subtype:  4911 64 25 

clinical_engagement 
diagnosis 
demography 
70 new agents 
8 dtreferralsatt8 smreferralsatt298 
disease_progression 
H-positive risk:  676 677 92 1124 418 101 1076 394 160 56 167 59 
H-negative risk:  677 676 1076 1124 394 418 101 92 167 160 59 56 
New BC onsets:  0
BC status:  4911 89 
BC subtype:  4911 64 25 

clinical_engagement 
diagnosis 
demography 
76 new agents 
9 dtreferralsatt9 smreferralsatt299 
disease_progression 
H-positive risk:  677 675 89 1131 413 101 1078 389 158 58 170 61 
H-negative risk:  675 677 1078 1131 389 413 101 89 170 158 61 58 
New BC onsets:  0
BC status:  4911 89 
BC subtype:  4911 65 24 

clinical_engagement 
diagnosis 
demography 
73 new agents 
13 dtreferralsatt13 smreferralsatt300 
disease_progression 
H-positive risk:  669 670 89 1131 423 98 1068 400 160 62 170 60 
H-negative risk:  670 669 1068 1131 400 423 98 89 170 160 60 62 
New BC onsets:  0
BC status:  4912 88 
BC subtype:  4912 64 24 

clinical_engagement 
diagnosis 
demography 
77 new agents 
7 dtreferralsatt7 smreferralsattTime difference of 17.65073 mins
This is task 17
date
