date
Note that the current default version of R is 3.6.1.
Loading required package: network
network: Classes for Relational Data
Version 1.15 created on 2019-04-01.
copyright (c) 2005, Carter T. Butts, University of California-Irvine
                    Mark S. Handcock, University of California -- Los Angeles
                    David R. Hunter, Penn State University
                    Martina Morris, University of Washington
                    Skye Bender-deMoll, University of Washington
 For citation information, type citation("network").
 Type help("network-package") to get started.


networkDynamic: version 0.10.0, created on 2019-04-04
Copyright (c) 2019, Carter T. Butts, University of California -- Irvine
                    Ayn Leslie-Cook, University of Washington
                    Pavel N. Krivitsky, University of Wollongong
                    Skye Bender-deMoll, University of Washington
                    with contributions from
                    Zack Almquist, University of California -- Irvine
                    David R. Hunter, Penn State University
                    Li Wang
                    Kirk Li, University of Washington
                    Steven M. Goodreau, University of Washington
                    Jeffrey Horner
                    Martina Morris, University of Washington
Based on "statnet" project software (statnet.org).
For license and citation information see statnet.org/attribution
or type citation("networkDynamic").

Loading required package: statnet.common

Attaching package: 'statnet.common'

The following object is masked from 'package:base':

    order

sna: Tools for Social Network Analysis
Version 2.4 created on 2016-07-23.
copyright (c) 2005, Carter T. Butts, University of California-Irvine
 For citation information, type citation("sna").
 Type help(package="sna") to get started.


ergm: version 3.10.4, created on 2019-06-10
Copyright (c) 2019, Mark S. Handcock, University of California -- Los Angeles
                    David R. Hunter, Penn State University
                    Carter T. Butts, University of California -- Irvine
                    Steven M. Goodreau, University of Washington
                    Pavel N. Krivitsky, University of Wollongong
                    Martina Morris, University of Washington
                    with contributions from
                    Li Wang
                    Kirk Li, University of Washington
                    Skye Bender-deMoll, University of Washington
                    Chad Klumb
Based on "statnet" project software (statnet.org).
For license and citation information see statnet.org/attribution
or type citation("ergm").

NOTE: Versions before 3.6.1 had a bug in the implementation of the bd()
constriant which distorted the sampled distribution somewhat. In
addition, Sampson's Monks datasets had mislabeled vertices. See the
NEWS and the documentation for more details.

NOTE: Some common term arguments pertaining to vertex attribute and
level selection have changed in 3.10.0. See terms help for more
details. Use 'options(ergm.term=list(version="3.9.4"))' to use old
behavior.


tergm: version 3.6.1, created on 2019-06-12
Copyright (c) 2019, Pavel N. Krivitsky, University of Wollongong
                    Mark S. Handcock, University of California -- Los Angeles
                    with contributions from
                    David R. Hunter, Penn State University
                    Steven M. Goodreau, University of Washington
                    Martina Morris, University of Washington
                    Nicole Bohme Carnegie, New York University
                    Carter T. Butts, University of California -- Irvine
                    Ayn Leslie-Cook, University of Washington
                    Skye Bender-deMoll
                    Li Wang
                    Kirk Li, University of Washington
Based on "statnet" project software (statnet.org).
For license and citation information see statnet.org/attribution
or type citation("tergm").

Starting maximum pseudolikelihood estimation (MPLE):
Evaluating the predictor and response matrix.
Maximizing the pseudolikelihood.
Finished MPLE.
Starting Monte Carlo maximum likelihood estimation (MCMLE):
Iteration 1 of at most 500:
Optimizing with step length 0.36409497837402.
The log-likelihood improved by 2.551.
Iteration 2 of at most 500:
Optimizing with step length 0.698300903986838.
The log-likelihood improved by 2.499.
Iteration 3 of at most 500:
Optimizing with step length 1.
The log-likelihood improved by 0.4774.
Step length converged once. Increasing MCMC sample size.
Iteration 4 of at most 500:
Optimizing with step length 1.
The log-likelihood improved by 0.181.
Step length converged twice. Stopping.
Finished MCMLE.
This model was fit using MCMC.  To examine model diagnostics and check
for degeneracy, use the mcmc.diagnostics() function.
 degree0  degree1  degree2  degree3  degree4  degree5  degree6  degree7 
       2       20     1266     1022      789      354      352      343 
 degree8  degree9 degree10 degree11 degree12 degree13 degree14 degree15 
     287      225      146       81       61       31       12        6 
degree16 
       3 
1 
disease_progression 
H-positive risk:  863 886 119 857 425 117 914 440 115 56 142 66 
H-negative risk:  886 863 914 857 440 425 117 119 142 115 66 56 
New BC onsets:  0
BC status:  4999 1 
BC subtype:  4999 1 

clinical_engagement 
diagnosis 
demography 
76 new agents 
1 dtreferralsatt1 smreferralsatt2 
disease_progression 
H-positive risk:  869 898 120 857 415 116 914 435 113 55 143 65 
H-negative risk:  898 869 914 857 435 415 116 120 143 113 65 55 
New BC onsets:  0
BC status:  4994 6 
BC subtype:  4994 3 3 

clinical_engagement 
diagnosis 
demography 
56 new agents 
0 dtreferralsatt0 smreferralsatt3 
disease_progression 
H-positive risk:  877 899 121 862 411 116 904 437 113 55 141 64 
H-negative risk:  899 877 904 862 437 411 116 121 141 113 64 55 
New BC onsets:  0
BC status:  4993 7 
BC subtype:  4993 3 4 

clinical_engagement 
diagnosis 
demography 
58 new agents 
1 dtreferralsatt1 smreferralsatt4 
disease_progression 
H-positive risk:  888 905 121 866 410 118 895 430 109 55 140 63 
H-negative risk:  905 888 895 866 430 410 118 121 140 109 63 55 
New BC onsets:  0
BC status:  4993 7 
BC subtype:  4993 5 2 

clinical_engagement 
diagnosis 
demography 
71 new agents 
3 dtreferralsatt3 smreferralsatt5 
disease_progression 
H-positive risk:  895 910 122 869 406 117 891 420 108 59 142 61 
H-negative risk:  910 895 891 869 420 406 117 122 142 108 61 59 
New BC onsets:  0
BC status:  4992 8 
BC subtype:  4992 6 2 

clinical_engagement 
diagnosis 
demography 
58 new agents 
5 dtreferralsatt5 smreferralsatt6 
disease_progression 
H-positive risk:  893 915 120 877 403 121 891 415 107 58 141 59 
H-negative risk:  915 893 891 877 415 403 121 120 141 107 59 58 
New BC onsets:  0
BC status:  4989 11 
BC subtype:  4989 6 5 

clinical_engagement 
diagnosis 
demography 
61 new agents 
7 dtreferralsatt7 smreferralsatt7 
disease_progression 
H-positive risk:  899 915 118 877 399 122 896 413 103 60 138 60 
H-negative risk:  915 899 896 877 413 399 122 118 138 103 60 60 
New BC onsets:  0
BC status:  4988 12 
BC subtype:  4988 7 5 

clinical_engagement 
diagnosis 
demography 
54 new agents 
6 dtreferralsatt6 smreferralsatt8 
disease_progression 
H-positive risk:  907 912 119 879 398 123 889 414 102 60 138 59 
H-negative risk:  912 907 889 879 414 398 123 119 138 102 59 60 
New BC onsets:  0
BC status:  4981 19 
BC subtype:  4981 12 7 

clinical_engagement 
diagnosis 
demography 
58 new agents 
6 dtreferralsatt6 smreferralsatt9 
disease_progression 
H-positive risk:  910 918 120 877 400 124 880 413 104 60 137 57 
H-negative risk:  918 910 880 877 413 400 124 120 137 104 57 60 
New BC onsets:  0
BC status:  4979 21 
BC subtype:  4979 13 8 

clinical_engagement 
diagnosis 
demography 
52 new agents 
5 dtreferralsatt5 smreferralsatt10 
disease_progression 
H-positive risk:  909 923 121 877 394 126 886 411 103 57 137 56 
H-negative risk:  923 909 886 877 411 394 126 121 137 103 56 57 
New BC onsets:  0
BC status:  4978 22 
BC subtype:  4978 14 8 

clinical_engagement 
diagnosis 
demography 
48 new agents 
7 dtreferralsatt7 smreferralsatt11 
disease_progression 
H-positive risk:  913 932 121 873 392 126 882 410 105 57 131 58 
H-negative risk:  932 913 882 873 410 392 126 121 131 105 58 57 
New BC onsets:  0
BC status:  4978 22 
BC subtype:  4978 14 8 

clinical_engagement 
diagnosis 
demography 
61 new agents 
7 dtreferralsatt7 smreferralsatt12 
disease_progression 
H-positive risk:  918 939 121 879 381 127 882 407 102 57 129 58 
H-negative risk:  939 918 882 879 407 381 127 121 129 102 58 57 
New BC onsets:  0
BC status:  4978 22 
BC subtype:  4978 15 7 

clinical_engagement 
diagnosis 
demography 
58 new agents 
7 dtreferralsatt7 smreferralsatt13 
disease_progression 
H-positive risk:  831 855 112 966 379 118 971 403 112 58 138 57 
H-negative risk:  855 831 971 966 403 379 118 112 138 112 57 58 
New BC onsets:  0
BC status:  4979 21 
BC subtype:  4979 14 7 

clinical_engagement 
diagnosis 
demography 
221 new agents 
11 dtreferralsatt11 smreferralsatt14 
disease_progression 
H-positive risk:  857 882 116 920 390 123 937 416 103 69 130 57 
H-negative risk:  882 857 937 920 416 390 123 116 130 103 57 69 
New BC onsets:  0
BC status:  4975 25 
BC subtype:  4975 17 8 

clinical_engagement 
diagnosis 
demography 
61 new agents 
10 dtreferralsatt10 smreferralsatt15 
disease_progression 
H-positive risk:  862 887 118 922 387 123 931 412 103 70 129 56 
H-negative risk:  887 862 931 922 412 387 123 118 129 103 56 70 
New BC onsets:  0
BC status:  4972 28 
BC subtype:  4972 17 11 

clinical_engagement 
diagnosis 
demography 
59 new agents 
11 dtreferralsatt11 smreferralsatt16 
disease_progression 
H-positive risk:  869 884 119 918 389 123 931 409 106 68 127 57 
H-negative risk:  884 869 931 918 409 389 123 119 127 106 57 68 
New BC onsets:  0
BC status:  4969 31 
BC subtype:  4969 20 11 

clinical_engagement 
diagnosis 
demography 
58 new agents 
4 dtreferralsatt4 smreferralsatt17 
disease_progression 
H-positive risk:  874 882 120 915 386 126 932 407 105 68 128 57 
H-negative risk:  882 874 932 915 407 386 126 120 128 105 57 68 
New BC onsets:  0
BC status:  4966 34 
BC subtype:  4966 22 12 

clinical_engagement 
diagnosis 
demography 
45 new agents 
15 dtreferralsatt15 smreferralsatt18 
disease_progression 
H-positive risk:  876 888 123 908 385 128 929 405 104 68 128 58 
H-negative risk:  888 876 929 908 405 385 128 123 128 104 58 68 
New BC onsets:  0
BC status:  4966 34 
BC subtype:  4966 22 12 

clinical_engagement 
diagnosis 
demography 
68 new agents 
4 dtreferralsatt4 smreferralsatt19 
disease_progression 
H-positive risk:  885 892 122 912 383 126 925 398 103 67 130 57 
H-negative risk:  892 885 925 912 398 383 126 122 130 103 57 67 
New BC onsets:  0
BC status:  4964 36 
BC subtype:  4964 23 13 

clinical_engagement 
diagnosis 
demography 
54 new agents 
11 dtreferralsatt11 smreferralsatt20 
disease_progression 
H-positive risk:  890 893 123 911 375 126 926 394 106 66 132 58 
H-negative risk:  893 890 926 911 394 375 126 123 132 106 58 66 
New BC onsets:  0
BC status:  4962 38 
BC subtype:  4962 24 14 

clinical_engagement 
diagnosis 
demography 
71 new agents 
13 dtreferralsatt13 smreferralsatt21 
disease_progression 
H-positive risk:  899 902 122 906 372 129 921 390 108 66 127 58 
H-negative risk:  902 899 921 906 390 372 129 122 127 108 58 66 
New BC onsets:  0
BC status:  4961 39 
BC subtype:  4961 26 13 

clinical_engagement 
diagnosis 
demography 
69 new agents 
10 dtreferralsatt10 smreferralsatt22 
disease_progression 
H-positive risk:  904 907 122 908 365 127 921 389 106 65 129 57 
H-negative risk:  907 904 921 908 389 365 127 122 129 106 57 65 
New BC onsets:  0
BC status:  4958 42 
BC subtype:  4958 29 13 

clinical_engagement 
diagnosis 
demography 
62 new agents 
13 dtreferralsatt13 smreferralsatt23 
disease_progression 
H-positive risk:  902 906 126 910 359 128 924 390 108 63 128 56 
H-negative risk:  906 902 924 910 390 359 128 126 128 108 56 63 
New BC onsets:  0
BC status:  4956 44 
BC subtype:  4956 30 14 

clinical_engagement 
diagnosis 
demography 
61 new agents 
5 dtreferralsatt5 smreferralsatt24 
disease_progression 
H-positive risk:  908 907 129 907 358 128 922 390 109 61 128 53 
H-negative risk:  907 908 922 907 390 358 128 129 128 109 53 61 
New BC onsets:  0
BC status:  4954 46 
BC subtype:  4954 32 14 

clinical_engagement 
diagnosis 
demography 
62 new agents 
9 dtreferralsatt9 smreferralsatt25 
disease_progression 
H-positive risk:  841 826 119 982 363 121 994 392 114 60 135 53 
H-negative risk:  826 841 994 982 392 363 121 119 135 114 53 60 
New BC onsets:  0
BC status:  4955 45 
BC subtype:  4955 30 15 

clinical_engagement 
diagnosis 
demography 
179 new agents 
5 dtreferralsatt5 smreferralsatt26 
disease_progression 
H-positive risk:  869 846 122 933 387 125 927 439 112 58 123 59 
H-negative risk:  846 869 927 933 439 387 125 122 123 112 59 58 
New BC onsets:  0
BC status:  4955 45 
BC subtype:  4955 30 15 

clinical_engagement 
diagnosis 
demography 
72 new agents 
5 dtreferralsatt5 smreferralsatt27 
disease_progression 
H-positive risk:  870 851 122 926 386 126 930 437 112 58 122 60 
H-negative risk:  851 870 930 926 437 386 126 122 122 112 60 58 
New BC onsets:  0
BC status:  4954 46 
BC subtype:  4954 31 15 

clinical_engagement 
diagnosis 
demography 
62 new agents 
5 dtreferralsatt5 smreferralsatt28 
disease_progression 
H-positive risk:  872 862 121 930 382 127 923 432 110 56 124 61 
H-negative risk:  862 872 923 930 432 382 127 121 124 110 61 56 
New BC onsets:  0
BC status:  4955 45 
BC subtype:  4955 30 15 

clinical_engagement 
diagnosis 
demography 
58 new agents 
3 dtreferralsatt3 smreferralsatt29 
disease_progression 
H-positive risk:  876 867 120 929 378 128 920 428 111 55 125 63 
H-negative risk:  867 876 920 929 428 378 128 120 125 111 63 55 
New BC onsets:  0
BC status:  4952 48 
BC subtype:  4952 31 17 

clinical_engagement 
diagnosis 
demography 
58 new agents 
8 dtreferralsatt8 smreferralsatt30 
disease_progression 
H-positive risk:  877 868 121 925 373 128 923 430 112 54 126 63 
H-negative risk:  868 877 923 925 430 373 128 121 126 112 63 54 
New BC onsets:  0
BC status:  4953 47 
BC subtype:  4953 30 17 

clinical_engagement 
diagnosis 
demography 
61 new agents 
12 dtreferralsatt12 smreferralsatt31 
disease_progression 
H-positive risk:  886 868 123 927 366 129 916 430 114 55 124 62 
H-negative risk:  868 886 916 927 430 366 129 123 124 114 62 55 
New BC onsets:  0
BC status:  4950 50 
BC subtype:  4950 32 18 

clinical_engagement 
diagnosis 
demography 
61 new agents 
16 dtreferralsatt16 smreferralsatt32 
disease_progression 
H-positive risk:  885 874 127 919 372 128 912 426 112 56 126 63 
H-negative risk:  874 885 912 919 426 372 128 127 126 112 63 56 
New BC onsets:  0
BC status:  4948 52 
BC subtype:  4948 34 18 

clinical_engagement 
diagnosis 
demography 
59 new agents 
10 dtreferralsatt10 smreferralsatt33 
disease_progression 
H-positive risk:  885 878 129 917 366 129 911 426 110 57 127 65 
H-negative risk:  878 885 911 917 426 366 129 129 127 110 65 57 
New BC onsets:  0
BC status:  4946 54 
BC subtype:  4946 36 18 

clinical_engagement 
diagnosis 
demography 
68 new agents 
10 dtreferralsatt10 smreferralsatt34 
disease_progression 
H-positive risk:  886 883 129 915 364 131 910 420 113 56 127 66 
H-negative risk:  883 886 910 915 420 364 131 129 127 113 66 56 
New BC onsets:  0
BC status:  4944 56 
BC subtype:  4944 37 19 

clinical_engagement 
diagnosis 
demography 
57 new agents 
8 dtreferralsatt8 smreferralsatt35 
disease_progression 
H-positive risk:  889 882 131 912 366 132 909 415 112 57 130 65 
H-negative risk:  882 889 909 912 415 366 132 131 130 112 65 57 
New BC onsets:  0
BC status:  4943 57 
BC subtype:  4943 38 19 

clinical_engagement 
diagnosis 
demography 
53 new agents 
5 dtreferralsatt5 smreferralsatt36 
disease_progression 
H-positive risk:  891 886 132 911 365 131 906 413 112 57 130 66 
H-negative risk:  886 891 906 911 413 365 131 132 130 112 66 57 
New BC onsets:  0
BC status:  4942 58 
BC subtype:  4942 39 19 

clinical_engagement 
diagnosis 
demography 
61 new agents 
9 dtreferralsatt9 smreferralsatt37 
disease_progression 
H-positive risk:  825 815 129 976 364 128 978 407 119 57 134 68 
H-negative risk:  815 825 978 976 407 364 128 129 134 119 68 57 
New BC onsets:  0
BC status:  4938 62 
BC subtype:  4938 41 21 

clinical_engagement 
diagnosis 
demography 
155 new agents 
16 dtreferralsatt16 smreferralsatt38 
disease_progression 
H-positive risk:  841 826 131 953 380 136 951 404 119 57 132 70 
H-negative risk:  826 841 951 953 404 380 136 131 132 119 70 57 
New BC onsets:  0
BC status:  4935 65 
BC subtype:  4935 44 21 

clinical_engagement 
diagnosis 
demography 
77 new agents 
16 dtreferralsatt16 smreferralsatt39 
disease_progression 
H-positive risk:  845 834 132 950 380 136 946 400 121 56 131 69 
H-negative risk:  834 845 946 950 400 380 136 132 131 121 69 56 
New BC onsets:  0
BC status:  4934 66 
BC subtype:  4934 45 21 

clinical_engagement 
diagnosis 
demography 
59 new agents 
20 dtreferralsatt20 smreferralsatt40 
disease_progression 
H-positive risk:  840 832 133 955 377 138 950 404 121 52 131 67 
H-negative risk:  832 840 950 955 404 377 138 133 131 121 67 52 
New BC onsets:  0
BC status:  4934 66 
BC subtype:  4934 46 20 

clinical_engagement 
diagnosis 
demography 
70 new agents 
10 dtreferralsatt10 smreferralsatt41 
disease_progression 
H-positive risk:  846 833 132 958 374 137 946 403 122 52 129 68 
H-negative risk:  833 846 946 958 403 374 137 132 129 122 68 52 
New BC onsets:  0
BC status:  4935 65 
BC subtype:  4935 45 20 

clinical_engagement 
diagnosis 
demography 
64 new agents 
10 dtreferralsatt10 smreferralsatt42 
disease_progression 
H-positive risk:  851 837 131 970 369 140 935 400 121 54 125 67 
H-negative risk:  837 851 935 970 400 369 140 131 125 121 67 54 
New BC onsets:  0
BC status:  4933 67 
BC subtype:  4933 47 20 

clinical_engagement 
diagnosis 
demography 
68 new agents 
10 dtreferralsatt10 smreferralsatt43 
disease_progression 
H-positive risk:  856 837 132 978 366 141 932 397 120 52 124 65 
H-negative risk:  837 856 932 978 397 366 141 132 124 120 65 52 
New BC onsets:  0
BC status:  4933 67 
BC subtype:  4933 47 20 

clinical_engagement 
diagnosis 
demography 
67 new agents 
9 dtreferralsatt9 smreferralsatt44 
disease_progression 
H-positive risk:  855 847 130 969 371 140 938 393 120 52 123 62 
H-negative risk:  847 855 938 969 393 371 140 130 123 120 62 52 
New BC onsets:  0
BC status:  4930 70 
BC subtype:  4930 50 20 

clinical_engagement 
diagnosis 
demography 
65 new agents 
8 dtreferralsatt8 smreferralsatt45 
disease_progression 
H-positive risk:  858 846 132 968 369 141 941 390 121 50 123 61 
H-negative risk:  846 858 941 968 390 369 141 132 123 121 61 50 
New BC onsets:  0
BC status:  4928 72 
BC subtype:  4928 51 21 

clinical_engagement 
diagnosis 
demography 
52 new agents 
11 dtreferralsatt11 smreferralsatt46 
disease_progression 
H-positive risk:  859 849 135 973 367 143 937 385 122 48 122 60 
H-negative risk:  849 859 937 973 385 367 143 135 122 122 60 48 
New BC onsets:  0
BC status:  4927 73 
BC subtype:  4927 51 22 

clinical_engagement 
diagnosis 
demography 
64 new agents 
13 dtreferralsatt13 smreferralsatt47 
disease_progression 
H-positive risk:  862 847 136 973 367 143 934 382 123 50 123 60 
H-negative risk:  847 862 934 973 382 367 143 136 123 123 60 50 
New BC onsets:  0
BC status:  4927 73 
BC subtype:  4927 53 20 

clinical_engagement 
diagnosis 
demography 
59 new agents 
7 dtreferralsatt7 smreferralsatt48 
disease_progression 
H-positive risk:  857 852 136 972 360 145 944 378 119 52 124 61 
H-negative risk:  852 857 944 972 378 360 145 136 124 119 61 52 
New BC onsets:  0
BC status:  4927 73 
BC subtype:  4927 53 20 

clinical_engagement 
diagnosis 
demography 
60 new agents 
13 dtreferralsatt13 smreferralsatt49 
disease_progression 
H-positive risk:  802 786 130 1036 360 131 1008 372 131 52 131 61 
H-negative risk:  786 802 1008 1036 372 360 131 130 131 131 61 52 
New BC onsets:  0
BC status:  4928 72 
BC subtype:  4928 53 19 

clinical_engagement 
diagnosis 
demography 
124 new agents 
12 dtreferralsatt12 smreferralsatt50 
disease_progression 
H-positive risk:  813 799 129 998 387 129 976 393 127 54 125 70 
H-negative risk:  799 813 976 998 393 387 129 129 125 127 70 54 
New BC onsets:  0
BC status:  4929 71 
BC subtype:  4929 53 18 

clinical_engagement 
diagnosis 
demography 
62 new agents 
9 dtreferralsatt9 smreferralsatt51 
disease_progression 
H-positive risk:  814 798 129 991 386 130 980 393 125 57 127 70 
H-negative risk:  798 814 980 991 393 386 130 129 127 125 70 57 
New BC onsets:  0
BC status:  4928 72 
BC subtype:  4928 53 19 

clinical_engagement 
diagnosis 
demography 
70 new agents 
9 dtreferralsatt9 smreferralsatt52 
disease_progression 
H-positive risk:  818 799 127 986 386 127 984 394 125 57 128 69 
H-negative risk:  799 818 984 986 394 386 127 127 128 125 69 57 
New BC onsets:  0
BC status:  4926 74 
BC subtype:  4926 55 19 

clinical_engagement 
diagnosis 
demography 
70 new agents 
14 dtreferralsatt14 smreferralsatt53 
disease_progression 
H-positive risk:  824 801 128 978 388 128 988 388 126 58 127 66 
H-negative risk:  801 824 988 978 388 388 128 128 127 126 66 58 
New BC onsets:  0
BC status:  4924 76 
BC subtype:  4924 57 19 

clinical_engagement 
diagnosis 
demography 
57 new agents 
8 dtreferralsatt8 smreferralsatt54 
disease_progression 
H-positive risk:  823 807 127 970 390 128 1001 384 126 56 125 63 
H-negative risk:  807 823 1001 970 384 390 128 127 125 126 63 56 
New BC onsets:  0
BC status:  4924 76 
BC subtype:  4924 57 19 

clinical_engagement 
diagnosis 
demography 
63 new agents 
7 dtreferralsatt7 smreferralsatt55 
disease_progression 
H-positive risk:  817 813 127 976 393 128 994 388 122 56 126 60 
H-negative risk:  813 817 994 976 388 393 128 127 126 122 60 56 
New BC onsets:  0
BC status:  4921 79 
BC subtype:  4921 60 19 

clinical_engagement 
diagnosis 
demography 
60 new agents 
9 dtreferralsatt9 smreferralsatt56 
disease_progression 
H-positive risk:  820 814 126 968 399 129 996 382 121 59 127 59 
H-negative risk:  814 820 996 968 382 399 129 126 127 121 59 59 
New BC onsets:  0
BC status:  4922 78 
BC subtype:  4922 59 19 

clinical_engagement 
diagnosis 
demography 
66 new agents 
15 dtreferralsatt15 smreferralsatt57 
disease_progression 
H-positive risk:  822 818 127 961 402 129 999 380 121 59 125 57 
H-negative risk:  818 822 999 961 380 402 129 127 125 121 57 59 
New BC onsets:  0
BC status:  4920 80 
BC subtype:  4920 61 19 

clinical_engagement 
diagnosis 
demography 
72 new agents 
10 dtreferralsatt10 smreferralsatt58 
disease_progression 
H-positive risk:  823 826 126 960 408 130 995 372 118 59 125 58 
H-negative risk:  826 823 995 960 372 408 130 126 125 118 58 59 
New BC onsets:  0
BC status:  4920 80 
BC subtype:  4920 62 18 

clinical_engagement 
diagnosis 
demography 
66 new agents 
12 dtreferralsatt12 smreferralsatt59 
disease_progression 
H-positive risk:  831 828 125 954 412 128 996 368 118 59 127 54 
H-negative risk:  828 831 996 954 368 412 128 125 127 118 54 59 
New BC onsets:  0
BC status:  4919 81 
BC subtype:  4919 62 19 

clinical_engagement 
diagnosis 
demography 
72 new agents 
10 dtreferralsatt10 smreferralsatt60 
disease_progression 
H-positive risk:  826 838 127 960 407 125 994 367 119 60 125 52 
H-negative risk:  838 826 994 960 367 407 125 127 125 119 52 60 
New BC onsets:  0
BC status:  4920 80 
BC subtype:  4920 62 18 

clinical_engagement 
diagnosis 
demography 
78 new agents 
14 dtreferralsatt14 smreferralsatt61 
disease_progression 
H-positive risk:  794 782 123 1017 407 117 1030 360 125 59 136 50 
H-negative risk:  782 794 1030 1017 360 407 117 123 136 125 50 59 
New BC onsets:  0
BC status:  4918 82 
BC subtype:  4918 62 20 

clinical_engagement 
diagnosis 
demography 
147 new agents 
12 dtreferralsatt12 smreferralsatt62 
disease_progression 
H-positive risk:  803 785 124 971 433 118 1016 382 126 54 132 56 
H-negative risk:  785 803 1016 971 382 433 118 124 132 126 56 54 
New BC onsets:  0
BC status:  4921 79 
BC subtype:  4921 60 19 

clinical_engagement 
diagnosis 
demography 
72 new agents 
10 dtreferralsatt10 smreferralsatt63 
disease_progression 
H-positive risk:  798 799 124 975 432 118 1010 380 125 52 131 56 
H-negative risk:  799 798 1010 975 380 432 118 124 131 125 56 52 
New BC onsets:  0
BC status:  4921 79 
BC subtype:  4921 61 18 

clinical_engagement 
diagnosis 
demography 
71 new agents 
7 dtreferralsatt7 smreferralsatt64 
disease_progression 
H-positive risk:  804 800 124 983 425 121 1005 380 125 51 127 55 
H-negative risk:  800 804 1005 983 380 425 121 124 127 125 55 51 
New BC onsets:  0
BC status:  4918 82 
BC subtype:  4918 61 21 

clinical_engagement 
diagnosis 
demography 
76 new agents 
10 dtreferralsatt10 smreferralsatt65 
disease_progression 
H-positive risk:  806 809 123 981 417 120 1005 381 127 51 126 54 
H-negative risk:  809 806 1005 981 381 417 120 123 126 127 54 51 
New BC onsets:  0
BC status:  4917 83 
BC subtype:  4917 62 21 

clinical_engagement 
diagnosis 
demography 
73 new agents 
11 dtreferralsatt11 smreferralsatt66 
disease_progression 
H-positive risk:  813 809 124 983 412 120 1012 377 125 49 124 52 
H-negative risk:  809 813 1012 983 377 412 120 124 124 125 52 49 
New BC onsets:  0
BC status:  4917 83 
BC subtype:  4917 62 21 

clinical_engagement 
diagnosis 
demography 
66 new agents 
17 dtreferralsatt17 smreferralsatt67 
disease_progression 
H-positive risk:  814 808 123 986 410 119 1010 380 127 50 122 51 
H-negative risk:  808 814 1010 986 380 410 119 123 122 127 51 50 
New BC onsets:  0
BC status:  4914 86 
BC subtype:  4914 64 22 

clinical_engagement 
diagnosis 
demography 
57 new agents 
10 dtreferralsatt10 smreferralsatt68 
disease_progression 
H-positive risk:  815 809 123 986 407 120 1014 379 125 51 120 51 
H-negative risk:  809 815 1014 986 379 407 120 123 120 125 51 51 
New BC onsets:  0
BC status:  4913 87 
BC subtype:  4913 64 23 

clinical_engagement 
diagnosis 
demography 
63 new agents 
14 dtreferralsatt14 smreferralsatt69 
disease_progression 
H-positive risk:  814 805 123 996 402 121 1013 382 123 52 118 51 
H-negative risk:  805 814 1013 996 382 402 121 123 118 123 51 52 
New BC onsets:  0
BC status:  4913 87 
BC subtype:  4913 65 22 

clinical_engagement 
diagnosis 
demography 
68 new agents 
10 dtreferralsatt10 smreferralsatt70 
disease_progression 
H-positive risk:  807 807 124 995 403 120 1020 377 122 52 121 52 
H-negative risk:  807 807 1020 995 377 403 120 124 121 122 52 52 
New BC onsets:  0
BC status:  4913 87 
BC subtype:  4913 67 20 

clinical_engagement 
diagnosis 
demography 
61 new agents 
7 dtreferralsatt7 smreferralsatt71 
disease_progression 
H-positive risk:  817 812 123 988 400 119 1015 380 123 51 121 51 
H-negative risk:  812 817 1015 988 380 400 119 123 121 123 51 51 
New BC onsets:  0
BC status:  4913 87 
BC subtype:  4913 67 20 

clinical_engagement 
diagnosis 
demography 
63 new agents 
14 dtreferralsatt14 smreferralsatt72 
disease_progression 
H-positive risk:  823 806 123 997 405 117 1007 381 123 48 121 49 
H-negative risk:  806 823 1007 997 381 405 117 123 121 123 49 48 
New BC onsets:  0
BC status:  4917 83 
BC subtype:  4917 66 17 

clinical_engagement 
diagnosis 
demography 
67 new agents 
12 dtreferralsatt12 smreferralsatt73 
disease_progression 
H-positive risk:  771 769 116 1033 408 106 1055 385 136 46 127 48 
H-negative risk:  769 771 1055 1033 385 408 106 116 127 136 48 46 
New BC onsets:  0
BC status:  4916 84 
BC subtype:  4916 67 17 

clinical_engagement 
diagnosis 
demography 
129 new agents 
7 dtreferralsatt7 smreferralsatt74 
disease_progression 
H-positive risk:  784 770 118 1010 426 105 1030 397 135 47 123 55 
H-negative risk:  770 784 1030 1010 397 426 105 118 123 135 55 47 
New BC onsets:  0
BC status:  4915 85 
BC subtype:  4915 69 16 

clinical_engagement 
diagnosis 
demography 
95 new agents 
13 dtreferralsatt13 smreferralsatt75 
disease_progression 
H-positive risk:  792 775 119 1002 417 109 1034 392 131 48 122 59 
H-negative risk:  775 792 1034 1002 392 417 109 119 122 131 59 48 
New BC onsets:  0
BC status:  4915 85 
BC subtype:  4915 68 17 

clinical_engagement 
diagnosis 
demography 
82 new agents 
11 dtreferralsatt11 smreferralsatt76 
disease_progression 
H-positive risk:  796 781 118 1010 405 112 1031 384 131 50 125 57 
H-negative risk:  781 796 1031 1010 384 405 112 118 125 131 57 50 
New BC onsets:  0
BC status:  4915 85 
BC subtype:  4915 68 17 

clinical_engagement 
diagnosis 
demography 
52 new agents 
12 dtreferralsatt12 smreferralsatt77 
disease_progression 
H-positive risk:  794 774 119 1010 406 113 1032 383 134 49 128 58 
H-negative risk:  774 794 1032 1010 383 406 113 119 128 134 58 49 
New BC onsets:  0
BC status:  4915 85 
BC subtype:  4915 68 17 

clinical_engagement 
diagnosis 
demography 
63 new agents 
14 dtreferralsatt14 smreferralsatt78 
disease_progression 
H-positive risk:  799 771 117 1012 400 115 1038 384 133 46 123 62 
H-negative risk:  771 799 1038 1012 384 400 115 117 123 133 62 46 
New BC onsets:  0
BC status:  4913 87 
BC subtype:  4913 70 17 

clinical_engagement 
diagnosis 
demography 
64 new agents 
9 dtreferralsatt9 smreferralsatt79 
disease_progression 
H-positive risk:  802 774 119 1019 404 116 1033 372 134 45 122 60 
H-negative risk:  774 802 1033 1019 372 404 116 119 122 134 60 45 
New BC onsets:  0
BC status:  4914 86 
BC subtype:  4914 70 16 

clinical_engagement 
diagnosis 
demography 
59 new agents 
13 dtreferralsatt13 smreferralsatt80 
disease_progression 
H-positive risk:  804 773 118 1022 397 115 1027 380 136 42 126 60 
H-negative risk:  773 804 1027 1022 380 397 115 118 126 136 60 42 
New BC onsets:  0
BC status:  4914 86 
BC subtype:  4914 70 16 

clinical_engagement 
diagnosis 
demography 
78 new agents 
13 dtreferralsatt13 smreferralsatt81 
disease_progression 
H-positive risk:  805 775 118 1033 391 117 1027 373 135 41 125 60 
H-negative risk:  775 805 1027 1033 373 391 117 118 125 135 60 41 
New BC onsets:  0
BC status:  4910 90 
BC subtype:  4910 75 15 

clinical_engagement 
diagnosis 
demography 
79 new agents 
11 dtreferralsatt11 smreferralsatt82 
disease_progression 
H-positive risk:  810 779 118 1029 387 116 1019 375 140 41 127 59 
H-negative risk:  779 810 1019 1029 375 387 116 118 127 140 59 41 
New BC onsets:  0
BC status:  4908 92 
BC subtype:  4908 77 15 

clinical_engagement 
diagnosis 
demography 
72 new agents 
8 dtreferralsatt8 smreferralsatt83 
disease_progression 
H-positive risk:  808 773 117 1032 387 115 1020 378 139 41 130 60 
H-negative risk:  773 808 1020 1032 378 387 115 117 130 139 60 41 
New BC onsets:  0
BC status:  4905 95 
BC subtype:  4905 79 16 

clinical_engagement 
diagnosis 
demography 
80 new agents 
8 dtreferralsatt8 smreferralsatt84 
disease_progression 
H-positive risk:  808 771 114 1035 381 118 1026 379 139 43 125 61 
H-negative risk:  771 808 1026 1035 379 381 118 114 125 139 61 43 
New BC onsets:  0
BC status:  4906 94 
BC subtype:  4906 76 18 

clinical_engagement 
diagnosis 
demography 
66 new agents 
16 dtreferralsatt16 smreferralsatt85 
disease_progression 
H-positive risk:  761 737 105 1081 376 110 1071 374 145 43 137 60 
H-negative risk:  737 761 1071 1081 374 376 110 105 137 145 60 43 
New BC onsets:  0
BC status:  4904 96 
BC subtype:  4904 77 19 

clinical_engagement 
diagnosis 
demography 
105 new agents 
7 dtreferralsatt7 smreferralsatt86 
disease_progression 
H-positive risk:  757 748 105 1059 393 105 1061 380 143 52 141 56 
H-negative risk:  748 757 1061 1059 380 393 105 105 141 143 56 52 
New BC onsets:  0
BC status:  4900 100 
BC subtype:  4900 81 19 

clinical_engagement 
diagnosis 
demography 
63 new agents 
9 dtreferralsatt9 smreferralsatt87 
disease_progression 
H-positive risk:  762 746 104 1066 395 105 1044 382 146 52 141 57 
H-negative risk:  746 762 1044 1066 382 395 105 104 141 146 57 52 
New BC onsets:  0
BC status:  4897 103 
BC subtype:  4897 84 19 

clinical_engagement 
diagnosis 
demography 
60 new agents 
7 dtreferralsatt7 smreferralsatt88 
disease_progression 
H-positive risk:  758 744 105 1061 401 109 1043 385 146 51 140 57 
H-negative risk:  744 758 1043 1061 385 401 109 105 140 146 57 51 
New BC onsets:  0
BC status:  4896 104 
BC subtype:  4896 84 20 

clinical_engagement 
diagnosis 
demography 
77 new agents 
14 dtreferralsatt14 smreferralsatt89 
disease_progression 
H-positive risk:  755 738 105 1058 411 104 1047 381 150 52 143 56 
H-negative risk:  738 755 1047 1058 381 411 104 105 143 150 56 52 
New BC onsets:  0
BC status:  4895 105 
BC subtype:  4895 84 21 

clinical_engagement 
diagnosis 
demography 
72 new agents 
13 dtreferralsatt13 smreferralsatt90 
disease_progression 
H-positive risk:  763 737 106 1052 423 104 1041 377 149 51 142 55 
H-negative risk:  737 763 1041 1052 377 423 104 106 142 149 55 51 
New BC onsets:  0
BC status:  4893 107 
BC subtype:  4893 86 21 

clinical_engagement 
diagnosis 
demography 
63 new agents 
11 dtreferralsatt11 smreferralsatt91 
disease_progression 
H-positive risk:  764 743 109 1042 422 105 1040 377 149 51 144 54 
H-negative risk:  743 764 1040 1042 377 422 105 109 144 149 54 51 
New BC onsets:  0
BC status:  4893 107 
BC subtype:  4893 86 21 

clinical_engagement 
diagnosis 
demography 
68 new agents 
7 dtreferralsatt7 smreferralsatt92 
disease_progression 
H-positive risk:  763 746 106 1042 417 105 1042 378 150 51 146 54 
H-negative risk:  746 763 1042 1042 378 417 105 106 146 150 54 51 
New BC onsets:  0
BC status:  4893 107 
BC subtype:  4893 86 21 

clinical_engagement 
diagnosis 
demography 
64 new agents 
7 dtreferralsatt7 smreferralsatt93 
disease_progression 
H-positive risk:  763 740 108 1042 418 107 1042 375 152 51 146 56 
H-negative risk:  740 763 1042 1042 375 418 107 108 146 152 56 51 
New BC onsets:  0
BC status:  4894 106 
BC subtype:  4894 86 20 

clinical_engagement 
diagnosis 
demography 
67 new agents 
7 dtreferralsatt7 smreferralsatt94 
disease_progression 
H-positive risk:  771 735 109 1037 416 107 1049 373 151 53 146 53 
H-negative risk:  735 771 1049 1037 373 416 107 109 146 151 53 53 
New BC onsets:  0
BC status:  4895 105 
BC subtype:  4895 83 22 

clinical_engagement 
diagnosis 
demography 
66 new agents 
13 dtreferralsatt13 smreferralsatt95 
disease_progression 
H-positive risk:  769 728 111 1036 418 108 1045 385 152 53 143 52 
H-negative risk:  728 769 1045 1036 385 418 108 111 143 152 52 53 
New BC onsets:  0
BC status:  4895 105 
BC subtype:  4895 83 22 

clinical_engagement 
diagnosis 
demography 
58 new agents 
10 dtreferralsatt10 smreferralsatt96 
disease_progression 
H-positive risk:  773 723 112 1036 422 107 1044 384 156 50 142 51 
H-negative risk:  723 773 1044 1036 384 422 107 112 142 156 51 50 
New BC onsets:  0
BC status:  4894 106 
BC subtype:  4894 83 23 

clinical_engagement 
diagnosis 
demography 
67 new agents 
6 dtreferralsatt6 smreferralsatt97 
disease_progression 
H-positive risk:  733 685 102 1087 421 103 1085 383 160 48 145 48 
H-negative risk:  685 733 1085 1087 383 421 103 102 145 160 48 48 
New BC onsets:  0
BC status:  4895 105 
BC subtype:  4895 84 21 

clinical_engagement 
diagnosis 
demography 
81 new agents 
8 dtreferralsatt8 smreferralsatt98 
disease_progression 
H-positive risk:  723 681 102 1076 429 104 1097 389 156 51 145 47 
H-negative risk:  681 723 1097 1076 389 429 104 102 145 156 47 51 
New BC onsets:  0
BC status:  4895 105 
BC subtype:  4895 84 21 

clinical_engagement 
diagnosis 
demography 
92 new agents 
10 dtreferralsatt10 smreferralsatt99 
disease_progression 
H-positive risk:  719 689 101 1076 421 105 1098 395 154 52 142 48 
H-negative risk:  689 719 1098 1076 395 421 105 101 142 154 48 52 
New BC onsets:  0
BC status:  4897 103 
BC subtype:  4897 82 21 

clinical_engagement 
diagnosis 
demography 
58 new agents 
17 dtreferralsatt17 smreferralsatt100 
disease_progression 
H-positive risk:  716 687 102 1082 423 103 1100 398 151 54 140 44 
H-negative risk:  687 716 1100 1082 398 423 103 102 140 151 44 54 
New BC onsets:  0
BC status:  4895 105 
BC subtype:  4895 84 21 

clinical_engagement 
diagnosis 
demography 
84 new agents 
16 dtreferralsatt16 smreferralsatt101 
disease_progression 
H-positive risk:  723 688 103 1079 415 105 1104 396 149 56 139 43 
H-negative risk:  688 723 1104 1079 396 415 105 103 139 149 43 56 
New BC onsets:  0
BC status:  4894 106 
BC subtype:  4894 85 21 

clinical_engagement 
diagnosis 
demography 
60 new agents 
6 dtreferralsatt6 smreferralsatt102 
disease_progression 
H-positive risk:  721 689 103 1084 410 104 1110 392 153 56 137 41 
H-negative risk:  689 721 1110 1084 392 410 104 103 137 153 41 56 
New BC onsets:  0
BC status:  4894 106 
BC subtype:  4894 85 21 

clinical_engagement 
diagnosis 
demography 
80 new agents 
12 dtreferralsatt12 smreferralsatt103 
disease_progression 
H-positive risk:  730 691 103 1080 401 105 1104 397 154 55 140 40 
H-negative risk:  691 730 1104 1080 397 401 105 103 140 154 40 55 
New BC onsets:  0
BC status:  4894 106 
BC subtype:  4894 86 20 

clinical_engagement 
diagnosis 
demography 
74 new agents 
14 dtreferralsatt14 smreferralsatt104 
disease_progression 
H-positive risk:  731 691 103 1079 402 105 1104 397 155 54 141 38 
H-negative risk:  691 731 1104 1079 397 402 105 103 141 155 38 54 
New BC onsets:  0
BC status:  4900 100 
BC subtype:  4900 83 17 

clinical_engagement 
diagnosis 
demography 
71 new agents 
12 dtreferralsatt12 smreferralsatt105 
disease_progression 
H-positive risk:  738 694 100 1069 409 105 1101 395 156 53 144 36 
H-negative risk:  694 738 1101 1069 395 409 105 100 144 156 36 53 
New BC onsets:  0
BC status:  4902 98 
BC subtype:  4902 82 16 

clinical_engagement 
diagnosis 
demography 
55 new agents 
13 dtreferralsatt13 smreferralsatt106 
disease_progression 
H-positive risk:  735 689 98 1062 413 105 1108 395 155 54 148 38 
H-negative risk:  689 735 1108 1062 395 413 105 98 148 155 38 54 
New BC onsets:  0
BC status:  4901 99 
BC subtype:  4901 83 16 

clinical_engagement 
diagnosis 
demography 
87 new agents 
7 dtreferralsatt7 smreferralsatt107 
disease_progression 
H-positive risk:  742 696 95 1069 408 105 1102 387 157 55 149 35 
H-negative risk:  696 742 1102 1069 387 408 105 95 149 157 35 55 
New BC onsets:  0
BC status:  4900 100 
BC subtype:  4900 84 16 

clinical_engagement 
diagnosis 
demography 
65 new agents 
6 dtreferralsatt6 smreferralsatt108 
disease_progression 
H-positive risk:  742 701 93 1066 413 105 1101 383 155 54 152 35 
H-negative risk:  701 742 1101 1066 383 413 105 93 152 155 35 54 
New BC onsets:  0
BC status:  4905 95 
BC subtype:  4905 79 16 

clinical_engagement 
diagnosis 
demography 
81 new agents 
8 dtreferralsatt8 smreferralsatt109 
disease_progression 
H-positive risk:  705 656 90 1113 401 94 1144 388 164 54 156 35 
H-negative risk:  656 705 1144 1113 388 401 94 90 156 164 35 54 
New BC onsets:  0
BC status:  4900 100 
BC subtype:  4900 79 21 

clinical_engagement 
diagnosis 
demography 
97 new agents 
6 dtreferralsatt6 smreferralsatt110 
disease_progression 
H-positive risk:  711 663 88 1102 404 96 1132 403 161 51 152 37 
H-negative risk:  663 711 1132 1102 403 404 96 88 152 161 37 51 
New BC onsets:  0
BC status:  4901 99 
BC subtype:  4901 79 20 

clinical_engagement 
diagnosis 
demography 
82 new agents 
10 dtreferralsatt10 smreferralsatt111 
disease_progression 
H-positive risk:  715 671 90 1105 398 97 1127 392 164 47 154 40 
H-negative risk:  671 715 1127 1105 392 398 97 90 154 164 40 47 
New BC onsets:  0
BC status:  4902 98 
BC subtype:  4902 79 19 

clinical_engagement 
diagnosis 
demography 
66 new agents 
12 dtreferralsatt12 smreferralsatt112 
disease_progression 
H-positive risk:  721 675 88 1100 399 101 1118 396 162 46 151 43 
H-negative risk:  675 721 1118 1100 396 399 101 88 151 162 43 46 
New BC onsets:  0
BC status:  4904 96 
BC subtype:  4904 77 19 

clinical_engagement 
diagnosis 
demography 
68 new agents 
11 dtreferralsatt11 smreferralsatt113 
disease_progression 
H-positive risk:  723 675 90 1089 397 101 1122 398 163 46 152 44 
H-negative risk:  675 723 1122 1089 398 397 101 90 152 163 44 46 
New BC onsets:  0
BC status:  4903 97 
BC subtype:  4903 78 19 

clinical_engagement 
diagnosis 
demography 
83 new agents 
7 dtreferralsatt7 smreferralsatt114 
disease_progression 
H-positive risk:  726 686 89 1089 391 103 1121 392 163 44 150 46 
H-negative risk:  686 726 1121 1089 392 391 103 89 150 163 46 44 
New BC onsets:  0
BC status:  4901 99 
BC subtype:  4901 81 18 

clinical_engagement 
diagnosis 
demography 
65 new agents 
9 dtreferralsatt9 smreferralsatt115 
disease_progression 
H-positive risk:  724 684 91 1098 390 103 1109 400 164 44 145 48 
H-negative risk:  684 724 1109 1098 400 390 103 91 145 164 48 44 
New BC onsets:  0
BC status:  4899 101 
BC subtype:  4899 83 18 

clinical_engagement 
diagnosis 
demography 
72 new agents 
12 dtreferralsatt12 smreferralsatt116 
disease_progression 
H-positive risk:  727 678 90 1109 393 104 1102 394 166 41 149 47 
H-negative risk:  678 727 1102 1109 394 393 104 90 149 166 47 41 
New BC onsets:  0
BC status:  4903 97 
BC subtype:  4903 79 18 

clinical_engagement 
diagnosis 
demography 
67 new agents 
13 dtreferralsatt13 smreferralsatt117 
disease_progression 
H-positive risk:  731 680 89 1107 388 104 1104 390 166 44 147 50 
H-negative risk:  680 731 1104 1107 390 388 104 89 147 166 50 44 
New BC onsets:  0
BC status:  4902 98 
BC subtype:  4902 81 17 

clinical_engagement 
diagnosis 
demography 
84 new agents 
15 dtreferralsatt15 smreferralsatt118 
disease_progression 
H-positive risk:  733 679 89 1111 382 102 1107 389 166 44 149 49 
H-negative risk:  679 733 1107 1111 389 382 102 89 149 166 49 44 
New BC onsets:  0
BC status:  4902 98 
BC subtype:  4902 81 17 

clinical_engagement 
diagnosis 
demography 
75 new agents 
14 dtreferralsatt14 smreferralsatt119 
disease_progression 
H-positive risk:  728 683 89 1109 382 99 1112 389 167 44 151 47 
H-negative risk:  683 728 1112 1109 389 382 99 89 151 167 47 44 
New BC onsets:  0
BC status:  4898 102 
BC subtype:  4898 82 20 

clinical_engagement 
diagnosis 
demography 
65 new agents 
12 dtreferralsatt12 smreferralsatt120 
disease_progression 
H-positive risk:  729 689 89 1105 385 99 1110 388 162 46 150 48 
H-negative risk:  689 729 1110 1105 388 385 99 89 150 162 48 46 
New BC onsets:  0
BC status:  4891 109 
BC subtype:  4891 89 20 

clinical_engagement 
diagnosis 
demography 
56 new agents 
11 dtreferralsatt11 smreferralsatt121 
disease_progression 
H-positive risk:  682 647 80 1150 382 96 1157 385 167 47 159 48 
H-negative risk:  647 682 1157 1150 385 382 96 80 159 167 48 47 
New BC onsets:  0
BC status:  4895 105 
BC subtype:  4895 87 18 

clinical_engagement 
diagnosis 
demography 
116 new agents 
21 dtreferralsatt21 smreferralsatt122 
disease_progression 
H-positive risk:  672 651 81 1147 386 93 1160 388 164 45 166 47 
H-negative risk:  651 672 1160 1147 388 386 93 81 166 164 47 45 
New BC onsets:  0
BC status:  4894 106 
BC subtype:  4894 88 18 

clinical_engagement 
diagnosis 
demography 
58 new agents 
14 dtreferralsatt14 smreferralsatt123 
disease_progression 
H-positive risk:  677 648 79 1137 397 91 1144 400 166 45 167 49 
H-negative risk:  648 677 1144 1137 400 397 91 79 167 166 49 45 
New BC onsets:  0
BC status:  4892 108 
BC subtype:  4892 90 18 

clinical_engagement 
diagnosis 
demography 
72 new agents 
6 dtreferralsatt6 smreferralsatt124 
disease_progression 
H-positive risk:  673 651 81 1137 397 89 1140 401 169 46 167 49 
H-negative risk:  651 673 1140 1137 401 397 89 81 167 169 49 46 
New BC onsets:  0
BC status:  4889 111 
BC subtype:  4889 90 21 

clinical_engagement 
diagnosis 
demography 
59 new agents 
9 dtreferralsatt9 smreferralsatt125 
disease_progression 
H-positive risk:  672 653 84 1132 398 91 1141 398 167 47 169 48 
H-negative risk:  653 672 1141 1132 398 398 91 84 169 167 48 47 
New BC onsets:  0
BC status:  4885 115 
BC subtype:  4885 93 22 

clinical_engagement 
diagnosis 
demography 
78 new agents 
18 dtreferralsatt18 smreferralsatt126 
disease_progression 
H-positive risk:  670 654 85 1131 395 93 1157 392 163 47 167 46 
H-negative risk:  654 670 1157 1131 392 395 93 85 167 163 46 47 
New BC onsets:  0
BC status:  4888 112 
BC subtype:  4888 90 22 

clinical_engagement 
diagnosis 
demography 
77 new agents 
15 dtreferralsatt15 smreferralsatt127 
disease_progression 
H-positive risk:  672 657 83 1133 393 94 1159 382 164 46 167 50 
H-negative risk:  657 672 1159 1133 382 393 94 83 167 164 50 46 
New BC onsets:  0
BC status:  4888 112 
BC subtype:  4888 90 22 

clinical_engagement 
diagnosis 
demography 
61 new agents 
8 dtreferralsatt8 smreferralsatt128 
disease_progression 
H-positive risk:  674 661 86 1135 390 94 1152 383 164 46 166 49 
H-negative risk:  661 674 1152 1135 383 390 94 86 166 164 49 46 
New BC onsets:  0
BC status:  4882 118 
BC subtype:  4882 95 23 

clinical_engagement 
diagnosis 
demography 
59 new agents 
8 dtreferralsatt8 smreferralsatt129 
disease_progression 
H-positive risk:  674 662 84 1132 390 89 1158 380 168 47 167 49 
H-negative risk:  662 674 1158 1132 380 390 89 84 167 168 49 47 
New BC onsets:  0
BC status:  4883 117 
BC subtype:  4883 95 22 

clinical_engagement 
diagnosis 
demography 
79 new agents 
14 dtreferralsatt14 smreferralsatt130 
disease_progression 
H-positive risk:  666 658 84 1144 385 92 1168 378 167 45 169 44 
H-negative risk:  658 666 1168 1144 378 385 92 84 169 167 44 45 
New BC onsets:  0
BC status:  4886 114 
BC subtype:  4886 93 21 

clinical_engagement 
diagnosis 
demography 
72 new agents 
8 dtreferralsatt8 smreferralsatt131 
disease_progression 
H-positive risk:  663 658 82 1156 376 92 1173 374 168 43 169 46 
H-negative risk:  658 663 1173 1156 374 376 92 82 169 168 46 43 
New BC onsets:  0
BC status:  4888 112 
BC subtype:  4888 92 20 

clinical_engagement 
diagnosis 
demography 
79 new agents 
9 dtreferralsatt9 smreferralsatt132 
disease_progression 
H-positive risk:  661 664 81 1150 380 95 1164 376 171 43 170 45 
H-negative risk:  664 661 1164 1150 376 380 95 81 170 171 45 43 
New BC onsets:  0
BC status:  4889 111 
BC subtype:  4889 91 20 

clinical_engagement 
diagnosis 
demography 
61 new agents 
15 dtreferralsatt15 smreferralsatt133 
disease_progression 
H-positive risk:  660 674 79 1142 378 97 1157 382 170 44 172 45 
H-negative risk:  674 660 1157 1142 382 378 97 79 172 170 45 44 
New BC onsets:  0
BC status:  4890 110 
BC subtype:  4890 89 21 

clinical_engagement 
diagnosis 
demography 
110 new agents 
6 dtreferralsatt6 smreferralsatt134 
disease_progression 
H-positive risk:  656 665 80 1136 384 94 1157 395 167 49 171 46 
H-negative risk:  665 656 1157 1136 395 384 94 80 171 167 46 49 
New BC onsets:  0
BC status:  4888 112 
BC subtype:  4888 91 21 

clinical_engagement 
diagnosis 
demography 
76 new agents 
5 dtreferralsatt5 smreferralsatt135 
disease_progression 
H-positive risk:  655 661 81 1140 386 93 1154 395 168 48 174 45 
H-negative risk:  661 655 1154 1140 395 386 93 81 174 168 45 48 
New BC onsets:  0
BC status:  4886 114 
BC subtype:  4886 93 21 

clinical_engagement 
diagnosis 
demography 
84 new agents 
9 dtreferralsatt9 smreferralsatt136 
disease_progression 
H-positive risk:  658 667 84 1128 382 94 1161 395 168 47 172 44 
H-negative risk:  667 658 1161 1128 395 382 94 84 172 168 44 47 
New BC onsets:  0
BC status:  4886 114 
BC subtype:  4886 92 22 

clinical_engagement 
diagnosis 
demography 
75 new agents 
9 dtreferralsatt9 smreferralsatt137 
disease_progression 
H-positive risk:  661 670 85 1133 379 90 1161 393 169 46 171 42 
H-negative risk:  670 661 1161 1133 393 379 90 85 171 169 42 46 
New BC onsets:  0
BC status:  4886 114 
BC subtype:  4886 90 24 

clinical_engagement 
diagnosis 
demography 
79 new agents 
7 dtreferralsatt7 smreferralsatt138 
disease_progression 
H-positive risk:  664 668 81 1129 390 86 1152 393 172 46 174 45 
H-negative risk:  668 664 1152 1129 393 390 86 81 174 172 45 46 
New BC onsets:  0
BC status:  4883 117 
BC subtype:  4883 92 25 

clinical_engagement 
diagnosis 
demography 
52 new agents 
10 dtreferralsatt10 smreferralsatt139 
disease_progression 
H-positive risk:  657 666 80 1135 383 84 1155 397 174 47 176 46 
H-negative risk:  666 657 1155 1135 397 383 84 80 176 174 46 47 
New BC onsets:  0
BC status:  4886 114 
BC subtype:  4886 90 24 

clinical_engagement 
diagnosis 
demography 
61 new agents 
18 dtreferralsatt18 smreferralsatt140 
disease_progression 
H-positive risk:  650 667 79 1136 389 84 1162 388 176 48 174 47 
H-negative risk:  667 650 1162 1136 388 389 84 79 174 176 47 48 
New BC onsets:  0
BC status:  4888 112 
BC subtype:  4888 87 25 

clinical_engagement 
diagnosis 
demography 
73 new agents 
8 dtreferralsatt8 smreferralsatt141 
disease_progression 
H-positive risk:  651 667 77 1138 389 85 1153 393 174 50 174 49 
H-negative risk:  667 651 1153 1138 393 389 85 77 174 174 49 50 
New BC onsets:  0
BC status:  4889 111 
BC subtype:  4889 87 24 

clinical_engagement 
diagnosis 
demography 
69 new agents 
10 dtreferralsatt10 smreferralsatt142 
disease_progression 
H-positive risk:  657 662 80 1147 386 84 1143 394 168 53 176 50 
H-negative risk:  662 657 1143 1147 394 386 84 80 176 168 50 53 
New BC onsets:  0
BC status:  4889 111 
BC subtype:  4889 89 22 

clinical_engagement 
diagnosis 
demography 
85 new agents 
9 dtreferralsatt9 smreferralsatt143 
disease_progression 
H-positive risk:  656 664 82 1154 379 84 1149 387 169 51 173 52 
H-negative risk:  664 656 1149 1154 387 379 84 82 173 169 52 51 
New BC onsets:  0
BC status:  4888 112 
BC subtype:  4888 91 21 

clinical_engagement 
diagnosis 
demography 
69 new agents 
10 dtreferralsatt10 smreferralsatt144 
disease_progression 
H-positive risk:  649 670 82 1157 378 83 1148 385 170 52 172 54 
H-negative risk:  670 649 1148 1157 385 378 83 82 172 170 54 52 
New BC onsets:  0
BC status:  4884 116 
BC subtype:  4884 95 21 

clinical_engagement 
diagnosis 
demography 
62 new agents 
12 dtreferralsatt12 smreferralsatt145 
disease_progression 
H-positive risk:  639 674 82 1154 380 85 1155 382 166 52 176 55 
H-negative risk:  674 639 1155 1154 382 380 85 82 176 166 55 52 
New BC onsets:  0
BC status:  4885 115 
BC subtype:  4885 94 21 

clinical_engagement 
diagnosis 
demography 
75 new agents 
8 dtreferralsatt8 smreferralsatt146 
disease_progression 
H-positive risk:  637 676 84 1134 404 80 1146 388 172 48 175 56 
H-negative risk:  676 637 1146 1134 388 404 80 84 175 172 56 48 
New BC onsets:  0
BC status:  4885 115 
BC subtype:  4885 94 21 

clinical_engagement 
diagnosis 
demography 
77 new agents 
12 dtreferralsatt12 smreferralsatt147 
disease_progression 
H-positive risk:  632 675 84 1135 396 81 1148 396 173 48 175 57 
H-negative risk:  675 632 1148 1135 396 396 81 84 175 173 57 48 
New BC onsets:  0
BC status:  4885 115 
BC subtype:  4885 95 20 

clinical_engagement 
diagnosis 
demography 
74 new agents 
13 dtreferralsatt13 smreferralsatt148 
disease_progression 
H-positive risk:  632 676 84 1121 402 80 1145 407 175 47 176 55 
H-negative risk:  676 632 1145 1121 407 402 80 84 176 175 55 47 
New BC onsets:  0
BC status:  4885 115 
BC subtype:  4885 97 18 

clinical_engagement 
diagnosis 
demography 
77 new agents 
5 dtreferralsatt5 smreferralsatt149 
disease_progression 
H-positive risk:  625 685 86 1120 397 79 1153 404 174 48 176 53 
H-negative risk:  685 625 1153 1120 404 397 79 86 176 174 53 48 
New BC onsets:  0
BC status:  4882 118 
BC subtype:  4882 99 19 

clinical_engagement 
diagnosis 
demography 
69 new agents 
9 dtreferralsatt9 smreferralsatt150 
disease_progression 
H-positive risk:  623 689 88 1122 398 81 1145 408 169 52 175 50 
H-negative risk:  689 623 1145 1122 408 398 81 88 175 169 50 52 
New BC onsets:  0
BC status:  4881 119 
BC subtype:  4881 100 19 

clinical_engagement 
diagnosis 
demography 
79 new agents 
13 dtreferralsatt13 smreferralsatt151 
disease_progression 
H-positive risk:  633 695 89 1120 391 81 1142 407 170 51 173 48 
H-negative risk:  695 633 1142 1120 407 391 81 89 173 170 48 51 
New BC onsets:  0
BC status:  4881 119 
BC subtype:  4881 99 20 

clinical_engagement 
diagnosis 
demography 
86 new agents 
10 dtreferralsatt10 smreferralsatt152 
disease_progression 
H-positive risk:  638 693 90 1122 391 80 1148 403 171 49 171 44 
H-negative risk:  693 638 1148 1122 403 391 80 90 171 171 44 49 
New BC onsets:  0
BC status:  4881 119 
BC subtype:  4881 100 19 

clinical_engagement 
diagnosis 
demography 
78 new agents 
19 dtreferralsatt19 smreferralsatt153 
disease_progression 
H-positive risk:  634 702 92 1115 391 82 1146 400 171 50 171 46 
H-negative risk:  702 634 1146 1115 400 391 82 92 171 171 46 50 
New BC onsets:  0
BC status:  4885 115 
BC subtype:  4885 97 18 

clinical_engagement 
diagnosis 
demography 
84 new agents 
16 dtreferralsatt16 smreferralsatt154 
disease_progression 
H-positive risk:  631 696 89 1117 385 80 1160 405 168 49 174 46 
H-negative risk:  696 631 1160 1117 405 385 80 89 174 168 46 49 
New BC onsets:  0
BC status:  4886 114 
BC subtype:  4886 96 18 

clinical_engagement 
diagnosis 
demography 
71 new agents 
15 dtreferralsatt15 smreferralsatt155 
disease_progression 
H-positive risk:  633 694 87 1121 389 80 1167 396 165 47 175 46 
H-negative risk:  694 633 1167 1121 396 389 80 87 175 165 46 47 
New BC onsets:  0
BC status:  4884 116 
BC subtype:  4884 99 17 

clinical_engagement 
diagnosis 
demography 
76 new agents 
7 dtreferralsatt7 smreferralsatt156 
disease_progression 
H-positive risk:  627 688 91 1127 386 80 1173 394 165 50 172 47 
H-negative risk:  688 627 1173 1127 394 386 80 91 172 165 47 50 
New BC onsets:  0
BC status:  4880 120 
BC subtype:  4880 102 18 

clinical_engagement 
diagnosis 
demography 
79 new agents 
8 dtreferralsatt8 smreferralsatt157 
disease_progression 
H-positive risk:  638 690 92 1133 380 79 1176 386 160 53 167 46 
H-negative risk:  690 638 1176 1133 386 380 79 92 167 160 46 53 
New BC onsets:  0
BC status:  4879 121 
BC subtype:  4879 102 19 

clinical_engagement 
diagnosis 
demography 
93 new agents 
10 dtreferralsatt10 smreferralsatt158 
disease_progression 
H-positive risk:  641 696 92 1111 397 82 1166 393 156 53 166 47 
H-negative risk:  696 641 1166 1111 393 397 82 92 166 156 47 53 
New BC onsets:  0
BC status:  4881 119 
BC subtype:  4881 99 20 

clinical_engagement 
diagnosis 
demography 
85 new agents 
7 dtreferralsatt7 smreferralsatt159 
disease_progression 
H-positive risk:  639 698 92 1115 399 85 1161 390 155 52 166 48 
H-negative risk:  698 639 1161 1115 390 399 85 92 166 155 48 52 
New BC onsets:  0
BC status:  4881 119 
BC subtype:  4881 100 19 

clinical_engagement 
diagnosis 
demography 
82 new agents 
8 dtreferralsatt8 smreferralsatt160 
disease_progression 
H-positive risk:  649 697 92 1128 391 82 1151 389 155 52 165 49 
H-negative risk:  697 649 1151 1128 389 391 82 92 165 155 49 52 
New BC onsets:  0
BC status:  4883 117 
BC subtype:  4883 98 19 

clinical_engagement 
diagnosis 
demography 
84 new agents 
12 dtreferralsatt12 smreferralsatt161 
disease_progression 
H-positive risk:  648 707 88 1128 390 82 1151 385 154 51 165 51 
H-negative risk:  707 648 1151 1128 385 390 82 88 165 154 51 51 
New BC onsets:  0
BC status:  4883 117 
BC subtype:  4883 98 19 

clinical_engagement 
diagnosis 
demography 
73 new agents 
10 dtreferralsatt10 smreferralsatt162 
disease_progression 
H-positive risk:  640 704 89 1127 380 87 1160 389 154 51 167 52 
H-negative risk:  704 640 1160 1127 389 380 87 89 167 154 52 51 
New BC onsets:  0
BC status:  4881 119 
BC subtype:  4881 100 19 

clinical_engagement 
diagnosis 
demography 
85 new agents 
8 dtreferralsatt8 smreferralsatt163 
disease_progression 
H-positive risk:  635 703 94 1134 379 87 1162 385 151 51 165 54 
H-negative risk:  703 635 1162 1134 385 379 87 94 165 151 54 51 
New BC onsets:  0
BC status:  4878 122 
BC subtype:  4878 103 19 

clinical_engagement 
diagnosis 
demography 
69 new agents 
10 dtreferralsatt10 smreferralsatt164 
disease_progression 
H-positive risk:  640 698 95 1137 375 88 1167 379 150 55 163 53 
H-negative risk:  698 640 1167 1137 379 375 88 95 163 150 53 55 
New BC onsets:  0
BC status:  4881 119 
BC subtype:  4881 100 19 

clinical_engagement 
diagnosis 
demography 
69 new agents 
13 dtreferralsatt13 smreferralsatt165 
disease_progression 
H-positive risk:  649 707 97 1131 370 86 1166 371 148 58 159 58 
H-negative risk:  707 649 1166 1131 371 370 86 97 159 148 58 58 
New BC onsets:  0
BC status:  4881 119 
BC subtype:  4881 101 18 

clinical_engagement 
diagnosis 
demography 
68 new agents 
7 dtreferralsatt7 smreferralsatt166 
disease_progression 
H-positive risk:  649 708 94 1125 376 85 1157 378 144 61 167 56 
H-negative risk:  708 649 1157 1125 378 376 85 94 167 144 56 61 
New BC onsets:  0
BC status:  4882 118 
BC subtype:  4882 100 18 

clinical_engagement 
diagnosis 
demography 
67 new agents 
5 dtreferralsatt5 smreferralsatt167 
disease_progression 
H-positive risk:  645 710 94 1117 379 84 1162 382 145 61 165 56 
H-negative risk:  710 645 1162 1117 382 379 84 94 165 145 56 61 
New BC onsets:  0
BC status:  4882 118 
BC subtype:  4882 99 19 

clinical_engagement 
diagnosis 
demography 
69 new agents 
8 dtreferralsatt8 smreferralsatt168 
disease_progression 
H-positive risk:  642 719 93 1117 372 87 1161 388 144 58 160 59 
H-negative risk:  719 642 1161 1117 388 372 87 93 160 144 59 58 
New BC onsets:  0
BC status:  4884 116 
BC subtype:  4884 97 19 

clinical_engagement 
diagnosis 
demography 
79 new agents 
10 dtreferralsatt10 smreferralsatt169 
disease_progression 
H-positive risk:  647 710 93 1107 380 86 1163 392 142 59 162 59 
H-negative risk:  710 647 1163 1107 392 380 86 93 162 142 59 59 
New BC onsets:  0
BC status:  4886 114 
BC subtype:  4886 96 18 

clinical_engagement 
diagnosis 
demography 
104 new agents 
15 dtreferralsatt15 smreferralsatt170 
disease_progression 
H-positive risk:  644 709 91 1106 383 84 1153 400 138 66 164 62 
H-negative risk:  709 644 1153 1106 400 383 84 91 164 138 62 66 
New BC onsets:  0
BC status:  4886 114 
BC subtype:  4886 97 17 

clinical_engagement 
diagnosis 
demography 
85 new agents 
8 dtreferralsatt8 smreferralsatt171 
disease_progression 
H-positive risk:  653 701 94 1099 388 87 1153 403 138 63 161 60 
H-negative risk:  701 653 1153 1099 403 388 87 94 161 138 60 63 
New BC onsets:  0
BC status:  4884 116 
BC subtype:  4884 97 19 

clinical_engagement 
diagnosis 
demography 
62 new agents 
9 dtreferralsatt9 smreferralsatt172 
disease_progression 
H-positive risk:  657 696 94 1108 386 82 1156 396 141 62 162 60 
H-negative risk:  696 657 1156 1108 396 386 82 94 162 141 60 62 
New BC onsets:  0
BC status:  4885 115 
BC subtype:  4885 94 21 

clinical_engagement 
diagnosis 
demography 
91 new agents 
8 dtreferralsatt8 smreferralsatt173 
disease_progression 
H-positive risk:  655 701 95 1105 385 85 1154 395 139 65 161 60 
H-negative risk:  701 655 1154 1105 395 385 85 95 161 139 60 65 
New BC onsets:  0
BC status:  4885 115 
BC subtype:  4885 95 20 

clinical_engagement 
diagnosis 
demography 
78 new agents 
11 dtreferralsatt11 smreferralsatt174 
disease_progression 
H-positive risk:  656 702 97 1104 380 85 1155 397 138 65 162 59 
H-negative risk:  702 656 1155 1104 397 380 85 97 162 138 59 65 
New BC onsets:  0
BC status:  4886 114 
BC subtype:  4886 96 18 

clinical_engagement 
diagnosis 
demography 
93 new agents 
10 dtreferralsatt10 smreferralsatt175 
disease_progression 
H-positive risk:  653 704 97 1109 382 89 1161 388 137 58 164 58 
H-negative risk:  704 653 1161 1109 388 382 89 97 164 137 58 58 
New BC onsets:  0
BC status:  4885 115 
BC subtype:  4885 98 17 

clinical_engagement 
diagnosis 
demography 
61 new agents 
11 dtreferralsatt11 smreferralsatt176 
disease_progression 
H-positive risk:  643 702 97 1118 385 88 1157 394 138 58 165 55 
H-negative risk:  702 643 1157 1118 394 385 88 97 165 138 55 58 
New BC onsets:  0
BC status:  4887 113 
BC subtype:  4887 96 17 

clinical_engagement 
diagnosis 
demography 
68 new agents 
7 dtreferralsatt7 smreferralsatt177 
disease_progression 
H-positive risk:  651 695 101 1124 384 87 1152 396 136 57 162 55 
H-negative risk:  695 651 1152 1124 396 384 87 101 162 136 55 57 
New BC onsets:  0
BC status:  4888 112 
BC subtype:  4888 94 18 

clinical_engagement 
diagnosis 
demography 
52 new agents 
12 dtreferralsatt12 smreferralsatt178 
disease_progression 
H-positive risk:  650 694 102 1126 386 88 1149 396 135 56 162 56 
H-negative risk:  694 650 1149 1126 396 386 88 102 162 135 56 56 
New BC onsets:  0
BC status:  4889 111 
BC subtype:  4889 93 18 

clinical_engagement 
diagnosis 
demography 
67 new agents 
13 dtreferralsatt13 smreferralsatt179 
disease_progression 
H-positive risk:  650 694 101 1127 381 89 1158 390 136 56 159 59 
H-negative risk:  694 650 1158 1127 390 381 89 101 159 136 59 56 
New BC onsets:  0
BC status:  4888 112 
BC subtype:  4888 95 17 

clinical_engagement 
diagnosis 
demography 
82 new agents 
10 dtreferralsatt10 smreferralsatt180 
disease_progression 
H-positive risk:  655 700 104 1119 378 92 1163 383 134 53 163 56 
H-negative risk:  700 655 1163 1119 383 378 92 104 163 134 56 53 
New BC onsets:  0
BC status:  4891 109 
BC subtype:  4891 90 19 

clinical_engagement 
diagnosis 
demography 
76 new agents 
8 dtreferralsatt8 smreferralsatt181 
disease_progression 
H-positive risk:  656 705 102 1114 377 92 1161 384 137 54 161 57 
H-negative risk:  705 656 1161 1114 384 377 92 102 161 137 57 54 
New BC onsets:  0
BC status:  4892 108 
BC subtype:  4892 92 16 

clinical_engagement 
diagnosis 
demography 
93 new agents 
11 dtreferralsatt11 smreferralsatt182 
disease_progression 
H-positive risk:  660 709 103 1097 387 92 1155 389 135 59 156 58 
H-negative risk:  709 660 1155 1097 389 387 92 103 156 135 58 59 
New BC onsets:  0
BC status:  4892 108 
BC subtype:  4892 92 16 

clinical_engagement 
diagnosis 
demography 
71 new agents 
13 dtreferralsatt13 smreferralsatt183 
disease_progression 
H-positive risk:  656 708 101 1106 383 94 1157 385 134 60 158 58 
H-negative risk:  708 656 1157 1106 385 383 94 101 158 134 58 60 
New BC onsets:  0
BC status:  4892 108 
BC subtype:  4892 92 16 

clinical_engagement 
diagnosis 
demography 
77 new agents 
13 dtreferralsatt13 smreferralsatt184 
disease_progression 
H-positive risk:  658 713 99 1112 383 88 1156 382 136 61 156 56 
H-negative risk:  713 658 1156 1112 382 383 88 99 156 136 56 61 
New BC onsets:  0
BC status:  4891 109 
BC subtype:  4891 90 19 

clinical_engagement 
diagnosis 
demography 
75 new agents 
8 dtreferralsatt8 smreferralsatt185 
disease_progression 
H-positive risk:  654 702 97 1115 385 89 1156 390 139 60 158 55 
H-negative risk:  702 654 1156 1115 390 385 89 97 158 139 55 60 
New BC onsets:  0
BC status:  4892 108 
BC subtype:  4892 87 21 

clinical_engagement 
diagnosis 
demography 
59 new agents 
13 dtreferralsatt13 smreferralsatt186 
disease_progression 
H-positive risk:  651 694 95 1119 382 90 1164 394 140 59 158 54 
H-negative risk:  694 651 1164 1119 394 382 90 95 158 140 54 59 
New BC onsets:  0
BC status:  4886 114 
BC subtype:  4886 90 24 

clinical_engagement 
diagnosis 
demography 
80 new agents 
4 dtreferralsatt4 smreferralsatt187 
disease_progression 
H-positive risk:  652 700 98 1113 378 89 1161 401 140 60 157 51 
H-negative risk:  700 652 1161 1113 401 378 89 98 157 140 51 60 
New BC onsets:  0
BC status:  4887 113 
BC subtype:  4887 89 24 

clinical_engagement 
diagnosis 
demography 
94 new agents 
9 dtreferralsatt9 smreferralsatt188 
disease_progression 
H-positive risk:  658 704 99 1109 383 91 1155 394 139 59 158 51 
H-negative risk:  704 658 1155 1109 394 383 91 99 158 139 51 59 
New BC onsets:  0
BC status:  4887 113 
BC subtype:  4887 87 26 

clinical_engagement 
diagnosis 
demography 
52 new agents 
8 dtreferralsatt8 smreferralsatt189 
disease_progression 
H-positive risk:  650 695 97 1124 386 87 1163 390 139 59 158 52 
H-negative risk:  695 650 1163 1124 390 386 87 97 158 139 52 59 
New BC onsets:  0
BC status:  4882 118 
BC subtype:  4882 90 28 

clinical_engagement 
diagnosis 
demography 
60 new agents 
9 dtreferralsatt9 smreferralsatt190 
disease_progression 
H-positive risk:  652 697 101 1124 384 86 1155 395 140 56 158 52 
H-negative risk:  697 652 1155 1124 395 384 86 101 158 140 52 56 
New BC onsets:  0
BC status:  4883 117 
BC subtype:  4883 89 28 

clinical_engagement 
diagnosis 
demography 
74 new agents 
7 dtreferralsatt7 smreferralsatt191 
disease_progression 
H-positive risk:  661 698 103 1125 380 88 1147 390 140 57 160 51 
H-negative risk:  698 661 1147 1125 390 380 88 103 160 140 51 57 
New BC onsets:  0
BC status:  4885 115 
BC subtype:  4885 87 28 

clinical_engagement 
diagnosis 
demography 
88 new agents 
8 dtreferralsatt8 smreferralsatt192 
disease_progression 
H-positive risk:  667 701 103 1120 382 85 1149 388 140 57 159 49 
H-negative risk:  701 667 1149 1120 388 382 85 103 159 140 49 57 
New BC onsets:  0
BC status:  4884 116 
BC subtype:  4884 89 27 

clinical_engagement 
diagnosis 
demography 
74 new agents 
7 dtreferralsatt7 smreferralsatt193 
disease_progression 
H-positive risk:  676 694 102 1125 383 86 1144 391 141 56 151 51 
H-negative risk:  694 676 1144 1125 391 383 86 102 151 141 51 56 
New BC onsets:  0
BC status:  4887 113 
BC subtype:  4887 85 28 

clinical_engagement 
diagnosis 
demography 
100 new agents 
8 dtreferralsatt8 smreferralsatt194 
disease_progression 
H-positive risk:  682 690 97 1132 382 89 1130 400 136 59 151 52 
H-negative risk:  690 682 1130 1132 400 382 89 97 151 136 52 59 
New BC onsets:  0
BC status:  4887 113 
BC subtype:  4887 85 28 

clinical_engagement 
diagnosis 
demography 
76 new agents 
10 dtreferralsatt10 smreferralsatt195 
disease_progression 
H-positive risk:  677 695 96 1138 374 89 1126 400 133 62 157 53 
H-negative risk:  695 677 1126 1138 400 374 89 96 157 133 53 62 
New BC onsets:  0
BC status:  4887 113 
BC subtype:  4887 86 27 

clinical_engagement 
diagnosis 
demography 
64 new agents 
12 dtreferralsatt12 smreferralsatt196 
disease_progression 
H-positive risk:  671 699 93 1143 370 89 1127 397 135 61 162 53 
H-negative risk:  699 671 1127 1143 397 370 89 93 162 135 53 61 
New BC onsets:  0
BC status:  4884 116 
BC subtype:  4884 87 29 

clinical_engagement 
diagnosis 
demography 
71 new agents 
3 dtreferralsatt3 smreferralsatt197 
disease_progression 
H-positive risk:  680 691 92 1151 366 90 1117 403 136 61 163 50 
H-negative risk:  691 680 1117 1151 403 366 90 92 163 136 50 61 
New BC onsets:  0
BC status:  4883 117 
BC subtype:  4883 88 29 

clinical_engagement 
diagnosis 
demography 
65 new agents 
9 dtreferralsatt9 smreferralsatt198 
disease_progression 
H-positive risk:  674 691 93 1149 372 90 1123 398 138 60 162 50 
H-negative risk:  691 674 1123 1149 398 372 90 93 162 138 50 60 
New BC onsets:  0
BC status:  4881 119 
BC subtype:  4881 90 29 

clinical_engagement 
diagnosis 
demography 
87 new agents 
15 dtreferralsatt15 smreferralsatt199 
disease_progression 
H-positive risk:  688 695 91 1144 371 88 1115 392 141 61 163 51 
H-negative risk:  695 688 1115 1144 392 371 88 91 163 141 51 61 
New BC onsets:  0
BC status:  4884 116 
BC subtype:  4884 87 29 

clinical_engagement 
diagnosis 
demography 
70 new agents 
12 dtreferralsatt12 smreferralsatt200 
disease_progression 
H-positive risk:  693 695 93 1136 373 88 1113 395 142 60 160 52 
H-negative risk:  695 693 1113 1136 395 373 88 93 160 142 52 60 
New BC onsets:  0
BC status:  4886 114 
BC subtype:  4886 84 30 

clinical_engagement 
diagnosis 
demography 
73 new agents 
10 dtreferralsatt10 smreferralsatt201 
disease_progression 
H-positive risk:  695 697 93 1135 373 83 1107 397 144 59 161 56 
H-negative risk:  697 695 1107 1135 397 373 83 93 161 144 56 59 
New BC onsets:  0
BC status:  4889 111 
BC subtype:  4889 81 30 

clinical_engagement 
diagnosis 
demography 
60 new agents 
8 dtreferralsatt8 smreferralsatt202 
disease_progression 
H-positive risk:  696 697 93 1141 373 84 1109 396 142 57 155 57 
H-negative risk:  697 696 1109 1141 396 373 84 93 155 142 57 57 
New BC onsets:  0
BC status:  4889 111 
BC subtype:  4889 80 31 

clinical_engagement 
diagnosis 
demography 
75 new agents 
13 dtreferralsatt13 smreferralsatt203 
disease_progression 
H-positive risk:  695 700 91 1146 365 85 1114 393 144 55 154 58 
H-negative risk:  700 695 1114 1146 393 365 85 91 154 144 58 55 
New BC onsets:  0
BC status:  4890 110 
BC subtype:  4890 80 30 

clinical_engagement 
diagnosis 
demography 
76 new agents 
9 dtreferralsatt9 smreferralsatt204 
disease_progression 
H-positive risk:  696 703 93 1147 363 85 1110 394 146 57 151 55 
H-negative risk:  703 696 1110 1147 394 363 85 93 151 146 55 57 
New BC onsets:  0
BC status:  4887 113 
BC subtype:  4887 84 29 

clinical_engagement 
diagnosis 
demography 
72 new agents 
12 dtreferralsatt12 smreferralsatt205 
disease_progression 
H-positive risk:  690 699 95 1147 368 86 1110 389 150 61 154 51 
H-negative risk:  699 690 1110 1147 389 368 86 95 154 150 51 61 
New BC onsets:  0
BC status:  4888 112 
BC subtype:  4888 84 28 

clinical_engagement 
diagnosis 
demography 
89 new agents 
12 dtreferralsatt12 smreferralsatt206 
disease_progression 
H-positive risk:  693 694 94 1142 368 87 1104 403 146 62 154 53 
H-negative risk:  694 693 1104 1142 403 368 87 94 154 146 53 62 
New BC onsets:  0
BC status:  4887 113 
BC subtype:  4887 86 27 

clinical_engagement 
diagnosis 
demography 
86 new agents 
8 dtreferralsatt8 smreferralsatt207 
disease_progression 
H-positive risk:  693 701 95 1118 383 88 1113 396 145 62 153 53 
H-negative risk:  701 693 1113 1118 396 383 88 95 153 145 53 62 
New BC onsets:  0
BC status:  4890 110 
BC subtype:  4890 82 28 

clinical_engagement 
diagnosis 
demography 
80 new agents 
19 dtreferralsatt19 smreferralsatt208 
disease_progression 
H-positive risk:  690 702 96 1117 381 92 1114 393 147 63 151 54 
H-negative risk:  702 690 1114 1117 393 381 92 96 151 147 54 63 
New BC onsets:  0
BC status:  4893 107 
BC subtype:  4893 80 27 

clinical_engagement 
diagnosis 
demography 
69 new agents 
11 dtreferralsatt11 smreferralsatt209 
disease_progression 
H-positive risk:  689 707 92 1114 379 92 1116 395 146 65 152 53 
H-negative risk:  707 689 1116 1114 395 379 92 92 152 146 53 65 
New BC onsets:  0
BC status:  4890 110 
BC subtype:  4890 82 28 

clinical_engagement 
diagnosis 
demography 
72 new agents 
13 dtreferralsatt13 smreferralsatt210 
disease_progression 
H-positive risk:  694 704 90 1119 382 93 1110 396 144 63 151 54 
H-negative risk:  704 694 1110 1119 396 382 93 90 151 144 54 63 
New BC onsets:  0
BC status:  4890 110 
BC subtype:  4890 82 28 

clinical_engagement 
diagnosis 
demography 
72 new agents 
11 dtreferralsatt11 smreferralsatt211 
disease_progression 
H-positive risk:  687 709 90 1118 382 92 1102 400 145 66 152 57 
H-negative risk:  709 687 1102 1118 400 382 92 90 152 145 57 66 
New BC onsets:  0
BC status:  4889 111 
BC subtype:  4889 84 27 

clinical_engagement 
diagnosis 
demography 
75 new agents 
4 dtreferralsatt4 smreferralsatt212 
disease_progression 
H-positive risk:  682 708 90 1111 383 91 1109 404 142 69 150 61 
H-negative risk:  708 682 1109 1111 404 383 91 90 150 142 61 69 
New BC onsets:  0
BC status:  4885 115 
BC subtype:  4885 88 27 

clinical_engagement 
diagnosis 
demography 
83 new agents 
10 dtreferralsatt10 smreferralsatt213 
disease_progression 
H-positive risk:  678 713 90 1102 386 93 1110 402 145 67 150 64 
H-negative risk:  713 678 1110 1102 402 386 93 90 150 145 64 67 
New BC onsets:  0
BC status:  4885 115 
BC subtype:  4885 87 28 

clinical_engagement 
diagnosis 
demography 
70 new agents 
9 dtreferralsatt9 smreferralsatt214 
disease_progression 
H-positive risk:  678 712 95 1103 388 93 1108 399 145 66 151 62 
H-negative risk:  712 678 1108 1103 399 388 93 95 151 145 62 66 
New BC onsets:  0
BC status:  4888 112 
BC subtype:  4888 85 27 

clinical_engagement 
diagnosis 
demography 
62 new agents 
11 dtreferralsatt11 smreferralsatt215 
disease_progression 
H-positive risk:  678 708 95 1103 391 93 1106 401 145 67 150 63 
H-negative risk:  708 678 1106 1103 401 391 93 95 150 145 63 67 
New BC onsets:  0
BC status:  4889 111 
BC subtype:  4889 84 27 

clinical_engagement 
diagnosis 
demography 
84 new agents 
10 dtreferralsatt10 smreferralsatt216 
disease_progression 
H-positive risk:  677 687 97 1112 402 91 1114 398 147 65 147 63 
H-negative risk:  687 677 1114 1112 398 402 91 97 147 147 63 65 
New BC onsets:  0
BC status:  4891 109 
BC subtype:  4891 83 26 

clinical_engagement 
diagnosis 
demography 
80 new agents 
7 dtreferralsatt7 smreferralsatt217 
disease_progression 
H-positive risk:  681 687 98 1094 408 93 1107 408 146 65 149 64 
H-negative risk:  687 681 1107 1094 408 408 93 98 149 146 64 65 
New BC onsets:  0
BC status:  4886 114 
BC subtype:  4886 88 26 

clinical_engagement 
diagnosis 
demography 
90 new agents 
8 dtreferralsatt8 smreferralsatt218 
disease_progression 
H-positive risk:  686 692 98 1087 413 94 1103 411 147 58 149 62 
H-negative risk:  692 686 1103 1087 411 413 94 98 149 147 62 58 
New BC onsets:  0
BC status:  4887 113 
BC subtype:  4887 86 27 

clinical_engagement 
diagnosis 
demography 
81 new agents 
18 dtreferralsatt18 smreferralsatt219 
disease_progression 
H-positive risk:  690 679 98 1091 423 93 1095 412 150 55 149 65 
H-negative risk:  679 690 1095 1091 412 423 93 98 149 150 65 55 
New BC onsets:  0
BC status:  4890 110 
BC subtype:  4890 84 26 

clinical_engagement 
diagnosis 
demography 
88 new agents 
13 dtreferralsatt13 smreferralsatt220 
disease_progression 
H-positive risk:  693 674 100 1104 420 92 1093 406 148 56 147 67 
H-negative risk:  674 693 1093 1104 406 420 92 100 147 148 67 56 
New BC onsets:  0
BC status:  4891 109 
BC subtype:  4891 85 24 

clinical_engagement 
diagnosis 
demography 
74 new agents 
11 dtreferralsatt11 smreferralsatt221 
disease_progression 
H-positive risk:  692 672 101 1099 420 95 1093 408 149 58 146 67 
H-negative risk:  672 692 1093 1099 408 420 95 101 146 149 67 58 
New BC onsets:  0
BC status:  4888 112 
BC subtype:  4888 86 26 

clinical_engagement 
diagnosis 
demography 
89 new agents 
11 dtreferralsatt11 smreferralsatt222 
disease_progression 
H-positive risk:  698 678 102 1094 421 97 1081 412 146 57 148 66 
H-negative risk:  678 698 1081 1094 412 421 97 102 148 146 66 57 
New BC onsets:  0
BC status:  4884 116 
BC subtype:  4884 90 26 

clinical_engagement 
diagnosis 
demography 
69 new agents 
10 dtreferralsatt10 smreferralsatt223 
disease_progression 
H-positive risk:  705 678 104 1092 414 97 1090 407 142 58 144 69 
H-negative risk:  678 705 1090 1092 407 414 97 104 144 142 69 58 
New BC onsets:  0
BC status:  4883 117 
BC subtype:  4883 89 28 

clinical_engagement 
diagnosis 
demography 
65 new agents 
6 dtreferralsatt6 smreferralsatt224 
disease_progression 
H-positive risk:  701 672 105 1102 415 97 1090 405 142 58 145 68 
H-negative risk:  672 701 1090 1102 405 415 97 105 145 142 68 58 
New BC onsets:  0
BC status:  4885 115 
BC subtype:  4885 88 27 

clinical_engagement 
diagnosis 
demography 
80 new agents 
8 dtreferralsatt8 smreferralsatt225 
disease_progression 
H-positive risk:  695 673 104 1101 416 95 1099 409 138 58 145 67 
H-negative risk:  673 695 1099 1101 409 416 95 104 145 138 67 58 
New BC onsets:  0
BC status:  4886 114 
BC subtype:  4886 88 26 

clinical_engagement 
diagnosis 
demography 
72 new agents 
8 dtreferralsatt8 smreferralsatt226 
disease_progression 
H-positive risk:  692 665 105 1109 405 96 1099 415 143 57 144 70 
H-negative risk:  665 692 1099 1109 415 405 96 105 144 143 70 57 
New BC onsets:  0
BC status:  4884 116 
BC subtype:  4884 91 25 

clinical_engagement 
diagnosis 
demography 
68 new agents 
12 dtreferralsatt12 smreferralsatt227 
disease_progression 
H-positive risk:  690 665 104 1114 399 99 1105 407 144 59 144 70 
H-negative risk:  665 690 1105 1114 407 399 99 104 144 144 70 59 
New BC onsets:  0
BC status:  4883 117 
BC subtype:  4883 92 25 

clinical_engagement 
diagnosis 
demography 
62 new agents 
9 dtreferralsatt9 smreferralsatt228 
disease_progression 
H-positive risk:  692 662 106 1112 403 100 1102 405 144 60 145 69 
H-negative risk:  662 692 1102 1112 405 403 100 106 145 144 69 60 
New BC onsets:  0
BC status:  4886 114 
BC subtype:  4886 90 24 

clinical_engagement 
diagnosis 
demography 
65 new agents 
11 dtreferralsatt11 smreferralsatt229 
disease_progression 
H-positive risk:  690 655 106 1097 419 104 1100 408 142 62 146 71 
H-negative risk:  655 690 1100 1097 408 419 104 106 146 142 71 62 
New BC onsets:  0
BC status:  4885 115 
BC subtype:  4885 91 24 

clinical_engagement 
diagnosis 
demography 
83 new agents 
7 dtreferralsatt7 smreferralsatt230 
disease_progression 
H-positive risk:  686 652 105 1098 424 106 1098 413 143 65 142 68 
H-negative risk:  652 686 1098 1098 413 424 106 105 142 143 68 65 
New BC onsets:  0
BC status:  4882 118 
BC subtype:  4882 94 24 

clinical_engagement 
diagnosis 
demography 
87 new agents 
9 dtreferralsatt9 smreferralsatt231 
disease_progression 
H-positive risk:  684 656 102 1109 416 108 1100 412 141 67 139 66 
H-negative risk:  656 684 1100 1109 412 416 108 102 139 141 66 67 
New BC onsets:  0
BC status:  4885 115 
BC subtype:  4885 90 25 

clinical_engagement 
diagnosis 
demography 
83 new agents 
5 dtreferralsatt5 smreferralsatt232 
disease_progression 
H-positive risk:  678 665 101 1101 426 110 1095 418 141 66 135 64 
H-negative risk:  665 678 1095 1101 418 426 110 101 135 141 64 66 
New BC onsets:  0
BC status:  4885 115 
BC subtype:  4885 89 26 

clinical_engagement 
diagnosis 
demography 
77 new agents 
10 dtreferralsatt10 smreferralsatt233 
disease_progression 
H-positive risk:  681 664 104 1096 424 109 1097 417 142 70 134 62 
H-negative risk:  664 681 1097 1096 417 424 109 104 134 142 62 70 
New BC onsets:  0
BC status:  4884 116 
BC subtype:  4884 89 27 

clinical_engagement 
diagnosis 
demography 
76 new agents 
10 dtreferralsatt10 smreferralsatt234 
disease_progression 
H-positive risk:  678 661 109 1098 422 108 1100 413 144 70 133 64 
H-negative risk:  661 678 1100 1098 413 422 108 109 133 144 64 70 
New BC onsets:  0
BC status:  4887 113 
BC subtype:  4887 88 25 

clinical_engagement 
diagnosis 
demography 
71 new agents 
8 dtreferralsatt8 smreferralsatt235 
disease_progression 
H-positive risk:  675 660 107 1096 427 105 1098 420 145 70 131 66 
H-negative risk:  660 675 1098 1096 420 427 105 107 131 145 66 70 
New BC onsets:  0
BC status:  4886 114 
BC subtype:  4886 90 24 

clinical_engagement 
diagnosis 
demography 
76 new agents 
15 dtreferralsatt15 smreferralsatt236 
disease_progression 
H-positive risk:  675 667 106 1097 427 104 1091 423 143 70 132 65 
H-negative risk:  667 675 1091 1097 423 427 104 106 132 143 65 70 
New BC onsets:  0
BC status:  4887 113 
BC subtype:  4887 90 23 

clinical_engagement 
diagnosis 
demography 
70 new agents 
13 dtreferralsatt13 smreferralsatt237 
disease_progression 
H-positive risk:  678 670 102 1094 426 105 1088 421 143 69 137 67 
H-negative risk:  670 678 1088 1094 421 426 105 102 137 143 67 69 
New BC onsets:  0
BC status:  4888 112 
BC subtype:  4888 90 22 

clinical_engagement 
diagnosis 
demography 
85 new agents 
12 dtreferralsatt12 smreferralsatt238 
disease_progression 
H-positive risk:  684 666 99 1101 420 104 1086 417 147 69 140 67 
H-negative risk:  666 684 1086 1101 417 420 104 99 140 147 67 69 
New BC onsets:  0
BC status:  4887 113 
BC subtype:  4887 90 23 

clinical_engagement 
diagnosis 
demography 
61 new agents 
10 dtreferralsatt10 smreferralsatt239 
disease_progression 
H-positive risk:  686 668 99 1094 422 105 1080 422 146 70 143 65 
H-negative risk:  668 686 1080 1094 422 422 105 99 143 146 65 70 
New BC onsets:  0
BC status:  4886 114 
BC subtype:  4886 91 23 

clinical_engagement 
diagnosis 
demography 
74 new agents 
13 dtreferralsatt13 smreferralsatt240 
disease_progression 
H-positive risk:  690 665 102 1093 429 108 1072 420 145 70 142 64 
H-negative risk:  665 690 1072 1093 420 429 108 102 142 145 64 70 
New BC onsets:  0
BC status:  4889 111 
BC subtype:  4889 88 23 

clinical_engagement 
diagnosis 
demography 
87 new agents 
12 dtreferralsatt12 smreferralsatt241 
disease_progression 
H-positive risk:  684 672 106 1080 438 106 1073 417 147 68 143 66 
H-negative risk:  672 684 1073 1080 417 438 106 106 143 147 66 68 
New BC onsets:  0
BC status:  4885 115 
BC subtype:  4885 89 26 

clinical_engagement 
diagnosis 
demography 
83 new agents 
19 dtreferralsatt19 smreferralsatt242 
disease_progression 
H-positive risk:  673 676 107 1083 440 101 1073 421 151 66 139 70 
H-negative risk:  676 673 1073 1083 421 440 101 107 139 151 70 66 
New BC onsets:  0
BC status:  4884 116 
BC subtype:  4884 90 26 

clinical_engagement 
diagnosis 
demography 
79 new agents 
17 dtreferralsatt17 smreferralsatt243 
disease_progression 
H-positive risk:  667 679 109 1087 440 99 1077 419 153 62 139 69 
H-negative risk:  679 667 1077 1087 419 440 99 109 139 153 69 62 
New BC onsets:  0
BC status:  4883 117 
BC subtype:  4883 88 29 

clinical_engagement 
diagnosis 
demography 
77 new agents 
7 dtreferralsatt7 smreferralsatt244 
disease_progression 
H-positive risk:  664 687 110 1076 443 98 1082 417 155 62 138 68 
H-negative risk:  687 664 1082 1076 417 443 98 110 138 155 68 62 
New BC onsets:  0
BC status:  4884 116 
BC subtype:  4884 89 27 

clinical_engagement 
diagnosis 
demography 
77 new agents 
12 dtreferralsatt12 smreferralsatt245 
disease_progression 
H-positive risk:  666 692 110 1084 439 99 1070 415 154 62 139 70 
H-negative risk:  692 666 1070 1084 415 439 99 110 139 154 70 62 
New BC onsets:  0
BC status:  4884 116 
BC subtype:  4884 90 26 

clinical_engagement 
diagnosis 
demography 
75 new agents 
15 dtreferralsatt15 smreferralsatt246 
disease_progression 
H-positive risk:  670 698 108 1084 435 98 1072 410 154 59 140 72 
H-negative risk:  698 670 1072 1084 410 435 98 108 140 154 72 59 
New BC onsets:  0
BC status:  4882 118 
BC subtype:  4882 92 26 

clinical_engagement 
diagnosis 
demography 
70 new agents 
10 dtreferralsatt10 smreferralsatt247 
disease_progression 
H-positive risk:  670 698 108 1079 430 98 1073 417 154 61 140 72 
H-negative risk:  698 670 1073 1079 417 430 98 108 140 154 72 61 
New BC onsets:  0
BC status:  4882 118 
BC subtype:  4882 91 27 

clinical_engagement 
diagnosis 
demography 
82 new agents 
9 dtreferralsatt9 smreferralsatt248 
disease_progression 
H-positive risk:  666 698 107 1083 430 96 1078 410 158 60 142 72 
H-negative risk:  698 666 1078 1083 410 430 96 107 142 158 72 60 
New BC onsets:  0
BC status:  4889 111 
BC subtype:  4889 84 27 

clinical_engagement 
diagnosis 
demography 
68 new agents 
14 dtreferralsatt14 smreferralsatt249 
disease_progression 
H-positive risk:  672 689 108 1087 432 96 1076 408 156 60 143 73 
H-negative risk:  689 672 1076 1087 408 432 96 108 143 156 73 60 
New BC onsets:  0
BC status:  4891 109 
BC subtype:  4891 82 27 

clinical_engagement 
diagnosis 
demography 
79 new agents 
10 dtreferralsatt10 smreferralsatt250 
disease_progression 
H-positive risk:  664 691 108 1090 430 96 1078 412 156 60 145 70 
H-negative risk:  691 664 1078 1090 412 430 96 108 145 156 70 60 
New BC onsets:  0
BC status:  4893 107 
BC subtype:  4893 79 28 

clinical_engagement 
diagnosis 
demography 
72 new agents 
8 dtreferralsatt8 smreferralsatt251 
disease_progression 
H-positive risk:  661 686 106 1090 434 98 1080 415 159 57 144 70 
H-negative risk:  686 661 1080 1090 415 434 98 106 144 159 70 57 
New BC onsets:  0
BC status:  4893 107 
BC subtype:  4893 78 29 

clinical_engagement 
diagnosis 
demography 
69 new agents 
8 dtreferralsatt8 smreferralsatt252 
disease_progression 
H-positive risk:  666 687 105 1088 434 99 1074 415 160 57 143 72 
H-negative risk:  687 666 1074 1088 415 434 99 105 143 160 72 57 
New BC onsets:  0
BC status:  4893 107 
BC subtype:  4893 78 29 

clinical_engagement 
diagnosis 
demography 
65 new agents 
7 dtreferralsatt7 smreferralsatt253 
disease_progression 
H-positive risk:  659 692 103 1089 434 98 1073 420 159 56 143 74 
H-negative risk:  692 659 1073 1089 420 434 98 103 143 159 74 56 
New BC onsets:  0
BC status:  4894 106 
BC subtype:  4894 78 28 

clinical_engagement 
diagnosis 
demography 
84 new agents 
9 dtreferralsatt9 smreferralsatt254 
disease_progression 
H-positive risk:  663 697 104 1085 426 101 1075 419 161 56 141 72 
H-negative risk:  697 663 1075 1085 419 426 101 104 141 161 72 56 
New BC onsets:  0
BC status:  4893 107 
BC subtype:  4893 79 28 

clinical_engagement 
diagnosis 
demography 
87 new agents 
8 dtreferralsatt8 smreferralsatt255 
disease_progression 
H-positive risk:  665 698 105 1088 432 99 1079 411 161 53 141 68 
H-negative risk:  698 665 1079 1088 411 432 99 105 141 161 68 53 
New BC onsets:  0
BC status:  4892 108 
BC subtype:  4892 81 27 

clinical_engagement 
diagnosis 
demography 
68 new agents 
11 dtreferralsatt11 smreferralsatt256 
disease_progression 
H-positive risk:  664 697 104 1093 432 101 1079 407 156 55 144 68 
H-negative risk:  697 664 1079 1093 407 432 101 104 144 156 68 55 
New BC onsets:  0
BC status:  4894 106 
BC subtype:  4894 81 25 

clinical_engagement 
diagnosis 
demography 
68 new agents 
11 dtreferralsatt11 smreferralsatt257 
disease_progression 
H-positive risk:  660 698 104 1086 440 100 1074 415 157 54 147 65 
H-negative risk:  698 660 1074 1086 415 440 100 104 147 157 65 54 
New BC onsets:  0
BC status:  4895 105 
BC subtype:  4895 80 25 

clinical_engagement 
diagnosis 
demography 
74 new agents 
14 dtreferralsatt14 smreferralsatt258 
disease_progression 
H-positive risk:  656 691 103 1077 442 101 1083 423 156 58 146 64 
H-negative risk:  691 656 1083 1077 423 442 101 103 146 156 64 58 
New BC onsets:  0
BC status:  4896 104 
BC subtype:  4896 80 24 

clinical_engagement 
diagnosis 
demography 
77 new agents 
12 dtreferralsatt12 smreferralsatt259 
disease_progression 
H-positive risk:  657 693 103 1076 443 97 1083 424 157 60 146 61 
H-negative risk:  693 657 1083 1076 424 443 97 103 146 157 61 60 
New BC onsets:  0
BC status:  4894 106 
BC subtype:  4894 80 26 

clinical_engagement 
diagnosis 
demography 
92 new agents 
14 dtreferralsatt14 smreferralsatt260 
disease_progression 
H-positive risk:  666 688 102 1082 450 97 1074 416 160 59 144 62 
H-negative risk:  688 666 1074 1082 416 450 97 102 144 160 62 59 
New BC onsets:  0
BC status:  4893 107 
BC subtype:  4893 80 27 

clinical_engagement 
diagnosis 
demography 
76 new agents 
9 dtreferralsatt9 smreferralsatt261 
disease_progression 
H-positive risk:  664 695 99 1077 455 98 1064 418 161 61 142 66 
H-negative risk:  695 664 1064 1077 418 455 98 99 142 161 66 61 
New BC onsets:  0
BC status:  4891 109 
BC subtype:  4891 82 27 

clinical_engagement 
diagnosis 
demography 
76 new agents 
16 dtreferralsatt16 smreferralsatt262 
disease_progression 
H-positive risk:  660 702 97 1080 451 99 1061 422 161 59 141 67 
H-negative risk:  702 660 1061 1080 422 451 99 97 141 161 67 59 
New BC onsets:  0
BC status:  4894 106 
BC subtype:  4894 79 27 

clinical_engagement 
diagnosis 
demography 
73 new agents 
10 dtreferralsatt10 smreferralsatt263 
disease_progression 
H-positive risk:  658 701 98 1085 446 97 1066 419 164 58 139 69 
H-negative risk:  701 658 1066 1085 419 446 97 98 139 164 69 58 
New BC onsets:  0
BC status:  4897 103 
BC subtype:  4897 79 24 

clinical_engagement 
diagnosis 
demography 
80 new agents 
3 dtreferralsatt3 smreferralsatt264 
disease_progression 
H-positive risk:  651 708 97 1091 439 98 1068 422 168 54 138 66 
H-negative risk:  708 651 1068 1091 422 439 98 97 138 168 66 54 
New BC onsets:  0
BC status:  4898 102 
BC subtype:  4898 77 25 

clinical_engagement 
diagnosis 
demography 
78 new agents 
6 dtreferralsatt6 smreferralsatt265 
disease_progression 
H-positive risk:  656 707 99 1093 439 97 1061 424 166 53 139 66 
H-negative risk:  707 656 1061 1093 424 439 97 99 139 166 66 53 
New BC onsets:  0
BC status:  4900 100 
BC subtype:  4900 75 25 

clinical_engagement 
diagnosis 
demography 
90 new agents 
10 dtreferralsatt10 smreferralsatt266 
disease_progression 
H-positive risk:  662 699 99 1113 420 95 1069 424 164 52 139 64 
H-negative risk:  699 662 1069 1113 424 420 95 99 139 164 64 52 
New BC onsets:  0
BC status:  4901 99 
BC subtype:  4901 76 23 

clinical_engagement 
diagnosis 
demography 
85 new agents 
9 dtreferralsatt9 smreferralsatt267 
disease_progression 
H-positive risk:  673 696 101 1102 414 94 1069 428 167 53 141 62 
H-negative risk:  696 673 1069 1102 428 414 94 101 141 167 62 53 
New BC onsets:  0
BC status:  4902 98 
BC subtype:  4902 76 22 

clinical_engagement 
diagnosis 
demography 
81 new agents 
16 dtreferralsatt16 smreferralsatt268 
disease_progression 
H-positive risk:  664 697 101 1106 409 92 1076 432 167 56 139 61 
H-negative risk:  697 664 1076 1106 432 409 92 101 139 167 61 56 
New BC onsets:  0
BC status:  4905 95 
BC subtype:  4905 74 21 

clinical_engagement 
diagnosis 
demography 
79 new agents 
17 dtreferralsatt17 smreferralsatt269 
disease_progression 
H-positive risk:  668 700 101 1111 413 91 1067 434 164 55 135 61 
H-negative risk:  700 668 1067 1111 434 413 91 101 135 164 61 55 
New BC onsets:  0
BC status:  4905 95 
BC subtype:  4905 75 20 

clinical_engagement 
diagnosis 
demography 
69 new agents 
11 dtreferralsatt11 smreferralsatt270 
disease_progression 
H-positive risk:  662 698 99 1107 415 95 1064 434 166 58 136 66 
H-negative risk:  698 662 1064 1107 434 415 95 99 136 166 66 58 
New BC onsets:  0
BC status:  4906 94 
BC subtype:  4906 77 17 

clinical_engagement 
diagnosis 
demography 
87 new agents 
11 dtreferralsatt11 smreferralsatt271 
disease_progression 
H-positive risk:  670 702 98 1107 406 98 1063 428 161 60 139 68 
H-negative risk:  702 670 1063 1107 428 406 98 98 139 161 68 60 
New BC onsets:  0
BC status:  4905 95 
BC subtype:  4905 78 17 

clinical_engagement 
diagnosis 
demography 
70 new agents 
9 dtreferralsatt9 smreferralsatt272 
disease_progression 
H-positive risk:  672 699 98 1111 406 101 1058 430 159 60 137 69 
H-negative risk:  699 672 1058 1111 430 406 101 98 137 159 69 60 
New BC onsets:  0
BC status:  4906 94 
BC subtype:  4906 77 17 

clinical_engagement 
diagnosis 
demography 
62 new agents 
7 dtreferralsatt7 smreferralsatt273 
disease_progression 
H-positive risk:  679 699 99 1121 400 102 1048 428 159 61 134 70 
H-negative risk:  699 679 1048 1121 428 400 102 99 134 159 70 61 
New BC onsets:  0
BC status:  4903 97 
BC subtype:  4903 79 18 

clinical_engagement 
diagnosis 
demography 
67 new agents 
8 dtreferralsatt8 smreferralsatt274 
disease_progression 
H-positive risk:  683 692 100 1120 404 104 1058 421 159 61 131 67 
H-negative risk:  692 683 1058 1120 421 404 104 100 131 159 67 61 
New BC onsets:  0
BC status:  4902 98 
BC subtype:  4902 80 18 

clinical_engagement 
diagnosis 
demography 
70 new agents 
6 dtreferralsatt6 smreferralsatt275 
disease_progression 
H-positive risk:  679 690 99 1115 408 103 1056 428 160 63 131 68 
H-negative risk:  690 679 1056 1115 428 408 103 99 131 160 68 63 
New BC onsets:  0
BC status:  4901 99 
BC subtype:  4901 80 19 

clinical_engagement 
diagnosis 
demography 
87 new agents 
12 dtreferralsatt12 smreferralsatt276 
disease_progression 
H-positive risk:  680 691 98 1118 402 105 1060 424 158 65 134 65 
H-negative risk:  691 680 1060 1118 424 402 105 98 134 158 65 65 
New BC onsets:  0
BC status:  4904 96 
BC subtype:  4904 78 18 

clinical_engagement 
diagnosis 
demography 
74 new agents 
5 dtreferralsatt5 smreferralsatt277 
disease_progression 
H-positive risk:  677 694 100 1114 401 106 1060 425 154 68 138 63 
H-negative risk:  694 677 1060 1114 425 401 106 100 138 154 63 68 
New BC onsets:  0
BC status:  4904 96 
BC subtype:  4904 78 18 

clinical_engagement 
diagnosis 
demography 
73 new agents 
14 dtreferralsatt14 smreferralsatt278 
disease_progression 
H-positive risk:  683 691 99 1112 397 102 1067 425 155 68 135 66 
H-negative risk:  691 683 1067 1112 425 397 102 99 135 155 66 68 
New BC onsets:  0
BC status:  4902 98 
BC subtype:  4902 80 18 

clinical_engagement 
diagnosis 
demography 
85 new agents 
7 dtreferralsatt7 smreferralsatt279 
disease_progression 
H-positive risk:  687 695 100 1102 401 101 1073 419 152 70 133 67 
H-negative risk:  695 687 1073 1102 419 401 101 100 133 152 67 70 
New BC onsets:  0
BC status:  4901 99 
BC subtype:  4901 81 18 

clinical_engagement 
diagnosis 
demography 
68 new agents 
6 dtreferralsatt6 smreferralsatt280 
disease_progression 
H-positive risk:  686 689 102 1100 407 102 1079 412 154 71 132 66 
H-negative risk:  689 686 1079 1100 412 407 102 102 132 154 66 71 
New BC onsets:  0
BC status:  4905 95 
BC subtype:  4905 78 17 

clinical_engagement 
diagnosis 
demography 
71 new agents 
14 dtreferralsatt14 smreferralsatt281 
disease_progression 
H-positive risk:  686 688 102 1102 413 100 1073 411 154 69 133 69 
H-negative risk:  688 686 1073 1102 411 413 100 102 133 154 69 69 
New BC onsets:  0
BC status:  4906 94 
BC subtype:  4906 77 17 

clinical_engagement 
diagnosis 
demography 
70 new agents 
7 dtreferralsatt7 smreferralsatt282 
disease_progression 
H-positive risk:  690 685 104 1094 410 98 1077 408 161 68 136 69 
H-negative risk:  685 690 1077 1094 408 410 98 104 136 161 69 68 
New BC onsets:  0
BC status:  4909 91 
BC subtype:  4909 74 17 

clinical_engagement 
diagnosis 
demography 
75 new agents 
9 dtreferralsatt9 smreferralsatt283 
disease_progression 
H-positive risk:  689 680 103 1094 419 98 1082 403 161 66 135 70 
H-negative risk:  680 689 1082 1094 403 419 98 103 135 161 70 66 
New BC onsets:  0
BC status:  4910 90 
BC subtype:  4910 74 16 

clinical_engagement 
diagnosis 
demography 
82 new agents 
11 dtreferralsatt11 smreferralsatt284 
disease_progression 
H-positive risk:  696 671 102 1095 416 97 1093 405 161 67 133 64 
H-negative risk:  671 696 1093 1095 405 416 97 102 133 161 64 67 
New BC onsets:  0
BC status:  4912 88 
BC subtype:  4912 72 16 

clinical_engagement 
diagnosis 
demography 
79 new agents 
10 dtreferralsatt10 smreferralsatt285 
disease_progression 
H-positive risk:  702 667 99 1092 427 93 1088 403 161 69 134 65 
H-negative risk:  667 702 1088 1092 403 427 93 99 134 161 65 69 
New BC onsets:  0
BC status:  4908 92 
BC subtype:  4908 76 16 

clinical_engagement 
diagnosis 
demography 
83 new agents 
9 dtreferralsatt9 smreferralsatt286 
disease_progression 
H-positive risk:  705 666 98 1094 427 88 1090 404 168 68 131 61 
H-negative risk:  666 705 1090 1094 404 427 88 98 131 168 61 68 
New BC onsets:  0
BC status:  4903 97 
BC subtype:  4903 79 18 

clinical_engagement 
diagnosis 
demography 
74 new agents 
8 dtreferralsatt8 smreferralsatt287 
disease_progression 
H-positive risk:  703 667 99 1094 429 91 1086 403 168 69 129 62 
H-negative risk:  667 703 1086 1094 403 429 91 99 129 168 62 69 
New BC onsets:  0
BC status:  4903 97 
BC subtype:  4903 77 20 

clinical_engagement 
diagnosis 
demography 
81 new agents 
11 dtreferralsatt11 smreferralsatt288 
disease_progression 
H-positive risk:  699 666 102 1099 431 94 1080 407 169 65 125 63 
H-negative risk:  666 699 1080 1099 407 431 94 102 125 169 63 65 
New BC onsets:  0
BC status:  4907 93 
BC subtype:  4907 75 18 

clinical_engagement 
diagnosis 
demography 
83 new agents 
12 dtreferralsatt12 smreferralsatt289 
disease_progression 
H-positive risk:  692 669 102 1097 432 95 1084 405 171 64 124 65 
H-negative risk:  669 692 1084 1097 405 432 95 102 124 171 65 64 
New BC onsets:  0
BC status:  4910 90 
BC subtype:  4910 72 18 

clinical_engagement 
diagnosis 
demography 
74 new agents 
16 dtreferralsatt16 smreferralsatt290 
disease_progression 
H-positive risk:  689 667 103 1103 432 94 1091 394 175 65 121 66 
H-negative risk:  667 689 1091 1103 394 432 94 103 121 175 66 65 
New BC onsets:  0
BC status:  4910 90 
BC subtype:  4910 71 19 

clinical_engagement 
diagnosis 
demography 
63 new agents 
10 dtreferralsatt10 smreferralsatt291 
disease_progression 
H-positive risk:  689 671 103 1103 433 94 1085 399 171 66 121 65 
H-negative risk:  671 689 1085 1103 399 433 94 103 121 171 65 66 
New BC onsets:  0
BC status:  4910 90 
BC subtype:  4910 72 18 

clinical_engagement 
diagnosis 
demography 
70 new agents 
12 dtreferralsatt12 smreferralsatt292 
disease_progression 
H-positive risk:  690 676 105 1098 437 95 1077 400 165 69 122 66 
H-negative risk:  676 690 1077 1098 400 437 95 105 122 165 66 69 
New BC onsets:  0
BC status:  4914 86 
BC subtype:  4914 68 18 

clinical_engagement 
diagnosis 
demography 
74 new agents 
3 dtreferralsatt3 smreferralsatt293 
disease_progression 
H-positive risk:  690 689 104 1098 423 98 1084 400 160 67 123 64 
H-negative risk:  689 690 1084 1098 400 423 98 104 123 160 64 67 
New BC onsets:  0
BC status:  4912 88 
BC subtype:  4912 70 18 

clinical_engagement 
diagnosis 
demography 
93 new agents 
3 dtreferralsatt3 smreferralsatt294 
disease_progression 
H-positive risk:  693 687 103 1098 424 98 1089 396 160 67 119 66 
H-negative risk:  687 693 1089 1098 396 424 98 103 119 160 66 67 
New BC onsets:  0
BC status:  4916 84 
BC subtype:  4916 68 16 

clinical_engagement 
diagnosis 
demography 
78 new agents 
10 dtreferralsatt10 smreferralsatt295 
disease_progression 
H-positive risk:  700 682 104 1095 424 99 1089 393 159 68 120 67 
H-negative risk:  682 700 1089 1095 393 424 99 104 120 159 67 68 
New BC onsets:  0
BC status:  4918 82 
BC subtype:  4918 66 16 

clinical_engagement 
diagnosis 
demography 
83 new agents 
8 dtreferralsatt8 smreferralsatt296 
disease_progression 
H-positive risk:  696 676 105 1096 426 99 1101 390 158 68 119 66 
H-negative risk:  676 696 1101 1096 390 426 99 105 119 158 66 68 
New BC onsets:  0
BC status:  4921 79 
BC subtype:  4921 63 16 

clinical_engagement 
diagnosis 
demography 
63 new agents 
10 dtreferralsatt10 smreferralsatt297 
disease_progression 
H-positive risk:  695 677 104 1095 429 96 1090 404 159 65 120 66 
H-negative risk:  677 695 1090 1095 404 429 96 104 120 159 66 65 
New BC onsets:  0
BC status:  4920 80 
BC subtype:  4920 65 15 

clinical_engagement 
diagnosis 
demography 
74 new agents 
8 dtreferralsatt8 smreferralsatt298 
disease_progression 
H-positive risk:  699 676 103 1095 427 97 1089 402 159 66 122 65 
H-negative risk:  676 699 1089 1095 402 427 97 103 122 159 65 66 
New BC onsets:  0
BC status:  4918 82 
BC subtype:  4918 67 15 

clinical_engagement 
diagnosis 
demography 
74 new agents 
9 dtreferralsatt9 smreferralsatt299 
disease_progression 
H-positive risk:  703 667 103 1108 431 95 1083 405 158 60 123 64 
H-negative risk:  667 703 1083 1108 405 431 95 103 123 158 64 60 
New BC onsets:  0
BC status:  4918 82 
BC subtype:  4918 69 13 

clinical_engagement 
diagnosis 
demography 
70 new agents 
9 dtreferralsatt9 smreferralsatt300 
disease_progression 
H-positive risk:  703 662 100 1111 421 95 1092 409 159 60 125 63 
H-negative risk:  662 703 1092 1111 409 421 95 100 125 159 63 60 
New BC onsets:  0
BC status:  4915 85 
BC subtype:  4915 72 13 

clinical_engagement 
diagnosis 
demography 
63 new agents 
6 dtreferralsatt6 smreferralsattTime difference of 17.73125 mins
This is task 26
date
