date
Note that the current default version of R is 3.6.1.
Loading required package: network
network: Classes for Relational Data
Version 1.15 created on 2019-04-01.
copyright (c) 2005, Carter T. Butts, University of California-Irvine
                    Mark S. Handcock, University of California -- Los Angeles
                    David R. Hunter, Penn State University
                    Martina Morris, University of Washington
                    Skye Bender-deMoll, University of Washington
 For citation information, type citation("network").
 Type help("network-package") to get started.


networkDynamic: version 0.10.0, created on 2019-04-04
Copyright (c) 2019, Carter T. Butts, University of California -- Irvine
                    Ayn Leslie-Cook, University of Washington
                    Pavel N. Krivitsky, University of Wollongong
                    Skye Bender-deMoll, University of Washington
                    with contributions from
                    Zack Almquist, University of California -- Irvine
                    David R. Hunter, Penn State University
                    Li Wang
                    Kirk Li, University of Washington
                    Steven M. Goodreau, University of Washington
                    Jeffrey Horner
                    Martina Morris, University of Washington
Based on "statnet" project software (statnet.org).
For license and citation information see statnet.org/attribution
or type citation("networkDynamic").

Loading required package: statnet.common

Attaching package: 'statnet.common'

The following object is masked from 'package:base':

    order

sna: Tools for Social Network Analysis
Version 2.4 created on 2016-07-23.
copyright (c) 2005, Carter T. Butts, University of California-Irvine
 For citation information, type citation("sna").
 Type help(package="sna") to get started.


ergm: version 3.10.4, created on 2019-06-10
Copyright (c) 2019, Mark S. Handcock, University of California -- Los Angeles
                    David R. Hunter, Penn State University
                    Carter T. Butts, University of California -- Irvine
                    Steven M. Goodreau, University of Washington
                    Pavel N. Krivitsky, University of Wollongong
                    Martina Morris, University of Washington
                    with contributions from
                    Li Wang
                    Kirk Li, University of Washington
                    Skye Bender-deMoll, University of Washington
                    Chad Klumb
Based on "statnet" project software (statnet.org).
For license and citation information see statnet.org/attribution
or type citation("ergm").

NOTE: Versions before 3.6.1 had a bug in the implementation of the bd()
constriant which distorted the sampled distribution somewhat. In
addition, Sampson's Monks datasets had mislabeled vertices. See the
NEWS and the documentation for more details.

NOTE: Some common term arguments pertaining to vertex attribute and
level selection have changed in 3.10.0. See terms help for more
details. Use 'options(ergm.term=list(version="3.9.4"))' to use old
behavior.


tergm: version 3.6.1, created on 2019-06-12
Copyright (c) 2019, Pavel N. Krivitsky, University of Wollongong
                    Mark S. Handcock, University of California -- Los Angeles
                    with contributions from
                    David R. Hunter, Penn State University
                    Steven M. Goodreau, University of Washington
                    Martina Morris, University of Washington
                    Nicole Bohme Carnegie, New York University
                    Carter T. Butts, University of California -- Irvine
                    Ayn Leslie-Cook, University of Washington
                    Skye Bender-deMoll
                    Li Wang
                    Kirk Li, University of Washington
Based on "statnet" project software (statnet.org).
For license and citation information see statnet.org/attribution
or type citation("tergm").

Starting maximum pseudolikelihood estimation (MPLE):
Evaluating the predictor and response matrix.
Maximizing the pseudolikelihood.
Finished MPLE.
Starting Monte Carlo maximum likelihood estimation (MCMLE):
Iteration 1 of at most 500:
Optimizing with step length 0.482091828868365.
The log-likelihood improved by 3.938.
Iteration 2 of at most 500:
Optimizing with step length 0.625967332962336.
The log-likelihood improved by 1.85.
Iteration 3 of at most 500:
Optimizing with step length 1.
The log-likelihood improved by 1.809.
Step length converged once. Increasing MCMC sample size.
Iteration 4 of at most 500:
Optimizing with step length 1.
The log-likelihood improved by 0.2765.
Step length converged twice. Stopping.
Finished MCMLE.
This model was fit using MCMC.  To examine model diagnostics and check
for degeneracy, use the mcmc.diagnostics() function.
 degree0  degree1  degree2  degree3  degree4  degree5  degree6  degree7 
       6       25     1266     1041      792      360      374      353 
 degree8  degree9 degree10 degree11 degree12 degree13 degree14 degree16 
     262      209      142       83       48       25       10        1 
degree17 degree19 degree20 
       1        1        1 
1 
disease_progression 
H-positive risk:  886 871 111 869 431 124 865 447 126 58 140 72 
H-negative risk:  871 886 865 869 447 431 124 111 140 126 72 58 
New BC onsets:  0
BC status:  4999 1 
BC subtype:  4999 1 

clinical_engagement 
diagnosis 
demography 
58 new agents 
1 dtreferralsatt1 smreferralsatt2 
disease_progression 
H-positive risk:  891 878 109 872 425 126 861 443 125 59 139 72 
H-negative risk:  878 891 861 872 443 425 126 109 139 125 72 59 
New BC onsets:  0
BC status:  4998 2 
BC subtype:  4998 1 1 

clinical_engagement 
diagnosis 
demography 
69 new agents 
0 dtreferralsatt0 smreferralsatt3 
disease_progression 
H-positive risk:  901 881 111 868 425 125 860 434 128 61 133 73 
H-negative risk:  881 901 860 868 434 425 125 111 133 128 73 61 
New BC onsets:  0
BC status:  4996 4 
BC subtype:  4996 3 1 

clinical_engagement 
diagnosis 
demography 
59 new agents 
1 dtreferralsatt1 smreferralsatt4 
disease_progression 
H-positive risk:  906 888 111 868 421 128 861 423 130 59 135 70 
H-negative risk:  888 906 861 868 423 421 128 111 135 130 70 59 
New BC onsets:  0
BC status:  4995 5 
BC subtype:  4995 3 2 

clinical_engagement 
diagnosis 
demography 
69 new agents 
1 dtreferralsatt1 smreferralsatt5 
disease_progression 
H-positive risk:  912 888 112 871 416 127 865 414 133 58 135 69 
H-negative risk:  888 912 865 871 414 416 127 112 135 133 69 58 
New BC onsets:  0
BC status:  4992 8 
BC subtype:  4992 5 3 

clinical_engagement 
diagnosis 
demography 
54 new agents 
7 dtreferralsatt7 smreferralsatt6 
disease_progression 
H-positive risk:  912 897 112 867 418 126 869 409 133 56 134 67 
H-negative risk:  897 912 869 867 409 418 126 112 134 133 67 56 
New BC onsets:  0
BC status:  4992 8 
BC subtype:  4992 5 3 

clinical_engagement 
diagnosis 
demography 
47 new agents 
1 dtreferralsatt1 smreferralsatt7 
disease_progression 
H-positive risk:  912 903 113 862 420 128 871 403 133 54 135 66 
H-negative risk:  903 912 871 862 403 420 128 113 135 133 66 54 
New BC onsets:  0
BC status:  4988 12 
BC subtype:  4988 8 4 

clinical_engagement 
diagnosis 
demography 
57 new agents 
8 dtreferralsatt8 smreferralsatt8 
disease_progression 
H-positive risk:  922 900 113 859 419 128 871 400 133 54 136 65 
H-negative risk:  900 922 871 859 400 419 128 113 136 133 65 54 
New BC onsets:  0
BC status:  4988 12 
BC subtype:  4988 8 4 

clinical_engagement 
diagnosis 
demography 
44 new agents 
3 dtreferralsatt3 smreferralsatt9 
disease_progression 
H-positive risk:  926 910 114 853 415 129 865 398 135 54 137 64 
H-negative risk:  910 926 865 853 398 415 129 114 137 135 64 54 
New BC onsets:  0
BC status:  4986 14 
BC subtype:  4986 10 4 

clinical_engagement 
diagnosis 
demography 
63 new agents 
6 dtreferralsatt6 smreferralsatt10 
disease_progression 
H-positive risk:  931 916 114 862 410 130 862 388 135 54 136 62 
H-negative risk:  916 931 862 862 388 410 130 114 136 135 62 54 
New BC onsets:  0
BC status:  4984 16 
BC subtype:  4984 12 4 

clinical_engagement 
diagnosis 
demography 
54 new agents 
7 dtreferralsatt7 smreferralsatt11 
disease_progression 
H-positive risk:  933 920 115 864 411 128 857 388 136 54 134 60 
H-negative risk:  920 933 857 864 388 411 128 115 134 136 60 54 
New BC onsets:  0
BC status:  4982 18 
BC subtype:  4982 13 5 

clinical_engagement 
diagnosis 
demography 
51 new agents 
4 dtreferralsatt4 smreferralsatt12 
disease_progression 
H-positive risk:  942 921 114 863 412 128 852 387 138 52 132 59 
H-negative risk:  921 942 852 863 387 412 128 114 132 138 59 52 
New BC onsets:  0
BC status:  4981 19 
BC subtype:  4981 14 5 

clinical_engagement 
diagnosis 
demography 
62 new agents 
17 dtreferralsatt17 smreferralsatt13 
disease_progression 
H-positive risk:  867 845 103 942 410 114 937 380 148 52 142 60 
H-negative risk:  845 867 937 942 380 410 114 103 142 148 60 52 
New BC onsets:  0
BC status:  4980 20 
BC subtype:  4980 14 6 

clinical_engagement 
diagnosis 
demography 
218 new agents 
10 dtreferralsatt10 smreferralsatt14 
disease_progression 
H-positive risk:  908 868 106 900 414 117 906 384 138 57 141 61 
H-negative risk:  868 908 906 900 384 414 117 106 141 138 61 57 
New BC onsets:  0
BC status:  4975 25 
BC subtype:  4975 20 5 

clinical_engagement 
diagnosis 
demography 
70 new agents 
2 dtreferralsatt2 smreferralsatt15 
disease_progression 
H-positive risk:  912 874 108 896 406 117 904 384 138 56 142 63 
H-negative risk:  874 912 904 896 384 406 117 108 142 138 63 56 
New BC onsets:  0
BC status:  4972 28 
BC subtype:  4972 23 5 

clinical_engagement 
diagnosis 
demography 
55 new agents 
7 dtreferralsatt7 smreferralsatt16 
disease_progression 
H-positive risk:  914 877 109 900 397 118 900 387 137 59 140 62 
H-negative risk:  877 914 900 900 387 397 118 109 140 137 62 59 
New BC onsets:  0
BC status:  4973 27 
BC subtype:  4973 22 5 

clinical_engagement 
diagnosis 
demography 
51 new agents 
5 dtreferralsatt5 smreferralsatt17 
disease_progression 
H-positive risk:  918 883 109 889 395 119 905 389 134 58 139 62 
H-negative risk:  883 918 905 889 389 395 119 109 139 134 62 58 
New BC onsets:  0
BC status:  4971 29 
BC subtype:  4971 24 5 

clinical_engagement 
diagnosis 
demography 
48 new agents 
8 dtreferralsatt8 smreferralsatt18 
disease_progression 
H-positive risk:  925 887 109 886 398 118 901 388 134 58 137 59 
H-negative risk:  887 925 901 886 388 398 118 109 137 134 59 58 
New BC onsets:  0
BC status:  4970 30 
BC subtype:  4970 24 6 

clinical_engagement 
diagnosis 
demography 
62 new agents 
8 dtreferralsatt8 smreferralsatt19 
disease_progression 
H-positive risk:  932 893 108 883 397 119 899 378 138 57 136 60 
H-negative risk:  893 932 899 883 378 397 119 108 136 138 60 57 
New BC onsets:  0
BC status:  4968 32 
BC subtype:  4968 26 6 

clinical_engagement 
diagnosis 
demography 
65 new agents 
9 dtreferralsatt9 smreferralsatt20 
disease_progression 
H-positive risk:  939 899 108 883 389 120 899 376 137 55 138 57 
H-negative risk:  899 939 899 883 376 389 120 108 138 137 57 55 
New BC onsets:  0
BC status:  4968 32 
BC subtype:  4968 26 6 

clinical_engagement 
diagnosis 
demography 
55 new agents 
16 dtreferralsatt16 smreferralsatt21 
disease_progression 
H-positive risk:  944 899 108 876 395 120 897 374 137 54 140 56 
H-negative risk:  899 944 897 876 374 395 120 108 140 137 56 54 
New BC onsets:  0
BC status:  4966 34 
BC subtype:  4966 28 6 

clinical_engagement 
diagnosis 
demography 
62 new agents 
9 dtreferralsatt9 smreferralsatt22 
disease_progression 
H-positive risk:  954 901 108 872 387 120 902 371 138 53 139 55 
H-negative risk:  901 954 902 872 371 387 120 108 139 138 55 53 
New BC onsets:  0
BC status:  4965 35 
BC subtype:  4965 29 6 

clinical_engagement 
diagnosis 
demography 
59 new agents 
17 dtreferralsatt17 smreferralsatt23 
disease_progression 
H-positive risk:  954 917 109 871 379 119 897 371 138 54 137 54 
H-negative risk:  917 954 897 871 371 379 119 109 137 138 54 54 
New BC onsets:  0
BC status:  4963 37 
BC subtype:  4963 31 6 

clinical_engagement 
diagnosis 
demography 
63 new agents 
9 dtreferralsatt9 smreferralsatt24 
disease_progression 
H-positive risk:  955 928 108 873 374 120 892 368 137 54 137 54 
H-negative risk:  928 955 892 873 368 374 120 108 137 137 54 54 
New BC onsets:  0
BC status:  4959 41 
BC subtype:  4959 35 6 

clinical_engagement 
diagnosis 
demography 
66 new agents 
9 dtreferralsatt9 smreferralsatt25 
disease_progression 
H-positive risk:  902 861 104 932 372 107 957 363 150 55 141 56 
H-negative risk:  861 902 957 932 363 372 107 104 141 150 56 55 
New BC onsets:  0
BC status:  4957 43 
BC subtype:  4957 37 6 

clinical_engagement 
diagnosis 
demography 
174 new agents 
6 dtreferralsatt6 smreferralsatt26 
disease_progression 
H-positive risk:  918 873 105 904 381 112 905 404 146 56 138 58 
H-negative risk:  873 918 905 904 404 381 112 105 138 146 58 56 
New BC onsets:  0
BC status:  4955 45 
BC subtype:  4955 39 6 

clinical_engagement 
diagnosis 
demography 
64 new agents 
12 dtreferralsatt12 smreferralsatt27 
disease_progression 
H-positive risk:  921 879 105 905 375 112 904 398 146 58 138 59 
H-negative risk:  879 921 904 905 398 375 112 105 138 146 59 58 
New BC onsets:  0
BC status:  4954 46 
BC subtype:  4954 39 7 

clinical_engagement 
diagnosis 
demography 
55 new agents 
12 dtreferralsatt12 smreferralsatt28 
disease_progression 
H-positive risk:  924 879 106 908 371 112 901 401 147 58 135 58 
H-negative risk:  879 924 901 908 401 371 112 106 135 147 58 58 
New BC onsets:  0
BC status:  4955 45 
BC subtype:  4955 38 7 

clinical_engagement 
diagnosis 
demography 
71 new agents 
14 dtreferralsatt14 smreferralsatt29 
disease_progression 
H-positive risk:  930 880 107 901 368 113 903 399 146 60 136 57 
H-negative risk:  880 930 903 901 399 368 113 107 136 146 57 60 
New BC onsets:  0
BC status:  4955 45 
BC subtype:  4955 37 8 

clinical_engagement 
diagnosis 
demography 
72 new agents 
10 dtreferralsatt10 smreferralsatt30 
disease_progression 
H-positive risk:  941 882 107 890 367 112 904 397 147 61 136 56 
H-negative risk:  882 941 904 890 397 367 112 107 136 147 56 61 
New BC onsets:  0
BC status:  4953 47 
BC subtype:  4953 38 9 

clinical_engagement 
diagnosis 
demography 
56 new agents 
13 dtreferralsatt13 smreferralsatt31 
disease_progression 
H-positive risk:  942 887 109 891 367 114 900 388 147 62 138 55 
H-negative risk:  887 942 900 891 388 367 114 109 138 147 55 62 
New BC onsets:  0
BC status:  4952 48 
BC subtype:  4952 39 9 

clinical_engagement 
diagnosis 
demography 
57 new agents 
12 dtreferralsatt12 smreferralsatt32 
disease_progression 
H-positive risk:  941 894 106 894 362 113 906 383 143 62 141 55 
H-negative risk:  894 941 906 894 383 362 113 106 141 143 55 62 
New BC onsets:  0
BC status:  4948 52 
BC subtype:  4948 42 10 

clinical_engagement 
diagnosis 
demography 
73 new agents 
14 dtreferralsatt14 smreferralsatt33 
disease_progression 
H-positive risk:  941 906 109 890 356 114 905 380 141 63 140 55 
H-negative risk:  906 941 905 890 380 356 114 109 140 141 55 63 
New BC onsets:  0
BC status:  4949 51 
BC subtype:  4949 41 10 

clinical_engagement 
diagnosis 
demography 
70 new agents 
10 dtreferralsatt10 smreferralsatt34 
disease_progression 
H-positive risk:  949 907 109 887 354 114 910 380 138 61 138 53 
H-negative risk:  907 949 910 887 380 354 114 109 138 138 53 61 
New BC onsets:  0
BC status:  4945 55 
BC subtype:  4945 45 10 

clinical_engagement 
diagnosis 
demography 
53 new agents 
10 dtreferralsatt10 smreferralsatt35 
disease_progression 
H-positive risk:  951 906 108 894 354 113 901 383 137 63 138 52 
H-negative risk:  906 951 901 894 383 354 113 108 138 137 52 63 
New BC onsets:  0
BC status:  4946 54 
BC subtype:  4946 44 10 

clinical_engagement 
diagnosis 
demography 
70 new agents 
11 dtreferralsatt11 smreferralsatt36 
disease_progression 
H-positive risk:  961 910 105 903 346 113 894 382 135 62 138 51 
H-negative risk:  910 961 894 903 382 346 113 105 138 135 51 62 
New BC onsets:  0
BC status:  4947 53 
BC subtype:  4947 44 9 

clinical_engagement 
diagnosis 
demography 
62 new agents 
8 dtreferralsatt8 smreferralsatt37 
disease_progression 
H-positive risk:  898 851 92 966 348 108 957 380 141 59 150 50 
H-negative risk:  851 898 957 966 380 348 108 92 150 141 50 59 
New BC onsets:  0
BC status:  4948 52 
BC subtype:  4948 43 9 

clinical_engagement 
diagnosis 
demography 
167 new agents 
15 dtreferralsatt15 smreferralsatt38 
disease_progression 
H-positive risk:  909 869 98 944 362 110 928 389 140 54 151 46 
H-negative risk:  869 909 928 944 389 362 110 98 151 140 46 54 
New BC onsets:  0
BC status:  4947 53 
BC subtype:  4947 45 8 

clinical_engagement 
diagnosis 
demography 
61 new agents 
13 dtreferralsatt13 smreferralsatt39 
disease_progression 
H-positive risk:  911 868 99 944 359 111 926 390 140 54 150 48 
H-negative risk:  868 911 926 944 390 359 111 99 150 140 48 54 
New BC onsets:  0
BC status:  4947 53 
BC subtype:  4947 45 8 

clinical_engagement 
diagnosis 
demography 
53 new agents 
12 dtreferralsatt12 smreferralsatt40 
disease_progression 
H-positive risk:  916 867 100 950 360 112 919 388 137 55 148 48 
H-negative risk:  867 916 919 950 388 360 112 100 148 137 48 55 
New BC onsets:  0
BC status:  4946 54 
BC subtype:  4946 45 9 

clinical_engagement 
diagnosis 
demography 
66 new agents 
11 dtreferralsatt11 smreferralsatt41 
disease_progression 
H-positive risk:  917 871 101 954 359 111 919 382 137 55 146 48 
H-negative risk:  871 917 919 954 382 359 111 101 146 137 48 55 
New BC onsets:  0
BC status:  4946 54 
BC subtype:  4946 44 10 

clinical_engagement 
diagnosis 
demography 
54 new agents 
13 dtreferralsatt13 smreferralsatt42 
disease_progression 
H-positive risk:  921 872 101 950 359 111 917 386 136 55 144 48 
H-negative risk:  872 921 917 950 386 359 111 101 144 136 48 55 
New BC onsets:  0
BC status:  4947 53 
BC subtype:  4947 43 10 

clinical_engagement 
diagnosis 
demography 
61 new agents 
7 dtreferralsatt7 smreferralsatt43 
disease_progression 
H-positive risk:  927 870 103 944 358 114 919 382 138 53 145 47 
H-negative risk:  870 927 919 944 382 358 114 103 145 138 47 53 
New BC onsets:  0
BC status:  4946 54 
BC subtype:  4946 44 10 

clinical_engagement 
diagnosis 
demography 
68 new agents 
6 dtreferralsatt6 smreferralsatt44 
disease_progression 
H-positive risk:  927 878 102 944 358 116 925 370 138 55 143 44 
H-negative risk:  878 927 925 944 370 358 116 102 143 138 44 55 
New BC onsets:  0
BC status:  4941 59 
BC subtype:  4941 48 11 

clinical_engagement 
diagnosis 
demography 
72 new agents 
4 dtreferralsatt4 smreferralsatt45 
disease_progression 
H-positive risk:  934 886 103 938 356 118 918 369 142 49 143 44 
H-negative risk:  886 934 918 938 369 356 118 103 143 142 44 49 
New BC onsets:  0
BC status:  4942 58 
BC subtype:  4942 47 11 

clinical_engagement 
diagnosis 
demography 
66 new agents 
17 dtreferralsatt17 smreferralsatt46 
disease_progression 
H-positive risk:  932 887 104 935 358 118 927 367 143 44 142 43 
H-negative risk:  887 932 927 935 367 358 118 104 142 143 43 44 
New BC onsets:  0
BC status:  4941 59 
BC subtype:  4941 48 11 

clinical_engagement 
diagnosis 
demography 
68 new agents 
15 dtreferralsatt15 smreferralsatt47 
disease_progression 
H-positive risk:  930 891 106 942 352 118 923 365 142 44 142 45 
H-negative risk:  891 930 923 942 365 352 118 106 142 142 45 44 
New BC onsets:  0
BC status:  4942 58 
BC subtype:  4942 47 11 

clinical_engagement 
diagnosis 
demography 
66 new agents 
8 dtreferralsatt8 smreferralsatt48 
disease_progression 
H-positive risk:  932 894 104 936 354 122 922 364 140 44 142 46 
H-negative risk:  894 932 922 936 364 354 122 104 142 140 46 44 
New BC onsets:  0
BC status:  4936 64 
BC subtype:  4936 53 11 

clinical_engagement 
diagnosis 
demography 
57 new agents 
8 dtreferralsatt8 smreferralsatt49 
disease_progression 
H-positive risk:  853 840 98 981 353 117 1008 365 142 46 151 46 
H-negative risk:  840 853 1008 981 365 353 117 98 151 142 46 46 
New BC onsets:  0
BC status:  4935 65 
BC subtype:  4935 53 12 

clinical_engagement 
diagnosis 
demography 
144 new agents 
11 dtreferralsatt11 smreferralsatt50 
disease_progression 
H-positive risk:  857 861 98 939 373 116 993 376 143 46 148 50 
H-negative risk:  861 857 993 939 376 373 116 98 148 143 50 46 
New BC onsets:  0
BC status:  4932 68 
BC subtype:  4932 53 15 

clinical_engagement 
diagnosis 
demography 
74 new agents 
6 dtreferralsatt6 smreferralsatt51 
disease_progression 
H-positive risk:  856 871 98 930 373 117 989 381 141 47 147 50 
H-negative risk:  871 856 989 930 381 373 117 98 147 141 50 47 
New BC onsets:  0
BC status:  4931 69 
BC subtype:  4931 54 15 

clinical_engagement 
diagnosis 
demography 
71 new agents 
8 dtreferralsatt8 smreferralsatt52 
disease_progression 
H-positive risk:  857 872 101 923 372 118 990 379 142 47 149 50 
H-negative risk:  872 857 990 923 379 372 118 101 149 142 50 47 
New BC onsets:  0
BC status:  4931 69 
BC subtype:  4931 54 15 

clinical_engagement 
diagnosis 
demography 
61 new agents 
13 dtreferralsatt13 smreferralsatt53 
disease_progression 
H-positive risk:  857 876 103 920 370 118 985 381 143 46 153 48 
H-negative risk:  876 857 985 920 381 370 118 103 153 143 48 46 
New BC onsets:  0
BC status:  4931 69 
BC subtype:  4931 54 15 

clinical_engagement 
diagnosis 
demography 
72 new agents 
12 dtreferralsatt12 smreferralsatt54 
disease_progression 
H-positive risk:  860 875 106 925 364 117 980 391 141 44 151 46 
H-negative risk:  875 860 980 925 391 364 117 106 151 141 46 44 
New BC onsets:  0
BC status:  4929 71 
BC subtype:  4929 55 16 

clinical_engagement 
diagnosis 
demography 
59 new agents 
13 dtreferralsatt13 smreferralsatt55 
disease_progression 
H-positive risk:  858 877 105 936 357 116 973 397 142 44 152 43 
H-negative risk:  877 858 973 936 397 357 116 105 152 142 43 44 
New BC onsets:  0
BC status:  4928 72 
BC subtype:  4928 56 16 

clinical_engagement 
diagnosis 
demography 
71 new agents 
12 dtreferralsatt12 smreferralsatt56 
disease_progression 
H-positive risk:  858 876 103 937 354 117 983 394 142 44 150 42 
H-negative risk:  876 858 983 937 394 354 117 103 150 142 42 44 
New BC onsets:  0
BC status:  4925 75 
BC subtype:  4925 59 16 

clinical_engagement 
diagnosis 
demography 
67 new agents 
10 dtreferralsatt10 smreferralsatt57 
disease_progression 
H-positive risk:  858 877 103 945 352 120 986 386 139 44 149 41 
H-negative risk:  877 858 986 945 386 352 120 103 149 139 41 44 
New BC onsets:  0
BC status:  4927 73 
BC subtype:  4927 58 15 

clinical_engagement 
diagnosis 
demography 
72 new agents 
10 dtreferralsatt10 smreferralsatt58 
disease_progression 
H-positive risk:  855 878 107 946 350 121 991 382 136 44 149 41 
H-negative risk:  878 855 991 946 382 350 121 107 149 136 41 44 
New BC onsets:  0
BC status:  4928 72 
BC subtype:  4928 56 16 

clinical_engagement 
diagnosis 
demography 
51 new agents 
14 dtreferralsatt14 smreferralsatt59 
disease_progression 
H-positive risk:  853 881 109 952 351 122 985 378 136 44 147 42 
H-negative risk:  881 853 985 952 378 351 122 109 147 136 42 44 
New BC onsets:  0
BC status:  4923 77 
BC subtype:  4923 60 17 

clinical_engagement 
diagnosis 
demography 
68 new agents 
11 dtreferralsatt11 smreferralsatt60 
disease_progression 
H-positive risk:  852 882 112 942 357 124 989 374 136 45 144 43 
H-negative risk:  882 852 989 942 374 357 124 112 144 136 43 45 
New BC onsets:  0
BC status:  4924 76 
BC subtype:  4924 59 17 

clinical_engagement 
diagnosis 
demography 
69 new agents 
14 dtreferralsatt14 smreferralsatt61 
disease_progression 
H-positive risk:  796 814 107 1018 348 120 1044 375 140 45 150 43 
H-negative risk:  814 796 1044 1018 375 348 120 107 150 140 43 45 
New BC onsets:  0
BC status:  4925 75 
BC subtype:  4925 58 17 

clinical_engagement 
diagnosis 
demography 
116 new agents 
15 dtreferralsatt15 smreferralsatt62 
disease_progression 
H-positive risk:  792 812 108 1003 368 124 1026 388 138 45 145 51 
H-negative risk:  812 792 1026 1003 388 368 124 108 145 138 51 45 
New BC onsets:  0
BC status:  4924 76 
BC subtype:  4924 59 17 

clinical_engagement 
diagnosis 
demography 
63 new agents 
8 dtreferralsatt8 smreferralsatt63 
disease_progression 
H-positive risk:  786 815 109 998 370 127 1028 389 137 46 142 53 
H-negative risk:  815 786 1028 998 389 370 127 109 142 137 53 46 
New BC onsets:  0
BC status:  4924 76 
BC subtype:  4924 59 17 

clinical_engagement 
diagnosis 
demography 
68 new agents 
6 dtreferralsatt6 smreferralsatt64 
disease_progression 
H-positive risk:  793 807 111 995 373 128 1033 383 139 45 140 53 
H-negative risk:  807 793 1033 995 383 373 128 111 140 139 53 45 
New BC onsets:  0
BC status:  4923 77 
BC subtype:  4923 60 17 

clinical_engagement 
diagnosis 
demography 
61 new agents 
5 dtreferralsatt5 smreferralsatt65 
disease_progression 
H-positive risk:  787 811 114 1000 368 127 1033 389 138 43 138 52 
H-negative risk:  811 787 1033 1000 389 368 127 114 138 138 52 43 
New BC onsets:  0
BC status:  4924 76 
BC subtype:  4924 60 16 

clinical_engagement 
diagnosis 
demography 
67 new agents 
13 dtreferralsatt13 smreferralsatt66 
disease_progression 
H-positive risk:  785 813 110 1003 369 126 1035 387 140 42 137 53 
H-negative risk:  813 785 1035 1003 387 369 126 110 137 140 53 42 
New BC onsets:  0
BC status:  4922 78 
BC subtype:  4922 62 16 

clinical_engagement 
diagnosis 
demography 
71 new agents 
15 dtreferralsatt15 smreferralsatt67 
disease_progression 
H-positive risk:  790 819 113 1007 361 128 1026 389 140 41 133 53 
H-negative risk:  819 790 1026 1007 389 361 128 113 133 140 53 41 
New BC onsets:  0
BC status:  4919 81 
BC subtype:  4919 66 15 

clinical_engagement 
diagnosis 
demography 
66 new agents 
11 dtreferralsatt11 smreferralsatt68 
disease_progression 
H-positive risk:  789 822 114 1008 361 129 1025 385 142 39 133 53 
H-negative risk:  822 789 1025 1008 385 361 129 114 133 142 53 39 
New BC onsets:  0
BC status:  4917 83 
BC subtype:  4917 67 16 

clinical_engagement 
diagnosis 
demography 
73 new agents 
9 dtreferralsatt9 smreferralsatt69 
disease_progression 
H-positive risk:  789 829 112 1003 362 124 1023 389 145 40 130 54 
H-negative risk:  829 789 1023 1003 389 362 124 112 130 145 54 40 
New BC onsets:  0
BC status:  4916 84 
BC subtype:  4916 67 17 

clinical_engagement 
diagnosis 
demography 
63 new agents 
5 dtreferralsatt5 smreferralsatt70 
disease_progression 
H-positive risk:  790 832 116 1003 359 128 1021 385 142 39 131 54 
H-negative risk:  832 790 1021 1003 385 359 128 116 131 142 54 39 
New BC onsets:  0
BC status:  4916 84 
BC subtype:  4916 69 15 

clinical_engagement 
diagnosis 
demography 
62 new agents 
11 dtreferralsatt11 smreferralsatt71 
disease_progression 
H-positive risk:  788 828 115 1002 364 129 1024 383 142 40 131 54 
H-negative risk:  828 788 1024 1002 383 364 129 115 131 142 54 40 
New BC onsets:  0
BC status:  4915 85 
BC subtype:  4915 70 15 

clinical_engagement 
diagnosis 
demography 
65 new agents 
18 dtreferralsatt18 smreferralsatt72 
disease_progression 
H-positive risk:  798 823 115 996 358 132 1027 382 141 42 132 54 
H-negative risk:  823 798 1027 996 382 358 132 115 132 141 54 42 
New BC onsets:  0
BC status:  4917 83 
BC subtype:  4917 69 14 

clinical_engagement 
diagnosis 
demography 
72 new agents 
15 dtreferralsatt15 smreferralsatt73 
disease_progression 
H-positive risk:  760 771 111 1047 352 124 1072 379 148 43 140 53 
H-negative risk:  771 760 1072 1047 379 352 124 111 140 148 53 43 
New BC onsets:  0
BC status:  4917 83 
BC subtype:  4917 70 13 

clinical_engagement 
diagnosis 
demography 
108 new agents 
8 dtreferralsatt8 smreferralsatt74 
disease_progression 
H-positive risk:  756 776 111 1031 379 123 1040 396 144 47 138 59 
H-negative risk:  776 756 1040 1031 396 379 123 111 138 144 59 47 
New BC onsets:  0
BC status:  4919 81 
BC subtype:  4919 69 12 

clinical_engagement 
diagnosis 
demography 
88 new agents 
4 dtreferralsatt4 smreferralsatt75 
disease_progression 
H-positive risk:  759 780 110 1031 369 122 1037 403 145 46 140 58 
H-negative risk:  780 759 1037 1031 403 369 122 110 140 145 58 46 
New BC onsets:  0
BC status:  4911 89 
BC subtype:  4911 76 13 

clinical_engagement 
diagnosis 
demography 
78 new agents 
15 dtreferralsatt15 smreferralsatt76 
disease_progression 
H-positive risk:  762 790 109 1030 370 121 1034 395 144 46 142 57 
H-negative risk:  790 762 1034 1030 395 370 121 109 142 144 57 46 
New BC onsets:  0
BC status:  4911 89 
BC subtype:  4911 75 14 

clinical_engagement 
diagnosis 
demography 
55 new agents 
15 dtreferralsatt15 smreferralsatt77 
disease_progression 
H-positive risk:  765 796 109 1034 364 123 1028 394 144 44 139 60 
H-negative risk:  796 765 1028 1034 394 364 123 109 139 144 60 44 
New BC onsets:  0
BC status:  4911 89 
BC subtype:  4911 75 14 

clinical_engagement 
diagnosis 
demography 
57 new agents 
14 dtreferralsatt14 smreferralsatt78 
disease_progression 
H-positive risk:  765 805 108 1027 366 122 1032 383 146 45 141 60 
H-negative risk:  805 765 1032 1027 383 366 122 108 141 146 60 45 
New BC onsets:  0
BC status:  4912 88 
BC subtype:  4912 75 13 

clinical_engagement 
diagnosis 
demography 
67 new agents 
14 dtreferralsatt14 smreferralsatt79 
disease_progression 
H-positive risk:  764 805 110 1026 369 120 1032 381 148 45 139 61 
H-negative risk:  805 764 1032 1026 381 369 120 110 139 148 61 45 
New BC onsets:  0
BC status:  4911 89 
BC subtype:  4911 76 13 

clinical_engagement 
diagnosis 
demography 
70 new agents 
11 dtreferralsatt11 smreferralsatt80 
disease_progression 
H-positive risk:  769 805 108 1033 366 119 1035 375 149 46 138 57 
H-negative risk:  805 769 1035 1033 375 366 119 108 138 149 57 46 
New BC onsets:  0
BC status:  4908 92 
BC subtype:  4908 78 14 

clinical_engagement 
diagnosis 
demography 
56 new agents 
6 dtreferralsatt6 smreferralsatt81 
disease_progression 
H-positive risk:  773 804 108 1030 373 118 1030 377 144 48 136 59 
H-negative risk:  804 773 1030 1030 377 373 118 108 136 144 59 48 
New BC onsets:  0
BC status:  4909 91 
BC subtype:  4909 77 14 

clinical_engagement 
diagnosis 
demography 
63 new agents 
11 dtreferralsatt11 smreferralsatt82 
disease_progression 
H-positive risk:  775 800 109 1033 370 117 1033 378 146 47 137 55 
H-negative risk:  800 775 1033 1033 378 370 117 109 137 146 55 47 
New BC onsets:  0
BC status:  4906 94 
BC subtype:  4906 80 14 

clinical_engagement 
diagnosis 
demography 
60 new agents 
15 dtreferralsatt15 smreferralsatt83 
disease_progression 
H-positive risk:  774 804 110 1033 372 116 1028 380 145 46 137 55 
H-negative risk:  804 774 1028 1033 380 372 116 110 137 145 55 46 
New BC onsets:  0
BC status:  4906 94 
BC subtype:  4906 80 14 

clinical_engagement 
diagnosis 
demography 
62 new agents 
12 dtreferralsatt12 smreferralsatt84 
disease_progression 
H-positive risk:  774 803 110 1036 365 116 1036 383 142 46 139 50 
H-negative risk:  803 774 1036 1036 383 365 116 110 139 142 50 46 
New BC onsets:  0
BC status:  4906 94 
BC subtype:  4906 80 14 

clinical_engagement 
diagnosis 
demography 
62 new agents 
9 dtreferralsatt9 smreferralsatt85 
disease_progression 
H-positive risk:  734 747 98 1090 360 107 1082 385 148 46 152 51 
H-negative risk:  747 734 1082 1090 385 360 107 98 152 148 51 46 
New BC onsets:  0
BC status:  4904 96 
BC subtype:  4904 82 14 

clinical_engagement 
diagnosis 
demography 
101 new agents 
17 dtreferralsatt17 smreferralsatt86 
disease_progression 
H-positive risk:  734 749 96 1075 379 108 1072 389 142 52 153 51 
H-negative risk:  749 734 1072 1075 389 379 108 96 153 142 51 52 
New BC onsets:  0
BC status:  4902 98 
BC subtype:  4902 82 16 

clinical_engagement 
diagnosis 
demography 
69 new agents 
13 dtreferralsatt13 smreferralsatt87 
disease_progression 
H-positive risk:  745 751 95 1069 373 107 1079 383 140 54 150 54 
H-negative risk:  751 745 1079 1069 383 373 107 95 150 140 54 54 
New BC onsets:  0
BC status:  4901 99 
BC subtype:  4901 84 15 

clinical_engagement 
diagnosis 
demography 
80 new agents 
14 dtreferralsatt14 smreferralsatt88 
disease_progression 
H-positive risk:  745 752 95 1065 375 106 1082 378 144 54 148 56 
H-negative risk:  752 745 1082 1065 378 375 106 95 148 144 56 54 
New BC onsets:  0
BC status:  4902 98 
BC subtype:  4902 83 15 

clinical_engagement 
diagnosis 
demography 
61 new agents 
12 dtreferralsatt12 smreferralsatt89 
disease_progression 
H-positive risk:  746 747 95 1069 379 106 1086 374 145 52 146 55 
H-negative risk:  747 746 1086 1069 374 379 106 95 146 145 55 52 
New BC onsets:  0
BC status:  4903 97 
BC subtype:  4903 81 16 

clinical_engagement 
diagnosis 
demography 
81 new agents 
16 dtreferralsatt16 smreferralsatt90 
disease_progression 
H-positive risk:  750 749 96 1060 386 108 1088 369 144 53 143 54 
H-negative risk:  749 750 1088 1060 369 386 108 96 143 144 54 53 
New BC onsets:  0
BC status:  4902 98 
BC subtype:  4902 82 16 

clinical_engagement 
diagnosis 
demography 
70 new agents 
10 dtreferralsatt10 smreferralsatt91 
disease_progression 
H-positive risk:  755 748 95 1057 385 110 1084 370 148 53 141 54 
H-negative risk:  748 755 1084 1057 370 385 110 95 141 148 54 53 
New BC onsets:  0
BC status:  4905 95 
BC subtype:  4905 79 16 

clinical_engagement 
diagnosis 
demography 
71 new agents 
6 dtreferralsatt6 smreferralsatt92 
disease_progression 
H-positive risk:  761 754 97 1054 378 115 1077 370 149 53 142 50 
H-negative risk:  754 761 1077 1054 370 378 115 97 142 149 50 53 
New BC onsets:  0
BC status:  4904 96 
BC subtype:  4904 80 16 

clinical_engagement 
diagnosis 
demography 
57 new agents 
11 dtreferralsatt11 smreferralsatt93 
disease_progression 
H-positive risk:  765 752 98 1054 383 116 1069 371 150 49 143 50 
H-negative risk:  752 765 1069 1054 371 383 116 98 143 150 50 49 
New BC onsets:  0
BC status:  4900 100 
BC subtype:  4900 83 17 

clinical_engagement 
diagnosis 
demography 
63 new agents 
9 dtreferralsatt9 smreferralsatt94 
disease_progression 
H-positive risk:  766 748 98 1048 382 116 1063 378 148 52 148 53 
H-negative risk:  748 766 1063 1048 378 382 116 98 148 148 53 52 
New BC onsets:  0
BC status:  4900 100 
BC subtype:  4900 81 19 

clinical_engagement 
diagnosis 
demography 
75 new agents 
12 dtreferralsatt12 smreferralsatt95 
disease_progression 
H-positive risk:  768 745 99 1058 378 117 1059 371 150 54 146 55 
H-negative risk:  745 768 1059 1058 371 378 117 99 146 150 55 54 
New BC onsets:  0
BC status:  4902 98 
BC subtype:  4902 79 19 

clinical_engagement 
diagnosis 
demography 
71 new agents 
11 dtreferralsatt11 smreferralsatt96 
disease_progression 
H-positive risk:  764 743 98 1069 375 116 1065 363 153 56 145 53 
H-negative risk:  743 764 1065 1069 363 375 116 98 145 153 53 56 
New BC onsets:  0
BC status:  4902 98 
BC subtype:  4902 78 20 

clinical_engagement 
diagnosis 
demography 
75 new agents 
15 dtreferralsatt15 smreferralsatt97 
disease_progression 
H-positive risk:  724 682 95 1117 374 111 1114 363 160 59 149 52 
H-negative risk:  682 724 1114 1117 363 374 111 95 149 160 52 59 
New BC onsets:  0
BC status:  4903 97 
BC subtype:  4903 77 20 

clinical_engagement 
diagnosis 
demography 
110 new agents 
14 dtreferralsatt14 smreferralsatt98 
disease_progression 
H-positive risk:  724 690 98 1106 394 108 1089 373 159 60 141 58 
H-negative risk:  690 724 1089 1106 373 394 108 98 141 159 58 60 
New BC onsets:  0
BC status:  4903 97 
BC subtype:  4903 75 22 

clinical_engagement 
diagnosis 
demography 
68 new agents 
8 dtreferralsatt8 smreferralsatt99 
disease_progression 
H-positive risk:  727 691 98 1098 398 110 1081 377 161 58 142 59 
H-negative risk:  691 727 1081 1098 377 398 110 98 142 161 59 58 
New BC onsets:  0
BC status:  4904 96 
BC subtype:  4904 74 22 

clinical_engagement 
diagnosis 
demography 
77 new agents 
12 dtreferralsatt12 smreferralsatt100 
disease_progression 
H-positive risk:  732 698 99 1092 396 108 1076 381 157 61 142 58 
H-negative risk:  698 732 1076 1092 381 396 108 99 142 157 58 61 
New BC onsets:  0
BC status:  4904 96 
BC subtype:  4904 73 23 

clinical_engagement 
diagnosis 
demography 
77 new agents 
9 dtreferralsatt9 smreferralsatt101 
disease_progression 
H-positive risk:  732 705 95 1089 391 110 1082 379 156 58 142 61 
H-negative risk:  705 732 1082 1089 379 391 110 95 142 156 61 58 
New BC onsets:  0
BC status:  4904 96 
BC subtype:  4904 73 23 

clinical_engagement 
diagnosis 
demography 
63 new agents 
11 dtreferralsatt11 smreferralsatt102 
disease_progression 
H-positive risk:  725 705 96 1098 384 111 1087 381 156 57 140 60 
H-negative risk:  705 725 1087 1098 381 384 111 96 140 156 60 57 
New BC onsets:  0
BC status:  4905 95 
BC subtype:  4905 72 23 

clinical_engagement 
diagnosis 
demography 
74 new agents 
5 dtreferralsatt5 smreferralsatt103 
disease_progression 
H-positive risk:  724 696 97 1100 384 114 1094 377 160 57 140 57 
H-negative risk:  696 724 1094 1100 377 384 114 97 140 160 57 57 
New BC onsets:  0
BC status:  4903 97 
BC subtype:  4903 74 23 

clinical_engagement 
diagnosis 
demography 
80 new agents 
7 dtreferralsatt7 smreferralsatt104 
disease_progression 
H-positive risk:  726 709 95 1097 387 110 1090 374 163 56 139 54 
H-negative risk:  709 726 1090 1097 374 387 110 95 139 163 54 56 
New BC onsets:  0
BC status:  4899 101 
BC subtype:  4899 78 23 

clinical_engagement 
diagnosis 
demography 
80 new agents 
7 dtreferralsatt7 smreferralsatt105 
disease_progression 
H-positive risk:  733 711 95 1096 388 112 1086 366 165 55 136 57 
H-negative risk:  711 733 1086 1096 366 388 112 95 136 165 57 55 
New BC onsets:  0
BC status:  4901 99 
BC subtype:  4901 77 22 

clinical_engagement 
diagnosis 
demography 
80 new agents 
12 dtreferralsatt12 smreferralsatt106 
disease_progression 
H-positive risk:  742 702 95 1097 386 111 1095 361 163 54 138 56 
H-negative risk:  702 742 1095 1097 361 386 111 95 138 163 56 54 
New BC onsets:  0
BC status:  4901 99 
BC subtype:  4901 77 22 

clinical_engagement 
diagnosis 
demography 
57 new agents 
16 dtreferralsatt16 smreferralsatt107 
disease_progression 
H-positive risk:  743 698 96 1098 385 110 1093 365 164 52 141 55 
H-negative risk:  698 743 1093 1098 365 385 110 96 141 164 55 52 
New BC onsets:  0
BC status:  4899 101 
BC subtype:  4899 78 23 

clinical_engagement 
diagnosis 
demography 
79 new agents 
8 dtreferralsatt8 smreferralsatt108 
disease_progression 
H-positive risk:  750 697 99 1092 379 110 1102 363 162 54 139 53 
H-negative risk:  697 750 1102 1092 363 379 110 99 139 162 53 54 
New BC onsets:  0
BC status:  4898 102 
BC subtype:  4898 79 23 

clinical_engagement 
diagnosis 
demography 
82 new agents 
8 dtreferralsatt8 smreferralsatt109 
disease_progression 
H-positive risk:  694 659 94 1142 375 102 1151 364 163 54 145 57 
H-negative risk:  659 694 1151 1142 364 375 102 94 145 163 57 54 
New BC onsets:  0
BC status:  4902 98 
BC subtype:  4902 76 22 

clinical_engagement 
diagnosis 
demography 
105 new agents 
10 dtreferralsatt10 smreferralsatt110 
disease_progression 
H-positive risk:  692 663 96 1124 384 99 1129 382 173 55 143 60 
H-negative risk:  663 692 1129 1124 382 384 99 96 143 173 60 55 
New BC onsets:  0
BC status:  4900 100 
BC subtype:  4900 79 21 

clinical_engagement 
diagnosis 
demography 
67 new agents 
8 dtreferralsatt8 smreferralsatt111 
disease_progression 
H-positive risk:  694 659 95 1124 389 103 1119 384 172 57 141 63 
H-negative risk:  659 694 1119 1124 384 389 103 95 141 172 63 57 
New BC onsets:  0
BC status:  4901 99 
BC subtype:  4901 80 19 

clinical_engagement 
diagnosis 
demography 
64 new agents 
8 dtreferralsatt8 smreferralsatt112 
disease_progression 
H-positive risk:  692 662 96 1127 381 103 1118 388 172 57 141 63 
H-negative risk:  662 692 1118 1127 388 381 103 96 141 172 63 57 
New BC onsets:  0
BC status:  4899 101 
BC subtype:  4899 82 19 

clinical_engagement 
diagnosis 
demography 
60 new agents 
9 dtreferralsatt9 smreferralsatt113 
disease_progression 
H-positive risk:  693 664 98 1124 384 102 1117 386 168 59 142 63 
H-negative risk:  664 693 1117 1124 386 384 102 98 142 168 63 59 
New BC onsets:  0
BC status:  4896 104 
BC subtype:  4896 83 21 

clinical_engagement 
diagnosis 
demography 
71 new agents 
6 dtreferralsatt6 smreferralsatt114 
disease_progression 
H-positive risk:  694 663 98 1130 386 103 1119 381 166 59 142 59 
H-negative risk:  663 694 1119 1130 381 386 103 98 142 166 59 59 
New BC onsets:  0
BC status:  4900 100 
BC subtype:  4900 80 20 

clinical_engagement 
diagnosis 
demography 
70 new agents 
8 dtreferralsatt8 smreferralsatt115 
disease_progression 
H-positive risk:  692 664 99 1130 378 103 1124 384 168 60 140 58 
H-negative risk:  664 692 1124 1130 384 378 103 99 140 168 58 60 
New BC onsets:  0
BC status:  4899 101 
BC subtype:  4899 81 20 

clinical_engagement 
diagnosis 
demography 
55 new agents 
17 dtreferralsatt17 smreferralsatt116 
disease_progression 
H-positive risk:  691 662 100 1125 383 104 1122 390 167 59 139 58 
H-negative risk:  662 691 1122 1125 390 383 104 100 139 167 58 59 
New BC onsets:  0
BC status:  4897 103 
BC subtype:  4897 83 20 

clinical_engagement 
diagnosis 
demography 
74 new agents 
10 dtreferralsatt10 smreferralsatt117 
disease_progression 
H-positive risk:  693 665 99 1120 382 105 1117 395 166 60 140 58 
H-negative risk:  665 693 1117 1120 395 382 105 99 140 166 58 60 
New BC onsets:  0
BC status:  4897 103 
BC subtype:  4897 83 20 

clinical_engagement 
diagnosis 
demography 
82 new agents 
10 dtreferralsatt10 smreferralsatt118 
disease_progression 
H-positive risk:  685 670 100 1117 382 105 1128 396 160 59 141 57 
H-negative risk:  670 685 1128 1117 396 382 105 100 141 160 57 59 
New BC onsets:  0
BC status:  4893 107 
BC subtype:  4893 87 20 

clinical_engagement 
diagnosis 
demography 
75 new agents 
5 dtreferralsatt5 smreferralsatt119 
disease_progression 
H-positive risk:  685 670 103 1117 383 106 1121 400 159 58 141 57 
H-negative risk:  670 685 1121 1117 400 383 106 103 141 159 57 58 
New BC onsets:  0
BC status:  4896 104 
BC subtype:  4896 84 20 

clinical_engagement 
diagnosis 
demography 
74 new agents 
12 dtreferralsatt12 smreferralsatt120 
disease_progression 
H-positive risk:  687 666 101 1108 392 101 1125 400 164 59 142 55 
H-negative risk:  666 687 1125 1108 400 392 101 101 142 164 55 59 
New BC onsets:  0
BC status:  4896 104 
BC subtype:  4896 85 19 

clinical_engagement 
diagnosis 
demography 
70 new agents 
10 dtreferralsatt10 smreferralsatt121 
disease_progression 
H-positive risk:  633 632 95 1141 388 89 1177 404 175 57 151 58 
H-negative risk:  632 633 1177 1141 404 388 89 95 151 175 58 57 
New BC onsets:  0
BC status:  4894 106 
BC subtype:  4894 88 18 

clinical_engagement 
diagnosis 
demography 
105 new agents 
11 dtreferralsatt11 smreferralsatt122 
disease_progression 
H-positive risk:  630 639 92 1133 393 94 1167 414 173 58 151 56 
H-negative risk:  639 630 1167 1133 414 393 94 92 151 173 56 58 
New BC onsets:  0
BC status:  4892 108 
BC subtype:  4892 89 19 

clinical_engagement 
diagnosis 
demography 
70 new agents 
9 dtreferralsatt9 smreferralsatt123 
disease_progression 
H-positive risk:  636 631 95 1135 394 95 1159 418 173 58 149 57 
H-negative risk:  631 636 1159 1135 418 394 95 95 149 173 57 58 
New BC onsets:  0
BC status:  4888 112 
BC subtype:  4888 92 20 

clinical_engagement 
diagnosis 
demography 
65 new agents 
10 dtreferralsatt10 smreferralsatt124 
disease_progression 
H-positive risk:  633 628 94 1136 398 93 1163 412 170 61 153 59 
H-negative risk:  628 633 1163 1136 412 398 93 94 153 170 59 61 
New BC onsets:  0
BC status:  4889 111 
BC subtype:  4889 90 21 

clinical_engagement 
diagnosis 
demography 
70 new agents 
8 dtreferralsatt8 smreferralsatt125 
disease_progression 
H-positive risk:  638 629 94 1128 402 92 1165 411 169 59 153 60 
H-negative risk:  629 638 1165 1128 411 402 92 94 153 169 60 59 
New BC onsets:  0
BC status:  4894 106 
BC subtype:  4894 86 20 

clinical_engagement 
diagnosis 
demography 
68 new agents 
14 dtreferralsatt14 smreferralsatt126 
disease_progression 
H-positive risk:  636 630 94 1132 409 93 1166 405 167 56 152 60 
H-negative risk:  630 636 1166 1132 405 409 93 94 152 167 60 56 
New BC onsets:  0
BC status:  4897 103 
BC subtype:  4897 82 21 

clinical_engagement 
diagnosis 
demography 
63 new agents 
3 dtreferralsatt3 smreferralsatt127 
disease_progression 
H-positive risk:  641 619 96 1139 409 90 1162 402 168 56 156 62 
H-negative risk:  619 641 1162 1139 402 409 90 96 156 168 62 56 
New BC onsets:  0
BC status:  4899 101 
BC subtype:  4899 80 21 

clinical_engagement 
diagnosis 
demography 
70 new agents 
11 dtreferralsatt11 smreferralsatt128 
disease_progression 
H-positive risk:  638 625 95 1137 412 88 1162 401 169 56 159 58 
H-negative risk:  625 638 1162 1137 401 412 88 95 159 169 58 56 
New BC onsets:  0
BC status:  4894 106 
BC subtype:  4894 84 22 

clinical_engagement 
diagnosis 
demography 
78 new agents 
15 dtreferralsatt15 smreferralsatt129 
disease_progression 
H-positive risk:  636 625 95 1126 412 88 1172 405 165 59 160 57 
H-negative risk:  625 636 1172 1126 405 412 88 95 160 165 57 59 
New BC onsets:  0
BC status:  4894 106 
BC subtype:  4894 85 21 

clinical_engagement 
diagnosis 
demography 
80 new agents 
13 dtreferralsatt13 smreferralsatt130 
disease_progression 
H-positive risk:  637 629 92 1131 409 90 1163 410 161 59 162 57 
H-negative risk:  629 637 1163 1131 410 409 90 92 162 161 57 59 
New BC onsets:  0
BC status:  4892 108 
BC subtype:  4892 87 21 

clinical_engagement 
diagnosis 
demography 
70 new agents 
18 dtreferralsatt18 smreferralsatt131 
disease_progression 
H-positive risk:  638 627 92 1132 405 88 1162 412 165 61 161 57 
H-negative risk:  627 638 1162 1132 412 405 88 92 161 165 57 61 
New BC onsets:  0
BC status:  4892 108 
BC subtype:  4892 88 20 

clinical_engagement 
diagnosis 
demography 
80 new agents 
9 dtreferralsatt9 smreferralsatt132 
disease_progression 
H-positive risk:  642 628 94 1126 401 90 1161 407 169 63 163 56 
H-negative risk:  628 642 1161 1126 407 401 90 94 163 169 56 63 
New BC onsets:  0
BC status:  4894 106 
BC subtype:  4894 87 19 

clinical_engagement 
diagnosis 
demography 
74 new agents 
8 dtreferralsatt8 smreferralsatt133 
disease_progression 
H-positive risk:  643 631 93 1129 400 91 1160 408 168 59 160 58 
H-negative risk:  631 643 1160 1129 408 400 91 93 160 168 58 59 
New BC onsets:  0
BC status:  4897 103 
BC subtype:  4897 85 18 

clinical_engagement 
diagnosis 
demography 
105 new agents 
9 dtreferralsatt9 smreferralsatt134 
disease_progression 
H-positive risk:  650 624 94 1133 405 92 1158 406 166 59 156 57 
H-negative risk:  624 650 1158 1133 406 405 92 94 156 166 57 59 
New BC onsets:  0
BC status:  4900 100 
BC subtype:  4900 83 17 

clinical_engagement 
diagnosis 
demography 
86 new agents 
6 dtreferralsatt6 smreferralsatt135 
disease_progression 
H-positive risk:  655 624 95 1132 410 93 1148 408 166 59 155 55 
H-negative risk:  624 655 1148 1132 408 410 93 95 155 166 55 59 
New BC onsets:  0
BC status:  4898 102 
BC subtype:  4898 85 17 

clinical_engagement 
diagnosis 
demography 
79 new agents 
18 dtreferralsatt18 smreferralsatt136 
disease_progression 
H-positive risk:  662 609 95 1146 405 94 1147 406 169 56 155 56 
H-negative risk:  609 662 1147 1146 406 405 94 95 155 169 56 56 
New BC onsets:  0
BC status:  4899 101 
BC subtype:  4899 82 19 

clinical_engagement 
diagnosis 
demography 
86 new agents 
8 dtreferralsatt8 smreferralsatt137 
disease_progression 
H-positive risk:  673 616 96 1138 401 95 1150 395 170 56 156 54 
H-negative risk:  616 673 1150 1138 395 401 95 96 156 170 54 56 
New BC onsets:  0
BC status:  4900 100 
BC subtype:  4900 82 18 

clinical_engagement 
diagnosis 
demography 
85 new agents 
12 dtreferralsatt12 smreferralsatt138 
disease_progression 
H-positive risk:  677 618 97 1140 398 93 1144 401 167 57 157 51 
H-negative risk:  618 677 1144 1140 401 398 93 97 157 167 51 57 
New BC onsets:  0
BC status:  4900 100 
BC subtype:  4900 82 18 

clinical_engagement 
diagnosis 
demography 
69 new agents 
6 dtreferralsatt6 smreferralsatt139 
disease_progression 
H-positive risk:  672 617 99 1134 396 91 1160 395 167 59 159 51 
H-negative risk:  617 672 1160 1134 395 396 91 99 159 167 51 59 
New BC onsets:  0
BC status:  4900 100 
BC subtype:  4900 83 17 

clinical_engagement 
diagnosis 
demography 
74 new agents 
10 dtreferralsatt10 smreferralsatt140 
disease_progression 
H-positive risk:  668 617 102 1133 404 90 1160 392 164 61 159 50 
H-negative risk:  617 668 1160 1133 392 404 90 102 159 164 50 61 
New BC onsets:  0
BC status:  4901 99 
BC subtype:  4901 83 16 

clinical_engagement 
diagnosis 
demography 
93 new agents 
8 dtreferralsatt8 smreferralsatt141 
disease_progression 
H-positive risk:  670 623 102 1126 398 88 1165 395 163 58 162 50 
H-negative risk:  623 670 1165 1126 395 398 88 102 162 163 50 58 
New BC onsets:  0
BC status:  4900 100 
BC subtype:  4900 85 15 

clinical_engagement 
diagnosis 
demography 
67 new agents 
9 dtreferralsatt9 smreferralsatt142 
disease_progression 
H-positive risk:  667 622 102 1128 395 86 1168 401 164 58 158 51 
H-negative risk:  622 667 1168 1128 401 395 86 102 158 164 51 58 
New BC onsets:  0
BC status:  4898 102 
BC subtype:  4898 88 14 

clinical_engagement 
diagnosis 
demography 
76 new agents 
12 dtreferralsatt12 smreferralsatt143 
disease_progression 
H-positive risk:  672 628 102 1124 393 85 1165 401 161 58 161 50 
H-negative risk:  628 672 1165 1124 401 393 85 102 161 161 50 58 
New BC onsets:  0
BC status:  4898 102 
BC subtype:  4898 88 14 

clinical_engagement 
diagnosis 
demography 
83 new agents 
9 dtreferralsatt9 smreferralsatt144 
disease_progression 
H-positive risk:  675 631 102 1115 399 85 1160 398 161 60 162 52 
H-negative risk:  631 675 1160 1115 398 399 85 102 162 161 52 60 
New BC onsets:  0
BC status:  4899 101 
BC subtype:  4899 87 14 

clinical_engagement 
diagnosis 
demography 
69 new agents 
7 dtreferralsatt7 smreferralsatt145 
disease_progression 
H-positive risk:  680 628 101 1123 393 84 1157 403 163 58 158 52 
H-negative risk:  628 680 1157 1123 403 393 84 101 158 163 52 58 
New BC onsets:  0
BC status:  4899 101 
BC subtype:  4899 87 14 

clinical_engagement 
diagnosis 
demography 
110 new agents 
9 dtreferralsatt9 smreferralsatt146 
disease_progression 
H-positive risk:  687 627 100 1111 402 82 1152 398 161 58 164 58 
H-negative risk:  627 687 1152 1111 398 402 82 100 164 161 58 58 
New BC onsets:  0
BC status:  4898 102 
BC subtype:  4898 88 14 

clinical_engagement 
diagnosis 
demography 
73 new agents 
7 dtreferralsatt7 smreferralsatt147 
disease_progression 
H-positive risk:  684 632 101 1118 410 78 1145 392 163 56 164 57 
H-negative risk:  632 684 1145 1118 392 410 78 101 164 163 57 56 
New BC onsets:  0
BC status:  4899 101 
BC subtype:  4899 86 15 

clinical_engagement 
diagnosis 
demography 
79 new agents 
12 dtreferralsatt12 smreferralsatt148 
disease_progression 
H-positive risk:  685 630 101 1118 401 81 1144 399 166 55 165 55 
H-negative risk:  630 685 1144 1118 399 401 81 101 165 166 55 55 
New BC onsets:  0
BC status:  4898 102 
BC subtype:  4898 85 17 

clinical_engagement 
diagnosis 
demography 
80 new agents 
7 dtreferralsatt7 smreferralsatt149 
disease_progression 
H-positive risk:  683 631 100 1127 392 81 1148 398 166 53 166 55 
H-negative risk:  631 683 1148 1127 398 392 81 100 166 166 55 53 
New BC onsets:  0
BC status:  4898 102 
BC subtype:  4898 84 18 

clinical_engagement 
diagnosis 
demography 
81 new agents 
12 dtreferralsatt12 smreferralsatt150 
disease_progression 
H-positive risk:  673 633 99 1132 396 83 1140 402 167 52 167 56 
H-negative risk:  633 673 1140 1132 402 396 83 99 167 167 56 52 
New BC onsets:  0
BC status:  4891 109 
BC subtype:  4891 89 20 

clinical_engagement 
diagnosis 
demography 
64 new agents 
8 dtreferralsatt8 smreferralsatt151 
disease_progression 
H-positive risk:  671 632 97 1129 392 83 1146 408 166 53 167 56 
H-negative risk:  632 671 1146 1129 408 392 83 97 167 166 56 53 
New BC onsets:  0
BC status:  4890 110 
BC subtype:  4890 90 20 

clinical_engagement 
diagnosis 
demography 
69 new agents 
10 dtreferralsatt10 smreferralsatt152 
disease_progression 
H-positive risk:  672 624 99 1138 390 83 1147 407 169 49 166 56 
H-negative risk:  624 672 1147 1138 407 390 83 99 166 169 56 49 
New BC onsets:  0
BC status:  4890 110 
BC subtype:  4890 90 20 

clinical_engagement 
diagnosis 
demography 
70 new agents 
5 dtreferralsatt5 smreferralsatt153 
disease_progression 
H-positive risk:  665 616 100 1152 386 85 1154 405 168 49 162 58 
H-negative risk:  616 665 1154 1152 405 386 85 100 162 168 58 49 
New BC onsets:  0
BC status:  4891 109 
BC subtype:  4891 89 20 

clinical_engagement 
diagnosis 
demography 
70 new agents 
13 dtreferralsatt13 smreferralsatt154 
disease_progression 
H-positive risk:  666 620 98 1150 387 87 1152 405 168 49 161 57 
H-negative risk:  620 666 1152 1150 405 387 87 98 161 168 57 49 
New BC onsets:  0
BC status:  4892 108 
BC subtype:  4892 88 20 

clinical_engagement 
diagnosis 
demography 
69 new agents 
12 dtreferralsatt12 smreferralsatt155 
disease_progression 
H-positive risk:  666 622 100 1156 384 87 1149 405 163 51 159 58 
H-negative risk:  622 666 1149 1156 405 384 87 100 159 163 58 51 
New BC onsets:  0
BC status:  4894 106 
BC subtype:  4894 85 21 

clinical_engagement 
diagnosis 
demography 
71 new agents 
8 dtreferralsatt8 smreferralsatt156 
disease_progression 
H-positive risk:  670 622 98 1154 386 86 1150 407 164 49 156 58 
H-negative risk:  622 670 1150 1154 407 386 86 98 156 164 58 49 
New BC onsets:  0
BC status:  4893 107 
BC subtype:  4893 87 20 

clinical_engagement 
diagnosis 
demography 
73 new agents 
11 dtreferralsatt11 smreferralsatt157 
disease_progression 
H-positive risk:  672 627 98 1151 378 87 1147 412 163 51 157 57 
H-negative risk:  627 672 1147 1151 412 378 87 98 157 163 57 51 
New BC onsets:  0
BC status:  4896 104 
BC subtype:  4896 85 19 

clinical_engagement 
diagnosis 
demography 
80 new agents 
12 dtreferralsatt12 smreferralsatt158 
disease_progression 
H-positive risk:  669 630 99 1146 382 87 1139 420 164 52 154 58 
H-negative risk:  630 669 1139 1146 420 382 87 99 154 164 58 52 
New BC onsets:  0
BC status:  4896 104 
BC subtype:  4896 86 18 

clinical_engagement 
diagnosis 
demography 
86 new agents 
12 dtreferralsatt12 smreferralsatt159 
disease_progression 
H-positive risk:  682 632 101 1142 386 86 1126 419 163 52 152 59 
H-negative risk:  632 682 1126 1142 419 386 86 101 152 163 59 52 
New BC onsets:  0
BC status:  4898 102 
BC subtype:  4898 85 17 

clinical_engagement 
diagnosis 
demography 
98 new agents 
12 dtreferralsatt12 smreferralsatt160 
disease_progression 
H-positive risk:  680 634 100 1127 404 86 1128 420 161 50 152 58 
H-negative risk:  634 680 1128 1127 420 404 86 100 152 161 58 50 
New BC onsets:  0
BC status:  4898 102 
BC subtype:  4898 84 18 

clinical_engagement 
diagnosis 
demography 
70 new agents 
8 dtreferralsatt8 smreferralsatt161 
disease_progression 
H-positive risk:  676 636 98 1130 400 83 1138 417 157 53 154 58 
H-negative risk:  636 676 1138 1130 417 400 83 98 154 157 58 53 
New BC onsets:  0
BC status:  4896 104 
BC subtype:  4896 86 18 

clinical_engagement 
diagnosis 
demography 
65 new agents 
7 dtreferralsatt7 smreferralsatt162 
disease_progression 
H-positive risk:  675 631 99 1129 399 84 1150 416 155 56 149 57 
H-negative risk:  631 675 1150 1129 416 399 84 99 149 155 57 56 
New BC onsets:  0
BC status:  4896 104 
BC subtype:  4896 85 19 

clinical_engagement 
diagnosis 
demography 
81 new agents 
17 dtreferralsatt17 smreferralsatt163 
disease_progression 
H-positive risk:  669 634 98 1128 390 84 1158 418 157 59 149 56 
H-negative risk:  634 669 1158 1128 418 390 84 98 149 157 56 59 
New BC onsets:  0
BC status:  4890 110 
BC subtype:  4890 91 19 

clinical_engagement 
diagnosis 
demography 
79 new agents 
8 dtreferralsatt8 smreferralsatt164 
disease_progression 
H-positive risk:  676 631 101 1138 389 82 1156 411 153 59 149 55 
H-negative risk:  631 676 1156 1138 411 389 82 101 149 153 55 59 
New BC onsets:  0
BC status:  4892 108 
BC subtype:  4892 85 23 

clinical_engagement 
diagnosis 
demography 
68 new agents 
12 dtreferralsatt12 smreferralsatt165 
disease_progression 
H-positive risk:  671 630 101 1140 404 80 1154 408 150 61 147 54 
H-negative risk:  630 671 1154 1140 408 404 80 101 147 150 54 61 
New BC onsets:  0
BC status:  4896 104 
BC subtype:  4896 81 23 

clinical_engagement 
diagnosis 
demography 
89 new agents 
10 dtreferralsatt10 smreferralsatt166 
disease_progression 
H-positive risk:  673 636 102 1141 399 80 1144 410 157 57 146 55 
H-negative risk:  636 673 1144 1141 410 399 80 102 146 157 55 57 
New BC onsets:  0
BC status:  4894 106 
BC subtype:  4894 81 25 

clinical_engagement 
diagnosis 
demography 
78 new agents 
18 dtreferralsatt18 smreferralsatt167 
disease_progression 
H-positive risk:  683 643 100 1143 396 80 1130 411 157 57 145 55 
H-negative risk:  643 683 1130 1143 411 396 80 100 145 157 55 57 
New BC onsets:  0
BC status:  4895 105 
BC subtype:  4895 80 25 

clinical_engagement 
diagnosis 
demography 
70 new agents 
10 dtreferralsatt10 smreferralsatt168 
disease_progression 
H-positive risk:  675 642 101 1136 404 82 1129 419 156 55 148 53 
H-negative risk:  642 675 1129 1136 419 404 82 101 148 156 53 55 
New BC onsets:  0
BC status:  4895 105 
BC subtype:  4895 81 24 

clinical_engagement 
diagnosis 
demography 
70 new agents 
15 dtreferralsatt15 smreferralsatt169 
disease_progression 
H-positive risk:  666 647 102 1132 407 83 1132 420 152 55 150 54 
H-negative risk:  647 666 1132 1132 420 407 83 102 150 152 54 55 
New BC onsets:  0
BC status:  4893 107 
BC subtype:  4893 83 24 

clinical_engagement 
diagnosis 
demography 
91 new agents 
6 dtreferralsatt6 smreferralsatt170 
disease_progression 
H-positive risk:  666 641 107 1132 413 82 1125 424 152 56 148 54 
H-negative risk:  641 666 1125 1132 424 413 82 107 148 152 54 56 
New BC onsets:  0
BC status:  4894 106 
BC subtype:  4894 81 25 

clinical_engagement 
diagnosis 
demography 
67 new agents 
6 dtreferralsatt6 smreferralsatt171 
disease_progression 
H-positive risk:  665 643 108 1125 420 82 1126 414 155 58 149 55 
H-negative risk:  643 665 1126 1125 414 420 82 108 149 155 55 58 
New BC onsets:  0
BC status:  4888 112 
BC subtype:  4888 86 26 

clinical_engagement 
diagnosis 
demography 
72 new agents 
12 dtreferralsatt12 smreferralsatt172 
disease_progression 
H-positive risk:  669 655 108 1119 421 80 1125 406 155 59 147 56 
H-negative risk:  655 669 1125 1119 406 421 80 108 147 155 56 59 
New BC onsets:  0
BC status:  4888 112 
BC subtype:  4888 87 25 

clinical_engagement 
diagnosis 
demography 
71 new agents 
9 dtreferralsatt9 smreferralsatt173 
disease_progression 
H-positive risk:  662 660 111 1111 427 79 1130 405 154 59 146 56 
H-negative risk:  660 662 1130 1111 405 427 79 111 146 154 56 59 
New BC onsets:  0
BC status:  4889 111 
BC subtype:  4889 86 25 

clinical_engagement 
diagnosis 
demography 
67 new agents 
8 dtreferralsatt8 smreferralsatt174 
disease_progression 
H-positive risk:  661 654 113 1118 416 79 1145 399 156 58 144 57 
H-negative risk:  654 661 1145 1118 399 416 79 113 144 156 57 58 
New BC onsets:  0
BC status:  4888 112 
BC subtype:  4888 87 25 

clinical_engagement 
diagnosis 
demography 
75 new agents 
10 dtreferralsatt10 smreferralsatt175 
disease_progression 
H-positive risk:  667 658 115 1104 415 81 1146 401 156 56 144 57 
H-negative risk:  658 667 1146 1104 401 415 81 115 144 156 57 56 
New BC onsets:  0
BC status:  4888 112 
BC subtype:  4888 87 25 

clinical_engagement 
diagnosis 
demography 
79 new agents 
12 dtreferralsatt12 smreferralsatt176 
disease_progression 
H-positive risk:  658 661 112 1111 409 81 1153 400 155 57 143 60 
H-negative risk:  661 658 1153 1111 400 409 81 112 143 155 60 57 
New BC onsets:  0
BC status:  4888 112 
BC subtype:  4888 87 25 

clinical_engagement 
diagnosis 
demography 
87 new agents 
10 dtreferralsatt10 smreferralsatt177 
disease_progression 
H-positive risk:  660 664 112 1121 398 81 1136 410 157 58 145 58 
H-negative risk:  664 660 1136 1121 410 398 81 112 145 157 58 58 
New BC onsets:  0
BC status:  4887 113 
BC subtype:  4887 88 25 

clinical_engagement 
diagnosis 
demography 
74 new agents 
16 dtreferralsatt16 smreferralsatt178 
disease_progression 
H-positive risk:  657 660 111 1130 396 81 1133 408 161 57 147 59 
H-negative risk:  660 657 1133 1130 408 396 81 111 147 161 59 57 
New BC onsets:  0
BC status:  4890 110 
BC subtype:  4890 85 25 

clinical_engagement 
diagnosis 
demography 
88 new agents 
11 dtreferralsatt11 smreferralsatt179 
disease_progression 
H-positive risk:  653 658 109 1122 400 86 1139 406 165 58 148 56 
H-negative risk:  658 653 1139 1122 406 400 86 109 148 165 56 58 
New BC onsets:  0
BC status:  4892 108 
BC subtype:  4892 84 24 

clinical_engagement 
diagnosis 
demography 
63 new agents 
16 dtreferralsatt16 smreferralsatt180 
disease_progression 
H-positive risk:  656 654 110 1114 398 84 1150 405 166 60 148 55 
H-negative risk:  654 656 1150 1114 405 398 84 110 148 166 55 60 
New BC onsets:  0
BC status:  4889 111 
BC subtype:  4889 87 24 

clinical_engagement 
diagnosis 
demography 
66 new agents 
11 dtreferralsatt11 smreferralsatt181 
disease_progression 
H-positive risk:  653 655 111 1119 395 87 1149 399 166 63 151 52 
H-negative risk:  655 653 1149 1119 399 395 87 111 151 166 52 63 
New BC onsets:  0
BC status:  4891 109 
BC subtype:  4891 85 24 

clinical_engagement 
diagnosis 
demography 
86 new agents 
8 dtreferralsatt8 smreferralsatt182 
disease_progression 
H-positive risk:  660 660 111 1109 401 89 1138 399 166 63 152 52 
H-negative risk:  660 660 1138 1109 399 401 89 111 152 166 52 63 
New BC onsets:  0
BC status:  4888 112 
BC subtype:  4888 89 23 

clinical_engagement 
diagnosis 
demography 
65 new agents 
9 dtreferralsatt9 smreferralsatt183 
disease_progression 
H-positive risk:  656 654 111 1099 415 87 1134 410 166 61 151 56 
H-negative risk:  654 656 1134 1099 410 415 87 111 151 166 56 61 
New BC onsets:  0
BC status:  4888 112 
BC subtype:  4888 89 23 

clinical_engagement 
diagnosis 
demography 
80 new agents 
15 dtreferralsatt15 smreferralsatt184 
disease_progression 
H-positive risk:  661 645 111 1103 414 86 1136 414 165 60 151 54 
H-negative risk:  645 661 1136 1103 414 414 86 111 151 165 54 60 
New BC onsets:  0
BC status:  4889 111 
BC subtype:  4889 88 23 

clinical_engagement 
diagnosis 
demography 
71 new agents 
11 dtreferralsatt11 smreferralsatt185 
disease_progression 
H-positive risk:  665 647 112 1108 400 86 1139 415 163 59 150 56 
H-negative risk:  647 665 1139 1108 415 400 86 112 150 163 56 59 
New BC onsets:  0
BC status:  4886 114 
BC subtype:  4886 90 24 

clinical_engagement 
diagnosis 
demography 
84 new agents 
15 dtreferralsatt15 smreferralsatt186 
disease_progression 
H-positive risk:  667 652 115 1109 392 88 1137 417 162 56 150 55 
H-negative risk:  652 667 1137 1109 417 392 88 115 150 162 55 56 
New BC onsets:  0
BC status:  4888 112 
BC subtype:  4888 88 24 

clinical_engagement 
diagnosis 
demography 
82 new agents 
14 dtreferralsatt14 smreferralsatt187 
disease_progression 
H-positive risk:  663 659 116 1115 394 87 1128 413 160 56 152 57 
H-negative risk:  659 663 1128 1115 413 394 87 116 152 160 57 56 
New BC onsets:  0
BC status:  4885 115 
BC subtype:  4885 90 25 

clinical_engagement 
diagnosis 
demography 
65 new agents 
6 dtreferralsatt6 smreferralsatt188 
disease_progression 
H-positive risk:  653 657 117 1120 394 86 1130 417 160 55 152 59 
H-negative risk:  657 653 1130 1120 417 394 86 117 152 160 59 55 
New BC onsets:  0
BC status:  4885 115 
BC subtype:  4885 91 24 

clinical_engagement 
diagnosis 
demography 
69 new agents 
10 dtreferralsatt10 smreferralsatt189 
disease_progression 
H-positive risk:  657 658 118 1127 385 87 1131 418 156 52 154 57 
H-negative risk:  658 657 1131 1127 418 385 87 118 154 156 57 52 
New BC onsets:  0
BC status:  4888 112 
BC subtype:  4888 89 23 

clinical_engagement 
diagnosis 
demography 
81 new agents 
11 dtreferralsatt11 smreferralsatt190 
disease_progression 
H-positive risk:  663 659 118 1123 382 87 1133 414 158 51 153 59 
H-negative risk:  659 663 1133 1123 414 382 87 118 153 158 59 51 
New BC onsets:  0
BC status:  4887 113 
BC subtype:  4887 90 23 

clinical_engagement 
diagnosis 
demography 
61 new agents 
11 dtreferralsatt11 smreferralsatt191 
disease_progression 
H-positive risk:  651 664 117 1130 372 86 1135 417 159 51 159 59 
H-negative risk:  664 651 1135 1130 417 372 86 117 159 159 59 51 
New BC onsets:  0
BC status:  4889 111 
BC subtype:  4889 89 22 

clinical_engagement 
diagnosis 
demography 
64 new agents 
10 dtreferralsatt10 smreferralsatt192 
disease_progression 
H-positive risk:  646 664 114 1127 376 83 1144 416 160 51 158 61 
H-negative risk:  664 646 1144 1127 416 376 83 114 158 160 61 51 
New BC onsets:  0
BC status:  4890 110 
BC subtype:  4890 88 22 

clinical_engagement 
diagnosis 
demography 
73 new agents 
9 dtreferralsatt9 smreferralsatt193 
disease_progression 
H-positive risk:  647 666 114 1131 378 85 1143 411 161 50 154 60 
H-negative risk:  666 647 1143 1131 411 378 85 114 154 161 60 50 
New BC onsets:  0
BC status:  4892 108 
BC subtype:  4892 85 23 

clinical_engagement 
diagnosis 
demography 
68 new agents 
10 dtreferralsatt10 smreferralsatt194 
disease_progression 
H-positive risk:  642 659 113 1135 389 86 1132 421 160 50 151 62 
H-negative risk:  659 642 1132 1135 421 389 86 113 151 160 62 50 
New BC onsets:  0
BC status:  4894 106 
BC subtype:  4894 84 22 

clinical_engagement 
diagnosis 
demography 
71 new agents 
13 dtreferralsatt13 smreferralsatt195 
disease_progression 
H-positive risk:  638 657 112 1142 397 87 1125 420 156 55 148 63 
H-negative risk:  657 638 1125 1142 420 397 87 112 148 156 63 55 
New BC onsets:  0
BC status:  4896 104 
BC subtype:  4896 82 22 

clinical_engagement 
diagnosis 
demography 
88 new agents 
6 dtreferralsatt6 smreferralsatt196 
disease_progression 
H-positive risk:  646 650 109 1146 393 89 1128 423 154 53 147 62 
H-negative risk:  650 646 1128 1146 423 393 89 109 147 154 62 53 
New BC onsets:  0
BC status:  4895 105 
BC subtype:  4895 81 24 

clinical_engagement 
diagnosis 
demography 
80 new agents 
12 dtreferralsatt12 smreferralsatt197 
disease_progression 
H-positive risk:  648 647 105 1144 395 87 1132 427 154 53 150 58 
H-negative risk:  647 648 1132 1144 427 395 87 105 150 154 58 53 
New BC onsets:  0
BC status:  4895 105 
BC subtype:  4895 81 24 

clinical_engagement 
diagnosis 
demography 
89 new agents 
11 dtreferralsatt11 smreferralsatt198 
disease_progression 
H-positive risk:  652 652 106 1136 398 89 1124 437 150 52 147 57 
H-negative risk:  652 652 1124 1136 437 398 89 106 147 150 57 52 
New BC onsets:  0
BC status:  4897 103 
BC subtype:  4897 81 22 

clinical_engagement 
diagnosis 
demography 
71 new agents 
11 dtreferralsatt11 smreferralsatt199 
disease_progression 
H-positive risk:  648 656 105 1132 394 87 1123 448 151 53 148 55 
H-negative risk:  656 648 1123 1132 448 394 87 105 148 151 55 53 
New BC onsets:  0
BC status:  4898 102 
BC subtype:  4898 80 22 

clinical_engagement 
diagnosis 
demography 
99 new agents 
7 dtreferralsatt7 smreferralsatt200 
disease_progression 
H-positive risk:  662 657 105 1114 400 89 1125 441 152 53 149 53 
H-negative risk:  657 662 1125 1114 441 400 89 105 149 152 53 53 
New BC onsets:  0
BC status:  4900 100 
BC subtype:  4900 79 21 

clinical_engagement 
diagnosis 
demography 
72 new agents 
10 dtreferralsatt10 smreferralsatt201 
disease_progression 
H-positive risk:  661 658 106 1117 399 91 1125 441 150 53 147 52 
H-negative risk:  658 661 1125 1117 441 399 91 106 147 150 52 53 
New BC onsets:  0
BC status:  4899 101 
BC subtype:  4899 80 21 

clinical_engagement 
diagnosis 
demography 
75 new agents 
13 dtreferralsatt13 smreferralsatt202 
disease_progression 
H-positive risk:  655 661 106 1112 404 93 1124 439 150 53 154 49 
H-negative risk:  661 655 1124 1112 439 404 93 106 154 150 49 53 
New BC onsets:  0
BC status:  4898 102 
BC subtype:  4898 80 22 

clinical_engagement 
diagnosis 
demography 
72 new agents 
9 dtreferralsatt9 smreferralsatt203 
disease_progression 
H-positive risk:  651 659 104 1101 417 96 1127 434 154 54 153 50 
H-negative risk:  659 651 1127 1101 434 417 96 104 153 154 50 54 
New BC onsets:  0
BC status:  4898 102 
BC subtype:  4898 79 23 

clinical_engagement 
diagnosis 
demography 
84 new agents 
8 dtreferralsatt8 smreferralsatt204 
disease_progression 
H-positive risk:  647 658 104 1116 412 96 1125 431 153 55 152 51 
H-negative risk:  658 647 1125 1116 431 412 96 104 152 153 51 55 
New BC onsets:  0
BC status:  4899 101 
BC subtype:  4899 80 21 

clinical_engagement 
diagnosis 
demography 
78 new agents 
10 dtreferralsatt10 smreferralsatt205 
disease_progression 
H-positive risk:  654 650 102 1116 413 97 1118 439 150 55 155 51 
H-negative risk:  650 654 1118 1116 439 413 97 102 155 150 51 55 
New BC onsets:  0
BC status:  4899 101 
BC subtype:  4899 81 20 

clinical_engagement 
diagnosis 
demography 
92 new agents 
14 dtreferralsatt14 smreferralsatt206 
disease_progression 
H-positive risk:  657 651 100 1107 428 101 1099 449 147 58 151 52 
H-negative risk:  651 657 1099 1107 449 428 101 100 151 147 52 58 
New BC onsets:  0
BC status:  4898 102 
BC subtype:  4898 81 21 

clinical_engagement 
diagnosis 
demography 
84 new agents 
15 dtreferralsatt15 smreferralsatt207 
disease_progression 
H-positive risk:  661 655 102 1099 427 97 1096 454 148 61 145 55 
H-negative risk:  655 661 1096 1099 454 427 97 102 145 148 55 61 
New BC onsets:  0
BC status:  4900 100 
BC subtype:  4900 79 21 

clinical_engagement 
diagnosis 
demography 
68 new agents 
6 dtreferralsatt6 smreferralsatt208 
disease_progression 
H-positive risk:  660 653 103 1101 423 94 1105 449 153 60 144 55 
H-negative risk:  653 660 1105 1101 449 423 94 103 144 153 55 60 
New BC onsets:  0
BC status:  4900 100 
BC subtype:  4900 78 22 

clinical_engagement 
diagnosis 
demography 
91 new agents 
11 dtreferralsatt11 smreferralsatt209 
disease_progression 
H-positive risk:  671 663 106 1099 406 94 1103 452 154 56 142 54 
H-negative risk:  663 671 1103 1099 452 406 94 106 142 154 54 56 
New BC onsets:  0
BC status:  4898 102 
BC subtype:  4898 80 22 

clinical_engagement 
diagnosis 
demography 
67 new agents 
5 dtreferralsatt5 smreferralsatt210 
disease_progression 
H-positive risk:  671 667 106 1105 407 94 1095 453 155 52 145 50 
H-negative risk:  667 671 1095 1105 453 407 94 106 145 155 50 52 
New BC onsets:  0
BC status:  4897 103 
BC subtype:  4897 81 22 

clinical_engagement 
diagnosis 
demography 
81 new agents 
12 dtreferralsatt12 smreferralsatt211 
disease_progression 
H-positive risk:  680 665 104 1103 403 91 1097 448 156 53 149 51 
H-negative risk:  665 680 1097 1103 448 403 91 104 149 156 51 53 
New BC onsets:  0
BC status:  4897 103 
BC subtype:  4897 82 21 

clinical_engagement 
diagnosis 
demography 
78 new agents 
14 dtreferralsatt14 smreferralsatt212 
disease_progression 
H-positive risk:  683 660 105 1104 396 94 1100 450 155 53 150 50 
H-negative risk:  660 683 1100 1104 450 396 94 105 150 155 50 53 
New BC onsets:  0
BC status:  4894 106 
BC subtype:  4894 85 21 

clinical_engagement 
diagnosis 
demography 
74 new agents 
14 dtreferralsatt14 smreferralsatt213 
disease_progression 
H-positive risk:  681 654 109 1113 394 94 1104 446 155 53 149 48 
H-negative risk:  654 681 1104 1113 446 394 94 109 149 155 48 53 
New BC onsets:  0
BC status:  4893 107 
BC subtype:  4893 86 21 

clinical_engagement 
diagnosis 
demography 
71 new agents 
6 dtreferralsatt6 smreferralsatt214 
disease_progression 
H-positive risk:  678 656 109 1117 396 95 1107 444 153 52 146 47 
H-negative risk:  656 678 1107 1117 444 396 95 109 146 153 47 52 
New BC onsets:  0
BC status:  4895 105 
BC subtype:  4895 83 22 

clinical_engagement 
diagnosis 
demography 
74 new agents 
6 dtreferralsatt6 smreferralsatt215 
disease_progression 
H-positive risk:  675 658 111 1112 403 96 1098 447 151 54 146 49 
H-negative risk:  658 675 1098 1112 447 403 96 111 146 151 49 54 
New BC onsets:  0
BC status:  4897 103 
BC subtype:  4897 81 22 

clinical_engagement 
diagnosis 
demography 
96 new agents 
16 dtreferralsatt16 smreferralsatt216 
disease_progression 
H-positive risk:  676 654 114 1118 401 97 1097 445 148 55 145 50 
H-negative risk:  654 676 1097 1118 445 401 97 114 145 148 50 55 
New BC onsets:  0
BC status:  4896 104 
BC subtype:  4896 81 23 

clinical_engagement 
diagnosis 
demography 
94 new agents 
12 dtreferralsatt12 smreferralsatt217 
disease_progression 
H-positive risk:  674 656 114 1100 417 96 1088 452 153 57 143 50 
H-negative risk:  656 674 1088 1100 452 417 96 114 143 153 50 57 
New BC onsets:  0
BC status:  4896 104 
BC subtype:  4896 81 23 

clinical_engagement 
diagnosis 
demography 
81 new agents 
9 dtreferralsatt9 smreferralsatt218 
disease_progression 
H-positive risk:  680 647 111 1105 413 96 1098 442 154 57 147 50 
H-negative risk:  647 680 1098 1105 442 413 96 111 147 154 50 57 
New BC onsets:  0
BC status:  4894 106 
BC subtype:  4894 82 24 

clinical_engagement 
diagnosis 
demography 
85 new agents 
11 dtreferralsatt11 smreferralsatt219 
disease_progression 
H-positive risk:  685 652 111 1098 413 97 1101 437 151 59 144 52 
H-negative risk:  652 685 1101 1098 437 413 97 111 144 151 52 59 
New BC onsets:  0
BC status:  4893 107 
BC subtype:  4893 80 27 

clinical_engagement 
diagnosis 
demography 
87 new agents 
7 dtreferralsatt7 smreferralsatt220 
disease_progression 
H-positive risk:  689 651 107 1100 407 99 1109 433 155 56 145 49 
H-negative risk:  651 689 1109 1100 433 407 99 107 145 155 49 56 
New BC onsets:  0
BC status:  4893 107 
BC subtype:  4893 81 26 

clinical_engagement 
diagnosis 
demography 
81 new agents 
16 dtreferralsatt16 smreferralsatt221 
disease_progression 
H-positive risk:  687 657 107 1104 404 102 1111 429 154 56 144 45 
H-negative risk:  657 687 1111 1104 429 404 102 107 144 154 45 56 
New BC onsets:  0
BC status:  4896 104 
BC subtype:  4896 80 24 

clinical_engagement 
diagnosis 
demography 
80 new agents 
8 dtreferralsatt8 smreferralsatt222 
disease_progression 
H-positive risk:  685 665 103 1101 406 100 1107 433 158 54 142 46 
H-negative risk:  665 685 1107 1101 433 406 100 103 142 158 46 54 
New BC onsets:  0
BC status:  4895 105 
BC subtype:  4895 81 24 

clinical_engagement 
diagnosis 
demography 
73 new agents 
13 dtreferralsatt13 smreferralsatt223 
disease_progression 
H-positive risk:  685 661 102 1104 404 100 1104 443 157 54 142 44 
H-negative risk:  661 685 1104 1104 443 404 100 102 142 157 44 54 
New BC onsets:  0
BC status:  4893 107 
BC subtype:  4893 83 24 

clinical_engagement 
diagnosis 
demography 
72 new agents 
9 dtreferralsatt9 smreferralsatt224 
disease_progression 
H-positive risk:  687 669 102 1098 402 100 1099 444 159 52 144 44 
H-negative risk:  669 687 1099 1098 444 402 100 102 144 159 44 52 
New BC onsets:  0
BC status:  4892 108 
BC subtype:  4892 85 23 

clinical_engagement 
diagnosis 
demography 
71 new agents 
8 dtreferralsatt8 smreferralsatt225 
disease_progression 
H-positive risk:  688 672 99 1097 402 100 1092 448 159 53 144 46 
H-negative risk:  672 688 1092 1097 448 402 100 99 144 159 46 53 
New BC onsets:  0
BC status:  4891 109 
BC subtype:  4891 87 22 

clinical_engagement 
diagnosis 
demography 
74 new agents 
10 dtreferralsatt10 smreferralsatt226 
disease_progression 
H-positive risk:  687 666 100 1093 406 99 1102 449 156 52 142 48 
H-negative risk:  666 687 1102 1093 449 406 99 100 142 156 48 52 
New BC onsets:  0
BC status:  4893 107 
BC subtype:  4893 85 22 

clinical_engagement 
diagnosis 
demography 
74 new agents 
6 dtreferralsatt6 smreferralsatt227 
disease_progression 
H-positive risk:  683 663 99 1098 403 97 1115 444 158 50 141 49 
H-negative risk:  663 683 1115 1098 444 403 97 99 141 158 49 50 
New BC onsets:  0
BC status:  4893 107 
BC subtype:  4893 84 23 

clinical_engagement 
diagnosis 
demography 
59 new agents 
11 dtreferralsatt11 smreferralsatt228 
disease_progression 
H-positive risk:  689 662 99 1087 401 98 1117 444 158 52 146 47 
H-negative risk:  662 689 1117 1087 444 401 98 99 146 158 47 52 
New BC onsets:  0
BC status:  4892 108 
BC subtype:  4892 85 23 

clinical_engagement 
diagnosis 
demography 
83 new agents 
8 dtreferralsatt8 smreferralsatt229 
disease_progression 
H-positive risk:  688 661 101 1087 405 99 1109 445 160 54 144 47 
H-negative risk:  661 688 1109 1087 445 405 99 101 144 160 47 54 
New BC onsets:  0
BC status:  4892 108 
BC subtype:  4892 85 23 

clinical_engagement 
diagnosis 
demography 
62 new agents 
8 dtreferralsatt8 smreferralsatt230 
disease_progression 
H-positive risk:  693 657 99 1093 405 96 1106 445 159 54 145 48 
H-negative risk:  657 693 1106 1093 445 405 96 99 145 159 48 54 
New BC onsets:  0
BC status:  4889 111 
BC subtype:  4889 88 23 

clinical_engagement 
diagnosis 
demography 
66 new agents 
13 dtreferralsatt13 smreferralsatt231 
disease_progression 
H-positive risk:  691 657 98 1091 404 95 1113 441 159 54 148 49 
H-negative risk:  657 691 1113 1091 441 404 95 98 148 159 49 54 
New BC onsets:  0
BC status:  4890 110 
BC subtype:  4890 87 23 

clinical_engagement 
diagnosis 
demography 
75 new agents 
14 dtreferralsatt14 smreferralsatt232 
disease_progression 
H-positive risk:  684 661 99 1087 403 92 1115 443 164 55 147 50 
H-negative risk:  661 684 1115 1087 443 403 92 99 147 164 50 55 
New BC onsets:  0
BC status:  4889 111 
BC subtype:  4889 88 23 

clinical_engagement 
diagnosis 
demography 
88 new agents 
9 dtreferralsatt9 smreferralsatt233 
disease_progression 
H-positive risk:  685 668 98 1088 404 91 1105 449 164 54 145 49 
H-negative risk:  668 685 1105 1088 449 404 91 98 145 164 49 54 
New BC onsets:  0
BC status:  4891 109 
BC subtype:  4891 87 22 

clinical_engagement 
diagnosis 
demography 
79 new agents 
16 dtreferralsatt16 smreferralsatt234 
disease_progression 
H-positive risk:  694 666 101 1074 410 89 1099 453 162 58 146 48 
H-negative risk:  666 694 1099 1074 453 410 89 101 146 162 48 58 
New BC onsets:  0
BC status:  4890 110 
BC subtype:  4890 89 21 

clinical_engagement 
diagnosis 
demography 
76 new agents 
19 dtreferralsatt19 smreferralsatt235 
disease_progression 
H-positive risk:  701 666 102 1083 410 90 1086 444 163 57 149 49 
H-negative risk:  666 701 1086 1083 444 410 90 102 149 163 49 57 
New BC onsets:  0
BC status:  4890 110 
BC subtype:  4890 90 20 

clinical_engagement 
diagnosis 
demography 
67 new agents 
12 dtreferralsatt12 smreferralsatt236 
disease_progression 
H-positive risk:  702 670 105 1086 406 89 1081 446 163 57 146 49 
H-negative risk:  670 702 1081 1086 446 406 89 105 146 163 49 57 
New BC onsets:  0
BC status:  4896 104 
BC subtype:  4896 86 18 

clinical_engagement 
diagnosis 
demography 
73 new agents 
13 dtreferralsatt13 smreferralsatt237 
disease_progression 
H-positive risk:  700 676 106 1091 398 86 1076 445 166 58 148 50 
H-negative risk:  676 700 1076 1091 445 398 86 106 148 166 50 58 
New BC onsets:  0
BC status:  4897 103 
BC subtype:  4897 85 18 

clinical_engagement 
diagnosis 
demography 
77 new agents 
7 dtreferralsatt7 smreferralsatt238 
disease_progression 
H-positive risk:  693 676 105 1087 396 89 1092 439 169 58 148 48 
H-negative risk:  676 693 1092 1087 439 396 89 105 148 169 48 58 
New BC onsets:  0
BC status:  4902 98 
BC subtype:  4902 81 17 

clinical_engagement 
diagnosis 
demography 
87 new agents 
6 dtreferralsatt6 smreferralsatt239 
disease_progression 
H-positive risk:  697 672 106 1095 391 86 1093 436 168 60 149 47 
H-negative risk:  672 697 1093 1095 436 391 86 106 149 168 47 60 
New BC onsets:  0
BC status:  4900 100 
BC subtype:  4900 83 17 

clinical_engagement 
diagnosis 
demography 
74 new agents 
11 dtreferralsatt11 smreferralsatt240 
disease_progression 
H-positive risk:  700 668 104 1094 397 88 1090 432 169 61 148 49 
H-negative risk:  668 700 1090 1094 432 397 88 104 148 169 49 61 
New BC onsets:  0
BC status:  4900 100 
BC subtype:  4900 83 17 

clinical_engagement 
diagnosis 
demography 
71 new agents 
9 dtreferralsatt9 smreferralsatt241 
disease_progression 
H-positive risk:  696 667 103 1076 413 89 1085 446 161 64 146 54 
H-negative risk:  667 696 1085 1076 446 413 89 103 146 161 54 64 
New BC onsets:  0
BC status:  4902 98 
BC subtype:  4902 82 16 

clinical_engagement 
diagnosis 
demography 
75 new agents 
12 dtreferralsatt12 smreferralsatt242 
disease_progression 
H-positive risk:  695 671 103 1061 424 87 1088 446 161 64 145 55 
H-negative risk:  671 695 1088 1061 446 424 87 103 145 161 55 64 
New BC onsets:  0
BC status:  4904 96 
BC subtype:  4904 80 16 

clinical_engagement 
diagnosis 
demography 
92 new agents 
8 dtreferralsatt8 smreferralsatt243 
disease_progression 
H-positive risk:  701 678 102 1051 430 84 1098 436 163 59 146 52 
H-negative risk:  678 701 1098 1051 436 430 84 102 146 163 52 59 
New BC onsets:  0
BC status:  4905 95 
BC subtype:  4905 79 16 

clinical_engagement 
diagnosis 
demography 
70 new agents 
11 dtreferralsatt11 smreferralsatt244 
disease_progression 
H-positive risk:  702 677 104 1055 425 85 1103 427 162 61 147 52 
H-negative risk:  677 702 1103 1055 427 425 85 104 147 162 52 61 
New BC onsets:  0
BC status:  4903 97 
BC subtype:  4903 81 16 

clinical_engagement 
diagnosis 
demography 
83 new agents 
15 dtreferralsatt15 smreferralsatt245 
disease_progression 
H-positive risk:  702 678 101 1048 432 80 1106 426 162 63 151 51 
H-negative risk:  678 702 1106 1048 426 432 80 101 151 162 51 63 
New BC onsets:  0
BC status:  4900 100 
BC subtype:  4900 83 17 

clinical_engagement 
diagnosis 
demography 
60 new agents 
13 dtreferralsatt13 smreferralsatt246 
disease_progression 
H-positive risk:  690 675 100 1065 424 79 1115 423 161 64 152 52 
H-negative risk:  675 690 1115 1065 423 424 79 100 152 161 52 64 
New BC onsets:  0
BC status:  4898 102 
BC subtype:  4898 84 18 

clinical_engagement 
diagnosis 
demography 
81 new agents 
7 dtreferralsatt7 smreferralsatt247 
disease_progression 
H-positive risk:  696 670 103 1065 426 75 1110 423 162 67 151 52 
H-negative risk:  670 696 1110 1065 423 426 75 103 151 162 52 67 
New BC onsets:  0
BC status:  4898 102 
BC subtype:  4898 84 18 

clinical_engagement 
diagnosis 
demography 
58 new agents 
16 dtreferralsatt16 smreferralsatt248 
disease_progression 
H-positive risk:  694 662 101 1064 432 73 1112 424 160 66 158 54 
H-negative risk:  662 694 1112 1064 424 432 73 101 158 160 54 66 
New BC onsets:  0
BC status:  4898 102 
BC subtype:  4898 86 16 

clinical_engagement 
diagnosis 
demography 
60 new agents 
13 dtreferralsatt13 smreferralsatt249 
disease_progression 
H-positive risk:  694 656 105 1072 437 71 1106 422 162 63 158 54 
H-negative risk:  656 694 1106 1072 422 437 71 105 158 162 54 63 
New BC onsets:  0
BC status:  4896 104 
BC subtype:  4896 87 17 

clinical_engagement 
diagnosis 
demography 
74 new agents 
6 dtreferralsatt6 smreferralsatt250 
disease_progression 
H-positive risk:  701 658 106 1065 430 71 1105 434 162 60 155 53 
H-negative risk:  658 701 1105 1065 434 430 71 106 155 162 53 60 
New BC onsets:  0
BC status:  4899 101 
BC subtype:  4899 84 17 

clinical_engagement 
diagnosis 
demography 
69 new agents 
11 dtreferralsatt11 smreferralsatt251 
disease_progression 
H-positive risk:  702 659 106 1055 436 71 1108 432 158 63 155 55 
H-negative risk:  659 702 1108 1055 432 436 71 106 155 158 55 63 
New BC onsets:  0
BC status:  4896 104 
BC subtype:  4896 86 18 

clinical_engagement 
diagnosis 
demography 
84 new agents 
9 dtreferralsatt9 smreferralsatt252 
disease_progression 
H-positive risk:  699 667 106 1058 430 69 1115 426 160 60 154 56 
H-negative risk:  667 699 1115 1058 426 430 69 106 154 160 56 60 
New BC onsets:  0
BC status:  4894 106 
BC subtype:  4894 86 20 

clinical_engagement 
diagnosis 
demography 
83 new agents 
11 dtreferralsatt11 smreferralsatt253 
disease_progression 
H-positive risk:  698 668 107 1068 427 74 1111 419 160 59 156 53 
H-negative risk:  668 698 1111 1068 419 427 74 107 156 160 53 59 
New BC onsets:  0
BC status:  4895 105 
BC subtype:  4895 85 20 

clinical_engagement 
diagnosis 
demography 
84 new agents 
11 dtreferralsatt11 smreferralsatt254 
disease_progression 
H-positive risk:  703 670 105 1062 427 75 1107 419 162 57 161 52 
H-negative risk:  670 703 1107 1062 419 427 75 105 161 162 52 57 
New BC onsets:  0
BC status:  4894 106 
BC subtype:  4894 86 20 

clinical_engagement 
diagnosis 
demography 
66 new agents 
9 dtreferralsatt9 smreferralsatt255 
disease_progression 
H-positive risk:  704 675 103 1053 430 75 1115 414 158 57 162 54 
H-negative risk:  675 704 1115 1053 414 430 75 103 162 158 54 57 
New BC onsets:  0
BC status:  4894 106 
BC subtype:  4894 86 20 

clinical_engagement 
diagnosis 
demography 
70 new agents 
4 dtreferralsatt4 smreferralsatt256 
disease_progression 
H-positive risk:  694 679 101 1053 434 76 1115 412 157 59 165 55 
H-negative risk:  679 694 1115 1053 412 434 76 101 165 157 55 59 
New BC onsets:  0
BC status:  4894 106 
BC subtype:  4894 85 21 

clinical_engagement 
diagnosis 
demography 
59 new agents 
8 dtreferralsatt8 smreferralsatt257 
disease_progression 
H-positive risk:  692 670 100 1056 441 78 1118 406 158 61 166 54 
H-negative risk:  670 692 1118 1056 406 441 78 100 166 158 54 61 
New BC onsets:  0
BC status:  4895 105 
BC subtype:  4895 84 21 

clinical_engagement 
diagnosis 
demography 
91 new agents 
6 dtreferralsatt6 smreferralsatt258 
disease_progression 
H-positive risk:  696 673 102 1060 439 76 1115 400 160 61 163 55 
H-negative risk:  673 696 1115 1060 400 439 76 102 163 160 55 61 
New BC onsets:  0
BC status:  4895 105 
BC subtype:  4895 85 20 

clinical_engagement 
diagnosis 
demography 
79 new agents 
7 dtreferralsatt7 smreferralsatt259 
disease_progression 
H-positive risk:  695 681 98 1057 439 76 1117 400 159 60 167 51 
H-negative risk:  681 695 1117 1057 400 439 76 98 167 159 51 60 
New BC onsets:  0
BC status:  4894 106 
BC subtype:  4894 83 23 

clinical_engagement 
diagnosis 
demography 
87 new agents 
16 dtreferralsatt16 smreferralsatt260 
disease_progression 
H-positive risk:  700 678 96 1057 433 77 1114 403 159 60 171 52 
H-negative risk:  678 700 1114 1057 403 433 77 96 171 159 52 60 
New BC onsets:  0
BC status:  4892 108 
BC subtype:  4892 84 24 

clinical_engagement 
diagnosis 
demography 
73 new agents 
12 dtreferralsatt12 smreferralsatt261 
disease_progression 
H-positive risk:  705 673 97 1056 436 79 1111 401 157 61 171 53 
H-negative risk:  673 705 1111 1056 401 436 79 97 171 157 53 61 
New BC onsets:  0
BC status:  4892 108 
BC subtype:  4892 84 24 

clinical_engagement 
diagnosis 
demography 
77 new agents 
13 dtreferralsatt13 smreferralsatt262 
disease_progression 
H-positive risk:  696 681 96 1051 440 78 1116 404 153 62 171 52 
H-negative risk:  681 696 1116 1051 404 440 78 96 171 153 52 62 
New BC onsets:  0
BC status:  4893 107 
BC subtype:  4893 84 23 

clinical_engagement 
diagnosis 
demography 
78 new agents 
17 dtreferralsatt17 smreferralsatt263 
disease_progression 
H-positive risk:  700 679 100 1046 445 77 1114 400 150 65 170 54 
H-negative risk:  679 700 1114 1046 400 445 77 100 170 150 54 65 
New BC onsets:  0
BC status:  4895 105 
BC subtype:  4895 83 22 

clinical_engagement 
diagnosis 
demography 
82 new agents 
12 dtreferralsatt12 smreferralsatt264 
disease_progression 
H-positive risk:  707 677 100 1044 451 77 1092 407 154 63 173 55 
H-negative risk:  677 707 1092 1044 407 451 77 100 173 154 55 63 
New BC onsets:  0
BC status:  4892 108 
BC subtype:  4892 83 25 

clinical_engagement 
diagnosis 
demography 
76 new agents 
9 dtreferralsatt9 smreferralsatt265 
disease_progression 
H-positive risk:  715 681 99 1046 452 77 1088 397 153 65 168 59 
H-negative risk:  681 715 1088 1046 397 452 77 99 168 153 59 65 
New BC onsets:  0
BC status:  4892 108 
BC subtype:  4892 85 23 

clinical_engagement 
diagnosis 
demography 
82 new agents 
11 dtreferralsatt11 smreferralsatt266 
disease_progression 
H-positive risk:  712 686 101 1033 456 79 1089 400 152 64 167 61 
H-negative risk:  686 712 1089 1033 400 456 79 101 167 152 61 64 
New BC onsets:  0
BC status:  4890 110 
BC subtype:  4890 85 25 

clinical_engagement 
diagnosis 
demography 
74 new agents 
6 dtreferralsatt6 smreferralsatt267 
disease_progression 
H-positive risk:  707 674 103 1040 458 80 1092 399 153 65 168 61 
H-negative risk:  674 707 1092 1040 399 458 80 103 168 153 61 65 
New BC onsets:  0
BC status:  4890 110 
BC subtype:  4890 86 24 

clinical_engagement 
diagnosis 
demography 
75 new agents 
10 dtreferralsatt10 smreferralsatt268 
disease_progression 
H-positive risk:  710 681 103 1034 452 79 1094 397 157 65 166 62 
H-negative risk:  681 710 1094 1034 397 452 79 103 166 157 62 65 
New BC onsets:  0
BC status:  4889 111 
BC subtype:  4889 87 24 

clinical_engagement 
diagnosis 
demography 
65 new agents 
4 dtreferralsatt4 smreferralsatt269 
disease_progression 
H-positive risk:  712 678 101 1030 451 81 1101 396 158 65 163 64 
H-negative risk:  678 712 1101 1030 396 451 81 101 163 158 64 65 
New BC onsets:  0
BC status:  4891 109 
BC subtype:  4891 85 24 

clinical_engagement 
diagnosis 
demography 
75 new agents 
8 dtreferralsatt8 smreferralsatt270 
disease_progression 
H-positive risk:  719 689 101 1017 454 78 1095 396 160 63 164 64 
H-negative risk:  689 719 1095 1017 396 454 78 101 164 160 64 63 
New BC onsets:  0
BC status:  4888 112 
BC subtype:  4888 88 24 

clinical_engagement 
diagnosis 
demography 
77 new agents 
11 dtreferralsatt11 smreferralsatt271 
disease_progression 
H-positive risk:  722 696 105 1031 450 79 1081 386 158 64 165 63 
H-negative risk:  696 722 1081 1031 386 450 79 105 165 158 63 64 
New BC onsets:  0
BC status:  4887 113 
BC subtype:  4887 89 24 

clinical_engagement 
diagnosis 
demography 
58 new agents 
8 dtreferralsatt8 smreferralsatt272 
disease_progression 
H-positive risk:  720 692 104 1026 450 84 1081 391 160 61 165 66 
H-negative risk:  692 720 1081 1026 391 450 84 104 165 160 66 61 
New BC onsets:  0
BC status:  4886 114 
BC subtype:  4886 90 24 

clinical_engagement 
diagnosis 
demography 
76 new agents 
13 dtreferralsatt13 smreferralsatt273 
disease_progression 
H-positive risk:  720 689 104 1028 449 81 1083 388 164 63 164 67 
H-negative risk:  689 720 1083 1028 388 449 81 104 164 164 67 63 
New BC onsets:  0
BC status:  4888 112 
BC subtype:  4888 88 24 

clinical_engagement 
diagnosis 
demography 
71 new agents 
11 dtreferralsatt11 smreferralsatt274 
disease_progression 
H-positive risk:  713 696 100 1024 446 81 1089 392 167 61 164 67 
H-negative risk:  696 713 1089 1024 392 446 81 100 164 167 67 61 
New BC onsets:  0
BC status:  4889 111 
BC subtype:  4889 87 24 

clinical_engagement 
diagnosis 
demography 
82 new agents 
7 dtreferralsatt7 smreferralsatt275 
disease_progression 
H-positive risk:  715 685 101 1033 437 83 1095 394 167 62 161 67 
H-negative risk:  685 715 1095 1033 394 437 83 101 161 167 67 62 
New BC onsets:  0
BC status:  4892 108 
BC subtype:  4892 85 23 

clinical_engagement 
diagnosis 
demography 
85 new agents 
16 dtreferralsatt16 smreferralsatt276 
disease_progression 
H-positive risk:  719 689 102 1034 436 80 1091 398 165 62 158 66 
H-negative risk:  689 719 1091 1034 398 436 80 102 158 165 66 62 
New BC onsets:  0
BC status:  4891 109 
BC subtype:  4891 86 23 

clinical_engagement 
diagnosis 
demography 
82 new agents 
11 dtreferralsatt11 smreferralsatt277 
disease_progression 
H-positive risk:  712 687 102 1034 438 79 1091 400 169 61 159 68 
H-negative risk:  687 712 1091 1034 400 438 79 102 159 169 68 61 
New BC onsets:  0
BC status:  4890 110 
BC subtype:  4890 85 25 

clinical_engagement 
diagnosis 
demography 
89 new agents 
13 dtreferralsatt13 smreferralsatt278 
disease_progression 
H-positive risk:  715 684 102 1037 429 80 1098 393 169 62 159 72 
H-negative risk:  684 715 1098 1037 393 429 80 102 159 169 72 62 
New BC onsets:  0
BC status:  4892 108 
BC subtype:  4892 83 25 

clinical_engagement 
diagnosis 
demography 
63 new agents 
8 dtreferralsatt8 smreferralsatt279 
disease_progression 
H-positive risk:  714 678 102 1030 436 80 1100 398 168 62 163 69 
H-negative risk:  678 714 1100 1030 398 436 80 102 163 168 69 62 
New BC onsets:  0
BC status:  4890 110 
BC subtype:  4890 85 25 

clinical_engagement 
diagnosis 
demography 
78 new agents 
5 dtreferralsatt5 smreferralsatt280 
disease_progression 
H-positive risk:  712 689 106 1026 426 82 1105 400 164 62 160 68 
H-negative risk:  689 712 1105 1026 400 426 82 106 160 164 68 62 
New BC onsets:  0
BC status:  4886 114 
BC subtype:  4886 85 29 

clinical_engagement 
diagnosis 
demography 
75 new agents 
6 dtreferralsatt6 smreferralsatt281 
disease_progression 
H-positive risk:  711 679 103 1034 419 83 1102 407 162 65 162 73 
H-negative risk:  679 711 1102 1034 407 419 83 103 162 162 73 65 
New BC onsets:  0
BC status:  4889 111 
BC subtype:  4889 85 26 

clinical_engagement 
diagnosis 
demography 
78 new agents 
11 dtreferralsatt11 smreferralsatt282 
disease_progression 
H-positive risk:  714 682 100 1032 419 82 1101 405 161 68 167 69 
H-negative risk:  682 714 1101 1032 405 419 82 100 167 161 69 68 
New BC onsets:  0
BC status:  4891 109 
BC subtype:  4891 86 23 

clinical_engagement 
diagnosis 
demography 
60 new agents 
5 dtreferralsatt5 smreferralsatt283 
disease_progression 
H-positive risk:  713 681 96 1037 415 83 1096 410 160 65 172 72 
H-negative risk:  681 713 1096 1037 410 415 83 96 172 160 72 65 
New BC onsets:  0
BC status:  4892 108 
BC subtype:  4892 85 23 

clinical_engagement 
diagnosis 
demography 
64 new agents 
10 dtreferralsatt10 smreferralsatt284 
disease_progression 
H-positive risk:  707 681 96 1036 417 81 1102 411 160 67 170 72 
H-negative risk:  681 707 1102 1036 411 417 81 96 170 160 72 67 
New BC onsets:  0
BC status:  4892 108 
BC subtype:  4892 84 24 

clinical_engagement 
diagnosis 
demography 
78 new agents 
9 dtreferralsatt9 smreferralsatt285 
disease_progression 
H-positive risk:  696 680 93 1031 421 81 1119 407 158 70 173 71 
H-negative risk:  680 696 1119 1031 407 421 81 93 173 158 71 70 
New BC onsets:  0
BC status:  4893 107 
BC subtype:  4893 82 25 

clinical_engagement 
diagnosis 
demography 
72 new agents 
9 dtreferralsatt9 smreferralsatt286 
disease_progression 
H-positive risk:  701 679 92 1040 420 80 1104 411 160 70 172 71 
H-negative risk:  679 701 1104 1040 411 420 80 92 172 160 71 70 
New BC onsets:  0
BC status:  4894 106 
BC subtype:  4894 82 24 

clinical_engagement 
diagnosis 
demography 
82 new agents 
8 dtreferralsatt8 smreferralsatt287 
disease_progression 
H-positive risk:  699 685 91 1045 418 83 1103 405 161 69 173 68 
H-negative risk:  685 699 1103 1045 405 418 83 91 173 161 68 69 
New BC onsets:  0
BC status:  4893 107 
BC subtype:  4893 81 26 

clinical_engagement 
diagnosis 
demography 
70 new agents 
11 dtreferralsatt11 smreferralsatt288 
disease_progression 
H-positive risk:  696 683 92 1047 411 86 1104 409 161 70 175 66 
H-negative risk:  683 696 1104 1047 409 411 86 92 175 161 66 70 
New BC onsets:  0
BC status:  4895 105 
BC subtype:  4895 81 24 

clinical_engagement 
diagnosis 
demography 
84 new agents 
11 dtreferralsatt11 smreferralsatt289 
disease_progression 
H-positive risk:  698 680 90 1049 413 90 1103 415 160 66 173 63 
H-negative risk:  680 698 1103 1049 415 413 90 90 173 160 63 66 
New BC onsets:  0
BC status:  4894 106 
BC subtype:  4894 82 24 

clinical_engagement 
diagnosis 
demography 
85 new agents 
11 dtreferralsatt11 smreferralsatt290 
disease_progression 
H-positive risk:  687 677 91 1053 410 92 1115 420 154 66 173 62 
H-negative risk:  677 687 1115 1053 420 410 92 91 173 154 62 66 
New BC onsets:  0
BC status:  4894 106 
BC subtype:  4894 82 24 

clinical_engagement 
diagnosis 
demography 
72 new agents 
10 dtreferralsatt10 smreferralsatt291 
disease_progression 
H-positive risk:  686 681 93 1051 410 95 1113 422 152 67 171 59 
H-negative risk:  681 686 1113 1051 422 410 95 93 171 152 59 67 
New BC onsets:  0
BC status:  4898 102 
BC subtype:  4898 80 22 

clinical_engagement 
diagnosis 
demography 
100 new agents 
9 dtreferralsatt9 smreferralsatt292 
disease_progression 
H-positive risk:  688 682 97 1049 410 97 1112 420 150 66 172 57 
H-negative risk:  682 688 1112 1049 420 410 97 97 172 150 57 66 
New BC onsets:  0
BC status:  4896 104 
BC subtype:  4896 79 25 

clinical_engagement 
diagnosis 
demography 
73 new agents 
8 dtreferralsatt8 smreferralsatt293 
disease_progression 
H-positive risk:  674 681 101 1055 416 97 1112 427 150 63 170 54 
H-negative risk:  681 674 1112 1055 427 416 97 101 170 150 54 63 
New BC onsets:  0
BC status:  4898 102 
BC subtype:  4898 76 26 

clinical_engagement 
diagnosis 
demography 
76 new agents 
9 dtreferralsatt9 smreferralsatt294 
disease_progression 
H-positive risk:  682 677 102 1051 411 96 1114 437 147 61 170 52 
H-negative risk:  677 682 1114 1051 437 411 96 102 170 147 52 61 
New BC onsets:  0
BC status:  4895 105 
BC subtype:  4895 79 26 

clinical_engagement 
diagnosis 
demography 
80 new agents 
10 dtreferralsatt10 smreferralsatt295 
disease_progression 
H-positive risk:  685 683 101 1044 409 96 1119 435 148 61 165 54 
H-negative risk:  683 685 1119 1044 435 409 96 101 165 148 54 61 
New BC onsets:  0
BC status:  4897 103 
BC subtype:  4897 76 27 

clinical_engagement 
diagnosis 
demography 
82 new agents 
14 dtreferralsatt14 smreferralsatt296 
disease_progression 
H-positive risk:  682 691 102 1043 410 95 1124 424 150 63 162 54 
H-negative risk:  691 682 1124 1043 424 410 95 102 162 150 54 63 
New BC onsets:  0
BC status:  4898 102 
BC subtype:  4898 77 25 

clinical_engagement 
diagnosis 
demography 
71 new agents 
17 dtreferralsatt17 smreferralsatt297 
disease_progression 
H-positive risk:  677 693 106 1038 420 94 1122 424 149 61 160 56 
H-negative risk:  693 677 1122 1038 424 420 94 106 160 149 56 61 
New BC onsets:  0
BC status:  4897 103 
BC subtype:  4897 77 26 

clinical_engagement 
diagnosis 
demography 
80 new agents 
8 dtreferralsatt8 smreferralsatt298 
disease_progression 
H-positive risk:  684 692 108 1031 427 95 1113 424 149 59 163 55 
H-negative risk:  692 684 1113 1031 424 427 95 108 163 149 55 59 
New BC onsets:  0
BC status:  4896 104 
BC subtype:  4896 77 27 

clinical_engagement 
diagnosis 
demography 
76 new agents 
10 dtreferralsatt10 smreferralsatt299 
disease_progression 
H-positive risk:  681 699 107 1030 424 96 1113 420 149 61 163 57 
H-negative risk:  699 681 1113 1030 420 424 96 107 163 149 57 61 
New BC onsets:  0
BC status:  4896 104 
BC subtype:  4896 78 26 

clinical_engagement 
diagnosis 
demography 
67 new agents 
13 dtreferralsatt13 smreferralsatt300 
disease_progression 
H-positive risk:  676 700 105 1034 416 100 1120 420 147 62 163 57 
H-negative risk:  700 676 1120 1034 420 416 100 105 163 147 57 62 
New BC onsets:  0
BC status:  4896 104 
BC subtype:  4896 80 24 

clinical_engagement 
diagnosis 
demography 
84 new agents 
12 dtreferralsatt12 smreferralsattTime difference of 17.55929 mins
This is task 18
date
