date
Note that the current default version of R is 3.6.1.
Loading required package: network
network: Classes for Relational Data
Version 1.15 created on 2019-04-01.
copyright (c) 2005, Carter T. Butts, University of California-Irvine
                    Mark S. Handcock, University of California -- Los Angeles
                    David R. Hunter, Penn State University
                    Martina Morris, University of Washington
                    Skye Bender-deMoll, University of Washington
 For citation information, type citation("network").
 Type help("network-package") to get started.


networkDynamic: version 0.10.0, created on 2019-04-04
Copyright (c) 2019, Carter T. Butts, University of California -- Irvine
                    Ayn Leslie-Cook, University of Washington
                    Pavel N. Krivitsky, University of Wollongong
                    Skye Bender-deMoll, University of Washington
                    with contributions from
                    Zack Almquist, University of California -- Irvine
                    David R. Hunter, Penn State University
                    Li Wang
                    Kirk Li, University of Washington
                    Steven M. Goodreau, University of Washington
                    Jeffrey Horner
                    Martina Morris, University of Washington
Based on "statnet" project software (statnet.org).
For license and citation information see statnet.org/attribution
or type citation("networkDynamic").

Loading required package: statnet.common

Attaching package: 'statnet.common'

The following object is masked from 'package:base':

    order

sna: Tools for Social Network Analysis
Version 2.4 created on 2016-07-23.
copyright (c) 2005, Carter T. Butts, University of California-Irvine
 For citation information, type citation("sna").
 Type help(package="sna") to get started.


ergm: version 3.10.4, created on 2019-06-10
Copyright (c) 2019, Mark S. Handcock, University of California -- Los Angeles
                    David R. Hunter, Penn State University
                    Carter T. Butts, University of California -- Irvine
                    Steven M. Goodreau, University of Washington
                    Pavel N. Krivitsky, University of Wollongong
                    Martina Morris, University of Washington
                    with contributions from
                    Li Wang
                    Kirk Li, University of Washington
                    Skye Bender-deMoll, University of Washington
                    Chad Klumb
Based on "statnet" project software (statnet.org).
For license and citation information see statnet.org/attribution
or type citation("ergm").

NOTE: Versions before 3.6.1 had a bug in the implementation of the bd()
constriant which distorted the sampled distribution somewhat. In
addition, Sampson's Monks datasets had mislabeled vertices. See the
NEWS and the documentation for more details.

NOTE: Some common term arguments pertaining to vertex attribute and
level selection have changed in 3.10.0. See terms help for more
details. Use 'options(ergm.term=list(version="3.9.4"))' to use old
behavior.


tergm: version 3.6.1, created on 2019-06-12
Copyright (c) 2019, Pavel N. Krivitsky, University of Wollongong
                    Mark S. Handcock, University of California -- Los Angeles
                    with contributions from
                    David R. Hunter, Penn State University
                    Steven M. Goodreau, University of Washington
                    Martina Morris, University of Washington
                    Nicole Bohme Carnegie, New York University
                    Carter T. Butts, University of California -- Irvine
                    Ayn Leslie-Cook, University of Washington
                    Skye Bender-deMoll
                    Li Wang
                    Kirk Li, University of Washington
Based on "statnet" project software (statnet.org).
For license and citation information see statnet.org/attribution
or type citation("tergm").

Starting maximum pseudolikelihood estimation (MPLE):
Evaluating the predictor and response matrix.
Maximizing the pseudolikelihood.
Finished MPLE.
Starting Monte Carlo maximum likelihood estimation (MCMLE):
Iteration 1 of at most 500:
Optimizing with step length 0.403343396211244.
The log-likelihood improved by 3.625.
Iteration 2 of at most 500:
Optimizing with step length 0.555662541210352.
The log-likelihood improved by 2.891.
Iteration 3 of at most 500:
Optimizing with step length 1.
The log-likelihood improved by 1.051.
Step length converged once. Increasing MCMC sample size.
Iteration 4 of at most 500:
Optimizing with step length 1.
The log-likelihood improved by 0.03469.
Step length converged twice. Stopping.
Finished MCMLE.
This model was fit using MCMC.  To examine model diagnostics and check
for degeneracy, use the mcmc.diagnostics() function.
 degree0  degree1  degree2  degree3  degree4  degree5  degree6  degree7 
       2       13     1211     1015      777      346      355      407 
 degree8  degree9 degree10 degree11 degree12 degree13 degree14 degree15 
     310      237      140       83       61       23       13        6 
degree16 
       1 
1 
disease_progression 
H-positive risk:  883 836 118 907 460 120 850 426 117 70 137 76 
H-negative risk:  836 883 850 907 426 460 120 118 137 117 76 70 
New BC onsets:  0
BC status:  4997 3 
BC subtype:  4997 2 1 

clinical_engagement 
diagnosis 
demography 
57 new agents 
1 dtreferralsatt1 smreferralsatt2 
disease_progression 
H-positive risk:  885 837 117 905 459 119 857 420 117 72 135 77 
H-negative risk:  837 885 857 905 420 459 119 117 135 117 77 72 
New BC onsets:  0
BC status:  4992 8 
BC subtype:  4992 6 2 

clinical_engagement 
diagnosis 
demography 
65 new agents 
2 dtreferralsatt2 smreferralsatt3 
disease_progression 
H-positive risk:  895 838 118 911 459 120 845 417 118 72 132 75 
H-negative risk:  838 895 845 911 417 459 120 118 132 118 75 72 
New BC onsets:  0
BC status:  4990 10 
BC subtype:  4990 6 4 

clinical_engagement 
diagnosis 
demography 
57 new agents 
3 dtreferralsatt3 smreferralsatt4 
disease_progression 
H-positive risk:  901 850 118 909 456 120 842 413 120 69 129 73 
H-negative risk:  850 901 842 909 413 456 120 118 129 120 73 69 
New BC onsets:  0
BC status:  4987 13 
BC subtype:  4987 8 5 

clinical_engagement 
diagnosis 
demography 
50 new agents 
0 dtreferralsatt0 smreferralsatt5 
disease_progression 
H-positive risk:  906 855 117 910 448 121 845 412 118 69 129 70 
H-negative risk:  855 906 845 910 412 448 121 117 129 118 70 69 
New BC onsets:  0
BC status:  4987 13 
BC subtype:  4987 8 5 

clinical_engagement 
diagnosis 
demography 
47 new agents 
6 dtreferralsatt6 smreferralsatt6 
disease_progression 
H-positive risk:  913 858 117 913 438 123 843 409 121 68 127 70 
H-negative risk:  858 913 843 913 409 438 123 117 127 121 70 68 
New BC onsets:  0
BC status:  4984 16 
BC subtype:  4984 11 5 

clinical_engagement 
diagnosis 
demography 
64 new agents 
1 dtreferralsatt1 smreferralsatt7 
disease_progression 
H-positive risk:  916 861 121 911 439 124 837 403 120 69 130 69 
H-negative risk:  861 916 837 911 403 439 124 121 130 120 69 69 
New BC onsets:  0
BC status:  4982 18 
BC subtype:  4982 13 5 

clinical_engagement 
diagnosis 
demography 
61 new agents 
6 dtreferralsatt6 smreferralsatt8 
disease_progression 
H-positive risk:  916 868 120 912 434 123 839 399 119 70 130 70 
H-negative risk:  868 916 839 912 399 434 123 120 130 119 70 70 
New BC onsets:  0
BC status:  4979 21 
BC subtype:  4979 15 6 

clinical_engagement 
diagnosis 
demography 
59 new agents 
6 dtreferralsatt6 smreferralsatt9 
disease_progression 
H-positive risk:  921 879 122 910 432 124 836 391 117 69 130 69 
H-negative risk:  879 921 836 910 391 432 124 122 130 117 69 69 
New BC onsets:  0
BC status:  4976 24 
BC subtype:  4976 18 6 

clinical_engagement 
diagnosis 
demography 
62 new agents 
11 dtreferralsatt11 smreferralsatt10 
disease_progression 
H-positive risk:  923 884 121 904 432 125 844 384 117 67 132 67 
H-negative risk:  884 923 844 904 384 432 125 121 132 117 67 67 
New BC onsets:  0
BC status:  4973 27 
BC subtype:  4973 19 8 

clinical_engagement 
diagnosis 
demography 
64 new agents 
9 dtreferralsatt9 smreferralsatt11 
disease_progression 
H-positive risk:  922 884 122 909 429 127 852 374 115 67 132 67 
H-negative risk:  884 922 852 909 374 429 127 122 132 115 67 67 
New BC onsets:  0
BC status:  4969 31 
BC subtype:  4969 23 8 

clinical_engagement 
diagnosis 
demography 
43 new agents 
7 dtreferralsatt7 smreferralsatt12 
disease_progression 
H-positive risk:  928 892 121 906 429 126 851 370 115 66 129 67 
H-negative risk:  892 928 851 906 370 429 126 121 129 115 67 66 
New BC onsets:  0
BC status:  4968 32 
BC subtype:  4968 23 9 

clinical_engagement 
diagnosis 
demography 
71 new agents 
3 dtreferralsatt3 smreferralsatt13 
disease_progression 
H-positive risk:  855 833 118 970 424 112 921 375 130 63 134 65 
H-negative risk:  833 855 921 970 375 424 112 118 134 130 65 63 
New BC onsets:  0
BC status:  4967 33 
BC subtype:  4967 23 10 

clinical_engagement 
diagnosis 
demography 
213 new agents 
6 dtreferralsatt6 smreferralsatt14 
disease_progression 
H-positive risk:  886 867 126 942 435 113 871 378 132 64 128 58 
H-negative risk:  867 886 871 942 378 435 113 126 128 132 58 64 
New BC onsets:  0
BC status:  4967 33 
BC subtype:  4967 24 9 

clinical_engagement 
diagnosis 
demography 
47 new agents 
12 dtreferralsatt12 smreferralsatt15 
disease_progression 
H-positive risk:  887 865 128 946 435 115 867 375 132 62 130 58 
H-negative risk:  865 887 867 946 375 435 115 128 130 132 58 62 
New BC onsets:  0
BC status:  4964 36 
BC subtype:  4964 26 10 

clinical_engagement 
diagnosis 
demography 
64 new agents 
8 dtreferralsatt8 smreferralsatt16 
disease_progression 
H-positive risk:  883 866 129 956 429 116 874 372 130 59 130 56 
H-negative risk:  866 883 874 956 372 429 116 129 130 130 56 59 
New BC onsets:  0
BC status:  4963 37 
BC subtype:  4963 26 11 

clinical_engagement 
diagnosis 
demography 
48 new agents 
6 dtreferralsatt6 smreferralsatt17 
disease_progression 
H-positive risk:  892 868 132 952 432 116 870 366 131 58 131 52 
H-negative risk:  868 892 870 952 366 432 116 132 131 131 52 58 
New BC onsets:  0
BC status:  4962 38 
BC subtype:  4962 27 11 

clinical_engagement 
diagnosis 
demography 
66 new agents 
11 dtreferralsatt11 smreferralsatt18 
disease_progression 
H-positive risk:  902 867 131 940 434 117 874 361 132 58 130 54 
H-negative risk:  867 902 874 940 361 434 117 131 130 132 54 58 
New BC onsets:  0
BC status:  4963 37 
BC subtype:  4963 26 11 

clinical_engagement 
diagnosis 
demography 
60 new agents 
19 dtreferralsatt19 smreferralsatt19 
disease_progression 
H-positive risk:  909 864 131 934 441 116 871 356 133 60 131 54 
H-negative risk:  864 909 871 934 356 441 116 131 131 133 54 60 
New BC onsets:  0
BC status:  4959 41 
BC subtype:  4959 28 13 

clinical_engagement 
diagnosis 
demography 
58 new agents 
11 dtreferralsatt11 smreferralsatt20 
disease_progression 
H-positive risk:  908 870 134 934 437 116 870 349 134 61 132 55 
H-negative risk:  870 908 870 934 349 437 116 134 132 134 55 61 
New BC onsets:  0
BC status:  4955 45 
BC subtype:  4955 31 14 

clinical_engagement 
diagnosis 
demography 
69 new agents 
22 dtreferralsatt22 smreferralsatt21 
disease_progression 
H-positive risk:  909 880 130 927 439 118 867 349 134 61 132 54 
H-negative risk:  880 909 867 927 349 439 118 130 132 134 54 61 
New BC onsets:  0
BC status:  4953 47 
BC subtype:  4953 32 15 

clinical_engagement 
diagnosis 
demography 
68 new agents 
13 dtreferralsatt13 smreferralsatt22 
disease_progression 
H-positive risk:  915 881 133 927 436 119 864 347 134 59 132 53 
H-negative risk:  881 915 864 927 347 436 119 133 132 134 53 59 
New BC onsets:  0
BC status:  4950 50 
BC subtype:  4950 34 16 

clinical_engagement 
diagnosis 
demography 
69 new agents 
10 dtreferralsatt10 smreferralsatt23 
disease_progression 
H-positive risk:  915 888 135 923 434 120 863 348 133 58 131 52 
H-negative risk:  888 915 863 923 348 434 120 135 131 133 52 58 
New BC onsets:  0
BC status:  4947 53 
BC subtype:  4947 35 18 

clinical_engagement 
diagnosis 
demography 
62 new agents 
10 dtreferralsatt10 smreferralsatt24 
disease_progression 
H-positive risk:  918 891 134 921 433 120 857 354 130 56 134 52 
H-negative risk:  891 918 857 921 354 433 120 134 134 130 52 56 
New BC onsets:  0
BC status:  4948 52 
BC subtype:  4948 35 17 

clinical_engagement 
diagnosis 
demography 
69 new agents 
8 dtreferralsatt8 smreferralsatt25 
disease_progression 
H-positive risk:  835 828 119 989 425 116 947 352 132 53 152 52 
H-negative risk:  828 835 947 989 352 425 116 119 152 132 52 53 
New BC onsets:  0
BC status:  4945 55 
BC subtype:  4945 38 17 

clinical_engagement 
diagnosis 
demography 
178 new agents 
10 dtreferralsatt10 smreferralsatt26 
disease_progression 
H-positive risk:  856 851 124 941 450 117 916 365 126 62 143 49 
H-negative risk:  851 856 916 941 365 450 117 124 143 126 49 62 
New BC onsets:  0
BC status:  4945 55 
BC subtype:  4945 38 17 

clinical_engagement 
diagnosis 
demography 
65 new agents 
18 dtreferralsatt18 smreferralsatt27 
disease_progression 
H-positive risk:  854 851 127 945 445 119 912 368 127 60 143 49 
H-negative risk:  851 854 912 945 368 445 119 127 143 127 49 60 
New BC onsets:  0
BC status:  4946 54 
BC subtype:  4946 38 16 

clinical_engagement 
diagnosis 
demography 
75 new agents 
5 dtreferralsatt5 smreferralsatt28 
disease_progression 
H-positive risk:  866 853 127 946 445 119 905 362 125 60 142 50 
H-negative risk:  853 866 905 946 362 445 119 127 142 125 50 60 
New BC onsets:  0
BC status:  4943 57 
BC subtype:  4943 41 16 

clinical_engagement 
diagnosis 
demography 
50 new agents 
9 dtreferralsatt9 smreferralsatt29 
disease_progression 
H-positive risk:  871 855 127 940 442 120 908 360 126 60 141 50 
H-negative risk:  855 871 908 940 360 442 120 127 141 126 50 60 
New BC onsets:  0
BC status:  4942 58 
BC subtype:  4942 42 16 

clinical_engagement 
diagnosis 
demography 
80 new agents 
8 dtreferralsatt8 smreferralsatt30 
disease_progression 
H-positive risk:  868 860 128 940 436 117 909 368 126 58 140 50 
H-negative risk:  860 868 909 940 368 436 117 128 140 126 50 58 
New BC onsets:  0
BC status:  4940 60 
BC subtype:  4940 44 16 

clinical_engagement 
diagnosis 
demography 
63 new agents 
10 dtreferralsatt10 smreferralsatt31 
disease_progression 
H-positive risk:  875 863 131 936 433 117 897 371 129 57 140 51 
H-negative risk:  863 875 897 936 371 433 117 131 140 129 51 57 
New BC onsets:  0
BC status:  4940 60 
BC subtype:  4940 44 16 

clinical_engagement 
diagnosis 
demography 
70 new agents 
11 dtreferralsatt11 smreferralsatt32 
disease_progression 
H-positive risk:  881 868 131 928 434 118 888 378 131 54 138 51 
H-negative risk:  868 881 888 928 378 434 118 131 138 131 51 54 
New BC onsets:  0
BC status:  4942 58 
BC subtype:  4942 43 15 

clinical_engagement 
diagnosis 
demography 
57 new agents 
7 dtreferralsatt7 smreferralsatt33 
disease_progression 
H-positive risk:  886 865 134 929 434 119 892 371 130 51 139 50 
H-negative risk:  865 886 892 929 371 434 119 134 139 130 50 51 
New BC onsets:  0
BC status:  4941 59 
BC subtype:  4941 44 15 

clinical_engagement 
diagnosis 
demography 
64 new agents 
14 dtreferralsatt14 smreferralsatt34 
disease_progression 
H-positive risk:  894 862 137 924 430 119 896 371 127 52 137 51 
H-negative risk:  862 894 896 924 371 430 119 137 137 127 51 52 
New BC onsets:  0
BC status:  4940 60 
BC subtype:  4940 46 14 

clinical_engagement 
diagnosis 
demography 
48 new agents 
14 dtreferralsatt14 smreferralsatt35 
disease_progression 
H-positive risk:  899 862 139 926 427 118 891 373 126 52 135 52 
H-negative risk:  862 899 891 926 373 427 118 139 135 126 52 52 
New BC onsets:  0
BC status:  4940 60 
BC subtype:  4940 47 13 

clinical_engagement 
diagnosis 
demography 
62 new agents 
9 dtreferralsatt9 smreferralsatt36 
disease_progression 
H-positive risk:  904 867 140 917 421 120 892 374 124 54 134 53 
H-negative risk:  867 904 892 917 374 421 120 140 134 124 53 54 
New BC onsets:  0
BC status:  4939 61 
BC subtype:  4939 47 14 

clinical_engagement 
diagnosis 
demography 
64 new agents 
10 dtreferralsatt10 smreferralsatt37 
disease_progression 
H-positive risk:  850 809 132 970 419 106 954 376 139 53 141 51 
H-negative risk:  809 850 954 970 376 419 106 132 141 139 51 53 
New BC onsets:  0
BC status:  4941 59 
BC subtype:  4941 45 14 

clinical_engagement 
diagnosis 
demography 
171 new agents 
9 dtreferralsatt9 smreferralsatt38 
disease_progression 
H-positive risk:  871 819 135 936 436 112 926 392 129 54 126 64 
H-negative risk:  819 871 926 936 392 436 112 135 126 129 64 54 
New BC onsets:  0
BC status:  4941 59 
BC subtype:  4941 45 14 

clinical_engagement 
diagnosis 
demography 
58 new agents 
6 dtreferralsatt6 smreferralsatt39 
disease_progression 
H-positive risk:  867 820 136 936 436 110 922 400 130 55 124 64 
H-negative risk:  820 867 922 936 400 436 110 136 124 130 64 55 
New BC onsets:  0
BC status:  4940 60 
BC subtype:  4940 47 13 

clinical_engagement 
diagnosis 
demography 
61 new agents 
14 dtreferralsatt14 smreferralsatt40 
disease_progression 
H-positive risk:  868 818 134 944 432 112 916 398 133 54 124 67 
H-negative risk:  818 868 916 944 398 432 112 134 124 133 67 54 
New BC onsets:  0
BC status:  4940 60 
BC subtype:  4940 47 13 

clinical_engagement 
diagnosis 
demography 
75 new agents 
12 dtreferralsatt12 smreferralsatt41 
disease_progression 
H-positive risk:  873 824 133 940 427 115 925 390 134 53 122 64 
H-negative risk:  824 873 925 940 390 427 115 133 122 134 64 53 
New BC onsets:  0
BC status:  4938 62 
BC subtype:  4938 49 13 

clinical_engagement 
diagnosis 
demography 
62 new agents 
11 dtreferralsatt11 smreferralsatt42 
disease_progression 
H-positive risk:  872 825 132 941 426 114 925 394 135 53 121 62 
H-negative risk:  825 872 925 941 394 426 114 132 121 135 62 53 
New BC onsets:  0
BC status:  4935 65 
BC subtype:  4935 51 14 

clinical_engagement 
diagnosis 
demography 
63 new agents 
10 dtreferralsatt10 smreferralsatt43 
disease_progression 
H-positive risk:  870 829 134 940 419 115 931 390 133 56 121 62 
H-negative risk:  829 870 931 940 390 419 115 134 121 133 62 56 
New BC onsets:  0
BC status:  4934 66 
BC subtype:  4934 52 14 

clinical_engagement 
diagnosis 
demography 
74 new agents 
10 dtreferralsatt10 smreferralsatt44 
disease_progression 
H-positive risk:  875 827 137 938 422 119 925 387 131 57 124 58 
H-negative risk:  827 875 925 938 387 422 119 137 124 131 58 57 
New BC onsets:  0
BC status:  4933 67 
BC subtype:  4933 53 14 

clinical_engagement 
diagnosis 
demography 
66 new agents 
9 dtreferralsatt9 smreferralsatt45 
disease_progression 
H-positive risk:  880 829 137 939 413 120 927 387 129 57 123 59 
H-negative risk:  829 880 927 939 387 413 120 137 123 129 59 57 
New BC onsets:  0
BC status:  4929 71 
BC subtype:  4929 58 13 

clinical_engagement 
diagnosis 
demography 
71 new agents 
11 dtreferralsatt11 smreferralsatt46 
disease_progression 
H-positive risk:  883 831 137 941 411 119 918 388 131 57 126 58 
H-negative risk:  831 883 918 941 388 411 119 137 126 131 58 57 
New BC onsets:  0
BC status:  4929 71 
BC subtype:  4929 58 13 

clinical_engagement 
diagnosis 
demography 
69 new agents 
6 dtreferralsatt6 smreferralsatt47 
disease_progression 
H-positive risk:  885 840 135 935 411 121 915 386 130 57 126 59 
H-negative risk:  840 885 915 935 386 411 121 135 126 130 59 57 
New BC onsets:  0
BC status:  4927 73 
BC subtype:  4927 60 13 

clinical_engagement 
diagnosis 
demography 
67 new agents 
8 dtreferralsatt8 smreferralsatt48 
disease_progression 
H-positive risk:  881 840 135 945 405 123 915 384 128 59 127 58 
H-negative risk:  840 881 915 945 384 405 123 135 127 128 58 59 
New BC onsets:  0
BC status:  4933 67 
BC subtype:  4933 54 13 

clinical_engagement 
diagnosis 
demography 
74 new agents 
10 dtreferralsatt10 smreferralsatt49 
disease_progression 
H-positive risk:  839 787 128 996 400 120 961 390 136 58 131 54 
H-negative risk:  787 839 961 996 390 400 120 128 131 136 54 58 
New BC onsets:  0
BC status:  4933 67 
BC subtype:  4933 54 13 

clinical_engagement 
diagnosis 
demography 
145 new agents 
10 dtreferralsatt10 smreferralsatt50 
disease_progression 
H-positive risk:  858 805 127 961 410 121 936 408 135 57 129 53 
H-negative risk:  805 858 936 961 408 410 121 127 129 135 53 57 
New BC onsets:  0
BC status:  4927 73 
BC subtype:  4927 60 13 

clinical_engagement 
diagnosis 
demography 
62 new agents 
4 dtreferralsatt4 smreferralsatt51 
disease_progression 
H-positive risk:  862 811 128 961 410 121 935 401 135 57 128 51 
H-negative risk:  811 862 935 961 401 410 121 128 128 135 51 57 
New BC onsets:  0
BC status:  4923 77 
BC subtype:  4923 59 18 

clinical_engagement 
diagnosis 
demography 
64 new agents 
8 dtreferralsatt8 smreferralsatt52 
disease_progression 
H-positive risk:  859 814 128 971 406 121 943 390 133 58 127 50 
H-negative risk:  814 859 943 971 390 406 121 128 127 133 50 58 
New BC onsets:  0
BC status:  4925 75 
BC subtype:  4925 58 17 

clinical_engagement 
diagnosis 
demography 
69 new agents 
10 dtreferralsatt10 smreferralsatt53 
disease_progression 
H-positive risk:  863 813 126 978 403 120 936 388 134 60 128 51 
H-negative risk:  813 863 936 978 388 403 120 126 128 134 51 60 
New BC onsets:  0
BC status:  4929 71 
BC subtype:  4929 57 14 

clinical_engagement 
diagnosis 
demography 
55 new agents 
13 dtreferralsatt13 smreferralsatt54 
disease_progression 
H-positive risk:  865 811 126 977 401 120 938 389 136 59 128 50 
H-negative risk:  811 865 938 977 389 401 120 126 128 136 50 59 
New BC onsets:  0
BC status:  4930 70 
BC subtype:  4930 56 14 

clinical_engagement 
diagnosis 
demography 
79 new agents 
10 dtreferralsatt10 smreferralsatt55 
disease_progression 
H-positive risk:  868 818 124 985 394 122 940 377 135 60 127 50 
H-negative risk:  818 868 940 985 377 394 122 124 127 135 50 60 
New BC onsets:  0
BC status:  4933 67 
BC subtype:  4933 54 13 

clinical_engagement 
diagnosis 
demography 
67 new agents 
11 dtreferralsatt11 smreferralsatt56 
disease_progression 
H-positive risk:  875 813 126 996 382 123 933 380 133 63 125 51 
H-negative risk:  813 875 933 996 380 382 123 126 125 133 51 63 
New BC onsets:  0
BC status:  4934 66 
BC subtype:  4934 55 11 

clinical_engagement 
diagnosis 
demography 
71 new agents 
8 dtreferralsatt8 smreferralsatt57 
disease_progression 
H-positive risk:  878 806 128 997 380 126 936 378 135 61 121 54 
H-negative risk:  806 878 936 997 378 380 126 128 121 135 54 61 
New BC onsets:  0
BC status:  4929 71 
BC subtype:  4929 60 11 

clinical_engagement 
diagnosis 
demography 
72 new agents 
8 dtreferralsatt8 smreferralsatt58 
disease_progression 
H-positive risk:  878 820 128 996 378 126 933 374 135 61 118 53 
H-negative risk:  820 878 933 996 374 378 126 128 118 135 53 61 
New BC onsets:  0
BC status:  4930 70 
BC subtype:  4930 57 13 

clinical_engagement 
diagnosis 
demography 
62 new agents 
8 dtreferralsatt8 smreferralsatt59 
disease_progression 
H-positive risk:  879 824 129 993 374 126 933 372 139 61 117 53 
H-negative risk:  824 879 933 993 372 374 126 129 117 139 53 61 
New BC onsets:  0
BC status:  4932 68 
BC subtype:  4932 55 13 

clinical_engagement 
diagnosis 
demography 
58 new agents 
7 dtreferralsatt7 smreferralsatt60 
disease_progression 
H-positive risk:  878 827 127 991 378 125 933 371 138 60 117 55 
H-negative risk:  827 878 933 991 371 378 125 127 117 138 55 60 
New BC onsets:  0
BC status:  4929 71 
BC subtype:  4929 57 14 

clinical_engagement 
diagnosis 
demography 
74 new agents 
11 dtreferralsatt11 smreferralsatt61 
disease_progression 
H-positive risk:  821 777 124 1029 376 116 999 373 147 60 123 55 
H-negative risk:  777 821 999 1029 373 376 116 124 123 147 55 60 
New BC onsets:  0
BC status:  4932 68 
BC subtype:  4932 56 12 

clinical_engagement 
diagnosis 
demography 
130 new agents 
10 dtreferralsatt10 smreferralsatt62 
disease_progression 
H-positive risk:  831 777 126 1004 388 118 983 393 142 57 125 56 
H-negative risk:  777 831 983 1004 393 388 118 126 125 142 56 57 
New BC onsets:  0
BC status:  4933 67 
BC subtype:  4933 55 12 

clinical_engagement 
diagnosis 
demography 
80 new agents 
13 dtreferralsatt13 smreferralsatt63 
disease_progression 
H-positive risk:  839 780 127 992 389 119 980 392 143 55 126 58 
H-negative risk:  780 839 980 992 392 389 119 127 126 143 58 55 
New BC onsets:  0
BC status:  4931 69 
BC subtype:  4931 56 13 

clinical_engagement 
diagnosis 
demography 
58 new agents 
18 dtreferralsatt18 smreferralsatt64 
disease_progression 
H-positive risk:  847 768 127 995 388 120 983 391 141 55 125 60 
H-negative risk:  768 847 983 995 391 388 120 127 125 141 60 55 
New BC onsets:  0
BC status:  4929 71 
BC subtype:  4929 57 14 

clinical_engagement 
diagnosis 
demography 
77 new agents 
15 dtreferralsatt15 smreferralsatt65 
disease_progression 
H-positive risk:  845 776 125 997 391 122 981 385 142 54 127 55 
H-negative risk:  776 845 981 997 385 391 122 125 127 142 55 54 
New BC onsets:  0
BC status:  4927 73 
BC subtype:  4927 59 14 

clinical_engagement 
diagnosis 
demography 
66 new agents 
10 dtreferralsatt10 smreferralsatt66 
disease_progression 
H-positive risk:  845 770 126 1003 383 122 991 383 143 54 124 56 
H-negative risk:  770 845 991 1003 383 383 122 126 124 143 56 54 
New BC onsets:  0
BC status:  4927 73 
BC subtype:  4927 60 13 

clinical_engagement 
diagnosis 
demography 
64 new agents 
17 dtreferralsatt17 smreferralsatt67 
disease_progression 
H-positive risk:  847 768 124 1009 379 123 995 381 142 52 125 55 
H-negative risk:  768 847 995 1009 381 379 123 124 125 142 55 52 
New BC onsets:  0
BC status:  4926 74 
BC subtype:  4926 60 14 

clinical_engagement 
diagnosis 
demography 
58 new agents 
6 dtreferralsatt6 smreferralsatt68 
disease_progression 
H-positive risk:  846 769 122 1004 381 125 996 385 144 51 124 53 
H-negative risk:  769 846 996 1004 385 381 125 122 124 144 53 51 
New BC onsets:  0
BC status:  4925 75 
BC subtype:  4925 60 15 

clinical_engagement 
diagnosis 
demography 
74 new agents 
12 dtreferralsatt12 smreferralsatt69 
disease_progression 
H-positive risk:  848 774 123 995 383 124 996 382 145 52 126 52 
H-negative risk:  774 848 996 995 382 383 124 123 126 145 52 52 
New BC onsets:  0
BC status:  4925 75 
BC subtype:  4925 60 15 

clinical_engagement 
diagnosis 
demography 
63 new agents 
8 dtreferralsatt8 smreferralsatt70 
disease_progression 
H-positive risk:  847 770 119 1003 373 123 1005 387 142 53 127 51 
H-negative risk:  770 847 1005 1003 387 373 123 119 127 142 51 53 
New BC onsets:  0
BC status:  4925 75 
BC subtype:  4925 60 15 

clinical_engagement 
diagnosis 
demography 
58 new agents 
13 dtreferralsatt13 smreferralsatt71 
disease_progression 
H-positive risk:  846 774 119 1002 371 125 999 388 141 53 132 50 
H-negative risk:  774 846 999 1002 388 371 125 119 132 141 50 53 
New BC onsets:  0
BC status:  4926 74 
BC subtype:  4926 59 15 

clinical_engagement 
diagnosis 
demography 
83 new agents 
11 dtreferralsatt11 smreferralsatt72 
disease_progression 
H-positive risk:  843 784 118 1000 369 128 996 389 140 51 132 50 
H-negative risk:  784 843 996 1000 389 369 128 118 132 140 50 51 
New BC onsets:  0
BC status:  4923 77 
BC subtype:  4923 61 16 

clinical_engagement 
diagnosis 
demography 
61 new agents 
8 dtreferralsatt8 smreferralsatt73 
disease_progression 
H-positive risk:  788 740 109 1056 365 118 1049 386 149 50 141 49 
H-negative risk:  740 788 1049 1056 386 365 118 109 141 149 49 50 
New BC onsets:  0
BC status:  4921 79 
BC subtype:  4921 62 17 

clinical_engagement 
diagnosis 
demography 
112 new agents 
7 dtreferralsatt7 smreferralsatt74 
disease_progression 
H-positive risk:  785 748 112 1037 373 117 1032 402 151 55 139 49 
H-negative risk:  748 785 1032 1037 402 373 117 112 139 151 49 55 
New BC onsets:  0
BC status:  4921 79 
BC subtype:  4921 62 17 

clinical_engagement 
diagnosis 
demography 
79 new agents 
12 dtreferralsatt12 smreferralsatt75 
disease_progression 
H-positive risk:  786 748 113 1030 371 121 1042 396 149 55 141 48 
H-negative risk:  748 786 1042 1030 396 371 121 113 141 149 48 55 
New BC onsets:  0
BC status:  4924 76 
BC subtype:  4924 61 15 

clinical_engagement 
diagnosis 
demography 
53 new agents 
11 dtreferralsatt11 smreferralsatt76 
disease_progression 
H-positive risk:  782 754 114 1025 365 121 1052 394 146 59 139 49 
H-negative risk:  754 782 1052 1025 394 365 121 114 139 146 49 59 
New BC onsets:  0
BC status:  4923 77 
BC subtype:  4923 62 15 

clinical_engagement 
diagnosis 
demography 
65 new agents 
12 dtreferralsatt12 smreferralsatt77 
disease_progression 
H-positive risk:  784 750 114 1021 368 119 1058 390 148 60 141 47 
H-negative risk:  750 784 1058 1021 390 368 119 114 141 148 47 60 
New BC onsets:  0
BC status:  4920 80 
BC subtype:  4920 64 16 

clinical_engagement 
diagnosis 
demography 
57 new agents 
8 dtreferralsatt8 smreferralsatt78 
disease_progression 
H-positive risk:  780 753 112 1021 362 117 1065 392 146 60 142 50 
H-negative risk:  753 780 1065 1021 392 362 117 112 142 146 50 60 
New BC onsets:  0
BC status:  4923 77 
BC subtype:  4923 61 16 

clinical_engagement 
diagnosis 
demography 
70 new agents 
7 dtreferralsatt7 smreferralsatt79 
disease_progression 
H-positive risk:  783 751 111 1020 362 116 1063 391 149 59 144 51 
H-negative risk:  751 783 1063 1020 391 362 116 111 144 149 51 59 
New BC onsets:  0
BC status:  4925 75 
BC subtype:  4925 59 16 

clinical_engagement 
diagnosis 
demography 
57 new agents 
13 dtreferralsatt13 smreferralsatt80 
disease_progression 
H-positive risk:  781 755 109 1015 367 116 1062 391 147 60 150 47 
H-negative risk:  755 781 1062 1015 391 367 116 109 150 147 47 60 
New BC onsets:  0
BC status:  4923 77 
BC subtype:  4923 60 17 

clinical_engagement 
diagnosis 
demography 
73 new agents 
17 dtreferralsatt17 smreferralsatt81 
disease_progression 
H-positive risk:  788 757 109 1016 360 120 1056 389 146 62 150 47 
H-negative risk:  757 788 1056 1016 389 360 120 109 150 146 47 62 
New BC onsets:  0
BC status:  4920 80 
BC subtype:  4920 63 17 

clinical_engagement 
diagnosis 
demography 
83 new agents 
16 dtreferralsatt16 smreferralsatt82 
disease_progression 
H-positive risk:  788 760 108 1020 353 120 1062 386 143 63 150 47 
H-negative risk:  760 788 1062 1020 386 353 120 108 150 143 47 63 
New BC onsets:  0
BC status:  4919 81 
BC subtype:  4919 64 17 

clinical_engagement 
diagnosis 
demography 
82 new agents 
5 dtreferralsatt5 smreferralsatt83 
disease_progression 
H-positive risk:  791 768 106 1025 345 118 1054 384 145 63 152 49 
H-negative risk:  768 791 1054 1025 384 345 118 106 152 145 49 63 
New BC onsets:  0
BC status:  4914 86 
BC subtype:  4914 65 21 

clinical_engagement 
diagnosis 
demography 
84 new agents 
10 dtreferralsatt10 smreferralsatt84 
disease_progression 
H-positive risk:  794 774 107 1036 338 117 1053 378 146 62 149 46 
H-negative risk:  774 794 1053 1036 378 338 117 107 149 146 46 62 
New BC onsets:  0
BC status:  4917 83 
BC subtype:  4917 63 20 

clinical_engagement 
diagnosis 
demography 
76 new agents 
8 dtreferralsatt8 smreferralsatt85 
disease_progression 
H-positive risk:  755 725 102 1080 341 112 1096 378 152 61 152 46 
H-negative risk:  725 755 1096 1080 378 341 112 102 152 152 46 61 
New BC onsets:  0
BC status:  4918 82 
BC subtype:  4918 62 20 

clinical_engagement 
diagnosis 
demography 
91 new agents 
10 dtreferralsatt10 smreferralsatt86 
disease_progression 
H-positive risk:  737 730 101 1075 346 111 1101 388 149 61 150 51 
H-negative risk:  730 737 1101 1075 388 346 111 101 150 149 51 61 
New BC onsets:  0
BC status:  4920 80 
BC subtype:  4920 61 19 

clinical_engagement 
diagnosis 
demography 
76 new agents 
10 dtreferralsatt10 smreferralsatt87 
disease_progression 
H-positive risk:  738 736 104 1070 348 109 1096 394 149 60 147 49 
H-negative risk:  736 738 1096 1070 394 348 109 104 147 149 49 60 
New BC onsets:  0
BC status:  4921 79 
BC subtype:  4921 60 19 

clinical_engagement 
diagnosis 
demography 
63 new agents 
8 dtreferralsatt8 smreferralsatt88 
disease_progression 
H-positive risk:  744 740 102 1074 349 111 1082 390 149 63 148 48 
H-negative risk:  740 744 1082 1074 390 349 111 102 148 149 48 63 
New BC onsets:  0
BC status:  4924 76 
BC subtype:  4924 59 17 

clinical_engagement 
diagnosis 
demography 
59 new agents 
11 dtreferralsatt11 smreferralsatt89 
disease_progression 
H-positive risk:  752 742 102 1063 352 110 1085 388 149 61 147 49 
H-negative risk:  742 752 1085 1063 388 352 110 102 147 149 49 61 
New BC onsets:  0
BC status:  4921 79 
BC subtype:  4921 63 16 

clinical_engagement 
diagnosis 
demography 
85 new agents 
7 dtreferralsatt7 smreferralsatt90 
disease_progression 
H-positive risk:  744 750 102 1059 363 111 1089 378 150 59 144 51 
H-negative risk:  750 744 1089 1059 378 363 111 102 144 150 51 59 
New BC onsets:  0
BC status:  4921 79 
BC subtype:  4921 63 16 

clinical_engagement 
diagnosis 
demography 
64 new agents 
10 dtreferralsatt10 smreferralsatt91 
disease_progression 
H-positive risk:  737 765 101 1049 362 112 1090 379 150 57 144 54 
H-negative risk:  765 737 1090 1049 379 362 112 101 144 150 54 57 
New BC onsets:  0
BC status:  4920 80 
BC subtype:  4920 64 16 

clinical_engagement 
diagnosis 
demography 
72 new agents 
8 dtreferralsatt8 smreferralsatt92 
disease_progression 
H-positive risk:  734 768 104 1044 363 115 1092 378 148 56 145 53 
H-negative risk:  768 734 1092 1044 378 363 115 104 145 148 53 56 
New BC onsets:  0
BC status:  4916 84 
BC subtype:  4916 68 16 

clinical_engagement 
diagnosis 
demography 
94 new agents 
8 dtreferralsatt8 smreferralsatt93 
disease_progression 
H-positive risk:  741 767 104 1055 357 113 1086 373 154 55 143 52 
H-negative risk:  767 741 1086 1055 373 357 113 104 143 154 52 55 
New BC onsets:  0
BC status:  4915 85 
BC subtype:  4915 69 16 

clinical_engagement 
diagnosis 
demography 
80 new agents 
6 dtreferralsatt6 smreferralsatt94 
disease_progression 
H-positive risk:  748 777 103 1054 352 111 1084 372 151 53 146 49 
H-negative risk:  777 748 1084 1054 372 352 111 103 146 151 49 53 
New BC onsets:  0
BC status:  4916 84 
BC subtype:  4916 69 15 

clinical_engagement 
diagnosis 
demography 
70 new agents 
6 dtreferralsatt6 smreferralsatt95 
disease_progression 
H-positive risk:  748 773 104 1054 357 111 1082 372 149 54 146 50 
H-negative risk:  773 748 1082 1054 372 357 111 104 146 149 50 54 
New BC onsets:  0
BC status:  4916 84 
BC subtype:  4916 69 15 

clinical_engagement 
diagnosis 
demography 
71 new agents 
11 dtreferralsatt11 smreferralsatt96 
disease_progression 
H-positive risk:  757 769 103 1062 350 114 1076 374 144 53 148 50 
H-negative risk:  769 757 1076 1062 374 350 114 103 148 144 50 53 
New BC onsets:  0
BC status:  4916 84 
BC subtype:  4916 70 14 

clinical_engagement 
diagnosis 
demography 
69 new agents 
6 dtreferralsatt6 smreferralsatt97 
disease_progression 
H-positive risk:  721 738 100 1101 342 107 1119 366 154 51 153 48 
H-negative risk:  738 721 1119 1101 366 342 107 100 153 154 48 51 
New BC onsets:  0
BC status:  4918 82 
BC subtype:  4918 68 14 

clinical_engagement 
diagnosis 
demography 
107 new agents 
12 dtreferralsatt12 smreferralsatt98 
disease_progression 
H-positive risk:  716 733 98 1093 346 105 1123 380 152 50 158 46 
H-negative risk:  733 716 1123 1093 380 346 105 98 158 152 46 50 
New BC onsets:  0
BC status:  4917 83 
BC subtype:  4917 70 13 

clinical_engagement 
diagnosis 
demography 
98 new agents 
11 dtreferralsatt11 smreferralsatt99 
disease_progression 
H-positive risk:  714 736 96 1095 349 106 1117 375 153 54 157 48 
H-negative risk:  736 714 1117 1095 375 349 106 96 157 153 48 54 
New BC onsets:  0
BC status:  4917 83 
BC subtype:  4917 70 13 

clinical_engagement 
diagnosis 
demography 
73 new agents 
16 dtreferralsatt16 smreferralsatt100 
disease_progression 
H-positive risk:  710 743 96 1096 347 104 1119 373 153 52 160 47 
H-negative risk:  743 710 1119 1096 373 347 104 96 160 153 47 52 
New BC onsets:  0
BC status:  4914 86 
BC subtype:  4914 72 14 

clinical_engagement 
diagnosis 
demography 
67 new agents 
10 dtreferralsatt10 smreferralsatt101 
disease_progression 
H-positive risk:  706 742 97 1092 355 103 1125 375 150 51 157 47 
H-negative risk:  742 706 1125 1092 375 355 103 97 157 150 47 51 
New BC onsets:  0
BC status:  4915 85 
BC subtype:  4915 71 14 

clinical_engagement 
diagnosis 
demography 
68 new agents 
10 dtreferralsatt10 smreferralsatt102 
disease_progression 
H-positive risk:  709 744 101 1088 354 102 1123 375 150 53 157 44 
H-negative risk:  744 709 1123 1088 375 354 102 101 157 150 44 53 
New BC onsets:  0
BC status:  4913 87 
BC subtype:  4913 72 15 

clinical_engagement 
diagnosis 
demography 
75 new agents 
13 dtreferralsatt13 smreferralsatt103 
disease_progression 
H-positive risk:  709 743 102 1090 353 100 1116 385 149 51 158 44 
H-negative risk:  743 709 1116 1090 385 353 100 102 158 149 44 51 
New BC onsets:  0
BC status:  4915 85 
BC subtype:  4915 69 16 

clinical_engagement 
diagnosis 
demography 
65 new agents 
8 dtreferralsatt8 smreferralsatt104 
disease_progression 
H-positive risk:  709 744 103 1094 353 100 1109 387 151 51 157 42 
H-negative risk:  744 709 1109 1094 387 353 100 103 157 151 42 51 
New BC onsets:  0
BC status:  4911 89 
BC subtype:  4911 73 16 

clinical_engagement 
diagnosis 
demography 
75 new agents 
20 dtreferralsatt20 smreferralsatt105 
disease_progression 
H-positive risk:  707 743 102 1093 352 98 1114 389 154 51 153 44 
H-negative risk:  743 707 1114 1093 389 352 98 102 153 154 44 51 
New BC onsets:  0
BC status:  4911 89 
BC subtype:  4911 73 16 

clinical_engagement 
diagnosis 
demography 
74 new agents 
12 dtreferralsatt12 smreferralsatt106 
disease_progression 
H-positive risk:  709 738 104 1091 361 100 1107 383 154 52 155 46 
H-negative risk:  738 709 1107 1091 383 361 100 104 155 154 46 52 
New BC onsets:  0
BC status:  4911 89 
BC subtype:  4911 73 16 

clinical_engagement 
diagnosis 
demography 
70 new agents 
8 dtreferralsatt8 smreferralsatt107 
disease_progression 
H-positive risk:  703 735 105 1098 357 99 1103 383 158 51 160 48 
H-negative risk:  735 703 1103 1098 383 357 99 105 160 158 48 51 
New BC onsets:  0
BC status:  4909 91 
BC subtype:  4909 75 16 

clinical_engagement 
diagnosis 
demography 
68 new agents 
11 dtreferralsatt11 smreferralsatt108 
disease_progression 
H-positive risk:  699 729 104 1103 361 100 1103 385 157 52 162 45 
H-negative risk:  729 699 1103 1103 385 361 100 104 162 157 45 52 
New BC onsets:  0
BC status:  4908 92 
BC subtype:  4908 75 17 

clinical_engagement 
diagnosis 
demography 
69 new agents 
14 dtreferralsatt14 smreferralsatt109 
disease_progression 
H-positive risk:  652 681 92 1155 363 95 1154 378 162 51 171 46 
H-negative risk:  681 652 1154 1155 378 363 95 92 171 162 46 51 
New BC onsets:  0
BC status:  4909 91 
BC subtype:  4909 73 18 

clinical_engagement 
diagnosis 
demography 
79 new agents 
10 dtreferralsatt10 smreferralsatt110 
disease_progression 
H-positive risk:  649 680 96 1148 376 92 1144 385 164 48 167 51 
H-negative risk:  680 649 1144 1148 385 376 92 96 167 164 51 48 
New BC onsets:  0
BC status:  4907 93 
BC subtype:  4907 74 19 

clinical_engagement 
diagnosis 
demography 
80 new agents 
8 dtreferralsatt8 smreferralsatt111 
disease_progression 
H-positive risk:  648 684 98 1140 376 94 1147 381 165 50 166 51 
H-negative risk:  684 648 1147 1140 381 376 94 98 166 165 51 50 
New BC onsets:  0
BC status:  4908 92 
BC subtype:  4908 74 18 

clinical_engagement 
diagnosis 
demography 
73 new agents 
21 dtreferralsatt21 smreferralsatt112 
disease_progression 
H-positive risk:  649 679 97 1156 382 95 1126 384 163 50 170 49 
H-negative risk:  679 649 1126 1156 384 382 95 97 170 163 49 50 
New BC onsets:  0
BC status:  4910 90 
BC subtype:  4910 72 18 

clinical_engagement 
diagnosis 
demography 
74 new agents 
11 dtreferralsatt11 smreferralsatt113 
disease_progression 
H-positive risk:  642 690 96 1156 371 93 1136 379 168 50 169 50 
H-negative risk:  690 642 1136 1156 379 371 93 96 169 168 50 50 
New BC onsets:  0
BC status:  4913 87 
BC subtype:  4913 70 17 

clinical_engagement 
diagnosis 
demography 
78 new agents 
14 dtreferralsatt14 smreferralsatt114 
disease_progression 
H-positive risk:  641 686 95 1154 374 95 1132 378 169 53 169 54 
H-negative risk:  686 641 1132 1154 378 374 95 95 169 169 54 53 
New BC onsets:  0
BC status:  4916 84 
BC subtype:  4916 69 15 

clinical_engagement 
diagnosis 
demography 
79 new agents 
13 dtreferralsatt13 smreferralsatt115 
disease_progression 
H-positive risk:  644 690 94 1147 378 93 1126 381 173 51 171 52 
H-negative risk:  690 644 1126 1147 381 378 93 94 171 173 52 51 
New BC onsets:  0
BC status:  4917 83 
BC subtype:  4917 68 15 

clinical_engagement 
diagnosis 
demography 
67 new agents 
7 dtreferralsatt7 smreferralsatt116 
disease_progression 
H-positive risk:  648 690 95 1149 382 94 1113 386 172 50 171 50 
H-negative risk:  690 648 1113 1149 386 382 94 95 171 172 50 50 
New BC onsets:  0
BC status:  4915 85 
BC subtype:  4915 68 17 

clinical_engagement 
diagnosis 
demography 
72 new agents 
8 dtreferralsatt8 smreferralsatt117 
disease_progression 
H-positive risk:  650 681 97 1153 390 94 1120 377 170 49 167 52 
H-negative risk:  681 650 1120 1153 377 390 94 97 167 170 52 49 
New BC onsets:  0
BC status:  4918 82 
BC subtype:  4918 65 17 

clinical_engagement 
diagnosis 
demography 
61 new agents 
16 dtreferralsatt16 smreferralsatt118 
disease_progression 
H-positive risk:  653 678 98 1152 389 95 1117 381 172 51 164 50 
H-negative risk:  678 653 1117 1152 381 389 95 98 164 172 50 51 
New BC onsets:  0
BC status:  4915 85 
BC subtype:  4915 68 17 

clinical_engagement 
diagnosis 
demography 
79 new agents 
12 dtreferralsatt12 smreferralsatt119 
disease_progression 
H-positive risk:  664 679 97 1147 389 95 1117 380 171 53 159 49 
H-negative risk:  679 664 1117 1147 380 389 95 97 159 171 49 53 
New BC onsets:  0
BC status:  4916 84 
BC subtype:  4916 68 16 

clinical_engagement 
diagnosis 
demography 
80 new agents 
10 dtreferralsatt10 smreferralsatt120 
disease_progression 
H-positive risk:  667 676 96 1146 387 96 1113 387 171 55 157 49 
H-negative risk:  676 667 1113 1146 387 387 96 96 157 171 49 55 
New BC onsets:  0
BC status:  4915 85 
BC subtype:  4915 70 15 

clinical_engagement 
diagnosis 
demography 
60 new agents 
13 dtreferralsatt13 smreferralsatt121 
disease_progression 
H-positive risk:  633 644 96 1179 390 89 1146 383 178 54 158 50 
H-negative risk:  644 633 1146 1179 383 390 89 96 158 178 50 54 
New BC onsets:  0
BC status:  4913 87 
BC subtype:  4913 71 16 

clinical_engagement 
diagnosis 
demography 
99 new agents 
11 dtreferralsatt11 smreferralsatt122 
disease_progression 
H-positive risk:  639 641 95 1178 403 91 1124 395 177 53 152 52 
H-negative risk:  641 639 1124 1178 395 403 91 95 152 177 52 53 
New BC onsets:  0
BC status:  4913 87 
BC subtype:  4913 70 17 

clinical_engagement 
diagnosis 
demography 
81 new agents 
8 dtreferralsatt8 smreferralsatt123 
disease_progression 
H-positive risk:  641 645 96 1158 405 88 1122 401 184 51 155 54 
H-negative risk:  645 641 1122 1158 401 405 88 96 155 184 54 51 
New BC onsets:  0
BC status:  4914 86 
BC subtype:  4914 68 18 

clinical_engagement 
diagnosis 
demography 
74 new agents 
5 dtreferralsatt5 smreferralsatt124 
disease_progression 
H-positive risk:  639 652 96 1151 407 85 1132 399 184 50 153 52 
H-negative risk:  652 639 1132 1151 399 407 85 96 153 184 52 50 
New BC onsets:  0
BC status:  4915 85 
BC subtype:  4915 66 19 

clinical_engagement 
diagnosis 
demography 
72 new agents 
11 dtreferralsatt11 smreferralsatt125 
disease_progression 
H-positive risk:  642 655 97 1150 406 85 1130 395 185 49 152 54 
H-negative risk:  655 642 1130 1150 395 406 85 97 152 185 54 49 
New BC onsets:  0
BC status:  4918 82 
BC subtype:  4918 66 16 

clinical_engagement 
diagnosis 
demography 
61 new agents 
7 dtreferralsatt7 smreferralsatt126 
disease_progression 
H-positive risk:  636 659 94 1155 403 84 1133 398 179 51 156 52 
H-negative risk:  659 636 1133 1155 398 403 84 94 156 179 52 51 
New BC onsets:  0
BC status:  4917 83 
BC subtype:  4917 66 17 

clinical_engagement 
diagnosis 
demography 
84 new agents 
12 dtreferralsatt12 smreferralsatt127 
disease_progression 
H-positive risk:  651 662 94 1150 407 80 1122 393 182 49 159 51 
H-negative risk:  662 651 1122 1150 393 407 80 94 159 182 51 49 
New BC onsets:  0
BC status:  4912 88 
BC subtype:  4912 71 17 

clinical_engagement 
diagnosis 
demography 
65 new agents 
11 dtreferralsatt11 smreferralsatt128 
disease_progression 
H-positive risk:  649 666 95 1143 406 80 1129 392 178 49 159 54 
H-negative risk:  666 649 1129 1143 392 406 80 95 159 178 54 49 
New BC onsets:  0
BC status:  4911 89 
BC subtype:  4911 72 17 

clinical_engagement 
diagnosis 
demography 
79 new agents 
11 dtreferralsatt11 smreferralsatt129 
disease_progression 
H-positive risk:  649 673 97 1144 406 83 1136 379 178 46 156 53 
H-negative risk:  673 649 1136 1144 379 406 83 97 156 178 53 46 
New BC onsets:  0
BC status:  4916 84 
BC subtype:  4916 70 14 

clinical_engagement 
diagnosis 
demography 
61 new agents 
6 dtreferralsatt6 smreferralsatt130 
disease_progression 
H-positive risk:  648 670 98 1138 408 84 1138 380 178 45 158 55 
H-negative risk:  670 648 1138 1138 380 408 84 98 158 178 55 45 
New BC onsets:  0
BC status:  4915 85 
BC subtype:  4915 71 14 

clinical_engagement 
diagnosis 
demography 
57 new agents 
11 dtreferralsatt11 smreferralsatt131 
disease_progression 
H-positive risk:  650 671 99 1129 409 88 1138 382 176 43 160 55 
H-negative risk:  671 650 1138 1129 382 409 88 99 160 176 55 43 
New BC onsets:  0
BC status:  4913 87 
BC subtype:  4913 73 14 

clinical_engagement 
diagnosis 
demography 
74 new agents 
12 dtreferralsatt12 smreferralsatt132 
disease_progression 
H-positive risk:  650 673 100 1122 414 87 1141 379 173 45 162 54 
H-negative risk:  673 650 1141 1122 379 414 87 100 162 173 54 45 
New BC onsets:  0
BC status:  4913 87 
BC subtype:  4913 73 14 

clinical_engagement 
diagnosis 
demography 
69 new agents 
13 dtreferralsatt13 smreferralsatt133 
disease_progression 
H-positive risk:  648 668 100 1132 421 88 1133 377 174 46 160 53 
H-negative risk:  668 648 1133 1132 377 421 88 100 160 174 53 46 
New BC onsets:  0
BC status:  4911 89 
BC subtype:  4911 75 14 

clinical_engagement 
diagnosis 
demography 
80 new agents 
5 dtreferralsatt5 smreferralsatt134 
disease_progression 
H-positive risk:  644 676 102 1126 423 88 1127 387 168 49 157 53 
H-negative risk:  676 644 1127 1126 387 423 88 102 157 168 53 49 
New BC onsets:  0
BC status:  4906 94 
BC subtype:  4906 78 16 

clinical_engagement 
diagnosis 
demography 
85 new agents 
10 dtreferralsatt10 smreferralsatt135 
disease_progression 
H-positive risk:  646 668 103 1123 431 88 1122 385 168 53 156 57 
H-negative risk:  668 646 1122 1123 385 431 88 103 156 168 57 53 
New BC onsets:  0
BC status:  4904 96 
BC subtype:  4904 80 16 

clinical_engagement 
diagnosis 
demography 
83 new agents 
9 dtreferralsatt9 smreferralsatt136 
disease_progression 
H-positive risk:  652 672 103 1114 432 90 1117 392 168 50 155 55 
H-negative risk:  672 652 1117 1114 392 432 90 103 155 168 55 50 
New BC onsets:  0
BC status:  4899 101 
BC subtype:  4899 83 18 

clinical_engagement 
diagnosis 
demography 
80 new agents 
13 dtreferralsatt13 smreferralsatt137 
disease_progression 
H-positive risk:  652 674 103 1107 438 91 1117 390 167 51 155 55 
H-negative risk:  674 652 1117 1107 390 438 91 103 155 167 55 51 
New BC onsets:  0
BC status:  4900 100 
BC subtype:  4900 84 16 

clinical_engagement 
diagnosis 
demography 
69 new agents 
14 dtreferralsatt14 smreferralsatt138 
disease_progression 
H-positive risk:  658 677 101 1100 437 95 1119 388 164 50 158 53 
H-negative risk:  677 658 1119 1100 388 437 95 101 158 164 53 50 
New BC onsets:  0
BC status:  4899 101 
BC subtype:  4899 84 17 

clinical_engagement 
diagnosis 
demography 
84 new agents 
10 dtreferralsatt10 smreferralsatt139 
disease_progression 
H-positive risk:  659 685 101 1106 438 91 1116 382 163 50 157 52 
H-negative risk:  685 659 1116 1106 382 438 91 101 157 163 52 50 
New BC onsets:  0
BC status:  4898 102 
BC subtype:  4898 85 17 

clinical_engagement 
diagnosis 
demography 
68 new agents 
12 dtreferralsatt12 smreferralsatt140 
disease_progression 
H-positive risk:  663 686 102 1099 444 92 1117 379 162 49 157 50 
H-negative risk:  686 663 1117 1099 379 444 92 102 157 162 50 49 
New BC onsets:  0
BC status:  4893 107 
BC subtype:  4893 89 18 

clinical_engagement 
diagnosis 
demography 
74 new agents 
17 dtreferralsatt17 smreferralsatt141 
disease_progression 
H-positive risk:  660 688 106 1100 438 90 1124 378 162 51 155 48 
H-negative risk:  688 660 1124 1100 378 438 90 106 155 162 48 51 
New BC onsets:  0
BC status:  4893 107 
BC subtype:  4893 89 18 

clinical_engagement 
diagnosis 
demography 
84 new agents 
14 dtreferralsatt14 smreferralsatt142 
disease_progression 
H-positive risk:  658 697 98 1103 431 94 1119 380 161 52 159 48 
H-negative risk:  697 658 1119 1103 380 431 94 98 159 161 48 52 
New BC onsets:  0
BC status:  4887 113 
BC subtype:  4887 91 22 

clinical_engagement 
diagnosis 
demography 
70 new agents 
10 dtreferralsatt10 smreferralsatt143 
disease_progression 
H-positive risk:  661 703 100 1091 430 92 1121 376 164 51 163 48 
H-negative risk:  703 661 1121 1091 376 430 92 100 163 164 48 51 
New BC onsets:  0
BC status:  4887 113 
BC subtype:  4887 91 22 

clinical_engagement 
diagnosis 
demography 
67 new agents 
16 dtreferralsatt16 smreferralsatt144 
disease_progression 
H-positive risk:  662 706 102 1080 425 92 1125 379 164 50 163 52 
H-negative risk:  706 662 1125 1080 379 425 92 102 163 164 52 50 
New BC onsets:  0
BC status:  4885 115 
BC subtype:  4885 92 23 

clinical_engagement 
diagnosis 
demography 
67 new agents 
7 dtreferralsatt7 smreferralsatt145 
disease_progression 
H-positive risk:  671 704 102 1081 419 90 1120 386 163 49 162 53 
H-negative risk:  704 671 1120 1081 386 419 90 102 162 163 53 49 
New BC onsets:  0
BC status:  4884 116 
BC subtype:  4884 94 22 

clinical_engagement 
diagnosis 
demography 
92 new agents 
9 dtreferralsatt9 smreferralsatt146 
disease_progression 
H-positive risk:  667 699 100 1069 436 90 1108 400 164 49 161 57 
H-negative risk:  699 667 1108 1069 400 436 90 100 161 164 57 49 
New BC onsets:  0
BC status:  4886 114 
BC subtype:  4886 93 21 

clinical_engagement 
diagnosis 
demography 
76 new agents 
8 dtreferralsatt8 smreferralsatt147 
disease_progression 
H-positive risk:  664 700 95 1067 436 92 1100 408 167 47 168 56 
H-negative risk:  700 664 1100 1067 408 436 92 95 168 167 56 47 
New BC onsets:  0
BC status:  4887 113 
BC subtype:  4887 92 21 

clinical_engagement 
diagnosis 
demography 
84 new agents 
15 dtreferralsatt15 smreferralsatt148 
disease_progression 
H-positive risk:  668 703 94 1071 430 90 1105 400 167 46 169 57 
H-negative risk:  703 668 1105 1071 400 430 90 94 169 167 57 46 
New BC onsets:  0
BC status:  4883 117 
BC subtype:  4883 95 22 

clinical_engagement 
diagnosis 
demography 
80 new agents 
19 dtreferralsatt19 smreferralsatt149 
disease_progression 
H-positive risk:  675 706 94 1077 414 91 1110 397 162 49 168 57 
H-negative risk:  706 675 1110 1077 397 414 91 94 168 162 57 49 
New BC onsets:  0
BC status:  4882 118 
BC subtype:  4882 95 23 

clinical_engagement 
diagnosis 
demography 
67 new agents 
12 dtreferralsatt12 smreferralsatt150 
disease_progression 
H-positive risk:  677 708 95 1083 411 89 1104 400 158 53 165 57 
H-negative risk:  708 677 1104 1083 400 411 89 95 165 158 57 53 
New BC onsets:  0
BC status:  4882 118 
BC subtype:  4882 93 25 

clinical_engagement 
diagnosis 
demography 
64 new agents 
7 dtreferralsatt7 smreferralsatt151 
disease_progression 
H-positive risk:  666 698 96 1091 415 90 1124 395 157 51 160 57 
H-negative risk:  698 666 1124 1091 395 415 90 96 160 157 57 51 
New BC onsets:  0
BC status:  4879 121 
BC subtype:  4879 96 25 

clinical_engagement 
diagnosis 
demography 
83 new agents 
16 dtreferralsatt16 smreferralsatt152 
disease_progression 
H-positive risk:  669 693 95 1103 414 88 1126 388 160 49 159 56 
H-negative risk:  693 669 1126 1103 388 414 88 95 159 160 56 49 
New BC onsets:  0
BC status:  4880 120 
BC subtype:  4880 95 25 

clinical_engagement 
diagnosis 
demography 
74 new agents 
12 dtreferralsatt12 smreferralsatt153 
disease_progression 
H-positive risk:  666 691 95 1102 411 86 1135 386 159 49 163 57 
H-negative risk:  691 666 1135 1102 386 411 86 95 163 159 57 49 
New BC onsets:  0
BC status:  4882 118 
BC subtype:  4882 93 25 

clinical_engagement 
diagnosis 
demography 
68 new agents 
10 dtreferralsatt10 smreferralsatt154 
disease_progression 
H-positive risk:  664 693 97 1105 404 88 1136 385 159 50 163 56 
H-negative risk:  693 664 1136 1105 385 404 88 97 163 159 56 50 
New BC onsets:  0
BC status:  4882 118 
BC subtype:  4882 94 24 

clinical_engagement 
diagnosis 
demography 
60 new agents 
9 dtreferralsatt9 smreferralsatt155 
disease_progression 
H-positive risk:  662 694 96 1105 402 89 1141 386 162 46 161 56 
H-negative risk:  694 662 1141 1105 386 402 89 96 161 162 56 46 
New BC onsets:  0
BC status:  4881 119 
BC subtype:  4881 94 25 

clinical_engagement 
diagnosis 
demography 
65 new agents 
12 dtreferralsatt12 smreferralsatt156 
disease_progression 
H-positive risk:  655 694 99 1099 401 89 1145 389 164 46 163 56 
H-negative risk:  694 655 1145 1099 389 401 89 99 163 164 56 46 
New BC onsets:  0
BC status:  4881 119 
BC subtype:  4881 94 25 

clinical_engagement 
diagnosis 
demography 
82 new agents 
18 dtreferralsatt18 smreferralsatt157 
disease_progression 
H-positive risk:  658 695 98 1106 399 90 1145 380 168 45 163 53 
H-negative risk:  695 658 1145 1106 380 399 90 98 163 168 53 45 
New BC onsets:  0
BC status:  4877 123 
BC subtype:  4877 97 26 

clinical_engagement 
diagnosis 
demography 
95 new agents 
9 dtreferralsatt9 smreferralsatt158 
disease_progression 
H-positive risk:  653 695 97 1102 412 88 1136 390 161 51 159 56 
H-negative risk:  695 653 1136 1102 390 412 88 97 159 161 56 51 
New BC onsets:  0
BC status:  4877 123 
BC subtype:  4877 95 28 

clinical_engagement 
diagnosis 
demography 
78 new agents 
13 dtreferralsatt13 smreferralsatt159 
disease_progression 
H-positive risk:  652 696 97 1098 409 85 1137 389 163 51 166 57 
H-negative risk:  696 652 1137 1098 389 409 85 97 166 163 57 51 
New BC onsets:  0
BC status:  4877 123 
BC subtype:  4877 93 30 

clinical_engagement 
diagnosis 
demography 
66 new agents 
9 dtreferralsatt9 smreferralsatt160 
disease_progression 
H-positive risk:  648 701 96 1094 411 84 1141 390 162 51 165 57 
H-negative risk:  701 648 1141 1094 390 411 84 96 165 162 57 51 
New BC onsets:  0
BC status:  4876 124 
BC subtype:  4876 94 30 

clinical_engagement 
diagnosis 
demography 
68 new agents 
10 dtreferralsatt10 smreferralsatt161 
disease_progression 
H-positive risk:  644 702 97 1101 416 82 1137 387 159 52 165 58 
H-negative risk:  702 644 1137 1101 387 416 82 97 165 159 58 52 
New BC onsets:  0
BC status:  4873 127 
BC subtype:  4873 97 30 

clinical_engagement 
diagnosis 
demography 
85 new agents 
6 dtreferralsatt6 smreferralsatt162 
disease_progression 
H-positive risk:  651 712 98 1098 407 82 1138 386 157 51 163 57 
H-negative risk:  712 651 1138 1098 386 407 82 98 163 157 57 51 
New BC onsets:  0
BC status:  4873 127 
BC subtype:  4873 97 30 

clinical_engagement 
diagnosis 
demography 
78 new agents 
14 dtreferralsatt14 smreferralsatt163 
disease_progression 
H-positive risk:  658 703 101 1093 409 82 1144 387 157 48 161 57 
H-negative risk:  703 658 1144 1093 387 409 82 101 161 157 57 48 
New BC onsets:  0
BC status:  4877 123 
BC subtype:  4877 93 30 

clinical_engagement 
diagnosis 
demography 
78 new agents 
15 dtreferralsatt15 smreferralsatt164 
disease_progression 
H-positive risk:  663 709 100 1096 410 82 1141 384 153 48 159 55 
H-negative risk:  709 663 1141 1096 384 410 82 100 159 153 55 48 
New BC onsets:  0
BC status:  4875 125 
BC subtype:  4875 95 30 

clinical_engagement 
diagnosis 
demography 
72 new agents 
14 dtreferralsatt14 smreferralsatt165 
disease_progression 
H-positive risk:  661 706 98 1101 404 82 1145 387 151 51 160 54 
H-negative risk:  706 661 1145 1101 387 404 82 98 160 151 54 51 
New BC onsets:  0
BC status:  4874 126 
BC subtype:  4874 96 30 

clinical_engagement 
diagnosis 
demography 
64 new agents 
9 dtreferralsatt9 smreferralsatt166 
disease_progression 
H-positive risk:  658 708 98 1100 405 83 1144 393 150 52 156 53 
H-negative risk:  708 658 1144 1100 393 405 83 98 156 150 53 52 
New BC onsets:  0
BC status:  4871 129 
BC subtype:  4871 99 30 

clinical_engagement 
diagnosis 
demography 
71 new agents 
6 dtreferralsatt6 smreferralsatt167 
disease_progression 
H-positive risk:  661 710 98 1093 408 82 1144 392 148 52 158 54 
H-negative risk:  710 661 1144 1093 392 408 82 98 158 148 54 52 
New BC onsets:  0
BC status:  4870 130 
BC subtype:  4870 101 29 

clinical_engagement 
diagnosis 
demography 
77 new agents 
12 dtreferralsatt12 smreferralsatt168 
disease_progression 
H-positive risk:  667 717 95 1092 410 83 1130 393 148 50 161 54 
H-negative risk:  717 667 1130 1092 393 410 83 95 161 148 54 50 
New BC onsets:  0
BC status:  4870 130 
BC subtype:  4870 102 28 

clinical_engagement 
diagnosis 
demography 
55 new agents 
12 dtreferralsatt12 smreferralsatt169 
disease_progression 
H-positive risk:  663 715 92 1097 410 83 1134 390 146 51 165 54 
H-negative risk:  715 663 1134 1097 390 410 83 92 165 146 54 51 
New BC onsets:  0
BC status:  4870 130 
BC subtype:  4870 102 28 

clinical_engagement 
diagnosis 
demography 
91 new agents 
10 dtreferralsatt10 smreferralsatt170 
disease_progression 
H-positive risk:  669 722 92 1087 418 83 1128 390 141 54 165 51 
H-negative risk:  722 669 1128 1087 390 418 83 92 165 141 51 54 
New BC onsets:  0
BC status:  4870 130 
BC subtype:  4870 102 28 

clinical_engagement 
diagnosis 
demography 
83 new agents 
11 dtreferralsatt11 smreferralsatt171 
disease_progression 
H-positive risk:  667 723 90 1078 422 86 1127 391 144 55 165 52 
H-negative risk:  723 667 1127 1078 391 422 86 90 165 144 52 55 
New BC onsets:  0
BC status:  4868 132 
BC subtype:  4868 105 27 

clinical_engagement 
diagnosis 
demography 
71 new agents 
11 dtreferralsatt11 smreferralsatt172 
disease_progression 
H-positive risk:  668 721 91 1080 429 86 1117 396 142 54 167 49 
H-negative risk:  721 668 1117 1080 396 429 86 91 167 142 49 54 
New BC onsets:  0
BC status:  4868 132 
BC subtype:  4868 105 27 

clinical_engagement 
diagnosis 
demography 
66 new agents 
6 dtreferralsatt6 smreferralsatt173 
disease_progression 
H-positive risk:  675 722 90 1091 424 87 1109 390 144 54 167 47 
H-negative risk:  722 675 1109 1091 390 424 87 90 167 144 47 54 
New BC onsets:  0
BC status:  4867 133 
BC subtype:  4867 106 27 

clinical_engagement 
diagnosis 
demography 
74 new agents 
12 dtreferralsatt12 smreferralsatt174 
disease_progression 
H-positive risk:  668 720 92 1095 425 86 1116 390 143 52 167 46 
H-negative risk:  720 668 1116 1095 390 425 86 92 167 143 46 52 
New BC onsets:  0
BC status:  4870 130 
BC subtype:  4870 103 27 

clinical_engagement 
diagnosis 
demography 
72 new agents 
11 dtreferralsatt11 smreferralsatt175 
disease_progression 
H-positive risk:  671 716 89 1106 417 87 1118 383 144 54 169 46 
H-negative risk:  716 671 1118 1106 383 417 87 89 169 144 46 54 
New BC onsets:  0
BC status:  4869 131 
BC subtype:  4869 102 29 

clinical_engagement 
diagnosis 
demography 
83 new agents 
12 dtreferralsatt12 smreferralsatt176 
disease_progression 
H-positive risk:  678 716 88 1113 420 90 1102 382 141 57 168 45 
H-negative risk:  716 678 1102 1113 382 420 90 88 168 141 45 57 
New BC onsets:  0
BC status:  4871 129 
BC subtype:  4871 101 28 

clinical_engagement 
diagnosis 
demography 
69 new agents 
10 dtreferralsatt10 smreferralsatt177 
disease_progression 
H-positive risk:  676 719 89 1114 421 90 1101 381 140 58 167 44 
H-negative risk:  719 676 1101 1114 381 421 90 89 167 140 44 58 
New BC onsets:  0
BC status:  4875 125 
BC subtype:  4875 100 25 

clinical_engagement 
diagnosis 
demography 
70 new agents 
10 dtreferralsatt10 smreferralsatt178 
disease_progression 
H-positive risk:  675 707 91 1123 430 89 1093 390 138 53 165 46 
H-negative risk:  707 675 1093 1123 390 430 89 91 165 138 46 53 
New BC onsets:  0
BC status:  4877 123 
BC subtype:  4877 100 23 

clinical_engagement 
diagnosis 
demography 
84 new agents 
14 dtreferralsatt14 smreferralsatt179 
disease_progression 
H-positive risk:  685 707 91 1112 430 87 1092 396 137 52 167 44 
H-negative risk:  707 685 1092 1112 396 430 87 91 167 137 44 52 
New BC onsets:  0
BC status:  4877 123 
BC subtype:  4877 103 20 

clinical_engagement 
diagnosis 
demography 
71 new agents 
10 dtreferralsatt10 smreferralsatt180 
disease_progression 
H-positive risk:  679 708 93 1117 431 89 1091 391 139 51 166 45 
H-negative risk:  708 679 1091 1117 391 431 89 93 166 139 45 51 
New BC onsets:  0
BC status:  4879 121 
BC subtype:  4879 101 20 

clinical_engagement 
diagnosis 
demography 
61 new agents 
9 dtreferralsatt9 smreferralsatt181 
disease_progression 
H-positive risk:  679 708 93 1112 439 90 1088 386 139 57 165 44 
H-negative risk:  708 679 1088 1112 386 439 90 93 165 139 44 57 
New BC onsets:  0
BC status:  4875 125 
BC subtype:  4875 105 20 

clinical_engagement 
diagnosis 
demography 
82 new agents 
11 dtreferralsatt11 smreferralsatt182 
disease_progression 
H-positive risk:  678 707 93 1107 439 93 1080 401 138 57 164 43 
H-negative risk:  707 678 1080 1107 401 439 93 93 164 138 43 57 
New BC onsets:  0
BC status:  4874 126 
BC subtype:  4874 105 21 

clinical_engagement 
diagnosis 
demography 
97 new agents 
16 dtreferralsatt16 smreferralsatt183 
disease_progression 
H-positive risk:  677 715 100 1108 430 92 1077 401 136 57 165 42 
H-negative risk:  715 677 1077 1108 401 430 92 100 165 136 42 57 
New BC onsets:  0
BC status:  4871 129 
BC subtype:  4871 108 21 

clinical_engagement 
diagnosis 
demography 
78 new agents 
10 dtreferralsatt10 smreferralsatt184 
disease_progression 
H-positive risk:  677 711 99 1118 428 94 1079 399 133 60 160 42 
H-negative risk:  711 677 1079 1118 399 428 94 99 160 133 42 60 
New BC onsets:  0
BC status:  4869 131 
BC subtype:  4869 110 21 

clinical_engagement 
diagnosis 
demography 
76 new agents 
10 dtreferralsatt10 smreferralsatt185 
disease_progression 
H-positive risk:  681 720 99 1113 422 101 1073 399 130 60 160 42 
H-negative risk:  720 681 1073 1113 399 422 101 99 160 130 42 60 
New BC onsets:  0
BC status:  4873 127 
BC subtype:  4873 106 21 

clinical_engagement 
diagnosis 
demography 
65 new agents 
16 dtreferralsatt16 smreferralsatt186 
disease_progression 
H-positive risk:  677 717 97 1117 424 100 1077 400 130 60 160 41 
H-negative risk:  717 677 1077 1117 400 424 100 97 160 130 41 60 
New BC onsets:  0
BC status:  4873 127 
BC subtype:  4873 106 21 

clinical_engagement 
diagnosis 
demography 
92 new agents 
9 dtreferralsatt9 smreferralsatt187 
disease_progression 
H-positive risk:  684 718 100 1121 417 102 1067 401 126 62 159 43 
H-negative risk:  718 684 1067 1121 401 417 102 100 159 126 43 62 
New BC onsets:  0
BC status:  4876 124 
BC subtype:  4876 103 21 

clinical_engagement 
diagnosis 
demography 
68 new agents 
13 dtreferralsatt13 smreferralsatt188 
disease_progression 
H-positive risk:  685 720 100 1123 415 98 1066 404 127 64 157 41 
H-negative risk:  720 685 1066 1123 404 415 98 100 157 127 41 64 
New BC onsets:  0
BC status:  4877 123 
BC subtype:  4877 103 20 

clinical_engagement 
diagnosis 
demography 
71 new agents 
16 dtreferralsatt16 smreferralsatt189 
disease_progression 
H-positive risk:  694 720 102 1120 414 99 1064 398 127 63 158 41 
H-negative risk:  720 694 1064 1120 398 414 99 102 158 127 41 63 
New BC onsets:  0
BC status:  4877 123 
BC subtype:  4877 103 20 

clinical_engagement 
diagnosis 
demography 
81 new agents 
4 dtreferralsatt4 smreferralsatt190 
disease_progression 
H-positive risk:  691 719 105 1122 413 102 1054 406 126 62 155 45 
H-negative risk:  719 691 1054 1122 406 413 102 105 155 126 45 62 
New BC onsets:  0
BC status:  4878 122 
BC subtype:  4878 102 20 

clinical_engagement 
diagnosis 
demography 
74 new agents 
12 dtreferralsatt12 smreferralsatt191 
disease_progression 
H-positive risk:  689 715 104 1118 408 103 1066 414 124 62 153 44 
H-negative risk:  715 689 1066 1118 414 408 103 104 153 124 44 62 
New BC onsets:  0
BC status:  4876 124 
BC subtype:  4876 103 21 

clinical_engagement 
diagnosis 
demography 
97 new agents 
16 dtreferralsatt16 smreferralsatt192 
disease_progression 
H-positive risk:  690 716 103 1125 408 100 1064 404 128 61 152 49 
H-negative risk:  716 690 1064 1125 404 408 100 103 152 128 49 61 
New BC onsets:  0
BC status:  4880 120 
BC subtype:  4880 100 20 

clinical_engagement 
diagnosis 
demography 
87 new agents 
6 dtreferralsatt6 smreferralsatt193 
disease_progression 
H-positive risk:  688 724 101 1117 409 100 1056 411 128 64 152 50 
H-negative risk:  724 688 1056 1117 411 409 100 101 152 128 50 64 
New BC onsets:  0
BC status:  4880 120 
BC subtype:  4880 99 21 

clinical_engagement 
diagnosis 
demography 
86 new agents 
15 dtreferralsatt15 smreferralsatt194 
disease_progression 
H-positive risk:  685 718 100 1102 424 99 1056 422 123 69 149 53 
H-negative risk:  718 685 1056 1102 422 424 99 100 149 123 53 69 
New BC onsets:  0
BC status:  4884 116 
BC subtype:  4884 96 20 

clinical_engagement 
diagnosis 
demography 
86 new agents 
11 dtreferralsatt11 smreferralsatt195 
disease_progression 
H-positive risk:  695 711 102 1093 428 98 1047 433 123 69 150 51 
H-negative risk:  711 695 1047 1093 433 428 98 102 150 123 51 69 
New BC onsets:  0
BC status:  4886 114 
BC subtype:  4886 94 20 

clinical_engagement 
diagnosis 
demography 
80 new agents 
8 dtreferralsatt8 smreferralsatt196 
disease_progression 
H-positive risk:  701 713 102 1094 421 99 1048 432 123 67 149 51 
H-negative risk:  713 701 1048 1094 432 421 99 102 149 123 51 67 
New BC onsets:  0
BC status:  4885 115 
BC subtype:  4885 95 20 

clinical_engagement 
diagnosis 
demography 
60 new agents 
5 dtreferralsatt5 smreferralsatt197 
disease_progression 
H-positive risk:  700 712 102 1093 427 98 1050 427 126 67 147 51 
H-negative risk:  712 700 1050 1093 427 427 98 102 147 126 51 67 
New BC onsets:  0
BC status:  4885 115 
BC subtype:  4885 95 20 

clinical_engagement 
diagnosis 
demography 
86 new agents 
10 dtreferralsatt10 smreferralsatt198 
disease_progression 
H-positive risk:  692 720 106 1095 420 98 1057 419 128 68 147 50 
H-negative risk:  720 692 1057 1095 419 420 98 106 147 128 50 68 
New BC onsets:  0
BC status:  4882 118 
BC subtype:  4882 98 20 

clinical_engagement 
diagnosis 
demography 
60 new agents 
9 dtreferralsatt9 smreferralsatt199 
disease_progression 
H-positive risk:  688 713 109 1096 421 98 1064 421 127 69 144 50 
H-negative risk:  713 688 1064 1096 421 421 98 109 144 127 50 69 
New BC onsets:  0
BC status:  4885 115 
BC subtype:  4885 96 19 

clinical_engagement 
diagnosis 
demography 
66 new agents 
16 dtreferralsatt16 smreferralsatt200 
disease_progression 
H-positive risk:  684 711 107 1100 422 96 1066 418 130 70 144 52 
H-negative risk:  711 684 1066 1100 418 422 96 107 144 130 52 70 
New BC onsets:  0
BC status:  4884 116 
BC subtype:  4884 97 19 

clinical_engagement 
diagnosis 
demography 
87 new agents 
10 dtreferralsatt10 smreferralsatt201 
disease_progression 
H-positive risk:  682 712 107 1101 412 97 1072 425 132 69 141 50 
H-negative risk:  712 682 1072 1101 425 412 97 107 141 132 50 69 
New BC onsets:  0
BC status:  4884 116 
BC subtype:  4884 96 20 

clinical_engagement 
diagnosis 
demography 
76 new agents 
12 dtreferralsatt12 smreferralsatt202 
disease_progression 
H-positive risk:  678 721 106 1102 407 95 1075 422 135 68 142 49 
H-negative risk:  721 678 1075 1102 422 407 95 106 142 135 49 68 
New BC onsets:  0
BC status:  4882 118 
BC subtype:  4882 99 19 

clinical_engagement 
diagnosis 
demography 
86 new agents 
5 dtreferralsatt5 smreferralsatt203 
disease_progression 
H-positive risk:  674 725 104 1090 403 97 1088 419 138 68 145 49 
H-negative risk:  725 674 1088 1090 419 403 97 104 145 138 49 68 
New BC onsets:  0
BC status:  4879 121 
BC subtype:  4879 101 20 

clinical_engagement 
diagnosis 
demography 
79 new agents 
14 dtreferralsatt14 smreferralsatt204 
disease_progression 
H-positive risk:  668 728 100 1083 409 97 1091 425 139 65 148 47 
H-negative risk:  728 668 1091 1083 425 409 97 100 148 139 47 65 
New BC onsets:  0
BC status:  4876 124 
BC subtype:  4876 103 21 

clinical_engagement 
diagnosis 
demography 
72 new agents 
11 dtreferralsatt11 smreferralsatt205 
disease_progression 
H-positive risk:  672 733 96 1091 401 95 1096 414 137 67 151 47 
H-negative risk:  733 672 1096 1091 414 401 95 96 151 137 47 67 
New BC onsets:  0
BC status:  4873 127 
BC subtype:  4873 106 21 

clinical_engagement 
diagnosis 
demography 
80 new agents 
14 dtreferralsatt14 smreferralsatt206 
disease_progression 
H-positive risk:  674 730 95 1081 405 97 1099 414 137 67 154 47 
H-negative risk:  730 674 1099 1081 414 405 97 95 154 137 47 67 
New BC onsets:  0
BC status:  4875 125 
BC subtype:  4875 104 21 

clinical_engagement 
diagnosis 
demography 
72 new agents 
11 dtreferralsatt11 smreferralsatt207 
disease_progression 
H-positive risk:  681 723 94 1087 408 99 1092 413 134 67 156 46 
H-negative risk:  723 681 1092 1087 413 408 99 94 156 134 46 67 
New BC onsets:  0
BC status:  4875 125 
BC subtype:  4875 105 20 

clinical_engagement 
diagnosis 
demography 
59 new agents 
9 dtreferralsatt9 smreferralsatt208 
disease_progression 
H-positive risk:  679 711 92 1095 411 100 1096 416 132 67 155 46 
H-negative risk:  711 679 1096 1095 416 411 100 92 155 132 46 67 
New BC onsets:  0
BC status:  4875 125 
BC subtype:  4875 106 19 

clinical_engagement 
diagnosis 
demography 
65 new agents 
6 dtreferralsatt6 smreferralsatt209 
disease_progression 
H-positive risk:  678 705 91 1103 403 100 1097 420 131 68 157 47 
H-negative risk:  705 678 1097 1103 420 403 100 91 157 131 47 68 
New BC onsets:  0
BC status:  4875 125 
BC subtype:  4875 106 19 

clinical_engagement 
diagnosis 
demography 
91 new agents 
17 dtreferralsatt17 smreferralsatt210 
disease_progression 
H-positive risk:  684 706 94 1108 384 100 1094 428 130 69 156 47 
H-negative risk:  706 684 1094 1108 428 384 100 94 156 130 47 69 
New BC onsets:  0
BC status:  4887 113 
BC subtype:  4887 95 18 

clinical_engagement 
diagnosis 
demography 
75 new agents 
11 dtreferralsatt11 smreferralsatt211 
disease_progression 
H-positive risk:  682 711 93 1101 381 102 1093 433 131 69 155 49 
H-negative risk:  711 682 1093 1101 433 381 102 93 155 131 49 69 
New BC onsets:  0
BC status:  4890 110 
BC subtype:  4890 93 17 

clinical_engagement 
diagnosis 
demography 
78 new agents 
8 dtreferralsatt8 smreferralsatt212 
disease_progression 
H-positive risk:  684 706 93 1094 384 101 1100 434 131 68 157 48 
H-negative risk:  706 684 1100 1094 434 384 101 93 157 131 48 68 
New BC onsets:  0
BC status:  4894 106 
BC subtype:  4894 89 17 

clinical_engagement 
diagnosis 
demography 
71 new agents 
9 dtreferralsatt9 smreferralsatt213 
disease_progression 
H-positive risk:  686 701 90 1097 385 102 1102 432 131 66 157 51 
H-negative risk:  701 686 1102 1097 432 385 102 90 157 131 51 66 
New BC onsets:  0
BC status:  4895 105 
BC subtype:  4895 88 17 

clinical_engagement 
diagnosis 
demography 
78 new agents 
10 dtreferralsatt10 smreferralsatt214 
disease_progression 
H-positive risk:  699 699 90 1101 383 102 1090 430 131 66 160 49 
H-negative risk:  699 699 1090 1101 430 383 102 90 160 131 49 66 
New BC onsets:  0
BC status:  4891 109 
BC subtype:  4891 92 17 

clinical_engagement 
diagnosis 
demography 
74 new agents 
13 dtreferralsatt13 smreferralsatt215 
disease_progression 
H-positive risk:  694 697 89 1106 385 102 1097 427 131 66 158 48 
H-negative risk:  697 694 1097 1106 427 385 102 89 158 131 48 66 
New BC onsets:  0
BC status:  4895 105 
BC subtype:  4895 89 16 

clinical_engagement 
diagnosis 
demography 
82 new agents 
8 dtreferralsatt8 smreferralsatt216 
disease_progression 
H-positive risk:  701 703 88 1104 377 105 1098 419 130 68 160 47 
H-negative risk:  703 701 1098 1104 419 377 105 88 160 130 47 68 
New BC onsets:  0
BC status:  4890 110 
BC subtype:  4890 94 16 

clinical_engagement 
diagnosis 
demography 
83 new agents 
10 dtreferralsatt10 smreferralsatt217 
disease_progression 
H-positive risk:  698 706 87 1096 380 101 1094 425 131 71 164 47 
H-negative risk:  706 698 1094 1096 425 380 101 87 164 131 47 71 
New BC onsets:  0
BC status:  4887 113 
BC subtype:  4887 96 17 

clinical_engagement 
diagnosis 
demography 
94 new agents 
15 dtreferralsatt15 smreferralsatt218 
disease_progression 
H-positive risk:  701 711 84 1100 372 100 1096 420 133 69 171 43 
H-negative risk:  711 701 1096 1100 420 372 100 84 171 133 43 69 
New BC onsets:  0
BC status:  4886 114 
BC subtype:  4886 93 21 

clinical_engagement 
diagnosis 
demography 
69 new agents 
12 dtreferralsatt12 smreferralsatt219 
disease_progression 
H-positive risk:  697 707 82 1114 376 96 1085 425 136 65 170 47 
H-negative risk:  707 697 1085 1114 425 376 96 82 170 136 47 65 
New BC onsets:  0
BC status:  4888 112 
BC subtype:  4888 92 20 

clinical_engagement 
diagnosis 
demography 
69 new agents 
14 dtreferralsatt14 smreferralsatt220 
disease_progression 
H-positive risk:  700 704 82 1118 386 98 1072 423 137 63 170 47 
H-negative risk:  704 700 1072 1118 423 386 98 82 170 137 47 63 
New BC onsets:  0
BC status:  4884 116 
BC subtype:  4884 95 21 

clinical_engagement 
diagnosis 
demography 
84 new agents 
6 dtreferralsatt6 smreferralsatt221 
disease_progression 
H-positive risk:  695 700 82 1130 381 97 1072 425 136 65 170 47 
H-negative risk:  700 695 1072 1130 425 381 97 82 170 136 47 65 
New BC onsets:  0
BC status:  4883 117 
BC subtype:  4883 96 21 

clinical_engagement 
diagnosis 
demography 
79 new agents 
8 dtreferralsatt8 smreferralsatt222 
disease_progression 
H-positive risk:  690 704 83 1134 382 96 1076 419 134 66 170 46 
H-negative risk:  704 690 1076 1134 419 382 96 83 170 134 46 66 
New BC onsets:  0
BC status:  4881 119 
BC subtype:  4881 98 21 

clinical_engagement 
diagnosis 
demography 
72 new agents 
13 dtreferralsatt13 smreferralsatt223 
disease_progression 
H-positive risk:  691 701 83 1128 385 100 1069 427 136 66 168 46 
H-negative risk:  701 691 1069 1128 427 385 100 83 168 136 46 66 
New BC onsets:  0
BC status:  4883 117 
BC subtype:  4883 96 21 

clinical_engagement 
diagnosis 
demography 
68 new agents 
7 dtreferralsatt7 smreferralsatt224 
disease_progression 
H-positive risk:  687 699 83 1130 390 103 1067 424 136 69 167 45 
H-negative risk:  699 687 1067 1130 424 390 103 83 167 136 45 69 
New BC onsets:  0
BC status:  4882 118 
BC subtype:  4882 96 22 

clinical_engagement 
diagnosis 
demography 
72 new agents 
9 dtreferralsatt9 smreferralsatt225 
disease_progression 
H-positive risk:  687 698 82 1132 389 103 1062 429 134 70 168 46 
H-negative risk:  698 687 1062 1132 429 389 103 82 168 134 46 70 
New BC onsets:  0
BC status:  4881 119 
BC subtype:  4881 94 25 

clinical_engagement 
diagnosis 
demography 
67 new agents 
6 dtreferralsatt6 smreferralsatt226 
disease_progression 
H-positive risk:  684 696 79 1126 394 103 1067 430 137 70 171 43 
H-negative risk:  696 684 1067 1126 430 394 103 79 171 137 43 70 
New BC onsets:  0
BC status:  4881 119 
BC subtype:  4881 94 25 

clinical_engagement 
diagnosis 
demography 
80 new agents 
12 dtreferralsatt12 smreferralsatt227 
disease_progression 
H-positive risk:  682 701 81 1119 399 101 1068 425 137 70 172 45 
H-negative risk:  701 682 1068 1119 425 399 101 81 172 137 45 70 
New BC onsets:  0
BC status:  4883 117 
BC subtype:  4883 93 24 

clinical_engagement 
diagnosis 
demography 
64 new agents 
7 dtreferralsatt7 smreferralsatt228 
disease_progression 
H-positive risk:  693 700 81 1110 408 98 1065 415 140 72 173 45 
H-negative risk:  700 693 1065 1110 415 408 98 81 173 140 45 72 
New BC onsets:  0
BC status:  4883 117 
BC subtype:  4883 93 24 

clinical_engagement 
diagnosis 
demography 
74 new agents 
12 dtreferralsatt12 smreferralsatt229 
disease_progression 
H-positive risk:  692 698 80 1101 416 94 1067 422 143 71 170 46 
H-negative risk:  698 692 1067 1101 422 416 94 80 170 143 46 71 
New BC onsets:  0
BC status:  4882 118 
BC subtype:  4882 94 24 

clinical_engagement 
diagnosis 
demography 
84 new agents 
3 dtreferralsatt3 smreferralsatt230 
disease_progression 
H-positive risk:  688 700 79 1090 418 93 1084 419 139 72 168 50 
H-negative risk:  700 688 1084 1090 419 418 93 79 168 139 50 72 
New BC onsets:  0
BC status:  4881 119 
BC subtype:  4881 95 24 

clinical_engagement 
diagnosis 
demography 
75 new agents 
6 dtreferralsatt6 smreferralsatt231 
disease_progression 
H-positive risk:  686 692 82 1089 424 93 1082 426 139 67 165 55 
H-negative risk:  692 686 1082 1089 426 424 93 82 165 139 55 67 
New BC onsets:  0
BC status:  4879 121 
BC subtype:  4879 97 24 

clinical_engagement 
diagnosis 
demography 
85 new agents 
9 dtreferralsatt9 smreferralsatt232 
disease_progression 
H-positive risk:  686 694 82 1094 423 95 1082 418 140 68 163 55 
H-negative risk:  694 686 1082 1094 418 423 95 82 163 140 55 68 
New BC onsets:  0
BC status:  4878 122 
BC subtype:  4878 96 26 

clinical_engagement 
diagnosis 
demography 
79 new agents 
5 dtreferralsatt5 smreferralsatt233 
disease_progression 
H-positive risk:  691 697 85 1093 428 93 1075 417 138 66 160 57 
H-negative risk:  697 691 1075 1093 417 428 93 85 160 138 57 66 
New BC onsets:  0
BC status:  4877 123 
BC subtype:  4877 98 25 

clinical_engagement 
diagnosis 
demography 
66 new agents 
20 dtreferralsatt20 smreferralsatt234 
disease_progression 
H-positive risk:  687 686 86 1096 430 91 1087 417 141 62 161 56 
H-negative risk:  686 687 1087 1096 417 430 91 86 161 141 56 62 
New BC onsets:  0
BC status:  4876 124 
BC subtype:  4876 98 26 

clinical_engagement 
diagnosis 
demography 
88 new agents 
7 dtreferralsatt7 smreferralsatt235 
disease_progression 
H-positive risk:  691 683 83 1100 429 93 1092 412 141 59 161 56 
H-negative risk:  683 691 1092 1100 412 429 93 83 161 141 56 59 
New BC onsets:  0
BC status:  4872 128 
BC subtype:  4872 101 27 

clinical_engagement 
diagnosis 
demography 
80 new agents 
11 dtreferralsatt11 smreferralsatt236 
disease_progression 
H-positive risk:  697 678 83 1098 432 92 1091 411 140 58 163 57 
H-negative risk:  678 697 1091 1098 411 432 92 83 163 140 57 58 
New BC onsets:  0
BC status:  4872 128 
BC subtype:  4872 102 26 

clinical_engagement 
diagnosis 
demography 
74 new agents 
12 dtreferralsatt12 smreferralsatt237 
disease_progression 
H-positive risk:  695 677 85 1098 435 94 1097 409 142 55 159 54 
H-negative risk:  677 695 1097 1098 409 435 94 85 159 142 54 55 
New BC onsets:  0
BC status:  4878 122 
BC subtype:  4878 97 25 

clinical_engagement 
diagnosis 
demography 
73 new agents 
17 dtreferralsatt17 smreferralsatt238 
disease_progression 
H-positive risk:  699 682 86 1098 429 93 1089 415 142 56 160 51 
H-negative risk:  682 699 1089 1098 415 429 93 86 160 142 51 56 
New BC onsets:  0
BC status:  4878 122 
BC subtype:  4878 96 26 

clinical_engagement 
diagnosis 
demography 
76 new agents 
13 dtreferralsatt13 smreferralsatt239 
disease_progression 
H-positive risk:  705 683 88 1090 431 91 1089 411 148 56 157 51 
H-negative risk:  683 705 1089 1090 411 431 91 88 157 148 51 56 
New BC onsets:  0
BC status:  4878 122 
BC subtype:  4878 94 28 

clinical_engagement 
diagnosis 
demography 
78 new agents 
13 dtreferralsatt13 smreferralsatt240 
disease_progression 
H-positive risk:  711 680 88 1092 423 91 1087 413 152 55 153 55 
H-negative risk:  680 711 1087 1092 413 423 91 88 153 152 55 55 
New BC onsets:  0
BC status:  4879 121 
BC subtype:  4879 93 28 

clinical_engagement 
diagnosis 
demography 
84 new agents 
9 dtreferralsatt9 smreferralsatt241 
disease_progression 
H-positive risk:  714 686 88 1092 425 89 1077 414 152 55 155 53 
H-negative risk:  686 714 1077 1092 414 425 89 88 155 152 53 55 
New BC onsets:  0
BC status:  4881 119 
BC subtype:  4881 91 28 

clinical_engagement 
diagnosis 
demography 
69 new agents 
15 dtreferralsatt15 smreferralsatt242 
disease_progression 
H-positive risk:  709 679 92 1106 427 88 1071 415 155 51 155 52 
H-negative risk:  679 709 1071 1106 415 427 88 92 155 155 52 51 
New BC onsets:  0
BC status:  4883 117 
BC subtype:  4883 90 27 

clinical_engagement 
diagnosis 
demography 
75 new agents 
9 dtreferralsatt9 smreferralsatt243 
disease_progression 
H-positive risk:  708 678 92 1099 434 88 1074 412 156 52 153 54 
H-negative risk:  678 708 1074 1099 412 434 88 92 153 156 54 52 
New BC onsets:  0
BC status:  4880 120 
BC subtype:  4880 94 26 

clinical_engagement 
diagnosis 
demography 
78 new agents 
8 dtreferralsatt8 smreferralsatt244 
disease_progression 
H-positive risk:  695 678 91 1098 440 87 1081 414 155 52 155 54 
H-negative risk:  678 695 1081 1098 414 440 87 91 155 155 54 52 
New BC onsets:  0
BC status:  4881 119 
BC subtype:  4881 93 26 

clinical_engagement 
diagnosis 
demography 
54 new agents 
12 dtreferralsatt12 smreferralsatt245 
disease_progression 
H-positive risk:  690 672 90 1098 446 86 1087 416 155 50 159 51 
H-negative risk:  672 690 1087 1098 416 446 86 90 159 155 51 50 
New BC onsets:  0
BC status:  4882 118 
BC subtype:  4882 92 26 

clinical_engagement 
diagnosis 
demography 
71 new agents 
11 dtreferralsatt11 smreferralsatt246 
disease_progression 
H-positive risk:  687 669 88 1101 447 86 1086 411 158 52 162 53 
H-negative risk:  669 687 1086 1101 411 447 86 88 162 158 53 52 
New BC onsets:  0
BC status:  4882 118 
BC subtype:  4882 93 25 

clinical_engagement 
diagnosis 
demography 
69 new agents 
8 dtreferralsatt8 smreferralsatt247 
disease_progression 
H-positive risk:  679 677 85 1098 445 82 1090 413 159 53 164 55 
H-negative risk:  677 679 1090 1098 413 445 82 85 164 159 55 53 
New BC onsets:  0
BC status:  4883 117 
BC subtype:  4883 91 26 

clinical_engagement 
diagnosis 
demography 
75 new agents 
12 dtreferralsatt12 smreferralsatt248 
disease_progression 
H-positive risk:  678 677 87 1104 442 80 1091 406 161 53 166 55 
H-negative risk:  677 678 1091 1104 406 442 80 87 166 161 55 53 
New BC onsets:  0
BC status:  4883 117 
BC subtype:  4883 91 26 

clinical_engagement 
diagnosis 
demography 
85 new agents 
11 dtreferralsatt11 smreferralsatt249 
disease_progression 
H-positive risk:  675 685 88 1098 438 80 1091 409 163 55 164 54 
H-negative risk:  685 675 1091 1098 409 438 80 88 164 163 54 55 
New BC onsets:  0
BC status:  4882 118 
BC subtype:  4882 92 26 

clinical_engagement 
diagnosis 
demography 
75 new agents 
7 dtreferralsatt7 smreferralsatt250 
disease_progression 
H-positive risk:  674 686 87 1092 437 78 1087 418 165 56 165 55 
H-negative risk:  686 674 1087 1092 418 437 78 87 165 165 55 56 
New BC onsets:  0
BC status:  4886 114 
BC subtype:  4886 88 26 

clinical_engagement 
diagnosis 
demography 
85 new agents 
7 dtreferralsatt7 smreferralsatt251 
disease_progression 
H-positive risk:  676 686 88 1085 438 77 1087 413 171 56 168 55 
H-negative risk:  686 676 1087 1085 413 438 77 88 168 171 55 56 
New BC onsets:  0
BC status:  4884 116 
BC subtype:  4884 90 26 

clinical_engagement 
diagnosis 
demography 
86 new agents 
9 dtreferralsatt9 smreferralsatt252 
disease_progression 
H-positive risk:  675 688 87 1080 432 78 1099 410 172 57 169 53 
H-negative risk:  688 675 1099 1080 410 432 78 87 169 172 53 57 
New BC onsets:  0
BC status:  4883 117 
BC subtype:  4883 89 28 

clinical_engagement 
diagnosis 
demography 
73 new agents 
6 dtreferralsatt6 smreferralsatt253 
disease_progression 
H-positive risk:  669 685 87 1095 431 78 1097 409 173 60 162 54 
H-negative risk:  685 669 1097 1095 409 431 78 87 162 173 54 60 
New BC onsets:  0
BC status:  4884 116 
BC subtype:  4884 88 28 

clinical_engagement 
diagnosis 
demography 
89 new agents 
7 dtreferralsatt7 smreferralsatt254 
disease_progression 
H-positive risk:  667 690 86 1095 426 78 1103 403 173 61 162 56 
H-negative risk:  690 667 1103 1095 403 426 78 86 162 173 56 61 
New BC onsets:  0
BC status:  4882 118 
BC subtype:  4882 91 27 

clinical_engagement 
diagnosis 
demography 
84 new agents 
12 dtreferralsatt12 smreferralsatt255 
disease_progression 
H-positive risk:  663 695 83 1100 421 79 1110 403 168 58 163 57 
H-negative risk:  695 663 1110 1100 403 421 79 83 163 168 57 58 
New BC onsets:  0
BC status:  4880 120 
BC subtype:  4880 93 27 

clinical_engagement 
diagnosis 
demography 
71 new agents 
14 dtreferralsatt14 smreferralsatt256 
disease_progression 
H-positive risk:  657 690 84 1104 419 77 1118 409 168 56 162 56 
H-negative risk:  690 657 1118 1104 409 419 77 84 162 168 56 56 
New BC onsets:  0
BC status:  4879 121 
BC subtype:  4879 95 26 

clinical_engagement 
diagnosis 
demography 
73 new agents 
10 dtreferralsatt10 smreferralsatt257 
disease_progression 
H-positive risk:  663 687 88 1096 420 75 1113 418 167 57 164 52 
H-negative risk:  687 663 1113 1096 418 420 75 88 164 167 52 57 
New BC onsets:  0
BC status:  4882 118 
BC subtype:  4882 93 25 

clinical_engagement 
diagnosis 
demography 
68 new agents 
8 dtreferralsatt8 smreferralsatt258 
disease_progression 
H-positive risk:  669 689 87 1083 423 75 1115 419 165 55 166 54 
H-negative risk:  689 669 1115 1083 419 423 75 87 166 165 54 55 
New BC onsets:  0
BC status:  4888 112 
BC subtype:  4888 87 25 

clinical_engagement 
diagnosis 
demography 
77 new agents 
11 dtreferralsatt11 smreferralsatt259 
disease_progression 
H-positive risk:  664 686 88 1084 427 75 1115 422 167 54 165 53 
H-negative risk:  686 664 1115 1084 422 427 75 88 165 167 53 54 
New BC onsets:  0
BC status:  4887 113 
BC subtype:  4887 87 26 

clinical_engagement 
diagnosis 
demography 
78 new agents 
11 dtreferralsatt11 smreferralsatt260 
disease_progression 
H-positive risk:  662 679 92 1085 423 77 1113 429 167 53 166 54 
H-negative risk:  679 662 1113 1085 429 423 77 92 166 167 54 53 
New BC onsets:  0
BC status:  4890 110 
BC subtype:  4890 84 26 

clinical_engagement 
diagnosis 
demography 
76 new agents 
8 dtreferralsatt8 smreferralsatt261 
disease_progression 
H-positive risk:  659 681 93 1091 426 79 1117 420 166 52 163 53 
H-negative risk:  681 659 1117 1091 420 426 79 93 163 166 53 52 
New BC onsets:  0
BC status:  4886 114 
BC subtype:  4886 88 26 

clinical_engagement 
diagnosis 
demography 
71 new agents 
7 dtreferralsatt7 smreferralsatt262 
disease_progression 
H-positive risk:  652 677 94 1095 422 78 1115 425 169 55 164 54 
H-negative risk:  677 652 1115 1095 425 422 78 94 164 169 54 55 
New BC onsets:  0
BC status:  4882 118 
BC subtype:  4882 90 28 

clinical_engagement 
diagnosis 
demography 
69 new agents 
6 dtreferralsatt6 smreferralsatt263 
disease_progression 
H-positive risk:  651 667 96 1095 418 79 1119 428 170 60 162 55 
H-negative risk:  667 651 1119 1095 428 418 79 96 162 170 55 60 
New BC onsets:  0
BC status:  4885 115 
BC subtype:  4885 89 26 

clinical_engagement 
diagnosis 
demography 
72 new agents 
6 dtreferralsatt6 smreferralsatt264 
disease_progression 
H-positive risk:  656 668 94 1099 419 80 1109 427 171 59 161 57 
H-negative risk:  668 656 1109 1099 427 419 80 94 161 171 57 59 
New BC onsets:  0
BC status:  4886 114 
BC subtype:  4886 89 25 

clinical_engagement 
diagnosis 
demography 
56 new agents 
14 dtreferralsatt14 smreferralsatt265 
disease_progression 
H-positive risk:  651 663 95 1102 423 81 1104 436 171 60 156 58 
H-negative risk:  663 651 1104 1102 436 423 81 95 156 171 58 60 
New BC onsets:  0
BC status:  4886 114 
BC subtype:  4886 89 25 

clinical_engagement 
diagnosis 
demography 
82 new agents 
8 dtreferralsatt8 smreferralsatt266 
disease_progression 
H-positive risk:  650 660 94 1104 431 81 1104 432 172 60 154 58 
H-negative risk:  660 650 1104 1104 432 431 81 94 154 172 58 60 
New BC onsets:  0
BC status:  4889 111 
BC subtype:  4889 87 24 

clinical_engagement 
diagnosis 
demography 
85 new agents 
13 dtreferralsatt13 smreferralsatt267 
disease_progression 
H-positive risk:  646 665 94 1094 432 82 1116 430 173 58 149 61 
H-negative risk:  665 646 1116 1094 430 432 82 94 149 173 61 58 
New BC onsets:  0
BC status:  4891 109 
BC subtype:  4891 86 23 

clinical_engagement 
diagnosis 
demography 
71 new agents 
9 dtreferralsatt9 smreferralsatt268 
disease_progression 
H-positive risk:  653 668 96 1096 430 84 1104 430 174 60 144 61 
H-negative risk:  668 653 1104 1096 430 430 84 96 144 174 61 60 
New BC onsets:  0
BC status:  4887 113 
BC subtype:  4887 91 22 

clinical_engagement 
diagnosis 
demography 
81 new agents 
7 dtreferralsatt7 smreferralsatt269 
disease_progression 
H-positive risk:  648 675 96 1103 424 86 1114 418 170 64 141 61 
H-negative risk:  675 648 1114 1103 418 424 86 96 141 170 61 64 
New BC onsets:  0
BC status:  4890 110 
BC subtype:  4890 88 22 

clinical_engagement 
diagnosis 
demography 
72 new agents 
7 dtreferralsatt7 smreferralsatt270 
disease_progression 
H-positive risk:  653 670 95 1105 426 85 1113 415 169 65 142 62 
H-negative risk:  670 653 1113 1105 415 426 85 95 142 169 62 65 
New BC onsets:  0
BC status:  4889 111 
BC subtype:  4889 91 20 

clinical_engagement 
diagnosis 
demography 
75 new agents 
10 dtreferralsatt10 smreferralsatt271 
disease_progression 
H-positive risk:  662 662 96 1110 429 88 1100 421 166 63 141 62 
H-negative risk:  662 662 1100 1110 421 429 88 96 141 166 62 63 
New BC onsets:  0
BC status:  4890 110 
BC subtype:  4890 89 21 

clinical_engagement 
diagnosis 
demography 
94 new agents 
9 dtreferralsatt9 smreferralsatt272 
disease_progression 
H-positive risk:  670 666 98 1105 425 88 1107 415 162 62 141 61 
H-negative risk:  666 670 1107 1105 415 425 88 98 141 162 61 62 
New BC onsets:  0
BC status:  4895 105 
BC subtype:  4895 84 21 

clinical_engagement 
diagnosis 
demography 
74 new agents 
15 dtreferralsatt15 smreferralsatt273 
disease_progression 
H-positive risk:  663 665 97 1100 430 88 1107 423 164 58 145 60 
H-negative risk:  665 663 1107 1100 423 430 88 97 145 164 60 58 
New BC onsets:  0
BC status:  4898 102 
BC subtype:  4898 83 19 

clinical_engagement 
diagnosis 
demography 
67 new agents 
5 dtreferralsatt5 smreferralsatt274 
disease_progression 
H-positive risk:  665 668 96 1100 436 89 1105 418 163 58 143 59 
H-negative risk:  668 665 1105 1100 418 436 89 96 143 163 59 58 
New BC onsets:  0
BC status:  4894 106 
BC subtype:  4894 87 19 

clinical_engagement 
diagnosis 
demography 
80 new agents 
13 dtreferralsatt13 smreferralsatt275 
disease_progression 
H-positive risk:  675 665 96 1106 431 88 1097 418 162 60 140 62 
H-negative risk:  665 675 1097 1106 418 431 88 96 140 162 62 60 
New BC onsets:  0
BC status:  4892 108 
BC subtype:  4892 89 19 

clinical_engagement 
diagnosis 
demography 
76 new agents 
14 dtreferralsatt14 smreferralsatt276 
disease_progression 
H-positive risk:  678 665 95 1117 424 88 1093 425 155 60 140 60 
H-negative risk:  665 678 1093 1117 425 424 88 95 140 155 60 60 
New BC onsets:  0
BC status:  4892 108 
BC subtype:  4892 89 19 

clinical_engagement 
diagnosis 
demography 
69 new agents 
9 dtreferralsatt9 smreferralsatt277 
disease_progression 
H-positive risk:  679 670 96 1106 428 88 1088 434 155 58 141 57 
H-negative risk:  670 679 1088 1106 434 428 88 96 141 155 57 58 
New BC onsets:  0
BC status:  4894 106 
BC subtype:  4894 88 18 

clinical_engagement 
diagnosis 
demography 
68 new agents 
7 dtreferralsatt7 smreferralsatt278 
disease_progression 
H-positive risk:  674 664 100 1114 428 86 1088 435 153 58 140 60 
H-negative risk:  664 674 1088 1114 435 428 86 100 140 153 60 58 
New BC onsets:  0
BC status:  4894 106 
BC subtype:  4894 88 18 

clinical_engagement 
diagnosis 
demography 
81 new agents 
14 dtreferralsatt14 smreferralsatt279 
disease_progression 
H-positive risk:  672 658 98 1123 427 84 1097 434 153 58 135 61 
H-negative risk:  658 672 1097 1123 434 427 84 98 135 153 61 58 
New BC onsets:  0
BC status:  4898 102 
BC subtype:  4898 85 17 

clinical_engagement 
diagnosis 
demography 
72 new agents 
10 dtreferralsatt10 smreferralsatt280 
disease_progression 
H-positive risk:  672 659 100 1123 429 84 1091 432 158 57 134 61 
H-negative risk:  659 672 1091 1123 432 429 84 100 134 158 61 57 
New BC onsets:  0
BC status:  4893 107 
BC subtype:  4893 90 17 

clinical_engagement 
diagnosis 
demography 
73 new agents 
14 dtreferralsatt14 smreferralsatt281 
disease_progression 
H-positive risk:  674 666 100 1117 428 85 1094 428 154 56 137 61 
H-negative risk:  666 674 1094 1117 428 428 85 100 137 154 61 56 
New BC onsets:  0
BC status:  4895 105 
BC subtype:  4895 88 17 

clinical_engagement 
diagnosis 
demography 
76 new agents 
13 dtreferralsatt13 smreferralsatt282 
disease_progression 
H-positive risk:  675 672 97 1104 437 85 1093 428 153 55 140 61 
H-negative risk:  672 675 1093 1104 428 437 85 97 140 153 61 55 
New BC onsets:  0
BC status:  4897 103 
BC subtype:  4897 86 17 

clinical_engagement 
diagnosis 
demography 
77 new agents 
7 dtreferralsatt7 smreferralsatt283 
disease_progression 
H-positive risk:  675 679 94 1101 439 82 1093 427 156 55 140 59 
H-negative risk:  679 675 1093 1101 427 439 82 94 140 156 59 55 
New BC onsets:  0
BC status:  4897 103 
BC subtype:  4897 86 17 

clinical_engagement 
diagnosis 
demography 
74 new agents 
10 dtreferralsatt10 smreferralsatt284 
disease_progression 
H-positive risk:  679 682 92 1097 436 85 1101 413 160 51 144 60 
H-negative risk:  682 679 1101 1097 413 436 85 92 144 160 60 51 
New BC onsets:  0
BC status:  4894 106 
BC subtype:  4894 87 19 

clinical_engagement 
diagnosis 
demography 
87 new agents 
6 dtreferralsatt6 smreferralsatt285 
disease_progression 
H-positive risk:  676 685 92 1091 438 84 1114 412 158 51 141 58 
H-negative risk:  685 676 1114 1091 412 438 84 92 141 158 58 51 
New BC onsets:  0
BC status:  4891 109 
BC subtype:  4891 89 20 

clinical_engagement 
diagnosis 
demography 
75 new agents 
17 dtreferralsatt17 smreferralsatt286 
disease_progression 
H-positive risk:  681 694 92 1085 435 84 1108 412 157 50 145 57 
H-negative risk:  694 681 1108 1085 412 435 84 92 145 157 57 50 
New BC onsets:  0
BC status:  4895 105 
BC subtype:  4895 85 20 

clinical_engagement 
diagnosis 
demography 
91 new agents 
10 dtreferralsatt10 smreferralsatt287 
disease_progression 
H-positive risk:  692 699 91 1087 422 87 1111 402 156 52 145 56 
H-negative risk:  699 692 1111 1087 402 422 87 91 145 156 56 52 
New BC onsets:  0
BC status:  4898 102 
BC subtype:  4898 82 20 

clinical_engagement 
diagnosis 
demography 
67 new agents 
7 dtreferralsatt7 smreferralsatt288 
disease_progression 
H-positive risk:  689 707 91 1076 417 86 1111 414 158 49 145 57 
H-negative risk:  707 689 1111 1076 414 417 86 91 145 158 57 49 
New BC onsets:  0
BC status:  4896 104 
BC subtype:  4896 84 20 

clinical_engagement 
diagnosis 
demography 
66 new agents 
9 dtreferralsatt9 smreferralsatt289 
disease_progression 
H-positive risk:  693 708 94 1077 415 87 1106 417 154 49 147 53 
H-negative risk:  708 693 1106 1077 417 415 87 94 147 154 53 49 
New BC onsets:  0
BC status:  4896 104 
BC subtype:  4896 85 19 

clinical_engagement 
diagnosis 
demography 
56 new agents 
8 dtreferralsatt8 smreferralsatt290 
disease_progression 
H-positive risk:  681 705 92 1085 415 86 1111 419 157 49 148 52 
H-negative risk:  705 681 1111 1085 419 415 86 92 148 157 52 49 
New BC onsets:  0
BC status:  4893 107 
BC subtype:  4893 85 22 

clinical_engagement 
diagnosis 
demography 
90 new agents 
13 dtreferralsatt13 smreferralsatt291 
disease_progression 
H-positive risk:  684 704 93 1087 409 91 1116 415 154 50 149 48 
H-negative risk:  704 684 1116 1087 415 409 91 93 149 154 48 50 
New BC onsets:  0
BC status:  4892 108 
BC subtype:  4892 85 23 

clinical_engagement 
diagnosis 
demography 
83 new agents 
6 dtreferralsatt6 smreferralsatt292 
disease_progression 
H-positive risk:  684 693 91 1104 411 90 1114 413 157 47 148 48 
H-negative risk:  693 684 1114 1104 413 411 90 91 148 157 48 47 
New BC onsets:  0
BC status:  4894 106 
BC subtype:  4894 82 24 

clinical_engagement 
diagnosis 
demography 
67 new agents 
10 dtreferralsatt10 smreferralsatt293 
disease_progression 
H-positive risk:  683 689 90 1106 407 91 1114 417 161 45 150 47 
H-negative risk:  689 683 1114 1106 417 407 91 90 150 161 47 45 
New BC onsets:  0
BC status:  4893 107 
BC subtype:  4893 83 24 

clinical_engagement 
diagnosis 
demography 
94 new agents 
11 dtreferralsatt11 smreferralsatt294 
disease_progression 
H-positive risk:  683 692 91 1105 407 93 1125 407 160 43 150 44 
H-negative risk:  692 683 1125 1105 407 407 93 91 150 160 44 43 
New BC onsets:  0
BC status:  4892 108 
BC subtype:  4892 83 25 

clinical_engagement 
diagnosis 
demography 
74 new agents 
16 dtreferralsatt16 smreferralsatt295 
disease_progression 
H-positive risk:  691 694 90 1103 403 92 1126 404 163 45 147 42 
H-negative risk:  694 691 1126 1103 404 403 92 90 147 163 42 45 
New BC onsets:  0
BC status:  4894 106 
BC subtype:  4894 81 25 

clinical_engagement 
diagnosis 
demography 
79 new agents 
9 dtreferralsatt9 smreferralsatt296 
disease_progression 
H-positive risk:  693 696 90 1099 405 91 1121 406 162 46 148 43 
H-negative risk:  696 693 1121 1099 406 405 91 90 148 162 43 46 
New BC onsets:  0
BC status:  4894 106 
BC subtype:  4894 79 27 

clinical_engagement 
diagnosis 
demography 
71 new agents 
8 dtreferralsatt8 smreferralsatt297 
disease_progression 
H-positive risk:  693 692 93 1107 398 91 1121 406 164 46 143 46 
H-negative risk:  692 693 1121 1107 406 398 91 93 143 164 46 46 
New BC onsets:  0
BC status:  4894 106 
BC subtype:  4894 78 28 

clinical_engagement 
diagnosis 
demography 
78 new agents 
11 dtreferralsatt11 smreferralsatt298 
disease_progression 
H-positive risk:  691 700 91 1102 397 91 1121 408 163 43 146 47 
H-negative risk:  700 691 1121 1102 408 397 91 91 146 163 47 43 
New BC onsets:  0
BC status:  4889 111 
BC subtype:  4889 82 29 

clinical_engagement 
diagnosis 
demography 
101 new agents 
10 dtreferralsatt10 smreferralsatt299 
disease_progression 
H-positive risk:  692 698 89 1112 391 90 1133 399 163 41 147 45 
H-negative risk:  698 692 1133 1112 399 391 90 89 147 163 45 41 
New BC onsets:  0
BC status:  4887 113 
BC subtype:  4887 84 29 

clinical_engagement 
diagnosis 
demography 
67 new agents 
13 dtreferralsatt13 smreferralsatt300 
disease_progression 
H-positive risk:  690 689 86 1119 399 90 1130 395 160 45 152 45 
H-negative risk:  689 690 1130 1119 395 399 90 86 152 160 45 45 
New BC onsets:  0
BC status:  4888 112 
BC subtype:  4888 83 29 

clinical_engagement 
diagnosis 
demography 
90 new agents 
10 dtreferralsatt10 smreferralsattTime difference of 15.30333 mins
This is task 30
date
