date
Note that the current default version of R is 3.6.1.
Loading required package: network
network: Classes for Relational Data
Version 1.15 created on 2019-04-01.
copyright (c) 2005, Carter T. Butts, University of California-Irvine
                    Mark S. Handcock, University of California -- Los Angeles
                    David R. Hunter, Penn State University
                    Martina Morris, University of Washington
                    Skye Bender-deMoll, University of Washington
 For citation information, type citation("network").
 Type help("network-package") to get started.


networkDynamic: version 0.10.0, created on 2019-04-04
Copyright (c) 2019, Carter T. Butts, University of California -- Irvine
                    Ayn Leslie-Cook, University of Washington
                    Pavel N. Krivitsky, University of Wollongong
                    Skye Bender-deMoll, University of Washington
                    with contributions from
                    Zack Almquist, University of California -- Irvine
                    David R. Hunter, Penn State University
                    Li Wang
                    Kirk Li, University of Washington
                    Steven M. Goodreau, University of Washington
                    Jeffrey Horner
                    Martina Morris, University of Washington
Based on "statnet" project software (statnet.org).
For license and citation information see statnet.org/attribution
or type citation("networkDynamic").

Loading required package: statnet.common

Attaching package: 'statnet.common'

The following object is masked from 'package:base':

    order

sna: Tools for Social Network Analysis
Version 2.4 created on 2016-07-23.
copyright (c) 2005, Carter T. Butts, University of California-Irvine
 For citation information, type citation("sna").
 Type help(package="sna") to get started.


ergm: version 3.10.4, created on 2019-06-10
Copyright (c) 2019, Mark S. Handcock, University of California -- Los Angeles
                    David R. Hunter, Penn State University
                    Carter T. Butts, University of California -- Irvine
                    Steven M. Goodreau, University of Washington
                    Pavel N. Krivitsky, University of Wollongong
                    Martina Morris, University of Washington
                    with contributions from
                    Li Wang
                    Kirk Li, University of Washington
                    Skye Bender-deMoll, University of Washington
                    Chad Klumb
Based on "statnet" project software (statnet.org).
For license and citation information see statnet.org/attribution
or type citation("ergm").

NOTE: Versions before 3.6.1 had a bug in the implementation of the bd()
constriant which distorted the sampled distribution somewhat. In
addition, Sampson's Monks datasets had mislabeled vertices. See the
NEWS and the documentation for more details.

NOTE: Some common term arguments pertaining to vertex attribute and
level selection have changed in 3.10.0. See terms help for more
details. Use 'options(ergm.term=list(version="3.9.4"))' to use old
behavior.


tergm: version 3.6.1, created on 2019-06-12
Copyright (c) 2019, Pavel N. Krivitsky, University of Wollongong
                    Mark S. Handcock, University of California -- Los Angeles
                    with contributions from
                    David R. Hunter, Penn State University
                    Steven M. Goodreau, University of Washington
                    Martina Morris, University of Washington
                    Nicole Bohme Carnegie, New York University
                    Carter T. Butts, University of California -- Irvine
                    Ayn Leslie-Cook, University of Washington
                    Skye Bender-deMoll
                    Li Wang
                    Kirk Li, University of Washington
Based on "statnet" project software (statnet.org).
For license and citation information see statnet.org/attribution
or type citation("tergm").

Starting maximum pseudolikelihood estimation (MPLE):
Evaluating the predictor and response matrix.
Maximizing the pseudolikelihood.
Finished MPLE.
Starting Monte Carlo maximum likelihood estimation (MCMLE):
Iteration 1 of at most 500:
Optimizing with step length 0.36409497837402.
The log-likelihood improved by 5.244.
Iteration 2 of at most 500:
Optimizing with step length 0.401348089928363.
The log-likelihood improved by 2.596.
Iteration 3 of at most 500:
Optimizing with step length 0.818282120083148.
The log-likelihood improved by 3.186.
Iteration 4 of at most 500:
Optimizing with step length 1.
The log-likelihood improved by 0.9812.
Step length converged once. Increasing MCMC sample size.
Iteration 5 of at most 500:
Optimizing with step length 1.
The log-likelihood improved by 0.3615.
Step length converged twice. Stopping.
Finished MCMLE.
This model was fit using MCMC.  To examine model diagnostics and check
for degeneracy, use the mcmc.diagnostics() function.
 degree0  degree1  degree2  degree3  degree4  degree5  degree6  degree7 
       4       30     1264     1050      793      378      381      317 
 degree8  degree9 degree10 degree11 degree12 degree13 degree14 degree15 
     279      208      128       89       39       23       13        3 
degree16 
       1 
1 
disease_progression 
H-positive risk:  851 874 135 873 432 133 911 431 115 58 125 62 
H-negative risk:  874 851 911 873 431 432 133 135 125 115 62 58 
New BC onsets:  0
BC status:  4999 1 
BC subtype:  4999 1 

clinical_engagement 
diagnosis 
demography 
68 new agents 
0 dtreferralsatt0 smreferralsatt2 
disease_progression 
H-positive risk:  863 875 135 869 434 132 909 426 115 58 124 60 
H-negative risk:  875 863 909 869 426 434 132 135 124 115 60 58 
New BC onsets:  0
BC status:  4995 5 
BC subtype:  4995 5 

clinical_engagement 
diagnosis 
demography 
60 new agents 
5 dtreferralsatt5 smreferralsatt3 
disease_progression 
H-positive risk:  862 881 134 868 431 132 908 425 117 58 124 60 
H-negative risk:  881 862 908 868 425 431 132 134 124 117 60 58 
New BC onsets:  0
BC status:  4993 7 
BC subtype:  4993 7 

clinical_engagement 
diagnosis 
demography 
59 new agents 
3 dtreferralsatt3 smreferralsatt4 
disease_progression 
H-positive risk:  866 883 135 867 427 135 909 417 118 58 126 59 
H-negative risk:  883 866 909 867 417 427 135 135 126 118 59 58 
New BC onsets:  0
BC status:  4992 8 
BC subtype:  4992 7 1 

clinical_engagement 
diagnosis 
demography 
52 new agents 
1 dtreferralsatt1 smreferralsatt5 
disease_progression 
H-positive risk:  874 879 132 870 422 135 910 418 117 59 126 58 
H-negative risk:  879 874 910 870 418 422 135 132 126 117 58 59 
New BC onsets:  0
BC status:  4990 10 
BC subtype:  4990 8 2 

clinical_engagement 
diagnosis 
demography 
56 new agents 
6 dtreferralsatt6 smreferralsatt6 
disease_progression 
H-positive risk:  882 880 133 871 416 134 912 415 116 59 127 55 
H-negative risk:  880 882 912 871 415 416 134 133 127 116 55 59 
New BC onsets:  0
BC status:  4990 10 
BC subtype:  4990 8 2 

clinical_engagement 
diagnosis 
demography 
59 new agents 
7 dtreferralsatt7 smreferralsatt7 
disease_progression 
H-positive risk:  886 884 133 862 413 136 919 412 113 58 127 57 
H-negative risk:  884 886 919 862 412 413 136 133 127 113 57 58 
New BC onsets:  0
BC status:  4988 12 
BC subtype:  4988 8 4 

clinical_engagement 
diagnosis 
demography 
52 new agents 
7 dtreferralsatt7 smreferralsatt8 
disease_progression 
H-positive risk:  892 885 135 861 416 135 916 409 114 55 125 57 
H-negative risk:  885 892 916 861 409 416 135 135 125 114 57 55 
New BC onsets:  0
BC status:  4987 13 
BC subtype:  4987 9 4 

clinical_engagement 
diagnosis 
demography 
61 new agents 
3 dtreferralsatt3 smreferralsatt9 
disease_progression 
H-positive risk:  894 887 137 857 411 138 920 408 116 50 126 56 
H-negative risk:  887 894 920 857 408 411 138 137 126 116 56 50 
New BC onsets:  0
BC status:  4986 14 
BC subtype:  4986 10 4 

clinical_engagement 
diagnosis 
demography 
51 new agents 
5 dtreferralsatt5 smreferralsatt10 
disease_progression 
H-positive risk:  894 893 138 857 407 139 916 407 118 51 124 56 
H-negative risk:  893 894 916 857 407 407 139 138 124 118 56 51 
New BC onsets:  0
BC status:  4983 17 
BC subtype:  4983 13 4 

clinical_engagement 
diagnosis 
demography 
56 new agents 
6 dtreferralsatt6 smreferralsatt11 
disease_progression 
H-positive risk:  902 897 137 857 401 139 914 403 119 50 125 56 
H-negative risk:  897 902 914 857 403 401 139 137 125 119 56 50 
New BC onsets:  0
BC status:  4981 19 
BC subtype:  4981 15 4 

clinical_engagement 
diagnosis 
demography 
59 new agents 
4 dtreferralsatt4 smreferralsatt12 
disease_progression 
H-positive risk:  907 905 139 856 394 142 910 402 118 50 123 54 
H-negative risk:  905 907 910 856 402 394 142 139 123 118 54 50 
New BC onsets:  0
BC status:  4979 21 
BC subtype:  4979 16 5 

clinical_engagement 
diagnosis 
demography 
51 new agents 
13 dtreferralsatt13 smreferralsatt13 
disease_progression 
H-positive risk:  831 834 126 930 391 130 993 394 127 50 140 54 
H-negative risk:  834 831 993 930 394 391 130 126 140 127 54 50 
New BC onsets:  0
BC status:  4976 24 
BC subtype:  4976 18 6 

clinical_engagement 
diagnosis 
demography 
207 new agents 
8 dtreferralsatt8 smreferralsatt14 
disease_progression 
H-positive risk:  858 866 130 886 413 138 935 412 119 52 130 61 
H-negative risk:  866 858 935 886 412 413 138 130 130 119 61 52 
New BC onsets:  0
BC status:  4975 25 
BC subtype:  4975 19 6 

clinical_engagement 
diagnosis 
demography 
67 new agents 
9 dtreferralsatt9 smreferralsatt15 
disease_progression 
H-positive risk:  865 872 128 885 404 139 931 413 119 51 134 59 
H-negative risk:  872 865 931 885 413 404 139 128 134 119 59 51 
New BC onsets:  0
BC status:  4974 26 
BC subtype:  4974 20 6 

clinical_engagement 
diagnosis 
demography 
50 new agents 
9 dtreferralsatt9 smreferralsatt16 
disease_progression 
H-positive risk:  874 870 128 886 401 137 926 411 119 52 138 58 
H-negative risk:  870 874 926 886 411 401 137 128 138 119 58 52 
New BC onsets:  0
BC status:  4975 25 
BC subtype:  4975 19 6 

clinical_engagement 
diagnosis 
demography 
69 new agents 
15 dtreferralsatt15 smreferralsatt17 
disease_progression 
H-positive risk:  874 883 128 882 395 137 923 412 120 51 137 58 
H-negative risk:  883 874 923 882 412 395 137 128 137 120 58 51 
New BC onsets:  0
BC status:  4969 31 
BC subtype:  4969 24 7 

clinical_engagement 
diagnosis 
demography 
68 new agents 
6 dtreferralsatt6 smreferralsatt18 
disease_progression 
H-positive risk:  880 884 131 880 394 137 923 407 118 51 138 57 
H-negative risk:  884 880 923 880 407 394 137 131 138 118 57 51 
New BC onsets:  0
BC status:  4969 31 
BC subtype:  4969 23 8 

clinical_engagement 
diagnosis 
demography 
58 new agents 
12 dtreferralsatt12 smreferralsatt19 
disease_progression 
H-positive risk:  881 892 131 881 393 137 921 406 114 52 136 56 
H-negative risk:  892 881 921 881 406 393 137 131 136 114 56 52 
New BC onsets:  0
BC status:  4968 32 
BC subtype:  4968 24 8 

clinical_engagement 
diagnosis 
demography 
59 new agents 
13 dtreferralsatt13 smreferralsatt20 
disease_progression 
H-positive risk:  885 905 133 871 391 137 919 403 115 52 136 53 
H-negative risk:  905 885 919 871 403 391 137 133 136 115 53 52 
New BC onsets:  0
BC status:  4965 35 
BC subtype:  4965 24 11 

clinical_engagement 
diagnosis 
demography 
51 new agents 
12 dtreferralsatt12 smreferralsatt21 
disease_progression 
H-positive risk:  893 907 132 867 393 138 912 399 116 51 138 54 
H-negative risk:  907 893 912 867 399 393 138 132 138 116 54 51 
New BC onsets:  0
BC status:  4962 38 
BC subtype:  4962 26 12 

clinical_engagement 
diagnosis 
demography 
44 new agents 
5 dtreferralsatt5 smreferralsatt22 
disease_progression 
H-positive risk:  892 908 131 870 395 140 909 397 116 51 136 55 
H-negative risk:  908 892 909 870 397 395 140 131 136 116 55 51 
New BC onsets:  0
BC status:  4962 38 
BC subtype:  4962 26 12 

clinical_engagement 
diagnosis 
demography 
58 new agents 
5 dtreferralsatt5 smreferralsatt23 
disease_progression 
H-positive risk:  896 909 131 877 391 139 905 393 116 53 137 53 
H-negative risk:  909 896 905 877 393 391 139 131 137 116 53 53 
New BC onsets:  0
BC status:  4961 39 
BC subtype:  4961 27 12 

clinical_engagement 
diagnosis 
demography 
48 new agents 
11 dtreferralsatt11 smreferralsatt24 
disease_progression 
H-positive risk:  898 905 130 881 388 138 900 398 119 53 137 53 
H-negative risk:  905 898 900 881 398 388 138 130 137 119 53 53 
New BC onsets:  0
BC status:  4959 41 
BC subtype:  4959 29 12 

clinical_engagement 
diagnosis 
demography 
68 new agents 
8 dtreferralsatt8 smreferralsatt25 
disease_progression 
H-positive risk:  847 829 121 956 383 128 958 396 130 52 151 49 
H-negative risk:  829 847 958 956 396 383 128 121 151 130 49 52 
New BC onsets:  0
BC status:  4957 43 
BC subtype:  4957 31 12 

clinical_engagement 
diagnosis 
demography 
172 new agents 
16 dtreferralsatt16 smreferralsatt26 
disease_progression 
H-positive risk:  866 856 128 936 380 131 914 417 131 48 145 48 
H-negative risk:  856 866 914 936 417 380 131 128 145 131 48 48 
New BC onsets:  0
BC status:  4958 42 
BC subtype:  4958 29 13 

clinical_engagement 
diagnosis 
demography 
70 new agents 
10 dtreferralsatt10 smreferralsatt27 
disease_progression 
H-positive risk:  870 860 128 924 381 131 920 412 135 48 143 48 
H-negative risk:  860 870 920 924 412 381 131 128 143 135 48 48 
New BC onsets:  0
BC status:  4957 43 
BC subtype:  4957 29 14 

clinical_engagement 
diagnosis 
demography 
64 new agents 
11 dtreferralsatt11 smreferralsatt28 
disease_progression 
H-positive risk:  875 864 128 923 380 133 927 399 134 46 144 47 
H-negative risk:  864 875 927 923 399 380 133 128 144 134 47 46 
New BC onsets:  0
BC status:  4957 43 
BC subtype:  4957 30 13 

clinical_engagement 
diagnosis 
demography 
48 new agents 
5 dtreferralsatt5 smreferralsatt29 
disease_progression 
H-positive risk:  877 858 130 925 376 133 930 398 134 47 144 48 
H-negative risk:  858 877 930 925 398 376 133 130 144 134 48 47 
New BC onsets:  0
BC status:  4952 48 
BC subtype:  4952 33 15 

clinical_engagement 
diagnosis 
demography 
66 new agents 
13 dtreferralsatt13 smreferralsatt30 
disease_progression 
H-positive risk:  883 861 128 934 370 133 930 392 136 47 141 45 
H-negative risk:  861 883 930 934 392 370 133 128 141 136 45 47 
New BC onsets:  0
BC status:  4947 53 
BC subtype:  4947 37 16 

clinical_engagement 
diagnosis 
demography 
65 new agents 
10 dtreferralsatt10 smreferralsatt31 
disease_progression 
H-positive risk:  884 864 131 929 378 132 927 387 137 47 141 43 
H-negative risk:  864 884 927 929 387 378 132 131 141 137 43 47 
New BC onsets:  0
BC status:  4943 57 
BC subtype:  4943 40 17 

clinical_engagement 
diagnosis 
demography 
68 new agents 
14 dtreferralsatt14 smreferralsatt32 
disease_progression 
H-positive risk:  895 856 132 930 373 130 929 385 136 47 141 46 
H-negative risk:  856 895 929 930 385 373 130 132 141 136 46 47 
New BC onsets:  0
BC status:  4940 60 
BC subtype:  4940 42 18 

clinical_engagement 
diagnosis 
demography 
47 new agents 
10 dtreferralsatt10 smreferralsatt33 
disease_progression 
H-positive risk:  899 865 132 921 372 130 932 381 135 47 140 46 
H-negative risk:  865 899 932 921 381 372 130 132 140 135 46 47 
New BC onsets:  0
BC status:  4941 59 
BC subtype:  4941 42 17 

clinical_engagement 
diagnosis 
demography 
58 new agents 
9 dtreferralsatt9 smreferralsatt34 
disease_progression 
H-positive risk:  900 875 134 921 371 129 926 381 136 47 138 42 
H-negative risk:  875 900 926 921 381 371 129 134 138 136 42 47 
New BC onsets:  0
BC status:  4940 60 
BC subtype:  4940 43 17 

clinical_engagement 
diagnosis 
demography 
60 new agents 
6 dtreferralsatt6 smreferralsatt35 
disease_progression 
H-positive risk:  906 871 135 912 374 130 933 378 136 47 138 40 
H-negative risk:  871 906 933 912 378 374 130 135 138 136 40 47 
New BC onsets:  0
BC status:  4939 61 
BC subtype:  4939 44 17 

clinical_engagement 
diagnosis 
demography 
57 new agents 
10 dtreferralsatt10 smreferralsatt36 
disease_progression 
H-positive risk:  900 875 135 913 372 130 937 382 136 45 135 40 
H-negative risk:  875 900 937 913 382 372 130 135 135 136 40 45 
New BC onsets:  0
BC status:  4937 63 
BC subtype:  4937 45 18 

clinical_engagement 
diagnosis 
demography 
71 new agents 
9 dtreferralsatt9 smreferralsatt37 
disease_progression 
H-positive risk:  841 825 125 957 368 114 1014 378 149 45 146 38 
H-negative risk:  825 841 1014 957 378 368 114 125 146 149 38 45 
New BC onsets:  0
BC status:  4934 66 
BC subtype:  4934 48 18 

clinical_engagement 
diagnosis 
demography 
151 new agents 
9 dtreferralsatt9 smreferralsatt38 
disease_progression 
H-positive risk:  847 847 125 942 382 116 977 394 139 48 141 42 
H-negative risk:  847 847 977 942 394 382 116 125 141 139 42 48 
New BC onsets:  0
BC status:  4934 66 
BC subtype:  4934 49 17 

clinical_engagement 
diagnosis 
demography 
92 new agents 
11 dtreferralsatt11 smreferralsatt39 
disease_progression 
H-positive risk:  854 847 127 938 377 118 979 391 139 47 143 40 
H-negative risk:  847 854 979 938 391 377 118 127 143 139 40 47 
New BC onsets:  0
BC status:  4936 64 
BC subtype:  4936 47 17 

clinical_engagement 
diagnosis 
demography 
59 new agents 
13 dtreferralsatt13 smreferralsatt40 
disease_progression 
H-positive risk:  854 847 127 939 374 119 982 384 138 48 144 44 
H-negative risk:  847 854 982 939 384 374 119 127 144 138 44 48 
New BC onsets:  0
BC status:  4936 64 
BC subtype:  4936 48 16 

clinical_engagement 
diagnosis 
demography 
58 new agents 
6 dtreferralsatt6 smreferralsatt41 
disease_progression 
H-positive risk:  861 853 127 927 371 120 979 385 137 49 146 45 
H-negative risk:  853 861 979 927 385 371 120 127 146 137 45 49 
New BC onsets:  0
BC status:  4936 64 
BC subtype:  4936 49 15 

clinical_engagement 
diagnosis 
demography 
67 new agents 
17 dtreferralsatt17 smreferralsatt42 
disease_progression 
H-positive risk:  860 856 129 927 365 122 980 384 134 51 148 44 
H-negative risk:  856 860 980 927 384 365 122 129 148 134 44 51 
New BC onsets:  0
BC status:  4935 65 
BC subtype:  4935 50 15 

clinical_engagement 
diagnosis 
demography 
68 new agents 
11 dtreferralsatt11 smreferralsatt43 
disease_progression 
H-positive risk:  860 860 128 922 369 122 979 383 132 50 150 45 
H-negative risk:  860 860 979 922 383 369 122 128 150 132 45 50 
New BC onsets:  0
BC status:  4933 67 
BC subtype:  4933 52 15 

clinical_engagement 
diagnosis 
demography 
49 new agents 
10 dtreferralsatt10 smreferralsatt44 
disease_progression 
H-positive risk:  863 867 128 926 364 124 975 382 132 43 151 45 
H-negative risk:  867 863 975 926 382 364 124 128 151 132 45 43 
New BC onsets:  0
BC status:  4932 68 
BC subtype:  4932 51 17 

clinical_engagement 
diagnosis 
demography 
73 new agents 
10 dtreferralsatt10 smreferralsatt45 
disease_progression 
H-positive risk:  866 871 130 924 362 129 969 381 131 42 153 42 
H-negative risk:  871 866 969 924 381 362 129 130 153 131 42 42 
New BC onsets:  0
BC status:  4931 69 
BC subtype:  4931 52 17 

clinical_engagement 
diagnosis 
demography 
57 new agents 
6 dtreferralsatt6 smreferralsatt46 
disease_progression 
H-positive risk:  875 873 131 917 359 130 963 381 130 44 154 43 
H-negative risk:  873 875 963 917 381 359 130 131 154 130 43 44 
New BC onsets:  0
BC status:  4930 70 
BC subtype:  4930 54 16 

clinical_engagement 
diagnosis 
demography 
53 new agents 
17 dtreferralsatt17 smreferralsatt47 
disease_progression 
H-positive risk:  877 875 132 916 357 131 964 375 130 43 156 44 
H-negative risk:  875 877 964 916 375 357 131 132 156 130 44 43 
New BC onsets:  0
BC status:  4927 73 
BC subtype:  4927 56 17 

clinical_engagement 
diagnosis 
demography 
62 new agents 
17 dtreferralsatt17 smreferralsatt48 
disease_progression 
H-positive risk:  876 877 131 921 355 132 963 376 130 43 154 42 
H-negative risk:  877 876 963 921 376 355 132 131 154 130 42 43 
New BC onsets:  0
BC status:  4925 75 
BC subtype:  4925 57 18 

clinical_engagement 
diagnosis 
demography 
55 new agents 
6 dtreferralsatt6 smreferralsatt49 
disease_progression 
H-positive risk:  816 812 124 986 358 119 1027 375 135 44 161 43 
H-negative risk:  812 816 1027 986 375 358 119 124 161 135 43 44 
New BC onsets:  0
BC status:  4925 75 
BC subtype:  4925 58 17 

clinical_engagement 
diagnosis 
demography 
119 new agents 
13 dtreferralsatt13 smreferralsatt50 
disease_progression 
H-positive risk:  822 815 129 953 383 121 1005 394 124 52 154 48 
H-negative risk:  815 822 1005 953 394 383 121 129 154 124 48 52 
New BC onsets:  0
BC status:  4927 73 
BC subtype:  4927 57 16 

clinical_engagement 
diagnosis 
demography 
67 new agents 
12 dtreferralsatt12 smreferralsatt51 
disease_progression 
H-positive risk:  817 814 129 951 387 118 1005 398 128 55 154 44 
H-negative risk:  814 817 1005 951 398 387 118 129 154 128 44 55 
New BC onsets:  0
BC status:  4928 72 
BC subtype:  4928 57 15 

clinical_engagement 
diagnosis 
demography 
71 new agents 
7 dtreferralsatt7 smreferralsatt52 
disease_progression 
H-positive risk:  816 812 129 962 381 117 1006 397 126 56 153 45 
H-negative risk:  812 816 1006 962 397 381 117 129 153 126 45 56 
New BC onsets:  0
BC status:  4925 75 
BC subtype:  4925 59 16 

clinical_engagement 
diagnosis 
demography 
84 new agents 
15 dtreferralsatt15 smreferralsatt53 
disease_progression 
H-positive risk:  810 818 129 954 381 116 1012 400 126 58 152 44 
H-negative risk:  818 810 1012 954 400 381 116 129 152 126 44 58 
New BC onsets:  0
BC status:  4925 75 
BC subtype:  4925 59 16 

clinical_engagement 
diagnosis 
demography 
77 new agents 
9 dtreferralsatt9 smreferralsatt54 
disease_progression 
H-positive risk:  821 816 129 956 377 115 1006 406 126 57 148 43 
H-negative risk:  816 821 1006 956 406 377 115 129 148 126 43 57 
New BC onsets:  0
BC status:  4931 69 
BC subtype:  4931 53 16 

clinical_engagement 
diagnosis 
demography 
53 new agents 
10 dtreferralsatt10 smreferralsatt55 
disease_progression 
H-positive risk:  826 809 129 959 371 112 1007 410 129 56 148 44 
H-negative risk:  809 826 1007 959 410 371 112 129 148 129 44 56 
New BC onsets:  0
BC status:  4931 69 
BC subtype:  4931 52 17 

clinical_engagement 
diagnosis 
demography 
78 new agents 
11 dtreferralsatt11 smreferralsatt56 
disease_progression 
H-positive risk:  828 814 130 956 364 114 1013 402 131 56 148 44 
H-negative risk:  814 828 1013 956 402 364 114 130 148 131 44 56 
New BC onsets:  0
BC status:  4930 70 
BC subtype:  4930 53 17 

clinical_engagement 
diagnosis 
demography 
96 new agents 
7 dtreferralsatt7 smreferralsatt57 
disease_progression 
H-positive risk:  831 818 136 951 361 116 1012 399 131 56 144 45 
H-negative risk:  818 831 1012 951 399 361 116 136 144 131 45 56 
New BC onsets:  0
BC status:  4932 68 
BC subtype:  4932 51 17 

clinical_engagement 
diagnosis 
demography 
75 new agents 
6 dtreferralsatt6 smreferralsatt58 
disease_progression 
H-positive risk:  825 823 137 955 359 117 1013 398 131 55 144 43 
H-negative risk:  823 825 1013 955 398 359 117 137 144 131 43 55 
New BC onsets:  0
BC status:  4931 69 
BC subtype:  4931 50 19 

clinical_engagement 
diagnosis 
demography 
51 new agents 
7 dtreferralsatt7 smreferralsatt59 
disease_progression 
H-positive risk:  826 826 137 956 361 118 1011 392 130 56 144 43 
H-negative risk:  826 826 1011 956 392 361 118 137 144 130 43 56 
New BC onsets:  0
BC status:  4932 68 
BC subtype:  4932 49 19 

clinical_engagement 
diagnosis 
demography 
69 new agents 
11 dtreferralsatt11 smreferralsatt60 
disease_progression 
H-positive risk:  834 824 139 951 358 117 1009 391 132 59 142 44 
H-negative risk:  824 834 1009 951 391 358 117 139 142 132 44 59 
New BC onsets:  0
BC status:  4929 71 
BC subtype:  4929 53 18 

clinical_engagement 
diagnosis 
demography 
60 new agents 
12 dtreferralsatt12 smreferralsatt61 
disease_progression 
H-positive risk:  777 771 136 1010 353 109 1063 393 140 57 146 45 
H-negative risk:  771 777 1063 1010 393 353 109 136 146 140 45 57 
New BC onsets:  0
BC status:  4927 73 
BC subtype:  4927 56 17 

clinical_engagement 
diagnosis 
demography 
120 new agents 
15 dtreferralsatt15 smreferralsatt62 
disease_progression 
H-positive risk:  783 781 131 1000 365 109 1024 410 139 61 143 54 
H-negative risk:  781 783 1024 1000 410 365 109 131 143 139 54 61 
New BC onsets:  0
BC status:  4924 76 
BC subtype:  4924 59 17 

clinical_engagement 
diagnosis 
demography 
72 new agents 
9 dtreferralsatt9 smreferralsatt63 
disease_progression 
H-positive risk:  789 790 130 993 364 110 1011 415 142 59 144 53 
H-negative risk:  790 789 1011 993 415 364 110 130 144 142 53 59 
New BC onsets:  0
BC status:  4924 76 
BC subtype:  4924 59 17 

clinical_engagement 
diagnosis 
demography 
65 new agents 
13 dtreferralsatt13 smreferralsatt64 
disease_progression 
H-positive risk:  781 789 129 1001 360 109 1021 407 144 60 144 55 
H-negative risk:  789 781 1021 1001 407 360 109 129 144 144 55 60 
New BC onsets:  0
BC status:  4923 77 
BC subtype:  4923 60 17 

clinical_engagement 
diagnosis 
demography 
68 new agents 
10 dtreferralsatt10 smreferralsatt65 
disease_progression 
H-positive risk:  783 780 130 1004 367 111 1020 403 144 58 143 57 
H-negative risk:  780 783 1020 1004 403 367 111 130 143 144 57 58 
New BC onsets:  0
BC status:  4924 76 
BC subtype:  4924 59 17 

clinical_engagement 
diagnosis 
demography 
78 new agents 
12 dtreferralsatt12 smreferralsatt66 
disease_progression 
H-positive risk:  779 786 132 1010 364 113 1023 397 143 57 138 58 
H-negative risk:  786 779 1023 1010 397 364 113 132 138 143 58 57 
New BC onsets:  0
BC status:  4925 75 
BC subtype:  4925 58 17 

clinical_engagement 
diagnosis 
demography 
71 new agents 
8 dtreferralsatt8 smreferralsatt67 
disease_progression 
H-positive risk:  780 791 131 1011 368 112 1022 388 142 58 138 59 
H-negative risk:  791 780 1022 1011 388 368 112 131 138 142 59 58 
New BC onsets:  0
BC status:  4923 77 
BC subtype:  4923 60 17 

clinical_engagement 
diagnosis 
demography 
82 new agents 
7 dtreferralsatt7 smreferralsatt68 
disease_progression 
H-positive risk:  777 796 133 1012 365 114 1027 384 141 58 135 58 
H-negative risk:  796 777 1027 1012 384 365 114 133 135 141 58 58 
New BC onsets:  0
BC status:  4924 76 
BC subtype:  4924 59 17 

clinical_engagement 
diagnosis 
demography 
68 new agents 
9 dtreferralsatt9 smreferralsatt69 
disease_progression 
H-positive risk:  767 799 133 1010 366 110 1035 387 143 58 134 58 
H-negative risk:  799 767 1035 1010 387 366 110 133 134 143 58 58 
New BC onsets:  0
BC status:  4923 77 
BC subtype:  4923 58 19 

clinical_engagement 
diagnosis 
demography 
57 new agents 
13 dtreferralsatt13 smreferralsatt70 
disease_progression 
H-positive risk:  765 795 132 1015 360 111 1038 391 143 59 134 57 
H-negative risk:  795 765 1038 1015 391 360 111 132 134 143 57 59 
New BC onsets:  0
BC status:  4919 81 
BC subtype:  4919 61 20 

clinical_engagement 
diagnosis 
demography 
63 new agents 
10 dtreferralsatt10 smreferralsatt71 
disease_progression 
H-positive risk:  766 796 130 1015 358 112 1036 396 141 57 135 58 
H-negative risk:  796 766 1036 1015 396 358 112 130 135 141 58 57 
New BC onsets:  0
BC status:  4921 79 
BC subtype:  4921 59 20 

clinical_engagement 
diagnosis 
demography 
58 new agents 
15 dtreferralsatt15 smreferralsatt72 
disease_progression 
H-positive risk:  764 793 132 1015 361 113 1037 397 142 56 135 55 
H-negative risk:  793 764 1037 1015 397 361 113 132 135 142 55 56 
New BC onsets:  0
BC status:  4919 81 
BC subtype:  4919 60 21 

clinical_engagement 
diagnosis 
demography 
66 new agents 
9 dtreferralsatt9 smreferralsatt73 
disease_progression 
H-positive risk:  725 751 121 1050 364 104 1084 394 149 57 145 56 
H-negative risk:  751 725 1084 1050 394 364 104 121 145 149 56 57 
New BC onsets:  0
BC status:  4920 80 
BC subtype:  4920 59 21 

clinical_engagement 
diagnosis 
demography 
125 new agents 
9 dtreferralsatt9 smreferralsatt74 
disease_progression 
H-positive risk:  728 755 123 1040 368 109 1067 410 149 52 143 56 
H-negative risk:  755 728 1067 1040 410 368 109 123 143 149 56 52 
New BC onsets:  0
BC status:  4915 85 
BC subtype:  4915 66 19 

clinical_engagement 
diagnosis 
demography 
76 new agents 
9 dtreferralsatt9 smreferralsatt75 
disease_progression 
H-positive risk:  737 758 124 1028 370 107 1062 412 150 53 144 55 
H-negative risk:  758 737 1062 1028 412 370 107 124 144 150 55 53 
New BC onsets:  0
BC status:  4915 85 
BC subtype:  4915 65 20 

clinical_engagement 
diagnosis 
demography 
60 new agents 
9 dtreferralsatt9 smreferralsatt76 
disease_progression 
H-positive risk:  746 759 124 1030 367 108 1056 413 148 53 143 53 
H-negative risk:  759 746 1056 1030 413 367 108 124 143 148 53 53 
New BC onsets:  0
BC status:  4914 86 
BC subtype:  4914 65 21 

clinical_engagement 
diagnosis 
demography 
62 new agents 
14 dtreferralsatt14 smreferralsatt77 
disease_progression 
H-positive risk:  748 757 126 1024 368 106 1060 414 149 55 138 55 
H-negative risk:  757 748 1060 1024 414 368 106 126 138 149 55 55 
New BC onsets:  0
BC status:  4912 88 
BC subtype:  4912 66 22 

clinical_engagement 
diagnosis 
demography 
68 new agents 
10 dtreferralsatt10 smreferralsatt78 
disease_progression 
H-positive risk:  752 756 127 1025 369 103 1066 408 152 52 138 52 
H-negative risk:  756 752 1066 1025 408 369 103 127 138 152 52 52 
New BC onsets:  0
BC status:  4911 89 
BC subtype:  4911 67 22 

clinical_engagement 
diagnosis 
demography 
88 new agents 
10 dtreferralsatt10 smreferralsatt79 
disease_progression 
H-positive risk:  755 752 129 1033 377 108 1055 400 146 53 138 54 
H-negative risk:  752 755 1055 1033 400 377 108 129 138 146 54 53 
New BC onsets:  0
BC status:  4911 89 
BC subtype:  4911 67 22 

clinical_engagement 
diagnosis 
demography 
75 new agents 
3 dtreferralsatt3 smreferralsatt80 
disease_progression 
H-positive risk:  755 760 129 1027 372 109 1047 408 144 55 139 55 
H-negative risk:  760 755 1047 1027 408 372 109 129 139 144 55 55 
New BC onsets:  0
BC status:  4912 88 
BC subtype:  4912 66 22 

clinical_engagement 
diagnosis 
demography 
68 new agents 
4 dtreferralsatt4 smreferralsatt81 
disease_progression 
H-positive risk:  758 764 128 1033 368 109 1040 406 147 56 138 53 
H-negative risk:  764 758 1040 1033 406 368 109 128 138 147 53 56 
New BC onsets:  0
BC status:  4913 87 
BC subtype:  4913 66 21 

clinical_engagement 
diagnosis 
demography 
71 new agents 
15 dtreferralsatt15 smreferralsatt82 
disease_progression 
H-positive risk:  760 762 131 1038 366 110 1040 399 148 58 134 54 
H-negative risk:  762 760 1040 1038 399 366 110 131 134 148 54 58 
New BC onsets:  0
BC status:  4909 91 
BC subtype:  4909 71 20 

clinical_engagement 
diagnosis 
demography 
63 new agents 
17 dtreferralsatt17 smreferralsatt83 
disease_progression 
H-positive risk:  757 759 131 1040 371 112 1036 395 152 56 135 56 
H-negative risk:  759 757 1036 1040 395 371 112 131 135 152 56 56 
New BC onsets:  0
BC status:  4905 95 
BC subtype:  4905 74 21 

clinical_engagement 
diagnosis 
demography 
67 new agents 
18 dtreferralsatt18 smreferralsatt84 
disease_progression 
H-positive risk:  759 760 131 1035 375 115 1035 394 150 56 135 55 
H-negative risk:  760 759 1035 1035 394 375 115 131 135 150 55 56 
New BC onsets:  0
BC status:  4905 95 
BC subtype:  4905 73 22 

clinical_engagement 
diagnosis 
demography 
62 new agents 
17 dtreferralsatt17 smreferralsatt85 
disease_progression 
H-positive risk:  709 709 120 1081 379 110 1100 380 160 54 143 55 
H-negative risk:  709 709 1100 1081 380 379 110 120 143 160 55 54 
New BC onsets:  0
BC status:  4906 94 
BC subtype:  4906 74 20 

clinical_engagement 
diagnosis 
demography 
114 new agents 
4 dtreferralsatt4 smreferralsatt86 
disease_progression 
H-positive risk:  708 714 118 1064 396 108 1071 404 163 57 138 59 
H-negative risk:  714 708 1071 1064 404 396 108 118 138 163 59 57 
New BC onsets:  0
BC status:  4909 91 
BC subtype:  4909 73 18 

clinical_engagement 
diagnosis 
demography 
85 new agents 
10 dtreferralsatt10 smreferralsatt87 
disease_progression 
H-positive risk:  702 718 116 1059 396 109 1072 415 164 55 135 59 
H-negative risk:  718 702 1072 1059 415 396 109 116 135 164 59 55 
New BC onsets:  0
BC status:  4906 94 
BC subtype:  4906 74 20 

clinical_engagement 
diagnosis 
demography 
62 new agents 
8 dtreferralsatt8 smreferralsatt88 
disease_progression 
H-positive risk:  703 723 116 1055 396 111 1071 412 162 54 138 59 
H-negative risk:  723 703 1071 1055 412 396 111 116 138 162 59 54 
New BC onsets:  0
BC status:  4903 97 
BC subtype:  4903 77 20 

clinical_engagement 
diagnosis 
demography 
58 new agents 
5 dtreferralsatt5 smreferralsatt89 
disease_progression 
H-positive risk:  708 717 116 1056 398 108 1074 415 160 55 139 54 
H-negative risk:  717 708 1074 1056 415 398 108 116 139 160 54 55 
New BC onsets:  0
BC status:  4903 97 
BC subtype:  4903 78 19 

clinical_engagement 
diagnosis 
demography 
81 new agents 
9 dtreferralsatt9 smreferralsatt90 
disease_progression 
H-positive risk:  702 724 117 1040 402 108 1095 406 157 56 139 54 
H-negative risk:  724 702 1095 1040 406 402 108 117 139 157 54 56 
New BC onsets:  0
BC status:  4903 97 
BC subtype:  4903 79 18 

clinical_engagement 
diagnosis 
demography 
83 new agents 
20 dtreferralsatt20 smreferralsatt91 
disease_progression 
H-positive risk:  706 730 116 1031 403 108 1090 410 158 54 139 55 
H-negative risk:  730 706 1090 1031 410 403 108 116 139 158 55 54 
New BC onsets:  0
BC status:  4904 96 
BC subtype:  4904 78 18 

clinical_engagement 
diagnosis 
demography 
79 new agents 
9 dtreferralsatt9 smreferralsatt92 
disease_progression 
H-positive risk:  710 730 119 1031 403 112 1083 410 156 52 138 56 
H-negative risk:  730 710 1083 1031 410 403 112 119 138 156 56 52 
New BC onsets:  0
BC status:  4904 96 
BC subtype:  4904 78 18 

clinical_engagement 
diagnosis 
demography 
79 new agents 
10 dtreferralsatt10 smreferralsatt93 
disease_progression 
H-positive risk:  706 732 113 1031 406 113 1090 406 156 48 141 58 
H-negative risk:  732 706 1090 1031 406 406 113 113 141 156 58 48 
New BC onsets:  0
BC status:  4900 100 
BC subtype:  4900 81 19 

clinical_engagement 
diagnosis 
demography 
65 new agents 
12 dtreferralsatt12 smreferralsatt94 
disease_progression 
H-positive risk:  708 731 111 1034 406 114 1084 410 155 47 142 58 
H-negative risk:  731 708 1084 1034 410 406 114 111 142 155 58 47 
New BC onsets:  0
BC status:  4899 101 
BC subtype:  4899 82 19 

clinical_engagement 
diagnosis 
demography 
67 new agents 
9 dtreferralsatt9 smreferralsatt95 
disease_progression 
H-positive risk:  710 733 113 1027 401 113 1093 406 155 49 143 57 
H-negative risk:  733 710 1093 1027 406 401 113 113 143 155 57 49 
New BC onsets:  0
BC status:  4898 102 
BC subtype:  4898 83 19 

clinical_engagement 
diagnosis 
demography 
81 new agents 
9 dtreferralsatt9 smreferralsatt96 
disease_progression 
H-positive risk:  715 734 114 1029 396 115 1097 400 155 49 141 55 
H-negative risk:  734 715 1097 1029 400 396 115 114 141 155 55 49 
New BC onsets:  0
BC status:  4899 101 
BC subtype:  4899 85 16 

clinical_engagement 
diagnosis 
demography 
73 new agents 
10 dtreferralsatt10 smreferralsatt97 
disease_progression 
H-positive risk:  673 711 103 1066 393 113 1132 394 158 51 151 55 
H-negative risk:  711 673 1132 1066 394 393 113 103 151 158 55 51 
New BC onsets:  0
BC status:  4896 104 
BC subtype:  4896 89 15 

clinical_engagement 
diagnosis 
demography 
107 new agents 
18 dtreferralsatt18 smreferralsatt98 
disease_progression 
H-positive risk:  686 716 105 1044 406 112 1127 392 156 53 148 55 
H-negative risk:  716 686 1127 1044 392 406 112 105 148 156 55 53 
New BC onsets:  0
BC status:  4896 104 
BC subtype:  4896 88 16 

clinical_engagement 
diagnosis 
demography 
72 new agents 
14 dtreferralsatt14 smreferralsatt99 
disease_progression 
H-positive risk:  685 723 106 1050 408 113 1115 389 157 53 149 52 
H-negative risk:  723 685 1115 1050 389 408 113 106 149 157 52 53 
New BC onsets:  0
BC status:  4896 104 
BC subtype:  4896 86 18 

clinical_engagement 
diagnosis 
demography 
62 new agents 
11 dtreferralsatt11 smreferralsatt100 
disease_progression 
H-positive risk:  675 727 102 1051 416 111 1115 395 158 49 150 51 
H-negative risk:  727 675 1115 1051 395 416 111 102 150 158 51 49 
New BC onsets:  0
BC status:  4894 106 
BC subtype:  4894 87 19 

clinical_engagement 
diagnosis 
demography 
74 new agents 
7 dtreferralsatt7 smreferralsatt101 
disease_progression 
H-positive risk:  676 728 103 1050 408 112 1122 395 159 50 146 51 
H-negative risk:  728 676 1122 1050 395 408 112 103 146 159 51 50 
New BC onsets:  0
BC status:  4895 105 
BC subtype:  4895 87 18 

clinical_engagement 
diagnosis 
demography 
65 new agents 
18 dtreferralsatt18 smreferralsatt102 
disease_progression 
H-positive risk:  674 732 101 1053 416 118 1112 396 159 48 142 49 
H-negative risk:  732 674 1112 1053 396 416 118 101 142 159 49 48 
New BC onsets:  0
BC status:  4898 102 
BC subtype:  4898 84 18 

clinical_engagement 
diagnosis 
demography 
74 new agents 
11 dtreferralsatt11 smreferralsatt103 
disease_progression 
H-positive risk:  680 735 101 1053 411 118 1110 393 160 50 139 50 
H-negative risk:  735 680 1110 1053 393 411 118 101 139 160 50 50 
New BC onsets:  0
BC status:  4896 104 
BC subtype:  4896 86 18 

clinical_engagement 
diagnosis 
demography 
63 new agents 
14 dtreferralsatt14 smreferralsatt104 
disease_progression 
H-positive risk:  688 725 100 1053 413 119 1108 398 155 50 141 50 
H-negative risk:  725 688 1108 1053 398 413 119 100 141 155 50 50 
New BC onsets:  0
BC status:  4897 103 
BC subtype:  4897 85 18 

clinical_engagement 
diagnosis 
demography 
71 new agents 
15 dtreferralsatt15 smreferralsatt105 
disease_progression 
H-positive risk:  693 714 99 1063 419 118 1099 392 160 50 144 49 
H-negative risk:  714 693 1099 1063 392 419 118 99 144 160 49 50 
New BC onsets:  0
BC status:  4896 104 
BC subtype:  4896 85 19 

clinical_engagement 
diagnosis 
demography 
66 new agents 
5 dtreferralsatt5 smreferralsatt106 
disease_progression 
H-positive risk:  700 708 96 1073 411 117 1095 397 157 51 147 48 
H-negative risk:  708 700 1095 1073 397 411 117 96 147 157 48 51 
New BC onsets:  0
BC status:  4894 106 
BC subtype:  4894 87 19 

clinical_engagement 
diagnosis 
demography 
72 new agents 
16 dtreferralsatt16 smreferralsatt107 
disease_progression 
H-positive risk:  705 709 95 1074 402 116 1097 397 154 53 147 51 
H-negative risk:  709 705 1097 1074 397 402 116 95 147 154 51 53 
New BC onsets:  0
BC status:  4898 102 
BC subtype:  4898 84 18 

clinical_engagement 
diagnosis 
demography 
70 new agents 
23 dtreferralsatt23 smreferralsatt108 
disease_progression 
H-positive risk:  709 710 93 1082 402 117 1091 395 153 51 146 51 
H-negative risk:  710 709 1091 1082 395 402 117 93 146 153 51 51 
New BC onsets:  0
BC status:  4900 100 
BC subtype:  4900 82 18 

clinical_engagement 
diagnosis 
demography 
76 new agents 
13 dtreferralsatt13 smreferralsatt109 
disease_progression 
H-positive risk:  669 677 89 1117 395 109 1132 395 161 53 152 51 
H-negative risk:  677 669 1132 1117 395 395 109 89 152 161 51 53 
New BC onsets:  0
BC status:  4900 100 
BC subtype:  4900 82 18 

clinical_engagement 
diagnosis 
demography 
84 new agents 
5 dtreferralsatt5 smreferralsatt110 
disease_progression 
H-positive risk:  672 676 92 1102 409 113 1125 402 159 53 146 51 
H-negative risk:  676 672 1125 1102 402 409 113 92 146 159 51 53 
New BC onsets:  0
BC status:  4902 98 
BC subtype:  4902 81 17 

clinical_engagement 
diagnosis 
demography 
83 new agents 
9 dtreferralsatt9 smreferralsatt111 
disease_progression 
H-positive risk:  674 682 93 1105 403 111 1120 406 159 51 144 52 
H-negative risk:  682 674 1120 1105 406 403 111 93 144 159 52 51 
New BC onsets:  0
BC status:  4905 95 
BC subtype:  4905 77 18 

clinical_engagement 
diagnosis 
demography 
83 new agents 
7 dtreferralsatt7 smreferralsatt112 
disease_progression 
H-positive risk:  679 680 95 1103 406 113 1120 398 156 54 144 52 
H-negative risk:  680 679 1120 1103 398 406 113 95 144 156 52 54 
New BC onsets:  0
BC status:  4910 90 
BC subtype:  4910 72 18 

clinical_engagement 
diagnosis 
demography 
74 new agents 
14 dtreferralsatt14 smreferralsatt113 
disease_progression 
H-positive risk:  675 682 96 1097 410 113 1110 407 157 55 146 52 
H-negative risk:  682 675 1110 1097 407 410 113 96 146 157 52 55 
New BC onsets:  0
BC status:  4910 90 
BC subtype:  4910 73 17 

clinical_engagement 
diagnosis 
demography 
61 new agents 
11 dtreferralsatt11 smreferralsatt114 
disease_progression 
H-positive risk:  675 677 93 1099 407 111 1113 406 158 56 150 55 
H-negative risk:  677 675 1113 1099 406 407 111 93 150 158 55 56 
New BC onsets:  0
BC status:  4910 90 
BC subtype:  4910 73 17 

clinical_engagement 
diagnosis 
demography 
67 new agents 
9 dtreferralsatt9 smreferralsatt115 
disease_progression 
H-positive risk:  668 677 94 1095 407 107 1122 406 159 56 152 57 
H-negative risk:  677 668 1122 1095 406 407 107 94 152 159 57 56 
New BC onsets:  0
BC status:  4910 90 
BC subtype:  4910 73 17 

clinical_engagement 
diagnosis 
demography 
54 new agents 
10 dtreferralsatt10 smreferralsatt116 
disease_progression 
H-positive risk:  668 677 93 1092 408 107 1121 406 161 56 156 55 
H-negative risk:  677 668 1121 1092 406 408 107 93 156 161 55 56 
New BC onsets:  0
BC status:  4909 91 
BC subtype:  4909 74 17 

clinical_engagement 
diagnosis 
demography 
77 new agents 
8 dtreferralsatt8 smreferralsatt117 
disease_progression 
H-positive risk:  673 682 92 1092 403 111 1120 399 158 58 158 54 
H-negative risk:  682 673 1120 1092 399 403 111 92 158 158 54 58 
New BC onsets:  0
BC status:  4910 90 
BC subtype:  4910 73 17 

clinical_engagement 
diagnosis 
demography 
74 new agents 
6 dtreferralsatt6 smreferralsatt118 
disease_progression 
H-positive risk:  671 693 93 1092 403 112 1115 397 157 57 157 53 
H-negative risk:  693 671 1115 1092 397 403 112 93 157 157 53 57 
New BC onsets:  0
BC status:  4911 89 
BC subtype:  4911 73 16 

clinical_engagement 
diagnosis 
demography 
76 new agents 
8 dtreferralsatt8 smreferralsatt119 
disease_progression 
H-positive risk:  666 700 91 1088 402 114 1118 401 157 55 157 51 
H-negative risk:  700 666 1118 1088 401 402 114 91 157 157 51 55 
New BC onsets:  0
BC status:  4913 87 
BC subtype:  4913 72 15 

clinical_engagement 
diagnosis 
demography 
81 new agents 
9 dtreferralsatt9 smreferralsatt120 
disease_progression 
H-positive risk:  674 694 92 1094 399 117 1114 392 159 57 155 53 
H-negative risk:  694 674 1114 1094 392 399 117 92 155 159 53 57 
New BC onsets:  0
BC status:  4917 83 
BC subtype:  4917 69 14 

clinical_engagement 
diagnosis 
demography 
71 new agents 
13 dtreferralsatt13 smreferralsatt121 
disease_progression 
H-positive risk:  650 652 85 1130 405 112 1140 392 163 57 162 52 
H-negative risk:  652 650 1140 1130 392 405 112 85 162 163 52 57 
New BC onsets:  0
BC status:  4918 82 
BC subtype:  4918 68 14 

clinical_engagement 
diagnosis 
demography 
104 new agents 
13 dtreferralsatt13 smreferralsatt122 
disease_progression 
H-positive risk:  639 649 84 1137 408 113 1129 406 162 56 164 53 
H-negative risk:  649 639 1129 1137 406 408 113 84 164 162 53 56 
New BC onsets:  0
BC status:  4912 88 
BC subtype:  4912 74 14 

clinical_engagement 
diagnosis 
demography 
75 new agents 
7 dtreferralsatt7 smreferralsatt123 
disease_progression 
H-positive risk:  649 641 85 1137 407 117 1130 401 161 58 161 53 
H-negative risk:  641 649 1130 1137 401 407 117 85 161 161 53 58 
New BC onsets:  0
BC status:  4911 89 
BC subtype:  4911 76 13 

clinical_engagement 
diagnosis 
demography 
91 new agents 
7 dtreferralsatt7 smreferralsatt124 
disease_progression 
H-positive risk:  657 651 87 1132 400 119 1121 401 162 57 161 52 
H-negative risk:  651 657 1121 1132 401 400 119 87 161 162 52 57 
New BC onsets:  0
BC status:  4914 86 
BC subtype:  4914 73 13 

clinical_engagement 
diagnosis 
demography 
68 new agents 
13 dtreferralsatt13 smreferralsatt125 
disease_progression 
H-positive risk:  654 652 87 1129 401 120 1132 393 162 56 162 52 
H-negative risk:  652 654 1132 1129 393 401 120 87 162 162 52 56 
New BC onsets:  0
BC status:  4914 86 
BC subtype:  4914 74 12 

clinical_engagement 
diagnosis 
demography 
77 new agents 
9 dtreferralsatt9 smreferralsatt126 
disease_progression 
H-positive risk:  657 654 86 1139 391 122 1131 390 161 52 165 52 
H-negative risk:  654 657 1131 1139 390 391 122 86 165 161 52 52 
New BC onsets:  0
BC status:  4915 85 
BC subtype:  4915 73 12 

clinical_engagement 
diagnosis 
demography 
78 new agents 
10 dtreferralsatt10 smreferralsatt127 
disease_progression 
H-positive risk:  660 652 84 1136 390 122 1136 388 163 54 162 53 
H-negative risk:  652 660 1136 1136 388 390 122 84 162 163 53 54 
New BC onsets:  0
BC status:  4917 83 
BC subtype:  4917 70 13 

clinical_engagement 
diagnosis 
demography 
68 new agents 
4 dtreferralsatt4 smreferralsatt128 
disease_progression 
H-positive risk:  661 649 86 1133 388 121 1136 393 166 53 163 51 
H-negative risk:  649 661 1136 1133 393 388 121 86 163 166 51 53 
New BC onsets:  0
BC status:  4918 82 
BC subtype:  4918 70 12 

clinical_engagement 
diagnosis 
demography 
64 new agents 
12 dtreferralsatt12 smreferralsatt129 
disease_progression 
H-positive risk:  655 647 85 1136 389 118 1140 392 171 54 165 48 
H-negative risk:  647 655 1140 1136 392 389 118 85 165 171 48 54 
New BC onsets:  0
BC status:  4919 81 
BC subtype:  4919 69 12 

clinical_engagement 
diagnosis 
demography 
69 new agents 
6 dtreferralsatt6 smreferralsatt130 
disease_progression 
H-positive risk:  660 647 85 1138 386 116 1136 394 175 54 164 45 
H-negative risk:  647 660 1136 1138 394 386 116 85 164 175 45 54 
New BC onsets:  0
BC status:  4918 82 
BC subtype:  4918 70 12 

clinical_engagement 
diagnosis 
demography 
70 new agents 
12 dtreferralsatt12 smreferralsatt131 
disease_progression 
H-positive risk:  660 650 87 1142 384 118 1134 393 175 54 159 44 
H-negative risk:  650 660 1134 1142 393 384 118 87 159 175 44 54 
New BC onsets:  0
BC status:  4918 82 
BC subtype:  4918 70 12 

clinical_engagement 
diagnosis 
demography 
69 new agents 
11 dtreferralsatt11 smreferralsatt132 
disease_progression 
H-positive risk:  665 652 89 1142 383 115 1131 389 177 53 160 44 
H-negative risk:  652 665 1131 1142 389 383 115 89 160 177 44 53 
New BC onsets:  0
BC status:  4912 88 
BC subtype:  4912 75 13 

clinical_engagement 
diagnosis 
demography 
64 new agents 
9 dtreferralsatt9 smreferralsatt133 
disease_progression 
H-positive risk:  657 652 88 1132 388 117 1140 389 176 57 160 44 
H-negative risk:  652 657 1140 1132 389 388 117 88 160 176 44 57 
New BC onsets:  0
BC status:  4910 90 
BC subtype:  4910 77 13 

clinical_engagement 
diagnosis 
demography 
83 new agents 
10 dtreferralsatt10 smreferralsatt134 
disease_progression 
H-positive risk:  656 646 87 1125 401 112 1126 405 172 62 160 48 
H-negative risk:  646 656 1126 1125 405 401 112 87 160 172 48 62 
New BC onsets:  0
BC status:  4908 92 
BC subtype:  4908 79 13 

clinical_engagement 
diagnosis 
demography 
86 new agents 
14 dtreferralsatt14 smreferralsatt135 
disease_progression 
H-positive risk:  647 655 88 1118 404 114 1131 403 170 68 159 43 
H-negative risk:  655 647 1131 1118 403 404 114 88 159 170 43 68 
New BC onsets:  0
BC status:  4908 92 
BC subtype:  4908 78 14 

clinical_engagement 
diagnosis 
demography 
78 new agents 
14 dtreferralsatt14 smreferralsatt136 
disease_progression 
H-positive risk:  646 655 88 1111 409 114 1135 406 169 66 158 43 
H-negative risk:  655 646 1135 1111 406 409 114 88 158 169 43 66 
New BC onsets:  0
BC status:  4906 94 
BC subtype:  4906 80 14 

clinical_engagement 
diagnosis 
demography 
69 new agents 
14 dtreferralsatt14 smreferralsatt137 
disease_progression 
H-positive risk:  649 655 88 1113 406 113 1132 406 169 65 159 45 
H-negative risk:  655 649 1132 1113 406 406 113 88 159 169 45 65 
New BC onsets:  0
BC status:  4907 93 
BC subtype:  4907 79 14 

clinical_engagement 
diagnosis 
demography 
74 new agents 
12 dtreferralsatt12 smreferralsatt138 
disease_progression 
H-positive risk:  641 656 88 1116 411 113 1131 398 170 66 164 46 
H-negative risk:  656 641 1131 1116 398 411 113 88 164 170 46 66 
New BC onsets:  0
BC status:  4908 92 
BC subtype:  4908 78 14 

clinical_engagement 
diagnosis 
demography 
77 new agents 
8 dtreferralsatt8 smreferralsatt139 
disease_progression 
H-positive risk:  642 659 89 1114 414 116 1126 399 170 65 160 46 
H-negative risk:  659 642 1126 1114 399 414 116 89 160 170 46 65 
New BC onsets:  0
BC status:  4906 94 
BC subtype:  4906 80 14 

clinical_engagement 
diagnosis 
demography 
92 new agents 
8 dtreferralsatt8 smreferralsatt140 
disease_progression 
H-positive risk:  647 657 89 1112 412 113 1134 396 172 63 160 45 
H-negative risk:  657 647 1134 1112 396 412 113 89 160 172 45 63 
New BC onsets:  0
BC status:  4908 92 
BC subtype:  4908 79 13 

clinical_engagement 
diagnosis 
demography 
71 new agents 
12 dtreferralsatt12 smreferralsatt141 
disease_progression 
H-positive risk:  646 654 90 1110 416 111 1138 399 176 59 158 43 
H-negative risk:  654 646 1138 1110 399 416 111 90 158 176 43 59 
New BC onsets:  0
BC status:  4905 95 
BC subtype:  4905 81 14 

clinical_engagement 
diagnosis 
demography 
72 new agents 
6 dtreferralsatt6 smreferralsatt142 
disease_progression 
H-positive risk:  646 648 92 1120 417 109 1135 400 172 57 160 44 
H-negative risk:  648 646 1135 1120 400 417 109 92 160 172 44 57 
New BC onsets:  0
BC status:  4907 93 
BC subtype:  4907 79 14 

clinical_engagement 
diagnosis 
demography 
79 new agents 
11 dtreferralsatt11 smreferralsatt143 
disease_progression 
H-positive risk:  649 659 91 1115 420 108 1126 407 168 54 160 43 
H-negative risk:  659 649 1126 1115 407 420 108 91 160 168 43 54 
New BC onsets:  0
BC status:  4908 92 
BC subtype:  4908 78 14 

clinical_engagement 
diagnosis 
demography 
70 new agents 
13 dtreferralsatt13 smreferralsatt144 
disease_progression 
H-positive risk:  643 660 93 1110 411 112 1136 412 169 54 159 41 
H-negative risk:  660 643 1136 1110 412 411 112 93 159 169 41 54 
New BC onsets:  0
BC status:  4904 96 
BC subtype:  4904 82 14 

clinical_engagement 
diagnosis 
demography 
76 new agents 
15 dtreferralsatt15 smreferralsatt145 
disease_progression 
H-positive risk:  654 657 93 1114 404 111 1128 415 170 55 159 40 
H-negative risk:  657 654 1128 1114 415 404 111 93 159 170 40 55 
New BC onsets:  0
BC status:  4903 97 
BC subtype:  4903 83 14 

clinical_engagement 
diagnosis 
demography 
96 new agents 
15 dtreferralsatt15 smreferralsatt146 
disease_progression 
H-positive risk:  656 652 93 1107 415 111 1127 414 171 55 159 40 
H-negative risk:  652 656 1127 1107 414 415 111 93 159 171 40 55 
New BC onsets:  0
BC status:  4901 99 
BC subtype:  4901 85 14 

clinical_engagement 
diagnosis 
demography 
72 new agents 
9 dtreferralsatt9 smreferralsatt147 
disease_progression 
H-positive risk:  652 652 94 1093 424 114 1128 411 171 55 160 46 
H-negative risk:  652 652 1128 1093 411 424 114 94 160 171 46 55 
New BC onsets:  0
BC status:  4901 99 
BC subtype:  4901 85 14 

clinical_engagement 
diagnosis 
demography 
68 new agents 
10 dtreferralsatt10 smreferralsatt148 
disease_progression 
H-positive risk:  656 651 95 1096 427 112 1118 410 173 56 159 47 
H-negative risk:  651 656 1118 1096 410 427 112 95 159 173 47 56 
New BC onsets:  0
BC status:  4903 97 
BC subtype:  4903 84 13 

clinical_engagement 
diagnosis 
demography 
84 new agents 
4 dtreferralsatt4 smreferralsatt149 
disease_progression 
H-positive risk:  656 653 96 1100 425 115 1114 412 169 50 162 48 
H-negative risk:  653 656 1114 1100 412 425 115 96 162 169 48 50 
New BC onsets:  0
BC status:  4902 98 
BC subtype:  4902 85 13 

clinical_engagement 
diagnosis 
demography 
80 new agents 
11 dtreferralsatt11 smreferralsatt150 
disease_progression 
H-positive risk:  659 651 96 1098 425 114 1119 409 170 48 161 50 
H-negative risk:  651 659 1119 1098 409 425 114 96 161 170 50 48 
New BC onsets:  0
BC status:  4898 102 
BC subtype:  4898 89 13 

clinical_engagement 
diagnosis 
demography 
72 new agents 
10 dtreferralsatt10 smreferralsatt151 
disease_progression 
H-positive risk:  653 658 94 1099 425 118 1116 407 169 51 161 49 
H-negative risk:  658 653 1116 1099 407 425 118 94 161 169 49 51 
New BC onsets:  0
BC status:  4898 102 
BC subtype:  4898 88 14 

clinical_engagement 
diagnosis 
demography 
63 new agents 
7 dtreferralsatt7 smreferralsatt152 
disease_progression 
H-positive risk:  646 658 96 1102 421 115 1118 415 167 52 163 47 
H-negative risk:  658 646 1118 1102 415 421 115 96 163 167 47 52 
New BC onsets:  0
BC status:  4898 102 
BC subtype:  4898 88 14 

clinical_engagement 
diagnosis 
demography 
70 new agents 
15 dtreferralsatt15 smreferralsatt153 
disease_progression 
H-positive risk:  652 661 95 1110 418 111 1113 403 171 54 166 46 
H-negative risk:  661 652 1113 1110 403 418 111 95 166 171 46 54 
New BC onsets:  0
BC status:  4898 102 
BC subtype:  4898 88 14 

clinical_engagement 
diagnosis 
demography 
72 new agents 
8 dtreferralsatt8 smreferralsatt154 
disease_progression 
H-positive risk:  649 665 95 1110 415 114 1118 398 173 54 163 46 
H-negative risk:  665 649 1118 1110 398 415 114 95 163 173 46 54 
New BC onsets:  0
BC status:  4896 104 
BC subtype:  4896 90 14 

clinical_engagement 
diagnosis 
demography 
74 new agents 
9 dtreferralsatt9 smreferralsatt155 
disease_progression 
H-positive risk:  649 668 95 1097 415 117 1126 397 174 51 165 46 
H-negative risk:  668 649 1126 1097 397 415 117 95 165 174 46 51 
New BC onsets:  0
BC status:  4896 104 
BC subtype:  4896 90 14 

clinical_engagement 
diagnosis 
demography 
86 new agents 
4 dtreferralsatt4 smreferralsatt156 
disease_progression 
H-positive risk:  651 675 95 1093 413 112 1129 393 178 51 166 44 
H-negative risk:  675 651 1129 1093 393 413 112 95 166 178 44 51 
New BC onsets:  0
BC status:  4894 106 
BC subtype:  4894 90 16 

clinical_engagement 
diagnosis 
demography 
69 new agents 
10 dtreferralsatt10 smreferralsatt157 
disease_progression 
H-positive risk:  648 674 95 1100 419 111 1122 394 176 50 167 44 
H-negative risk:  674 648 1122 1100 394 419 111 95 167 176 44 50 
New BC onsets:  0
BC status:  4894 106 
BC subtype:  4894 89 17 

clinical_engagement 
diagnosis 
demography 
79 new agents 
11 dtreferralsatt11 smreferralsatt158 
disease_progression 
H-positive risk:  650 671 95 1094 418 108 1122 402 174 54 166 46 
H-negative risk:  671 650 1122 1094 402 418 108 95 166 174 46 54 
New BC onsets:  0
BC status:  4890 110 
BC subtype:  4890 90 20 

clinical_engagement 
diagnosis 
demography 
82 new agents 
12 dtreferralsatt12 smreferralsatt159 
disease_progression 
H-positive risk:  645 672 95 1099 416 108 1126 402 173 51 165 48 
H-negative risk:  672 645 1126 1099 402 416 108 95 165 173 48 51 
New BC onsets:  0
BC status:  4886 114 
BC subtype:  4886 94 20 

clinical_engagement 
diagnosis 
demography 
76 new agents 
13 dtreferralsatt13 smreferralsatt160 
disease_progression 
H-positive risk:  652 672 96 1108 416 106 1117 397 174 51 163 48 
H-negative risk:  672 652 1117 1108 397 416 106 96 163 174 48 51 
New BC onsets:  0
BC status:  4889 111 
BC subtype:  4889 91 20 

clinical_engagement 
diagnosis 
demography 
74 new agents 
15 dtreferralsatt15 smreferralsatt161 
disease_progression 
H-positive risk:  660 676 94 1105 409 105 1123 395 174 48 161 50 
H-negative risk:  676 660 1123 1105 395 409 105 94 161 174 50 48 
New BC onsets:  0
BC status:  4889 111 
BC subtype:  4889 89 22 

clinical_engagement 
diagnosis 
demography 
70 new agents 
8 dtreferralsatt8 smreferralsatt162 
disease_progression 
H-positive risk:  659 677 91 1104 410 104 1126 392 175 47 165 50 
H-negative risk:  677 659 1126 1104 392 410 104 91 165 175 50 47 
New BC onsets:  0
BC status:  4888 112 
BC subtype:  4888 88 24 

clinical_engagement 
diagnosis 
demography 
84 new agents 
9 dtreferralsatt9 smreferralsatt163 
disease_progression 
H-positive risk:  658 677 91 1095 417 104 1120 398 175 49 165 51 
H-negative risk:  677 658 1120 1095 398 417 104 91 165 175 51 49 
New BC onsets:  0
BC status:  4889 111 
BC subtype:  4889 88 23 

clinical_engagement 
diagnosis 
demography 
82 new agents 
7 dtreferralsatt7 smreferralsatt164 
disease_progression 
H-positive risk:  655 678 88 1093 412 104 1130 396 172 51 168 53 
H-negative risk:  678 655 1130 1093 396 412 104 88 168 172 53 51 
New BC onsets:  0
BC status:  4886 114 
BC subtype:  4886 88 26 

clinical_engagement 
diagnosis 
demography 
83 new agents 
10 dtreferralsatt10 smreferralsatt165 
disease_progression 
H-positive risk:  654 676 91 1102 411 106 1125 392 173 50 165 55 
H-negative risk:  676 654 1125 1102 392 411 106 91 165 173 55 50 
New BC onsets:  0
BC status:  4891 109 
BC subtype:  4891 86 23 

clinical_engagement 
diagnosis 
demography 
73 new agents 
11 dtreferralsatt11 smreferralsatt166 
disease_progression 
H-positive risk:  658 671 91 1102 415 107 1121 391 173 49 164 58 
H-negative risk:  671 658 1121 1102 391 415 107 91 164 173 58 49 
New BC onsets:  0
BC status:  4890 110 
BC subtype:  4890 86 24 

clinical_engagement 
diagnosis 
demography 
86 new agents 
8 dtreferralsatt8 smreferralsatt167 
disease_progression 
H-positive risk:  661 668 91 1096 410 106 1131 384 177 50 170 56 
H-negative risk:  668 661 1131 1096 384 410 106 91 170 177 56 50 
New BC onsets:  0
BC status:  4890 110 
BC subtype:  4890 87 23 

clinical_engagement 
diagnosis 
demography 
86 new agents 
15 dtreferralsatt15 smreferralsatt168 
disease_progression 
H-positive risk:  667 669 93 1100 407 104 1123 382 178 50 171 56 
H-negative risk:  669 667 1123 1100 382 407 104 93 171 178 56 50 
New BC onsets:  0
BC status:  4890 110 
BC subtype:  4890 87 23 

clinical_engagement 
diagnosis 
demography 
58 new agents 
8 dtreferralsatt8 smreferralsatt169 
disease_progression 
H-positive risk:  663 666 93 1094 413 104 1129 385 176 53 167 57 
H-negative risk:  666 663 1129 1094 385 413 104 93 167 176 57 53 
New BC onsets:  0
BC status:  4887 113 
BC subtype:  4887 90 23 

clinical_engagement 
diagnosis 
demography 
108 new agents 
13 dtreferralsatt13 smreferralsatt170 
disease_progression 
H-positive risk:  664 663 93 1080 412 104 1127 404 173 54 170 56 
H-negative risk:  663 664 1127 1080 404 412 104 93 170 173 56 54 
New BC onsets:  0
BC status:  4885 115 
BC subtype:  4885 90 25 

clinical_engagement 
diagnosis 
demography 
73 new agents 
6 dtreferralsatt6 smreferralsatt171 
disease_progression 
H-positive risk:  676 666 95 1076 416 102 1110 406 176 53 168 56 
H-negative risk:  666 676 1110 1076 406 416 102 95 168 176 56 53 
New BC onsets:  0
BC status:  4885 115 
BC subtype:  4885 90 25 

clinical_engagement 
diagnosis 
demography 
81 new agents 
6 dtreferralsatt6 smreferralsatt172 
disease_progression 
H-positive risk:  690 666 93 1062 420 104 1106 407 174 54 170 54 
H-negative risk:  666 690 1106 1062 407 420 104 93 170 174 54 54 
New BC onsets:  0
BC status:  4885 115 
BC subtype:  4885 89 26 

clinical_engagement 
diagnosis 
demography 
78 new agents 
6 dtreferralsatt6 smreferralsatt173 
disease_progression 
H-positive risk:  687 666 94 1059 420 102 1113 404 175 56 171 53 
H-negative risk:  666 687 1113 1059 404 420 102 94 171 175 53 56 
New BC onsets:  0
BC status:  4887 113 
BC subtype:  4887 88 25 

clinical_engagement 
diagnosis 
demography 
65 new agents 
16 dtreferralsatt16 smreferralsatt174 
disease_progression 
H-positive risk:  696 671 92 1049 418 102 1113 402 175 57 171 54 
H-negative risk:  671 696 1113 1049 402 418 102 92 171 175 54 57 
New BC onsets:  0
BC status:  4887 113 
BC subtype:  4887 88 25 

clinical_engagement 
diagnosis 
demography 
86 new agents 
11 dtreferralsatt11 smreferralsatt175 
disease_progression 
H-positive risk:  702 670 93 1051 406 103 1114 403 175 59 171 53 
H-negative risk:  670 702 1114 1051 403 406 103 93 171 175 53 59 
New BC onsets:  0
BC status:  4886 114 
BC subtype:  4886 89 25 

clinical_engagement 
diagnosis 
demography 
72 new agents 
9 dtreferralsatt9 smreferralsatt176 
disease_progression 
H-positive risk:  708 667 94 1051 404 102 1110 408 175 57 172 52 
H-negative risk:  667 708 1110 1051 408 404 102 94 172 175 52 57 
New BC onsets:  0
BC status:  4887 113 
BC subtype:  4887 88 25 

clinical_engagement 
diagnosis 
demography 
64 new agents 
16 dtreferralsatt16 smreferralsatt177 
disease_progression 
H-positive risk:  702 668 92 1052 399 104 1115 410 172 58 174 54 
H-negative risk:  668 702 1115 1052 410 399 104 92 174 172 54 58 
New BC onsets:  0
BC status:  4887 113 
BC subtype:  4887 88 25 

clinical_engagement 
diagnosis 
demography 
80 new agents 
5 dtreferralsatt5 smreferralsatt178 
disease_progression 
H-positive risk:  700 671 93 1050 405 103 1115 405 172 60 174 52 
H-negative risk:  671 700 1115 1050 405 405 103 93 174 172 52 60 
New BC onsets:  0
BC status:  4888 112 
BC subtype:  4888 87 25 

clinical_engagement 
diagnosis 
demography 
59 new agents 
10 dtreferralsatt10 smreferralsatt179 
disease_progression 
H-positive risk:  705 669 93 1044 406 102 1118 411 166 63 173 50 
H-negative risk:  669 705 1118 1044 411 406 102 93 173 166 50 63 
New BC onsets:  0
BC status:  4887 113 
BC subtype:  4887 88 25 

clinical_engagement 
diagnosis 
demography 
81 new agents 
11 dtreferralsatt11 smreferralsatt180 
disease_progression 
H-positive risk:  705 677 89 1045 404 98 1118 409 170 63 171 51 
H-negative risk:  677 705 1118 1045 409 404 98 89 171 170 51 63 
New BC onsets:  0
BC status:  4887 113 
BC subtype:  4887 89 24 

clinical_engagement 
diagnosis 
demography 
78 new agents 
15 dtreferralsatt15 smreferralsatt181 
disease_progression 
H-positive risk:  703 670 88 1050 405 100 1119 410 171 59 172 53 
H-negative risk:  670 703 1119 1050 410 405 100 88 172 171 53 59 
New BC onsets:  0
BC status:  4885 115 
BC subtype:  4885 89 26 

clinical_engagement 
diagnosis 
demography 
83 new agents 
16 dtreferralsatt16 smreferralsatt182 
disease_progression 
H-positive risk:  701 671 89 1043 416 96 1113 414 169 63 172 53 
H-negative risk:  671 701 1113 1043 414 416 96 89 172 169 53 63 
New BC onsets:  0
BC status:  4885 115 
BC subtype:  4885 89 26 

clinical_engagement 
diagnosis 
demography 
81 new agents 
16 dtreferralsatt16 smreferralsatt183 
disease_progression 
H-positive risk:  696 676 87 1034 421 96 1117 416 165 64 171 57 
H-negative risk:  676 696 1117 1034 416 421 96 87 171 165 57 64 
New BC onsets:  0
BC status:  4882 118 
BC subtype:  4882 88 30 

clinical_engagement 
diagnosis 
demography 
65 new agents 
12 dtreferralsatt12 smreferralsatt184 
disease_progression 
H-positive risk:  697 684 88 1035 412 94 1127 411 162 65 169 56 
H-negative risk:  684 697 1127 1035 411 412 94 88 169 162 56 65 
New BC onsets:  0
BC status:  4881 119 
BC subtype:  4881 89 30 

clinical_engagement 
diagnosis 
demography 
62 new agents 
6 dtreferralsatt6 smreferralsatt185 
disease_progression 
H-positive risk:  699 688 88 1032 409 93 1128 408 163 67 168 57 
H-negative risk:  688 699 1128 1032 408 409 93 88 168 163 57 67 
New BC onsets:  0
BC status:  4879 121 
BC subtype:  4879 90 31 

clinical_engagement 
diagnosis 
demography 
75 new agents 
13 dtreferralsatt13 smreferralsatt186 
disease_progression 
H-positive risk:  700 684 89 1036 419 93 1128 398 163 68 165 57 
H-negative risk:  684 700 1128 1036 398 419 93 89 165 163 57 68 
New BC onsets:  0
BC status:  4876 124 
BC subtype:  4876 91 33 

clinical_engagement 
diagnosis 
demography 
80 new agents 
10 dtreferralsatt10 smreferralsatt187 
disease_progression 
H-positive risk:  701 679 88 1032 427 93 1124 405 165 67 165 54 
H-negative risk:  679 701 1124 1032 405 427 93 88 165 165 54 67 
New BC onsets:  0
BC status:  4874 126 
BC subtype:  4874 93 33 

clinical_engagement 
diagnosis 
demography 
82 new agents 
12 dtreferralsatt12 smreferralsatt188 
disease_progression 
H-positive risk:  704 683 90 1021 436 92 1117 405 166 67 165 54 
H-negative risk:  683 704 1117 1021 405 436 92 90 165 166 54 67 
New BC onsets:  0
BC status:  4869 131 
BC subtype:  4869 99 32 

clinical_engagement 
diagnosis 
demography 
99 new agents 
9 dtreferralsatt9 smreferralsatt189 
disease_progression 
H-positive risk:  707 689 91 1020 432 90 1105 406 169 67 166 58 
H-negative risk:  689 707 1105 1020 406 432 90 91 166 169 58 67 
New BC onsets:  0
BC status:  4872 128 
BC subtype:  4872 96 32 

clinical_engagement 
diagnosis 
demography 
85 new agents 
4 dtreferralsatt4 smreferralsatt190 
disease_progression 
H-positive risk:  711 690 89 1027 431 91 1102 400 164 68 166 61 
H-negative risk:  690 711 1102 1027 400 431 91 89 166 164 61 68 
New BC onsets:  0
BC status:  4872 128 
BC subtype:  4872 96 32 

clinical_engagement 
diagnosis 
demography 
60 new agents 
6 dtreferralsatt6 smreferralsatt191 
disease_progression 
H-positive risk:  714 682 90 1034 428 94 1105 396 160 70 166 61 
H-negative risk:  682 714 1105 1034 396 428 94 90 166 160 61 70 
New BC onsets:  0
BC status:  4871 129 
BC subtype:  4871 97 32 

clinical_engagement 
diagnosis 
demography 
55 new agents 
9 dtreferralsatt9 smreferralsatt192 
disease_progression 
H-positive risk:  712 682 89 1034 427 96 1102 396 161 70 166 65 
H-negative risk:  682 712 1102 1034 396 427 96 89 166 161 65 70 
New BC onsets:  0
BC status:  4870 130 
BC subtype:  4870 97 33 

clinical_engagement 
diagnosis 
demography 
67 new agents 
9 dtreferralsatt9 smreferralsatt193 
disease_progression 
H-positive risk:  708 681 85 1042 421 95 1111 396 160 70 165 66 
H-negative risk:  681 708 1111 1042 396 421 95 85 165 160 66 70 
New BC onsets:  0
BC status:  4873 127 
BC subtype:  4873 96 31 

clinical_engagement 
diagnosis 
demography 
86 new agents 
15 dtreferralsatt15 smreferralsatt194 
disease_progression 
H-positive risk:  696 682 84 1041 428 99 1117 402 157 71 161 62 
H-negative risk:  682 696 1117 1041 402 428 99 84 161 157 62 71 
New BC onsets:  0
BC status:  4871 129 
BC subtype:  4871 97 32 

clinical_engagement 
diagnosis 
demography 
104 new agents 
11 dtreferralsatt11 smreferralsatt195 
disease_progression 
H-positive risk:  705 687 85 1028 427 101 1120 404 157 67 159 60 
H-negative risk:  687 705 1120 1028 404 427 101 85 159 157 60 67 
New BC onsets:  0
BC status:  4873 127 
BC subtype:  4873 96 31 

clinical_engagement 
diagnosis 
demography 
67 new agents 
11 dtreferralsatt11 smreferralsatt196 
disease_progression 
H-positive risk:  707 677 83 1035 433 100 1116 402 155 68 165 59 
H-negative risk:  677 707 1116 1035 402 433 100 83 165 155 59 68 
New BC onsets:  0
BC status:  4874 126 
BC subtype:  4874 96 30 

clinical_engagement 
diagnosis 
demography 
80 new agents 
14 dtreferralsatt14 smreferralsatt197 
disease_progression 
H-positive risk:  709 674 82 1033 435 95 1121 398 156 69 167 61 
H-negative risk:  674 709 1121 1033 398 435 95 82 167 156 61 69 
New BC onsets:  0
BC status:  4878 122 
BC subtype:  4878 91 31 

clinical_engagement 
diagnosis 
demography 
52 new agents 
13 dtreferralsatt13 smreferralsatt198 
disease_progression 
H-positive risk:  702 673 82 1037 436 93 1117 410 153 67 167 63 
H-negative risk:  673 702 1117 1037 410 436 93 82 167 153 63 67 
New BC onsets:  0
BC status:  4878 122 
BC subtype:  4878 90 32 

clinical_engagement 
diagnosis 
demography 
69 new agents 
13 dtreferralsatt13 smreferralsatt199 
disease_progression 
H-positive risk:  708 677 84 1032 432 91 1118 405 154 70 167 62 
H-negative risk:  677 708 1118 1032 405 432 91 84 167 154 62 70 
New BC onsets:  0
BC status:  4879 121 
BC subtype:  4879 89 32 

clinical_engagement 
diagnosis 
demography 
93 new agents 
6 dtreferralsatt6 smreferralsatt200 
disease_progression 
H-positive risk:  708 685 85 1035 422 93 1118 402 153 67 167 65 
H-negative risk:  685 708 1118 1035 402 422 93 85 167 153 65 67 
New BC onsets:  0
BC status:  4880 120 
BC subtype:  4880 89 31 

clinical_engagement 
diagnosis 
demography 
82 new agents 
13 dtreferralsatt13 smreferralsatt201 
disease_progression 
H-positive risk:  704 686 84 1041 421 96 1126 395 153 62 169 63 
H-negative risk:  686 704 1126 1041 395 421 96 84 169 153 63 62 
New BC onsets:  0
BC status:  4880 120 
BC subtype:  4880 91 29 

clinical_engagement 
diagnosis 
demography 
101 new agents 
11 dtreferralsatt11 smreferralsatt202 
disease_progression 
H-positive risk:  710 685 90 1038 418 97 1128 392 147 62 170 63 
H-negative risk:  685 710 1128 1038 392 418 97 90 170 147 63 62 
New BC onsets:  0
BC status:  4882 118 
BC subtype:  4882 89 29 

clinical_engagement 
diagnosis 
demography 
80 new agents 
15 dtreferralsatt15 smreferralsatt203 
disease_progression 
H-positive risk:  709 682 92 1038 419 99 1131 383 147 63 170 67 
H-negative risk:  682 709 1131 1038 383 419 99 92 170 147 67 63 
New BC onsets:  0
BC status:  4884 116 
BC subtype:  4884 88 28 

clinical_engagement 
diagnosis 
demography 
80 new agents 
11 dtreferralsatt11 smreferralsatt204 
disease_progression 
H-positive risk:  705 677 93 1043 426 98 1127 384 142 61 178 66 
H-negative risk:  677 705 1127 1043 384 426 98 93 178 142 66 61 
New BC onsets:  0
BC status:  4885 115 
BC subtype:  4885 86 29 

clinical_engagement 
diagnosis 
demography 
85 new agents 
8 dtreferralsatt8 smreferralsatt205 
disease_progression 
H-positive risk:  710 673 95 1037 425 97 1131 388 143 59 179 63 
H-negative risk:  673 710 1131 1037 388 425 97 95 179 143 63 59 
New BC onsets:  0
BC status:  4884 116 
BC subtype:  4884 85 31 

clinical_engagement 
diagnosis 
demography 
111 new agents 
12 dtreferralsatt12 smreferralsatt206 
disease_progression 
H-positive risk:  713 672 96 1035 427 101 1112 394 141 59 184 66 
H-negative risk:  672 713 1112 1035 394 427 101 96 184 141 66 59 
New BC onsets:  0
BC status:  4889 111 
BC subtype:  4889 81 30 

clinical_engagement 
diagnosis 
demography 
75 new agents 
6 dtreferralsatt6 smreferralsatt207 
disease_progression 
H-positive risk:  733 666 97 1036 421 99 1108 394 142 58 182 64 
H-negative risk:  666 733 1108 1036 394 421 99 97 182 142 64 58 
New BC onsets:  0
BC status:  4887 113 
BC subtype:  4887 83 30 

clinical_engagement 
diagnosis 
demography 
86 new agents 
12 dtreferralsatt12 smreferralsatt208 
disease_progression 
H-positive risk:  737 662 97 1033 421 98 1108 399 141 59 184 61 
H-negative risk:  662 737 1108 1033 399 421 98 97 184 141 61 59 
New BC onsets:  0
BC status:  4886 114 
BC subtype:  4886 84 30 

clinical_engagement 
diagnosis 
demography 
68 new agents 
17 dtreferralsatt17 smreferralsatt209 
disease_progression 
H-positive risk:  730 658 97 1042 415 96 1111 404 142 59 185 61 
H-negative risk:  658 730 1111 1042 404 415 96 97 185 142 61 59 
New BC onsets:  0
BC status:  4886 114 
BC subtype:  4886 86 28 

clinical_engagement 
diagnosis 
demography 
66 new agents 
7 dtreferralsatt7 smreferralsatt210 
disease_progression 
H-positive risk:  726 660 96 1046 415 97 1117 395 144 58 183 63 
H-negative risk:  660 726 1117 1046 395 415 97 96 183 144 63 58 
New BC onsets:  0
BC status:  4885 115 
BC subtype:  4885 86 29 

clinical_engagement 
diagnosis 
demography 
74 new agents 
19 dtreferralsatt19 smreferralsatt211 
disease_progression 
H-positive risk:  724 661 99 1045 414 95 1116 398 147 58 178 65 
H-negative risk:  661 724 1116 1045 398 414 95 99 178 147 65 58 
New BC onsets:  0
BC status:  4886 114 
BC subtype:  4886 85 29 

clinical_engagement 
diagnosis 
demography 
72 new agents 
11 dtreferralsatt11 smreferralsatt212 
disease_progression 
H-positive risk:  719 667 95 1046 411 95 1119 400 146 57 179 66 
H-negative risk:  667 719 1119 1046 400 411 95 95 179 146 66 57 
New BC onsets:  0
BC status:  4886 114 
BC subtype:  4886 87 27 

clinical_engagement 
diagnosis 
demography 
63 new agents 
7 dtreferralsatt7 smreferralsatt213 
disease_progression 
H-positive risk:  717 666 95 1040 416 95 1120 405 145 56 180 65 
H-negative risk:  666 717 1120 1040 405 416 95 95 180 145 65 56 
New BC onsets:  0
BC status:  4887 113 
BC subtype:  4887 86 27 

clinical_engagement 
diagnosis 
demography 
72 new agents 
12 dtreferralsatt12 smreferralsatt214 
disease_progression 
H-positive risk:  715 670 95 1031 419 93 1121 410 143 58 179 66 
H-negative risk:  670 715 1121 1031 410 419 93 95 179 143 66 58 
New BC onsets:  0
BC status:  4885 115 
BC subtype:  4885 88 27 

clinical_engagement 
diagnosis 
demography 
70 new agents 
9 dtreferralsatt9 smreferralsatt215 
disease_progression 
H-positive risk:  716 676 97 1017 421 91 1120 413 148 58 175 68 
H-negative risk:  676 716 1120 1017 413 421 91 97 175 148 68 58 
New BC onsets:  0
BC status:  4888 112 
BC subtype:  4888 85 27 

clinical_engagement 
diagnosis 
demography 
70 new agents 
12 dtreferralsatt12 smreferralsatt216 
disease_progression 
H-positive risk:  720 673 97 1022 417 92 1122 414 148 56 171 68 
H-negative risk:  673 720 1122 1022 414 417 92 97 171 148 68 56 
New BC onsets:  0
BC status:  4888 112 
BC subtype:  4888 86 26 

clinical_engagement 
diagnosis 
demography 
59 new agents 
8 dtreferralsatt8 smreferralsatt217 
disease_progression 
H-positive risk:  716 673 96 1016 427 93 1116 420 148 55 170 70 
H-negative risk:  673 716 1116 1016 420 427 93 96 170 148 70 55 
New BC onsets:  0
BC status:  4888 112 
BC subtype:  4888 86 26 

clinical_engagement 
diagnosis 
demography 
86 new agents 
8 dtreferralsatt8 smreferralsatt218 
disease_progression 
H-positive risk:  718 675 96 1023 415 98 1113 422 144 56 171 69 
H-negative risk:  675 718 1113 1023 422 415 98 96 171 144 69 56 
New BC onsets:  0
BC status:  4890 110 
BC subtype:  4890 84 26 

clinical_engagement 
diagnosis 
demography 
79 new agents 
11 dtreferralsatt11 smreferralsatt219 
disease_progression 
H-positive risk:  724 674 98 1020 411 98 1126 410 143 57 170 69 
H-negative risk:  674 724 1126 1020 410 411 98 98 170 143 69 57 
New BC onsets:  0
BC status:  4888 112 
BC subtype:  4888 87 25 

clinical_engagement 
diagnosis 
demography 
74 new agents 
15 dtreferralsatt15 smreferralsatt220 
disease_progression 
H-positive risk:  722 675 96 1019 408 100 1124 417 142 57 170 70 
H-negative risk:  675 722 1124 1019 417 408 100 96 170 142 70 57 
New BC onsets:  0
BC status:  4889 111 
BC subtype:  4889 88 23 

clinical_engagement 
diagnosis 
demography 
68 new agents 
11 dtreferralsatt11 smreferralsatt221 
disease_progression 
H-positive risk:  725 678 95 1014 412 102 1120 425 138 54 164 73 
H-negative risk:  678 725 1120 1014 425 412 102 95 164 138 73 54 
New BC onsets:  0
BC status:  4888 112 
BC subtype:  4888 87 25 

clinical_engagement 
diagnosis 
demography 
79 new agents 
4 dtreferralsatt4 smreferralsatt222 
disease_progression 
H-positive risk:  719 688 92 1010 407 102 1125 424 138 54 164 77 
H-negative risk:  688 719 1125 1010 424 407 102 92 164 138 77 54 
New BC onsets:  0
BC status:  4889 111 
BC subtype:  4889 87 24 

clinical_engagement 
diagnosis 
demography 
75 new agents 
14 dtreferralsatt14 smreferralsatt223 
disease_progression 
H-positive risk:  724 684 92 1014 405 102 1124 421 138 56 166 74 
H-negative risk:  684 724 1124 1014 421 405 102 92 166 138 74 56 
New BC onsets:  0
BC status:  4884 116 
BC subtype:  4884 89 27 

clinical_engagement 
diagnosis 
demography 
62 new agents 
6 dtreferralsatt6 smreferralsatt224 
disease_progression 
H-positive risk:  723 685 94 1021 399 102 1117 423 143 55 166 72 
H-negative risk:  685 723 1117 1021 423 399 102 94 166 143 72 55 
New BC onsets:  0
BC status:  4883 117 
BC subtype:  4883 90 27 

clinical_engagement 
diagnosis 
demography 
66 new agents 
6 dtreferralsatt6 smreferralsatt225 
disease_progression 
H-positive risk:  722 680 94 1029 400 103 1122 423 140 55 163 69 
H-negative risk:  680 722 1122 1029 423 400 103 94 163 140 69 55 
New BC onsets:  0
BC status:  4884 116 
BC subtype:  4884 90 26 

clinical_engagement 
diagnosis 
demography 
84 new agents 
10 dtreferralsatt10 smreferralsatt226 
disease_progression 
H-positive risk:  719 681 98 1029 397 106 1115 427 141 58 161 68 
H-negative risk:  681 719 1115 1029 427 397 106 98 161 141 68 58 
New BC onsets:  0
BC status:  4886 114 
BC subtype:  4886 88 26 

clinical_engagement 
diagnosis 
demography 
81 new agents 
9 dtreferralsatt9 smreferralsatt227 
disease_progression 
H-positive risk:  721 680 102 1031 387 103 1117 425 144 60 163 67 
H-negative risk:  680 721 1117 1031 425 387 103 102 163 144 67 60 
New BC onsets:  0
BC status:  4884 116 
BC subtype:  4884 88 28 

clinical_engagement 
diagnosis 
demography 
75 new agents 
10 dtreferralsatt10 smreferralsatt228 
disease_progression 
H-positive risk:  723 678 101 1022 391 104 1117 428 138 67 165 66 
H-negative risk:  678 723 1117 1022 428 391 104 101 165 138 66 67 
New BC onsets:  0
BC status:  4886 114 
BC subtype:  4886 84 30 

clinical_engagement 
diagnosis 
demography 
72 new agents 
13 dtreferralsatt13 smreferralsatt229 
disease_progression 
H-positive risk:  724 670 102 1016 397 104 1117 433 140 67 162 68 
H-negative risk:  670 724 1117 1016 433 397 104 102 162 140 68 67 
New BC onsets:  0
BC status:  4882 118 
BC subtype:  4882 87 31 

clinical_engagement 
diagnosis 
demography 
89 new agents 
8 dtreferralsatt8 smreferralsatt230 
disease_progression 
H-positive risk:  725 665 103 1023 397 103 1110 437 139 69 160 69 
H-negative risk:  665 725 1110 1023 437 397 103 103 160 139 69 69 
New BC onsets:  0
BC status:  4881 119 
BC subtype:  4881 87 32 

clinical_engagement 
diagnosis 
demography 
85 new agents 
8 dtreferralsatt8 smreferralsatt231 
disease_progression 
H-positive risk:  717 668 103 1025 390 103 1122 432 141 69 163 67 
H-negative risk:  668 717 1122 1025 432 390 103 103 163 141 67 69 
New BC onsets:  0
BC status:  4880 120 
BC subtype:  4880 89 31 

clinical_engagement 
diagnosis 
demography 
66 new agents 
10 dtreferralsatt10 smreferralsatt232 
disease_progression 
H-positive risk:  710 667 103 1034 386 102 1118 437 144 69 163 67 
H-negative risk:  667 710 1118 1034 437 386 102 103 163 144 67 69 
New BC onsets:  0
BC status:  4885 115 
BC subtype:  4885 84 31 

clinical_engagement 
diagnosis 
demography 
65 new agents 
9 dtreferralsatt9 smreferralsatt233 
disease_progression 
H-positive risk:  712 658 102 1041 387 101 1121 437 142 68 164 67 
H-negative risk:  658 712 1121 1041 437 387 101 102 164 142 67 68 
New BC onsets:  0
BC status:  4885 115 
BC subtype:  4885 84 31 

clinical_engagement 
diagnosis 
demography 
71 new agents 
15 dtreferralsatt15 smreferralsatt234 
disease_progression 
H-positive risk:  711 657 105 1045 390 100 1114 443 140 65 166 64 
H-negative risk:  657 711 1114 1045 443 390 100 105 166 140 64 65 
New BC onsets:  0
BC status:  4884 116 
BC subtype:  4884 84 32 

clinical_engagement 
diagnosis 
demography 
58 new agents 
12 dtreferralsatt12 smreferralsatt235 
disease_progression 
H-positive risk:  713 662 104 1050 389 99 1114 440 142 61 163 63 
H-negative risk:  662 713 1114 1050 440 389 99 104 163 142 63 61 
New BC onsets:  0
BC status:  4887 113 
BC subtype:  4887 82 31 

clinical_engagement 
diagnosis 
demography 
79 new agents 
13 dtreferralsatt13 smreferralsatt236 
disease_progression 
H-positive risk:  714 656 104 1051 392 99 1112 440 145 59 162 66 
H-negative risk:  656 714 1112 1051 440 392 99 104 162 145 66 59 
New BC onsets:  0
BC status:  4888 112 
BC subtype:  4888 78 34 

clinical_engagement 
diagnosis 
demography 
89 new agents 
12 dtreferralsatt12 smreferralsatt237 
disease_progression 
H-positive risk:  721 653 107 1050 390 96 1108 439 148 59 167 62 
H-negative risk:  653 721 1108 1050 439 390 96 107 167 148 62 59 
New BC onsets:  0
BC status:  4890 110 
BC subtype:  4890 76 34 

clinical_engagement 
diagnosis 
demography 
92 new agents 
10 dtreferralsatt10 smreferralsatt238 
disease_progression 
H-positive risk:  720 652 110 1051 400 94 1113 431 148 57 166 58 
H-negative risk:  652 720 1113 1051 431 400 94 110 166 148 58 57 
New BC onsets:  0
BC status:  4892 108 
BC subtype:  4892 74 34 

clinical_engagement 
diagnosis 
demography 
72 new agents 
5 dtreferralsatt5 smreferralsatt239 
disease_progression 
H-positive risk:  719 652 111 1057 399 93 1112 428 149 54 165 61 
H-negative risk:  652 719 1112 1057 428 399 93 111 165 149 61 54 
New BC onsets:  0
BC status:  4893 107 
BC subtype:  4893 73 34 

clinical_engagement 
diagnosis 
demography 
61 new agents 
16 dtreferralsatt16 smreferralsatt240 
disease_progression 
H-positive risk:  727 657 111 1053 400 93 1101 431 149 52 167 59 
H-negative risk:  657 727 1101 1053 431 400 93 111 167 149 59 52 
New BC onsets:  0
BC status:  4894 106 
BC subtype:  4894 73 33 

clinical_engagement 
diagnosis 
demography 
69 new agents 
17 dtreferralsatt17 smreferralsatt241 
disease_progression 
H-positive risk:  724 661 112 1042 412 95 1095 434 149 55 162 59 
H-negative risk:  661 724 1095 1042 434 412 95 112 162 149 59 55 
New BC onsets:  0
BC status:  4897 103 
BC subtype:  4897 73 30 

clinical_engagement 
diagnosis 
demography 
62 new agents 
8 dtreferralsatt8 smreferralsatt242 
disease_progression 
H-positive risk:  726 664 112 1040 411 95 1088 434 150 57 163 60 
H-negative risk:  664 726 1088 1040 434 411 95 112 163 150 60 57 
New BC onsets:  0
BC status:  4899 101 
BC subtype:  4899 71 30 

clinical_engagement 
diagnosis 
demography 
85 new agents 
9 dtreferralsatt9 smreferralsatt243 
disease_progression 
H-positive risk:  724 666 115 1047 405 96 1086 433 149 59 159 61 
H-negative risk:  666 724 1086 1047 433 405 96 115 159 149 61 59 
New BC onsets:  0
BC status:  4899 101 
BC subtype:  4899 70 31 

clinical_engagement 
diagnosis 
demography 
87 new agents 
12 dtreferralsatt12 smreferralsatt244 
disease_progression 
H-positive risk:  726 669 118 1050 402 99 1079 432 147 59 159 60 
H-negative risk:  669 726 1079 1050 432 402 99 118 159 147 60 59 
New BC onsets:  0
BC status:  4899 101 
BC subtype:  4899 69 32 

clinical_engagement 
diagnosis 
demography 
69 new agents 
9 dtreferralsatt9 smreferralsatt245 
disease_progression 
H-positive risk:  723 667 119 1050 402 96 1085 434 148 56 160 60 
H-negative risk:  667 723 1085 1050 434 402 96 119 160 148 60 56 
New BC onsets:  0
BC status:  4899 101 
BC subtype:  4899 68 33 

clinical_engagement 
diagnosis 
demography 
72 new agents 
14 dtreferralsatt14 smreferralsatt246 
disease_progression 
H-positive risk:  718 665 119 1052 394 95 1090 442 147 57 159 62 
H-negative risk:  665 718 1090 1052 442 394 95 119 159 147 62 57 
New BC onsets:  0
BC status:  4898 102 
BC subtype:  4898 69 33 

clinical_engagement 
diagnosis 
demography 
74 new agents 
11 dtreferralsatt11 smreferralsatt247 
disease_progression 
H-positive risk:  712 669 122 1055 392 97 1089 446 147 54 154 63 
H-negative risk:  669 712 1089 1055 446 392 97 122 154 147 63 54 
New BC onsets:  0
BC status:  4898 102 
BC subtype:  4898 69 33 

clinical_engagement 
diagnosis 
demography 
91 new agents 
8 dtreferralsatt8 smreferralsatt248 
disease_progression 
H-positive risk:  717 669 122 1065 382 98 1091 441 145 52 154 64 
H-negative risk:  669 717 1091 1065 441 382 98 122 154 145 64 52 
New BC onsets:  0
BC status:  4898 102 
BC subtype:  4898 67 35 

clinical_engagement 
diagnosis 
demography 
96 new agents 
6 dtreferralsatt6 smreferralsatt249 
disease_progression 
H-positive risk:  711 660 122 1063 389 96 1104 441 146 51 153 64 
H-negative risk:  660 711 1104 1063 441 389 96 122 153 146 64 51 
New BC onsets:  0
BC status:  4901 99 
BC subtype:  4901 64 35 

clinical_engagement 
diagnosis 
demography 
73 new agents 
10 dtreferralsatt10 smreferralsatt250 
disease_progression 
H-positive risk:  703 653 118 1065 389 101 1111 444 144 52 153 67 
H-negative risk:  653 703 1111 1065 444 389 101 118 153 144 67 52 
New BC onsets:  0
BC status:  4899 101 
BC subtype:  4899 64 37 

clinical_engagement 
diagnosis 
demography 
71 new agents 
10 dtreferralsatt10 smreferralsatt251 
disease_progression 
H-positive risk:  715 645 118 1058 394 103 1107 444 142 53 155 66 
H-negative risk:  645 715 1107 1058 444 394 103 118 155 142 66 53 
New BC onsets:  0
BC status:  4902 98 
BC subtype:  4902 61 37 

clinical_engagement 
diagnosis 
demography 
75 new agents 
9 dtreferralsatt9 smreferralsatt252 
disease_progression 
H-positive risk:  716 643 117 1062 395 103 1108 446 139 53 150 68 
H-negative risk:  643 716 1108 1062 446 395 103 117 150 139 68 53 
New BC onsets:  0
BC status:  4898 102 
BC subtype:  4898 63 39 

clinical_engagement 
diagnosis 
demography 
61 new agents 
11 dtreferralsatt11 smreferralsatt253 
disease_progression 
H-positive risk:  705 637 116 1065 401 102 1114 446 138 55 153 68 
H-negative risk:  637 705 1114 1065 446 401 102 116 153 138 68 55 
New BC onsets:  0
BC status:  4898 102 
BC subtype:  4898 63 39 

clinical_engagement 
diagnosis 
demography 
80 new agents 
6 dtreferralsatt6 smreferralsatt254 
disease_progression 
H-positive risk:  701 630 117 1070 406 105 1117 445 138 53 152 66 
H-negative risk:  630 701 1117 1070 445 406 105 117 152 138 66 53 
New BC onsets:  0
BC status:  4900 100 
BC subtype:  4900 63 37 

clinical_engagement 
diagnosis 
demography 
82 new agents 
14 dtreferralsatt14 smreferralsatt255 
disease_progression 
H-positive risk:  699 620 120 1084 403 105 1127 443 133 47 150 69 
H-negative risk:  620 699 1127 1084 443 403 105 120 150 133 69 47 
New BC onsets:  0
BC status:  4900 100 
BC subtype:  4900 63 37 

clinical_engagement 
diagnosis 
demography 
90 new agents 
6 dtreferralsatt6 smreferralsatt256 
disease_progression 
H-positive risk:  701 626 122 1090 403 104 1124 440 129 44 150 67 
H-negative risk:  626 701 1124 1090 440 403 104 122 150 129 67 44 
New BC onsets:  0
BC status:  4905 95 
BC subtype:  4905 61 34 

clinical_engagement 
diagnosis 
demography 
64 new agents 
12 dtreferralsatt12 smreferralsatt257 
disease_progression 
H-positive risk:  697 623 121 1088 403 103 1128 443 131 46 150 67 
H-negative risk:  623 697 1128 1088 443 403 103 121 150 131 67 46 
New BC onsets:  0
BC status:  4901 99 
BC subtype:  4901 64 35 

clinical_engagement 
diagnosis 
demography 
86 new agents 
10 dtreferralsatt10 smreferralsatt258 
disease_progression 
H-positive risk:  703 620 120 1100 408 104 1115 435 132 45 151 67 
H-negative risk:  620 703 1115 1100 435 408 104 120 151 132 67 45 
New BC onsets:  0
BC status:  4900 100 
BC subtype:  4900 65 35 

clinical_engagement 
diagnosis 
demography 
65 new agents 
5 dtreferralsatt5 smreferralsatt259 
disease_progression 
H-positive risk:  707 615 119 1103 414 103 1113 431 134 44 150 67 
H-negative risk:  615 707 1113 1103 431 414 103 119 150 134 67 44 
New BC onsets:  0
BC status:  4900 100 
BC subtype:  4900 64 36 

clinical_engagement 
diagnosis 
demography 
76 new agents 
10 dtreferralsatt10 smreferralsatt260 
disease_progression 
H-positive risk:  703 617 121 1100 415 103 1108 437 135 47 147 67 
H-negative risk:  617 703 1108 1100 437 415 103 121 147 135 67 47 
New BC onsets:  0
BC status:  4902 98 
BC subtype:  4902 63 35 

clinical_engagement 
diagnosis 
demography 
75 new agents 
6 dtreferralsatt6 smreferralsatt261 
disease_progression 
H-positive risk:  703 621 123 1099 414 104 1103 437 132 51 145 68 
H-negative risk:  621 703 1103 1099 437 414 104 123 145 132 68 51 
New BC onsets:  0
BC status:  4905 95 
BC subtype:  4905 62 33 

clinical_engagement 
diagnosis 
demography 
65 new agents 
8 dtreferralsatt8 smreferralsatt262 
disease_progression 
H-positive risk:  692 622 124 1101 418 104 1103 442 130 49 146 69 
H-negative risk:  622 692 1103 1101 442 418 104 124 146 130 69 49 
New BC onsets:  0
BC status:  4904 96 
BC subtype:  4904 62 34 

clinical_engagement 
diagnosis 
demography 
73 new agents 
12 dtreferralsatt12 smreferralsatt263 
disease_progression 
H-positive risk:  700 625 124 1093 419 103 1098 443 131 47 150 67 
H-negative risk:  625 700 1098 1093 443 419 103 124 150 131 67 47 
New BC onsets:  0
BC status:  4903 97 
BC subtype:  4903 63 34 

clinical_engagement 
diagnosis 
demography 
66 new agents 
13 dtreferralsatt13 smreferralsatt264 
disease_progression 
H-positive risk:  694 624 123 1088 426 102 1103 438 137 45 152 68 
H-negative risk:  624 694 1103 1088 438 426 102 123 152 137 68 45 
New BC onsets:  0
BC status:  4905 95 
BC subtype:  4905 61 34 

clinical_engagement 
diagnosis 
demography 
73 new agents 
13 dtreferralsatt13 smreferralsatt265 
disease_progression 
H-positive risk:  691 624 121 1082 426 99 1111 440 139 47 154 66 
H-negative risk:  624 691 1111 1082 440 426 99 121 154 139 66 47 
New BC onsets:  0
BC status:  4907 93 
BC subtype:  4907 61 32 

clinical_engagement 
diagnosis 
demography 
75 new agents 
10 dtreferralsatt10 smreferralsatt266 
disease_progression 
H-positive risk:  692 621 117 1087 423 100 1108 443 139 46 156 68 
H-negative risk:  621 692 1108 1087 443 423 100 117 156 139 68 46 
New BC onsets:  0
BC status:  4907 93 
BC subtype:  4907 61 32 

clinical_engagement 
diagnosis 
demography 
72 new agents 
10 dtreferralsatt10 smreferralsatt267 
disease_progression 
H-positive risk:  689 617 115 1082 433 100 1109 441 143 47 157 67 
H-negative risk:  617 689 1109 1082 441 433 100 115 157 143 67 47 
New BC onsets:  0
BC status:  4903 97 
BC subtype:  4903 64 33 

clinical_engagement 
diagnosis 
demography 
77 new agents 
18 dtreferralsatt18 smreferralsatt268 
disease_progression 
H-positive risk:  695 620 114 1081 437 100 1096 443 144 45 157 68 
H-negative risk:  620 695 1096 1081 443 437 100 114 157 144 68 45 
New BC onsets:  0
BC status:  4901 99 
BC subtype:  4901 66 33 

clinical_engagement 
diagnosis 
demography 
87 new agents 
9 dtreferralsatt9 smreferralsatt269 
disease_progression 
H-positive risk:  693 626 112 1072 436 98 1098 450 149 45 157 64 
H-negative risk:  626 693 1098 1072 450 436 98 112 157 149 64 45 
New BC onsets:  0
BC status:  4900 100 
BC subtype:  4900 67 33 

clinical_engagement 
diagnosis 
demography 
54 new agents 
4 dtreferralsatt4 smreferralsatt270 
disease_progression 
H-positive risk:  685 623 112 1077 441 99 1098 445 149 48 159 64 
H-negative risk:  623 685 1098 1077 445 441 99 112 159 149 64 48 
New BC onsets:  0
BC status:  4901 99 
BC subtype:  4901 68 31 

clinical_engagement 
diagnosis 
demography 
83 new agents 
15 dtreferralsatt15 smreferralsatt271 
disease_progression 
H-positive risk:  676 629 114 1077 439 98 1105 443 149 49 157 64 
H-negative risk:  629 676 1105 1077 443 439 98 114 157 149 64 49 
New BC onsets:  0
BC status:  4902 98 
BC subtype:  4902 67 31 

clinical_engagement 
diagnosis 
demography 
75 new agents 
11 dtreferralsatt11 smreferralsatt272 
disease_progression 
H-positive risk:  685 632 111 1073 440 100 1098 440 144 55 156 66 
H-negative risk:  632 685 1098 1073 440 440 100 111 156 144 66 55 
New BC onsets:  0
BC status:  4900 100 
BC subtype:  4900 69 31 

clinical_engagement 
diagnosis 
demography 
93 new agents 
10 dtreferralsatt10 smreferralsatt273 
disease_progression 
H-positive risk:  690 635 113 1070 441 97 1098 442 144 48 158 64 
H-negative risk:  635 690 1098 1070 442 441 97 113 158 144 64 48 
New BC onsets:  0
BC status:  4899 101 
BC subtype:  4899 68 33 

clinical_engagement 
diagnosis 
demography 
74 new agents 
10 dtreferralsatt10 smreferralsatt274 
disease_progression 
H-positive risk:  693 631 114 1070 444 93 1093 448 147 45 159 63 
H-negative risk:  631 693 1093 1070 448 444 93 114 159 147 63 45 
New BC onsets:  0
BC status:  4897 103 
BC subtype:  4897 70 33 

clinical_engagement 
diagnosis 
demography 
79 new agents 
9 dtreferralsatt9 smreferralsatt275 
disease_progression 
H-positive risk:  695 637 113 1069 435 93 1093 449 149 44 158 65 
H-negative risk:  637 695 1093 1069 449 435 93 113 158 149 65 44 
New BC onsets:  0
BC status:  4898 102 
BC subtype:  4898 69 33 

clinical_engagement 
diagnosis 
demography 
72 new agents 
17 dtreferralsatt17 smreferralsatt276 
disease_progression 
H-positive risk:  685 639 113 1064 429 92 1104 456 148 45 156 69 
H-negative risk:  639 685 1104 1064 456 429 92 113 156 148 69 45 
New BC onsets:  0
BC status:  4898 102 
BC subtype:  4898 69 33 

clinical_engagement 
diagnosis 
demography 
68 new agents 
7 dtreferralsatt7 smreferralsatt277 
disease_progression 
H-positive risk:  684 639 114 1067 424 92 1102 460 146 49 154 69 
H-negative risk:  639 684 1102 1067 460 424 92 114 154 146 69 49 
New BC onsets:  0
BC status:  4899 101 
BC subtype:  4899 69 32 

clinical_engagement 
diagnosis 
demography 
83 new agents 
10 dtreferralsatt10 smreferralsatt278 
disease_progression 
H-positive risk:  676 643 116 1060 430 91 1104 459 145 49 155 72 
H-negative risk:  643 676 1104 1060 459 430 91 116 155 145 72 49 
New BC onsets:  0
BC status:  4899 101 
BC subtype:  4899 68 33 

clinical_engagement 
diagnosis 
demography 
92 new agents 
8 dtreferralsatt8 smreferralsatt279 
disease_progression 
H-positive risk:  671 648 120 1056 427 90 1108 460 145 48 153 74 
H-negative risk:  648 671 1108 1056 460 427 90 120 153 145 74 48 
New BC onsets:  0
BC status:  4903 97 
BC subtype:  4903 65 32 

clinical_engagement 
diagnosis 
demography 
74 new agents 
7 dtreferralsatt7 smreferralsatt280 
disease_progression 
H-positive risk:  660 644 122 1061 427 88 1110 465 146 50 155 72 
H-negative risk:  644 660 1110 1061 465 427 88 122 155 146 72 50 
New BC onsets:  0
BC status:  4901 99 
BC subtype:  4901 67 32 

clinical_engagement 
diagnosis 
demography 
89 new agents 
11 dtreferralsatt11 smreferralsatt281 
disease_progression 
H-positive risk:  671 647 123 1056 422 87 1111 462 145 51 154 71 
H-negative risk:  647 671 1111 1056 462 422 87 123 154 145 71 51 
New BC onsets:  0
BC status:  4902 98 
BC subtype:  4902 67 31 

clinical_engagement 
diagnosis 
demography 
85 new agents 
10 dtreferralsatt10 smreferralsatt282 
disease_progression 
H-positive risk:  677 645 118 1063 413 88 1117 459 141 52 154 73 
H-negative risk:  645 677 1117 1063 459 413 88 118 154 141 73 52 
New BC onsets:  0
BC status:  4900 100 
BC subtype:  4900 69 31 

clinical_engagement 
diagnosis 
demography 
85 new agents 
6 dtreferralsatt6 smreferralsatt283 
disease_progression 
H-positive risk:  673 647 123 1064 406 90 1122 454 143 50 156 72 
H-negative risk:  647 673 1122 1064 454 406 90 123 156 143 72 50 
New BC onsets:  0
BC status:  4899 101 
BC subtype:  4899 72 29 

clinical_engagement 
diagnosis 
demography 
84 new agents 
12 dtreferralsatt12 smreferralsatt284 
disease_progression 
H-positive risk:  674 649 122 1059 404 93 1130 454 143 48 155 69 
H-negative risk:  649 674 1130 1059 454 404 93 122 155 143 69 48 
New BC onsets:  0
BC status:  4895 105 
BC subtype:  4895 77 28 

clinical_engagement 
diagnosis 
demography 
79 new agents 
6 dtreferralsatt6 smreferralsatt285 
disease_progression 
H-positive risk:  672 641 121 1068 403 93 1130 452 144 51 155 70 
H-negative risk:  641 672 1130 1068 452 403 93 121 155 144 70 51 
New BC onsets:  0
BC status:  4900 100 
BC subtype:  4900 74 26 

clinical_engagement 
diagnosis 
demography 
78 new agents 
9 dtreferralsatt9 smreferralsatt286 
disease_progression 
H-positive risk:  675 646 120 1062 405 94 1126 449 146 50 153 74 
H-negative risk:  646 675 1126 1062 449 405 94 120 153 146 74 50 
New BC onsets:  0
BC status:  4902 98 
BC subtype:  4902 72 26 

clinical_engagement 
diagnosis 
demography 
79 new agents 
6 dtreferralsatt6 smreferralsatt287 
disease_progression 
H-positive risk:  674 648 119 1058 404 94 1144 437 146 50 151 75 
H-negative risk:  648 674 1144 1058 437 404 94 119 151 146 75 50 
New BC onsets:  0
BC status:  4903 97 
BC subtype:  4903 72 25 

clinical_engagement 
diagnosis 
demography 
67 new agents 
11 dtreferralsatt11 smreferralsatt288 
disease_progression 
H-positive risk:  677 652 120 1066 409 90 1122 438 146 54 151 75 
H-negative risk:  652 677 1122 1066 438 409 90 120 151 146 75 54 
New BC onsets:  0
BC status:  4905 95 
BC subtype:  4905 70 25 

clinical_engagement 
diagnosis 
demography 
92 new agents 
7 dtreferralsatt7 smreferralsatt289 
disease_progression 
H-positive risk:  682 661 122 1062 400 90 1120 440 147 59 142 75 
H-negative risk:  661 682 1120 1062 440 400 90 122 142 147 75 59 
New BC onsets:  0
BC status:  4904 96 
BC subtype:  4904 72 24 

clinical_engagement 
diagnosis 
demography 
76 new agents 
6 dtreferralsatt6 smreferralsatt290 
disease_progression 
H-positive risk:  680 663 119 1066 399 91 1125 437 145 57 143 75 
H-negative risk:  663 680 1125 1066 437 399 91 119 143 145 75 57 
New BC onsets:  0
BC status:  4905 95 
BC subtype:  4905 70 25 

clinical_engagement 
diagnosis 
demography 
82 new agents 
15 dtreferralsatt15 smreferralsatt291 
disease_progression 
H-positive risk:  686 666 118 1064 395 91 1118 442 146 56 146 72 
H-negative risk:  666 686 1118 1064 442 395 91 118 146 146 72 56 
New BC onsets:  0
BC status:  4899 101 
BC subtype:  4899 75 26 

clinical_engagement 
diagnosis 
demography 
70 new agents 
10 dtreferralsatt10 smreferralsatt292 
disease_progression 
H-positive risk:  692 668 115 1065 395 93 1113 438 146 57 147 71 
H-negative risk:  668 692 1113 1065 438 395 93 115 147 146 71 57 
New BC onsets:  0
BC status:  4901 99 
BC subtype:  4901 75 24 

clinical_engagement 
diagnosis 
demography 
83 new agents 
8 dtreferralsatt8 smreferralsatt293 
disease_progression 
H-positive risk:  698 673 111 1068 393 93 1107 431 149 56 152 69 
H-negative risk:  673 698 1107 1068 431 393 93 111 152 149 69 56 
New BC onsets:  0
BC status:  4904 96 
BC subtype:  4904 72 24 

clinical_engagement 
diagnosis 
demography 
83 new agents 
9 dtreferralsatt9 smreferralsatt294 
disease_progression 
H-positive risk:  702 679 108 1060 387 95 1113 424 152 59 152 69 
H-negative risk:  679 702 1113 1060 424 387 95 108 152 152 69 59 
New BC onsets:  0
BC status:  4905 95 
BC subtype:  4905 71 24 

clinical_engagement 
diagnosis 
demography 
66 new agents 
12 dtreferralsatt12 smreferralsatt295 
disease_progression 
H-positive risk:  702 683 109 1070 385 93 1116 414 154 56 152 66 
H-negative risk:  683 702 1116 1070 414 385 93 109 152 154 66 56 
New BC onsets:  0
BC status:  4903 97 
BC subtype:  4903 72 25 

clinical_engagement 
diagnosis 
demography 
76 new agents 
5 dtreferralsatt5 smreferralsatt296 
disease_progression 
H-positive risk:  700 681 106 1067 390 94 1118 417 152 58 153 64 
H-negative risk:  681 700 1118 1067 417 390 94 106 153 152 64 58 
New BC onsets:  0
BC status:  4903 97 
BC subtype:  4903 73 24 

clinical_engagement 
diagnosis 
demography 
70 new agents 
16 dtreferralsatt16 smreferralsatt297 
disease_progression 
H-positive risk:  709 680 109 1072 392 93 1107 413 150 60 149 66 
H-negative risk:  680 709 1107 1072 413 392 93 109 149 150 66 60 
New BC onsets:  0
BC status:  4900 100 
BC subtype:  4900 75 25 

clinical_engagement 
diagnosis 
demography 
79 new agents 
7 dtreferralsatt7 smreferralsatt298 
disease_progression 
H-positive risk:  709 674 113 1082 386 92 1106 417 152 55 146 68 
H-negative risk:  674 709 1106 1082 417 386 92 113 146 152 68 55 
New BC onsets:  0
BC status:  4898 102 
BC subtype:  4898 76 26 

clinical_engagement 
diagnosis 
demography 
68 new agents 
7 dtreferralsatt7 smreferralsatt299 
disease_progression 
H-positive risk:  703 680 113 1080 391 92 1113 413 149 57 144 65 
H-negative risk:  680 703 1113 1080 413 391 92 113 144 149 65 57 
New BC onsets:  0
BC status:  4898 102 
BC subtype:  4898 76 26 

clinical_engagement 
diagnosis 
demography 
81 new agents 
13 dtreferralsatt13 smreferralsatt300 
disease_progression 
H-positive risk:  710 673 111 1087 395 94 1109 399 150 58 147 67 
H-negative risk:  673 710 1109 1087 399 395 94 111 147 150 67 58 
New BC onsets:  0
BC status:  4903 97 
BC subtype:  4903 71 26 

clinical_engagement 
diagnosis 
demography 
82 new agents 
12 dtreferralsatt12 smreferralsattTime difference of 17.25217 mins
This is task 24
date
