date
Note that the current default version of R is 3.6.1.
Loading required package: network
network: Classes for Relational Data
Version 1.15 created on 2019-04-01.
copyright (c) 2005, Carter T. Butts, University of California-Irvine
                    Mark S. Handcock, University of California -- Los Angeles
                    David R. Hunter, Penn State University
                    Martina Morris, University of Washington
                    Skye Bender-deMoll, University of Washington
 For citation information, type citation("network").
 Type help("network-package") to get started.


networkDynamic: version 0.10.0, created on 2019-04-04
Copyright (c) 2019, Carter T. Butts, University of California -- Irvine
                    Ayn Leslie-Cook, University of Washington
                    Pavel N. Krivitsky, University of Wollongong
                    Skye Bender-deMoll, University of Washington
                    with contributions from
                    Zack Almquist, University of California -- Irvine
                    David R. Hunter, Penn State University
                    Li Wang
                    Kirk Li, University of Washington
                    Steven M. Goodreau, University of Washington
                    Jeffrey Horner
                    Martina Morris, University of Washington
Based on "statnet" project software (statnet.org).
For license and citation information see statnet.org/attribution
or type citation("networkDynamic").

Loading required package: statnet.common

Attaching package: 'statnet.common'

The following object is masked from 'package:base':

    order

sna: Tools for Social Network Analysis
Version 2.4 created on 2016-07-23.
copyright (c) 2005, Carter T. Butts, University of California-Irvine
 For citation information, type citation("sna").
 Type help(package="sna") to get started.


ergm: version 3.10.4, created on 2019-06-10
Copyright (c) 2019, Mark S. Handcock, University of California -- Los Angeles
                    David R. Hunter, Penn State University
                    Carter T. Butts, University of California -- Irvine
                    Steven M. Goodreau, University of Washington
                    Pavel N. Krivitsky, University of Wollongong
                    Martina Morris, University of Washington
                    with contributions from
                    Li Wang
                    Kirk Li, University of Washington
                    Skye Bender-deMoll, University of Washington
                    Chad Klumb
Based on "statnet" project software (statnet.org).
For license and citation information see statnet.org/attribution
or type citation("ergm").

NOTE: Versions before 3.6.1 had a bug in the implementation of the bd()
constriant which distorted the sampled distribution somewhat. In
addition, Sampson's Monks datasets had mislabeled vertices. See the
NEWS and the documentation for more details.

NOTE: Some common term arguments pertaining to vertex attribute and
level selection have changed in 3.10.0. See terms help for more
details. Use 'options(ergm.term=list(version="3.9.4"))' to use old
behavior.


tergm: version 3.6.1, created on 2019-06-12
Copyright (c) 2019, Pavel N. Krivitsky, University of Wollongong
                    Mark S. Handcock, University of California -- Los Angeles
                    with contributions from
                    David R. Hunter, Penn State University
                    Steven M. Goodreau, University of Washington
                    Martina Morris, University of Washington
                    Nicole Bohme Carnegie, New York University
                    Carter T. Butts, University of California -- Irvine
                    Ayn Leslie-Cook, University of Washington
                    Skye Bender-deMoll
                    Li Wang
                    Kirk Li, University of Washington
Based on "statnet" project software (statnet.org).
For license and citation information see statnet.org/attribution
or type citation("tergm").

Starting maximum pseudolikelihood estimation (MPLE):
Evaluating the predictor and response matrix.
Maximizing the pseudolikelihood.
Finished MPLE.
Starting Monte Carlo maximum likelihood estimation (MCMLE):
Iteration 1 of at most 500:
Optimizing with step length 0.433894052139892.
The log-likelihood improved by 2.722.
Iteration 2 of at most 500:
Optimizing with step length 1.
The log-likelihood improved by 2.333.
Step length converged once. Increasing MCMC sample size.
Iteration 3 of at most 500:
Optimizing with step length 1.
The log-likelihood improved by 0.2589.
Step length converged twice. Stopping.
Finished MCMLE.
This model was fit using MCMC.  To examine model diagnostics and check
for degeneracy, use the mcmc.diagnostics() function.
 degree0  degree1  degree2  degree3  degree4  degree5  degree6  degree7 
       4       21     1276     1020      755      350      365      328 
 degree8  degree9 degree10 degree11 degree12 degree13 degree14 degree15 
     314      218      165       83       65       17       13        1 
degree16 degree17 degree18 
       2        2        1 
1 
disease_progression 
H-positive risk:  875 864 113 867 435 138 839 475 140 68 126 60 
H-negative risk:  864 875 839 867 475 435 138 113 126 140 60 68 
New BC onsets:  0
BC status:  5000 
BC subtype:  5000 

clinical_engagement 
diagnosis 
demography 
59 new agents 
0 dtreferralsatt0 smreferralsatt2 
disease_progression 
H-positive risk:  879 860 112 870 436 139 843 469 138 70 124 60 
H-negative risk:  860 879 843 870 469 436 139 112 124 138 60 70 
New BC onsets:  0
BC status:  5000 
BC subtype:  5000 

clinical_engagement 
diagnosis 
demography 
56 new agents 
1 dtreferralsatt1 smreferralsatt3 
disease_progression 
H-positive risk:  883 861 113 870 432 139 842 462 141 72 125 60 
H-negative risk:  861 883 842 870 462 432 139 113 125 141 60 72 
New BC onsets:  0
BC status:  4998 2 
BC subtype:  4998 2 

clinical_engagement 
diagnosis 
demography 
54 new agents 
3 dtreferralsatt3 smreferralsatt4 
disease_progression 
H-positive risk:  884 864 114 876 428 142 837 459 143 72 125 56 
H-negative risk:  864 884 837 876 459 428 142 114 125 143 56 72 
New BC onsets:  0
BC status:  4996 4 
BC subtype:  4996 4 

clinical_engagement 
diagnosis 
demography 
54 new agents 
2 dtreferralsatt2 smreferralsatt5 
disease_progression 
H-positive risk:  891 863 114 882 424 142 831 457 140 75 127 54 
H-negative risk:  863 891 831 882 457 424 142 114 127 140 54 75 
New BC onsets:  0
BC status:  4994 6 
BC subtype:  4994 6 

clinical_engagement 
diagnosis 
demography 
49 new agents 
5 dtreferralsatt5 smreferralsatt6 
disease_progression 
H-positive risk:  906 866 115 882 420 143 824 453 140 73 126 52 
H-negative risk:  866 906 824 882 453 420 143 115 126 140 52 73 
New BC onsets:  0
BC status:  4994 6 
BC subtype:  4994 6 

clinical_engagement 
diagnosis 
demography 
72 new agents 
8 dtreferralsatt8 smreferralsatt7 
disease_progression 
H-positive risk:  908 869 119 877 416 146 827 450 141 70 125 52 
H-negative risk:  869 908 827 877 450 416 146 119 125 141 52 70 
New BC onsets:  0
BC status:  4992 8 
BC subtype:  4992 8 

clinical_engagement 
diagnosis 
demography 
62 new agents 
6 dtreferralsatt6 smreferralsatt8 
disease_progression 
H-positive risk:  913 867 117 871 418 146 827 449 142 73 125 52 
H-negative risk:  867 913 827 871 449 418 146 117 125 142 52 73 
New BC onsets:  0
BC status:  4988 12 
BC subtype:  4988 11 1 

clinical_engagement 
diagnosis 
demography 
48 new agents 
5 dtreferralsatt5 smreferralsatt9 
disease_progression 
H-positive risk:  910 875 118 869 417 147 823 448 142 70 129 52 
H-negative risk:  875 910 823 869 448 417 147 118 129 142 52 70 
New BC onsets:  0
BC status:  4983 17 
BC subtype:  4983 16 1 

clinical_engagement 
diagnosis 
demography 
64 new agents 
6 dtreferralsatt6 smreferralsatt10 
disease_progression 
H-positive risk:  913 876 118 874 418 147 819 445 141 69 129 51 
H-negative risk:  876 913 819 874 445 418 147 118 129 141 51 69 
New BC onsets:  0
BC status:  4981 19 
BC subtype:  4981 18 1 

clinical_engagement 
diagnosis 
demography 
59 new agents 
3 dtreferralsatt3 smreferralsatt11 
disease_progression 
H-positive risk:  913 877 119 878 412 145 817 448 142 70 127 52 
H-negative risk:  877 913 817 878 448 412 145 119 127 142 52 70 
New BC onsets:  0
BC status:  4980 20 
BC subtype:  4980 19 1 

clinical_engagement 
diagnosis 
demography 
59 new agents 
9 dtreferralsatt9 smreferralsatt12 
disease_progression 
H-positive risk:  920 879 119 877 410 143 820 442 142 69 127 52 
H-negative risk:  879 920 820 877 442 410 143 119 127 142 52 69 
New BC onsets:  0
BC status:  4979 21 
BC subtype:  4979 20 1 

clinical_engagement 
diagnosis 
demography 
53 new agents 
13 dtreferralsatt13 smreferralsatt13 
disease_progression 
H-positive risk:  831 812 109 952 409 136 908 437 150 66 137 53 
H-negative risk:  812 831 908 952 437 409 136 109 137 150 53 66 
New BC onsets:  0
BC status:  4977 23 
BC subtype:  4977 22 1 

clinical_engagement 
diagnosis 
demography 
229 new agents 
9 dtreferralsatt9 smreferralsatt14 
disease_progression 
H-positive risk:  860 861 112 883 431 139 862 449 138 74 134 57 
H-negative risk:  861 860 862 883 449 431 139 112 134 138 57 74 
New BC onsets:  0
BC status:  4972 28 
BC subtype:  4972 24 4 

clinical_engagement 
diagnosis 
demography 
57 new agents 
5 dtreferralsatt5 smreferralsatt15 
disease_progression 
H-positive risk:  868 866 113 885 422 139 854 452 135 74 135 57 
H-negative risk:  866 868 854 885 452 422 139 113 135 135 57 74 
New BC onsets:  0
BC status:  4970 30 
BC subtype:  4970 26 4 

clinical_engagement 
diagnosis 
demography 
66 new agents 
11 dtreferralsatt11 smreferralsatt16 
disease_progression 
H-positive risk:  874 860 115 887 419 139 864 445 135 68 137 57 
H-negative risk:  860 874 864 887 445 419 139 115 137 135 57 68 
New BC onsets:  0
BC status:  4970 30 
BC subtype:  4970 26 4 

clinical_engagement 
diagnosis 
demography 
60 new agents 
12 dtreferralsatt12 smreferralsatt17 
disease_progression 
H-positive risk:  877 868 115 883 418 141 862 440 136 67 137 56 
H-negative risk:  868 877 862 883 440 418 141 115 137 136 56 67 
New BC onsets:  0
BC status:  4967 33 
BC subtype:  4967 28 5 

clinical_engagement 
diagnosis 
demography 
50 new agents 
6 dtreferralsatt6 smreferralsatt18 
disease_progression 
H-positive risk:  876 868 115 884 418 142 864 439 134 67 136 57 
H-negative risk:  868 876 864 884 439 418 142 115 136 134 57 67 
New BC onsets:  0
BC status:  4963 37 
BC subtype:  4963 32 5 

clinical_engagement 
diagnosis 
demography 
68 new agents 
9 dtreferralsatt9 smreferralsatt19 
disease_progression 
H-positive risk:  880 874 118 884 408 141 872 431 135 66 135 56 
H-negative risk:  874 880 872 884 431 408 141 118 135 135 56 66 
New BC onsets:  0
BC status:  4957 43 
BC subtype:  4957 38 5 

clinical_engagement 
diagnosis 
demography 
51 new agents 
8 dtreferralsatt8 smreferralsatt20 
disease_progression 
H-positive risk:  880 878 118 883 409 141 873 426 136 66 133 57 
H-negative risk:  878 880 873 883 426 409 141 118 133 136 57 66 
New BC onsets:  0
BC status:  4957 43 
BC subtype:  4957 38 5 

clinical_engagement 
diagnosis 
demography 
73 new agents 
14 dtreferralsatt14 smreferralsatt21 
disease_progression 
H-positive risk:  885 884 119 885 406 143 873 417 135 66 133 54 
H-negative risk:  884 885 873 885 417 406 143 119 133 135 54 66 
New BC onsets:  0
BC status:  4956 44 
BC subtype:  4956 38 6 

clinical_engagement 
diagnosis 
demography 
46 new agents 
8 dtreferralsatt8 smreferralsatt22 
disease_progression 
H-positive risk:  889 886 120 884 402 142 875 412 137 67 131 55 
H-negative risk:  886 889 875 884 412 402 142 120 131 137 55 67 
New BC onsets:  0
BC status:  4954 46 
BC subtype:  4954 40 6 

clinical_engagement 
diagnosis 
demography 
72 new agents 
11 dtreferralsatt11 smreferralsatt23 
disease_progression 
H-positive risk:  890 890 121 896 395 143 874 408 131 67 128 57 
H-negative risk:  890 890 874 896 408 395 143 121 128 131 57 67 
New BC onsets:  0
BC status:  4950 50 
BC subtype:  4950 42 8 

clinical_engagement 
diagnosis 
demography 
62 new agents 
11 dtreferralsatt11 smreferralsatt24 
disease_progression 
H-positive risk:  897 895 119 897 386 142 874 406 128 67 128 61 
H-negative risk:  895 897 874 897 406 386 142 119 128 128 61 67 
New BC onsets:  0
BC status:  4948 52 
BC subtype:  4948 44 8 

clinical_engagement 
diagnosis 
demography 
52 new agents 
17 dtreferralsatt17 smreferralsatt25 
disease_progression 
H-positive risk:  840 837 113 960 380 130 939 400 140 64 137 60 
H-negative risk:  837 840 939 960 400 380 130 113 137 140 60 64 
New BC onsets:  0
BC status:  4948 52 
BC subtype:  4948 44 8 

clinical_engagement 
diagnosis 
demography 
188 new agents 
10 dtreferralsatt10 smreferralsatt26 
disease_progression 
H-positive risk:  854 855 117 934 392 133 900 425 136 62 130 62 
H-negative risk:  855 854 900 934 425 392 133 117 130 136 62 62 
New BC onsets:  0
BC status:  4941 59 
BC subtype:  4941 46 13 

clinical_engagement 
diagnosis 
demography 
63 new agents 
10 dtreferralsatt10 smreferralsatt27 
disease_progression 
H-positive risk:  862 863 121 937 387 136 884 424 134 62 128 62 
H-negative risk:  863 862 884 937 424 387 136 121 128 134 62 62 
New BC onsets:  0
BC status:  4940 60 
BC subtype:  4940 47 13 

clinical_engagement 
diagnosis 
demography 
77 new agents 
6 dtreferralsatt6 smreferralsatt28 
disease_progression 
H-positive risk:  863 873 120 931 382 137 890 415 134 61 129 65 
H-negative risk:  873 863 890 931 415 382 137 120 129 134 65 61 
New BC onsets:  0
BC status:  4937 63 
BC subtype:  4937 49 14 

clinical_engagement 
diagnosis 
demography 
65 new agents 
10 dtreferralsatt10 smreferralsatt29 
disease_progression 
H-positive risk:  870 876 119 926 383 135 891 409 130 63 132 66 
H-negative risk:  876 870 891 926 409 383 135 119 132 130 66 63 
New BC onsets:  0
BC status:  4933 67 
BC subtype:  4933 52 15 

clinical_engagement 
diagnosis 
demography 
59 new agents 
9 dtreferralsatt9 smreferralsatt30 
disease_progression 
H-positive risk:  872 885 120 921 377 137 896 405 129 63 127 68 
H-negative risk:  885 872 896 921 405 377 137 120 127 129 68 63 
New BC onsets:  0
BC status:  4933 67 
BC subtype:  4933 52 15 

clinical_engagement 
diagnosis 
demography 
81 new agents 
8 dtreferralsatt8 smreferralsatt31 
disease_progression 
H-positive risk:  878 890 119 926 368 139 899 394 127 64 131 65 
H-negative risk:  890 878 899 926 394 368 139 119 131 127 65 64 
New BC onsets:  0
BC status:  4935 65 
BC subtype:  4935 50 15 

clinical_engagement 
diagnosis 
demography 
56 new agents 
14 dtreferralsatt14 smreferralsatt32 
disease_progression 
H-positive risk:  888 892 121 925 365 138 891 391 125 65 134 65 
H-negative risk:  892 888 891 925 391 365 138 121 134 125 65 65 
New BC onsets:  0
BC status:  4931 69 
BC subtype:  4931 54 15 

clinical_engagement 
diagnosis 
demography 
68 new agents 
14 dtreferralsatt14 smreferralsatt33 
disease_progression 
H-positive risk:  891 894 123 925 358 140 891 388 122 66 136 66 
H-negative risk:  894 891 891 925 388 358 140 123 136 122 66 66 
New BC onsets:  0
BC status:  4932 68 
BC subtype:  4932 55 13 

clinical_engagement 
diagnosis 
demography 
73 new agents 
13 dtreferralsatt13 smreferralsatt34 
disease_progression 
H-positive risk:  902 895 124 926 363 139 883 376 121 65 140 66 
H-negative risk:  895 902 883 926 376 363 139 124 140 121 66 65 
New BC onsets:  0
BC status:  4931 69 
BC subtype:  4931 56 13 

clinical_engagement 
diagnosis 
demography 
80 new agents 
8 dtreferralsatt8 smreferralsatt35 
disease_progression 
H-positive risk:  909 899 125 930 353 141 889 356 122 67 142 67 
H-negative risk:  899 909 889 930 356 353 141 125 142 122 67 67 
New BC onsets:  0
BC status:  4927 73 
BC subtype:  4927 60 13 

clinical_engagement 
diagnosis 
demography 
70 new agents 
10 dtreferralsatt10 smreferralsatt36 
disease_progression 
H-positive risk:  911 905 124 934 355 141 883 355 121 67 140 64 
H-negative risk:  905 911 883 934 355 355 141 124 140 121 64 67 
New BC onsets:  0
BC status:  4922 78 
BC subtype:  4922 60 18 

clinical_engagement 
diagnosis 
demography 
61 new agents 
14 dtreferralsatt14 smreferralsatt37 
disease_progression 
H-positive risk:  841 835 110 1010 351 132 957 355 133 66 151 59 
H-negative risk:  835 841 957 1010 355 351 132 110 151 133 59 66 
New BC onsets:  0
BC status:  4921 79 
BC subtype:  4921 61 18 

clinical_engagement 
diagnosis 
demography 
155 new agents 
9 dtreferralsatt9 smreferralsatt38 
disease_progression 
H-positive risk:  853 844 111 992 367 137 910 376 130 67 149 64 
H-negative risk:  844 853 910 992 376 367 137 111 149 130 64 67 
New BC onsets:  0
BC status:  4918 82 
BC subtype:  4918 62 20 

clinical_engagement 
diagnosis 
demography 
78 new agents 
9 dtreferralsatt9 smreferralsatt39 
disease_progression 
H-positive risk:  852 851 112 987 365 139 914 381 125 65 147 62 
H-negative risk:  851 852 914 987 381 365 139 112 147 125 62 65 
New BC onsets:  0
BC status:  4917 83 
BC subtype:  4917 64 19 

clinical_engagement 
diagnosis 
demography 
64 new agents 
10 dtreferralsatt10 smreferralsatt40 
disease_progression 
H-positive risk:  852 855 112 989 369 139 911 378 126 66 143 60 
H-negative risk:  855 852 911 989 378 369 139 112 143 126 60 66 
New BC onsets:  0
BC status:  4915 85 
BC subtype:  4915 66 19 

clinical_engagement 
diagnosis 
demography 
57 new agents 
12 dtreferralsatt12 smreferralsatt41 
disease_progression 
H-positive risk:  852 859 113 987 372 139 914 369 125 66 145 59 
H-negative risk:  859 852 914 987 369 372 139 113 145 125 59 66 
New BC onsets:  0
BC status:  4914 86 
BC subtype:  4914 66 20 

clinical_engagement 
diagnosis 
demography 
68 new agents 
7 dtreferralsatt7 smreferralsatt42 
disease_progression 
H-positive risk:  856 860 116 977 372 138 917 366 126 69 145 58 
H-negative risk:  860 856 917 977 366 372 138 116 145 126 58 69 
New BC onsets:  0
BC status:  4915 85 
BC subtype:  4915 65 20 

clinical_engagement 
diagnosis 
demography 
67 new agents 
11 dtreferralsatt11 smreferralsatt43 
disease_progression 
H-positive risk:  865 858 115 975 371 135 917 364 127 68 148 57 
H-negative risk:  858 865 917 975 364 371 135 115 148 127 57 68 
New BC onsets:  0
BC status:  4912 88 
BC subtype:  4912 64 24 

clinical_engagement 
diagnosis 
demography 
55 new agents 
6 dtreferralsatt6 smreferralsatt44 
disease_progression 
H-positive risk:  871 862 118 977 371 136 907 363 126 67 146 56 
H-negative risk:  862 871 907 977 363 371 136 118 146 126 56 67 
New BC onsets:  0
BC status:  4911 89 
BC subtype:  4911 65 24 

clinical_engagement 
diagnosis 
demography 
57 new agents 
11 dtreferralsatt11 smreferralsatt45 
disease_progression 
H-positive risk:  869 865 119 977 370 137 904 368 123 64 146 58 
H-negative risk:  865 869 904 977 368 370 137 119 146 123 58 64 
New BC onsets:  0
BC status:  4910 90 
BC subtype:  4910 65 25 

clinical_engagement 
diagnosis 
demography 
85 new agents 
12 dtreferralsatt12 smreferralsatt46 
disease_progression 
H-positive risk:  874 872 121 955 375 135 908 370 124 63 142 61 
H-negative risk:  872 874 908 955 370 375 135 121 142 124 61 63 
New BC onsets:  0
BC status:  4909 91 
BC subtype:  4909 66 25 

clinical_engagement 
diagnosis 
demography 
65 new agents 
13 dtreferralsatt13 smreferralsatt47 
disease_progression 
H-positive risk:  875 882 120 954 372 135 908 366 125 62 142 59 
H-negative risk:  882 875 908 954 366 372 135 120 142 125 59 62 
New BC onsets:  0
BC status:  4908 92 
BC subtype:  4908 67 25 

clinical_engagement 
diagnosis 
demography 
75 new agents 
8 dtreferralsatt8 smreferralsatt48 
disease_progression 
H-positive risk:  881 887 119 945 379 136 906 366 123 62 141 55 
H-negative risk:  887 881 906 945 366 379 136 119 141 123 55 62 
New BC onsets:  0
BC status:  4910 90 
BC subtype:  4910 65 25 

clinical_engagement 
diagnosis 
demography 
67 new agents 
10 dtreferralsatt10 smreferralsatt49 
disease_progression 
H-positive risk:  826 830 111 1001 377 124 955 374 133 63 152 54 
H-negative risk:  830 826 955 1001 374 377 124 111 152 133 54 63 
New BC onsets:  0
BC status:  4910 90 
BC subtype:  4910 65 25 

clinical_engagement 
diagnosis 
demography 
152 new agents 
8 dtreferralsatt8 smreferralsatt50 
disease_progression 
H-positive risk:  833 848 113 966 405 124 940 375 128 66 148 54 
H-negative risk:  848 833 940 966 375 405 124 113 148 128 54 66 
New BC onsets:  0
BC status:  4905 95 
BC subtype:  4905 70 25 

clinical_engagement 
diagnosis 
demography 
68 new agents 
10 dtreferralsatt10 smreferralsatt51 
disease_progression 
H-positive risk:  830 849 114 969 403 122 938 379 132 64 143 57 
H-negative risk:  849 830 938 969 379 403 122 114 143 132 57 64 
New BC onsets:  0
BC status:  4904 96 
BC subtype:  4904 72 24 

clinical_engagement 
diagnosis 
demography 
72 new agents 
7 dtreferralsatt7 smreferralsatt52 
disease_progression 
H-positive risk:  832 853 112 972 401 125 935 377 131 63 142 57 
H-negative risk:  853 832 935 972 377 401 125 112 142 131 57 63 
New BC onsets:  0
BC status:  4904 96 
BC subtype:  4904 72 24 

clinical_engagement 
diagnosis 
demography 
65 new agents 
6 dtreferralsatt6 smreferralsatt53 
disease_progression 
H-positive risk:  839 853 113 973 397 123 937 378 130 60 141 56 
H-negative risk:  853 839 937 973 378 397 123 113 141 130 56 60 
New BC onsets:  0
BC status:  4901 99 
BC subtype:  4901 74 25 

clinical_engagement 
diagnosis 
demography 
59 new agents 
12 dtreferralsatt12 smreferralsatt54 
disease_progression 
H-positive risk:  834 858 116 968 396 123 938 381 131 59 139 57 
H-negative risk:  858 834 938 968 381 396 123 116 139 131 57 59 
New BC onsets:  0
BC status:  4898 102 
BC subtype:  4898 76 26 

clinical_engagement 
diagnosis 
demography 
70 new agents 
11 dtreferralsatt11 smreferralsatt55 
disease_progression 
H-positive risk:  832 853 115 972 392 120 939 387 136 58 140 56 
H-negative risk:  853 832 939 972 387 392 120 115 140 136 56 58 
New BC onsets:  0
BC status:  4899 101 
BC subtype:  4899 76 25 

clinical_engagement 
diagnosis 
demography 
62 new agents 
16 dtreferralsatt16 smreferralsatt56 
disease_progression 
H-positive risk:  833 858 115 974 392 117 936 389 134 56 140 56 
H-negative risk:  858 833 936 974 389 392 117 115 140 134 56 56 
New BC onsets:  0
BC status:  4898 102 
BC subtype:  4898 77 25 

clinical_engagement 
diagnosis 
demography 
65 new agents 
11 dtreferralsatt11 smreferralsatt57 
disease_progression 
H-positive risk:  838 850 113 977 394 116 933 388 135 57 142 57 
H-negative risk:  850 838 933 977 388 394 116 113 142 135 57 57 
New BC onsets:  0
BC status:  4896 104 
BC subtype:  4896 79 25 

clinical_engagement 
diagnosis 
demography 
68 new agents 
4 dtreferralsatt4 smreferralsatt58 
disease_progression 
H-positive risk:  841 853 114 977 391 115 936 384 135 57 140 57 
H-negative risk:  853 841 936 977 384 391 115 114 140 135 57 57 
New BC onsets:  0
BC status:  4897 103 
BC subtype:  4897 77 26 

clinical_engagement 
diagnosis 
demography 
66 new agents 
17 dtreferralsatt17 smreferralsatt59 
disease_progression 
H-positive risk:  845 863 112 975 383 115 933 382 134 58 143 57 
H-negative risk:  863 845 933 975 382 383 115 112 143 134 57 58 
New BC onsets:  0
BC status:  4892 108 
BC subtype:  4892 81 27 

clinical_engagement 
diagnosis 
demography 
71 new agents 
14 dtreferralsatt14 smreferralsatt60 
disease_progression 
H-positive risk:  852 860 113 973 380 116 932 384 135 55 144 56 
H-negative risk:  860 852 932 973 384 380 116 113 144 135 56 55 
New BC onsets:  0
BC status:  4890 110 
BC subtype:  4890 80 30 

clinical_engagement 
diagnosis 
demography 
77 new agents 
12 dtreferralsatt12 smreferralsatt61 
disease_progression 
H-positive risk:  805 812 108 1030 372 112 977 384 145 55 147 53 
H-negative risk:  812 805 977 1030 384 372 112 108 147 145 53 55 
New BC onsets:  0
BC status:  4889 111 
BC subtype:  4889 81 30 

clinical_engagement 
diagnosis 
demography 
146 new agents 
13 dtreferralsatt13 smreferralsatt62 
disease_progression 
H-positive risk:  816 824 112 1009 385 109 949 390 141 61 143 61 
H-negative risk:  824 816 949 1009 390 385 109 112 143 141 61 61 
New BC onsets:  0
BC status:  4891 109 
BC subtype:  4891 79 30 

clinical_engagement 
diagnosis 
demography 
92 new agents 
13 dtreferralsatt13 smreferralsatt63 
disease_progression 
H-positive risk:  823 825 112 1007 381 111 948 384 146 57 147 59 
H-negative risk:  825 823 948 1007 384 381 111 112 147 146 59 57 
New BC onsets:  0
BC status:  4894 106 
BC subtype:  4894 78 28 

clinical_engagement 
diagnosis 
demography 
78 new agents 
11 dtreferralsatt11 smreferralsatt64 
disease_progression 
H-positive risk:  831 826 117 1009 375 112 945 380 145 56 146 58 
H-negative risk:  826 831 945 1009 380 375 112 117 146 145 58 56 
New BC onsets:  0
BC status:  4897 103 
BC subtype:  4897 75 28 

clinical_engagement 
diagnosis 
demography 
59 new agents 
8 dtreferralsatt8 smreferralsatt65 
disease_progression 
H-positive risk:  833 822 123 1009 377 115 951 371 144 55 144 56 
H-negative risk:  822 833 951 1009 371 377 115 123 144 144 56 55 
New BC onsets:  0
BC status:  4897 103 
BC subtype:  4897 75 28 

clinical_engagement 
diagnosis 
demography 
90 new agents 
9 dtreferralsatt9 smreferralsatt66 
disease_progression 
H-positive risk:  843 820 121 1006 374 118 953 365 147 55 145 53 
H-negative risk:  820 843 953 1006 365 374 118 121 145 147 53 55 
New BC onsets:  0
BC status:  4901 99 
BC subtype:  4901 71 28 

clinical_engagement 
diagnosis 
demography 
72 new agents 
10 dtreferralsatt10 smreferralsatt67 
disease_progression 
H-positive risk:  837 823 120 1006 379 119 960 358 148 55 142 53 
H-negative risk:  823 837 960 1006 358 379 119 120 142 148 53 55 
New BC onsets:  0
BC status:  4901 99 
BC subtype:  4901 71 28 

clinical_engagement 
diagnosis 
demography 
61 new agents 
11 dtreferralsatt11 smreferralsatt68 
disease_progression 
H-positive risk:  836 827 118 1002 383 120 955 360 149 54 144 52 
H-negative risk:  827 836 955 1002 360 383 120 118 144 149 52 54 
New BC onsets:  0
BC status:  4900 100 
BC subtype:  4900 74 26 

clinical_engagement 
diagnosis 
demography 
55 new agents 
10 dtreferralsatt10 smreferralsatt69 
disease_progression 
H-positive risk:  833 830 120 1001 379 119 957 356 151 55 147 52 
H-negative risk:  830 833 957 1001 356 379 119 120 147 151 52 55 
New BC onsets:  0
BC status:  4898 102 
BC subtype:  4898 75 27 

clinical_engagement 
diagnosis 
demography 
70 new agents 
5 dtreferralsatt5 smreferralsatt70 
disease_progression 
H-positive risk:  833 829 124 998 378 119 951 363 150 57 147 51 
H-negative risk:  829 833 951 998 363 378 119 124 147 150 51 57 
New BC onsets:  0
BC status:  4900 100 
BC subtype:  4900 75 25 

clinical_engagement 
diagnosis 
demography 
69 new agents 
10 dtreferralsatt10 smreferralsatt71 
disease_progression 
H-positive risk:  835 837 124 996 378 118 953 353 148 59 146 53 
H-negative risk:  837 835 953 996 353 378 118 124 146 148 53 59 
New BC onsets:  0
BC status:  4900 100 
BC subtype:  4900 75 25 

clinical_engagement 
diagnosis 
demography 
70 new agents 
9 dtreferralsatt9 smreferralsatt72 
disease_progression 
H-positive risk:  832 839 124 994 376 119 958 354 149 58 144 53 
H-negative risk:  839 832 958 994 354 376 119 124 144 149 53 58 
New BC onsets:  0
BC status:  4901 99 
BC subtype:  4901 74 25 

clinical_engagement 
diagnosis 
demography 
60 new agents 
17 dtreferralsatt17 smreferralsatt73 
disease_progression 
H-positive risk:  782 799 118 1023 381 106 1014 358 159 59 149 52 
H-negative risk:  799 782 1014 1023 358 381 106 118 149 159 52 59 
New BC onsets:  0
BC status:  4905 95 
BC subtype:  4905 73 22 

clinical_engagement 
diagnosis 
demography 
113 new agents 
7 dtreferralsatt7 smreferralsatt74 
disease_progression 
H-positive risk:  786 795 120 1017 387 106 1009 354 162 61 148 55 
H-negative risk:  795 786 1009 1017 354 387 106 120 148 162 55 61 
New BC onsets:  0
BC status:  4905 95 
BC subtype:  4905 71 24 

clinical_engagement 
diagnosis 
demography 
76 new agents 
14 dtreferralsatt14 smreferralsatt75 
disease_progression 
H-positive risk:  786 796 118 1016 388 106 1010 354 163 58 150 55 
H-negative risk:  796 786 1010 1016 354 388 106 118 150 163 55 58 
New BC onsets:  0
BC status:  4905 95 
BC subtype:  4905 70 25 

clinical_engagement 
diagnosis 
demography 
68 new agents 
5 dtreferralsatt5 smreferralsatt76 
disease_progression 
H-positive risk:  781 802 121 1008 387 106 1018 352 159 60 151 55 
H-negative risk:  802 781 1018 1008 352 387 106 121 151 159 55 60 
New BC onsets:  0
BC status:  4905 95 
BC subtype:  4905 70 25 

clinical_engagement 
diagnosis 
demography 
87 new agents 
14 dtreferralsatt14 smreferralsatt77 
disease_progression 
H-positive risk:  791 806 123 1004 395 107 1009 350 156 57 149 53 
H-negative risk:  806 791 1009 1004 350 395 107 123 149 156 53 57 
New BC onsets:  0
BC status:  4903 97 
BC subtype:  4903 71 26 

clinical_engagement 
diagnosis 
demography 
48 new agents 
9 dtreferralsatt9 smreferralsatt78 
disease_progression 
H-positive risk:  793 807 124 1008 391 106 1002 354 155 57 150 53 
H-negative risk:  807 793 1002 1008 354 391 106 124 150 155 53 57 
New BC onsets:  0
BC status:  4901 99 
BC subtype:  4901 73 26 

clinical_engagement 
diagnosis 
demography 
56 new agents 
13 dtreferralsatt13 smreferralsatt79 
disease_progression 
H-positive risk:  787 805 123 1013 389 106 1006 355 154 58 152 52 
H-negative risk:  805 787 1006 1013 355 389 106 123 152 154 52 58 
New BC onsets:  0
BC status:  4902 98 
BC subtype:  4902 72 26 

clinical_engagement 
diagnosis 
demography 
74 new agents 
11 dtreferralsatt11 smreferralsatt80 
disease_progression 
H-positive risk:  791 807 123 1017 390 108 991 358 152 59 153 51 
H-negative risk:  807 791 991 1017 358 390 108 123 153 152 51 59 
New BC onsets:  0
BC status:  4899 101 
BC subtype:  4899 75 26 

clinical_engagement 
diagnosis 
demography 
65 new agents 
12 dtreferralsatt12 smreferralsatt81 
disease_progression 
H-positive risk:  795 813 121 1020 386 112 982 359 152 56 153 51 
H-negative risk:  813 795 982 1020 359 386 112 121 153 152 51 56 
New BC onsets:  0
BC status:  4901 99 
BC subtype:  4901 73 26 

clinical_engagement 
diagnosis 
demography 
64 new agents 
15 dtreferralsatt15 smreferralsatt82 
disease_progression 
H-positive risk:  789 815 121 1030 379 112 991 354 150 57 150 52 
H-negative risk:  815 789 991 1030 354 379 112 121 150 150 52 57 
New BC onsets:  0
BC status:  4901 99 
BC subtype:  4901 73 26 

clinical_engagement 
diagnosis 
demography 
76 new agents 
11 dtreferralsatt11 smreferralsatt83 
disease_progression 
H-positive risk:  791 817 122 1034 371 115 986 354 154 56 148 52 
H-negative risk:  817 791 986 1034 354 371 115 122 148 154 52 56 
New BC onsets:  0
BC status:  4902 98 
BC subtype:  4902 74 24 

clinical_engagement 
diagnosis 
demography 
63 new agents 
9 dtreferralsatt9 smreferralsatt84 
disease_progression 
H-positive risk:  779 816 121 1033 380 115 996 353 155 55 145 52 
H-negative risk:  816 779 996 1033 353 380 115 121 145 155 52 55 
New BC onsets:  0
BC status:  4903 97 
BC subtype:  4903 73 24 

clinical_engagement 
diagnosis 
demography 
82 new agents 
13 dtreferralsatt13 smreferralsatt85 
disease_progression 
H-positive risk:  735 773 117 1082 375 107 1041 345 164 57 150 54 
H-negative risk:  773 735 1041 1082 345 375 107 117 150 164 54 57 
New BC onsets:  0
BC status:  4904 96 
BC subtype:  4904 74 22 

clinical_engagement 
diagnosis 
demography 
104 new agents 
10 dtreferralsatt10 smreferralsatt86 
disease_progression 
H-positive risk:  735 773 114 1077 383 110 1024 359 162 57 151 55 
H-negative risk:  773 735 1024 1077 359 383 110 114 151 162 55 57 
New BC onsets:  0
BC status:  4901 99 
BC subtype:  4901 77 22 

clinical_engagement 
diagnosis 
demography 
79 new agents 
6 dtreferralsatt6 smreferralsatt87 
disease_progression 
H-positive risk:  732 775 115 1076 389 111 1009 368 166 56 148 55 
H-negative risk:  775 732 1009 1076 368 389 111 115 148 166 55 56 
New BC onsets:  0
BC status:  4899 101 
BC subtype:  4899 79 22 

clinical_engagement 
diagnosis 
demography 
59 new agents 
9 dtreferralsatt9 smreferralsatt88 
disease_progression 
H-positive risk:  734 781 117 1063 389 113 1011 370 165 56 147 54 
H-negative risk:  781 734 1011 1063 370 389 113 117 147 165 54 56 
New BC onsets:  0
BC status:  4896 104 
BC subtype:  4896 78 26 

clinical_engagement 
diagnosis 
demography 
66 new agents 
10 dtreferralsatt10 smreferralsatt89 
disease_progression 
H-positive risk:  740 786 114 1061 388 113 1011 371 165 54 144 53 
H-negative risk:  786 740 1011 1061 371 388 113 114 144 165 53 54 
New BC onsets:  0
BC status:  4899 101 
BC subtype:  4899 71 30 

clinical_engagement 
diagnosis 
demography 
83 new agents 
11 dtreferralsatt11 smreferralsatt90 
disease_progression 
H-positive risk:  743 787 111 1062 384 113 1012 365 169 54 147 53 
H-negative risk:  787 743 1012 1062 365 384 113 111 147 169 53 54 
New BC onsets:  0
BC status:  4899 101 
BC subtype:  4899 72 29 

clinical_engagement 
diagnosis 
demography 
66 new agents 
9 dtreferralsatt9 smreferralsatt91 
disease_progression 
H-positive risk:  745 792 112 1053 384 113 1013 367 169 54 145 53 
H-negative risk:  792 745 1013 1053 367 384 113 112 145 169 53 54 
New BC onsets:  0
BC status:  4903 97 
BC subtype:  4903 69 28 

clinical_engagement 
diagnosis 
demography 
59 new agents 
7 dtreferralsatt7 smreferralsatt92 
disease_progression 
H-positive risk:  741 790 112 1059 377 113 1016 375 168 55 144 50 
H-negative risk:  790 741 1016 1059 375 377 113 112 144 168 50 55 
New BC onsets:  0
BC status:  4902 98 
BC subtype:  4902 70 28 

clinical_engagement 
diagnosis 
demography 
56 new agents 
16 dtreferralsatt16 smreferralsatt93 
disease_progression 
H-positive risk:  748 787 112 1063 371 110 1013 377 171 54 143 51 
H-negative risk:  787 748 1013 1063 377 371 110 112 143 171 51 54 
New BC onsets:  0
BC status:  4901 99 
BC subtype:  4901 71 28 

clinical_engagement 
diagnosis 
demography 
69 new agents 
13 dtreferralsatt13 smreferralsatt94 
disease_progression 
H-positive risk:  750 786 111 1063 373 111 1016 373 169 56 143 49 
H-negative risk:  786 750 1016 1063 373 373 111 111 143 169 49 56 
New BC onsets:  0
BC status:  4904 96 
BC subtype:  4904 69 27 

clinical_engagement 
diagnosis 
demography 
69 new agents 
9 dtreferralsatt9 smreferralsatt95 
disease_progression 
H-positive risk:  761 786 112 1056 370 110 1021 367 170 54 142 51 
H-negative risk:  786 761 1021 1056 367 370 110 112 142 170 51 54 
New BC onsets:  0
BC status:  4906 94 
BC subtype:  4906 66 28 

clinical_engagement 
diagnosis 
demography 
86 new agents 
12 dtreferralsatt12 smreferralsatt96 
disease_progression 
H-positive risk:  758 789 118 1049 367 112 1021 370 171 54 141 50 
H-negative risk:  789 758 1021 1049 370 367 112 118 141 171 50 54 
New BC onsets:  0
BC status:  4908 92 
BC subtype:  4908 66 26 

clinical_engagement 
diagnosis 
demography 
59 new agents 
6 dtreferralsatt6 smreferralsatt97 
disease_progression 
H-positive risk:  716 736 110 1108 369 108 1051 373 172 53 153 51 
H-negative risk:  736 716 1051 1108 373 369 108 110 153 172 51 53 
New BC onsets:  0
BC status:  4909 91 
BC subtype:  4909 65 26 

clinical_engagement 
diagnosis 
demography 
99 new agents 
12 dtreferralsatt12 smreferralsatt98 
disease_progression 
H-positive risk:  721 733 113 1106 380 109 1038 371 173 52 150 54 
H-negative risk:  733 721 1038 1106 371 380 109 113 150 173 54 52 
New BC onsets:  0
BC status:  4908 92 
BC subtype:  4908 65 27 

clinical_engagement 
diagnosis 
demography 
84 new agents 
12 dtreferralsatt12 smreferralsatt99 
disease_progression 
H-positive risk:  722 729 113 1108 382 108 1029 375 171 56 150 57 
H-negative risk:  729 722 1029 1108 375 382 108 113 150 171 57 56 
New BC onsets:  0
BC status:  4908 92 
BC subtype:  4908 63 29 

clinical_engagement 
diagnosis 
demography 
71 new agents 
12 dtreferralsatt12 smreferralsatt100 
disease_progression 
H-positive risk:  721 729 108 1119 380 107 1036 361 172 56 154 57 
H-negative risk:  729 721 1036 1119 361 380 107 108 154 172 57 56 
New BC onsets:  0
BC status:  4910 90 
BC subtype:  4910 60 30 

clinical_engagement 
diagnosis 
demography 
68 new agents 
14 dtreferralsatt14 smreferralsatt101 
disease_progression 
H-positive risk:  713 733 108 1121 379 104 1048 362 166 55 154 57 
H-negative risk:  733 713 1048 1121 362 379 104 108 154 166 57 55 
New BC onsets:  0
BC status:  4908 92 
BC subtype:  4908 62 30 

clinical_engagement 
diagnosis 
demography 
60 new agents 
12 dtreferralsatt12 smreferralsatt102 
disease_progression 
H-positive risk:  707 725 110 1119 381 103 1049 373 170 53 153 57 
H-negative risk:  725 707 1049 1119 373 381 103 110 153 170 57 53 
New BC onsets:  0
BC status:  4909 91 
BC subtype:  4909 61 30 

clinical_engagement 
diagnosis 
demography 
58 new agents 
12 dtreferralsatt12 smreferralsatt103 
disease_progression 
H-positive risk:  705 723 110 1121 385 103 1045 377 167 53 154 57 
H-negative risk:  723 705 1045 1121 377 385 103 110 154 167 57 53 
New BC onsets:  0
BC status:  4906 94 
BC subtype:  4906 63 31 

clinical_engagement 
diagnosis 
demography 
82 new agents 
9 dtreferralsatt9 smreferralsatt104 
disease_progression 
H-positive risk:  704 719 110 1131 383 105 1041 384 166 51 152 54 
H-negative risk:  719 704 1041 1131 384 383 105 110 152 166 54 51 
New BC onsets:  0
BC status:  4905 95 
BC subtype:  4905 63 32 

clinical_engagement 
diagnosis 
demography 
75 new agents 
11 dtreferralsatt11 smreferralsatt105 
disease_progression 
H-positive risk:  702 722 107 1133 383 101 1046 380 169 48 155 54 
H-negative risk:  722 702 1046 1133 380 383 101 107 155 169 54 48 
New BC onsets:  0
BC status:  4906 94 
BC subtype:  4906 63 31 

clinical_engagement 
diagnosis 
demography 
70 new agents 
13 dtreferralsatt13 smreferralsatt106 
disease_progression 
H-positive risk:  706 722 108 1134 379 102 1049 374 167 49 156 54 
H-negative risk:  722 706 1049 1134 374 379 102 108 156 167 54 49 
New BC onsets:  0
BC status:  4906 94 
BC subtype:  4906 63 31 

clinical_engagement 
diagnosis 
demography 
83 new agents 
9 dtreferralsatt9 smreferralsatt107 
disease_progression 
H-positive risk:  709 723 106 1137 369 104 1044 381 168 47 156 56 
H-negative risk:  723 709 1044 1137 381 369 104 106 156 168 56 47 
New BC onsets:  0
BC status:  4901 99 
BC subtype:  4901 69 30 

clinical_engagement 
diagnosis 
demography 
72 new agents 
10 dtreferralsatt10 smreferralsatt108 
disease_progression 
H-positive risk:  712 719 105 1135 368 101 1054 378 166 44 161 57 
H-negative risk:  719 712 1054 1135 378 368 101 105 161 166 57 44 
New BC onsets:  0
BC status:  4899 101 
BC subtype:  4899 72 29 

clinical_engagement 
diagnosis 
demography 
85 new agents 
9 dtreferralsatt9 smreferralsatt109 
disease_progression 
H-positive risk:  687 662 93 1190 358 98 1091 378 171 45 171 56 
H-negative risk:  662 687 1091 1190 378 358 98 93 171 171 56 45 
New BC onsets:  0
BC status:  4896 104 
BC subtype:  4896 75 29 

clinical_engagement 
diagnosis 
demography 
93 new agents 
5 dtreferralsatt5 smreferralsatt110 
disease_progression 
H-positive risk:  689 663 91 1171 374 96 1085 388 175 43 170 55 
H-negative risk:  663 689 1085 1171 388 374 96 91 170 175 55 43 
New BC onsets:  0
BC status:  4896 104 
BC subtype:  4896 75 29 

clinical_engagement 
diagnosis 
demography 
72 new agents 
14 dtreferralsatt14 smreferralsatt111 
disease_progression 
H-positive risk:  693 667 89 1168 366 99 1083 390 173 46 169 57 
H-negative risk:  667 693 1083 1168 390 366 99 89 169 173 57 46 
New BC onsets:  0
BC status:  4900 100 
BC subtype:  4900 74 26 

clinical_engagement 
diagnosis 
demography 
74 new agents 
5 dtreferralsatt5 smreferralsatt112 
disease_progression 
H-positive risk:  693 671 89 1165 365 94 1082 389 177 46 167 62 
H-negative risk:  671 693 1082 1165 389 365 94 89 167 177 62 46 
New BC onsets:  0
BC status:  4896 104 
BC subtype:  4896 75 29 

clinical_engagement 
diagnosis 
demography 
64 new agents 
11 dtreferralsatt11 smreferralsatt113 
disease_progression 
H-positive risk:  699 672 92 1148 370 94 1088 386 178 44 165 64 
H-negative risk:  672 699 1088 1148 386 370 94 92 165 178 64 44 
New BC onsets:  0
BC status:  4898 102 
BC subtype:  4898 73 29 

clinical_engagement 
diagnosis 
demography 
69 new agents 
9 dtreferralsatt9 smreferralsatt114 
disease_progression 
H-positive risk:  696 674 86 1143 374 97 1090 386 179 44 166 65 
H-negative risk:  674 696 1090 1143 386 374 97 86 166 179 65 44 
New BC onsets:  0
BC status:  4899 101 
BC subtype:  4899 72 29 

clinical_engagement 
diagnosis 
demography 
72 new agents 
13 dtreferralsatt13 smreferralsatt115 
disease_progression 
H-positive risk:  705 673 86 1145 374 98 1085 384 177 43 168 62 
H-negative risk:  673 705 1085 1145 384 374 98 86 168 177 62 43 
New BC onsets:  0
BC status:  4905 95 
BC subtype:  4905 68 27 

clinical_engagement 
diagnosis 
demography 
67 new agents 
13 dtreferralsatt13 smreferralsatt116 
disease_progression 
H-positive risk:  709 673 86 1148 368 99 1086 382 175 43 169 62 
H-negative risk:  673 709 1086 1148 382 368 99 86 169 175 62 43 
New BC onsets:  0
BC status:  4905 95 
BC subtype:  4905 69 26 

clinical_engagement 
diagnosis 
demography 
64 new agents 
11 dtreferralsatt11 smreferralsatt117 
disease_progression 
H-positive risk:  708 674 86 1148 367 101 1090 381 175 42 168 60 
H-negative risk:  674 708 1090 1148 381 367 101 86 168 175 60 42 
New BC onsets:  0
BC status:  4904 96 
BC subtype:  4904 70 26 

clinical_engagement 
diagnosis 
demography 
57 new agents 
5 dtreferralsatt5 smreferralsatt118 
disease_progression 
H-positive risk:  709 672 86 1144 373 101 1096 374 173 42 172 58 
H-negative risk:  672 709 1096 1144 374 373 101 86 172 173 58 42 
New BC onsets:  0
BC status:  4900 100 
BC subtype:  4900 72 28 

clinical_engagement 
diagnosis 
demography 
67 new agents 
16 dtreferralsatt16 smreferralsatt119 
disease_progression 
H-positive risk:  706 660 89 1144 376 103 1109 369 174 41 170 59 
H-negative risk:  660 706 1109 1144 369 376 103 89 170 174 59 41 
New BC onsets:  0
BC status:  4899 101 
BC subtype:  4899 73 28 

clinical_engagement 
diagnosis 
demography 
77 new agents 
7 dtreferralsatt7 smreferralsatt120 
disease_progression 
H-positive risk:  702 668 89 1129 378 101 1114 373 176 42 171 57 
H-negative risk:  668 702 1114 1129 373 378 101 89 171 176 57 42 
New BC onsets:  0
BC status:  4901 99 
BC subtype:  4901 71 28 

clinical_engagement 
diagnosis 
demography 
73 new agents 
13 dtreferralsatt13 smreferralsatt121 
disease_progression 
H-positive risk:  660 634 87 1162 378 98 1153 379 177 43 172 57 
H-negative risk:  634 660 1153 1162 379 378 98 87 172 177 57 43 
New BC onsets:  0
BC status:  4898 102 
BC subtype:  4898 74 28 

clinical_engagement 
diagnosis 
demography 
89 new agents 
16 dtreferralsatt16 smreferralsatt122 
disease_progression 
H-positive risk:  650 629 89 1165 389 99 1148 386 173 45 166 61 
H-negative risk:  629 650 1148 1165 386 389 99 89 166 173 61 45 
New BC onsets:  0
BC status:  4900 100 
BC subtype:  4900 73 27 

clinical_engagement 
diagnosis 
demography 
73 new agents 
12 dtreferralsatt12 smreferralsatt123 
disease_progression 
H-positive risk:  652 623 89 1171 390 99 1142 392 167 48 164 63 
H-negative risk:  623 652 1142 1171 392 390 99 89 164 167 63 48 
New BC onsets:  0
BC status:  4902 98 
BC subtype:  4902 72 26 

clinical_engagement 
diagnosis 
demography 
81 new agents 
13 dtreferralsatt13 smreferralsatt124 
disease_progression 
H-positive risk:  660 629 88 1178 387 99 1135 385 166 48 164 61 
H-negative risk:  629 660 1135 1178 385 387 99 88 164 166 61 48 
New BC onsets:  0
BC status:  4902 98 
BC subtype:  4902 71 27 

clinical_engagement 
diagnosis 
demography 
62 new agents 
8 dtreferralsatt8 smreferralsatt125 
disease_progression 
H-positive risk:  647 635 86 1176 395 99 1136 381 168 50 165 62 
H-negative risk:  635 647 1136 1176 381 395 99 86 165 168 62 50 
New BC onsets:  0
BC status:  4895 105 
BC subtype:  4895 78 27 

clinical_engagement 
diagnosis 
demography 
78 new agents 
13 dtreferralsatt13 smreferralsatt126 
disease_progression 
H-positive risk:  647 644 88 1175 390 100 1128 384 169 51 160 64 
H-negative risk:  644 647 1128 1175 384 390 100 88 160 169 64 51 
New BC onsets:  0
BC status:  4891 109 
BC subtype:  4891 82 27 

clinical_engagement 
diagnosis 
demography 
82 new agents 
10 dtreferralsatt10 smreferralsatt127 
disease_progression 
H-positive risk:  650 651 89 1176 385 102 1125 381 167 50 161 63 
H-negative risk:  651 650 1125 1176 381 385 102 89 161 167 63 50 
New BC onsets:  0
BC status:  4890 110 
BC subtype:  4890 83 27 

clinical_engagement 
diagnosis 
demography 
61 new agents 
8 dtreferralsatt8 smreferralsatt128 
disease_progression 
H-positive risk:  649 651 90 1174 381 101 1125 383 170 50 164 62 
H-negative risk:  651 649 1125 1174 383 381 101 90 164 170 62 50 
New BC onsets:  0
BC status:  4887 113 
BC subtype:  4887 86 27 

clinical_engagement 
diagnosis 
demography 
84 new agents 
8 dtreferralsatt8 smreferralsatt129 
disease_progression 
H-positive risk:  643 655 92 1175 381 107 1130 379 169 50 161 58 
H-negative risk:  655 643 1130 1175 379 381 107 92 161 169 58 50 
New BC onsets:  0
BC status:  4891 109 
BC subtype:  4891 85 24 

clinical_engagement 
diagnosis 
demography 
62 new agents 
12 dtreferralsatt12 smreferralsatt130 
disease_progression 
H-positive risk:  645 657 91 1179 381 106 1121 382 168 49 162 59 
H-negative risk:  657 645 1121 1179 382 381 106 91 162 168 59 49 
New BC onsets:  0
BC status:  4889 111 
BC subtype:  4889 86 25 

clinical_engagement 
diagnosis 
demography 
76 new agents 
11 dtreferralsatt11 smreferralsatt131 
disease_progression 
H-positive risk:  645 654 94 1172 383 105 1120 381 172 47 167 60 
H-negative risk:  654 645 1120 1172 381 383 105 94 167 172 60 47 
New BC onsets:  0
BC status:  4890 110 
BC subtype:  4890 84 26 

clinical_engagement 
diagnosis 
demography 
74 new agents 
6 dtreferralsatt6 smreferralsatt132 
disease_progression 
H-positive risk:  646 644 94 1169 388 109 1124 385 166 49 166 60 
H-negative risk:  644 646 1124 1169 385 388 109 94 166 166 60 49 
New BC onsets:  0
BC status:  4889 111 
BC subtype:  4889 86 25 

clinical_engagement 
diagnosis 
demography 
67 new agents 
14 dtreferralsatt14 smreferralsatt133 
disease_progression 
H-positive risk:  650 640 91 1177 380 108 1130 381 165 51 164 63 
H-negative risk:  640 650 1130 1177 381 380 108 91 164 165 63 51 
New BC onsets:  0
BC status:  4891 109 
BC subtype:  4891 84 25 

clinical_engagement 
diagnosis 
demography 
86 new agents 
3 dtreferralsatt3 smreferralsatt134 
disease_progression 
H-positive risk:  648 632 88 1178 389 108 1114 396 163 52 166 66 
H-negative risk:  632 648 1114 1178 396 389 108 88 166 163 66 52 
New BC onsets:  0
BC status:  4889 111 
BC subtype:  4889 86 25 

clinical_engagement 
diagnosis 
demography 
63 new agents 
5 dtreferralsatt5 smreferralsatt135 
disease_progression 
H-positive risk:  646 631 86 1181 386 109 1120 393 160 55 165 68 
H-negative risk:  631 646 1120 1181 393 386 109 86 165 160 68 55 
New BC onsets:  0
BC status:  4890 110 
BC subtype:  4890 85 25 

clinical_engagement 
diagnosis 
demography 
70 new agents 
17 dtreferralsatt17 smreferralsatt136 
disease_progression 
H-positive risk:  651 628 84 1179 383 110 1118 400 160 57 166 64 
H-negative risk:  628 651 1118 1179 400 383 110 84 166 160 64 57 
New BC onsets:  0
BC status:  4885 115 
BC subtype:  4885 90 25 

clinical_engagement 
diagnosis 
demography 
65 new agents 
14 dtreferralsatt14 smreferralsatt137 
disease_progression 
H-positive risk:  657 619 85 1183 379 110 1118 399 163 57 166 64 
H-negative risk:  619 657 1118 1183 399 379 110 85 166 163 64 57 
New BC onsets:  0
BC status:  4887 113 
BC subtype:  4887 86 27 

clinical_engagement 
diagnosis 
demography 
76 new agents 
11 dtreferralsatt11 smreferralsatt138 
disease_progression 
H-positive risk:  663 619 87 1181 378 112 1118 392 162 56 168 64 
H-negative risk:  619 663 1118 1181 392 378 112 87 168 162 64 56 
New BC onsets:  0
BC status:  4888 112 
BC subtype:  4888 85 27 

clinical_engagement 
diagnosis 
demography 
69 new agents 
13 dtreferralsatt13 smreferralsatt139 
disease_progression 
H-positive risk:  669 627 86 1178 376 111 1103 400 161 57 170 62 
H-negative risk:  627 669 1103 1178 400 376 111 86 170 161 62 57 
New BC onsets:  0
BC status:  4889 111 
BC subtype:  4889 84 27 

clinical_engagement 
diagnosis 
demography 
57 new agents 
17 dtreferralsatt17 smreferralsatt140 
disease_progression 
H-positive risk:  674 629 89 1159 383 110 1109 397 158 57 172 63 
H-negative risk:  629 674 1109 1159 397 383 110 89 172 158 63 57 
New BC onsets:  0
BC status:  4889 111 
BC subtype:  4889 85 26 

clinical_engagement 
diagnosis 
demography 
68 new agents 
6 dtreferralsatt6 smreferralsatt141 
disease_progression 
H-positive risk:  670 628 89 1161 378 110 1117 397 160 54 173 63 
H-negative risk:  628 670 1117 1161 397 378 110 89 173 160 63 54 
New BC onsets:  0
BC status:  4887 113 
BC subtype:  4887 87 26 

clinical_engagement 
diagnosis 
demography 
80 new agents 
18 dtreferralsatt18 smreferralsatt142 
disease_progression 
H-positive risk:  675 628 88 1164 379 110 1111 396 160 56 175 58 
H-negative risk:  628 675 1111 1164 396 379 110 88 175 160 58 56 
New BC onsets:  0
BC status:  4887 113 
BC subtype:  4887 85 28 

clinical_engagement 
diagnosis 
demography 
61 new agents 
8 dtreferralsatt8 smreferralsatt143 
disease_progression 
H-positive risk:  668 624 87 1167 369 107 1121 399 164 58 178 58 
H-negative risk:  624 668 1121 1167 399 369 107 87 178 164 58 58 
New BC onsets:  0
BC status:  4888 112 
BC subtype:  4888 84 28 

clinical_engagement 
diagnosis 
demography 
66 new agents 
13 dtreferralsatt13 smreferralsatt144 
disease_progression 
H-positive risk:  668 630 84 1172 361 107 1123 391 168 58 179 59 
H-negative risk:  630 668 1123 1172 391 361 107 84 179 168 59 58 
New BC onsets:  0
BC status:  4886 114 
BC subtype:  4886 84 30 

clinical_engagement 
diagnosis 
demography 
75 new agents 
15 dtreferralsatt15 smreferralsatt145 
disease_progression 
H-positive risk:  670 636 85 1164 363 105 1122 393 170 57 178 57 
H-negative risk:  636 670 1122 1164 393 363 105 85 178 170 57 57 
New BC onsets:  0
BC status:  4888 112 
BC subtype:  4888 82 30 

clinical_engagement 
diagnosis 
demography 
60 new agents 
7 dtreferralsatt7 smreferralsatt146 
disease_progression 
H-positive risk:  659 636 88 1151 377 103 1117 409 166 61 177 56 
H-negative risk:  636 659 1117 1151 409 377 103 88 177 166 56 61 
New BC onsets:  0
BC status:  4890 110 
BC subtype:  4890 81 29 

clinical_engagement 
diagnosis 
demography 
65 new agents 
10 dtreferralsatt10 smreferralsatt147 
disease_progression 
H-positive risk:  664 635 92 1142 385 103 1121 401 162 62 178 55 
H-negative risk:  635 664 1121 1142 401 385 103 92 178 162 55 62 
New BC onsets:  0
BC status:  4890 110 
BC subtype:  4890 80 30 

clinical_engagement 
diagnosis 
demography 
88 new agents 
12 dtreferralsatt12 smreferralsatt148 
disease_progression 
H-positive risk:  664 632 93 1146 380 105 1119 401 161 62 179 58 
H-negative risk:  632 664 1119 1146 401 380 105 93 179 161 58 62 
New BC onsets:  0
BC status:  4891 109 
BC subtype:  4891 80 29 

clinical_engagement 
diagnosis 
demography 
60 new agents 
5 dtreferralsatt5 smreferralsatt149 
disease_progression 
H-positive risk:  660 625 96 1151 378 103 1123 403 164 61 180 56 
H-negative risk:  625 660 1123 1151 403 378 103 96 180 164 56 61 
New BC onsets:  0
BC status:  4889 111 
BC subtype:  4889 82 29 

clinical_engagement 
diagnosis 
demography 
93 new agents 
14 dtreferralsatt14 smreferralsatt150 
disease_progression 
H-positive risk:  674 616 94 1149 385 104 1117 395 164 63 184 55 
H-negative risk:  616 674 1117 1149 395 385 104 94 184 164 55 63 
New BC onsets:  0
BC status:  4889 111 
BC subtype:  4889 82 29 

clinical_engagement 
diagnosis 
demography 
73 new agents 
8 dtreferralsatt8 smreferralsatt151 
disease_progression 
H-positive risk:  675 609 95 1151 387 103 1125 393 162 65 182 53 
H-negative risk:  609 675 1125 1151 393 387 103 95 182 162 53 65 
New BC onsets:  0
BC status:  4891 109 
BC subtype:  4891 80 29 

clinical_engagement 
diagnosis 
demography 
76 new agents 
10 dtreferralsatt10 smreferralsatt152 
disease_progression 
H-positive risk:  666 614 95 1150 388 104 1126 390 166 65 184 52 
H-negative risk:  614 666 1126 1150 390 388 104 95 184 166 52 65 
New BC onsets:  0
BC status:  4890 110 
BC subtype:  4890 81 29 

clinical_engagement 
diagnosis 
demography 
63 new agents 
11 dtreferralsatt11 smreferralsatt153 
disease_progression 
H-positive risk:  670 618 95 1151 388 101 1127 379 172 64 183 52 
H-negative risk:  618 670 1127 1151 379 388 101 95 183 172 52 64 
New BC onsets:  0
BC status:  4889 111 
BC subtype:  4889 82 29 

clinical_engagement 
diagnosis 
demography 
62 new agents 
13 dtreferralsatt13 smreferralsatt154 
disease_progression 
H-positive risk:  663 614 92 1151 388 101 1135 383 172 64 186 51 
H-negative risk:  614 663 1135 1151 383 388 101 92 186 172 51 64 
New BC onsets:  0
BC status:  4885 115 
BC subtype:  4885 86 29 

clinical_engagement 
diagnosis 
demography 
94 new agents 
9 dtreferralsatt9 smreferralsatt155 
disease_progression 
H-positive risk:  666 612 92 1149 396 100 1141 376 170 66 181 51 
H-negative risk:  612 666 1141 1149 376 396 100 92 181 170 51 66 
New BC onsets:  0
BC status:  4886 114 
BC subtype:  4886 85 29 

clinical_engagement 
diagnosis 
demography 
79 new agents 
10 dtreferralsatt10 smreferralsatt156 
disease_progression 
H-positive risk:  669 614 93 1146 393 102 1146 373 169 66 177 52 
H-negative risk:  614 669 1146 1146 373 393 102 93 177 169 52 66 
New BC onsets:  0
BC status:  4891 109 
BC subtype:  4891 83 26 

clinical_engagement 
diagnosis 
demography 
88 new agents 
11 dtreferralsatt11 smreferralsatt157 
disease_progression 
H-positive risk:  679 616 92 1145 386 102 1148 368 169 65 180 50 
H-negative risk:  616 679 1148 1145 368 386 102 92 180 169 50 65 
New BC onsets:  0
BC status:  4889 111 
BC subtype:  4889 86 25 

clinical_engagement 
diagnosis 
demography 
83 new agents 
13 dtreferralsatt13 smreferralsatt158 
disease_progression 
H-positive risk:  673 611 92 1131 398 103 1143 383 165 68 178 55 
H-negative risk:  611 673 1143 1131 383 398 103 92 178 165 55 68 
New BC onsets:  0
BC status:  4888 112 
BC subtype:  4888 87 25 

clinical_engagement 
diagnosis 
demography 
93 new agents 
13 dtreferralsatt13 smreferralsatt159 
disease_progression 
H-positive risk:  685 620 91 1128 406 104 1133 372 162 65 177 57 
H-negative risk:  620 685 1133 1128 372 406 104 91 177 162 57 65 
New BC onsets:  0
BC status:  4887 113 
BC subtype:  4887 87 26 

clinical_engagement 
diagnosis 
demography 
85 new agents 
6 dtreferralsatt6 smreferralsatt160 
disease_progression 
H-positive risk:  681 618 89 1132 408 105 1134 374 160 65 178 56 
H-negative risk:  618 681 1134 1132 374 408 105 89 178 160 56 65 
New BC onsets:  0
BC status:  4889 111 
BC subtype:  4889 85 26 

clinical_engagement 
diagnosis 
demography 
68 new agents 
10 dtreferralsatt10 smreferralsatt161 
disease_progression 
H-positive risk:  681 625 86 1130 407 106 1131 373 159 67 178 57 
H-negative risk:  625 681 1131 1130 373 407 106 86 178 159 57 67 
New BC onsets:  0
BC status:  4891 109 
BC subtype:  4891 84 25 

clinical_engagement 
diagnosis 
demography 
80 new agents 
9 dtreferralsatt9 smreferralsatt162 
disease_progression 
H-positive risk:  676 620 87 1135 397 107 1130 387 158 68 177 58 
H-negative risk:  620 676 1130 1135 387 397 107 87 177 158 58 68 
New BC onsets:  0
BC status:  4890 110 
BC subtype:  4890 84 26 

clinical_engagement 
diagnosis 
demography 
71 new agents 
12 dtreferralsatt12 smreferralsatt163 
disease_progression 
H-positive risk:  687 625 90 1131 397 105 1133 376 156 69 176 55 
H-negative risk:  625 687 1133 1131 376 397 105 90 176 156 55 69 
New BC onsets:  0
BC status:  4890 110 
BC subtype:  4890 83 27 

clinical_engagement 
diagnosis 
demography 
64 new agents 
13 dtreferralsatt13 smreferralsatt164 
disease_progression 
H-positive risk:  681 623 90 1133 400 103 1138 374 155 70 176 57 
H-negative risk:  623 681 1138 1133 374 400 103 90 176 155 57 70 
New BC onsets:  0
BC status:  4888 112 
BC subtype:  4888 84 28 

clinical_engagement 
diagnosis 
demography 
72 new agents 
7 dtreferralsatt7 smreferralsatt165 
disease_progression 
H-positive risk:  688 626 90 1127 402 104 1135 368 157 71 177 55 
H-negative risk:  626 688 1135 1127 368 402 104 90 177 157 55 71 
New BC onsets:  0
BC status:  4891 109 
BC subtype:  4891 81 28 

clinical_engagement 
diagnosis 
demography 
69 new agents 
15 dtreferralsatt15 smreferralsatt166 
disease_progression 
H-positive risk:  681 626 92 1126 405 103 1146 361 155 73 177 55 
H-negative risk:  626 681 1146 1126 361 405 103 92 177 155 55 73 
New BC onsets:  0
BC status:  4890 110 
BC subtype:  4890 83 27 

clinical_engagement 
diagnosis 
demography 
79 new agents 
7 dtreferralsatt7 smreferralsatt167 
disease_progression 
H-positive risk:  688 631 89 1116 405 104 1153 352 154 72 181 55 
H-negative risk:  631 688 1153 1116 352 405 104 89 181 154 55 72 
New BC onsets:  0
BC status:  4891 109 
BC subtype:  4891 82 27 

clinical_engagement 
diagnosis 
demography 
85 new agents 
14 dtreferralsatt14 smreferralsatt168 
disease_progression 
H-positive risk:  696 632 90 1126 393 106 1143 358 150 68 185 53 
H-negative risk:  632 696 1143 1126 358 393 106 90 185 150 53 68 
New BC onsets:  0
BC status:  4887 113 
BC subtype:  4887 84 29 

clinical_engagement 
diagnosis 
demography 
69 new agents 
19 dtreferralsatt19 smreferralsatt169 
disease_progression 
H-positive risk:  691 627 91 1119 397 110 1150 361 148 71 184 51 
H-negative risk:  627 691 1150 1119 361 397 110 91 184 148 51 71 
New BC onsets:  0
BC status:  4885 115 
BC subtype:  4885 86 29 

clinical_engagement 
diagnosis 
demography 
92 new agents 
7 dtreferralsatt7 smreferralsatt170 
disease_progression 
H-positive risk:  689 623 88 1128 390 111 1140 370 152 70 187 52 
H-negative risk:  623 689 1140 1128 370 390 111 88 187 152 52 70 
New BC onsets:  0
BC status:  4882 118 
BC subtype:  4882 88 30 

clinical_engagement 
diagnosis 
demography 
81 new agents 
16 dtreferralsatt16 smreferralsatt171 
disease_progression 
H-positive risk:  692 636 91 1123 384 108 1144 371 149 67 186 49 
H-negative risk:  636 692 1144 1123 371 384 108 91 186 149 49 67 
New BC onsets:  0
BC status:  4883 117 
BC subtype:  4883 89 28 

clinical_engagement 
diagnosis 
demography 
87 new agents 
8 dtreferralsatt8 smreferralsatt172 
disease_progression 
H-positive risk:  683 635 88 1115 384 110 1154 376 152 66 189 48 
H-negative risk:  635 683 1154 1115 376 384 110 88 189 152 48 66 
New BC onsets:  0
BC status:  4890 110 
BC subtype:  4890 83 27 

clinical_engagement 
diagnosis 
demography 
71 new agents 
5 dtreferralsatt5 smreferralsatt173 
disease_progression 
H-positive risk:  683 642 90 1103 386 108 1147 385 152 67 189 48 
H-negative risk:  642 683 1147 1103 385 386 108 90 189 152 48 67 
New BC onsets:  0
BC status:  4891 109 
BC subtype:  4891 82 27 

clinical_engagement 
diagnosis 
demography 
69 new agents 
7 dtreferralsatt7 smreferralsatt174 
disease_progression 
H-positive risk:  682 642 92 1092 390 107 1153 384 147 71 192 48 
H-negative risk:  642 682 1153 1092 384 390 107 92 192 147 48 71 
New BC onsets:  0
BC status:  4892 108 
BC subtype:  4892 81 27 

clinical_engagement 
diagnosis 
demography 
72 new agents 
15 dtreferralsatt15 smreferralsatt175 
disease_progression 
H-positive risk:  678 642 96 1091 397 106 1146 388 143 74 190 49 
H-negative risk:  642 678 1146 1091 388 397 106 96 190 143 49 74 
New BC onsets:  0
BC status:  4892 108 
BC subtype:  4892 81 27 

clinical_engagement 
diagnosis 
demography 
80 new agents 
10 dtreferralsatt10 smreferralsatt176 
disease_progression 
H-positive risk:  682 643 95 1092 394 104 1142 393 146 72 185 52 
H-negative risk:  643 682 1142 1092 393 394 104 95 185 146 52 72 
New BC onsets:  0
BC status:  4895 105 
BC subtype:  4895 78 27 

clinical_engagement 
diagnosis 
demography 
70 new agents 
7 dtreferralsatt7 smreferralsatt177 
disease_progression 
H-positive risk:  673 647 95 1096 396 108 1135 398 147 72 185 48 
H-negative risk:  647 673 1135 1096 398 396 108 95 185 147 48 72 
New BC onsets:  0
BC status:  4896 104 
BC subtype:  4896 77 27 

clinical_engagement 
diagnosis 
demography 
84 new agents 
10 dtreferralsatt10 smreferralsatt178 
disease_progression 
H-positive risk:  672 650 96 1095 399 108 1135 395 145 71 186 48 
H-negative risk:  650 672 1135 1095 395 399 108 96 186 145 48 71 
New BC onsets:  0
BC status:  4895 105 
BC subtype:  4895 77 28 

clinical_engagement 
diagnosis 
demography 
71 new agents 
9 dtreferralsatt9 smreferralsatt179 
disease_progression 
H-positive risk:  672 652 99 1081 405 109 1142 387 147 71 187 48 
H-negative risk:  652 672 1142 1081 387 405 109 99 187 147 48 71 
New BC onsets:  0
BC status:  4894 106 
BC subtype:  4894 78 28 

clinical_engagement 
diagnosis 
demography 
74 new agents 
12 dtreferralsatt12 smreferralsatt180 
disease_progression 
H-positive risk:  680 650 100 1073 401 110 1138 395 147 72 185 49 
H-negative risk:  650 680 1138 1073 395 401 110 100 185 147 49 72 
New BC onsets:  0
BC status:  4897 103 
BC subtype:  4897 75 28 

clinical_engagement 
diagnosis 
demography 
88 new agents 
9 dtreferralsatt9 smreferralsatt181 
disease_progression 
H-positive risk:  672 658 100 1071 406 108 1125 407 147 72 183 51 
H-negative risk:  658 672 1125 1071 407 406 108 100 183 147 51 72 
New BC onsets:  0
BC status:  4898 102 
BC subtype:  4898 74 28 

clinical_engagement 
diagnosis 
demography 
80 new agents 
8 dtreferralsatt8 smreferralsatt182 
disease_progression 
H-positive risk:  664 658 101 1066 415 108 1125 407 147 75 178 56 
H-negative risk:  658 664 1125 1066 407 415 108 101 178 147 56 75 
New BC onsets:  0
BC status:  4897 103 
BC subtype:  4897 76 27 

clinical_engagement 
diagnosis 
demography 
78 new agents 
13 dtreferralsatt13 smreferralsatt183 
disease_progression 
H-positive risk:  666 662 101 1063 407 109 1131 408 149 74 176 54 
H-negative risk:  662 666 1131 1063 408 407 109 101 176 149 54 74 
New BC onsets:  0
BC status:  4888 112 
BC subtype:  4888 85 27 

clinical_engagement 
diagnosis 
demography 
71 new agents 
13 dtreferralsatt13 smreferralsatt184 
disease_progression 
H-positive risk:  670 663 101 1061 403 107 1135 404 149 75 176 56 
H-negative risk:  663 670 1135 1061 404 403 107 101 176 149 56 75 
New BC onsets:  0
BC status:  4889 111 
BC subtype:  4889 85 26 

clinical_engagement 
diagnosis 
demography 
70 new agents 
6 dtreferralsatt6 smreferralsatt185 
disease_progression 
H-positive risk:  667 662 101 1063 401 107 1132 413 149 73 177 55 
H-negative risk:  662 667 1132 1063 413 401 107 101 177 149 55 73 
New BC onsets:  0
BC status:  4888 112 
BC subtype:  4888 86 26 

clinical_engagement 
diagnosis 
demography 
81 new agents 
10 dtreferralsatt10 smreferralsatt186 
disease_progression 
H-positive risk:  682 660 99 1071 396 106 1125 411 149 71 178 52 
H-negative risk:  660 682 1125 1071 411 396 106 99 178 149 52 71 
New BC onsets:  0
BC status:  4892 108 
BC subtype:  4892 86 22 

clinical_engagement 
diagnosis 
demography 
72 new agents 
10 dtreferralsatt10 smreferralsatt187 
disease_progression 
H-positive risk:  681 662 97 1074 397 107 1119 415 149 70 179 50 
H-negative risk:  662 681 1119 1074 415 397 107 97 179 149 50 70 
New BC onsets:  0
BC status:  4893 107 
BC subtype:  4893 85 22 

clinical_engagement 
diagnosis 
demography 
79 new agents 
6 dtreferralsatt6 smreferralsatt188 
disease_progression 
H-positive risk:  684 666 97 1071 382 106 1134 414 149 68 178 51 
H-negative risk:  666 684 1134 1071 414 382 106 97 178 149 51 68 
New BC onsets:  0
BC status:  4887 113 
BC subtype:  4887 89 24 

clinical_engagement 
diagnosis 
demography 
66 new agents 
16 dtreferralsatt16 smreferralsatt189 
disease_progression 
H-positive risk:  681 670 98 1071 385 103 1135 412 148 69 174 54 
H-negative risk:  670 681 1135 1071 412 385 103 98 174 148 54 69 
New BC onsets:  0
BC status:  4890 110 
BC subtype:  4890 87 23 

clinical_engagement 
diagnosis 
demography 
70 new agents 
10 dtreferralsatt10 smreferralsatt190 
disease_progression 
H-positive risk:  684 666 99 1080 385 101 1129 411 150 67 174 54 
H-negative risk:  666 684 1129 1080 411 385 101 99 174 150 54 67 
New BC onsets:  0
BC status:  4889 111 
BC subtype:  4889 86 25 

clinical_engagement 
diagnosis 
demography 
80 new agents 
12 dtreferralsatt12 smreferralsatt191 
disease_progression 
H-positive risk:  692 667 97 1082 378 105 1125 404 149 68 178 55 
H-negative risk:  667 692 1125 1082 404 378 105 97 178 149 55 68 
New BC onsets:  0
BC status:  4887 113 
BC subtype:  4887 87 26 

clinical_engagement 
diagnosis 
demography 
75 new agents 
11 dtreferralsatt11 smreferralsatt192 
disease_progression 
H-positive risk:  693 662 96 1091 377 105 1125 404 148 67 175 57 
H-negative risk:  662 693 1125 1091 404 377 105 96 175 148 57 67 
New BC onsets:  0
BC status:  4886 114 
BC subtype:  4886 86 28 

clinical_engagement 
diagnosis 
demography 
57 new agents 
13 dtreferralsatt13 smreferralsatt193 
disease_progression 
H-positive risk:  691 657 94 1087 388 106 1133 396 147 67 176 58 
H-negative risk:  657 691 1133 1087 396 388 106 94 176 147 58 67 
New BC onsets:  0
BC status:  4885 115 
BC subtype:  4885 87 28 

clinical_engagement 
diagnosis 
demography 
90 new agents 
8 dtreferralsatt8 smreferralsatt194 
disease_progression 
H-positive risk:  696 648 93 1090 390 101 1131 396 151 65 179 60 
H-negative risk:  648 696 1131 1090 396 390 101 93 179 151 60 65 
New BC onsets:  0
BC status:  4886 114 
BC subtype:  4886 85 29 

clinical_engagement 
diagnosis 
demography 
69 new agents 
12 dtreferralsatt12 smreferralsatt195 
disease_progression 
H-positive risk:  690 646 92 1097 387 101 1134 400 149 68 177 59 
H-negative risk:  646 690 1134 1097 400 387 101 92 177 149 59 68 
New BC onsets:  0
BC status:  4887 113 
BC subtype:  4887 86 27 

clinical_engagement 
diagnosis 
demography 
86 new agents 
6 dtreferralsatt6 smreferralsatt196 
disease_progression 
H-positive risk:  694 648 91 1100 382 98 1138 392 151 69 177 60 
H-negative risk:  648 694 1138 1100 392 382 98 91 177 151 60 69 
New BC onsets:  0
BC status:  4886 114 
BC subtype:  4886 87 27 

clinical_engagement 
diagnosis 
demography 
78 new agents 
17 dtreferralsatt17 smreferralsatt197 
disease_progression 
H-positive risk:  704 648 90 1096 370 98 1148 388 149 73 173 63 
H-negative risk:  648 704 1148 1096 388 370 98 90 173 149 63 73 
New BC onsets:  0
BC status:  4884 116 
BC subtype:  4884 85 31 

clinical_engagement 
diagnosis 
demography 
72 new agents 
13 dtreferralsatt13 smreferralsatt198 
disease_progression 
H-positive risk:  702 647 88 1095 374 101 1152 387 147 71 174 62 
H-negative risk:  647 702 1152 1095 387 374 101 88 174 147 62 71 
New BC onsets:  0
BC status:  4887 113 
BC subtype:  4887 82 31 

clinical_engagement 
diagnosis 
demography 
84 new agents 
12 dtreferralsatt12 smreferralsatt199 
disease_progression 
H-positive risk:  694 651 90 1103 375 100 1159 378 146 69 173 62 
H-negative risk:  651 694 1159 1103 378 375 100 90 173 146 62 69 
New BC onsets:  0
BC status:  4888 112 
BC subtype:  4888 82 30 

clinical_engagement 
diagnosis 
demography 
77 new agents 
7 dtreferralsatt7 smreferralsatt200 
disease_progression 
H-positive risk:  693 650 94 1102 378 98 1157 380 143 69 173 63 
H-negative risk:  650 693 1157 1102 380 378 98 94 173 143 63 69 
New BC onsets:  0
BC status:  4888 112 
BC subtype:  4888 84 28 

clinical_engagement 
diagnosis 
demography 
76 new agents 
14 dtreferralsatt14 smreferralsatt201 
disease_progression 
H-positive risk:  695 653 96 1101 381 98 1150 378 143 69 175 61 
H-negative risk:  653 695 1150 1101 378 381 98 96 175 143 61 69 
New BC onsets:  0
BC status:  4888 112 
BC subtype:  4888 84 28 

clinical_engagement 
diagnosis 
demography 
79 new agents 
8 dtreferralsatt8 smreferralsatt202 
disease_progression 
H-positive risk:  696 656 97 1094 380 100 1154 376 144 68 173 62 
H-negative risk:  656 696 1154 1094 376 380 100 97 173 144 62 68 
New BC onsets:  0
BC status:  4887 113 
BC subtype:  4887 85 28 

clinical_engagement 
diagnosis 
demography 
73 new agents 
15 dtreferralsatt15 smreferralsatt203 
disease_progression 
H-positive risk:  692 654 96 1095 384 104 1161 371 146 65 167 65 
H-negative risk:  654 692 1161 1095 371 384 104 96 167 146 65 65 
New BC onsets:  0
BC status:  4885 115 
BC subtype:  4885 87 28 

clinical_engagement 
diagnosis 
demography 
70 new agents 
10 dtreferralsatt10 smreferralsatt204 
disease_progression 
H-positive risk:  695 651 95 1088 382 102 1164 376 148 67 167 65 
H-negative risk:  651 695 1164 1088 376 382 102 95 167 148 65 67 
New BC onsets:  0
BC status:  4890 110 
BC subtype:  4890 84 26 

clinical_engagement 
diagnosis 
demography 
79 new agents 
11 dtreferralsatt11 smreferralsatt205 
disease_progression 
H-positive risk:  698 636 95 1092 387 103 1163 376 148 69 168 65 
H-negative risk:  636 698 1163 1092 376 387 103 95 168 148 65 69 
New BC onsets:  0
BC status:  4890 110 
BC subtype:  4890 83 27 

clinical_engagement 
diagnosis 
demography 
83 new agents 
11 dtreferralsatt11 smreferralsatt206 
disease_progression 
H-positive risk:  697 625 97 1090 391 102 1150 392 152 67 169 68 
H-negative risk:  625 697 1150 1090 392 391 102 97 169 152 68 67 
New BC onsets:  0
BC status:  4888 112 
BC subtype:  4888 83 29 

clinical_engagement 
diagnosis 
demography 
62 new agents 
4 dtreferralsatt4 smreferralsatt207 
disease_progression 
H-positive risk:  692 625 97 1087 397 102 1151 393 152 69 166 69 
H-negative risk:  625 692 1151 1087 393 397 102 97 166 152 69 69 
New BC onsets:  0
BC status:  4889 111 
BC subtype:  4889 82 29 

clinical_engagement 
diagnosis 
demography 
60 new agents 
11 dtreferralsatt11 smreferralsatt208 
disease_progression 
H-positive risk:  689 628 97 1080 401 102 1157 392 151 69 166 68 
H-negative risk:  628 689 1157 1080 392 401 102 97 166 151 68 69 
New BC onsets:  0
BC status:  4891 109 
BC subtype:  4891 79 30 

clinical_engagement 
diagnosis 
demography 
90 new agents 
11 dtreferralsatt11 smreferralsatt209 
disease_progression 
H-positive risk:  699 633 98 1082 397 101 1148 389 152 69 163 69 
H-negative risk:  633 699 1148 1082 389 397 101 98 163 152 69 69 
New BC onsets:  0
BC status:  4890 110 
BC subtype:  4890 79 31 

clinical_engagement 
diagnosis 
demography 
67 new agents 
13 dtreferralsatt13 smreferralsatt210 
disease_progression 
H-positive risk:  690 628 98 1088 401 100 1148 394 151 70 163 69 
H-negative risk:  628 690 1148 1088 394 401 100 98 163 151 69 70 
New BC onsets:  0
BC status:  4889 111 
BC subtype:  4889 80 31 

clinical_engagement 
diagnosis 
demography 
65 new agents 
9 dtreferralsatt9 smreferralsatt211 
disease_progression 
H-positive risk:  683 627 97 1090 397 101 1149 400 150 70 162 74 
H-negative risk:  627 683 1149 1090 400 397 101 97 162 150 74 70 
New BC onsets:  0
BC status:  4891 109 
BC subtype:  4891 80 29 

clinical_engagement 
diagnosis 
demography 
78 new agents 
10 dtreferralsatt10 smreferralsatt212 
disease_progression 
H-positive risk:  690 618 95 1088 400 102 1156 395 151 68 163 74 
H-negative risk:  618 690 1156 1088 395 400 102 95 163 151 74 68 
New BC onsets:  0
BC status:  4892 108 
BC subtype:  4892 79 29 

clinical_engagement 
diagnosis 
demography 
82 new agents 
7 dtreferralsatt7 smreferralsatt213 
disease_progression 
H-positive risk:  687 623 94 1080 396 100 1153 403 154 71 163 76 
H-negative risk:  623 687 1153 1080 403 396 100 94 163 154 76 71 
New BC onsets:  0
BC status:  4893 107 
BC subtype:  4893 78 29 

clinical_engagement 
diagnosis 
demography 
69 new agents 
14 dtreferralsatt14 smreferralsatt214 
disease_progression 
H-positive risk:  691 628 95 1064 401 98 1162 397 154 73 161 76 
H-negative risk:  628 691 1162 1064 397 401 98 95 161 154 76 73 
New BC onsets:  0
BC status:  4896 104 
BC subtype:  4896 76 28 

clinical_engagement 
diagnosis 
demography 
60 new agents 
6 dtreferralsatt6 smreferralsatt215 
disease_progression 
H-positive risk:  686 636 96 1059 400 96 1171 396 156 70 162 72 
H-negative risk:  636 686 1171 1059 396 400 96 96 162 156 72 70 
New BC onsets:  0
BC status:  4902 98 
BC subtype:  4902 72 26 

clinical_engagement 
diagnosis 
demography 
70 new agents 
13 dtreferralsatt13 smreferralsatt216 
disease_progression 
H-positive risk:  686 635 93 1066 393 99 1166 401 155 70 166 70 
H-negative risk:  635 686 1166 1066 401 393 99 93 166 155 70 70 
New BC onsets:  0
BC status:  4901 99 
BC subtype:  4901 74 25 

clinical_engagement 
diagnosis 
demography 
79 new agents 
8 dtreferralsatt8 smreferralsatt217 
disease_progression 
H-positive risk:  694 638 95 1053 405 97 1157 401 153 71 166 70 
H-negative risk:  638 694 1157 1053 401 405 97 95 166 153 70 71 
New BC onsets:  0
BC status:  4905 95 
BC subtype:  4905 70 25 

clinical_engagement 
diagnosis 
demography 
84 new agents 
7 dtreferralsatt7 smreferralsatt218 
disease_progression 
H-positive risk:  694 630 96 1063 404 98 1155 402 153 69 166 70 
H-negative risk:  630 694 1155 1063 402 404 98 96 166 153 70 69 
New BC onsets:  0
BC status:  4904 96 
BC subtype:  4904 69 27 

clinical_engagement 
diagnosis 
demography 
78 new agents 
14 dtreferralsatt14 smreferralsatt219 
disease_progression 
H-positive risk:  691 628 92 1068 403 98 1150 410 153 71 166 70 
H-negative risk:  628 691 1150 1068 410 403 98 92 166 153 70 71 
New BC onsets:  0
BC status:  4901 99 
BC subtype:  4901 72 27 

clinical_engagement 
diagnosis 
demography 
71 new agents 
10 dtreferralsatt10 smreferralsatt220 
disease_progression 
H-positive risk:  684 630 96 1063 408 96 1152 415 148 75 164 69 
H-negative risk:  630 684 1152 1063 415 408 96 96 164 148 69 75 
New BC onsets:  0
BC status:  4904 96 
BC subtype:  4904 72 24 

clinical_engagement 
diagnosis 
demography 
79 new agents 
15 dtreferralsatt15 smreferralsatt221 
disease_progression 
H-positive risk:  687 632 98 1062 416 96 1144 414 147 71 162 71 
H-negative risk:  632 687 1144 1062 414 416 96 98 162 147 71 71 
New BC onsets:  0
BC status:  4902 98 
BC subtype:  4902 75 23 

clinical_engagement 
diagnosis 
demography 
78 new agents 
8 dtreferralsatt8 smreferralsatt222 
disease_progression 
H-positive risk:  692 629 97 1062 424 95 1138 412 151 72 160 68 
H-negative risk:  629 692 1138 1062 412 424 95 97 160 151 68 72 
New BC onsets:  0
BC status:  4900 100 
BC subtype:  4900 75 25 

clinical_engagement 
diagnosis 
demography 
72 new agents 
12 dtreferralsatt12 smreferralsatt223 
disease_progression 
H-positive risk:  683 633 98 1057 429 94 1139 415 153 71 160 68 
H-negative risk:  633 683 1139 1057 415 429 94 98 160 153 68 71 
New BC onsets:  0
BC status:  4897 103 
BC subtype:  4897 77 26 

clinical_engagement 
diagnosis 
demography 
100 new agents 
6 dtreferralsatt6 smreferralsatt224 
disease_progression 
H-positive risk:  682 641 95 1044 431 97 1150 415 152 70 157 66 
H-negative risk:  641 682 1150 1044 415 431 97 95 157 152 66 70 
New BC onsets:  0
BC status:  4893 107 
BC subtype:  4893 81 26 

clinical_engagement 
diagnosis 
demography 
80 new agents 
8 dtreferralsatt8 smreferralsatt225 
disease_progression 
H-positive risk:  685 636 89 1041 431 98 1153 416 154 66 163 68 
H-negative risk:  636 685 1153 1041 416 431 98 89 163 154 68 66 
New BC onsets:  0
BC status:  4897 103 
BC subtype:  4897 79 24 

clinical_engagement 
diagnosis 
demography 
68 new agents 
17 dtreferralsatt17 smreferralsatt226 
disease_progression 
H-positive risk:  686 637 88 1035 434 99 1143 420 155 67 166 70 
H-negative risk:  637 686 1143 1035 420 434 99 88 166 155 70 67 
New BC onsets:  0
BC status:  4897 103 
BC subtype:  4897 76 27 

clinical_engagement 
diagnosis 
demography 
78 new agents 
13 dtreferralsatt13 smreferralsatt227 
disease_progression 
H-positive risk:  692 645 88 1037 420 98 1139 420 160 65 168 68 
H-negative risk:  645 692 1139 1037 420 420 98 88 168 160 68 65 
New BC onsets:  0
BC status:  4894 106 
BC subtype:  4894 79 27 

clinical_engagement 
diagnosis 
demography 
81 new agents 
10 dtreferralsatt10 smreferralsatt228 
disease_progression 
H-positive risk:  692 652 89 1042 415 96 1136 419 164 63 166 66 
H-negative risk:  652 692 1136 1042 419 415 96 89 166 164 66 63 
New BC onsets:  0
BC status:  4896 104 
BC subtype:  4896 78 26 

clinical_engagement 
diagnosis 
demography 
73 new agents 
8 dtreferralsatt8 smreferralsatt229 
disease_progression 
H-positive risk:  693 660 91 1024 427 96 1112 438 162 65 165 67 
H-negative risk:  660 693 1112 1024 438 427 96 91 165 162 67 65 
New BC onsets:  0
BC status:  4896 104 
BC subtype:  4896 78 26 

clinical_engagement 
diagnosis 
demography 
84 new agents 
5 dtreferralsatt5 smreferralsatt230 
disease_progression 
H-positive risk:  695 660 92 1015 430 93 1110 443 163 65 169 65 
H-negative risk:  660 695 1110 1015 443 430 93 92 169 163 65 65 
New BC onsets:  0
BC status:  4897 103 
BC subtype:  4897 75 28 

clinical_engagement 
diagnosis 
demography 
71 new agents 
14 dtreferralsatt14 smreferralsatt231 
disease_progression 
H-positive risk:  696 656 91 1019 430 90 1113 440 166 64 168 67 
H-negative risk:  656 696 1113 1019 440 430 90 91 168 166 67 64 
New BC onsets:  0
BC status:  4898 102 
BC subtype:  4898 74 28 

clinical_engagement 
diagnosis 
demography 
72 new agents 
15 dtreferralsatt15 smreferralsatt232 
disease_progression 
H-positive risk:  705 659 90 1012 429 91 1112 436 163 65 167 71 
H-negative risk:  659 705 1112 1012 436 429 91 90 167 163 71 65 
New BC onsets:  0
BC status:  4896 104 
BC subtype:  4896 75 29 

clinical_engagement 
diagnosis 
demography 
83 new agents 
5 dtreferralsatt5 smreferralsatt233 
disease_progression 
H-positive risk:  697 658 91 1016 428 90 1124 423 167 65 167 74 
H-negative risk:  658 697 1124 1016 423 428 90 91 167 167 74 65 
New BC onsets:  0
BC status:  4897 103 
BC subtype:  4897 74 29 

clinical_engagement 
diagnosis 
demography 
89 new agents 
12 dtreferralsatt12 smreferralsatt234 
disease_progression 
H-positive risk:  695 663 89 1013 431 89 1119 429 166 63 168 75 
H-negative risk:  663 695 1119 1013 429 431 89 89 168 166 75 63 
New BC onsets:  0
BC status:  4898 102 
BC subtype:  4898 75 27 

clinical_engagement 
diagnosis 
demography 
83 new agents 
15 dtreferralsatt15 smreferralsatt235 
disease_progression 
H-positive risk:  695 656 88 1023 433 90 1116 432 164 60 168 75 
H-negative risk:  656 695 1116 1023 432 433 90 88 168 164 75 60 
New BC onsets:  0
BC status:  4896 104 
BC subtype:  4896 75 29 

clinical_engagement 
diagnosis 
demography 
83 new agents 
12 dtreferralsatt12 smreferralsatt236 
disease_progression 
H-positive risk:  688 649 93 1031 430 89 1110 439 169 60 167 75 
H-negative risk:  649 688 1110 1031 439 430 89 93 167 169 75 60 
New BC onsets:  0
BC status:  4899 101 
BC subtype:  4899 72 29 

clinical_engagement 
diagnosis 
demography 
78 new agents 
10 dtreferralsatt10 smreferralsatt237 
disease_progression 
H-positive risk:  692 652 92 1040 422 88 1111 432 169 59 166 77 
H-negative risk:  652 692 1111 1040 432 422 88 92 166 169 77 59 
New BC onsets:  0
BC status:  4901 99 
BC subtype:  4901 71 28 

clinical_engagement 
diagnosis 
demography 
90 new agents 
13 dtreferralsatt13 smreferralsatt238 
disease_progression 
H-positive risk:  693 652 90 1041 426 89 1106 430 167 63 170 73 
H-negative risk:  652 693 1106 1041 430 426 89 90 170 167 73 63 
New BC onsets:  0
BC status:  4900 100 
BC subtype:  4900 71 29 

clinical_engagement 
diagnosis 
demography 
75 new agents 
11 dtreferralsatt11 smreferralsatt239 
disease_progression 
H-positive risk:  692 650 89 1045 428 89 1106 430 165 63 169 74 
H-negative risk:  650 692 1106 1045 430 428 89 89 169 165 74 63 
New BC onsets:  0
BC status:  4899 101 
BC subtype:  4899 69 32 

clinical_engagement 
diagnosis 
demography 
61 new agents 
7 dtreferralsatt7 smreferralsatt240 
disease_progression 
H-positive risk:  690 651 88 1053 430 85 1105 427 164 65 165 77 
H-negative risk:  651 690 1105 1053 427 430 85 88 165 164 77 65 
New BC onsets:  0
BC status:  4901 99 
BC subtype:  4901 67 32 

clinical_engagement 
diagnosis 
demography 
85 new agents 
7 dtreferralsatt7 smreferralsatt241 
disease_progression 
H-positive risk:  696 650 89 1050 433 87 1096 428 165 65 163 78 
H-negative risk:  650 696 1096 1050 428 433 87 89 163 165 78 65 
New BC onsets:  0
BC status:  4905 95 
BC subtype:  4905 63 32 

clinical_engagement 
diagnosis 
demography 
83 new agents 
8 dtreferralsatt8 smreferralsatt242 
disease_progression 
H-positive risk:  694 647 92 1051 426 87 1102 427 168 66 163 77 
H-negative risk:  647 694 1102 1051 427 426 87 92 163 168 77 66 
New BC onsets:  0
BC status:  4899 101 
BC subtype:  4899 69 32 

clinical_engagement 
diagnosis 
demography 
74 new agents 
10 dtreferralsatt10 smreferralsatt243 
disease_progression 
H-positive risk:  701 650 93 1035 438 87 1096 431 166 65 163 75 
H-negative risk:  650 701 1096 1035 431 438 87 93 163 166 75 65 
New BC onsets:  0
BC status:  4898 102 
BC subtype:  4898 69 33 

clinical_engagement 
diagnosis 
demography 
80 new agents 
8 dtreferralsatt8 smreferralsatt244 
disease_progression 
H-positive risk:  710 647 92 1041 434 90 1089 426 166 65 167 73 
H-negative risk:  647 710 1089 1041 426 434 90 92 167 166 73 65 
New BC onsets:  0
BC status:  4896 104 
BC subtype:  4896 69 35 

clinical_engagement 
diagnosis 
demography 
89 new agents 
8 dtreferralsatt8 smreferralsatt245 
disease_progression 
H-positive risk:  717 652 89 1039 432 91 1096 420 162 66 166 70 
H-negative risk:  652 717 1096 1039 420 432 91 89 166 162 70 66 
New BC onsets:  0
BC status:  4892 108 
BC subtype:  4892 73 35 

clinical_engagement 
diagnosis 
demography 
77 new agents 
6 dtreferralsatt6 smreferralsatt246 
disease_progression 
H-positive risk:  713 658 88 1033 432 94 1101 421 160 67 163 70 
H-negative risk:  658 713 1101 1033 421 432 94 88 163 160 70 67 
New BC onsets:  0
BC status:  4889 111 
BC subtype:  4889 77 34 

clinical_engagement 
diagnosis 
demography 
86 new agents 
4 dtreferralsatt4 smreferralsatt247 
disease_progression 
H-positive risk:  720 659 87 1041 433 97 1090 417 157 68 164 67 
H-negative risk:  659 720 1090 1041 417 433 97 87 164 157 67 68 
New BC onsets:  0
BC status:  4886 114 
BC subtype:  4886 79 35 

clinical_engagement 
diagnosis 
demography 
75 new agents 
15 dtreferralsatt15 smreferralsatt248 
disease_progression 
H-positive risk:  723 656 90 1031 437 97 1090 418 158 69 163 68 
H-negative risk:  656 723 1090 1031 418 437 97 90 163 158 68 69 
New BC onsets:  0
BC status:  4884 116 
BC subtype:  4884 81 35 

clinical_engagement 
diagnosis 
demography 
71 new agents 
7 dtreferralsatt7 smreferralsatt249 
disease_progression 
H-positive risk:  719 659 93 1034 440 93 1094 414 159 68 159 68 
H-negative risk:  659 719 1094 1034 414 440 93 93 159 159 68 68 
New BC onsets:  0
BC status:  4879 121 
BC subtype:  4879 86 35 

clinical_engagement 
diagnosis 
demography 
71 new agents 
13 dtreferralsatt13 smreferralsatt250 
disease_progression 
H-positive risk:  719 666 94 1026 440 92 1087 424 155 69 160 68 
H-negative risk:  666 719 1087 1026 424 440 92 94 160 155 68 69 
New BC onsets:  0
BC status:  4880 120 
BC subtype:  4880 87 33 

clinical_engagement 
diagnosis 
demography 
75 new agents 
17 dtreferralsatt17 smreferralsatt251 
disease_progression 
H-positive risk:  719 667 90 1024 439 93 1099 417 156 66 160 70 
H-negative risk:  667 719 1099 1024 417 439 93 90 160 156 70 66 
New BC onsets:  0
BC status:  4882 118 
BC subtype:  4882 85 33 

clinical_engagement 
diagnosis 
demography 
82 new agents 
12 dtreferralsatt12 smreferralsatt252 
disease_progression 
H-positive risk:  708 661 91 1031 441 95 1110 420 151 66 158 68 
H-negative risk:  661 708 1110 1031 420 441 95 91 158 151 68 66 
New BC onsets:  0
BC status:  4881 119 
BC subtype:  4881 87 32 

clinical_engagement 
diagnosis 
demography 
76 new agents 
5 dtreferralsatt5 smreferralsatt253 
disease_progression 
H-positive risk:  700 667 92 1031 442 95 1113 415 152 68 158 67 
H-negative risk:  667 700 1113 1031 415 442 95 92 158 152 67 68 
New BC onsets:  0
BC status:  4881 119 
BC subtype:  4881 87 32 

clinical_engagement 
diagnosis 
demography 
88 new agents 
8 dtreferralsatt8 smreferralsatt254 
disease_progression 
H-positive risk:  695 670 91 1031 445 95 1118 412 150 68 159 66 
H-negative risk:  670 695 1118 1031 412 445 95 91 159 150 66 68 
New BC onsets:  0
BC status:  4879 121 
BC subtype:  4879 89 32 

clinical_engagement 
diagnosis 
demography 
78 new agents 
11 dtreferralsatt11 smreferralsatt255 
disease_progression 
H-positive risk:  703 671 91 1013 451 96 1123 410 147 70 156 69 
H-negative risk:  671 703 1123 1013 410 451 96 91 156 147 69 70 
New BC onsets:  0
BC status:  4880 120 
BC subtype:  4880 89 31 

clinical_engagement 
diagnosis 
demography 
68 new agents 
7 dtreferralsatt7 smreferralsatt256 
disease_progression 
H-positive risk:  706 667 96 1013 451 97 1121 412 145 70 152 70 
H-negative risk:  667 706 1121 1013 412 451 97 96 152 145 70 70 
New BC onsets:  0
BC status:  4883 117 
BC subtype:  4883 87 30 

clinical_engagement 
diagnosis 
demography 
88 new agents 
9 dtreferralsatt9 smreferralsatt257 
disease_progression 
H-positive risk:  718 664 93 1010 460 98 1121 406 143 69 152 66 
H-negative risk:  664 718 1121 1010 406 460 98 93 152 143 66 69 
New BC onsets:  0
BC status:  4886 114 
BC subtype:  4886 85 29 

clinical_engagement 
diagnosis 
demography 
81 new agents 
7 dtreferralsatt7 smreferralsatt258 
disease_progression 
H-positive risk:  722 655 95 1016 456 100 1124 403 144 67 152 66 
H-negative risk:  655 722 1124 1016 403 456 100 95 152 144 66 67 
New BC onsets:  0
BC status:  4887 113 
BC subtype:  4887 83 30 

clinical_engagement 
diagnosis 
demography 
64 new agents 
7 dtreferralsatt7 smreferralsatt259 
disease_progression 
H-positive risk:  720 650 93 1012 461 102 1128 406 136 74 152 66 
H-negative risk:  650 720 1128 1012 406 461 102 93 152 136 66 74 
New BC onsets:  0
BC status:  4887 113 
BC subtype:  4887 83 30 

clinical_engagement 
diagnosis 
demography 
73 new agents 
6 dtreferralsatt6 smreferralsatt260 
disease_progression 
H-positive risk:  723 655 94 1003 460 105 1131 400 138 73 150 68 
H-negative risk:  655 723 1131 1003 400 460 105 94 150 138 68 73 
New BC onsets:  0
BC status:  4887 113 
BC subtype:  4887 82 31 

clinical_engagement 
diagnosis 
demography 
66 new agents 
12 dtreferralsatt12 smreferralsatt261 
disease_progression 
H-positive risk:  720 648 94 996 460 104 1137 408 141 73 150 69 
H-negative risk:  648 720 1137 996 408 460 104 94 150 141 69 73 
New BC onsets:  0
BC status:  4884 116 
BC subtype:  4884 85 31 

clinical_engagement 
diagnosis 
demography 
71 new agents 
11 dtreferralsatt11 smreferralsatt262 
disease_progression 
H-positive risk:  719 650 94 994 458 105 1145 406 137 74 146 72 
H-negative risk:  650 719 1145 994 406 458 105 94 146 137 72 74 
New BC onsets:  0
BC status:  4883 117 
BC subtype:  4883 85 32 

clinical_engagement 
diagnosis 
demography 
84 new agents 
10 dtreferralsatt10 smreferralsatt263 
disease_progression 
H-positive risk:  717 649 99 994 449 106 1155 401 139 75 144 72 
H-negative risk:  649 717 1155 994 401 449 106 99 144 139 72 75 
New BC onsets:  0
BC status:  4887 113 
BC subtype:  4887 84 29 

clinical_engagement 
diagnosis 
demography 
84 new agents 
11 dtreferralsatt11 smreferralsatt264 
disease_progression 
H-positive risk:  716 652 101 993 449 105 1155 399 145 73 143 69 
H-negative risk:  652 716 1155 993 399 449 105 101 143 145 69 73 
New BC onsets:  0
BC status:  4889 111 
BC subtype:  4889 83 28 

clinical_engagement 
diagnosis 
demography 
85 new agents 
15 dtreferralsatt15 smreferralsatt265 
disease_progression 
H-positive risk:  720 656 105 983 449 105 1154 400 145 74 142 67 
H-negative risk:  656 720 1154 983 400 449 105 105 142 145 67 74 
New BC onsets:  0
BC status:  4889 111 
BC subtype:  4889 84 27 

clinical_engagement 
diagnosis 
demography 
73 new agents 
14 dtreferralsatt14 smreferralsatt266 
disease_progression 
H-positive risk:  721 658 102 978 451 107 1143 405 150 71 145 69 
H-negative risk:  658 721 1143 978 405 451 107 102 145 150 69 71 
New BC onsets:  0
BC status:  4891 109 
BC subtype:  4891 82 27 

clinical_engagement 
diagnosis 
demography 
84 new agents 
9 dtreferralsatt9 smreferralsatt267 
disease_progression 
H-positive risk:  725 654 103 986 446 105 1139 412 154 68 141 67 
H-negative risk:  654 725 1139 986 412 446 105 103 141 154 67 68 
New BC onsets:  0
BC status:  4895 105 
BC subtype:  4895 79 26 

clinical_engagement 
diagnosis 
demography 
73 new agents 
10 dtreferralsatt10 smreferralsatt268 
disease_progression 
H-positive risk:  725 654 102 986 446 108 1141 410 151 70 139 68 
H-negative risk:  654 725 1141 986 410 446 108 102 139 151 68 70 
New BC onsets:  0
BC status:  4895 105 
BC subtype:  4895 78 27 

clinical_engagement 
diagnosis 
demography 
60 new agents 
9 dtreferralsatt9 smreferralsatt269 
disease_progression 
H-positive risk:  720 653 99 982 458 108 1141 411 150 71 137 70 
H-negative risk:  653 720 1141 982 411 458 108 99 137 150 70 71 
New BC onsets:  0
BC status:  4897 103 
BC subtype:  4897 77 26 

clinical_engagement 
diagnosis 
demography 
83 new agents 
12 dtreferralsatt12 smreferralsatt270 
disease_progression 
H-positive risk:  721 649 99 986 457 110 1137 417 150 70 132 72 
H-negative risk:  649 721 1137 986 417 457 110 99 132 150 72 70 
New BC onsets:  0
BC status:  4901 99 
BC subtype:  4901 71 28 

clinical_engagement 
diagnosis 
demography 
65 new agents 
12 dtreferralsatt12 smreferralsatt271 
disease_progression 
H-positive risk:  724 645 96 979 456 110 1145 417 156 70 133 69 
H-negative risk:  645 724 1145 979 417 456 110 96 133 156 69 70 
New BC onsets:  0
BC status:  4902 98 
BC subtype:  4902 70 28 

clinical_engagement 
diagnosis 
demography 
78 new agents 
13 dtreferralsatt13 smreferralsatt272 
disease_progression 
H-positive risk:  720 639 98 983 455 108 1145 420 157 70 135 70 
H-negative risk:  639 720 1145 983 420 455 108 98 135 157 70 70 
New BC onsets:  0
BC status:  4903 97 
BC subtype:  4903 69 28 

clinical_engagement 
diagnosis 
demography 
88 new agents 
9 dtreferralsatt9 smreferralsatt273 
disease_progression 
H-positive risk:  725 642 99 991 446 108 1138 418 157 70 135 71 
H-negative risk:  642 725 1138 991 418 446 108 99 135 157 71 70 
New BC onsets:  0
BC status:  4904 96 
BC subtype:  4904 68 28 

clinical_engagement 
diagnosis 
demography 
71 new agents 
11 dtreferralsatt11 smreferralsatt274 
disease_progression 
H-positive risk:  725 635 101 1007 439 105 1137 417 160 70 134 70 
H-negative risk:  635 725 1137 1007 417 439 105 101 134 160 70 70 
New BC onsets:  0
BC status:  4905 95 
BC subtype:  4905 68 27 

clinical_engagement 
diagnosis 
demography 
69 new agents 
10 dtreferralsatt10 smreferralsatt275 
disease_progression 
H-positive risk:  719 638 99 1007 430 105 1139 422 162 68 138 73 
H-negative risk:  638 719 1139 1007 422 430 105 99 138 162 73 68 
New BC onsets:  0
BC status:  4904 96 
BC subtype:  4904 68 28 

clinical_engagement 
diagnosis 
demography 
69 new agents 
11 dtreferralsatt11 smreferralsatt276 
disease_progression 
H-positive risk:  717 635 99 1009 432 108 1142 417 163 66 138 74 
H-negative risk:  635 717 1142 1009 417 432 108 99 138 163 74 66 
New BC onsets:  0
BC status:  4900 100 
BC subtype:  4900 70 30 

clinical_engagement 
diagnosis 
demography 
66 new agents 
9 dtreferralsatt9 smreferralsatt277 
disease_progression 
H-positive risk:  717 634 97 1010 431 107 1139 424 165 63 137 76 
H-negative risk:  634 717 1139 1010 424 431 107 97 137 165 76 63 
New BC onsets:  0
BC status:  4903 97 
BC subtype:  4903 67 30 

clinical_engagement 
diagnosis 
demography 
88 new agents 
10 dtreferralsatt10 smreferralsatt278 
disease_progression 
H-positive risk:  720 638 98 1005 423 109 1144 421 167 64 135 76 
H-negative risk:  638 720 1144 1005 421 423 109 98 135 167 76 64 
New BC onsets:  0
BC status:  4900 100 
BC subtype:  4900 69 31 

clinical_engagement 
diagnosis 
demography 
75 new agents 
13 dtreferralsatt13 smreferralsatt279 
disease_progression 
H-positive risk:  722 643 96 995 429 108 1149 421 166 63 135 73 
H-negative risk:  643 722 1149 995 421 429 108 96 135 166 73 63 
New BC onsets:  0
BC status:  4897 103 
BC subtype:  4897 71 32 

clinical_engagement 
diagnosis 
demography 
77 new agents 
14 dtreferralsatt14 smreferralsatt280 
disease_progression 
H-positive risk:  722 647 93 996 428 109 1153 413 167 61 136 75 
H-negative risk:  647 722 1153 996 413 428 109 93 136 167 75 61 
New BC onsets:  0
BC status:  4901 99 
BC subtype:  4901 68 31 

clinical_engagement 
diagnosis 
demography 
85 new agents 
14 dtreferralsatt14 smreferralsatt281 
disease_progression 
H-positive risk:  721 643 94 997 435 111 1153 405 172 58 135 76 
H-negative risk:  643 721 1153 997 405 435 111 94 135 172 76 58 
New BC onsets:  0
BC status:  4902 98 
BC subtype:  4902 68 30 

clinical_engagement 
diagnosis 
demography 
75 new agents 
10 dtreferralsatt10 smreferralsatt282 
disease_progression 
H-positive risk:  723 640 93 1004 436 112 1154 394 173 60 137 74 
H-negative risk:  640 723 1154 1004 394 436 112 93 137 173 74 60 
New BC onsets:  0
BC status:  4903 97 
BC subtype:  4903 69 28 

clinical_engagement 
diagnosis 
demography 
86 new agents 
9 dtreferralsatt9 smreferralsatt283 
disease_progression 
H-positive risk:  720 640 96 1012 434 114 1144 398 174 60 136 72 
H-negative risk:  640 720 1144 1012 398 434 114 96 136 174 72 60 
New BC onsets:  0
BC status:  4907 93 
BC subtype:  4907 66 27 

clinical_engagement 
diagnosis 
demography 
93 new agents 
12 dtreferralsatt12 smreferralsatt284 
disease_progression 
H-positive risk:  724 653 93 1012 438 112 1137 393 175 57 135 71 
H-negative risk:  653 724 1137 1012 393 438 112 93 135 175 71 57 
New BC onsets:  0
BC status:  4906 94 
BC subtype:  4906 68 26 

clinical_engagement 
diagnosis 
demography 
79 new agents 
9 dtreferralsatt9 smreferralsatt285 
disease_progression 
H-positive risk:  731 647 92 1011 439 115 1141 391 167 60 136 70 
H-negative risk:  647 731 1141 1011 391 439 115 92 136 167 70 60 
New BC onsets:  0
BC status:  4907 93 
BC subtype:  4907 68 25 

clinical_engagement 
diagnosis 
demography 
81 new agents 
6 dtreferralsatt6 smreferralsatt286 
disease_progression 
H-positive risk:  729 652 91 1019 430 116 1137 393 166 61 137 69 
H-negative risk:  652 729 1137 1019 393 430 116 91 137 166 69 61 
New BC onsets:  0
BC status:  4910 90 
BC subtype:  4910 63 27 

clinical_engagement 
diagnosis 
demography 
66 new agents 
9 dtreferralsatt9 smreferralsatt287 
disease_progression 
H-positive risk:  722 653 93 1022 430 115 1138 394 167 60 136 70 
H-negative risk:  653 722 1138 1022 394 430 115 93 136 167 70 60 
New BC onsets:  0
BC status:  4909 91 
BC subtype:  4909 64 27 

clinical_engagement 
diagnosis 
demography 
83 new agents 
17 dtreferralsatt17 smreferralsatt288 
disease_progression 
H-positive risk:  719 666 93 1018 428 116 1138 391 164 58 139 70 
H-negative risk:  666 719 1138 1018 391 428 116 93 139 164 70 58 
New BC onsets:  0
BC status:  4908 92 
BC subtype:  4908 65 27 

clinical_engagement 
diagnosis 
demography 
78 new agents 
10 dtreferralsatt10 smreferralsatt289 
disease_progression 
H-positive risk:  731 666 89 1027 420 117 1132 387 163 60 142 66 
H-negative risk:  666 731 1132 1027 387 420 117 89 142 163 66 60 
New BC onsets:  0
BC status:  4910 90 
BC subtype:  4910 64 26 

clinical_engagement 
diagnosis 
demography 
85 new agents 
14 dtreferralsatt14 smreferralsatt290 
disease_progression 
H-positive risk:  729 664 87 1031 422 115 1125 395 168 61 141 62 
H-negative risk:  664 729 1125 1031 395 422 115 87 141 168 62 61 
New BC onsets:  0
BC status:  4910 90 
BC subtype:  4910 64 26 

clinical_engagement 
diagnosis 
demography 
79 new agents 
7 dtreferralsatt7 smreferralsatt291 
disease_progression 
H-positive risk:  731 673 87 1031 429 115 1115 389 164 64 142 60 
H-negative risk:  673 731 1115 1031 389 429 115 87 142 164 60 64 
New BC onsets:  0
BC status:  4912 88 
BC subtype:  4912 64 24 

clinical_engagement 
diagnosis 
demography 
84 new agents 
4 dtreferralsatt4 smreferralsatt292 
disease_progression 
H-positive risk:  722 680 86 1032 427 120 1122 385 161 61 142 62 
H-negative risk:  680 722 1122 1032 385 427 120 86 142 161 62 61 
New BC onsets:  0
BC status:  4913 87 
BC subtype:  4913 63 24 

clinical_engagement 
diagnosis 
demography 
76 new agents 
7 dtreferralsatt7 smreferralsatt293 
disease_progression 
H-positive risk:  718 678 86 1028 424 121 1138 383 162 60 137 65 
H-negative risk:  678 718 1138 1028 383 424 121 86 137 162 65 60 
New BC onsets:  0
BC status:  4910 90 
BC subtype:  4910 66 24 

clinical_engagement 
diagnosis 
demography 
88 new agents 
8 dtreferralsatt8 smreferralsatt294 
disease_progression 
H-positive risk:  715 683 82 1023 416 119 1149 387 162 61 139 64 
H-negative risk:  683 715 1149 1023 387 416 119 82 139 162 64 61 
New BC onsets:  0
BC status:  4909 91 
BC subtype:  4909 67 24 

clinical_engagement 
diagnosis 
demography 
72 new agents 
8 dtreferralsatt8 smreferralsatt295 
disease_progression 
H-positive risk:  720 684 85 1014 411 120 1148 392 162 62 139 63 
H-negative risk:  684 720 1148 1014 392 411 120 85 139 162 63 62 
New BC onsets:  0
BC status:  4911 89 
BC subtype:  4911 66 23 

clinical_engagement 
diagnosis 
demography 
79 new agents 
8 dtreferralsatt8 smreferralsatt296 
disease_progression 
H-positive risk:  717 681 83 1018 416 117 1144 396 162 64 143 59 
H-negative risk:  681 717 1144 1018 396 416 117 83 143 162 59 64 
New BC onsets:  0
BC status:  4910 90 
BC subtype:  4910 65 25 

clinical_engagement 
diagnosis 
demography 
76 new agents 
7 dtreferralsatt7 smreferralsatt297 
disease_progression 
H-positive risk:  721 687 84 1016 413 116 1136 403 160 63 144 57 
H-negative risk:  687 721 1136 1016 403 413 116 84 144 160 57 63 
New BC onsets:  0
BC status:  4912 88 
BC subtype:  4912 64 24 

clinical_engagement 
diagnosis 
demography 
97 new agents 
8 dtreferralsatt8 smreferralsatt298 
disease_progression 
H-positive risk:  721 694 80 1025 411 116 1128 403 160 60 146 56 
H-negative risk:  694 721 1128 1025 403 411 116 80 146 160 56 60 
New BC onsets:  0
BC status:  4915 85 
BC subtype:  4915 64 21 

clinical_engagement 
diagnosis 
demography 
80 new agents 
17 dtreferralsatt17 smreferralsatt299 
disease_progression 
H-positive risk:  722 685 81 1040 412 115 1124 399 159 60 148 55 
H-negative risk:  685 722 1124 1040 399 412 115 81 148 159 55 60 
New BC onsets:  0
BC status:  4918 82 
BC subtype:  4918 62 20 

clinical_engagement 
diagnosis 
demography 
80 new agents 
13 dtreferralsatt13 smreferralsatt300 
disease_progression 
H-positive risk:  719 692 81 1038 410 112 1133 397 162 58 143 55 
H-negative risk:  692 719 1133 1038 397 410 112 81 143 162 55 58 
New BC onsets:  0
BC status:  4915 85 
BC subtype:  4915 64 21 

clinical_engagement 
diagnosis 
demography 
64 new agents 
13 dtreferralsatt13 smreferralsattTime difference of 17.4247 mins
This is task 4
date
